[2023-06-01T10:27:55.535+0000] {taskinstance.py:1083} INFO - Dependencies all met for <TaskInstance: hello_world_dag.hello_task scheduled__2023-05-13T10:28:00+00:00 [queued]>
[2023-06-01T10:27:55.543+0000] {taskinstance.py:1083} INFO - Dependencies all met for <TaskInstance: hello_world_dag.hello_task scheduled__2023-05-13T10:28:00+00:00 [queued]>
[2023-06-01T10:27:55.543+0000] {taskinstance.py:1279} INFO - 
--------------------------------------------------------------------------------
[2023-06-01T10:27:55.543+0000] {taskinstance.py:1280} INFO - Starting attempt 1 of 1
[2023-06-01T10:27:55.543+0000] {taskinstance.py:1281} INFO - 
--------------------------------------------------------------------------------
[2023-06-01T10:27:55.555+0000] {taskinstance.py:1300} INFO - Executing <Task(PythonOperator): hello_task> on 2023-05-13 10:28:00+00:00
[2023-06-01T10:27:55.563+0000] {standard_task_runner.py:55} INFO - Started process 9122 to run task
[2023-06-01T10:27:55.566+0000] {standard_task_runner.py:82} INFO - Running: ['***', 'tasks', 'run', 'hello_world_dag', 'hello_task', 'scheduled__2023-05-13T10:28:00+00:00', '--job-id', '71', '--raw', '--subdir', 'DAGS_FOLDER/hello_world_dag.py', '--cfg-path', '/tmp/tmpek5p48b5']
[2023-06-01T10:27:55.566+0000] {standard_task_runner.py:83} INFO - Job 71: Subtask hello_task
[2023-06-01T10:27:55.670+0000] {task_command.py:388} INFO - Running <TaskInstance: hello_world_dag.hello_task scheduled__2023-05-13T10:28:00+00:00 [running]> on host 9c598fb2a1ba
[2023-06-01T10:27:55.739+0000] {taskinstance.py:1509} INFO - Exporting the following env vars:
AIRFLOW_CTX_DAG_OWNER=***
AIRFLOW_CTX_DAG_ID=hello_world_dag
AIRFLOW_CTX_TASK_ID=hello_task
AIRFLOW_CTX_EXECUTION_DATE=2023-05-13T10:28:00+00:00
AIRFLOW_CTX_TRY_NUMBER=1
AIRFLOW_CTX_DAG_RUN_ID=scheduled__2023-05-13T10:28:00+00:00
[2023-06-01T10:27:55.740+0000] {logging_mixin.py:137} INFO - #############################################
[2023-06-01T10:27:55.740+0000] {logging_mixin.py:137} INFO -   Hello, World!
[2023-06-01T10:27:55.740+0000] {logging_mixin.py:137} INFO - 23-06-01 12:27:55
[2023-06-01T10:27:55.740+0000] {logging_mixin.py:137} INFO - #############################################
[2023-06-01T10:27:55.740+0000] {python.py:177} INFO - Done. Returned value was: None
[2023-06-01T10:27:55.750+0000] {taskinstance.py:1323} INFO - Marking task as SUCCESS. dag_id=hello_world_dag, task_id=hello_task, execution_date=20230513T102800, start_date=20230601T102755, end_date=20230601T102755
[2023-06-01T10:27:55.791+0000] {local_task_job.py:208} INFO - Task exited with return code 0
[2023-06-01T10:27:55.812+0000] {taskinstance.py:2578} INFO - 0 downstream tasks scheduled from follow-on schedule check
