[2023-06-01T12:47:37.624+0000] {processor.py:153} INFO - Started process (PID=3808) to work on /opt/airflow/dags/process_employee.py
[2023-06-01T12:47:37.625+0000] {processor.py:743} INFO - Processing file /opt/airflow/dags/process_employee.py for tasks to queue
[2023-06-01T12:47:37.625+0000] {logging_mixin.py:137} INFO - [2023-06-01T12:47:37.625+0000] {dagbag.py:538} INFO - Filling up the DagBag from /opt/airflow/dags/process_employee.py
[2023-06-01T12:47:37.692+0000] {processor.py:753} INFO - DAG(s) dict_keys(['process-employees']) retrieved from /opt/airflow/dags/process_employee.py
[2023-06-01T12:47:37.784+0000] {logging_mixin.py:137} INFO - [2023-06-01T12:47:37.784+0000] {manager.py:504} INFO - Created Permission View: can read on DAG:process-employees
[2023-06-01T12:47:37.792+0000] {logging_mixin.py:137} INFO - [2023-06-01T12:47:37.792+0000] {manager.py:504} INFO - Created Permission View: can edit on DAG:process-employees
[2023-06-01T12:47:37.798+0000] {logging_mixin.py:137} INFO - [2023-06-01T12:47:37.798+0000] {manager.py:504} INFO - Created Permission View: can delete on DAG:process-employees
[2023-06-01T12:47:37.798+0000] {logging_mixin.py:137} INFO - [2023-06-01T12:47:37.798+0000] {dag.py:2690} INFO - Sync 1 DAGs
[2023-06-01T12:47:37.809+0000] {logging_mixin.py:137} INFO - [2023-06-01T12:47:37.809+0000] {dag.py:2711} INFO - Creating ORM DAG for process-employees
[2023-06-01T12:47:37.819+0000] {logging_mixin.py:137} INFO - [2023-06-01T12:47:37.819+0000] {dag.py:3441} INFO - Setting next_dagrun for process-employees to 2023-05-31T00:00:00+00:00, run_after=2023-06-01T00:00:00+00:00
[2023-06-01T12:47:37.832+0000] {processor.py:175} INFO - Processing /opt/airflow/dags/process_employee.py took 0.210 seconds
[2023-06-01T12:48:07.981+0000] {processor.py:153} INFO - Started process (PID=3885) to work on /opt/airflow/dags/process_employee.py
[2023-06-01T12:48:07.982+0000] {processor.py:743} INFO - Processing file /opt/airflow/dags/process_employee.py for tasks to queue
[2023-06-01T12:48:07.982+0000] {logging_mixin.py:137} INFO - [2023-06-01T12:48:07.982+0000] {dagbag.py:538} INFO - Filling up the DagBag from /opt/airflow/dags/process_employee.py
[2023-06-01T12:48:08.018+0000] {processor.py:753} INFO - DAG(s) dict_keys(['process-employees']) retrieved from /opt/airflow/dags/process_employee.py
[2023-06-01T12:48:08.037+0000] {logging_mixin.py:137} INFO - [2023-06-01T12:48:08.037+0000] {dag.py:2690} INFO - Sync 1 DAGs
[2023-06-01T12:48:08.058+0000] {logging_mixin.py:137} INFO - [2023-06-01T12:48:08.058+0000] {dag.py:3441} INFO - Setting next_dagrun for process-employees to 2023-05-31T00:00:00+00:00, run_after=2023-06-01T00:00:00+00:00
[2023-06-01T12:48:08.072+0000] {processor.py:175} INFO - Processing /opt/airflow/dags/process_employee.py took 0.093 seconds
[2023-06-01T12:48:38.425+0000] {processor.py:153} INFO - Started process (PID=3938) to work on /opt/airflow/dags/process_employee.py
[2023-06-01T12:48:38.426+0000] {processor.py:743} INFO - Processing file /opt/airflow/dags/process_employee.py for tasks to queue
[2023-06-01T12:48:38.426+0000] {logging_mixin.py:137} INFO - [2023-06-01T12:48:38.426+0000] {dagbag.py:538} INFO - Filling up the DagBag from /opt/airflow/dags/process_employee.py
[2023-06-01T12:48:38.461+0000] {processor.py:753} INFO - DAG(s) dict_keys(['process-employees']) retrieved from /opt/airflow/dags/process_employee.py
[2023-06-01T12:48:38.481+0000] {logging_mixin.py:137} INFO - [2023-06-01T12:48:38.481+0000] {dag.py:2690} INFO - Sync 1 DAGs
[2023-06-01T12:48:38.503+0000] {logging_mixin.py:137} INFO - [2023-06-01T12:48:38.503+0000] {dag.py:3441} INFO - Setting next_dagrun for process-employees to 2023-05-31T00:00:00+00:00, run_after=2023-06-01T00:00:00+00:00
[2023-06-01T12:48:38.517+0000] {processor.py:175} INFO - Processing /opt/airflow/dags/process_employee.py took 0.095 seconds
[2023-06-01T12:49:08.654+0000] {processor.py:153} INFO - Started process (PID=4015) to work on /opt/airflow/dags/process_employee.py
[2023-06-01T12:49:08.655+0000] {processor.py:743} INFO - Processing file /opt/airflow/dags/process_employee.py for tasks to queue
[2023-06-01T12:49:08.655+0000] {logging_mixin.py:137} INFO - [2023-06-01T12:49:08.655+0000] {dagbag.py:538} INFO - Filling up the DagBag from /opt/airflow/dags/process_employee.py
[2023-06-01T12:49:08.692+0000] {processor.py:753} INFO - DAG(s) dict_keys(['process-employees']) retrieved from /opt/airflow/dags/process_employee.py
[2023-06-01T12:49:08.712+0000] {logging_mixin.py:137} INFO - [2023-06-01T12:49:08.712+0000] {dag.py:2690} INFO - Sync 1 DAGs
[2023-06-01T12:49:08.736+0000] {logging_mixin.py:137} INFO - [2023-06-01T12:49:08.736+0000] {dag.py:3441} INFO - Setting next_dagrun for process-employees to 2023-05-31T00:00:00+00:00, run_after=2023-06-01T00:00:00+00:00
[2023-06-01T12:49:08.750+0000] {processor.py:175} INFO - Processing /opt/airflow/dags/process_employee.py took 0.098 seconds
[2023-06-01T12:49:39.033+0000] {processor.py:153} INFO - Started process (PID=4068) to work on /opt/airflow/dags/process_employee.py
[2023-06-01T12:49:39.034+0000] {processor.py:743} INFO - Processing file /opt/airflow/dags/process_employee.py for tasks to queue
[2023-06-01T12:49:39.035+0000] {logging_mixin.py:137} INFO - [2023-06-01T12:49:39.035+0000] {dagbag.py:538} INFO - Filling up the DagBag from /opt/airflow/dags/process_employee.py
[2023-06-01T12:49:39.069+0000] {processor.py:753} INFO - DAG(s) dict_keys(['process-employees']) retrieved from /opt/airflow/dags/process_employee.py
[2023-06-01T12:49:39.089+0000] {logging_mixin.py:137} INFO - [2023-06-01T12:49:39.088+0000] {dag.py:2690} INFO - Sync 1 DAGs
[2023-06-01T12:49:39.111+0000] {logging_mixin.py:137} INFO - [2023-06-01T12:49:39.110+0000] {dag.py:3441} INFO - Setting next_dagrun for process-employees to 2023-05-31T00:00:00+00:00, run_after=2023-06-01T00:00:00+00:00
[2023-06-01T12:49:39.125+0000] {processor.py:175} INFO - Processing /opt/airflow/dags/process_employee.py took 0.095 seconds
[2023-06-01T12:50:09.425+0000] {processor.py:153} INFO - Started process (PID=4145) to work on /opt/airflow/dags/process_employee.py
[2023-06-01T12:50:09.426+0000] {processor.py:743} INFO - Processing file /opt/airflow/dags/process_employee.py for tasks to queue
[2023-06-01T12:50:09.427+0000] {logging_mixin.py:137} INFO - [2023-06-01T12:50:09.426+0000] {dagbag.py:538} INFO - Filling up the DagBag from /opt/airflow/dags/process_employee.py
[2023-06-01T12:50:09.462+0000] {processor.py:753} INFO - DAG(s) dict_keys(['process-employees']) retrieved from /opt/airflow/dags/process_employee.py
[2023-06-01T12:50:09.483+0000] {logging_mixin.py:137} INFO - [2023-06-01T12:50:09.483+0000] {dag.py:2690} INFO - Sync 1 DAGs
[2023-06-01T12:50:09.508+0000] {logging_mixin.py:137} INFO - [2023-06-01T12:50:09.508+0000] {dag.py:3441} INFO - Setting next_dagrun for process-employees to 2023-05-31T00:00:00+00:00, run_after=2023-06-01T00:00:00+00:00
[2023-06-01T12:50:09.523+0000] {processor.py:175} INFO - Processing /opt/airflow/dags/process_employee.py took 0.100 seconds
[2023-06-01T12:50:39.800+0000] {processor.py:153} INFO - Started process (PID=4198) to work on /opt/airflow/dags/process_employee.py
[2023-06-01T12:50:39.801+0000] {processor.py:743} INFO - Processing file /opt/airflow/dags/process_employee.py for tasks to queue
[2023-06-01T12:50:39.801+0000] {logging_mixin.py:137} INFO - [2023-06-01T12:50:39.801+0000] {dagbag.py:538} INFO - Filling up the DagBag from /opt/airflow/dags/process_employee.py
[2023-06-01T12:50:39.835+0000] {processor.py:753} INFO - DAG(s) dict_keys(['process-employees']) retrieved from /opt/airflow/dags/process_employee.py
[2023-06-01T12:50:39.854+0000] {logging_mixin.py:137} INFO - [2023-06-01T12:50:39.854+0000] {dag.py:2690} INFO - Sync 1 DAGs
[2023-06-01T12:50:39.876+0000] {logging_mixin.py:137} INFO - [2023-06-01T12:50:39.875+0000] {dag.py:3441} INFO - Setting next_dagrun for process-employees to 2023-05-31T00:00:00+00:00, run_after=2023-06-01T00:00:00+00:00
[2023-06-01T12:50:39.890+0000] {processor.py:175} INFO - Processing /opt/airflow/dags/process_employee.py took 0.093 seconds
[2023-06-01T12:51:10.150+0000] {processor.py:153} INFO - Started process (PID=4275) to work on /opt/airflow/dags/process_employee.py
[2023-06-01T12:51:10.151+0000] {processor.py:743} INFO - Processing file /opt/airflow/dags/process_employee.py for tasks to queue
[2023-06-01T12:51:10.151+0000] {logging_mixin.py:137} INFO - [2023-06-01T12:51:10.151+0000] {dagbag.py:538} INFO - Filling up the DagBag from /opt/airflow/dags/process_employee.py
[2023-06-01T12:51:10.186+0000] {processor.py:753} INFO - DAG(s) dict_keys(['process-employees']) retrieved from /opt/airflow/dags/process_employee.py
[2023-06-01T12:51:10.208+0000] {logging_mixin.py:137} INFO - [2023-06-01T12:51:10.208+0000] {dag.py:2690} INFO - Sync 1 DAGs
[2023-06-01T12:51:10.232+0000] {logging_mixin.py:137} INFO - [2023-06-01T12:51:10.232+0000] {dag.py:3441} INFO - Setting next_dagrun for process-employees to 2023-05-31T00:00:00+00:00, run_after=2023-06-01T00:00:00+00:00
[2023-06-01T12:51:10.248+0000] {processor.py:175} INFO - Processing /opt/airflow/dags/process_employee.py took 0.100 seconds
[2023-06-01T12:51:40.593+0000] {processor.py:153} INFO - Started process (PID=4332) to work on /opt/airflow/dags/process_employee.py
[2023-06-01T12:51:40.594+0000] {processor.py:743} INFO - Processing file /opt/airflow/dags/process_employee.py for tasks to queue
[2023-06-01T12:51:40.595+0000] {logging_mixin.py:137} INFO - [2023-06-01T12:51:40.595+0000] {dagbag.py:538} INFO - Filling up the DagBag from /opt/airflow/dags/process_employee.py
[2023-06-01T12:51:40.629+0000] {processor.py:753} INFO - DAG(s) dict_keys(['process-employees']) retrieved from /opt/airflow/dags/process_employee.py
[2023-06-01T12:51:40.649+0000] {logging_mixin.py:137} INFO - [2023-06-01T12:51:40.649+0000] {dag.py:2690} INFO - Sync 1 DAGs
[2023-06-01T12:51:40.670+0000] {logging_mixin.py:137} INFO - [2023-06-01T12:51:40.670+0000] {dag.py:3441} INFO - Setting next_dagrun for process-employees to 2023-06-01T00:00:00+00:00, run_after=2023-06-02T00:00:00+00:00
[2023-06-01T12:51:40.685+0000] {processor.py:175} INFO - Processing /opt/airflow/dags/process_employee.py took 0.094 seconds
[2023-06-01T12:52:10.946+0000] {processor.py:153} INFO - Started process (PID=4409) to work on /opt/airflow/dags/process_employee.py
[2023-06-01T12:52:10.947+0000] {processor.py:743} INFO - Processing file /opt/airflow/dags/process_employee.py for tasks to queue
[2023-06-01T12:52:10.947+0000] {logging_mixin.py:137} INFO - [2023-06-01T12:52:10.947+0000] {dagbag.py:538} INFO - Filling up the DagBag from /opt/airflow/dags/process_employee.py
[2023-06-01T12:52:10.982+0000] {processor.py:753} INFO - DAG(s) dict_keys(['process-employees']) retrieved from /opt/airflow/dags/process_employee.py
[2023-06-01T12:52:11.007+0000] {logging_mixin.py:137} INFO - [2023-06-01T12:52:11.007+0000] {dag.py:2690} INFO - Sync 1 DAGs
[2023-06-01T12:52:11.030+0000] {logging_mixin.py:137} INFO - [2023-06-01T12:52:11.030+0000] {dag.py:3441} INFO - Setting next_dagrun for process-employees to 2023-06-01T00:00:00+00:00, run_after=2023-06-02T00:00:00+00:00
[2023-06-01T12:52:11.045+0000] {processor.py:175} INFO - Processing /opt/airflow/dags/process_employee.py took 0.101 seconds
[2023-06-01T12:52:41.364+0000] {processor.py:153} INFO - Started process (PID=4462) to work on /opt/airflow/dags/process_employee.py
[2023-06-01T12:52:41.365+0000] {processor.py:743} INFO - Processing file /opt/airflow/dags/process_employee.py for tasks to queue
[2023-06-01T12:52:41.365+0000] {logging_mixin.py:137} INFO - [2023-06-01T12:52:41.365+0000] {dagbag.py:538} INFO - Filling up the DagBag from /opt/airflow/dags/process_employee.py
[2023-06-01T12:52:41.399+0000] {processor.py:753} INFO - DAG(s) dict_keys(['process-employees']) retrieved from /opt/airflow/dags/process_employee.py
[2023-06-01T12:52:41.418+0000] {logging_mixin.py:137} INFO - [2023-06-01T12:52:41.418+0000] {dag.py:2690} INFO - Sync 1 DAGs
[2023-06-01T12:52:41.440+0000] {logging_mixin.py:137} INFO - [2023-06-01T12:52:41.440+0000] {dag.py:3441} INFO - Setting next_dagrun for process-employees to 2023-06-01T00:00:00+00:00, run_after=2023-06-02T00:00:00+00:00
[2023-06-01T12:52:41.454+0000] {processor.py:175} INFO - Processing /opt/airflow/dags/process_employee.py took 0.092 seconds
[2023-06-01T12:53:11.713+0000] {processor.py:153} INFO - Started process (PID=4539) to work on /opt/airflow/dags/process_employee.py
[2023-06-01T12:53:11.714+0000] {processor.py:743} INFO - Processing file /opt/airflow/dags/process_employee.py for tasks to queue
[2023-06-01T12:53:11.714+0000] {logging_mixin.py:137} INFO - [2023-06-01T12:53:11.714+0000] {dagbag.py:538} INFO - Filling up the DagBag from /opt/airflow/dags/process_employee.py
[2023-06-01T12:53:11.751+0000] {processor.py:753} INFO - DAG(s) dict_keys(['process-employees']) retrieved from /opt/airflow/dags/process_employee.py
[2023-06-01T12:53:11.774+0000] {logging_mixin.py:137} INFO - [2023-06-01T12:53:11.774+0000] {dag.py:2690} INFO - Sync 1 DAGs
[2023-06-01T12:53:11.799+0000] {logging_mixin.py:137} INFO - [2023-06-01T12:53:11.799+0000] {dag.py:3441} INFO - Setting next_dagrun for process-employees to 2023-06-01T00:00:00+00:00, run_after=2023-06-02T00:00:00+00:00
[2023-06-01T12:53:11.817+0000] {processor.py:175} INFO - Processing /opt/airflow/dags/process_employee.py took 0.107 seconds
[2023-06-01T12:53:42.073+0000] {processor.py:153} INFO - Started process (PID=4592) to work on /opt/airflow/dags/process_employee.py
[2023-06-01T12:53:42.076+0000] {processor.py:743} INFO - Processing file /opt/airflow/dags/process_employee.py for tasks to queue
[2023-06-01T12:53:42.077+0000] {logging_mixin.py:137} INFO - [2023-06-01T12:53:42.077+0000] {dagbag.py:538} INFO - Filling up the DagBag from /opt/airflow/dags/process_employee.py
[2023-06-01T12:53:42.123+0000] {processor.py:753} INFO - DAG(s) dict_keys(['process-employees']) retrieved from /opt/airflow/dags/process_employee.py
[2023-06-01T12:53:42.142+0000] {logging_mixin.py:137} INFO - [2023-06-01T12:53:42.142+0000] {dag.py:2690} INFO - Sync 1 DAGs
[2023-06-01T12:53:42.165+0000] {logging_mixin.py:137} INFO - [2023-06-01T12:53:42.165+0000] {dag.py:3441} INFO - Setting next_dagrun for process-employees to 2023-06-01T00:00:00+00:00, run_after=2023-06-02T00:00:00+00:00
[2023-06-01T12:53:42.179+0000] {processor.py:175} INFO - Processing /opt/airflow/dags/process_employee.py took 0.108 seconds
[2023-06-01T12:54:12.498+0000] {processor.py:153} INFO - Started process (PID=4669) to work on /opt/airflow/dags/process_employee.py
[2023-06-01T12:54:12.498+0000] {processor.py:743} INFO - Processing file /opt/airflow/dags/process_employee.py for tasks to queue
[2023-06-01T12:54:12.499+0000] {logging_mixin.py:137} INFO - [2023-06-01T12:54:12.499+0000] {dagbag.py:538} INFO - Filling up the DagBag from /opt/airflow/dags/process_employee.py
[2023-06-01T12:54:12.533+0000] {processor.py:753} INFO - DAG(s) dict_keys(['process-employees']) retrieved from /opt/airflow/dags/process_employee.py
[2023-06-01T12:54:12.553+0000] {logging_mixin.py:137} INFO - [2023-06-01T12:54:12.553+0000] {dag.py:2690} INFO - Sync 1 DAGs
[2023-06-01T12:54:12.578+0000] {logging_mixin.py:137} INFO - [2023-06-01T12:54:12.578+0000] {dag.py:3441} INFO - Setting next_dagrun for process-employees to 2023-06-01T00:00:00+00:00, run_after=2023-06-02T00:00:00+00:00
[2023-06-01T12:54:12.594+0000] {processor.py:175} INFO - Processing /opt/airflow/dags/process_employee.py took 0.099 seconds
[2023-06-01T12:54:42.895+0000] {processor.py:153} INFO - Started process (PID=4722) to work on /opt/airflow/dags/process_employee.py
[2023-06-01T12:54:42.896+0000] {processor.py:743} INFO - Processing file /opt/airflow/dags/process_employee.py for tasks to queue
[2023-06-01T12:54:42.897+0000] {logging_mixin.py:137} INFO - [2023-06-01T12:54:42.897+0000] {dagbag.py:538} INFO - Filling up the DagBag from /opt/airflow/dags/process_employee.py
[2023-06-01T12:54:42.933+0000] {processor.py:753} INFO - DAG(s) dict_keys(['process-employees']) retrieved from /opt/airflow/dags/process_employee.py
[2023-06-01T12:54:42.952+0000] {logging_mixin.py:137} INFO - [2023-06-01T12:54:42.952+0000] {dag.py:2690} INFO - Sync 1 DAGs
[2023-06-01T12:54:42.976+0000] {logging_mixin.py:137} INFO - [2023-06-01T12:54:42.976+0000] {dag.py:3441} INFO - Setting next_dagrun for process-employees to 2023-06-01T00:00:00+00:00, run_after=2023-06-02T00:00:00+00:00
[2023-06-01T12:54:42.991+0000] {processor.py:175} INFO - Processing /opt/airflow/dags/process_employee.py took 0.098 seconds
[2023-06-01T12:55:13.357+0000] {processor.py:153} INFO - Started process (PID=4800) to work on /opt/airflow/dags/process_employee.py
[2023-06-01T12:55:13.358+0000] {processor.py:743} INFO - Processing file /opt/airflow/dags/process_employee.py for tasks to queue
[2023-06-01T12:55:13.359+0000] {logging_mixin.py:137} INFO - [2023-06-01T12:55:13.358+0000] {dagbag.py:538} INFO - Filling up the DagBag from /opt/airflow/dags/process_employee.py
[2023-06-01T12:55:13.393+0000] {processor.py:753} INFO - DAG(s) dict_keys(['process-employees']) retrieved from /opt/airflow/dags/process_employee.py
[2023-06-01T12:55:13.414+0000] {logging_mixin.py:137} INFO - [2023-06-01T12:55:13.414+0000] {dag.py:2690} INFO - Sync 1 DAGs
[2023-06-01T12:55:13.437+0000] {logging_mixin.py:137} INFO - [2023-06-01T12:55:13.437+0000] {dag.py:3441} INFO - Setting next_dagrun for process-employees to 2023-06-01T00:00:00+00:00, run_after=2023-06-02T00:00:00+00:00
[2023-06-01T12:55:13.454+0000] {processor.py:175} INFO - Processing /opt/airflow/dags/process_employee.py took 0.099 seconds
[2023-06-01T12:55:43.657+0000] {processor.py:153} INFO - Started process (PID=4853) to work on /opt/airflow/dags/process_employee.py
[2023-06-01T12:55:43.658+0000] {processor.py:743} INFO - Processing file /opt/airflow/dags/process_employee.py for tasks to queue
[2023-06-01T12:55:43.658+0000] {logging_mixin.py:137} INFO - [2023-06-01T12:55:43.658+0000] {dagbag.py:538} INFO - Filling up the DagBag from /opt/airflow/dags/process_employee.py
[2023-06-01T12:55:43.692+0000] {processor.py:753} INFO - DAG(s) dict_keys(['process-employees']) retrieved from /opt/airflow/dags/process_employee.py
[2023-06-01T12:55:43.712+0000] {logging_mixin.py:137} INFO - [2023-06-01T12:55:43.711+0000] {dag.py:2690} INFO - Sync 1 DAGs
[2023-06-01T12:55:43.735+0000] {logging_mixin.py:137} INFO - [2023-06-01T12:55:43.734+0000] {dag.py:3441} INFO - Setting next_dagrun for process-employees to 2023-06-01T00:00:00+00:00, run_after=2023-06-02T00:00:00+00:00
[2023-06-01T12:55:43.751+0000] {processor.py:175} INFO - Processing /opt/airflow/dags/process_employee.py took 0.097 seconds
[2023-06-01T12:56:14.124+0000] {processor.py:153} INFO - Started process (PID=4930) to work on /opt/airflow/dags/process_employee.py
[2023-06-01T12:56:14.125+0000] {processor.py:743} INFO - Processing file /opt/airflow/dags/process_employee.py for tasks to queue
[2023-06-01T12:56:14.125+0000] {logging_mixin.py:137} INFO - [2023-06-01T12:56:14.125+0000] {dagbag.py:538} INFO - Filling up the DagBag from /opt/airflow/dags/process_employee.py
[2023-06-01T12:56:14.182+0000] {processor.py:753} INFO - DAG(s) dict_keys(['process-employees']) retrieved from /opt/airflow/dags/process_employee.py
[2023-06-01T12:56:14.262+0000] {logging_mixin.py:137} INFO - [2023-06-01T12:56:14.262+0000] {dag.py:2690} INFO - Sync 1 DAGs
[2023-06-01T12:56:14.292+0000] {logging_mixin.py:137} INFO - [2023-06-01T12:56:14.292+0000] {dag.py:3441} INFO - Setting next_dagrun for process-employees to 2023-06-01T00:00:00+00:00, run_after=2023-06-02T00:00:00+00:00
[2023-06-01T12:56:14.308+0000] {processor.py:175} INFO - Processing /opt/airflow/dags/process_employee.py took 0.187 seconds
[2023-06-01T12:56:44.421+0000] {processor.py:153} INFO - Started process (PID=4983) to work on /opt/airflow/dags/process_employee.py
[2023-06-01T12:56:44.422+0000] {processor.py:743} INFO - Processing file /opt/airflow/dags/process_employee.py for tasks to queue
[2023-06-01T12:56:44.423+0000] {logging_mixin.py:137} INFO - [2023-06-01T12:56:44.423+0000] {dagbag.py:538} INFO - Filling up the DagBag from /opt/airflow/dags/process_employee.py
[2023-06-01T12:56:44.458+0000] {processor.py:753} INFO - DAG(s) dict_keys(['process-employees']) retrieved from /opt/airflow/dags/process_employee.py
[2023-06-01T12:56:44.477+0000] {logging_mixin.py:137} INFO - [2023-06-01T12:56:44.477+0000] {dag.py:2690} INFO - Sync 1 DAGs
[2023-06-01T12:56:44.500+0000] {logging_mixin.py:137} INFO - [2023-06-01T12:56:44.499+0000] {dag.py:3441} INFO - Setting next_dagrun for process-employees to 2023-06-01T00:00:00+00:00, run_after=2023-06-02T00:00:00+00:00
[2023-06-01T12:56:44.513+0000] {processor.py:175} INFO - Processing /opt/airflow/dags/process_employee.py took 0.094 seconds
[2023-06-01T12:57:14.941+0000] {processor.py:153} INFO - Started process (PID=5045) to work on /opt/airflow/dags/process_employee.py
[2023-06-01T12:57:14.942+0000] {processor.py:743} INFO - Processing file /opt/airflow/dags/process_employee.py for tasks to queue
[2023-06-01T12:57:14.942+0000] {logging_mixin.py:137} INFO - [2023-06-01T12:57:14.942+0000] {dagbag.py:538} INFO - Filling up the DagBag from /opt/airflow/dags/process_employee.py
[2023-06-01T12:57:14.983+0000] {processor.py:753} INFO - DAG(s) dict_keys(['process-employees']) retrieved from /opt/airflow/dags/process_employee.py
[2023-06-01T12:57:15.006+0000] {logging_mixin.py:137} INFO - [2023-06-01T12:57:15.006+0000] {dag.py:2690} INFO - Sync 1 DAGs
[2023-06-01T12:57:15.040+0000] {logging_mixin.py:137} INFO - [2023-06-01T12:57:15.040+0000] {dag.py:3441} INFO - Setting next_dagrun for process-employees to 2023-06-01T00:00:00+00:00, run_after=2023-06-02T00:00:00+00:00
[2023-06-01T12:57:15.058+0000] {processor.py:175} INFO - Processing /opt/airflow/dags/process_employee.py took 0.120 seconds
[2023-06-01T12:57:45.357+0000] {processor.py:153} INFO - Started process (PID=5113) to work on /opt/airflow/dags/process_employee.py
[2023-06-01T12:57:45.358+0000] {processor.py:743} INFO - Processing file /opt/airflow/dags/process_employee.py for tasks to queue
[2023-06-01T12:57:45.359+0000] {logging_mixin.py:137} INFO - [2023-06-01T12:57:45.359+0000] {dagbag.py:538} INFO - Filling up the DagBag from /opt/airflow/dags/process_employee.py
[2023-06-01T12:57:45.408+0000] {processor.py:753} INFO - DAG(s) dict_keys(['process-employees']) retrieved from /opt/airflow/dags/process_employee.py
[2023-06-01T12:57:45.433+0000] {logging_mixin.py:137} INFO - [2023-06-01T12:57:45.433+0000] {dag.py:2690} INFO - Sync 1 DAGs
[2023-06-01T12:57:45.462+0000] {logging_mixin.py:137} INFO - [2023-06-01T12:57:45.462+0000] {dag.py:3441} INFO - Setting next_dagrun for process-employees to 2023-06-01T00:00:00+00:00, run_after=2023-06-02T00:00:00+00:00
[2023-06-01T12:57:45.477+0000] {processor.py:175} INFO - Processing /opt/airflow/dags/process_employee.py took 0.123 seconds
[2023-06-01T12:58:15.727+0000] {processor.py:153} INFO - Started process (PID=5175) to work on /opt/airflow/dags/process_employee.py
[2023-06-01T12:58:15.727+0000] {processor.py:743} INFO - Processing file /opt/airflow/dags/process_employee.py for tasks to queue
[2023-06-01T12:58:15.728+0000] {logging_mixin.py:137} INFO - [2023-06-01T12:58:15.728+0000] {dagbag.py:538} INFO - Filling up the DagBag from /opt/airflow/dags/process_employee.py
[2023-06-01T12:58:15.768+0000] {processor.py:753} INFO - DAG(s) dict_keys(['process-employees']) retrieved from /opt/airflow/dags/process_employee.py
[2023-06-01T12:58:15.787+0000] {logging_mixin.py:137} INFO - [2023-06-01T12:58:15.787+0000] {dag.py:2690} INFO - Sync 1 DAGs
[2023-06-01T12:58:15.811+0000] {logging_mixin.py:137} INFO - [2023-06-01T12:58:15.811+0000] {dag.py:3441} INFO - Setting next_dagrun for process-employees to 2023-06-01T00:00:00+00:00, run_after=2023-06-02T00:00:00+00:00
[2023-06-01T12:58:15.826+0000] {processor.py:175} INFO - Processing /opt/airflow/dags/process_employee.py took 0.102 seconds
[2023-06-01T12:58:46.080+0000] {processor.py:153} INFO - Started process (PID=5243) to work on /opt/airflow/dags/process_employee.py
[2023-06-01T12:58:46.082+0000] {processor.py:743} INFO - Processing file /opt/airflow/dags/process_employee.py for tasks to queue
[2023-06-01T12:58:46.082+0000] {logging_mixin.py:137} INFO - [2023-06-01T12:58:46.082+0000] {dagbag.py:538} INFO - Filling up the DagBag from /opt/airflow/dags/process_employee.py
[2023-06-01T12:58:46.121+0000] {processor.py:753} INFO - DAG(s) dict_keys(['process-employees']) retrieved from /opt/airflow/dags/process_employee.py
[2023-06-01T12:58:46.142+0000] {logging_mixin.py:137} INFO - [2023-06-01T12:58:46.142+0000] {dag.py:2690} INFO - Sync 1 DAGs
[2023-06-01T12:58:46.166+0000] {logging_mixin.py:137} INFO - [2023-06-01T12:58:46.165+0000] {dag.py:3441} INFO - Setting next_dagrun for process-employees to 2023-06-01T00:00:00+00:00, run_after=2023-06-02T00:00:00+00:00
[2023-06-01T12:58:46.181+0000] {processor.py:175} INFO - Processing /opt/airflow/dags/process_employee.py took 0.104 seconds
[2023-06-01T12:59:16.415+0000] {processor.py:153} INFO - Started process (PID=5305) to work on /opt/airflow/dags/process_employee.py
[2023-06-01T12:59:16.415+0000] {processor.py:743} INFO - Processing file /opt/airflow/dags/process_employee.py for tasks to queue
[2023-06-01T12:59:16.416+0000] {logging_mixin.py:137} INFO - [2023-06-01T12:59:16.416+0000] {dagbag.py:538} INFO - Filling up the DagBag from /opt/airflow/dags/process_employee.py
[2023-06-01T12:59:16.450+0000] {processor.py:753} INFO - DAG(s) dict_keys(['process-employees']) retrieved from /opt/airflow/dags/process_employee.py
[2023-06-01T12:59:16.469+0000] {logging_mixin.py:137} INFO - [2023-06-01T12:59:16.469+0000] {dag.py:2690} INFO - Sync 1 DAGs
[2023-06-01T12:59:16.492+0000] {logging_mixin.py:137} INFO - [2023-06-01T12:59:16.492+0000] {dag.py:3441} INFO - Setting next_dagrun for process-employees to 2023-06-01T00:00:00+00:00, run_after=2023-06-02T00:00:00+00:00
[2023-06-01T12:59:16.507+0000] {processor.py:175} INFO - Processing /opt/airflow/dags/process_employee.py took 0.094 seconds
[2023-06-01T12:59:46.805+0000] {processor.py:153} INFO - Started process (PID=5373) to work on /opt/airflow/dags/process_employee.py
[2023-06-01T12:59:46.805+0000] {processor.py:743} INFO - Processing file /opt/airflow/dags/process_employee.py for tasks to queue
[2023-06-01T12:59:46.806+0000] {logging_mixin.py:137} INFO - [2023-06-01T12:59:46.806+0000] {dagbag.py:538} INFO - Filling up the DagBag from /opt/airflow/dags/process_employee.py
[2023-06-01T12:59:46.841+0000] {processor.py:753} INFO - DAG(s) dict_keys(['process-employees']) retrieved from /opt/airflow/dags/process_employee.py
[2023-06-01T12:59:46.861+0000] {logging_mixin.py:137} INFO - [2023-06-01T12:59:46.861+0000] {dag.py:2690} INFO - Sync 1 DAGs
[2023-06-01T12:59:46.884+0000] {logging_mixin.py:137} INFO - [2023-06-01T12:59:46.884+0000] {dag.py:3441} INFO - Setting next_dagrun for process-employees to 2023-06-01T00:00:00+00:00, run_after=2023-06-02T00:00:00+00:00
[2023-06-01T12:59:46.898+0000] {processor.py:175} INFO - Processing /opt/airflow/dags/process_employee.py took 0.096 seconds
