[2023-06-01T10:04:32.362+0000] {taskinstance.py:1083} INFO - Dependencies all met for <TaskInstance: hello_world_AB.hello_task_A scheduled__2023-06-01T10:04:21.035100+00:00 [queued]>
[2023-06-01T10:04:32.369+0000] {taskinstance.py:1083} INFO - Dependencies all met for <TaskInstance: hello_world_AB.hello_task_A scheduled__2023-06-01T10:04:21.035100+00:00 [queued]>
[2023-06-01T10:04:32.369+0000] {taskinstance.py:1279} INFO - 
--------------------------------------------------------------------------------
[2023-06-01T10:04:32.369+0000] {taskinstance.py:1280} INFO - Starting attempt 1 of 1
[2023-06-01T10:04:32.369+0000] {taskinstance.py:1281} INFO - 
--------------------------------------------------------------------------------
[2023-06-01T10:04:32.380+0000] {taskinstance.py:1300} INFO - Executing <Task(PythonOperator): hello_task_A> on 2023-06-01 10:04:21.035100+00:00
[2023-06-01T10:04:32.386+0000] {standard_task_runner.py:55} INFO - Started process 6221 to run task
[2023-06-01T10:04:32.388+0000] {standard_task_runner.py:82} INFO - Running: ['***', 'tasks', 'run', 'hello_world_AB', 'hello_task_A', 'scheduled__2023-06-01T10:04:21.035100+00:00', '--job-id', '44', '--raw', '--subdir', 'DAGS_FOLDER/dag1.py', '--cfg-path', '/tmp/tmpf3wla0xt']
[2023-06-01T10:04:32.388+0000] {standard_task_runner.py:83} INFO - Job 44: Subtask hello_task_A
[2023-06-01T10:04:32.435+0000] {task_command.py:388} INFO - Running <TaskInstance: hello_world_AB.hello_task_A scheduled__2023-06-01T10:04:21.035100+00:00 [running]> on host 9c598fb2a1ba
[2023-06-01T10:04:32.491+0000] {taskinstance.py:1509} INFO - Exporting the following env vars:
AIRFLOW_CTX_DAG_OWNER=***
AIRFLOW_CTX_DAG_ID=hello_world_AB
AIRFLOW_CTX_TASK_ID=hello_task_A
AIRFLOW_CTX_EXECUTION_DATE=2023-06-01T10:04:21.035100+00:00
AIRFLOW_CTX_TRY_NUMBER=1
AIRFLOW_CTX_DAG_RUN_ID=scheduled__2023-06-01T10:04:21.035100+00:00
[2023-06-01T10:04:32.492+0000] {logging_mixin.py:137} INFO - #############################################
[2023-06-01T10:04:32.492+0000] {logging_mixin.py:137} INFO -   Hello from TASK : hello_task_A
[2023-06-01T10:04:32.492+0000] {logging_mixin.py:137} INFO - 23-06-01 12:04:32
[2023-06-01T10:04:32.492+0000] {logging_mixin.py:137} INFO - #############################################
[2023-06-01T10:04:37.496+0000] {python.py:177} INFO - Done. Returned value was: None
[2023-06-01T10:04:37.507+0000] {taskinstance.py:1323} INFO - Marking task as SUCCESS. dag_id=hello_world_AB, task_id=hello_task_A, execution_date=20230601T100421, start_date=20230601T100432, end_date=20230601T100437
[2023-06-01T10:04:37.553+0000] {local_task_job.py:208} INFO - Task exited with return code 0
[2023-06-01T10:04:37.570+0000] {taskinstance.py:2578} INFO - 1 downstream tasks scheduled from follow-on schedule check
