[2023-06-01T10:50:06.004+0000] {taskinstance.py:1083} INFO - Dependencies all met for <TaskInstance: hello_world_schedule_dag_pendulum.hello_task scheduled__2023-06-01T10:50:05+00:00 [queued]>
[2023-06-01T10:50:06.011+0000] {taskinstance.py:1083} INFO - Dependencies all met for <TaskInstance: hello_world_schedule_dag_pendulum.hello_task scheduled__2023-06-01T10:50:05+00:00 [queued]>
[2023-06-01T10:50:06.011+0000] {taskinstance.py:1279} INFO - 
--------------------------------------------------------------------------------
[2023-06-01T10:50:06.011+0000] {taskinstance.py:1280} INFO - Starting attempt 1 of 1
[2023-06-01T10:50:06.012+0000] {taskinstance.py:1281} INFO - 
--------------------------------------------------------------------------------
[2023-06-01T10:50:06.022+0000] {taskinstance.py:1300} INFO - Executing <Task(PythonOperator): hello_task> on 2023-06-01 10:50:05+00:00
[2023-06-01T10:50:06.028+0000] {standard_task_runner.py:55} INFO - Started process 11854 to run task
[2023-06-01T10:50:06.030+0000] {standard_task_runner.py:82} INFO - Running: ['***', 'tasks', 'run', 'hello_world_schedule_dag_pendulum', 'hello_task', 'scheduled__2023-06-01T10:50:05+00:00', '--job-id', '93', '--raw', '--subdir', 'DAGS_FOLDER/dag2.py', '--cfg-path', '/tmp/tmp9_t_ga3o']
[2023-06-01T10:50:06.030+0000] {standard_task_runner.py:83} INFO - Job 93: Subtask hello_task
[2023-06-01T10:50:06.074+0000] {task_command.py:388} INFO - Running <TaskInstance: hello_world_schedule_dag_pendulum.hello_task scheduled__2023-06-01T10:50:05+00:00 [running]> on host 9c598fb2a1ba
[2023-06-01T10:50:06.128+0000] {taskinstance.py:1509} INFO - Exporting the following env vars:
AIRFLOW_CTX_DAG_OWNER=***
AIRFLOW_CTX_DAG_ID=hello_world_schedule_dag_pendulum
AIRFLOW_CTX_TASK_ID=hello_task
AIRFLOW_CTX_EXECUTION_DATE=2023-06-01T10:50:05+00:00
AIRFLOW_CTX_TRY_NUMBER=1
AIRFLOW_CTX_DAG_RUN_ID=scheduled__2023-06-01T10:50:05+00:00
[2023-06-01T10:50:06.128+0000] {logging_mixin.py:137} INFO - #############################################
[2023-06-01T10:50:06.128+0000] {logging_mixin.py:137} INFO -   Hello, MYSELF!
[2023-06-01T10:50:06.128+0000] {logging_mixin.py:137} INFO - 23-06-01 12:50:06
[2023-06-01T10:50:06.128+0000] {logging_mixin.py:137} INFO - #############################################
[2023-06-01T10:50:11.133+0000] {python.py:177} INFO - Done. Returned value was: None
[2023-06-01T10:50:11.143+0000] {taskinstance.py:1323} INFO - Marking task as SUCCESS. dag_id=hello_world_schedule_dag_pendulum, task_id=hello_task, execution_date=20230601T105005, start_date=20230601T105006, end_date=20230601T105011
[2023-06-01T10:50:11.169+0000] {local_task_job.py:208} INFO - Task exited with return code 0
[2023-06-01T10:50:11.203+0000] {taskinstance.py:2578} INFO - 0 downstream tasks scheduled from follow-on schedule check
