[2023-06-01T12:51:17.863+0000] {taskinstance.py:1083} INFO - Dependencies all met for <TaskInstance: process-employees.merge_data scheduled__2023-05-31T00:00:00+00:00 [queued]>
[2023-06-01T12:51:17.872+0000] {taskinstance.py:1083} INFO - Dependencies all met for <TaskInstance: process-employees.merge_data scheduled__2023-05-31T00:00:00+00:00 [queued]>
[2023-06-01T12:51:17.872+0000] {taskinstance.py:1279} INFO - 
--------------------------------------------------------------------------------
[2023-06-01T12:51:17.872+0000] {taskinstance.py:1280} INFO - Starting attempt 1 of 1
[2023-06-01T12:51:17.872+0000] {taskinstance.py:1281} INFO - 
--------------------------------------------------------------------------------
[2023-06-01T12:51:17.884+0000] {taskinstance.py:1300} INFO - Executing <Task(_PythonDecoratedOperator): merge_data> on 2023-05-31 00:00:00+00:00
[2023-06-01T12:51:17.889+0000] {standard_task_runner.py:55} INFO - Started process 4143 to run task
[2023-06-01T12:51:17.892+0000] {standard_task_runner.py:82} INFO - Running: ['***', 'tasks', 'run', 'process-employees', 'merge_data', 'scheduled__2023-05-31T00:00:00+00:00', '--job-id', '105', '--raw', '--subdir', 'DAGS_FOLDER/process_employee.py', '--cfg-path', '/tmp/tmp85z7clld']
[2023-06-01T12:51:17.892+0000] {standard_task_runner.py:83} INFO - Job 105: Subtask merge_data
[2023-06-01T12:51:17.940+0000] {task_command.py:388} INFO - Running <TaskInstance: process-employees.merge_data scheduled__2023-05-31T00:00:00+00:00 [running]> on host 9c598fb2a1ba
[2023-06-01T12:51:18.000+0000] {taskinstance.py:1509} INFO - Exporting the following env vars:
AIRFLOW_CTX_DAG_OWNER=***
AIRFLOW_CTX_DAG_ID=process-employees
AIRFLOW_CTX_TASK_ID=merge_data
AIRFLOW_CTX_EXECUTION_DATE=2023-05-31T00:00:00+00:00
AIRFLOW_CTX_TRY_NUMBER=1
AIRFLOW_CTX_DAG_RUN_ID=scheduled__2023-05-31T00:00:00+00:00
[2023-06-01T12:51:18.008+0000] {base.py:73} INFO - Using connection ID 'pg_conn' for task execution.
[2023-06-01T12:51:18.014+0000] {python.py:177} INFO - Done. Returned value was: 0
[2023-06-01T12:51:18.032+0000] {taskinstance.py:1323} INFO - Marking task as SUCCESS. dag_id=process-employees, task_id=merge_data, execution_date=20230531T000000, start_date=20230601T125117, end_date=20230601T125118
[2023-06-01T12:51:18.063+0000] {local_task_job.py:208} INFO - Task exited with return code 0
[2023-06-01T12:51:18.079+0000] {taskinstance.py:2578} INFO - 0 downstream tasks scheduled from follow-on schedule check
