[2023-06-01T10:03:46.365+0000] {taskinstance.py:1083} INFO - Dependencies all met for <TaskInstance: hello_world_AB.hello_task_B scheduled__2023-06-01T10:03:29.495086+00:00 [queued]>
[2023-06-01T10:03:46.373+0000] {taskinstance.py:1083} INFO - Dependencies all met for <TaskInstance: hello_world_AB.hello_task_B scheduled__2023-06-01T10:03:29.495086+00:00 [queued]>
[2023-06-01T10:03:46.373+0000] {taskinstance.py:1279} INFO - 
--------------------------------------------------------------------------------
[2023-06-01T10:03:46.373+0000] {taskinstance.py:1280} INFO - Starting attempt 1 of 1
[2023-06-01T10:03:46.373+0000] {taskinstance.py:1281} INFO - 
--------------------------------------------------------------------------------
[2023-06-01T10:03:46.384+0000] {taskinstance.py:1300} INFO - Executing <Task(PythonOperator): hello_task_B> on 2023-06-01 10:03:29.495086+00:00
[2023-06-01T10:03:46.390+0000] {standard_task_runner.py:55} INFO - Started process 6104 to run task
[2023-06-01T10:03:46.392+0000] {standard_task_runner.py:82} INFO - Running: ['***', 'tasks', 'run', 'hello_world_AB', 'hello_task_B', 'scheduled__2023-06-01T10:03:29.495086+00:00', '--job-id', '26', '--raw', '--subdir', 'DAGS_FOLDER/dag1.py', '--cfg-path', '/tmp/tmpse9a2fyi']
[2023-06-01T10:03:46.393+0000] {standard_task_runner.py:83} INFO - Job 26: Subtask hello_task_B
[2023-06-01T10:03:46.441+0000] {task_command.py:388} INFO - Running <TaskInstance: hello_world_AB.hello_task_B scheduled__2023-06-01T10:03:29.495086+00:00 [running]> on host 9c598fb2a1ba
[2023-06-01T10:03:46.500+0000] {taskinstance.py:1509} INFO - Exporting the following env vars:
AIRFLOW_CTX_DAG_OWNER=***
AIRFLOW_CTX_DAG_ID=hello_world_AB
AIRFLOW_CTX_TASK_ID=hello_task_B
AIRFLOW_CTX_EXECUTION_DATE=2023-06-01T10:03:29.495086+00:00
AIRFLOW_CTX_TRY_NUMBER=1
AIRFLOW_CTX_DAG_RUN_ID=scheduled__2023-06-01T10:03:29.495086+00:00
[2023-06-01T10:03:46.500+0000] {logging_mixin.py:137} INFO - #############################################
[2023-06-01T10:03:46.501+0000] {logging_mixin.py:137} INFO -   Hello from TASK : hello_task_B
[2023-06-01T10:03:46.501+0000] {logging_mixin.py:137} INFO - 23-06-01 12:03:46
[2023-06-01T10:03:46.501+0000] {logging_mixin.py:137} INFO - #############################################
[2023-06-01T10:03:51.506+0000] {python.py:177} INFO - Done. Returned value was: None
[2023-06-01T10:03:51.515+0000] {taskinstance.py:1323} INFO - Marking task as SUCCESS. dag_id=hello_world_AB, task_id=hello_task_B, execution_date=20230601T100329, start_date=20230601T100346, end_date=20230601T100351
[2023-06-01T10:03:51.534+0000] {local_task_job.py:208} INFO - Task exited with return code 0
[2023-06-01T10:03:51.548+0000] {taskinstance.py:2578} INFO - 0 downstream tasks scheduled from follow-on schedule check
