[2023-06-01T08:47:24.856+0000] {processor.py:153} INFO - Started process (PID=81) to work on /home/airflow/.local/lib/python3.7/site-packages/airflow/example_dags/example_dag_decorator.py
[2023-06-01T08:47:24.857+0000] {processor.py:743} INFO - Processing file /home/airflow/.local/lib/python3.7/site-packages/airflow/example_dags/example_dag_decorator.py for tasks to queue
[2023-06-01T08:47:24.858+0000] {logging_mixin.py:137} INFO - [2023-06-01T08:47:24.858+0000] {dagbag.py:538} INFO - Filling up the DagBag from /home/airflow/.local/lib/python3.7/site-packages/airflow/example_dags/example_dag_decorator.py
[2023-06-01T08:47:24.891+0000] {logging_mixin.py:137} INFO - [2023-06-01T08:47:24.890+0000] {taskmixin.py:205} WARNING - Dependency <Task(_PythonDecoratedOperator): prepare_email>, send_email already registered for DAG: example_dag_decorator
[2023-06-01T08:47:24.891+0000] {logging_mixin.py:137} INFO - [2023-06-01T08:47:24.891+0000] {taskmixin.py:205} WARNING - Dependency <Task(EmailOperator): send_email>, prepare_email already registered for DAG: example_dag_decorator
[2023-06-01T08:47:24.916+0000] {processor.py:753} INFO - DAG(s) dict_keys(['example_dag_decorator']) retrieved from /home/airflow/.local/lib/python3.7/site-packages/airflow/example_dags/example_dag_decorator.py
[2023-06-01T08:47:24.934+0000] {logging_mixin.py:137} INFO - [2023-06-01T08:47:24.934+0000] {dag.py:2690} INFO - Sync 1 DAGs
[2023-06-01T08:47:24.983+0000] {logging_mixin.py:137} INFO - [2023-06-01T08:47:24.983+0000] {dag.py:3441} INFO - Setting next_dagrun for example_dag_decorator to None, run_after=None
[2023-06-01T08:47:25.061+0000] {processor.py:175} INFO - Processing /home/airflow/.local/lib/python3.7/site-packages/airflow/example_dags/example_dag_decorator.py took 0.210 seconds
[2023-06-01T08:47:55.780+0000] {processor.py:153} INFO - Started process (PID=183) to work on /home/airflow/.local/lib/python3.7/site-packages/airflow/example_dags/example_dag_decorator.py
[2023-06-01T08:47:55.782+0000] {processor.py:743} INFO - Processing file /home/airflow/.local/lib/python3.7/site-packages/airflow/example_dags/example_dag_decorator.py for tasks to queue
[2023-06-01T08:47:55.783+0000] {logging_mixin.py:137} INFO - [2023-06-01T08:47:55.783+0000] {dagbag.py:538} INFO - Filling up the DagBag from /home/airflow/.local/lib/python3.7/site-packages/airflow/example_dags/example_dag_decorator.py
[2023-06-01T08:47:55.799+0000] {logging_mixin.py:137} INFO - [2023-06-01T08:47:55.799+0000] {taskmixin.py:205} WARNING - Dependency <Task(_PythonDecoratedOperator): prepare_email>, send_email already registered for DAG: example_dag_decorator
[2023-06-01T08:47:55.800+0000] {logging_mixin.py:137} INFO - [2023-06-01T08:47:55.800+0000] {taskmixin.py:205} WARNING - Dependency <Task(EmailOperator): send_email>, prepare_email already registered for DAG: example_dag_decorator
[2023-06-01T08:47:55.811+0000] {processor.py:753} INFO - DAG(s) dict_keys(['example_dag_decorator']) retrieved from /home/airflow/.local/lib/python3.7/site-packages/airflow/example_dags/example_dag_decorator.py
[2023-06-01T08:47:55.882+0000] {logging_mixin.py:137} INFO - [2023-06-01T08:47:55.881+0000] {dag.py:2690} INFO - Sync 1 DAGs
[2023-06-01T08:47:55.904+0000] {logging_mixin.py:137} INFO - [2023-06-01T08:47:55.904+0000] {dag.py:3441} INFO - Setting next_dagrun for example_dag_decorator to None, run_after=None
[2023-06-01T08:47:55.927+0000] {processor.py:175} INFO - Processing /home/airflow/.local/lib/python3.7/site-packages/airflow/example_dags/example_dag_decorator.py took 0.152 seconds
[2023-06-01T08:48:26.830+0000] {processor.py:153} INFO - Started process (PID=270) to work on /home/airflow/.local/lib/python3.7/site-packages/airflow/example_dags/example_dag_decorator.py
[2023-06-01T08:48:26.831+0000] {processor.py:743} INFO - Processing file /home/airflow/.local/lib/python3.7/site-packages/airflow/example_dags/example_dag_decorator.py for tasks to queue
[2023-06-01T08:48:26.832+0000] {logging_mixin.py:137} INFO - [2023-06-01T08:48:26.831+0000] {dagbag.py:538} INFO - Filling up the DagBag from /home/airflow/.local/lib/python3.7/site-packages/airflow/example_dags/example_dag_decorator.py
[2023-06-01T08:48:26.848+0000] {logging_mixin.py:137} INFO - [2023-06-01T08:48:26.848+0000] {taskmixin.py:205} WARNING - Dependency <Task(_PythonDecoratedOperator): prepare_email>, send_email already registered for DAG: example_dag_decorator
[2023-06-01T08:48:26.848+0000] {logging_mixin.py:137} INFO - [2023-06-01T08:48:26.848+0000] {taskmixin.py:205} WARNING - Dependency <Task(EmailOperator): send_email>, prepare_email already registered for DAG: example_dag_decorator
[2023-06-01T08:48:26.859+0000] {processor.py:753} INFO - DAG(s) dict_keys(['example_dag_decorator']) retrieved from /home/airflow/.local/lib/python3.7/site-packages/airflow/example_dags/example_dag_decorator.py
[2023-06-01T08:48:26.920+0000] {logging_mixin.py:137} INFO - [2023-06-01T08:48:26.919+0000] {dag.py:2690} INFO - Sync 1 DAGs
[2023-06-01T08:48:26.940+0000] {logging_mixin.py:137} INFO - [2023-06-01T08:48:26.940+0000] {dag.py:3441} INFO - Setting next_dagrun for example_dag_decorator to None, run_after=None
[2023-06-01T08:48:26.969+0000] {processor.py:175} INFO - Processing /home/airflow/.local/lib/python3.7/site-packages/airflow/example_dags/example_dag_decorator.py took 0.142 seconds
[2023-06-01T08:48:57.737+0000] {processor.py:153} INFO - Started process (PID=381) to work on /home/airflow/.local/lib/python3.7/site-packages/airflow/example_dags/example_dag_decorator.py
[2023-06-01T08:48:57.739+0000] {processor.py:743} INFO - Processing file /home/airflow/.local/lib/python3.7/site-packages/airflow/example_dags/example_dag_decorator.py for tasks to queue
[2023-06-01T08:48:57.739+0000] {logging_mixin.py:137} INFO - [2023-06-01T08:48:57.739+0000] {dagbag.py:538} INFO - Filling up the DagBag from /home/airflow/.local/lib/python3.7/site-packages/airflow/example_dags/example_dag_decorator.py
[2023-06-01T08:48:57.755+0000] {logging_mixin.py:137} INFO - [2023-06-01T08:48:57.754+0000] {taskmixin.py:205} WARNING - Dependency <Task(_PythonDecoratedOperator): prepare_email>, send_email already registered for DAG: example_dag_decorator
[2023-06-01T08:48:57.755+0000] {logging_mixin.py:137} INFO - [2023-06-01T08:48:57.755+0000] {taskmixin.py:205} WARNING - Dependency <Task(EmailOperator): send_email>, prepare_email already registered for DAG: example_dag_decorator
[2023-06-01T08:48:57.765+0000] {processor.py:753} INFO - DAG(s) dict_keys(['example_dag_decorator']) retrieved from /home/airflow/.local/lib/python3.7/site-packages/airflow/example_dags/example_dag_decorator.py
[2023-06-01T08:48:57.829+0000] {logging_mixin.py:137} INFO - [2023-06-01T08:48:57.829+0000] {dag.py:2690} INFO - Sync 1 DAGs
[2023-06-01T08:48:57.851+0000] {logging_mixin.py:137} INFO - [2023-06-01T08:48:57.851+0000] {dag.py:3441} INFO - Setting next_dagrun for example_dag_decorator to None, run_after=None
[2023-06-01T08:48:57.871+0000] {processor.py:175} INFO - Processing /home/airflow/.local/lib/python3.7/site-packages/airflow/example_dags/example_dag_decorator.py took 0.136 seconds
[2023-06-01T08:49:28.811+0000] {processor.py:153} INFO - Started process (PID=468) to work on /home/airflow/.local/lib/python3.7/site-packages/airflow/example_dags/example_dag_decorator.py
[2023-06-01T08:49:28.812+0000] {processor.py:743} INFO - Processing file /home/airflow/.local/lib/python3.7/site-packages/airflow/example_dags/example_dag_decorator.py for tasks to queue
[2023-06-01T08:49:28.812+0000] {logging_mixin.py:137} INFO - [2023-06-01T08:49:28.812+0000] {dagbag.py:538} INFO - Filling up the DagBag from /home/airflow/.local/lib/python3.7/site-packages/airflow/example_dags/example_dag_decorator.py
[2023-06-01T08:49:28.830+0000] {logging_mixin.py:137} INFO - [2023-06-01T08:49:28.830+0000] {taskmixin.py:205} WARNING - Dependency <Task(_PythonDecoratedOperator): prepare_email>, send_email already registered for DAG: example_dag_decorator
[2023-06-01T08:49:28.831+0000] {logging_mixin.py:137} INFO - [2023-06-01T08:49:28.830+0000] {taskmixin.py:205} WARNING - Dependency <Task(EmailOperator): send_email>, prepare_email already registered for DAG: example_dag_decorator
[2023-06-01T08:49:28.842+0000] {processor.py:753} INFO - DAG(s) dict_keys(['example_dag_decorator']) retrieved from /home/airflow/.local/lib/python3.7/site-packages/airflow/example_dags/example_dag_decorator.py
[2023-06-01T08:49:28.904+0000] {logging_mixin.py:137} INFO - [2023-06-01T08:49:28.904+0000] {dag.py:2690} INFO - Sync 1 DAGs
[2023-06-01T08:49:28.929+0000] {logging_mixin.py:137} INFO - [2023-06-01T08:49:28.929+0000] {dag.py:3441} INFO - Setting next_dagrun for example_dag_decorator to None, run_after=None
[2023-06-01T08:49:28.954+0000] {processor.py:175} INFO - Processing /home/airflow/.local/lib/python3.7/site-packages/airflow/example_dags/example_dag_decorator.py took 0.147 seconds
[2023-06-01T08:49:59.285+0000] {processor.py:153} INFO - Started process (PID=555) to work on /home/airflow/.local/lib/python3.7/site-packages/airflow/example_dags/example_dag_decorator.py
[2023-06-01T08:49:59.286+0000] {processor.py:743} INFO - Processing file /home/airflow/.local/lib/python3.7/site-packages/airflow/example_dags/example_dag_decorator.py for tasks to queue
[2023-06-01T08:49:59.287+0000] {logging_mixin.py:137} INFO - [2023-06-01T08:49:59.287+0000] {dagbag.py:538} INFO - Filling up the DagBag from /home/airflow/.local/lib/python3.7/site-packages/airflow/example_dags/example_dag_decorator.py
[2023-06-01T08:49:59.304+0000] {logging_mixin.py:137} INFO - [2023-06-01T08:49:59.304+0000] {taskmixin.py:205} WARNING - Dependency <Task(_PythonDecoratedOperator): prepare_email>, send_email already registered for DAG: example_dag_decorator
[2023-06-01T08:49:59.304+0000] {logging_mixin.py:137} INFO - [2023-06-01T08:49:59.304+0000] {taskmixin.py:205} WARNING - Dependency <Task(EmailOperator): send_email>, prepare_email already registered for DAG: example_dag_decorator
[2023-06-01T08:49:59.316+0000] {processor.py:753} INFO - DAG(s) dict_keys(['example_dag_decorator']) retrieved from /home/airflow/.local/lib/python3.7/site-packages/airflow/example_dags/example_dag_decorator.py
[2023-06-01T08:49:59.394+0000] {logging_mixin.py:137} INFO - [2023-06-01T08:49:59.394+0000] {dag.py:2690} INFO - Sync 1 DAGs
[2023-06-01T08:49:59.420+0000] {logging_mixin.py:137} INFO - [2023-06-01T08:49:59.420+0000] {dag.py:3441} INFO - Setting next_dagrun for example_dag_decorator to None, run_after=None
[2023-06-01T08:49:59.444+0000] {processor.py:175} INFO - Processing /home/airflow/.local/lib/python3.7/site-packages/airflow/example_dags/example_dag_decorator.py took 0.162 seconds
[2023-06-01T08:50:29.782+0000] {processor.py:153} INFO - Started process (PID=666) to work on /home/airflow/.local/lib/python3.7/site-packages/airflow/example_dags/example_dag_decorator.py
[2023-06-01T08:50:29.783+0000] {processor.py:743} INFO - Processing file /home/airflow/.local/lib/python3.7/site-packages/airflow/example_dags/example_dag_decorator.py for tasks to queue
[2023-06-01T08:50:29.783+0000] {logging_mixin.py:137} INFO - [2023-06-01T08:50:29.783+0000] {dagbag.py:538} INFO - Filling up the DagBag from /home/airflow/.local/lib/python3.7/site-packages/airflow/example_dags/example_dag_decorator.py
[2023-06-01T08:50:29.799+0000] {logging_mixin.py:137} INFO - [2023-06-01T08:50:29.799+0000] {taskmixin.py:205} WARNING - Dependency <Task(_PythonDecoratedOperator): prepare_email>, send_email already registered for DAG: example_dag_decorator
[2023-06-01T08:50:29.800+0000] {logging_mixin.py:137} INFO - [2023-06-01T08:50:29.800+0000] {taskmixin.py:205} WARNING - Dependency <Task(EmailOperator): send_email>, prepare_email already registered for DAG: example_dag_decorator
[2023-06-01T08:50:29.811+0000] {processor.py:753} INFO - DAG(s) dict_keys(['example_dag_decorator']) retrieved from /home/airflow/.local/lib/python3.7/site-packages/airflow/example_dags/example_dag_decorator.py
[2023-06-01T08:50:29.877+0000] {logging_mixin.py:137} INFO - [2023-06-01T08:50:29.877+0000] {dag.py:2690} INFO - Sync 1 DAGs
[2023-06-01T08:50:29.901+0000] {logging_mixin.py:137} INFO - [2023-06-01T08:50:29.901+0000] {dag.py:3441} INFO - Setting next_dagrun for example_dag_decorator to None, run_after=None
[2023-06-01T08:50:29.930+0000] {processor.py:175} INFO - Processing /home/airflow/.local/lib/python3.7/site-packages/airflow/example_dags/example_dag_decorator.py took 0.151 seconds
[2023-06-01T08:51:00.361+0000] {processor.py:153} INFO - Started process (PID=753) to work on /home/airflow/.local/lib/python3.7/site-packages/airflow/example_dags/example_dag_decorator.py
[2023-06-01T08:51:00.362+0000] {processor.py:743} INFO - Processing file /home/airflow/.local/lib/python3.7/site-packages/airflow/example_dags/example_dag_decorator.py for tasks to queue
[2023-06-01T08:51:00.363+0000] {logging_mixin.py:137} INFO - [2023-06-01T08:51:00.363+0000] {dagbag.py:538} INFO - Filling up the DagBag from /home/airflow/.local/lib/python3.7/site-packages/airflow/example_dags/example_dag_decorator.py
[2023-06-01T08:51:00.381+0000] {logging_mixin.py:137} INFO - [2023-06-01T08:51:00.381+0000] {taskmixin.py:205} WARNING - Dependency <Task(_PythonDecoratedOperator): prepare_email>, send_email already registered for DAG: example_dag_decorator
[2023-06-01T08:51:00.381+0000] {logging_mixin.py:137} INFO - [2023-06-01T08:51:00.381+0000] {taskmixin.py:205} WARNING - Dependency <Task(EmailOperator): send_email>, prepare_email already registered for DAG: example_dag_decorator
[2023-06-01T08:51:00.394+0000] {processor.py:753} INFO - DAG(s) dict_keys(['example_dag_decorator']) retrieved from /home/airflow/.local/lib/python3.7/site-packages/airflow/example_dags/example_dag_decorator.py
[2023-06-01T08:51:00.460+0000] {logging_mixin.py:137} INFO - [2023-06-01T08:51:00.460+0000] {dag.py:2690} INFO - Sync 1 DAGs
[2023-06-01T08:51:00.483+0000] {logging_mixin.py:137} INFO - [2023-06-01T08:51:00.482+0000] {dag.py:3441} INFO - Setting next_dagrun for example_dag_decorator to None, run_after=None
[2023-06-01T08:51:00.502+0000] {processor.py:175} INFO - Processing /home/airflow/.local/lib/python3.7/site-packages/airflow/example_dags/example_dag_decorator.py took 0.144 seconds
[2023-06-01T08:51:30.660+0000] {processor.py:153} INFO - Started process (PID=847) to work on /home/airflow/.local/lib/python3.7/site-packages/airflow/example_dags/example_dag_decorator.py
[2023-06-01T08:51:30.661+0000] {processor.py:743} INFO - Processing file /home/airflow/.local/lib/python3.7/site-packages/airflow/example_dags/example_dag_decorator.py for tasks to queue
[2023-06-01T08:51:30.662+0000] {logging_mixin.py:137} INFO - [2023-06-01T08:51:30.662+0000] {dagbag.py:538} INFO - Filling up the DagBag from /home/airflow/.local/lib/python3.7/site-packages/airflow/example_dags/example_dag_decorator.py
[2023-06-01T08:51:30.682+0000] {logging_mixin.py:137} INFO - [2023-06-01T08:51:30.682+0000] {taskmixin.py:205} WARNING - Dependency <Task(_PythonDecoratedOperator): prepare_email>, send_email already registered for DAG: example_dag_decorator
[2023-06-01T08:51:30.682+0000] {logging_mixin.py:137} INFO - [2023-06-01T08:51:30.682+0000] {taskmixin.py:205} WARNING - Dependency <Task(EmailOperator): send_email>, prepare_email already registered for DAG: example_dag_decorator
[2023-06-01T08:51:30.695+0000] {processor.py:753} INFO - DAG(s) dict_keys(['example_dag_decorator']) retrieved from /home/airflow/.local/lib/python3.7/site-packages/airflow/example_dags/example_dag_decorator.py
[2023-06-01T08:51:30.760+0000] {logging_mixin.py:137} INFO - [2023-06-01T08:51:30.760+0000] {dag.py:2690} INFO - Sync 1 DAGs
[2023-06-01T08:51:30.789+0000] {logging_mixin.py:137} INFO - [2023-06-01T08:51:30.789+0000] {dag.py:3441} INFO - Setting next_dagrun for example_dag_decorator to None, run_after=None
[2023-06-01T08:51:30.813+0000] {processor.py:175} INFO - Processing /home/airflow/.local/lib/python3.7/site-packages/airflow/example_dags/example_dag_decorator.py took 0.156 seconds
[2023-06-01T08:52:01.308+0000] {processor.py:153} INFO - Started process (PID=951) to work on /home/airflow/.local/lib/python3.7/site-packages/airflow/example_dags/example_dag_decorator.py
[2023-06-01T08:52:01.309+0000] {processor.py:743} INFO - Processing file /home/airflow/.local/lib/python3.7/site-packages/airflow/example_dags/example_dag_decorator.py for tasks to queue
[2023-06-01T08:52:01.310+0000] {logging_mixin.py:137} INFO - [2023-06-01T08:52:01.310+0000] {dagbag.py:538} INFO - Filling up the DagBag from /home/airflow/.local/lib/python3.7/site-packages/airflow/example_dags/example_dag_decorator.py
[2023-06-01T08:52:01.331+0000] {logging_mixin.py:137} INFO - [2023-06-01T08:52:01.331+0000] {taskmixin.py:205} WARNING - Dependency <Task(_PythonDecoratedOperator): prepare_email>, send_email already registered for DAG: example_dag_decorator
[2023-06-01T08:52:01.331+0000] {logging_mixin.py:137} INFO - [2023-06-01T08:52:01.331+0000] {taskmixin.py:205} WARNING - Dependency <Task(EmailOperator): send_email>, prepare_email already registered for DAG: example_dag_decorator
[2023-06-01T08:52:01.348+0000] {processor.py:753} INFO - DAG(s) dict_keys(['example_dag_decorator']) retrieved from /home/airflow/.local/lib/python3.7/site-packages/airflow/example_dags/example_dag_decorator.py
[2023-06-01T08:52:01.424+0000] {logging_mixin.py:137} INFO - [2023-06-01T08:52:01.424+0000] {dag.py:2690} INFO - Sync 1 DAGs
[2023-06-01T08:52:01.450+0000] {logging_mixin.py:137} INFO - [2023-06-01T08:52:01.450+0000] {dag.py:3441} INFO - Setting next_dagrun for example_dag_decorator to None, run_after=None
[2023-06-01T08:52:01.477+0000] {processor.py:175} INFO - Processing /home/airflow/.local/lib/python3.7/site-packages/airflow/example_dags/example_dag_decorator.py took 0.173 seconds
[2023-06-01T08:52:31.869+0000] {processor.py:153} INFO - Started process (PID=1038) to work on /home/airflow/.local/lib/python3.7/site-packages/airflow/example_dags/example_dag_decorator.py
[2023-06-01T08:52:31.871+0000] {processor.py:743} INFO - Processing file /home/airflow/.local/lib/python3.7/site-packages/airflow/example_dags/example_dag_decorator.py for tasks to queue
[2023-06-01T08:52:31.871+0000] {logging_mixin.py:137} INFO - [2023-06-01T08:52:31.871+0000] {dagbag.py:538} INFO - Filling up the DagBag from /home/airflow/.local/lib/python3.7/site-packages/airflow/example_dags/example_dag_decorator.py
[2023-06-01T08:52:31.891+0000] {logging_mixin.py:137} INFO - [2023-06-01T08:52:31.891+0000] {taskmixin.py:205} WARNING - Dependency <Task(_PythonDecoratedOperator): prepare_email>, send_email already registered for DAG: example_dag_decorator
[2023-06-01T08:52:31.891+0000] {logging_mixin.py:137} INFO - [2023-06-01T08:52:31.891+0000] {taskmixin.py:205} WARNING - Dependency <Task(EmailOperator): send_email>, prepare_email already registered for DAG: example_dag_decorator
[2023-06-01T08:52:31.903+0000] {processor.py:753} INFO - DAG(s) dict_keys(['example_dag_decorator']) retrieved from /home/airflow/.local/lib/python3.7/site-packages/airflow/example_dags/example_dag_decorator.py
[2023-06-01T08:52:31.992+0000] {logging_mixin.py:137} INFO - [2023-06-01T08:52:31.991+0000] {dag.py:2690} INFO - Sync 1 DAGs
[2023-06-01T08:52:32.019+0000] {logging_mixin.py:137} INFO - [2023-06-01T08:52:32.019+0000] {dag.py:3441} INFO - Setting next_dagrun for example_dag_decorator to None, run_after=None
[2023-06-01T08:52:32.046+0000] {processor.py:175} INFO - Processing /home/airflow/.local/lib/python3.7/site-packages/airflow/example_dags/example_dag_decorator.py took 0.181 seconds
[2023-06-01T08:53:02.274+0000] {processor.py:153} INFO - Started process (PID=1125) to work on /home/airflow/.local/lib/python3.7/site-packages/airflow/example_dags/example_dag_decorator.py
[2023-06-01T08:53:02.276+0000] {processor.py:743} INFO - Processing file /home/airflow/.local/lib/python3.7/site-packages/airflow/example_dags/example_dag_decorator.py for tasks to queue
[2023-06-01T08:53:02.277+0000] {logging_mixin.py:137} INFO - [2023-06-01T08:53:02.276+0000] {dagbag.py:538} INFO - Filling up the DagBag from /home/airflow/.local/lib/python3.7/site-packages/airflow/example_dags/example_dag_decorator.py
[2023-06-01T08:53:02.296+0000] {logging_mixin.py:137} INFO - [2023-06-01T08:53:02.295+0000] {taskmixin.py:205} WARNING - Dependency <Task(_PythonDecoratedOperator): prepare_email>, send_email already registered for DAG: example_dag_decorator
[2023-06-01T08:53:02.296+0000] {logging_mixin.py:137} INFO - [2023-06-01T08:53:02.296+0000] {taskmixin.py:205} WARNING - Dependency <Task(EmailOperator): send_email>, prepare_email already registered for DAG: example_dag_decorator
[2023-06-01T08:53:02.309+0000] {processor.py:753} INFO - DAG(s) dict_keys(['example_dag_decorator']) retrieved from /home/airflow/.local/lib/python3.7/site-packages/airflow/example_dags/example_dag_decorator.py
[2023-06-01T08:53:02.381+0000] {logging_mixin.py:137} INFO - [2023-06-01T08:53:02.380+0000] {dag.py:2690} INFO - Sync 1 DAGs
[2023-06-01T08:53:02.409+0000] {logging_mixin.py:137} INFO - [2023-06-01T08:53:02.409+0000] {dag.py:3441} INFO - Setting next_dagrun for example_dag_decorator to None, run_after=None
[2023-06-01T08:53:02.432+0000] {processor.py:175} INFO - Processing /home/airflow/.local/lib/python3.7/site-packages/airflow/example_dags/example_dag_decorator.py took 0.163 seconds
[2023-06-01T08:53:33.244+0000] {processor.py:153} INFO - Started process (PID=1236) to work on /home/airflow/.local/lib/python3.7/site-packages/airflow/example_dags/example_dag_decorator.py
[2023-06-01T08:53:33.245+0000] {processor.py:743} INFO - Processing file /home/airflow/.local/lib/python3.7/site-packages/airflow/example_dags/example_dag_decorator.py for tasks to queue
[2023-06-01T08:53:33.246+0000] {logging_mixin.py:137} INFO - [2023-06-01T08:53:33.246+0000] {dagbag.py:538} INFO - Filling up the DagBag from /home/airflow/.local/lib/python3.7/site-packages/airflow/example_dags/example_dag_decorator.py
[2023-06-01T08:53:33.264+0000] {logging_mixin.py:137} INFO - [2023-06-01T08:53:33.263+0000] {taskmixin.py:205} WARNING - Dependency <Task(_PythonDecoratedOperator): prepare_email>, send_email already registered for DAG: example_dag_decorator
[2023-06-01T08:53:33.264+0000] {logging_mixin.py:137} INFO - [2023-06-01T08:53:33.264+0000] {taskmixin.py:205} WARNING - Dependency <Task(EmailOperator): send_email>, prepare_email already registered for DAG: example_dag_decorator
[2023-06-01T08:53:33.275+0000] {processor.py:753} INFO - DAG(s) dict_keys(['example_dag_decorator']) retrieved from /home/airflow/.local/lib/python3.7/site-packages/airflow/example_dags/example_dag_decorator.py
[2023-06-01T08:53:33.341+0000] {logging_mixin.py:137} INFO - [2023-06-01T08:53:33.341+0000] {dag.py:2690} INFO - Sync 1 DAGs
[2023-06-01T08:53:33.373+0000] {logging_mixin.py:137} INFO - [2023-06-01T08:53:33.373+0000] {dag.py:3441} INFO - Setting next_dagrun for example_dag_decorator to None, run_after=None
[2023-06-01T08:53:33.395+0000] {processor.py:175} INFO - Processing /home/airflow/.local/lib/python3.7/site-packages/airflow/example_dags/example_dag_decorator.py took 0.155 seconds
[2023-06-01T08:54:03.466+0000] {processor.py:153} INFO - Started process (PID=1323) to work on /home/airflow/.local/lib/python3.7/site-packages/airflow/example_dags/example_dag_decorator.py
[2023-06-01T08:54:03.467+0000] {processor.py:743} INFO - Processing file /home/airflow/.local/lib/python3.7/site-packages/airflow/example_dags/example_dag_decorator.py for tasks to queue
[2023-06-01T08:54:03.468+0000] {logging_mixin.py:137} INFO - [2023-06-01T08:54:03.468+0000] {dagbag.py:538} INFO - Filling up the DagBag from /home/airflow/.local/lib/python3.7/site-packages/airflow/example_dags/example_dag_decorator.py
[2023-06-01T08:54:03.485+0000] {logging_mixin.py:137} INFO - [2023-06-01T08:54:03.485+0000] {taskmixin.py:205} WARNING - Dependency <Task(_PythonDecoratedOperator): prepare_email>, send_email already registered for DAG: example_dag_decorator
[2023-06-01T08:54:03.485+0000] {logging_mixin.py:137} INFO - [2023-06-01T08:54:03.485+0000] {taskmixin.py:205} WARNING - Dependency <Task(EmailOperator): send_email>, prepare_email already registered for DAG: example_dag_decorator
[2023-06-01T08:54:03.496+0000] {processor.py:753} INFO - DAG(s) dict_keys(['example_dag_decorator']) retrieved from /home/airflow/.local/lib/python3.7/site-packages/airflow/example_dags/example_dag_decorator.py
[2023-06-01T08:54:03.564+0000] {logging_mixin.py:137} INFO - [2023-06-01T08:54:03.564+0000] {dag.py:2690} INFO - Sync 1 DAGs
[2023-06-01T08:54:03.588+0000] {logging_mixin.py:137} INFO - [2023-06-01T08:54:03.587+0000] {dag.py:3441} INFO - Setting next_dagrun for example_dag_decorator to None, run_after=None
[2023-06-01T08:54:03.607+0000] {processor.py:175} INFO - Processing /home/airflow/.local/lib/python3.7/site-packages/airflow/example_dags/example_dag_decorator.py took 0.144 seconds
[2023-06-01T08:54:33.757+0000] {processor.py:153} INFO - Started process (PID=1410) to work on /home/airflow/.local/lib/python3.7/site-packages/airflow/example_dags/example_dag_decorator.py
[2023-06-01T08:54:33.759+0000] {processor.py:743} INFO - Processing file /home/airflow/.local/lib/python3.7/site-packages/airflow/example_dags/example_dag_decorator.py for tasks to queue
[2023-06-01T08:54:33.759+0000] {logging_mixin.py:137} INFO - [2023-06-01T08:54:33.759+0000] {dagbag.py:538} INFO - Filling up the DagBag from /home/airflow/.local/lib/python3.7/site-packages/airflow/example_dags/example_dag_decorator.py
[2023-06-01T08:54:33.776+0000] {logging_mixin.py:137} INFO - [2023-06-01T08:54:33.776+0000] {taskmixin.py:205} WARNING - Dependency <Task(_PythonDecoratedOperator): prepare_email>, send_email already registered for DAG: example_dag_decorator
[2023-06-01T08:54:33.776+0000] {logging_mixin.py:137} INFO - [2023-06-01T08:54:33.776+0000] {taskmixin.py:205} WARNING - Dependency <Task(EmailOperator): send_email>, prepare_email already registered for DAG: example_dag_decorator
[2023-06-01T08:54:33.787+0000] {processor.py:753} INFO - DAG(s) dict_keys(['example_dag_decorator']) retrieved from /home/airflow/.local/lib/python3.7/site-packages/airflow/example_dags/example_dag_decorator.py
[2023-06-01T08:54:33.857+0000] {logging_mixin.py:137} INFO - [2023-06-01T08:54:33.857+0000] {dag.py:2690} INFO - Sync 1 DAGs
[2023-06-01T08:54:33.879+0000] {logging_mixin.py:137} INFO - [2023-06-01T08:54:33.878+0000] {dag.py:3441} INFO - Setting next_dagrun for example_dag_decorator to None, run_after=None
[2023-06-01T08:54:33.903+0000] {processor.py:175} INFO - Processing /home/airflow/.local/lib/python3.7/site-packages/airflow/example_dags/example_dag_decorator.py took 0.149 seconds
[2023-06-01T08:55:04.105+0000] {processor.py:153} INFO - Started process (PID=1506) to work on /home/airflow/.local/lib/python3.7/site-packages/airflow/example_dags/example_dag_decorator.py
[2023-06-01T08:55:04.106+0000] {processor.py:743} INFO - Processing file /home/airflow/.local/lib/python3.7/site-packages/airflow/example_dags/example_dag_decorator.py for tasks to queue
[2023-06-01T08:55:04.107+0000] {logging_mixin.py:137} INFO - [2023-06-01T08:55:04.107+0000] {dagbag.py:538} INFO - Filling up the DagBag from /home/airflow/.local/lib/python3.7/site-packages/airflow/example_dags/example_dag_decorator.py
[2023-06-01T08:55:04.124+0000] {logging_mixin.py:137} INFO - [2023-06-01T08:55:04.124+0000] {taskmixin.py:205} WARNING - Dependency <Task(_PythonDecoratedOperator): prepare_email>, send_email already registered for DAG: example_dag_decorator
[2023-06-01T08:55:04.124+0000] {logging_mixin.py:137} INFO - [2023-06-01T08:55:04.124+0000] {taskmixin.py:205} WARNING - Dependency <Task(EmailOperator): send_email>, prepare_email already registered for DAG: example_dag_decorator
[2023-06-01T08:55:04.136+0000] {processor.py:753} INFO - DAG(s) dict_keys(['example_dag_decorator']) retrieved from /home/airflow/.local/lib/python3.7/site-packages/airflow/example_dags/example_dag_decorator.py
[2023-06-01T08:55:04.203+0000] {logging_mixin.py:137} INFO - [2023-06-01T08:55:04.203+0000] {dag.py:2690} INFO - Sync 1 DAGs
[2023-06-01T08:55:04.234+0000] {logging_mixin.py:137} INFO - [2023-06-01T08:55:04.234+0000] {dag.py:3441} INFO - Setting next_dagrun for example_dag_decorator to None, run_after=None
[2023-06-01T08:55:04.258+0000] {processor.py:175} INFO - Processing /home/airflow/.local/lib/python3.7/site-packages/airflow/example_dags/example_dag_decorator.py took 0.156 seconds
[2023-06-01T08:55:35.245+0000] {processor.py:153} INFO - Started process (PID=1608) to work on /home/airflow/.local/lib/python3.7/site-packages/airflow/example_dags/example_dag_decorator.py
[2023-06-01T08:55:35.247+0000] {processor.py:743} INFO - Processing file /home/airflow/.local/lib/python3.7/site-packages/airflow/example_dags/example_dag_decorator.py for tasks to queue
[2023-06-01T08:55:35.247+0000] {logging_mixin.py:137} INFO - [2023-06-01T08:55:35.247+0000] {dagbag.py:538} INFO - Filling up the DagBag from /home/airflow/.local/lib/python3.7/site-packages/airflow/example_dags/example_dag_decorator.py
[2023-06-01T08:55:35.268+0000] {logging_mixin.py:137} INFO - [2023-06-01T08:55:35.267+0000] {taskmixin.py:205} WARNING - Dependency <Task(_PythonDecoratedOperator): prepare_email>, send_email already registered for DAG: example_dag_decorator
[2023-06-01T08:55:35.268+0000] {logging_mixin.py:137} INFO - [2023-06-01T08:55:35.268+0000] {taskmixin.py:205} WARNING - Dependency <Task(EmailOperator): send_email>, prepare_email already registered for DAG: example_dag_decorator
[2023-06-01T08:55:35.283+0000] {processor.py:753} INFO - DAG(s) dict_keys(['example_dag_decorator']) retrieved from /home/airflow/.local/lib/python3.7/site-packages/airflow/example_dags/example_dag_decorator.py
[2023-06-01T08:55:35.366+0000] {logging_mixin.py:137} INFO - [2023-06-01T08:55:35.366+0000] {dag.py:2690} INFO - Sync 1 DAGs
[2023-06-01T08:55:35.391+0000] {logging_mixin.py:137} INFO - [2023-06-01T08:55:35.391+0000] {dag.py:3441} INFO - Setting next_dagrun for example_dag_decorator to None, run_after=None
[2023-06-01T08:55:35.421+0000] {processor.py:175} INFO - Processing /home/airflow/.local/lib/python3.7/site-packages/airflow/example_dags/example_dag_decorator.py took 0.179 seconds
[2023-06-01T08:56:06.480+0000] {processor.py:153} INFO - Started process (PID=1695) to work on /home/airflow/.local/lib/python3.7/site-packages/airflow/example_dags/example_dag_decorator.py
[2023-06-01T08:56:06.481+0000] {processor.py:743} INFO - Processing file /home/airflow/.local/lib/python3.7/site-packages/airflow/example_dags/example_dag_decorator.py for tasks to queue
[2023-06-01T08:56:06.481+0000] {logging_mixin.py:137} INFO - [2023-06-01T08:56:06.481+0000] {dagbag.py:538} INFO - Filling up the DagBag from /home/airflow/.local/lib/python3.7/site-packages/airflow/example_dags/example_dag_decorator.py
[2023-06-01T08:56:06.500+0000] {logging_mixin.py:137} INFO - [2023-06-01T08:56:06.500+0000] {taskmixin.py:205} WARNING - Dependency <Task(_PythonDecoratedOperator): prepare_email>, send_email already registered for DAG: example_dag_decorator
[2023-06-01T08:56:06.501+0000] {logging_mixin.py:137} INFO - [2023-06-01T08:56:06.500+0000] {taskmixin.py:205} WARNING - Dependency <Task(EmailOperator): send_email>, prepare_email already registered for DAG: example_dag_decorator
[2023-06-01T08:56:06.516+0000] {processor.py:753} INFO - DAG(s) dict_keys(['example_dag_decorator']) retrieved from /home/airflow/.local/lib/python3.7/site-packages/airflow/example_dags/example_dag_decorator.py
[2023-06-01T08:56:06.593+0000] {logging_mixin.py:137} INFO - [2023-06-01T08:56:06.592+0000] {dag.py:2690} INFO - Sync 1 DAGs
[2023-06-01T08:56:06.616+0000] {logging_mixin.py:137} INFO - [2023-06-01T08:56:06.616+0000] {dag.py:3441} INFO - Setting next_dagrun for example_dag_decorator to None, run_after=None
[2023-06-01T08:56:06.639+0000] {processor.py:175} INFO - Processing /home/airflow/.local/lib/python3.7/site-packages/airflow/example_dags/example_dag_decorator.py took 0.164 seconds
[2023-06-01T08:56:36.960+0000] {processor.py:153} INFO - Started process (PID=1791) to work on /home/airflow/.local/lib/python3.7/site-packages/airflow/example_dags/example_dag_decorator.py
[2023-06-01T08:56:36.961+0000] {processor.py:743} INFO - Processing file /home/airflow/.local/lib/python3.7/site-packages/airflow/example_dags/example_dag_decorator.py for tasks to queue
[2023-06-01T08:56:36.962+0000] {logging_mixin.py:137} INFO - [2023-06-01T08:56:36.961+0000] {dagbag.py:538} INFO - Filling up the DagBag from /home/airflow/.local/lib/python3.7/site-packages/airflow/example_dags/example_dag_decorator.py
[2023-06-01T08:56:36.980+0000] {logging_mixin.py:137} INFO - [2023-06-01T08:56:36.979+0000] {taskmixin.py:205} WARNING - Dependency <Task(_PythonDecoratedOperator): prepare_email>, send_email already registered for DAG: example_dag_decorator
[2023-06-01T08:56:36.980+0000] {logging_mixin.py:137} INFO - [2023-06-01T08:56:36.980+0000] {taskmixin.py:205} WARNING - Dependency <Task(EmailOperator): send_email>, prepare_email already registered for DAG: example_dag_decorator
[2023-06-01T08:56:36.993+0000] {processor.py:753} INFO - DAG(s) dict_keys(['example_dag_decorator']) retrieved from /home/airflow/.local/lib/python3.7/site-packages/airflow/example_dags/example_dag_decorator.py
[2023-06-01T08:56:37.061+0000] {logging_mixin.py:137} INFO - [2023-06-01T08:56:37.060+0000] {dag.py:2690} INFO - Sync 1 DAGs
[2023-06-01T08:56:37.085+0000] {logging_mixin.py:137} INFO - [2023-06-01T08:56:37.085+0000] {dag.py:3441} INFO - Setting next_dagrun for example_dag_decorator to None, run_after=None
[2023-06-01T08:56:37.106+0000] {processor.py:175} INFO - Processing /home/airflow/.local/lib/python3.7/site-packages/airflow/example_dags/example_dag_decorator.py took 0.150 seconds
[2023-06-01T08:57:07.707+0000] {processor.py:153} INFO - Started process (PID=1893) to work on /home/airflow/.local/lib/python3.7/site-packages/airflow/example_dags/example_dag_decorator.py
[2023-06-01T08:57:07.709+0000] {processor.py:743} INFO - Processing file /home/airflow/.local/lib/python3.7/site-packages/airflow/example_dags/example_dag_decorator.py for tasks to queue
[2023-06-01T08:57:07.710+0000] {logging_mixin.py:137} INFO - [2023-06-01T08:57:07.710+0000] {dagbag.py:538} INFO - Filling up the DagBag from /home/airflow/.local/lib/python3.7/site-packages/airflow/example_dags/example_dag_decorator.py
[2023-06-01T08:57:07.733+0000] {logging_mixin.py:137} INFO - [2023-06-01T08:57:07.733+0000] {taskmixin.py:205} WARNING - Dependency <Task(_PythonDecoratedOperator): prepare_email>, send_email already registered for DAG: example_dag_decorator
[2023-06-01T08:57:07.734+0000] {logging_mixin.py:137} INFO - [2023-06-01T08:57:07.733+0000] {taskmixin.py:205} WARNING - Dependency <Task(EmailOperator): send_email>, prepare_email already registered for DAG: example_dag_decorator
[2023-06-01T08:57:07.749+0000] {processor.py:753} INFO - DAG(s) dict_keys(['example_dag_decorator']) retrieved from /home/airflow/.local/lib/python3.7/site-packages/airflow/example_dags/example_dag_decorator.py
[2023-06-01T08:57:07.875+0000] {logging_mixin.py:137} INFO - [2023-06-01T08:57:07.874+0000] {dag.py:2690} INFO - Sync 1 DAGs
[2023-06-01T08:57:07.906+0000] {logging_mixin.py:137} INFO - [2023-06-01T08:57:07.906+0000] {dag.py:3441} INFO - Setting next_dagrun for example_dag_decorator to None, run_after=None
[2023-06-01T08:57:07.929+0000] {processor.py:175} INFO - Processing /home/airflow/.local/lib/python3.7/site-packages/airflow/example_dags/example_dag_decorator.py took 0.225 seconds
[2023-06-01T08:57:38.207+0000] {processor.py:153} INFO - Started process (PID=1980) to work on /home/airflow/.local/lib/python3.7/site-packages/airflow/example_dags/example_dag_decorator.py
[2023-06-01T08:57:38.207+0000] {processor.py:743} INFO - Processing file /home/airflow/.local/lib/python3.7/site-packages/airflow/example_dags/example_dag_decorator.py for tasks to queue
[2023-06-01T08:57:38.208+0000] {logging_mixin.py:137} INFO - [2023-06-01T08:57:38.208+0000] {dagbag.py:538} INFO - Filling up the DagBag from /home/airflow/.local/lib/python3.7/site-packages/airflow/example_dags/example_dag_decorator.py
[2023-06-01T08:57:38.227+0000] {logging_mixin.py:137} INFO - [2023-06-01T08:57:38.226+0000] {taskmixin.py:205} WARNING - Dependency <Task(_PythonDecoratedOperator): prepare_email>, send_email already registered for DAG: example_dag_decorator
[2023-06-01T08:57:38.227+0000] {logging_mixin.py:137} INFO - [2023-06-01T08:57:38.227+0000] {taskmixin.py:205} WARNING - Dependency <Task(EmailOperator): send_email>, prepare_email already registered for DAG: example_dag_decorator
[2023-06-01T08:57:38.240+0000] {processor.py:753} INFO - DAG(s) dict_keys(['example_dag_decorator']) retrieved from /home/airflow/.local/lib/python3.7/site-packages/airflow/example_dags/example_dag_decorator.py
[2023-06-01T08:57:38.318+0000] {logging_mixin.py:137} INFO - [2023-06-01T08:57:38.317+0000] {dag.py:2690} INFO - Sync 1 DAGs
[2023-06-01T08:57:38.345+0000] {logging_mixin.py:137} INFO - [2023-06-01T08:57:38.344+0000] {dag.py:3441} INFO - Setting next_dagrun for example_dag_decorator to None, run_after=None
[2023-06-01T08:57:38.371+0000] {processor.py:175} INFO - Processing /home/airflow/.local/lib/python3.7/site-packages/airflow/example_dags/example_dag_decorator.py took 0.168 seconds
[2023-06-01T08:58:09.447+0000] {processor.py:153} INFO - Started process (PID=2067) to work on /home/airflow/.local/lib/python3.7/site-packages/airflow/example_dags/example_dag_decorator.py
[2023-06-01T08:58:09.448+0000] {processor.py:743} INFO - Processing file /home/airflow/.local/lib/python3.7/site-packages/airflow/example_dags/example_dag_decorator.py for tasks to queue
[2023-06-01T08:58:09.449+0000] {logging_mixin.py:137} INFO - [2023-06-01T08:58:09.449+0000] {dagbag.py:538} INFO - Filling up the DagBag from /home/airflow/.local/lib/python3.7/site-packages/airflow/example_dags/example_dag_decorator.py
[2023-06-01T08:58:09.469+0000] {logging_mixin.py:137} INFO - [2023-06-01T08:58:09.469+0000] {taskmixin.py:205} WARNING - Dependency <Task(_PythonDecoratedOperator): prepare_email>, send_email already registered for DAG: example_dag_decorator
[2023-06-01T08:58:09.469+0000] {logging_mixin.py:137} INFO - [2023-06-01T08:58:09.469+0000] {taskmixin.py:205} WARNING - Dependency <Task(EmailOperator): send_email>, prepare_email already registered for DAG: example_dag_decorator
[2023-06-01T08:58:09.483+0000] {processor.py:753} INFO - DAG(s) dict_keys(['example_dag_decorator']) retrieved from /home/airflow/.local/lib/python3.7/site-packages/airflow/example_dags/example_dag_decorator.py
[2023-06-01T08:58:09.553+0000] {logging_mixin.py:137} INFO - [2023-06-01T08:58:09.553+0000] {dag.py:2690} INFO - Sync 1 DAGs
[2023-06-01T08:58:09.576+0000] {logging_mixin.py:137} INFO - [2023-06-01T08:58:09.576+0000] {dag.py:3441} INFO - Setting next_dagrun for example_dag_decorator to None, run_after=None
[2023-06-01T08:58:09.601+0000] {processor.py:175} INFO - Processing /home/airflow/.local/lib/python3.7/site-packages/airflow/example_dags/example_dag_decorator.py took 0.157 seconds
[2023-06-01T08:58:39.781+0000] {processor.py:153} INFO - Started process (PID=2178) to work on /home/airflow/.local/lib/python3.7/site-packages/airflow/example_dags/example_dag_decorator.py
[2023-06-01T08:58:39.781+0000] {processor.py:743} INFO - Processing file /home/airflow/.local/lib/python3.7/site-packages/airflow/example_dags/example_dag_decorator.py for tasks to queue
[2023-06-01T08:58:39.782+0000] {logging_mixin.py:137} INFO - [2023-06-01T08:58:39.782+0000] {dagbag.py:538} INFO - Filling up the DagBag from /home/airflow/.local/lib/python3.7/site-packages/airflow/example_dags/example_dag_decorator.py
[2023-06-01T08:58:39.800+0000] {logging_mixin.py:137} INFO - [2023-06-01T08:58:39.800+0000] {taskmixin.py:205} WARNING - Dependency <Task(_PythonDecoratedOperator): prepare_email>, send_email already registered for DAG: example_dag_decorator
[2023-06-01T08:58:39.801+0000] {logging_mixin.py:137} INFO - [2023-06-01T08:58:39.801+0000] {taskmixin.py:205} WARNING - Dependency <Task(EmailOperator): send_email>, prepare_email already registered for DAG: example_dag_decorator
[2023-06-01T08:58:39.814+0000] {processor.py:753} INFO - DAG(s) dict_keys(['example_dag_decorator']) retrieved from /home/airflow/.local/lib/python3.7/site-packages/airflow/example_dags/example_dag_decorator.py
[2023-06-01T08:58:39.883+0000] {logging_mixin.py:137} INFO - [2023-06-01T08:58:39.883+0000] {dag.py:2690} INFO - Sync 1 DAGs
[2023-06-01T08:58:39.908+0000] {logging_mixin.py:137} INFO - [2023-06-01T08:58:39.908+0000] {dag.py:3441} INFO - Setting next_dagrun for example_dag_decorator to None, run_after=None
[2023-06-01T08:58:39.932+0000] {processor.py:175} INFO - Processing /home/airflow/.local/lib/python3.7/site-packages/airflow/example_dags/example_dag_decorator.py took 0.154 seconds
[2023-06-01T08:59:10.604+0000] {processor.py:153} INFO - Started process (PID=2265) to work on /home/airflow/.local/lib/python3.7/site-packages/airflow/example_dags/example_dag_decorator.py
[2023-06-01T08:59:10.606+0000] {processor.py:743} INFO - Processing file /home/airflow/.local/lib/python3.7/site-packages/airflow/example_dags/example_dag_decorator.py for tasks to queue
[2023-06-01T08:59:10.607+0000] {logging_mixin.py:137} INFO - [2023-06-01T08:59:10.606+0000] {dagbag.py:538} INFO - Filling up the DagBag from /home/airflow/.local/lib/python3.7/site-packages/airflow/example_dags/example_dag_decorator.py
[2023-06-01T08:59:10.626+0000] {logging_mixin.py:137} INFO - [2023-06-01T08:59:10.625+0000] {taskmixin.py:205} WARNING - Dependency <Task(_PythonDecoratedOperator): prepare_email>, send_email already registered for DAG: example_dag_decorator
[2023-06-01T08:59:10.626+0000] {logging_mixin.py:137} INFO - [2023-06-01T08:59:10.626+0000] {taskmixin.py:205} WARNING - Dependency <Task(EmailOperator): send_email>, prepare_email already registered for DAG: example_dag_decorator
[2023-06-01T08:59:10.640+0000] {processor.py:753} INFO - DAG(s) dict_keys(['example_dag_decorator']) retrieved from /home/airflow/.local/lib/python3.7/site-packages/airflow/example_dags/example_dag_decorator.py
[2023-06-01T08:59:10.737+0000] {logging_mixin.py:137} INFO - [2023-06-01T08:59:10.736+0000] {dag.py:2690} INFO - Sync 1 DAGs
[2023-06-01T08:59:10.768+0000] {logging_mixin.py:137} INFO - [2023-06-01T08:59:10.767+0000] {dag.py:3441} INFO - Setting next_dagrun for example_dag_decorator to None, run_after=None
[2023-06-01T08:59:10.795+0000] {processor.py:175} INFO - Processing /home/airflow/.local/lib/python3.7/site-packages/airflow/example_dags/example_dag_decorator.py took 0.194 seconds
[2023-06-01T08:59:41.143+0000] {processor.py:153} INFO - Started process (PID=2352) to work on /home/airflow/.local/lib/python3.7/site-packages/airflow/example_dags/example_dag_decorator.py
[2023-06-01T08:59:41.144+0000] {processor.py:743} INFO - Processing file /home/airflow/.local/lib/python3.7/site-packages/airflow/example_dags/example_dag_decorator.py for tasks to queue
[2023-06-01T08:59:41.145+0000] {logging_mixin.py:137} INFO - [2023-06-01T08:59:41.144+0000] {dagbag.py:538} INFO - Filling up the DagBag from /home/airflow/.local/lib/python3.7/site-packages/airflow/example_dags/example_dag_decorator.py
[2023-06-01T08:59:41.162+0000] {logging_mixin.py:137} INFO - [2023-06-01T08:59:41.162+0000] {taskmixin.py:205} WARNING - Dependency <Task(_PythonDecoratedOperator): prepare_email>, send_email already registered for DAG: example_dag_decorator
[2023-06-01T08:59:41.162+0000] {logging_mixin.py:137} INFO - [2023-06-01T08:59:41.162+0000] {taskmixin.py:205} WARNING - Dependency <Task(EmailOperator): send_email>, prepare_email already registered for DAG: example_dag_decorator
[2023-06-01T08:59:41.173+0000] {processor.py:753} INFO - DAG(s) dict_keys(['example_dag_decorator']) retrieved from /home/airflow/.local/lib/python3.7/site-packages/airflow/example_dags/example_dag_decorator.py
[2023-06-01T08:59:41.245+0000] {logging_mixin.py:137} INFO - [2023-06-01T08:59:41.245+0000] {dag.py:2690} INFO - Sync 1 DAGs
[2023-06-01T08:59:41.272+0000] {logging_mixin.py:137} INFO - [2023-06-01T08:59:41.272+0000] {dag.py:3441} INFO - Setting next_dagrun for example_dag_decorator to None, run_after=None
[2023-06-01T08:59:41.299+0000] {processor.py:175} INFO - Processing /home/airflow/.local/lib/python3.7/site-packages/airflow/example_dags/example_dag_decorator.py took 0.160 seconds
[2023-06-01T09:00:12.115+0000] {processor.py:153} INFO - Started process (PID=2463) to work on /home/airflow/.local/lib/python3.7/site-packages/airflow/example_dags/example_dag_decorator.py
[2023-06-01T09:00:12.117+0000] {processor.py:743} INFO - Processing file /home/airflow/.local/lib/python3.7/site-packages/airflow/example_dags/example_dag_decorator.py for tasks to queue
[2023-06-01T09:00:12.118+0000] {logging_mixin.py:137} INFO - [2023-06-01T09:00:12.117+0000] {dagbag.py:538} INFO - Filling up the DagBag from /home/airflow/.local/lib/python3.7/site-packages/airflow/example_dags/example_dag_decorator.py
[2023-06-01T09:00:12.140+0000] {logging_mixin.py:137} INFO - [2023-06-01T09:00:12.139+0000] {taskmixin.py:205} WARNING - Dependency <Task(_PythonDecoratedOperator): prepare_email>, send_email already registered for DAG: example_dag_decorator
[2023-06-01T09:00:12.140+0000] {logging_mixin.py:137} INFO - [2023-06-01T09:00:12.140+0000] {taskmixin.py:205} WARNING - Dependency <Task(EmailOperator): send_email>, prepare_email already registered for DAG: example_dag_decorator
[2023-06-01T09:00:12.152+0000] {processor.py:753} INFO - DAG(s) dict_keys(['example_dag_decorator']) retrieved from /home/airflow/.local/lib/python3.7/site-packages/airflow/example_dags/example_dag_decorator.py
[2023-06-01T09:00:12.234+0000] {logging_mixin.py:137} INFO - [2023-06-01T09:00:12.234+0000] {dag.py:2690} INFO - Sync 1 DAGs
[2023-06-01T09:00:12.263+0000] {logging_mixin.py:137} INFO - [2023-06-01T09:00:12.263+0000] {dag.py:3441} INFO - Setting next_dagrun for example_dag_decorator to None, run_after=None
[2023-06-01T09:00:12.294+0000] {processor.py:175} INFO - Processing /home/airflow/.local/lib/python3.7/site-packages/airflow/example_dags/example_dag_decorator.py took 0.182 seconds
[2023-06-01T09:00:43.067+0000] {processor.py:153} INFO - Started process (PID=2550) to work on /home/airflow/.local/lib/python3.7/site-packages/airflow/example_dags/example_dag_decorator.py
[2023-06-01T09:00:43.068+0000] {processor.py:743} INFO - Processing file /home/airflow/.local/lib/python3.7/site-packages/airflow/example_dags/example_dag_decorator.py for tasks to queue
[2023-06-01T09:00:43.069+0000] {logging_mixin.py:137} INFO - [2023-06-01T09:00:43.069+0000] {dagbag.py:538} INFO - Filling up the DagBag from /home/airflow/.local/lib/python3.7/site-packages/airflow/example_dags/example_dag_decorator.py
[2023-06-01T09:00:43.087+0000] {logging_mixin.py:137} INFO - [2023-06-01T09:00:43.086+0000] {taskmixin.py:205} WARNING - Dependency <Task(_PythonDecoratedOperator): prepare_email>, send_email already registered for DAG: example_dag_decorator
[2023-06-01T09:00:43.087+0000] {logging_mixin.py:137} INFO - [2023-06-01T09:00:43.087+0000] {taskmixin.py:205} WARNING - Dependency <Task(EmailOperator): send_email>, prepare_email already registered for DAG: example_dag_decorator
[2023-06-01T09:00:43.099+0000] {processor.py:753} INFO - DAG(s) dict_keys(['example_dag_decorator']) retrieved from /home/airflow/.local/lib/python3.7/site-packages/airflow/example_dags/example_dag_decorator.py
[2023-06-01T09:00:43.174+0000] {logging_mixin.py:137} INFO - [2023-06-01T09:00:43.174+0000] {dag.py:2690} INFO - Sync 1 DAGs
[2023-06-01T09:00:43.204+0000] {logging_mixin.py:137} INFO - [2023-06-01T09:00:43.204+0000] {dag.py:3441} INFO - Setting next_dagrun for example_dag_decorator to None, run_after=None
[2023-06-01T09:00:43.233+0000] {processor.py:175} INFO - Processing /home/airflow/.local/lib/python3.7/site-packages/airflow/example_dags/example_dag_decorator.py took 0.169 seconds
[2023-06-01T09:01:13.789+0000] {processor.py:153} INFO - Started process (PID=2637) to work on /home/airflow/.local/lib/python3.7/site-packages/airflow/example_dags/example_dag_decorator.py
[2023-06-01T09:01:13.790+0000] {processor.py:743} INFO - Processing file /home/airflow/.local/lib/python3.7/site-packages/airflow/example_dags/example_dag_decorator.py for tasks to queue
[2023-06-01T09:01:13.791+0000] {logging_mixin.py:137} INFO - [2023-06-01T09:01:13.791+0000] {dagbag.py:538} INFO - Filling up the DagBag from /home/airflow/.local/lib/python3.7/site-packages/airflow/example_dags/example_dag_decorator.py
[2023-06-01T09:01:13.830+0000] {logging_mixin.py:137} INFO - [2023-06-01T09:01:13.830+0000] {taskmixin.py:205} WARNING - Dependency <Task(_PythonDecoratedOperator): prepare_email>, send_email already registered for DAG: example_dag_decorator
[2023-06-01T09:01:13.831+0000] {logging_mixin.py:137} INFO - [2023-06-01T09:01:13.831+0000] {taskmixin.py:205} WARNING - Dependency <Task(EmailOperator): send_email>, prepare_email already registered for DAG: example_dag_decorator
[2023-06-01T09:01:13.850+0000] {processor.py:753} INFO - DAG(s) dict_keys(['example_dag_decorator']) retrieved from /home/airflow/.local/lib/python3.7/site-packages/airflow/example_dags/example_dag_decorator.py
[2023-06-01T09:01:13.989+0000] {logging_mixin.py:137} INFO - [2023-06-01T09:01:13.989+0000] {dag.py:2690} INFO - Sync 1 DAGs
[2023-06-01T09:01:14.023+0000] {logging_mixin.py:137} INFO - [2023-06-01T09:01:14.022+0000] {dag.py:3441} INFO - Setting next_dagrun for example_dag_decorator to None, run_after=None
[2023-06-01T09:01:14.058+0000] {processor.py:175} INFO - Processing /home/airflow/.local/lib/python3.7/site-packages/airflow/example_dags/example_dag_decorator.py took 0.272 seconds
[2023-06-01T09:01:44.496+0000] {processor.py:153} INFO - Started process (PID=2724) to work on /home/airflow/.local/lib/python3.7/site-packages/airflow/example_dags/example_dag_decorator.py
[2023-06-01T09:01:44.498+0000] {processor.py:743} INFO - Processing file /home/airflow/.local/lib/python3.7/site-packages/airflow/example_dags/example_dag_decorator.py for tasks to queue
[2023-06-01T09:01:44.500+0000] {logging_mixin.py:137} INFO - [2023-06-01T09:01:44.499+0000] {dagbag.py:538} INFO - Filling up the DagBag from /home/airflow/.local/lib/python3.7/site-packages/airflow/example_dags/example_dag_decorator.py
[2023-06-01T09:01:44.522+0000] {logging_mixin.py:137} INFO - [2023-06-01T09:01:44.522+0000] {taskmixin.py:205} WARNING - Dependency <Task(_PythonDecoratedOperator): prepare_email>, send_email already registered for DAG: example_dag_decorator
[2023-06-01T09:01:44.523+0000] {logging_mixin.py:137} INFO - [2023-06-01T09:01:44.522+0000] {taskmixin.py:205} WARNING - Dependency <Task(EmailOperator): send_email>, prepare_email already registered for DAG: example_dag_decorator
[2023-06-01T09:01:44.535+0000] {processor.py:753} INFO - DAG(s) dict_keys(['example_dag_decorator']) retrieved from /home/airflow/.local/lib/python3.7/site-packages/airflow/example_dags/example_dag_decorator.py
[2023-06-01T09:01:44.609+0000] {logging_mixin.py:137} INFO - [2023-06-01T09:01:44.608+0000] {dag.py:2690} INFO - Sync 1 DAGs
[2023-06-01T09:01:44.633+0000] {logging_mixin.py:137} INFO - [2023-06-01T09:01:44.633+0000] {dag.py:3441} INFO - Setting next_dagrun for example_dag_decorator to None, run_after=None
[2023-06-01T09:01:44.655+0000] {processor.py:175} INFO - Processing /home/airflow/.local/lib/python3.7/site-packages/airflow/example_dags/example_dag_decorator.py took 0.162 seconds
[2023-06-01T09:02:15.124+0000] {processor.py:153} INFO - Started process (PID=2835) to work on /home/airflow/.local/lib/python3.7/site-packages/airflow/example_dags/example_dag_decorator.py
[2023-06-01T09:02:15.125+0000] {processor.py:743} INFO - Processing file /home/airflow/.local/lib/python3.7/site-packages/airflow/example_dags/example_dag_decorator.py for tasks to queue
[2023-06-01T09:02:15.126+0000] {logging_mixin.py:137} INFO - [2023-06-01T09:02:15.126+0000] {dagbag.py:538} INFO - Filling up the DagBag from /home/airflow/.local/lib/python3.7/site-packages/airflow/example_dags/example_dag_decorator.py
[2023-06-01T09:02:15.144+0000] {logging_mixin.py:137} INFO - [2023-06-01T09:02:15.144+0000] {taskmixin.py:205} WARNING - Dependency <Task(_PythonDecoratedOperator): prepare_email>, send_email already registered for DAG: example_dag_decorator
[2023-06-01T09:02:15.144+0000] {logging_mixin.py:137} INFO - [2023-06-01T09:02:15.144+0000] {taskmixin.py:205} WARNING - Dependency <Task(EmailOperator): send_email>, prepare_email already registered for DAG: example_dag_decorator
[2023-06-01T09:02:15.156+0000] {processor.py:753} INFO - DAG(s) dict_keys(['example_dag_decorator']) retrieved from /home/airflow/.local/lib/python3.7/site-packages/airflow/example_dags/example_dag_decorator.py
[2023-06-01T09:02:15.227+0000] {logging_mixin.py:137} INFO - [2023-06-01T09:02:15.226+0000] {dag.py:2690} INFO - Sync 1 DAGs
[2023-06-01T09:02:15.249+0000] {logging_mixin.py:137} INFO - [2023-06-01T09:02:15.248+0000] {dag.py:3441} INFO - Setting next_dagrun for example_dag_decorator to None, run_after=None
[2023-06-01T09:02:15.274+0000] {processor.py:175} INFO - Processing /home/airflow/.local/lib/python3.7/site-packages/airflow/example_dags/example_dag_decorator.py took 0.153 seconds
[2023-06-01T09:02:45.548+0000] {processor.py:153} INFO - Started process (PID=2922) to work on /home/airflow/.local/lib/python3.7/site-packages/airflow/example_dags/example_dag_decorator.py
[2023-06-01T09:02:45.549+0000] {processor.py:743} INFO - Processing file /home/airflow/.local/lib/python3.7/site-packages/airflow/example_dags/example_dag_decorator.py for tasks to queue
[2023-06-01T09:02:45.550+0000] {logging_mixin.py:137} INFO - [2023-06-01T09:02:45.550+0000] {dagbag.py:538} INFO - Filling up the DagBag from /home/airflow/.local/lib/python3.7/site-packages/airflow/example_dags/example_dag_decorator.py
[2023-06-01T09:02:45.571+0000] {logging_mixin.py:137} INFO - [2023-06-01T09:02:45.571+0000] {taskmixin.py:205} WARNING - Dependency <Task(_PythonDecoratedOperator): prepare_email>, send_email already registered for DAG: example_dag_decorator
[2023-06-01T09:02:45.571+0000] {logging_mixin.py:137} INFO - [2023-06-01T09:02:45.571+0000] {taskmixin.py:205} WARNING - Dependency <Task(EmailOperator): send_email>, prepare_email already registered for DAG: example_dag_decorator
[2023-06-01T09:02:45.584+0000] {processor.py:753} INFO - DAG(s) dict_keys(['example_dag_decorator']) retrieved from /home/airflow/.local/lib/python3.7/site-packages/airflow/example_dags/example_dag_decorator.py
[2023-06-01T09:02:45.700+0000] {logging_mixin.py:137} INFO - [2023-06-01T09:02:45.700+0000] {dag.py:2690} INFO - Sync 1 DAGs
[2023-06-01T09:02:45.726+0000] {logging_mixin.py:137} INFO - [2023-06-01T09:02:45.726+0000] {dag.py:3441} INFO - Setting next_dagrun for example_dag_decorator to None, run_after=None
[2023-06-01T09:02:45.746+0000] {processor.py:175} INFO - Processing /home/airflow/.local/lib/python3.7/site-packages/airflow/example_dags/example_dag_decorator.py took 0.202 seconds
[2023-06-01T09:03:15.893+0000] {processor.py:153} INFO - Started process (PID=3009) to work on /home/airflow/.local/lib/python3.7/site-packages/airflow/example_dags/example_dag_decorator.py
[2023-06-01T09:03:15.894+0000] {processor.py:743} INFO - Processing file /home/airflow/.local/lib/python3.7/site-packages/airflow/example_dags/example_dag_decorator.py for tasks to queue
[2023-06-01T09:03:15.895+0000] {logging_mixin.py:137} INFO - [2023-06-01T09:03:15.895+0000] {dagbag.py:538} INFO - Filling up the DagBag from /home/airflow/.local/lib/python3.7/site-packages/airflow/example_dags/example_dag_decorator.py
[2023-06-01T09:03:15.914+0000] {logging_mixin.py:137} INFO - [2023-06-01T09:03:15.914+0000] {taskmixin.py:205} WARNING - Dependency <Task(_PythonDecoratedOperator): prepare_email>, send_email already registered for DAG: example_dag_decorator
[2023-06-01T09:03:15.914+0000] {logging_mixin.py:137} INFO - [2023-06-01T09:03:15.914+0000] {taskmixin.py:205} WARNING - Dependency <Task(EmailOperator): send_email>, prepare_email already registered for DAG: example_dag_decorator
[2023-06-01T09:03:15.926+0000] {processor.py:753} INFO - DAG(s) dict_keys(['example_dag_decorator']) retrieved from /home/airflow/.local/lib/python3.7/site-packages/airflow/example_dags/example_dag_decorator.py
[2023-06-01T09:03:15.991+0000] {logging_mixin.py:137} INFO - [2023-06-01T09:03:15.991+0000] {dag.py:2690} INFO - Sync 1 DAGs
[2023-06-01T09:03:16.014+0000] {logging_mixin.py:137} INFO - [2023-06-01T09:03:16.014+0000] {dag.py:3441} INFO - Setting next_dagrun for example_dag_decorator to None, run_after=None
[2023-06-01T09:03:16.032+0000] {processor.py:175} INFO - Processing /home/airflow/.local/lib/python3.7/site-packages/airflow/example_dags/example_dag_decorator.py took 0.143 seconds
[2023-06-01T09:03:46.550+0000] {processor.py:153} INFO - Started process (PID=3120) to work on /home/airflow/.local/lib/python3.7/site-packages/airflow/example_dags/example_dag_decorator.py
[2023-06-01T09:03:46.551+0000] {processor.py:743} INFO - Processing file /home/airflow/.local/lib/python3.7/site-packages/airflow/example_dags/example_dag_decorator.py for tasks to queue
[2023-06-01T09:03:46.552+0000] {logging_mixin.py:137} INFO - [2023-06-01T09:03:46.552+0000] {dagbag.py:538} INFO - Filling up the DagBag from /home/airflow/.local/lib/python3.7/site-packages/airflow/example_dags/example_dag_decorator.py
[2023-06-01T09:03:46.573+0000] {logging_mixin.py:137} INFO - [2023-06-01T09:03:46.573+0000] {taskmixin.py:205} WARNING - Dependency <Task(_PythonDecoratedOperator): prepare_email>, send_email already registered for DAG: example_dag_decorator
[2023-06-01T09:03:46.574+0000] {logging_mixin.py:137} INFO - [2023-06-01T09:03:46.573+0000] {taskmixin.py:205} WARNING - Dependency <Task(EmailOperator): send_email>, prepare_email already registered for DAG: example_dag_decorator
[2023-06-01T09:03:46.594+0000] {processor.py:753} INFO - DAG(s) dict_keys(['example_dag_decorator']) retrieved from /home/airflow/.local/lib/python3.7/site-packages/airflow/example_dags/example_dag_decorator.py
[2023-06-01T09:03:46.667+0000] {logging_mixin.py:137} INFO - [2023-06-01T09:03:46.667+0000] {dag.py:2690} INFO - Sync 1 DAGs
[2023-06-01T09:03:46.696+0000] {logging_mixin.py:137} INFO - [2023-06-01T09:03:46.696+0000] {dag.py:3441} INFO - Setting next_dagrun for example_dag_decorator to None, run_after=None
[2023-06-01T09:03:46.717+0000] {processor.py:175} INFO - Processing /home/airflow/.local/lib/python3.7/site-packages/airflow/example_dags/example_dag_decorator.py took 0.172 seconds
[2023-06-01T09:04:17.345+0000] {processor.py:153} INFO - Started process (PID=3207) to work on /home/airflow/.local/lib/python3.7/site-packages/airflow/example_dags/example_dag_decorator.py
[2023-06-01T09:04:17.346+0000] {processor.py:743} INFO - Processing file /home/airflow/.local/lib/python3.7/site-packages/airflow/example_dags/example_dag_decorator.py for tasks to queue
[2023-06-01T09:04:17.346+0000] {logging_mixin.py:137} INFO - [2023-06-01T09:04:17.346+0000] {dagbag.py:538} INFO - Filling up the DagBag from /home/airflow/.local/lib/python3.7/site-packages/airflow/example_dags/example_dag_decorator.py
[2023-06-01T09:04:17.363+0000] {logging_mixin.py:137} INFO - [2023-06-01T09:04:17.363+0000] {taskmixin.py:205} WARNING - Dependency <Task(_PythonDecoratedOperator): prepare_email>, send_email already registered for DAG: example_dag_decorator
[2023-06-01T09:04:17.364+0000] {logging_mixin.py:137} INFO - [2023-06-01T09:04:17.363+0000] {taskmixin.py:205} WARNING - Dependency <Task(EmailOperator): send_email>, prepare_email already registered for DAG: example_dag_decorator
[2023-06-01T09:04:17.376+0000] {processor.py:753} INFO - DAG(s) dict_keys(['example_dag_decorator']) retrieved from /home/airflow/.local/lib/python3.7/site-packages/airflow/example_dags/example_dag_decorator.py
[2023-06-01T09:04:17.453+0000] {logging_mixin.py:137} INFO - [2023-06-01T09:04:17.453+0000] {dag.py:2690} INFO - Sync 1 DAGs
[2023-06-01T09:04:17.477+0000] {logging_mixin.py:137} INFO - [2023-06-01T09:04:17.477+0000] {dag.py:3441} INFO - Setting next_dagrun for example_dag_decorator to None, run_after=None
[2023-06-01T09:04:17.501+0000] {processor.py:175} INFO - Processing /home/airflow/.local/lib/python3.7/site-packages/airflow/example_dags/example_dag_decorator.py took 0.160 seconds
[2023-06-01T09:04:47.656+0000] {processor.py:153} INFO - Started process (PID=3294) to work on /home/airflow/.local/lib/python3.7/site-packages/airflow/example_dags/example_dag_decorator.py
[2023-06-01T09:04:47.657+0000] {processor.py:743} INFO - Processing file /home/airflow/.local/lib/python3.7/site-packages/airflow/example_dags/example_dag_decorator.py for tasks to queue
[2023-06-01T09:04:47.658+0000] {logging_mixin.py:137} INFO - [2023-06-01T09:04:47.657+0000] {dagbag.py:538} INFO - Filling up the DagBag from /home/airflow/.local/lib/python3.7/site-packages/airflow/example_dags/example_dag_decorator.py
[2023-06-01T09:04:47.680+0000] {logging_mixin.py:137} INFO - [2023-06-01T09:04:47.680+0000] {taskmixin.py:205} WARNING - Dependency <Task(_PythonDecoratedOperator): prepare_email>, send_email already registered for DAG: example_dag_decorator
[2023-06-01T09:04:47.681+0000] {logging_mixin.py:137} INFO - [2023-06-01T09:04:47.681+0000] {taskmixin.py:205} WARNING - Dependency <Task(EmailOperator): send_email>, prepare_email already registered for DAG: example_dag_decorator
[2023-06-01T09:04:47.694+0000] {processor.py:753} INFO - DAG(s) dict_keys(['example_dag_decorator']) retrieved from /home/airflow/.local/lib/python3.7/site-packages/airflow/example_dags/example_dag_decorator.py
[2023-06-01T09:04:47.765+0000] {logging_mixin.py:137} INFO - [2023-06-01T09:04:47.765+0000] {dag.py:2690} INFO - Sync 1 DAGs
[2023-06-01T09:04:47.788+0000] {logging_mixin.py:137} INFO - [2023-06-01T09:04:47.788+0000] {dag.py:3441} INFO - Setting next_dagrun for example_dag_decorator to None, run_after=None
[2023-06-01T09:04:47.808+0000] {processor.py:175} INFO - Processing /home/airflow/.local/lib/python3.7/site-packages/airflow/example_dags/example_dag_decorator.py took 0.159 seconds
[2023-06-01T09:05:18.511+0000] {processor.py:153} INFO - Started process (PID=3381) to work on /home/airflow/.local/lib/python3.7/site-packages/airflow/example_dags/example_dag_decorator.py
[2023-06-01T09:05:18.513+0000] {processor.py:743} INFO - Processing file /home/airflow/.local/lib/python3.7/site-packages/airflow/example_dags/example_dag_decorator.py for tasks to queue
[2023-06-01T09:05:18.514+0000] {logging_mixin.py:137} INFO - [2023-06-01T09:05:18.514+0000] {dagbag.py:538} INFO - Filling up the DagBag from /home/airflow/.local/lib/python3.7/site-packages/airflow/example_dags/example_dag_decorator.py
[2023-06-01T09:05:18.544+0000] {logging_mixin.py:137} INFO - [2023-06-01T09:05:18.544+0000] {taskmixin.py:205} WARNING - Dependency <Task(_PythonDecoratedOperator): prepare_email>, send_email already registered for DAG: example_dag_decorator
[2023-06-01T09:05:18.545+0000] {logging_mixin.py:137} INFO - [2023-06-01T09:05:18.545+0000] {taskmixin.py:205} WARNING - Dependency <Task(EmailOperator): send_email>, prepare_email already registered for DAG: example_dag_decorator
[2023-06-01T09:05:18.562+0000] {processor.py:753} INFO - DAG(s) dict_keys(['example_dag_decorator']) retrieved from /home/airflow/.local/lib/python3.7/site-packages/airflow/example_dags/example_dag_decorator.py
[2023-06-01T09:05:18.679+0000] {logging_mixin.py:137} INFO - [2023-06-01T09:05:18.678+0000] {dag.py:2690} INFO - Sync 1 DAGs
[2023-06-01T09:05:18.719+0000] {logging_mixin.py:137} INFO - [2023-06-01T09:05:18.719+0000] {dag.py:3441} INFO - Setting next_dagrun for example_dag_decorator to None, run_after=None
[2023-06-01T09:05:18.757+0000] {processor.py:175} INFO - Processing /home/airflow/.local/lib/python3.7/site-packages/airflow/example_dags/example_dag_decorator.py took 0.251 seconds
[2023-06-01T09:05:49.186+0000] {processor.py:153} INFO - Started process (PID=3468) to work on /home/airflow/.local/lib/python3.7/site-packages/airflow/example_dags/example_dag_decorator.py
[2023-06-01T09:05:49.187+0000] {processor.py:743} INFO - Processing file /home/airflow/.local/lib/python3.7/site-packages/airflow/example_dags/example_dag_decorator.py for tasks to queue
[2023-06-01T09:05:49.188+0000] {logging_mixin.py:137} INFO - [2023-06-01T09:05:49.188+0000] {dagbag.py:538} INFO - Filling up the DagBag from /home/airflow/.local/lib/python3.7/site-packages/airflow/example_dags/example_dag_decorator.py
[2023-06-01T09:05:49.208+0000] {logging_mixin.py:137} INFO - [2023-06-01T09:05:49.208+0000] {taskmixin.py:205} WARNING - Dependency <Task(_PythonDecoratedOperator): prepare_email>, send_email already registered for DAG: example_dag_decorator
[2023-06-01T09:05:49.208+0000] {logging_mixin.py:137} INFO - [2023-06-01T09:05:49.208+0000] {taskmixin.py:205} WARNING - Dependency <Task(EmailOperator): send_email>, prepare_email already registered for DAG: example_dag_decorator
[2023-06-01T09:05:49.222+0000] {processor.py:753} INFO - DAG(s) dict_keys(['example_dag_decorator']) retrieved from /home/airflow/.local/lib/python3.7/site-packages/airflow/example_dags/example_dag_decorator.py
[2023-06-01T09:05:49.326+0000] {logging_mixin.py:137} INFO - [2023-06-01T09:05:49.326+0000] {dag.py:2690} INFO - Sync 1 DAGs
[2023-06-01T09:05:49.360+0000] {logging_mixin.py:137} INFO - [2023-06-01T09:05:49.360+0000] {dag.py:3441} INFO - Setting next_dagrun for example_dag_decorator to None, run_after=None
[2023-06-01T09:05:49.406+0000] {processor.py:175} INFO - Processing /home/airflow/.local/lib/python3.7/site-packages/airflow/example_dags/example_dag_decorator.py took 0.224 seconds
[2023-06-01T09:06:19.643+0000] {processor.py:153} INFO - Started process (PID=3564) to work on /home/airflow/.local/lib/python3.7/site-packages/airflow/example_dags/example_dag_decorator.py
[2023-06-01T09:06:19.646+0000] {processor.py:743} INFO - Processing file /home/airflow/.local/lib/python3.7/site-packages/airflow/example_dags/example_dag_decorator.py for tasks to queue
[2023-06-01T09:06:19.647+0000] {logging_mixin.py:137} INFO - [2023-06-01T09:06:19.647+0000] {dagbag.py:538} INFO - Filling up the DagBag from /home/airflow/.local/lib/python3.7/site-packages/airflow/example_dags/example_dag_decorator.py
[2023-06-01T09:06:19.666+0000] {logging_mixin.py:137} INFO - [2023-06-01T09:06:19.666+0000] {taskmixin.py:205} WARNING - Dependency <Task(_PythonDecoratedOperator): prepare_email>, send_email already registered for DAG: example_dag_decorator
[2023-06-01T09:06:19.667+0000] {logging_mixin.py:137} INFO - [2023-06-01T09:06:19.667+0000] {taskmixin.py:205} WARNING - Dependency <Task(EmailOperator): send_email>, prepare_email already registered for DAG: example_dag_decorator
[2023-06-01T09:06:19.682+0000] {processor.py:753} INFO - DAG(s) dict_keys(['example_dag_decorator']) retrieved from /home/airflow/.local/lib/python3.7/site-packages/airflow/example_dags/example_dag_decorator.py
[2023-06-01T09:06:19.855+0000] {logging_mixin.py:137} INFO - [2023-06-01T09:06:19.855+0000] {dag.py:2690} INFO - Sync 1 DAGs
[2023-06-01T09:06:19.893+0000] {logging_mixin.py:137} INFO - [2023-06-01T09:06:19.893+0000] {dag.py:3441} INFO - Setting next_dagrun for example_dag_decorator to None, run_after=None
[2023-06-01T09:06:19.930+0000] {processor.py:175} INFO - Processing /home/airflow/.local/lib/python3.7/site-packages/airflow/example_dags/example_dag_decorator.py took 0.292 seconds
[2023-06-01T09:06:50.322+0000] {processor.py:153} INFO - Started process (PID=3666) to work on /home/airflow/.local/lib/python3.7/site-packages/airflow/example_dags/example_dag_decorator.py
[2023-06-01T09:06:50.323+0000] {processor.py:743} INFO - Processing file /home/airflow/.local/lib/python3.7/site-packages/airflow/example_dags/example_dag_decorator.py for tasks to queue
[2023-06-01T09:06:50.324+0000] {logging_mixin.py:137} INFO - [2023-06-01T09:06:50.324+0000] {dagbag.py:538} INFO - Filling up the DagBag from /home/airflow/.local/lib/python3.7/site-packages/airflow/example_dags/example_dag_decorator.py
[2023-06-01T09:06:50.341+0000] {logging_mixin.py:137} INFO - [2023-06-01T09:06:50.340+0000] {taskmixin.py:205} WARNING - Dependency <Task(_PythonDecoratedOperator): prepare_email>, send_email already registered for DAG: example_dag_decorator
[2023-06-01T09:06:50.341+0000] {logging_mixin.py:137} INFO - [2023-06-01T09:06:50.341+0000] {taskmixin.py:205} WARNING - Dependency <Task(EmailOperator): send_email>, prepare_email already registered for DAG: example_dag_decorator
[2023-06-01T09:06:50.355+0000] {processor.py:753} INFO - DAG(s) dict_keys(['example_dag_decorator']) retrieved from /home/airflow/.local/lib/python3.7/site-packages/airflow/example_dags/example_dag_decorator.py
[2023-06-01T09:06:50.443+0000] {logging_mixin.py:137} INFO - [2023-06-01T09:06:50.443+0000] {dag.py:2690} INFO - Sync 1 DAGs
[2023-06-01T09:06:50.474+0000] {logging_mixin.py:137} INFO - [2023-06-01T09:06:50.474+0000] {dag.py:3441} INFO - Setting next_dagrun for example_dag_decorator to None, run_after=None
[2023-06-01T09:06:50.507+0000] {processor.py:175} INFO - Processing /home/airflow/.local/lib/python3.7/site-packages/airflow/example_dags/example_dag_decorator.py took 0.189 seconds
[2023-06-01T09:07:21.229+0000] {processor.py:153} INFO - Started process (PID=3753) to work on /home/airflow/.local/lib/python3.7/site-packages/airflow/example_dags/example_dag_decorator.py
[2023-06-01T09:07:21.231+0000] {processor.py:743} INFO - Processing file /home/airflow/.local/lib/python3.7/site-packages/airflow/example_dags/example_dag_decorator.py for tasks to queue
[2023-06-01T09:07:21.232+0000] {logging_mixin.py:137} INFO - [2023-06-01T09:07:21.231+0000] {dagbag.py:538} INFO - Filling up the DagBag from /home/airflow/.local/lib/python3.7/site-packages/airflow/example_dags/example_dag_decorator.py
[2023-06-01T09:07:21.250+0000] {logging_mixin.py:137} INFO - [2023-06-01T09:07:21.250+0000] {taskmixin.py:205} WARNING - Dependency <Task(_PythonDecoratedOperator): prepare_email>, send_email already registered for DAG: example_dag_decorator
[2023-06-01T09:07:21.250+0000] {logging_mixin.py:137} INFO - [2023-06-01T09:07:21.250+0000] {taskmixin.py:205} WARNING - Dependency <Task(EmailOperator): send_email>, prepare_email already registered for DAG: example_dag_decorator
[2023-06-01T09:07:21.262+0000] {processor.py:753} INFO - DAG(s) dict_keys(['example_dag_decorator']) retrieved from /home/airflow/.local/lib/python3.7/site-packages/airflow/example_dags/example_dag_decorator.py
[2023-06-01T09:07:21.345+0000] {logging_mixin.py:137} INFO - [2023-06-01T09:07:21.344+0000] {dag.py:2690} INFO - Sync 1 DAGs
[2023-06-01T09:07:21.380+0000] {logging_mixin.py:137} INFO - [2023-06-01T09:07:21.380+0000] {dag.py:3441} INFO - Setting next_dagrun for example_dag_decorator to None, run_after=None
[2023-06-01T09:07:21.459+0000] {processor.py:175} INFO - Processing /home/airflow/.local/lib/python3.7/site-packages/airflow/example_dags/example_dag_decorator.py took 0.233 seconds
[2023-06-01T09:07:52.098+0000] {processor.py:153} INFO - Started process (PID=3840) to work on /home/airflow/.local/lib/python3.7/site-packages/airflow/example_dags/example_dag_decorator.py
[2023-06-01T09:07:52.099+0000] {processor.py:743} INFO - Processing file /home/airflow/.local/lib/python3.7/site-packages/airflow/example_dags/example_dag_decorator.py for tasks to queue
[2023-06-01T09:07:52.100+0000] {logging_mixin.py:137} INFO - [2023-06-01T09:07:52.099+0000] {dagbag.py:538} INFO - Filling up the DagBag from /home/airflow/.local/lib/python3.7/site-packages/airflow/example_dags/example_dag_decorator.py
[2023-06-01T09:07:52.120+0000] {logging_mixin.py:137} INFO - [2023-06-01T09:07:52.120+0000] {taskmixin.py:205} WARNING - Dependency <Task(_PythonDecoratedOperator): prepare_email>, send_email already registered for DAG: example_dag_decorator
[2023-06-01T09:07:52.120+0000] {logging_mixin.py:137} INFO - [2023-06-01T09:07:52.120+0000] {taskmixin.py:205} WARNING - Dependency <Task(EmailOperator): send_email>, prepare_email already registered for DAG: example_dag_decorator
[2023-06-01T09:07:52.132+0000] {processor.py:753} INFO - DAG(s) dict_keys(['example_dag_decorator']) retrieved from /home/airflow/.local/lib/python3.7/site-packages/airflow/example_dags/example_dag_decorator.py
[2023-06-01T09:07:52.216+0000] {logging_mixin.py:137} INFO - [2023-06-01T09:07:52.216+0000] {dag.py:2690} INFO - Sync 1 DAGs
[2023-06-01T09:07:52.248+0000] {logging_mixin.py:137} INFO - [2023-06-01T09:07:52.247+0000] {dag.py:3441} INFO - Setting next_dagrun for example_dag_decorator to None, run_after=None
[2023-06-01T09:07:52.291+0000] {processor.py:175} INFO - Processing /home/airflow/.local/lib/python3.7/site-packages/airflow/example_dags/example_dag_decorator.py took 0.197 seconds
[2023-06-01T09:08:22.897+0000] {processor.py:153} INFO - Started process (PID=3936) to work on /home/airflow/.local/lib/python3.7/site-packages/airflow/example_dags/example_dag_decorator.py
[2023-06-01T09:08:22.899+0000] {processor.py:743} INFO - Processing file /home/airflow/.local/lib/python3.7/site-packages/airflow/example_dags/example_dag_decorator.py for tasks to queue
[2023-06-01T09:08:22.900+0000] {logging_mixin.py:137} INFO - [2023-06-01T09:08:22.900+0000] {dagbag.py:538} INFO - Filling up the DagBag from /home/airflow/.local/lib/python3.7/site-packages/airflow/example_dags/example_dag_decorator.py
[2023-06-01T09:08:22.919+0000] {logging_mixin.py:137} INFO - [2023-06-01T09:08:22.919+0000] {taskmixin.py:205} WARNING - Dependency <Task(_PythonDecoratedOperator): prepare_email>, send_email already registered for DAG: example_dag_decorator
[2023-06-01T09:08:22.920+0000] {logging_mixin.py:137} INFO - [2023-06-01T09:08:22.919+0000] {taskmixin.py:205} WARNING - Dependency <Task(EmailOperator): send_email>, prepare_email already registered for DAG: example_dag_decorator
[2023-06-01T09:08:22.932+0000] {processor.py:753} INFO - DAG(s) dict_keys(['example_dag_decorator']) retrieved from /home/airflow/.local/lib/python3.7/site-packages/airflow/example_dags/example_dag_decorator.py
[2023-06-01T09:08:23.017+0000] {logging_mixin.py:137} INFO - [2023-06-01T09:08:23.016+0000] {dag.py:2690} INFO - Sync 1 DAGs
[2023-06-01T09:08:23.048+0000] {logging_mixin.py:137} INFO - [2023-06-01T09:08:23.048+0000] {dag.py:3441} INFO - Setting next_dagrun for example_dag_decorator to None, run_after=None
[2023-06-01T09:08:23.077+0000] {processor.py:175} INFO - Processing /home/airflow/.local/lib/python3.7/site-packages/airflow/example_dags/example_dag_decorator.py took 0.183 seconds
[2023-06-01T09:08:53.621+0000] {processor.py:153} INFO - Started process (PID=4038) to work on /home/airflow/.local/lib/python3.7/site-packages/airflow/example_dags/example_dag_decorator.py
[2023-06-01T09:08:53.622+0000] {processor.py:743} INFO - Processing file /home/airflow/.local/lib/python3.7/site-packages/airflow/example_dags/example_dag_decorator.py for tasks to queue
[2023-06-01T09:08:53.623+0000] {logging_mixin.py:137} INFO - [2023-06-01T09:08:53.623+0000] {dagbag.py:538} INFO - Filling up the DagBag from /home/airflow/.local/lib/python3.7/site-packages/airflow/example_dags/example_dag_decorator.py
[2023-06-01T09:08:53.645+0000] {logging_mixin.py:137} INFO - [2023-06-01T09:08:53.645+0000] {taskmixin.py:205} WARNING - Dependency <Task(_PythonDecoratedOperator): prepare_email>, send_email already registered for DAG: example_dag_decorator
[2023-06-01T09:08:53.645+0000] {logging_mixin.py:137} INFO - [2023-06-01T09:08:53.645+0000] {taskmixin.py:205} WARNING - Dependency <Task(EmailOperator): send_email>, prepare_email already registered for DAG: example_dag_decorator
[2023-06-01T09:08:53.661+0000] {processor.py:753} INFO - DAG(s) dict_keys(['example_dag_decorator']) retrieved from /home/airflow/.local/lib/python3.7/site-packages/airflow/example_dags/example_dag_decorator.py
[2023-06-01T09:08:53.753+0000] {logging_mixin.py:137} INFO - [2023-06-01T09:08:53.752+0000] {dag.py:2690} INFO - Sync 1 DAGs
[2023-06-01T09:08:53.781+0000] {logging_mixin.py:137} INFO - [2023-06-01T09:08:53.780+0000] {dag.py:3441} INFO - Setting next_dagrun for example_dag_decorator to None, run_after=None
[2023-06-01T09:08:53.810+0000] {processor.py:175} INFO - Processing /home/airflow/.local/lib/python3.7/site-packages/airflow/example_dags/example_dag_decorator.py took 0.193 seconds
[2023-06-01T09:09:24.155+0000] {processor.py:153} INFO - Started process (PID=4125) to work on /home/airflow/.local/lib/python3.7/site-packages/airflow/example_dags/example_dag_decorator.py
[2023-06-01T09:09:24.157+0000] {processor.py:743} INFO - Processing file /home/airflow/.local/lib/python3.7/site-packages/airflow/example_dags/example_dag_decorator.py for tasks to queue
[2023-06-01T09:09:24.158+0000] {logging_mixin.py:137} INFO - [2023-06-01T09:09:24.158+0000] {dagbag.py:538} INFO - Filling up the DagBag from /home/airflow/.local/lib/python3.7/site-packages/airflow/example_dags/example_dag_decorator.py
[2023-06-01T09:09:24.180+0000] {logging_mixin.py:137} INFO - [2023-06-01T09:09:24.179+0000] {taskmixin.py:205} WARNING - Dependency <Task(_PythonDecoratedOperator): prepare_email>, send_email already registered for DAG: example_dag_decorator
[2023-06-01T09:09:24.180+0000] {logging_mixin.py:137} INFO - [2023-06-01T09:09:24.180+0000] {taskmixin.py:205} WARNING - Dependency <Task(EmailOperator): send_email>, prepare_email already registered for DAG: example_dag_decorator
[2023-06-01T09:09:24.195+0000] {processor.py:753} INFO - DAG(s) dict_keys(['example_dag_decorator']) retrieved from /home/airflow/.local/lib/python3.7/site-packages/airflow/example_dags/example_dag_decorator.py
[2023-06-01T09:09:24.274+0000] {logging_mixin.py:137} INFO - [2023-06-01T09:09:24.274+0000] {dag.py:2690} INFO - Sync 1 DAGs
[2023-06-01T09:09:24.302+0000] {logging_mixin.py:137} INFO - [2023-06-01T09:09:24.302+0000] {dag.py:3441} INFO - Setting next_dagrun for example_dag_decorator to None, run_after=None
[2023-06-01T09:09:24.329+0000] {processor.py:175} INFO - Processing /home/airflow/.local/lib/python3.7/site-packages/airflow/example_dags/example_dag_decorator.py took 0.178 seconds
[2023-06-01T09:09:54.638+0000] {processor.py:153} INFO - Started process (PID=4212) to work on /home/airflow/.local/lib/python3.7/site-packages/airflow/example_dags/example_dag_decorator.py
[2023-06-01T09:09:54.638+0000] {processor.py:743} INFO - Processing file /home/airflow/.local/lib/python3.7/site-packages/airflow/example_dags/example_dag_decorator.py for tasks to queue
[2023-06-01T09:09:54.639+0000] {logging_mixin.py:137} INFO - [2023-06-01T09:09:54.639+0000] {dagbag.py:538} INFO - Filling up the DagBag from /home/airflow/.local/lib/python3.7/site-packages/airflow/example_dags/example_dag_decorator.py
[2023-06-01T09:09:54.660+0000] {logging_mixin.py:137} INFO - [2023-06-01T09:09:54.660+0000] {taskmixin.py:205} WARNING - Dependency <Task(_PythonDecoratedOperator): prepare_email>, send_email already registered for DAG: example_dag_decorator
[2023-06-01T09:09:54.660+0000] {logging_mixin.py:137} INFO - [2023-06-01T09:09:54.660+0000] {taskmixin.py:205} WARNING - Dependency <Task(EmailOperator): send_email>, prepare_email already registered for DAG: example_dag_decorator
[2023-06-01T09:09:54.673+0000] {processor.py:753} INFO - DAG(s) dict_keys(['example_dag_decorator']) retrieved from /home/airflow/.local/lib/python3.7/site-packages/airflow/example_dags/example_dag_decorator.py
[2023-06-01T09:09:54.748+0000] {logging_mixin.py:137} INFO - [2023-06-01T09:09:54.748+0000] {dag.py:2690} INFO - Sync 1 DAGs
[2023-06-01T09:09:54.774+0000] {logging_mixin.py:137} INFO - [2023-06-01T09:09:54.773+0000] {dag.py:3441} INFO - Setting next_dagrun for example_dag_decorator to None, run_after=None
[2023-06-01T09:09:54.801+0000] {processor.py:175} INFO - Processing /home/airflow/.local/lib/python3.7/site-packages/airflow/example_dags/example_dag_decorator.py took 0.167 seconds
[2023-06-01T09:10:25.493+0000] {processor.py:153} INFO - Started process (PID=4323) to work on /home/airflow/.local/lib/python3.7/site-packages/airflow/example_dags/example_dag_decorator.py
[2023-06-01T09:10:25.495+0000] {processor.py:743} INFO - Processing file /home/airflow/.local/lib/python3.7/site-packages/airflow/example_dags/example_dag_decorator.py for tasks to queue
[2023-06-01T09:10:25.495+0000] {logging_mixin.py:137} INFO - [2023-06-01T09:10:25.495+0000] {dagbag.py:538} INFO - Filling up the DagBag from /home/airflow/.local/lib/python3.7/site-packages/airflow/example_dags/example_dag_decorator.py
[2023-06-01T09:10:25.513+0000] {logging_mixin.py:137} INFO - [2023-06-01T09:10:25.513+0000] {taskmixin.py:205} WARNING - Dependency <Task(_PythonDecoratedOperator): prepare_email>, send_email already registered for DAG: example_dag_decorator
[2023-06-01T09:10:25.513+0000] {logging_mixin.py:137} INFO - [2023-06-01T09:10:25.513+0000] {taskmixin.py:205} WARNING - Dependency <Task(EmailOperator): send_email>, prepare_email already registered for DAG: example_dag_decorator
[2023-06-01T09:10:25.527+0000] {processor.py:753} INFO - DAG(s) dict_keys(['example_dag_decorator']) retrieved from /home/airflow/.local/lib/python3.7/site-packages/airflow/example_dags/example_dag_decorator.py
[2023-06-01T09:10:25.599+0000] {logging_mixin.py:137} INFO - [2023-06-01T09:10:25.598+0000] {dag.py:2690} INFO - Sync 1 DAGs
[2023-06-01T09:10:25.635+0000] {logging_mixin.py:137} INFO - [2023-06-01T09:10:25.635+0000] {dag.py:3441} INFO - Setting next_dagrun for example_dag_decorator to None, run_after=None
[2023-06-01T09:10:25.659+0000] {processor.py:175} INFO - Processing /home/airflow/.local/lib/python3.7/site-packages/airflow/example_dags/example_dag_decorator.py took 0.169 seconds
[2023-06-01T09:10:56.072+0000] {processor.py:153} INFO - Started process (PID=4410) to work on /home/airflow/.local/lib/python3.7/site-packages/airflow/example_dags/example_dag_decorator.py
[2023-06-01T09:10:56.073+0000] {processor.py:743} INFO - Processing file /home/airflow/.local/lib/python3.7/site-packages/airflow/example_dags/example_dag_decorator.py for tasks to queue
[2023-06-01T09:10:56.074+0000] {logging_mixin.py:137} INFO - [2023-06-01T09:10:56.074+0000] {dagbag.py:538} INFO - Filling up the DagBag from /home/airflow/.local/lib/python3.7/site-packages/airflow/example_dags/example_dag_decorator.py
[2023-06-01T09:10:56.091+0000] {logging_mixin.py:137} INFO - [2023-06-01T09:10:56.091+0000] {taskmixin.py:205} WARNING - Dependency <Task(_PythonDecoratedOperator): prepare_email>, send_email already registered for DAG: example_dag_decorator
[2023-06-01T09:10:56.092+0000] {logging_mixin.py:137} INFO - [2023-06-01T09:10:56.092+0000] {taskmixin.py:205} WARNING - Dependency <Task(EmailOperator): send_email>, prepare_email already registered for DAG: example_dag_decorator
[2023-06-01T09:10:56.104+0000] {processor.py:753} INFO - DAG(s) dict_keys(['example_dag_decorator']) retrieved from /home/airflow/.local/lib/python3.7/site-packages/airflow/example_dags/example_dag_decorator.py
[2023-06-01T09:10:56.178+0000] {logging_mixin.py:137} INFO - [2023-06-01T09:10:56.178+0000] {dag.py:2690} INFO - Sync 1 DAGs
[2023-06-01T09:10:56.198+0000] {logging_mixin.py:137} INFO - [2023-06-01T09:10:56.198+0000] {dag.py:3441} INFO - Setting next_dagrun for example_dag_decorator to None, run_after=None
[2023-06-01T09:10:56.216+0000] {processor.py:175} INFO - Processing /home/airflow/.local/lib/python3.7/site-packages/airflow/example_dags/example_dag_decorator.py took 0.148 seconds
[2023-06-01T09:11:26.250+0000] {processor.py:153} INFO - Started process (PID=4497) to work on /home/airflow/.local/lib/python3.7/site-packages/airflow/example_dags/example_dag_decorator.py
[2023-06-01T09:11:26.251+0000] {processor.py:743} INFO - Processing file /home/airflow/.local/lib/python3.7/site-packages/airflow/example_dags/example_dag_decorator.py for tasks to queue
[2023-06-01T09:11:26.252+0000] {logging_mixin.py:137} INFO - [2023-06-01T09:11:26.252+0000] {dagbag.py:538} INFO - Filling up the DagBag from /home/airflow/.local/lib/python3.7/site-packages/airflow/example_dags/example_dag_decorator.py
[2023-06-01T09:11:26.269+0000] {logging_mixin.py:137} INFO - [2023-06-01T09:11:26.269+0000] {taskmixin.py:205} WARNING - Dependency <Task(_PythonDecoratedOperator): prepare_email>, send_email already registered for DAG: example_dag_decorator
[2023-06-01T09:11:26.269+0000] {logging_mixin.py:137} INFO - [2023-06-01T09:11:26.269+0000] {taskmixin.py:205} WARNING - Dependency <Task(EmailOperator): send_email>, prepare_email already registered for DAG: example_dag_decorator
[2023-06-01T09:11:26.282+0000] {processor.py:753} INFO - DAG(s) dict_keys(['example_dag_decorator']) retrieved from /home/airflow/.local/lib/python3.7/site-packages/airflow/example_dags/example_dag_decorator.py
[2023-06-01T09:11:26.359+0000] {logging_mixin.py:137} INFO - [2023-06-01T09:11:26.359+0000] {dag.py:2690} INFO - Sync 1 DAGs
[2023-06-01T09:11:26.382+0000] {logging_mixin.py:137} INFO - [2023-06-01T09:11:26.381+0000] {dag.py:3441} INFO - Setting next_dagrun for example_dag_decorator to None, run_after=None
[2023-06-01T09:11:26.402+0000] {processor.py:175} INFO - Processing /home/airflow/.local/lib/python3.7/site-packages/airflow/example_dags/example_dag_decorator.py took 0.157 seconds
[2023-06-01T09:11:56.626+0000] {processor.py:153} INFO - Started process (PID=4584) to work on /home/airflow/.local/lib/python3.7/site-packages/airflow/example_dags/example_dag_decorator.py
[2023-06-01T09:11:56.627+0000] {processor.py:743} INFO - Processing file /home/airflow/.local/lib/python3.7/site-packages/airflow/example_dags/example_dag_decorator.py for tasks to queue
[2023-06-01T09:11:56.627+0000] {logging_mixin.py:137} INFO - [2023-06-01T09:11:56.627+0000] {dagbag.py:538} INFO - Filling up the DagBag from /home/airflow/.local/lib/python3.7/site-packages/airflow/example_dags/example_dag_decorator.py
[2023-06-01T09:11:56.646+0000] {logging_mixin.py:137} INFO - [2023-06-01T09:11:56.646+0000] {taskmixin.py:205} WARNING - Dependency <Task(_PythonDecoratedOperator): prepare_email>, send_email already registered for DAG: example_dag_decorator
[2023-06-01T09:11:56.646+0000] {logging_mixin.py:137} INFO - [2023-06-01T09:11:56.646+0000] {taskmixin.py:205} WARNING - Dependency <Task(EmailOperator): send_email>, prepare_email already registered for DAG: example_dag_decorator
[2023-06-01T09:11:56.658+0000] {processor.py:753} INFO - DAG(s) dict_keys(['example_dag_decorator']) retrieved from /home/airflow/.local/lib/python3.7/site-packages/airflow/example_dags/example_dag_decorator.py
[2023-06-01T09:11:56.726+0000] {logging_mixin.py:137} INFO - [2023-06-01T09:11:56.726+0000] {dag.py:2690} INFO - Sync 1 DAGs
[2023-06-01T09:11:56.748+0000] {logging_mixin.py:137} INFO - [2023-06-01T09:11:56.748+0000] {dag.py:3441} INFO - Setting next_dagrun for example_dag_decorator to None, run_after=None
[2023-06-01T09:11:56.776+0000] {processor.py:175} INFO - Processing /home/airflow/.local/lib/python3.7/site-packages/airflow/example_dags/example_dag_decorator.py took 0.155 seconds
[2023-06-01T09:12:27.216+0000] {processor.py:153} INFO - Started process (PID=4695) to work on /home/airflow/.local/lib/python3.7/site-packages/airflow/example_dags/example_dag_decorator.py
[2023-06-01T09:12:27.218+0000] {processor.py:743} INFO - Processing file /home/airflow/.local/lib/python3.7/site-packages/airflow/example_dags/example_dag_decorator.py for tasks to queue
[2023-06-01T09:12:27.219+0000] {logging_mixin.py:137} INFO - [2023-06-01T09:12:27.219+0000] {dagbag.py:538} INFO - Filling up the DagBag from /home/airflow/.local/lib/python3.7/site-packages/airflow/example_dags/example_dag_decorator.py
[2023-06-01T09:12:27.243+0000] {logging_mixin.py:137} INFO - [2023-06-01T09:12:27.243+0000] {taskmixin.py:205} WARNING - Dependency <Task(_PythonDecoratedOperator): prepare_email>, send_email already registered for DAG: example_dag_decorator
[2023-06-01T09:12:27.243+0000] {logging_mixin.py:137} INFO - [2023-06-01T09:12:27.243+0000] {taskmixin.py:205} WARNING - Dependency <Task(EmailOperator): send_email>, prepare_email already registered for DAG: example_dag_decorator
[2023-06-01T09:12:27.260+0000] {processor.py:753} INFO - DAG(s) dict_keys(['example_dag_decorator']) retrieved from /home/airflow/.local/lib/python3.7/site-packages/airflow/example_dags/example_dag_decorator.py
[2023-06-01T09:12:27.336+0000] {logging_mixin.py:137} INFO - [2023-06-01T09:12:27.336+0000] {dag.py:2690} INFO - Sync 1 DAGs
[2023-06-01T09:12:27.365+0000] {logging_mixin.py:137} INFO - [2023-06-01T09:12:27.365+0000] {dag.py:3441} INFO - Setting next_dagrun for example_dag_decorator to None, run_after=None
[2023-06-01T09:12:27.388+0000] {processor.py:175} INFO - Processing /home/airflow/.local/lib/python3.7/site-packages/airflow/example_dags/example_dag_decorator.py took 0.176 seconds
