[2023-06-01T08:47:27.036+0000] {processor.py:153} INFO - Started process (PID=115) to work on /home/airflow/.local/lib/python3.7/site-packages/airflow/example_dags/example_task_group_decorator.py
[2023-06-01T08:47:27.037+0000] {processor.py:743} INFO - Processing file /home/airflow/.local/lib/python3.7/site-packages/airflow/example_dags/example_task_group_decorator.py for tasks to queue
[2023-06-01T08:47:27.038+0000] {logging_mixin.py:137} INFO - [2023-06-01T08:47:27.038+0000] {dagbag.py:538} INFO - Filling up the DagBag from /home/airflow/.local/lib/python3.7/site-packages/airflow/example_dags/example_task_group_decorator.py
[2023-06-01T08:47:27.075+0000] {processor.py:753} INFO - DAG(s) dict_keys(['example_task_group_decorator']) retrieved from /home/airflow/.local/lib/python3.7/site-packages/airflow/example_dags/example_task_group_decorator.py
[2023-06-01T08:47:27.092+0000] {logging_mixin.py:137} INFO - [2023-06-01T08:47:27.092+0000] {dag.py:2690} INFO - Sync 1 DAGs
[2023-06-01T08:47:27.123+0000] {logging_mixin.py:137} INFO - [2023-06-01T08:47:27.123+0000] {dag.py:3441} INFO - Setting next_dagrun for example_task_group_decorator to 2023-05-31T08:47:27.123028+00:00, run_after=2023-06-01T08:47:27.123028+00:00
[2023-06-01T08:47:27.152+0000] {processor.py:175} INFO - Processing /home/airflow/.local/lib/python3.7/site-packages/airflow/example_dags/example_task_group_decorator.py took 0.119 seconds
[2023-06-01T08:47:57.253+0000] {processor.py:153} INFO - Started process (PID=202) to work on /home/airflow/.local/lib/python3.7/site-packages/airflow/example_dags/example_task_group_decorator.py
[2023-06-01T08:47:57.254+0000] {processor.py:743} INFO - Processing file /home/airflow/.local/lib/python3.7/site-packages/airflow/example_dags/example_task_group_decorator.py for tasks to queue
[2023-06-01T08:47:57.255+0000] {logging_mixin.py:137} INFO - [2023-06-01T08:47:57.255+0000] {dagbag.py:538} INFO - Filling up the DagBag from /home/airflow/.local/lib/python3.7/site-packages/airflow/example_dags/example_task_group_decorator.py
[2023-06-01T08:47:57.286+0000] {processor.py:753} INFO - DAG(s) dict_keys(['example_task_group_decorator']) retrieved from /home/airflow/.local/lib/python3.7/site-packages/airflow/example_dags/example_task_group_decorator.py
[2023-06-01T08:47:57.317+0000] {logging_mixin.py:137} INFO - [2023-06-01T08:47:57.316+0000] {dag.py:2690} INFO - Sync 1 DAGs
[2023-06-01T08:47:57.345+0000] {logging_mixin.py:137} INFO - [2023-06-01T08:47:57.345+0000] {dag.py:3441} INFO - Setting next_dagrun for example_task_group_decorator to 2023-05-31T08:47:57.345204+00:00, run_after=2023-06-01T08:47:57.345204+00:00
[2023-06-01T08:47:57.367+0000] {processor.py:175} INFO - Processing /home/airflow/.local/lib/python3.7/site-packages/airflow/example_dags/example_task_group_decorator.py took 0.117 seconds
[2023-06-01T08:48:28.222+0000] {processor.py:153} INFO - Started process (PID=289) to work on /home/airflow/.local/lib/python3.7/site-packages/airflow/example_dags/example_task_group_decorator.py
[2023-06-01T08:48:28.223+0000] {processor.py:743} INFO - Processing file /home/airflow/.local/lib/python3.7/site-packages/airflow/example_dags/example_task_group_decorator.py for tasks to queue
[2023-06-01T08:48:28.224+0000] {logging_mixin.py:137} INFO - [2023-06-01T08:48:28.224+0000] {dagbag.py:538} INFO - Filling up the DagBag from /home/airflow/.local/lib/python3.7/site-packages/airflow/example_dags/example_task_group_decorator.py
[2023-06-01T08:48:28.252+0000] {processor.py:753} INFO - DAG(s) dict_keys(['example_task_group_decorator']) retrieved from /home/airflow/.local/lib/python3.7/site-packages/airflow/example_dags/example_task_group_decorator.py
[2023-06-01T08:48:28.284+0000] {logging_mixin.py:137} INFO - [2023-06-01T08:48:28.283+0000] {dag.py:2690} INFO - Sync 1 DAGs
[2023-06-01T08:48:28.312+0000] {logging_mixin.py:137} INFO - [2023-06-01T08:48:28.312+0000] {dag.py:3441} INFO - Setting next_dagrun for example_task_group_decorator to 2023-05-31T08:48:28.311996+00:00, run_after=2023-06-01T08:48:28.311996+00:00
[2023-06-01T08:48:28.331+0000] {processor.py:175} INFO - Processing /home/airflow/.local/lib/python3.7/site-packages/airflow/example_dags/example_task_group_decorator.py took 0.113 seconds
[2023-06-01T08:48:59.083+0000] {processor.py:153} INFO - Started process (PID=400) to work on /home/airflow/.local/lib/python3.7/site-packages/airflow/example_dags/example_task_group_decorator.py
[2023-06-01T08:48:59.084+0000] {processor.py:743} INFO - Processing file /home/airflow/.local/lib/python3.7/site-packages/airflow/example_dags/example_task_group_decorator.py for tasks to queue
[2023-06-01T08:48:59.084+0000] {logging_mixin.py:137} INFO - [2023-06-01T08:48:59.084+0000] {dagbag.py:538} INFO - Filling up the DagBag from /home/airflow/.local/lib/python3.7/site-packages/airflow/example_dags/example_task_group_decorator.py
[2023-06-01T08:48:59.113+0000] {processor.py:753} INFO - DAG(s) dict_keys(['example_task_group_decorator']) retrieved from /home/airflow/.local/lib/python3.7/site-packages/airflow/example_dags/example_task_group_decorator.py
[2023-06-01T08:48:59.140+0000] {logging_mixin.py:137} INFO - [2023-06-01T08:48:59.139+0000] {dag.py:2690} INFO - Sync 1 DAGs
[2023-06-01T08:48:59.162+0000] {logging_mixin.py:137} INFO - [2023-06-01T08:48:59.162+0000] {dag.py:3441} INFO - Setting next_dagrun for example_task_group_decorator to 2023-05-31T08:48:59.162183+00:00, run_after=2023-06-01T08:48:59.162183+00:00
[2023-06-01T08:48:59.180+0000] {processor.py:175} INFO - Processing /home/airflow/.local/lib/python3.7/site-packages/airflow/example_dags/example_task_group_decorator.py took 0.100 seconds
[2023-06-01T08:49:30.576+0000] {processor.py:153} INFO - Started process (PID=487) to work on /home/airflow/.local/lib/python3.7/site-packages/airflow/example_dags/example_task_group_decorator.py
[2023-06-01T08:49:30.577+0000] {processor.py:743} INFO - Processing file /home/airflow/.local/lib/python3.7/site-packages/airflow/example_dags/example_task_group_decorator.py for tasks to queue
[2023-06-01T08:49:30.577+0000] {logging_mixin.py:137} INFO - [2023-06-01T08:49:30.577+0000] {dagbag.py:538} INFO - Filling up the DagBag from /home/airflow/.local/lib/python3.7/site-packages/airflow/example_dags/example_task_group_decorator.py
[2023-06-01T08:49:30.606+0000] {processor.py:753} INFO - DAG(s) dict_keys(['example_task_group_decorator']) retrieved from /home/airflow/.local/lib/python3.7/site-packages/airflow/example_dags/example_task_group_decorator.py
[2023-06-01T08:49:30.633+0000] {logging_mixin.py:137} INFO - [2023-06-01T08:49:30.633+0000] {dag.py:2690} INFO - Sync 1 DAGs
[2023-06-01T08:49:30.657+0000] {logging_mixin.py:137} INFO - [2023-06-01T08:49:30.657+0000] {dag.py:3441} INFO - Setting next_dagrun for example_task_group_decorator to 2023-05-31T08:49:30.657513+00:00, run_after=2023-06-01T08:49:30.657513+00:00
[2023-06-01T08:49:30.678+0000] {processor.py:175} INFO - Processing /home/airflow/.local/lib/python3.7/site-packages/airflow/example_dags/example_task_group_decorator.py took 0.105 seconds
[2023-06-01T08:50:01.201+0000] {processor.py:153} INFO - Started process (PID=598) to work on /home/airflow/.local/lib/python3.7/site-packages/airflow/example_dags/example_task_group_decorator.py
[2023-06-01T08:50:01.201+0000] {processor.py:743} INFO - Processing file /home/airflow/.local/lib/python3.7/site-packages/airflow/example_dags/example_task_group_decorator.py for tasks to queue
[2023-06-01T08:50:01.202+0000] {logging_mixin.py:137} INFO - [2023-06-01T08:50:01.202+0000] {dagbag.py:538} INFO - Filling up the DagBag from /home/airflow/.local/lib/python3.7/site-packages/airflow/example_dags/example_task_group_decorator.py
[2023-06-01T08:50:01.230+0000] {processor.py:753} INFO - DAG(s) dict_keys(['example_task_group_decorator']) retrieved from /home/airflow/.local/lib/python3.7/site-packages/airflow/example_dags/example_task_group_decorator.py
[2023-06-01T08:50:01.263+0000] {logging_mixin.py:137} INFO - [2023-06-01T08:50:01.262+0000] {dag.py:2690} INFO - Sync 1 DAGs
[2023-06-01T08:50:01.289+0000] {logging_mixin.py:137} INFO - [2023-06-01T08:50:01.289+0000] {dag.py:3441} INFO - Setting next_dagrun for example_task_group_decorator to 2023-05-31T08:50:01.288999+00:00, run_after=2023-06-01T08:50:01.288999+00:00
[2023-06-01T08:50:01.310+0000] {processor.py:175} INFO - Processing /home/airflow/.local/lib/python3.7/site-packages/airflow/example_dags/example_task_group_decorator.py took 0.112 seconds
[2023-06-01T08:50:31.446+0000] {processor.py:153} INFO - Started process (PID=685) to work on /home/airflow/.local/lib/python3.7/site-packages/airflow/example_dags/example_task_group_decorator.py
[2023-06-01T08:50:31.447+0000] {processor.py:743} INFO - Processing file /home/airflow/.local/lib/python3.7/site-packages/airflow/example_dags/example_task_group_decorator.py for tasks to queue
[2023-06-01T08:50:31.448+0000] {logging_mixin.py:137} INFO - [2023-06-01T08:50:31.448+0000] {dagbag.py:538} INFO - Filling up the DagBag from /home/airflow/.local/lib/python3.7/site-packages/airflow/example_dags/example_task_group_decorator.py
[2023-06-01T08:50:31.474+0000] {processor.py:753} INFO - DAG(s) dict_keys(['example_task_group_decorator']) retrieved from /home/airflow/.local/lib/python3.7/site-packages/airflow/example_dags/example_task_group_decorator.py
[2023-06-01T08:50:31.505+0000] {logging_mixin.py:137} INFO - [2023-06-01T08:50:31.505+0000] {dag.py:2690} INFO - Sync 1 DAGs
[2023-06-01T08:50:31.529+0000] {logging_mixin.py:137} INFO - [2023-06-01T08:50:31.529+0000] {dag.py:3441} INFO - Setting next_dagrun for example_task_group_decorator to 2023-05-31T08:50:31.529368+00:00, run_after=2023-06-01T08:50:31.529368+00:00
[2023-06-01T08:50:31.547+0000] {processor.py:175} INFO - Processing /home/airflow/.local/lib/python3.7/site-packages/airflow/example_dags/example_task_group_decorator.py took 0.104 seconds
[2023-06-01T08:51:01.883+0000] {processor.py:153} INFO - Started process (PID=772) to work on /home/airflow/.local/lib/python3.7/site-packages/airflow/example_dags/example_task_group_decorator.py
[2023-06-01T08:51:01.884+0000] {processor.py:743} INFO - Processing file /home/airflow/.local/lib/python3.7/site-packages/airflow/example_dags/example_task_group_decorator.py for tasks to queue
[2023-06-01T08:51:01.884+0000] {logging_mixin.py:137} INFO - [2023-06-01T08:51:01.884+0000] {dagbag.py:538} INFO - Filling up the DagBag from /home/airflow/.local/lib/python3.7/site-packages/airflow/example_dags/example_task_group_decorator.py
[2023-06-01T08:51:01.912+0000] {processor.py:753} INFO - DAG(s) dict_keys(['example_task_group_decorator']) retrieved from /home/airflow/.local/lib/python3.7/site-packages/airflow/example_dags/example_task_group_decorator.py
[2023-06-01T08:51:01.943+0000] {logging_mixin.py:137} INFO - [2023-06-01T08:51:01.943+0000] {dag.py:2690} INFO - Sync 1 DAGs
[2023-06-01T08:51:01.967+0000] {logging_mixin.py:137} INFO - [2023-06-01T08:51:01.967+0000] {dag.py:3441} INFO - Setting next_dagrun for example_task_group_decorator to 2023-05-31T08:51:01.967041+00:00, run_after=2023-06-01T08:51:01.967041+00:00
[2023-06-01T08:51:01.984+0000] {processor.py:175} INFO - Processing /home/airflow/.local/lib/python3.7/site-packages/airflow/example_dags/example_task_group_decorator.py took 0.104 seconds
[2023-06-01T08:51:32.449+0000] {processor.py:153} INFO - Started process (PID=883) to work on /home/airflow/.local/lib/python3.7/site-packages/airflow/example_dags/example_task_group_decorator.py
[2023-06-01T08:51:32.451+0000] {processor.py:743} INFO - Processing file /home/airflow/.local/lib/python3.7/site-packages/airflow/example_dags/example_task_group_decorator.py for tasks to queue
[2023-06-01T08:51:32.451+0000] {logging_mixin.py:137} INFO - [2023-06-01T08:51:32.451+0000] {dagbag.py:538} INFO - Filling up the DagBag from /home/airflow/.local/lib/python3.7/site-packages/airflow/example_dags/example_task_group_decorator.py
[2023-06-01T08:51:32.478+0000] {processor.py:753} INFO - DAG(s) dict_keys(['example_task_group_decorator']) retrieved from /home/airflow/.local/lib/python3.7/site-packages/airflow/example_dags/example_task_group_decorator.py
[2023-06-01T08:51:32.509+0000] {logging_mixin.py:137} INFO - [2023-06-01T08:51:32.509+0000] {dag.py:2690} INFO - Sync 1 DAGs
[2023-06-01T08:51:32.532+0000] {logging_mixin.py:137} INFO - [2023-06-01T08:51:32.532+0000] {dag.py:3441} INFO - Setting next_dagrun for example_task_group_decorator to 2023-05-31T08:51:32.531880+00:00, run_after=2023-06-01T08:51:32.531880+00:00
[2023-06-01T08:51:32.553+0000] {processor.py:175} INFO - Processing /home/airflow/.local/lib/python3.7/site-packages/airflow/example_dags/example_task_group_decorator.py took 0.107 seconds
[2023-06-01T08:52:02.918+0000] {processor.py:153} INFO - Started process (PID=970) to work on /home/airflow/.local/lib/python3.7/site-packages/airflow/example_dags/example_task_group_decorator.py
[2023-06-01T08:52:02.919+0000] {processor.py:743} INFO - Processing file /home/airflow/.local/lib/python3.7/site-packages/airflow/example_dags/example_task_group_decorator.py for tasks to queue
[2023-06-01T08:52:02.919+0000] {logging_mixin.py:137} INFO - [2023-06-01T08:52:02.919+0000] {dagbag.py:538} INFO - Filling up the DagBag from /home/airflow/.local/lib/python3.7/site-packages/airflow/example_dags/example_task_group_decorator.py
[2023-06-01T08:52:02.950+0000] {processor.py:753} INFO - DAG(s) dict_keys(['example_task_group_decorator']) retrieved from /home/airflow/.local/lib/python3.7/site-packages/airflow/example_dags/example_task_group_decorator.py
[2023-06-01T08:52:02.984+0000] {logging_mixin.py:137} INFO - [2023-06-01T08:52:02.984+0000] {dag.py:2690} INFO - Sync 1 DAGs
[2023-06-01T08:52:03.015+0000] {logging_mixin.py:137} INFO - [2023-06-01T08:52:03.015+0000] {dag.py:3441} INFO - Setting next_dagrun for example_task_group_decorator to 2023-05-31T08:52:03.014700+00:00, run_after=2023-06-01T08:52:03.014700+00:00
[2023-06-01T08:52:03.038+0000] {processor.py:175} INFO - Processing /home/airflow/.local/lib/python3.7/site-packages/airflow/example_dags/example_task_group_decorator.py took 0.124 seconds
[2023-06-01T08:52:33.515+0000] {processor.py:153} INFO - Started process (PID=1057) to work on /home/airflow/.local/lib/python3.7/site-packages/airflow/example_dags/example_task_group_decorator.py
[2023-06-01T08:52:33.516+0000] {processor.py:743} INFO - Processing file /home/airflow/.local/lib/python3.7/site-packages/airflow/example_dags/example_task_group_decorator.py for tasks to queue
[2023-06-01T08:52:33.517+0000] {logging_mixin.py:137} INFO - [2023-06-01T08:52:33.517+0000] {dagbag.py:538} INFO - Filling up the DagBag from /home/airflow/.local/lib/python3.7/site-packages/airflow/example_dags/example_task_group_decorator.py
[2023-06-01T08:52:33.547+0000] {processor.py:753} INFO - DAG(s) dict_keys(['example_task_group_decorator']) retrieved from /home/airflow/.local/lib/python3.7/site-packages/airflow/example_dags/example_task_group_decorator.py
[2023-06-01T08:52:33.583+0000] {logging_mixin.py:137} INFO - [2023-06-01T08:52:33.582+0000] {dag.py:2690} INFO - Sync 1 DAGs
[2023-06-01T08:52:33.611+0000] {logging_mixin.py:137} INFO - [2023-06-01T08:52:33.610+0000] {dag.py:3441} INFO - Setting next_dagrun for example_task_group_decorator to 2023-05-31T08:52:33.610410+00:00, run_after=2023-06-01T08:52:33.610410+00:00
[2023-06-01T08:52:33.634+0000] {processor.py:175} INFO - Processing /home/airflow/.local/lib/python3.7/site-packages/airflow/example_dags/example_task_group_decorator.py took 0.123 seconds
[2023-06-01T08:53:04.209+0000] {processor.py:153} INFO - Started process (PID=1153) to work on /home/airflow/.local/lib/python3.7/site-packages/airflow/example_dags/example_task_group_decorator.py
[2023-06-01T08:53:04.210+0000] {processor.py:743} INFO - Processing file /home/airflow/.local/lib/python3.7/site-packages/airflow/example_dags/example_task_group_decorator.py for tasks to queue
[2023-06-01T08:53:04.211+0000] {logging_mixin.py:137} INFO - [2023-06-01T08:53:04.211+0000] {dagbag.py:538} INFO - Filling up the DagBag from /home/airflow/.local/lib/python3.7/site-packages/airflow/example_dags/example_task_group_decorator.py
[2023-06-01T08:53:04.246+0000] {processor.py:753} INFO - DAG(s) dict_keys(['example_task_group_decorator']) retrieved from /home/airflow/.local/lib/python3.7/site-packages/airflow/example_dags/example_task_group_decorator.py
[2023-06-01T08:53:04.277+0000] {logging_mixin.py:137} INFO - [2023-06-01T08:53:04.277+0000] {dag.py:2690} INFO - Sync 1 DAGs
[2023-06-01T08:53:04.307+0000] {logging_mixin.py:137} INFO - [2023-06-01T08:53:04.307+0000] {dag.py:3441} INFO - Setting next_dagrun for example_task_group_decorator to 2023-05-31T08:53:04.306962+00:00, run_after=2023-06-01T08:53:04.306962+00:00
[2023-06-01T08:53:04.335+0000] {processor.py:175} INFO - Processing /home/airflow/.local/lib/python3.7/site-packages/airflow/example_dags/example_task_group_decorator.py took 0.131 seconds
[2023-06-01T08:53:34.700+0000] {processor.py:153} INFO - Started process (PID=1255) to work on /home/airflow/.local/lib/python3.7/site-packages/airflow/example_dags/example_task_group_decorator.py
[2023-06-01T08:53:34.702+0000] {processor.py:743} INFO - Processing file /home/airflow/.local/lib/python3.7/site-packages/airflow/example_dags/example_task_group_decorator.py for tasks to queue
[2023-06-01T08:53:34.703+0000] {logging_mixin.py:137} INFO - [2023-06-01T08:53:34.703+0000] {dagbag.py:538} INFO - Filling up the DagBag from /home/airflow/.local/lib/python3.7/site-packages/airflow/example_dags/example_task_group_decorator.py
[2023-06-01T08:53:34.734+0000] {processor.py:753} INFO - DAG(s) dict_keys(['example_task_group_decorator']) retrieved from /home/airflow/.local/lib/python3.7/site-packages/airflow/example_dags/example_task_group_decorator.py
[2023-06-01T08:53:34.766+0000] {logging_mixin.py:137} INFO - [2023-06-01T08:53:34.765+0000] {dag.py:2690} INFO - Sync 1 DAGs
[2023-06-01T08:53:34.793+0000] {logging_mixin.py:137} INFO - [2023-06-01T08:53:34.793+0000] {dag.py:3441} INFO - Setting next_dagrun for example_task_group_decorator to 2023-05-31T08:53:34.793211+00:00, run_after=2023-06-01T08:53:34.793211+00:00
[2023-06-01T08:53:34.811+0000] {processor.py:175} INFO - Processing /home/airflow/.local/lib/python3.7/site-packages/airflow/example_dags/example_task_group_decorator.py took 0.115 seconds
[2023-06-01T08:54:04.954+0000] {processor.py:153} INFO - Started process (PID=1342) to work on /home/airflow/.local/lib/python3.7/site-packages/airflow/example_dags/example_task_group_decorator.py
[2023-06-01T08:54:04.954+0000] {processor.py:743} INFO - Processing file /home/airflow/.local/lib/python3.7/site-packages/airflow/example_dags/example_task_group_decorator.py for tasks to queue
[2023-06-01T08:54:04.955+0000] {logging_mixin.py:137} INFO - [2023-06-01T08:54:04.955+0000] {dagbag.py:538} INFO - Filling up the DagBag from /home/airflow/.local/lib/python3.7/site-packages/airflow/example_dags/example_task_group_decorator.py
[2023-06-01T08:54:04.988+0000] {processor.py:753} INFO - DAG(s) dict_keys(['example_task_group_decorator']) retrieved from /home/airflow/.local/lib/python3.7/site-packages/airflow/example_dags/example_task_group_decorator.py
[2023-06-01T08:54:05.021+0000] {logging_mixin.py:137} INFO - [2023-06-01T08:54:05.020+0000] {dag.py:2690} INFO - Sync 1 DAGs
[2023-06-01T08:54:05.050+0000] {logging_mixin.py:137} INFO - [2023-06-01T08:54:05.050+0000] {dag.py:3441} INFO - Setting next_dagrun for example_task_group_decorator to 2023-05-31T08:54:05.050375+00:00, run_after=2023-06-01T08:54:05.050375+00:00
[2023-06-01T08:54:05.073+0000] {processor.py:175} INFO - Processing /home/airflow/.local/lib/python3.7/site-packages/airflow/example_dags/example_task_group_decorator.py took 0.122 seconds
[2023-06-01T08:54:35.608+0000] {processor.py:153} INFO - Started process (PID=1429) to work on /home/airflow/.local/lib/python3.7/site-packages/airflow/example_dags/example_task_group_decorator.py
[2023-06-01T08:54:35.610+0000] {processor.py:743} INFO - Processing file /home/airflow/.local/lib/python3.7/site-packages/airflow/example_dags/example_task_group_decorator.py for tasks to queue
[2023-06-01T08:54:35.611+0000] {logging_mixin.py:137} INFO - [2023-06-01T08:54:35.611+0000] {dagbag.py:538} INFO - Filling up the DagBag from /home/airflow/.local/lib/python3.7/site-packages/airflow/example_dags/example_task_group_decorator.py
[2023-06-01T08:54:35.640+0000] {processor.py:753} INFO - DAG(s) dict_keys(['example_task_group_decorator']) retrieved from /home/airflow/.local/lib/python3.7/site-packages/airflow/example_dags/example_task_group_decorator.py
[2023-06-01T08:54:35.671+0000] {logging_mixin.py:137} INFO - [2023-06-01T08:54:35.670+0000] {dag.py:2690} INFO - Sync 1 DAGs
[2023-06-01T08:54:35.701+0000] {logging_mixin.py:137} INFO - [2023-06-01T08:54:35.700+0000] {dag.py:3441} INFO - Setting next_dagrun for example_task_group_decorator to 2023-05-31T08:54:35.700550+00:00, run_after=2023-06-01T08:54:35.700550+00:00
[2023-06-01T08:54:35.720+0000] {processor.py:175} INFO - Processing /home/airflow/.local/lib/python3.7/site-packages/airflow/example_dags/example_task_group_decorator.py took 0.115 seconds
[2023-06-01T08:55:06.666+0000] {processor.py:153} INFO - Started process (PID=1540) to work on /home/airflow/.local/lib/python3.7/site-packages/airflow/example_dags/example_task_group_decorator.py
[2023-06-01T08:55:06.667+0000] {processor.py:743} INFO - Processing file /home/airflow/.local/lib/python3.7/site-packages/airflow/example_dags/example_task_group_decorator.py for tasks to queue
[2023-06-01T08:55:06.667+0000] {logging_mixin.py:137} INFO - [2023-06-01T08:55:06.667+0000] {dagbag.py:538} INFO - Filling up the DagBag from /home/airflow/.local/lib/python3.7/site-packages/airflow/example_dags/example_task_group_decorator.py
[2023-06-01T08:55:06.694+0000] {processor.py:753} INFO - DAG(s) dict_keys(['example_task_group_decorator']) retrieved from /home/airflow/.local/lib/python3.7/site-packages/airflow/example_dags/example_task_group_decorator.py
[2023-06-01T08:55:06.726+0000] {logging_mixin.py:137} INFO - [2023-06-01T08:55:06.725+0000] {dag.py:2690} INFO - Sync 1 DAGs
[2023-06-01T08:55:06.757+0000] {logging_mixin.py:137} INFO - [2023-06-01T08:55:06.756+0000] {dag.py:3441} INFO - Setting next_dagrun for example_task_group_decorator to 2023-05-31T08:55:06.756470+00:00, run_after=2023-06-01T08:55:06.756470+00:00
[2023-06-01T08:55:06.782+0000] {processor.py:175} INFO - Processing /home/airflow/.local/lib/python3.7/site-packages/airflow/example_dags/example_task_group_decorator.py took 0.118 seconds
[2023-06-01T08:55:37.739+0000] {processor.py:153} INFO - Started process (PID=1627) to work on /home/airflow/.local/lib/python3.7/site-packages/airflow/example_dags/example_task_group_decorator.py
[2023-06-01T08:55:37.740+0000] {processor.py:743} INFO - Processing file /home/airflow/.local/lib/python3.7/site-packages/airflow/example_dags/example_task_group_decorator.py for tasks to queue
[2023-06-01T08:55:37.741+0000] {logging_mixin.py:137} INFO - [2023-06-01T08:55:37.741+0000] {dagbag.py:538} INFO - Filling up the DagBag from /home/airflow/.local/lib/python3.7/site-packages/airflow/example_dags/example_task_group_decorator.py
[2023-06-01T08:55:37.770+0000] {processor.py:753} INFO - DAG(s) dict_keys(['example_task_group_decorator']) retrieved from /home/airflow/.local/lib/python3.7/site-packages/airflow/example_dags/example_task_group_decorator.py
[2023-06-01T08:55:37.799+0000] {logging_mixin.py:137} INFO - [2023-06-01T08:55:37.799+0000] {dag.py:2690} INFO - Sync 1 DAGs
[2023-06-01T08:55:37.824+0000] {logging_mixin.py:137} INFO - [2023-06-01T08:55:37.823+0000] {dag.py:3441} INFO - Setting next_dagrun for example_task_group_decorator to 2023-05-31T08:55:37.823612+00:00, run_after=2023-06-01T08:55:37.823612+00:00
[2023-06-01T08:55:37.842+0000] {processor.py:175} INFO - Processing /home/airflow/.local/lib/python3.7/site-packages/airflow/example_dags/example_task_group_decorator.py took 0.107 seconds
[2023-06-01T08:56:07.999+0000] {processor.py:153} INFO - Started process (PID=1714) to work on /home/airflow/.local/lib/python3.7/site-packages/airflow/example_dags/example_task_group_decorator.py
[2023-06-01T08:56:08.000+0000] {processor.py:743} INFO - Processing file /home/airflow/.local/lib/python3.7/site-packages/airflow/example_dags/example_task_group_decorator.py for tasks to queue
[2023-06-01T08:56:08.001+0000] {logging_mixin.py:137} INFO - [2023-06-01T08:56:08.000+0000] {dagbag.py:538} INFO - Filling up the DagBag from /home/airflow/.local/lib/python3.7/site-packages/airflow/example_dags/example_task_group_decorator.py
[2023-06-01T08:56:08.033+0000] {processor.py:753} INFO - DAG(s) dict_keys(['example_task_group_decorator']) retrieved from /home/airflow/.local/lib/python3.7/site-packages/airflow/example_dags/example_task_group_decorator.py
[2023-06-01T08:56:08.066+0000] {logging_mixin.py:137} INFO - [2023-06-01T08:56:08.066+0000] {dag.py:2690} INFO - Sync 1 DAGs
[2023-06-01T08:56:08.095+0000] {logging_mixin.py:137} INFO - [2023-06-01T08:56:08.095+0000] {dag.py:3441} INFO - Setting next_dagrun for example_task_group_decorator to 2023-05-31T08:56:08.094799+00:00, run_after=2023-06-01T08:56:08.094799+00:00
[2023-06-01T08:56:08.115+0000] {processor.py:175} INFO - Processing /home/airflow/.local/lib/python3.7/site-packages/airflow/example_dags/example_task_group_decorator.py took 0.119 seconds
[2023-06-01T08:56:39.016+0000] {processor.py:153} INFO - Started process (PID=1825) to work on /home/airflow/.local/lib/python3.7/site-packages/airflow/example_dags/example_task_group_decorator.py
[2023-06-01T08:56:39.018+0000] {processor.py:743} INFO - Processing file /home/airflow/.local/lib/python3.7/site-packages/airflow/example_dags/example_task_group_decorator.py for tasks to queue
[2023-06-01T08:56:39.019+0000] {logging_mixin.py:137} INFO - [2023-06-01T08:56:39.019+0000] {dagbag.py:538} INFO - Filling up the DagBag from /home/airflow/.local/lib/python3.7/site-packages/airflow/example_dags/example_task_group_decorator.py
[2023-06-01T08:56:39.050+0000] {processor.py:753} INFO - DAG(s) dict_keys(['example_task_group_decorator']) retrieved from /home/airflow/.local/lib/python3.7/site-packages/airflow/example_dags/example_task_group_decorator.py
[2023-06-01T08:56:39.080+0000] {logging_mixin.py:137} INFO - [2023-06-01T08:56:39.080+0000] {dag.py:2690} INFO - Sync 1 DAGs
[2023-06-01T08:56:39.104+0000] {logging_mixin.py:137} INFO - [2023-06-01T08:56:39.104+0000] {dag.py:3441} INFO - Setting next_dagrun for example_task_group_decorator to 2023-05-31T08:56:39.103931+00:00, run_after=2023-06-01T08:56:39.103931+00:00
[2023-06-01T08:56:39.123+0000] {processor.py:175} INFO - Processing /home/airflow/.local/lib/python3.7/site-packages/airflow/example_dags/example_task_group_decorator.py took 0.111 seconds
[2023-06-01T08:57:09.483+0000] {processor.py:153} INFO - Started process (PID=1912) to work on /home/airflow/.local/lib/python3.7/site-packages/airflow/example_dags/example_task_group_decorator.py
[2023-06-01T08:57:09.484+0000] {processor.py:743} INFO - Processing file /home/airflow/.local/lib/python3.7/site-packages/airflow/example_dags/example_task_group_decorator.py for tasks to queue
[2023-06-01T08:57:09.485+0000] {logging_mixin.py:137} INFO - [2023-06-01T08:57:09.484+0000] {dagbag.py:538} INFO - Filling up the DagBag from /home/airflow/.local/lib/python3.7/site-packages/airflow/example_dags/example_task_group_decorator.py
[2023-06-01T08:57:09.516+0000] {processor.py:753} INFO - DAG(s) dict_keys(['example_task_group_decorator']) retrieved from /home/airflow/.local/lib/python3.7/site-packages/airflow/example_dags/example_task_group_decorator.py
[2023-06-01T08:57:09.545+0000] {logging_mixin.py:137} INFO - [2023-06-01T08:57:09.545+0000] {dag.py:2690} INFO - Sync 1 DAGs
[2023-06-01T08:57:09.573+0000] {logging_mixin.py:137} INFO - [2023-06-01T08:57:09.573+0000] {dag.py:3441} INFO - Setting next_dagrun for example_task_group_decorator to 2023-05-31T08:57:09.573016+00:00, run_after=2023-06-01T08:57:09.573016+00:00
[2023-06-01T08:57:09.596+0000] {processor.py:175} INFO - Processing /home/airflow/.local/lib/python3.7/site-packages/airflow/example_dags/example_task_group_decorator.py took 0.116 seconds
[2023-06-01T08:57:39.800+0000] {processor.py:153} INFO - Started process (PID=1999) to work on /home/airflow/.local/lib/python3.7/site-packages/airflow/example_dags/example_task_group_decorator.py
[2023-06-01T08:57:39.801+0000] {processor.py:743} INFO - Processing file /home/airflow/.local/lib/python3.7/site-packages/airflow/example_dags/example_task_group_decorator.py for tasks to queue
[2023-06-01T08:57:39.802+0000] {logging_mixin.py:137} INFO - [2023-06-01T08:57:39.802+0000] {dagbag.py:538} INFO - Filling up the DagBag from /home/airflow/.local/lib/python3.7/site-packages/airflow/example_dags/example_task_group_decorator.py
[2023-06-01T08:57:39.831+0000] {processor.py:753} INFO - DAG(s) dict_keys(['example_task_group_decorator']) retrieved from /home/airflow/.local/lib/python3.7/site-packages/airflow/example_dags/example_task_group_decorator.py
[2023-06-01T08:57:39.859+0000] {logging_mixin.py:137} INFO - [2023-06-01T08:57:39.859+0000] {dag.py:2690} INFO - Sync 1 DAGs
[2023-06-01T08:57:39.887+0000] {logging_mixin.py:137} INFO - [2023-06-01T08:57:39.887+0000] {dag.py:3441} INFO - Setting next_dagrun for example_task_group_decorator to 2023-05-31T08:57:39.887219+00:00, run_after=2023-06-01T08:57:39.887219+00:00
[2023-06-01T08:57:39.907+0000] {processor.py:175} INFO - Processing /home/airflow/.local/lib/python3.7/site-packages/airflow/example_dags/example_task_group_decorator.py took 0.111 seconds
[2023-06-01T08:58:11.096+0000] {processor.py:153} INFO - Started process (PID=2110) to work on /home/airflow/.local/lib/python3.7/site-packages/airflow/example_dags/example_task_group_decorator.py
[2023-06-01T08:58:11.097+0000] {processor.py:743} INFO - Processing file /home/airflow/.local/lib/python3.7/site-packages/airflow/example_dags/example_task_group_decorator.py for tasks to queue
[2023-06-01T08:58:11.098+0000] {logging_mixin.py:137} INFO - [2023-06-01T08:58:11.098+0000] {dagbag.py:538} INFO - Filling up the DagBag from /home/airflow/.local/lib/python3.7/site-packages/airflow/example_dags/example_task_group_decorator.py
[2023-06-01T08:58:11.130+0000] {processor.py:753} INFO - DAG(s) dict_keys(['example_task_group_decorator']) retrieved from /home/airflow/.local/lib/python3.7/site-packages/airflow/example_dags/example_task_group_decorator.py
[2023-06-01T08:58:11.163+0000] {logging_mixin.py:137} INFO - [2023-06-01T08:58:11.163+0000] {dag.py:2690} INFO - Sync 1 DAGs
[2023-06-01T08:58:11.190+0000] {logging_mixin.py:137} INFO - [2023-06-01T08:58:11.189+0000] {dag.py:3441} INFO - Setting next_dagrun for example_task_group_decorator to 2023-05-31T08:58:11.189548+00:00, run_after=2023-06-01T08:58:11.189548+00:00
[2023-06-01T08:58:11.213+0000] {processor.py:175} INFO - Processing /home/airflow/.local/lib/python3.7/site-packages/airflow/example_dags/example_task_group_decorator.py took 0.120 seconds
[2023-06-01T08:58:41.705+0000] {processor.py:153} INFO - Started process (PID=2197) to work on /home/airflow/.local/lib/python3.7/site-packages/airflow/example_dags/example_task_group_decorator.py
[2023-06-01T08:58:41.708+0000] {processor.py:743} INFO - Processing file /home/airflow/.local/lib/python3.7/site-packages/airflow/example_dags/example_task_group_decorator.py for tasks to queue
[2023-06-01T08:58:41.708+0000] {logging_mixin.py:137} INFO - [2023-06-01T08:58:41.708+0000] {dagbag.py:538} INFO - Filling up the DagBag from /home/airflow/.local/lib/python3.7/site-packages/airflow/example_dags/example_task_group_decorator.py
[2023-06-01T08:58:41.743+0000] {processor.py:753} INFO - DAG(s) dict_keys(['example_task_group_decorator']) retrieved from /home/airflow/.local/lib/python3.7/site-packages/airflow/example_dags/example_task_group_decorator.py
[2023-06-01T08:58:41.780+0000] {logging_mixin.py:137} INFO - [2023-06-01T08:58:41.780+0000] {dag.py:2690} INFO - Sync 1 DAGs
[2023-06-01T08:58:41.811+0000] {logging_mixin.py:137} INFO - [2023-06-01T08:58:41.811+0000] {dag.py:3441} INFO - Setting next_dagrun for example_task_group_decorator to 2023-05-31T08:58:41.811195+00:00, run_after=2023-06-01T08:58:41.811195+00:00
[2023-06-01T08:58:41.838+0000] {processor.py:175} INFO - Processing /home/airflow/.local/lib/python3.7/site-packages/airflow/example_dags/example_task_group_decorator.py took 0.137 seconds
[2023-06-01T08:59:12.331+0000] {processor.py:153} INFO - Started process (PID=2284) to work on /home/airflow/.local/lib/python3.7/site-packages/airflow/example_dags/example_task_group_decorator.py
[2023-06-01T08:59:12.332+0000] {processor.py:743} INFO - Processing file /home/airflow/.local/lib/python3.7/site-packages/airflow/example_dags/example_task_group_decorator.py for tasks to queue
[2023-06-01T08:59:12.333+0000] {logging_mixin.py:137} INFO - [2023-06-01T08:59:12.333+0000] {dagbag.py:538} INFO - Filling up the DagBag from /home/airflow/.local/lib/python3.7/site-packages/airflow/example_dags/example_task_group_decorator.py
[2023-06-01T08:59:12.363+0000] {processor.py:753} INFO - DAG(s) dict_keys(['example_task_group_decorator']) retrieved from /home/airflow/.local/lib/python3.7/site-packages/airflow/example_dags/example_task_group_decorator.py
[2023-06-01T08:59:12.395+0000] {logging_mixin.py:137} INFO - [2023-06-01T08:59:12.394+0000] {dag.py:2690} INFO - Sync 1 DAGs
[2023-06-01T08:59:12.426+0000] {logging_mixin.py:137} INFO - [2023-06-01T08:59:12.426+0000] {dag.py:3441} INFO - Setting next_dagrun for example_task_group_decorator to 2023-05-31T08:59:12.425965+00:00, run_after=2023-06-01T08:59:12.425965+00:00
[2023-06-01T08:59:12.446+0000] {processor.py:175} INFO - Processing /home/airflow/.local/lib/python3.7/site-packages/airflow/example_dags/example_task_group_decorator.py took 0.118 seconds
[2023-06-01T08:59:43.071+0000] {processor.py:153} INFO - Started process (PID=2371) to work on /home/airflow/.local/lib/python3.7/site-packages/airflow/example_dags/example_task_group_decorator.py
[2023-06-01T08:59:43.073+0000] {processor.py:743} INFO - Processing file /home/airflow/.local/lib/python3.7/site-packages/airflow/example_dags/example_task_group_decorator.py for tasks to queue
[2023-06-01T08:59:43.074+0000] {logging_mixin.py:137} INFO - [2023-06-01T08:59:43.074+0000] {dagbag.py:538} INFO - Filling up the DagBag from /home/airflow/.local/lib/python3.7/site-packages/airflow/example_dags/example_task_group_decorator.py
[2023-06-01T08:59:43.105+0000] {processor.py:753} INFO - DAG(s) dict_keys(['example_task_group_decorator']) retrieved from /home/airflow/.local/lib/python3.7/site-packages/airflow/example_dags/example_task_group_decorator.py
[2023-06-01T08:59:43.135+0000] {logging_mixin.py:137} INFO - [2023-06-01T08:59:43.135+0000] {dag.py:2690} INFO - Sync 1 DAGs
[2023-06-01T08:59:43.168+0000] {logging_mixin.py:137} INFO - [2023-06-01T08:59:43.168+0000] {dag.py:3441} INFO - Setting next_dagrun for example_task_group_decorator to 2023-05-31T08:59:43.167914+00:00, run_after=2023-06-01T08:59:43.167914+00:00
[2023-06-01T08:59:43.195+0000] {processor.py:175} INFO - Processing /home/airflow/.local/lib/python3.7/site-packages/airflow/example_dags/example_task_group_decorator.py took 0.127 seconds
[2023-06-01T09:00:14.119+0000] {processor.py:153} INFO - Started process (PID=2482) to work on /home/airflow/.local/lib/python3.7/site-packages/airflow/example_dags/example_task_group_decorator.py
[2023-06-01T09:00:14.120+0000] {processor.py:743} INFO - Processing file /home/airflow/.local/lib/python3.7/site-packages/airflow/example_dags/example_task_group_decorator.py for tasks to queue
[2023-06-01T09:00:14.120+0000] {logging_mixin.py:137} INFO - [2023-06-01T09:00:14.120+0000] {dagbag.py:538} INFO - Filling up the DagBag from /home/airflow/.local/lib/python3.7/site-packages/airflow/example_dags/example_task_group_decorator.py
[2023-06-01T09:00:14.150+0000] {processor.py:753} INFO - DAG(s) dict_keys(['example_task_group_decorator']) retrieved from /home/airflow/.local/lib/python3.7/site-packages/airflow/example_dags/example_task_group_decorator.py
[2023-06-01T09:00:14.189+0000] {logging_mixin.py:137} INFO - [2023-06-01T09:00:14.189+0000] {dag.py:2690} INFO - Sync 1 DAGs
[2023-06-01T09:00:14.224+0000] {logging_mixin.py:137} INFO - [2023-06-01T09:00:14.224+0000] {dag.py:3441} INFO - Setting next_dagrun for example_task_group_decorator to 2023-05-31T09:00:14.224188+00:00, run_after=2023-06-01T09:00:14.224188+00:00
[2023-06-01T09:00:14.251+0000] {processor.py:175} INFO - Processing /home/airflow/.local/lib/python3.7/site-packages/airflow/example_dags/example_task_group_decorator.py took 0.136 seconds
[2023-06-01T09:00:44.866+0000] {processor.py:153} INFO - Started process (PID=2569) to work on /home/airflow/.local/lib/python3.7/site-packages/airflow/example_dags/example_task_group_decorator.py
[2023-06-01T09:00:44.869+0000] {processor.py:743} INFO - Processing file /home/airflow/.local/lib/python3.7/site-packages/airflow/example_dags/example_task_group_decorator.py for tasks to queue
[2023-06-01T09:00:44.870+0000] {logging_mixin.py:137} INFO - [2023-06-01T09:00:44.869+0000] {dagbag.py:538} INFO - Filling up the DagBag from /home/airflow/.local/lib/python3.7/site-packages/airflow/example_dags/example_task_group_decorator.py
[2023-06-01T09:00:44.902+0000] {processor.py:753} INFO - DAG(s) dict_keys(['example_task_group_decorator']) retrieved from /home/airflow/.local/lib/python3.7/site-packages/airflow/example_dags/example_task_group_decorator.py
[2023-06-01T09:00:44.932+0000] {logging_mixin.py:137} INFO - [2023-06-01T09:00:44.931+0000] {dag.py:2690} INFO - Sync 1 DAGs
[2023-06-01T09:00:44.959+0000] {logging_mixin.py:137} INFO - [2023-06-01T09:00:44.958+0000] {dag.py:3441} INFO - Setting next_dagrun for example_task_group_decorator to 2023-05-31T09:00:44.958674+00:00, run_after=2023-06-01T09:00:44.958674+00:00
[2023-06-01T09:00:44.981+0000] {processor.py:175} INFO - Processing /home/airflow/.local/lib/python3.7/site-packages/airflow/example_dags/example_task_group_decorator.py took 0.120 seconds
[2023-06-01T09:01:15.661+0000] {processor.py:153} INFO - Started process (PID=2656) to work on /home/airflow/.local/lib/python3.7/site-packages/airflow/example_dags/example_task_group_decorator.py
[2023-06-01T09:01:15.662+0000] {processor.py:743} INFO - Processing file /home/airflow/.local/lib/python3.7/site-packages/airflow/example_dags/example_task_group_decorator.py for tasks to queue
[2023-06-01T09:01:15.663+0000] {logging_mixin.py:137} INFO - [2023-06-01T09:01:15.663+0000] {dagbag.py:538} INFO - Filling up the DagBag from /home/airflow/.local/lib/python3.7/site-packages/airflow/example_dags/example_task_group_decorator.py
[2023-06-01T09:01:15.692+0000] {processor.py:753} INFO - DAG(s) dict_keys(['example_task_group_decorator']) retrieved from /home/airflow/.local/lib/python3.7/site-packages/airflow/example_dags/example_task_group_decorator.py
[2023-06-01T09:01:15.722+0000] {logging_mixin.py:137} INFO - [2023-06-01T09:01:15.721+0000] {dag.py:2690} INFO - Sync 1 DAGs
[2023-06-01T09:01:15.749+0000] {logging_mixin.py:137} INFO - [2023-06-01T09:01:15.748+0000] {dag.py:3441} INFO - Setting next_dagrun for example_task_group_decorator to 2023-05-31T09:01:15.748570+00:00, run_after=2023-06-01T09:01:15.748570+00:00
[2023-06-01T09:01:15.769+0000] {processor.py:175} INFO - Processing /home/airflow/.local/lib/python3.7/site-packages/airflow/example_dags/example_task_group_decorator.py took 0.111 seconds
[2023-06-01T09:01:46.514+0000] {processor.py:153} INFO - Started process (PID=2767) to work on /home/airflow/.local/lib/python3.7/site-packages/airflow/example_dags/example_task_group_decorator.py
[2023-06-01T09:01:46.516+0000] {processor.py:743} INFO - Processing file /home/airflow/.local/lib/python3.7/site-packages/airflow/example_dags/example_task_group_decorator.py for tasks to queue
[2023-06-01T09:01:46.516+0000] {logging_mixin.py:137} INFO - [2023-06-01T09:01:46.516+0000] {dagbag.py:538} INFO - Filling up the DagBag from /home/airflow/.local/lib/python3.7/site-packages/airflow/example_dags/example_task_group_decorator.py
[2023-06-01T09:01:46.549+0000] {processor.py:753} INFO - DAG(s) dict_keys(['example_task_group_decorator']) retrieved from /home/airflow/.local/lib/python3.7/site-packages/airflow/example_dags/example_task_group_decorator.py
[2023-06-01T09:01:46.581+0000] {logging_mixin.py:137} INFO - [2023-06-01T09:01:46.580+0000] {dag.py:2690} INFO - Sync 1 DAGs
[2023-06-01T09:01:46.613+0000] {logging_mixin.py:137} INFO - [2023-06-01T09:01:46.613+0000] {dag.py:3441} INFO - Setting next_dagrun for example_task_group_decorator to 2023-05-31T09:01:46.612827+00:00, run_after=2023-06-01T09:01:46.612827+00:00
[2023-06-01T09:01:46.632+0000] {processor.py:175} INFO - Processing /home/airflow/.local/lib/python3.7/site-packages/airflow/example_dags/example_task_group_decorator.py took 0.121 seconds
[2023-06-01T09:02:16.710+0000] {processor.py:153} INFO - Started process (PID=2854) to work on /home/airflow/.local/lib/python3.7/site-packages/airflow/example_dags/example_task_group_decorator.py
[2023-06-01T09:02:16.711+0000] {processor.py:743} INFO - Processing file /home/airflow/.local/lib/python3.7/site-packages/airflow/example_dags/example_task_group_decorator.py for tasks to queue
[2023-06-01T09:02:16.712+0000] {logging_mixin.py:137} INFO - [2023-06-01T09:02:16.711+0000] {dagbag.py:538} INFO - Filling up the DagBag from /home/airflow/.local/lib/python3.7/site-packages/airflow/example_dags/example_task_group_decorator.py
[2023-06-01T09:02:16.742+0000] {processor.py:753} INFO - DAG(s) dict_keys(['example_task_group_decorator']) retrieved from /home/airflow/.local/lib/python3.7/site-packages/airflow/example_dags/example_task_group_decorator.py
[2023-06-01T09:02:16.770+0000] {logging_mixin.py:137} INFO - [2023-06-01T09:02:16.770+0000] {dag.py:2690} INFO - Sync 1 DAGs
[2023-06-01T09:02:16.797+0000] {logging_mixin.py:137} INFO - [2023-06-01T09:02:16.797+0000] {dag.py:3441} INFO - Setting next_dagrun for example_task_group_decorator to 2023-05-31T09:02:16.797060+00:00, run_after=2023-06-01T09:02:16.797060+00:00
[2023-06-01T09:02:16.815+0000] {processor.py:175} INFO - Processing /home/airflow/.local/lib/python3.7/site-packages/airflow/example_dags/example_task_group_decorator.py took 0.108 seconds
[2023-06-01T09:02:47.098+0000] {processor.py:153} INFO - Started process (PID=2941) to work on /home/airflow/.local/lib/python3.7/site-packages/airflow/example_dags/example_task_group_decorator.py
[2023-06-01T09:02:47.099+0000] {processor.py:743} INFO - Processing file /home/airflow/.local/lib/python3.7/site-packages/airflow/example_dags/example_task_group_decorator.py for tasks to queue
[2023-06-01T09:02:47.100+0000] {logging_mixin.py:137} INFO - [2023-06-01T09:02:47.099+0000] {dagbag.py:538} INFO - Filling up the DagBag from /home/airflow/.local/lib/python3.7/site-packages/airflow/example_dags/example_task_group_decorator.py
[2023-06-01T09:02:47.130+0000] {processor.py:753} INFO - DAG(s) dict_keys(['example_task_group_decorator']) retrieved from /home/airflow/.local/lib/python3.7/site-packages/airflow/example_dags/example_task_group_decorator.py
[2023-06-01T09:02:47.160+0000] {logging_mixin.py:137} INFO - [2023-06-01T09:02:47.160+0000] {dag.py:2690} INFO - Sync 1 DAGs
[2023-06-01T09:02:47.184+0000] {logging_mixin.py:137} INFO - [2023-06-01T09:02:47.183+0000] {dag.py:3441} INFO - Setting next_dagrun for example_task_group_decorator to 2023-05-31T09:02:47.183633+00:00, run_after=2023-06-01T09:02:47.183633+00:00
[2023-06-01T09:02:47.201+0000] {processor.py:175} INFO - Processing /home/airflow/.local/lib/python3.7/site-packages/airflow/example_dags/example_task_group_decorator.py took 0.107 seconds
[2023-06-01T09:03:17.690+0000] {processor.py:153} INFO - Started process (PID=3028) to work on /home/airflow/.local/lib/python3.7/site-packages/airflow/example_dags/example_task_group_decorator.py
[2023-06-01T09:03:17.690+0000] {processor.py:743} INFO - Processing file /home/airflow/.local/lib/python3.7/site-packages/airflow/example_dags/example_task_group_decorator.py for tasks to queue
[2023-06-01T09:03:17.691+0000] {logging_mixin.py:137} INFO - [2023-06-01T09:03:17.691+0000] {dagbag.py:538} INFO - Filling up the DagBag from /home/airflow/.local/lib/python3.7/site-packages/airflow/example_dags/example_task_group_decorator.py
[2023-06-01T09:03:17.723+0000] {processor.py:753} INFO - DAG(s) dict_keys(['example_task_group_decorator']) retrieved from /home/airflow/.local/lib/python3.7/site-packages/airflow/example_dags/example_task_group_decorator.py
[2023-06-01T09:03:17.753+0000] {logging_mixin.py:137} INFO - [2023-06-01T09:03:17.753+0000] {dag.py:2690} INFO - Sync 1 DAGs
[2023-06-01T09:03:17.783+0000] {logging_mixin.py:137} INFO - [2023-06-01T09:03:17.782+0000] {dag.py:3441} INFO - Setting next_dagrun for example_task_group_decorator to 2023-05-31T09:03:17.782483+00:00, run_after=2023-06-01T09:03:17.782483+00:00
[2023-06-01T09:03:17.801+0000] {processor.py:175} INFO - Processing /home/airflow/.local/lib/python3.7/site-packages/airflow/example_dags/example_task_group_decorator.py took 0.115 seconds
[2023-06-01T09:03:48.427+0000] {processor.py:153} INFO - Started process (PID=3139) to work on /home/airflow/.local/lib/python3.7/site-packages/airflow/example_dags/example_task_group_decorator.py
[2023-06-01T09:03:48.428+0000] {processor.py:743} INFO - Processing file /home/airflow/.local/lib/python3.7/site-packages/airflow/example_dags/example_task_group_decorator.py for tasks to queue
[2023-06-01T09:03:48.428+0000] {logging_mixin.py:137} INFO - [2023-06-01T09:03:48.428+0000] {dagbag.py:538} INFO - Filling up the DagBag from /home/airflow/.local/lib/python3.7/site-packages/airflow/example_dags/example_task_group_decorator.py
[2023-06-01T09:03:48.455+0000] {processor.py:753} INFO - DAG(s) dict_keys(['example_task_group_decorator']) retrieved from /home/airflow/.local/lib/python3.7/site-packages/airflow/example_dags/example_task_group_decorator.py
[2023-06-01T09:03:48.485+0000] {logging_mixin.py:137} INFO - [2023-06-01T09:03:48.484+0000] {dag.py:2690} INFO - Sync 1 DAGs
[2023-06-01T09:03:48.510+0000] {logging_mixin.py:137} INFO - [2023-06-01T09:03:48.510+0000] {dag.py:3441} INFO - Setting next_dagrun for example_task_group_decorator to 2023-05-31T09:03:48.509776+00:00, run_after=2023-06-01T09:03:48.509776+00:00
[2023-06-01T09:03:48.527+0000] {processor.py:175} INFO - Processing /home/airflow/.local/lib/python3.7/site-packages/airflow/example_dags/example_task_group_decorator.py took 0.104 seconds
[2023-06-01T09:04:18.773+0000] {processor.py:153} INFO - Started process (PID=3226) to work on /home/airflow/.local/lib/python3.7/site-packages/airflow/example_dags/example_task_group_decorator.py
[2023-06-01T09:04:18.774+0000] {processor.py:743} INFO - Processing file /home/airflow/.local/lib/python3.7/site-packages/airflow/example_dags/example_task_group_decorator.py for tasks to queue
[2023-06-01T09:04:18.774+0000] {logging_mixin.py:137} INFO - [2023-06-01T09:04:18.774+0000] {dagbag.py:538} INFO - Filling up the DagBag from /home/airflow/.local/lib/python3.7/site-packages/airflow/example_dags/example_task_group_decorator.py
[2023-06-01T09:04:18.806+0000] {processor.py:753} INFO - DAG(s) dict_keys(['example_task_group_decorator']) retrieved from /home/airflow/.local/lib/python3.7/site-packages/airflow/example_dags/example_task_group_decorator.py
[2023-06-01T09:04:18.837+0000] {logging_mixin.py:137} INFO - [2023-06-01T09:04:18.837+0000] {dag.py:2690} INFO - Sync 1 DAGs
[2023-06-01T09:04:18.864+0000] {logging_mixin.py:137} INFO - [2023-06-01T09:04:18.864+0000] {dag.py:3441} INFO - Setting next_dagrun for example_task_group_decorator to 2023-05-31T09:04:18.864183+00:00, run_after=2023-06-01T09:04:18.864183+00:00
[2023-06-01T09:04:18.884+0000] {processor.py:175} INFO - Processing /home/airflow/.local/lib/python3.7/site-packages/airflow/example_dags/example_task_group_decorator.py took 0.114 seconds
[2023-06-01T09:04:49.430+0000] {processor.py:153} INFO - Started process (PID=3313) to work on /home/airflow/.local/lib/python3.7/site-packages/airflow/example_dags/example_task_group_decorator.py
[2023-06-01T09:04:49.432+0000] {processor.py:743} INFO - Processing file /home/airflow/.local/lib/python3.7/site-packages/airflow/example_dags/example_task_group_decorator.py for tasks to queue
[2023-06-01T09:04:49.433+0000] {logging_mixin.py:137} INFO - [2023-06-01T09:04:49.432+0000] {dagbag.py:538} INFO - Filling up the DagBag from /home/airflow/.local/lib/python3.7/site-packages/airflow/example_dags/example_task_group_decorator.py
[2023-06-01T09:04:49.462+0000] {processor.py:753} INFO - DAG(s) dict_keys(['example_task_group_decorator']) retrieved from /home/airflow/.local/lib/python3.7/site-packages/airflow/example_dags/example_task_group_decorator.py
[2023-06-01T09:04:49.494+0000] {logging_mixin.py:137} INFO - [2023-06-01T09:04:49.494+0000] {dag.py:2690} INFO - Sync 1 DAGs
[2023-06-01T09:04:49.525+0000] {logging_mixin.py:137} INFO - [2023-06-01T09:04:49.524+0000] {dag.py:3441} INFO - Setting next_dagrun for example_task_group_decorator to 2023-05-31T09:04:49.524615+00:00, run_after=2023-06-01T09:04:49.524615+00:00
[2023-06-01T09:04:49.549+0000] {processor.py:175} INFO - Processing /home/airflow/.local/lib/python3.7/site-packages/airflow/example_dags/example_task_group_decorator.py took 0.124 seconds
[2023-06-01T09:05:20.941+0000] {processor.py:153} INFO - Started process (PID=3400) to work on /home/airflow/.local/lib/python3.7/site-packages/airflow/example_dags/example_task_group_decorator.py
[2023-06-01T09:05:20.944+0000] {processor.py:743} INFO - Processing file /home/airflow/.local/lib/python3.7/site-packages/airflow/example_dags/example_task_group_decorator.py for tasks to queue
[2023-06-01T09:05:20.945+0000] {logging_mixin.py:137} INFO - [2023-06-01T09:05:20.945+0000] {dagbag.py:538} INFO - Filling up the DagBag from /home/airflow/.local/lib/python3.7/site-packages/airflow/example_dags/example_task_group_decorator.py
[2023-06-01T09:05:20.984+0000] {processor.py:753} INFO - DAG(s) dict_keys(['example_task_group_decorator']) retrieved from /home/airflow/.local/lib/python3.7/site-packages/airflow/example_dags/example_task_group_decorator.py
[2023-06-01T09:05:21.044+0000] {logging_mixin.py:137} INFO - [2023-06-01T09:05:21.044+0000] {dag.py:2690} INFO - Sync 1 DAGs
[2023-06-01T09:05:21.100+0000] {logging_mixin.py:137} INFO - [2023-06-01T09:05:21.100+0000] {dag.py:3441} INFO - Setting next_dagrun for example_task_group_decorator to 2023-05-31T09:05:21.099597+00:00, run_after=2023-06-01T09:05:21.099597+00:00
[2023-06-01T09:05:21.152+0000] {processor.py:175} INFO - Processing /home/airflow/.local/lib/python3.7/site-packages/airflow/example_dags/example_task_group_decorator.py took 0.216 seconds
[2023-06-01T09:05:51.333+0000] {processor.py:153} INFO - Started process (PID=3496) to work on /home/airflow/.local/lib/python3.7/site-packages/airflow/example_dags/example_task_group_decorator.py
[2023-06-01T09:05:51.334+0000] {processor.py:743} INFO - Processing file /home/airflow/.local/lib/python3.7/site-packages/airflow/example_dags/example_task_group_decorator.py for tasks to queue
[2023-06-01T09:05:51.335+0000] {logging_mixin.py:137} INFO - [2023-06-01T09:05:51.335+0000] {dagbag.py:538} INFO - Filling up the DagBag from /home/airflow/.local/lib/python3.7/site-packages/airflow/example_dags/example_task_group_decorator.py
[2023-06-01T09:05:51.380+0000] {processor.py:753} INFO - DAG(s) dict_keys(['example_task_group_decorator']) retrieved from /home/airflow/.local/lib/python3.7/site-packages/airflow/example_dags/example_task_group_decorator.py
[2023-06-01T09:05:51.470+0000] {logging_mixin.py:137} INFO - [2023-06-01T09:05:51.470+0000] {dag.py:2690} INFO - Sync 1 DAGs
[2023-06-01T09:05:51.556+0000] {logging_mixin.py:137} INFO - [2023-06-01T09:05:51.556+0000] {dag.py:3441} INFO - Setting next_dagrun for example_task_group_decorator to 2023-05-31T09:05:51.555827+00:00, run_after=2023-06-01T09:05:51.555827+00:00
[2023-06-01T09:05:51.591+0000] {processor.py:175} INFO - Processing /home/airflow/.local/lib/python3.7/site-packages/airflow/example_dags/example_task_group_decorator.py took 0.262 seconds
[2023-06-01T09:06:21.930+0000] {processor.py:153} INFO - Started process (PID=3598) to work on /home/airflow/.local/lib/python3.7/site-packages/airflow/example_dags/example_task_group_decorator.py
[2023-06-01T09:06:21.932+0000] {processor.py:743} INFO - Processing file /home/airflow/.local/lib/python3.7/site-packages/airflow/example_dags/example_task_group_decorator.py for tasks to queue
[2023-06-01T09:06:21.933+0000] {logging_mixin.py:137} INFO - [2023-06-01T09:06:21.933+0000] {dagbag.py:538} INFO - Filling up the DagBag from /home/airflow/.local/lib/python3.7/site-packages/airflow/example_dags/example_task_group_decorator.py
[2023-06-01T09:06:21.970+0000] {processor.py:753} INFO - DAG(s) dict_keys(['example_task_group_decorator']) retrieved from /home/airflow/.local/lib/python3.7/site-packages/airflow/example_dags/example_task_group_decorator.py
[2023-06-01T09:06:22.020+0000] {logging_mixin.py:137} INFO - [2023-06-01T09:06:22.020+0000] {dag.py:2690} INFO - Sync 1 DAGs
[2023-06-01T09:06:22.065+0000] {logging_mixin.py:137} INFO - [2023-06-01T09:06:22.065+0000] {dag.py:3441} INFO - Setting next_dagrun for example_task_group_decorator to 2023-05-31T09:06:22.064968+00:00, run_after=2023-06-01T09:06:22.064968+00:00
[2023-06-01T09:06:22.106+0000] {processor.py:175} INFO - Processing /home/airflow/.local/lib/python3.7/site-packages/airflow/example_dags/example_task_group_decorator.py took 0.180 seconds
[2023-06-01T09:06:52.189+0000] {processor.py:153} INFO - Started process (PID=3685) to work on /home/airflow/.local/lib/python3.7/site-packages/airflow/example_dags/example_task_group_decorator.py
[2023-06-01T09:06:52.190+0000] {processor.py:743} INFO - Processing file /home/airflow/.local/lib/python3.7/site-packages/airflow/example_dags/example_task_group_decorator.py for tasks to queue
[2023-06-01T09:06:52.190+0000] {logging_mixin.py:137} INFO - [2023-06-01T09:06:52.190+0000] {dagbag.py:538} INFO - Filling up the DagBag from /home/airflow/.local/lib/python3.7/site-packages/airflow/example_dags/example_task_group_decorator.py
[2023-06-01T09:06:52.220+0000] {processor.py:753} INFO - DAG(s) dict_keys(['example_task_group_decorator']) retrieved from /home/airflow/.local/lib/python3.7/site-packages/airflow/example_dags/example_task_group_decorator.py
[2023-06-01T09:06:52.258+0000] {logging_mixin.py:137} INFO - [2023-06-01T09:06:52.258+0000] {dag.py:2690} INFO - Sync 1 DAGs
[2023-06-01T09:06:52.293+0000] {logging_mixin.py:137} INFO - [2023-06-01T09:06:52.292+0000] {dag.py:3441} INFO - Setting next_dagrun for example_task_group_decorator to 2023-05-31T09:06:52.292320+00:00, run_after=2023-06-01T09:06:52.292320+00:00
[2023-06-01T09:06:52.342+0000] {processor.py:175} INFO - Processing /home/airflow/.local/lib/python3.7/site-packages/airflow/example_dags/example_task_group_decorator.py took 0.157 seconds
[2023-06-01T09:07:23.129+0000] {processor.py:153} INFO - Started process (PID=3772) to work on /home/airflow/.local/lib/python3.7/site-packages/airflow/example_dags/example_task_group_decorator.py
[2023-06-01T09:07:23.132+0000] {processor.py:743} INFO - Processing file /home/airflow/.local/lib/python3.7/site-packages/airflow/example_dags/example_task_group_decorator.py for tasks to queue
[2023-06-01T09:07:23.133+0000] {logging_mixin.py:137} INFO - [2023-06-01T09:07:23.133+0000] {dagbag.py:538} INFO - Filling up the DagBag from /home/airflow/.local/lib/python3.7/site-packages/airflow/example_dags/example_task_group_decorator.py
[2023-06-01T09:07:23.169+0000] {processor.py:753} INFO - DAG(s) dict_keys(['example_task_group_decorator']) retrieved from /home/airflow/.local/lib/python3.7/site-packages/airflow/example_dags/example_task_group_decorator.py
[2023-06-01T09:07:23.200+0000] {logging_mixin.py:137} INFO - [2023-06-01T09:07:23.200+0000] {dag.py:2690} INFO - Sync 1 DAGs
[2023-06-01T09:07:23.241+0000] {logging_mixin.py:137} INFO - [2023-06-01T09:07:23.241+0000] {dag.py:3441} INFO - Setting next_dagrun for example_task_group_decorator to 2023-05-31T09:07:23.240773+00:00, run_after=2023-06-01T09:07:23.240773+00:00
[2023-06-01T09:07:23.269+0000] {processor.py:175} INFO - Processing /home/airflow/.local/lib/python3.7/site-packages/airflow/example_dags/example_task_group_decorator.py took 0.145 seconds
[2023-06-01T09:07:53.970+0000] {processor.py:153} INFO - Started process (PID=3859) to work on /home/airflow/.local/lib/python3.7/site-packages/airflow/example_dags/example_task_group_decorator.py
[2023-06-01T09:07:53.971+0000] {processor.py:743} INFO - Processing file /home/airflow/.local/lib/python3.7/site-packages/airflow/example_dags/example_task_group_decorator.py for tasks to queue
[2023-06-01T09:07:53.972+0000] {logging_mixin.py:137} INFO - [2023-06-01T09:07:53.972+0000] {dagbag.py:538} INFO - Filling up the DagBag from /home/airflow/.local/lib/python3.7/site-packages/airflow/example_dags/example_task_group_decorator.py
[2023-06-01T09:07:54.011+0000] {processor.py:753} INFO - DAG(s) dict_keys(['example_task_group_decorator']) retrieved from /home/airflow/.local/lib/python3.7/site-packages/airflow/example_dags/example_task_group_decorator.py
[2023-06-01T09:07:54.058+0000] {logging_mixin.py:137} INFO - [2023-06-01T09:07:54.058+0000] {dag.py:2690} INFO - Sync 1 DAGs
[2023-06-01T09:07:54.097+0000] {logging_mixin.py:137} INFO - [2023-06-01T09:07:54.097+0000] {dag.py:3441} INFO - Setting next_dagrun for example_task_group_decorator to 2023-05-31T09:07:54.097010+00:00, run_after=2023-06-01T09:07:54.097010+00:00
[2023-06-01T09:07:54.123+0000] {processor.py:175} INFO - Processing /home/airflow/.local/lib/python3.7/site-packages/airflow/example_dags/example_task_group_decorator.py took 0.159 seconds
[2023-06-01T09:08:24.772+0000] {processor.py:153} INFO - Started process (PID=3970) to work on /home/airflow/.local/lib/python3.7/site-packages/airflow/example_dags/example_task_group_decorator.py
[2023-06-01T09:08:24.774+0000] {processor.py:743} INFO - Processing file /home/airflow/.local/lib/python3.7/site-packages/airflow/example_dags/example_task_group_decorator.py for tasks to queue
[2023-06-01T09:08:24.775+0000] {logging_mixin.py:137} INFO - [2023-06-01T09:08:24.775+0000] {dagbag.py:538} INFO - Filling up the DagBag from /home/airflow/.local/lib/python3.7/site-packages/airflow/example_dags/example_task_group_decorator.py
[2023-06-01T09:08:24.810+0000] {processor.py:753} INFO - DAG(s) dict_keys(['example_task_group_decorator']) retrieved from /home/airflow/.local/lib/python3.7/site-packages/airflow/example_dags/example_task_group_decorator.py
[2023-06-01T09:08:24.848+0000] {logging_mixin.py:137} INFO - [2023-06-01T09:08:24.848+0000] {dag.py:2690} INFO - Sync 1 DAGs
[2023-06-01T09:08:24.878+0000] {logging_mixin.py:137} INFO - [2023-06-01T09:08:24.878+0000] {dag.py:3441} INFO - Setting next_dagrun for example_task_group_decorator to 2023-05-31T09:08:24.878238+00:00, run_after=2023-06-01T09:08:24.878238+00:00
[2023-06-01T09:08:24.910+0000] {processor.py:175} INFO - Processing /home/airflow/.local/lib/python3.7/site-packages/airflow/example_dags/example_task_group_decorator.py took 0.142 seconds
[2023-06-01T09:08:55.269+0000] {processor.py:153} INFO - Started process (PID=4057) to work on /home/airflow/.local/lib/python3.7/site-packages/airflow/example_dags/example_task_group_decorator.py
[2023-06-01T09:08:55.270+0000] {processor.py:743} INFO - Processing file /home/airflow/.local/lib/python3.7/site-packages/airflow/example_dags/example_task_group_decorator.py for tasks to queue
[2023-06-01T09:08:55.271+0000] {logging_mixin.py:137} INFO - [2023-06-01T09:08:55.270+0000] {dagbag.py:538} INFO - Filling up the DagBag from /home/airflow/.local/lib/python3.7/site-packages/airflow/example_dags/example_task_group_decorator.py
[2023-06-01T09:08:55.301+0000] {processor.py:753} INFO - DAG(s) dict_keys(['example_task_group_decorator']) retrieved from /home/airflow/.local/lib/python3.7/site-packages/airflow/example_dags/example_task_group_decorator.py
[2023-06-01T09:08:55.332+0000] {logging_mixin.py:137} INFO - [2023-06-01T09:08:55.332+0000] {dag.py:2690} INFO - Sync 1 DAGs
[2023-06-01T09:08:55.364+0000] {logging_mixin.py:137} INFO - [2023-06-01T09:08:55.363+0000] {dag.py:3441} INFO - Setting next_dagrun for example_task_group_decorator to 2023-05-31T09:08:55.363567+00:00, run_after=2023-06-01T09:08:55.363567+00:00
[2023-06-01T09:08:55.386+0000] {processor.py:175} INFO - Processing /home/airflow/.local/lib/python3.7/site-packages/airflow/example_dags/example_task_group_decorator.py took 0.121 seconds
[2023-06-01T09:09:25.792+0000] {processor.py:153} INFO - Started process (PID=4144) to work on /home/airflow/.local/lib/python3.7/site-packages/airflow/example_dags/example_task_group_decorator.py
[2023-06-01T09:09:25.794+0000] {processor.py:743} INFO - Processing file /home/airflow/.local/lib/python3.7/site-packages/airflow/example_dags/example_task_group_decorator.py for tasks to queue
[2023-06-01T09:09:25.794+0000] {logging_mixin.py:137} INFO - [2023-06-01T09:09:25.794+0000] {dagbag.py:538} INFO - Filling up the DagBag from /home/airflow/.local/lib/python3.7/site-packages/airflow/example_dags/example_task_group_decorator.py
[2023-06-01T09:09:25.825+0000] {processor.py:753} INFO - DAG(s) dict_keys(['example_task_group_decorator']) retrieved from /home/airflow/.local/lib/python3.7/site-packages/airflow/example_dags/example_task_group_decorator.py
[2023-06-01T09:09:25.857+0000] {logging_mixin.py:137} INFO - [2023-06-01T09:09:25.857+0000] {dag.py:2690} INFO - Sync 1 DAGs
[2023-06-01T09:09:25.892+0000] {logging_mixin.py:137} INFO - [2023-06-01T09:09:25.891+0000] {dag.py:3441} INFO - Setting next_dagrun for example_task_group_decorator to 2023-05-31T09:09:25.891478+00:00, run_after=2023-06-01T09:09:25.891478+00:00
[2023-06-01T09:09:25.921+0000] {processor.py:175} INFO - Processing /home/airflow/.local/lib/python3.7/site-packages/airflow/example_dags/example_task_group_decorator.py took 0.131 seconds
[2023-06-01T09:09:56.765+0000] {processor.py:153} INFO - Started process (PID=4231) to work on /home/airflow/.local/lib/python3.7/site-packages/airflow/example_dags/example_task_group_decorator.py
[2023-06-01T09:09:56.767+0000] {processor.py:743} INFO - Processing file /home/airflow/.local/lib/python3.7/site-packages/airflow/example_dags/example_task_group_decorator.py for tasks to queue
[2023-06-01T09:09:56.767+0000] {logging_mixin.py:137} INFO - [2023-06-01T09:09:56.767+0000] {dagbag.py:538} INFO - Filling up the DagBag from /home/airflow/.local/lib/python3.7/site-packages/airflow/example_dags/example_task_group_decorator.py
[2023-06-01T09:09:56.800+0000] {processor.py:753} INFO - DAG(s) dict_keys(['example_task_group_decorator']) retrieved from /home/airflow/.local/lib/python3.7/site-packages/airflow/example_dags/example_task_group_decorator.py
[2023-06-01T09:09:56.833+0000] {logging_mixin.py:137} INFO - [2023-06-01T09:09:56.833+0000] {dag.py:2690} INFO - Sync 1 DAGs
[2023-06-01T09:09:56.863+0000] {logging_mixin.py:137} INFO - [2023-06-01T09:09:56.862+0000] {dag.py:3441} INFO - Setting next_dagrun for example_task_group_decorator to 2023-05-31T09:09:56.862666+00:00, run_after=2023-06-01T09:09:56.862666+00:00
[2023-06-01T09:09:56.883+0000] {processor.py:175} INFO - Processing /home/airflow/.local/lib/python3.7/site-packages/airflow/example_dags/example_task_group_decorator.py took 0.122 seconds
[2023-06-01T09:10:27.040+0000] {processor.py:153} INFO - Started process (PID=4342) to work on /home/airflow/.local/lib/python3.7/site-packages/airflow/example_dags/example_task_group_decorator.py
[2023-06-01T09:10:27.041+0000] {processor.py:743} INFO - Processing file /home/airflow/.local/lib/python3.7/site-packages/airflow/example_dags/example_task_group_decorator.py for tasks to queue
[2023-06-01T09:10:27.042+0000] {logging_mixin.py:137} INFO - [2023-06-01T09:10:27.042+0000] {dagbag.py:538} INFO - Filling up the DagBag from /home/airflow/.local/lib/python3.7/site-packages/airflow/example_dags/example_task_group_decorator.py
[2023-06-01T09:10:27.072+0000] {processor.py:753} INFO - DAG(s) dict_keys(['example_task_group_decorator']) retrieved from /home/airflow/.local/lib/python3.7/site-packages/airflow/example_dags/example_task_group_decorator.py
[2023-06-01T09:10:27.110+0000] {logging_mixin.py:137} INFO - [2023-06-01T09:10:27.110+0000] {dag.py:2690} INFO - Sync 1 DAGs
[2023-06-01T09:10:27.141+0000] {logging_mixin.py:137} INFO - [2023-06-01T09:10:27.141+0000] {dag.py:3441} INFO - Setting next_dagrun for example_task_group_decorator to 2023-05-31T09:10:27.141196+00:00, run_after=2023-06-01T09:10:27.141196+00:00
[2023-06-01T09:10:27.164+0000] {processor.py:175} INFO - Processing /home/airflow/.local/lib/python3.7/site-packages/airflow/example_dags/example_task_group_decorator.py took 0.128 seconds
[2023-06-01T09:10:57.542+0000] {processor.py:153} INFO - Started process (PID=4429) to work on /home/airflow/.local/lib/python3.7/site-packages/airflow/example_dags/example_task_group_decorator.py
[2023-06-01T09:10:57.544+0000] {processor.py:743} INFO - Processing file /home/airflow/.local/lib/python3.7/site-packages/airflow/example_dags/example_task_group_decorator.py for tasks to queue
[2023-06-01T09:10:57.544+0000] {logging_mixin.py:137} INFO - [2023-06-01T09:10:57.544+0000] {dagbag.py:538} INFO - Filling up the DagBag from /home/airflow/.local/lib/python3.7/site-packages/airflow/example_dags/example_task_group_decorator.py
[2023-06-01T09:10:57.578+0000] {processor.py:753} INFO - DAG(s) dict_keys(['example_task_group_decorator']) retrieved from /home/airflow/.local/lib/python3.7/site-packages/airflow/example_dags/example_task_group_decorator.py
[2023-06-01T09:10:57.612+0000] {logging_mixin.py:137} INFO - [2023-06-01T09:10:57.612+0000] {dag.py:2690} INFO - Sync 1 DAGs
[2023-06-01T09:10:57.644+0000] {logging_mixin.py:137} INFO - [2023-06-01T09:10:57.644+0000] {dag.py:3441} INFO - Setting next_dagrun for example_task_group_decorator to 2023-05-31T09:10:57.643954+00:00, run_after=2023-06-01T09:10:57.643954+00:00
[2023-06-01T09:10:57.674+0000] {processor.py:175} INFO - Processing /home/airflow/.local/lib/python3.7/site-packages/airflow/example_dags/example_task_group_decorator.py took 0.135 seconds
[2023-06-01T09:11:27.826+0000] {processor.py:153} INFO - Started process (PID=4516) to work on /home/airflow/.local/lib/python3.7/site-packages/airflow/example_dags/example_task_group_decorator.py
[2023-06-01T09:11:27.827+0000] {processor.py:743} INFO - Processing file /home/airflow/.local/lib/python3.7/site-packages/airflow/example_dags/example_task_group_decorator.py for tasks to queue
[2023-06-01T09:11:27.828+0000] {logging_mixin.py:137} INFO - [2023-06-01T09:11:27.828+0000] {dagbag.py:538} INFO - Filling up the DagBag from /home/airflow/.local/lib/python3.7/site-packages/airflow/example_dags/example_task_group_decorator.py
[2023-06-01T09:11:27.859+0000] {processor.py:753} INFO - DAG(s) dict_keys(['example_task_group_decorator']) retrieved from /home/airflow/.local/lib/python3.7/site-packages/airflow/example_dags/example_task_group_decorator.py
[2023-06-01T09:11:27.894+0000] {logging_mixin.py:137} INFO - [2023-06-01T09:11:27.894+0000] {dag.py:2690} INFO - Sync 1 DAGs
[2023-06-01T09:11:27.927+0000] {logging_mixin.py:137} INFO - [2023-06-01T09:11:27.927+0000] {dag.py:3441} INFO - Setting next_dagrun for example_task_group_decorator to 2023-05-31T09:11:27.927301+00:00, run_after=2023-06-01T09:11:27.927301+00:00
[2023-06-01T09:11:27.949+0000] {processor.py:175} INFO - Processing /home/airflow/.local/lib/python3.7/site-packages/airflow/example_dags/example_task_group_decorator.py took 0.127 seconds
[2023-06-01T09:11:58.334+0000] {processor.py:153} INFO - Started process (PID=4612) to work on /home/airflow/.local/lib/python3.7/site-packages/airflow/example_dags/example_task_group_decorator.py
[2023-06-01T09:11:58.335+0000] {processor.py:743} INFO - Processing file /home/airflow/.local/lib/python3.7/site-packages/airflow/example_dags/example_task_group_decorator.py for tasks to queue
[2023-06-01T09:11:58.336+0000] {logging_mixin.py:137} INFO - [2023-06-01T09:11:58.336+0000] {dagbag.py:538} INFO - Filling up the DagBag from /home/airflow/.local/lib/python3.7/site-packages/airflow/example_dags/example_task_group_decorator.py
[2023-06-01T09:11:58.362+0000] {processor.py:753} INFO - DAG(s) dict_keys(['example_task_group_decorator']) retrieved from /home/airflow/.local/lib/python3.7/site-packages/airflow/example_dags/example_task_group_decorator.py
[2023-06-01T09:11:58.392+0000] {logging_mixin.py:137} INFO - [2023-06-01T09:11:58.392+0000] {dag.py:2690} INFO - Sync 1 DAGs
[2023-06-01T09:11:58.416+0000] {logging_mixin.py:137} INFO - [2023-06-01T09:11:58.416+0000] {dag.py:3441} INFO - Setting next_dagrun for example_task_group_decorator to 2023-05-31T09:11:58.416271+00:00, run_after=2023-06-01T09:11:58.416271+00:00
[2023-06-01T09:11:58.435+0000] {processor.py:175} INFO - Processing /home/airflow/.local/lib/python3.7/site-packages/airflow/example_dags/example_task_group_decorator.py took 0.104 seconds
[2023-06-01T09:12:29.175+0000] {processor.py:153} INFO - Started process (PID=4714) to work on /home/airflow/.local/lib/python3.7/site-packages/airflow/example_dags/example_task_group_decorator.py
[2023-06-01T09:12:29.176+0000] {processor.py:743} INFO - Processing file /home/airflow/.local/lib/python3.7/site-packages/airflow/example_dags/example_task_group_decorator.py for tasks to queue
[2023-06-01T09:12:29.177+0000] {logging_mixin.py:137} INFO - [2023-06-01T09:12:29.177+0000] {dagbag.py:538} INFO - Filling up the DagBag from /home/airflow/.local/lib/python3.7/site-packages/airflow/example_dags/example_task_group_decorator.py
[2023-06-01T09:12:29.206+0000] {processor.py:753} INFO - DAG(s) dict_keys(['example_task_group_decorator']) retrieved from /home/airflow/.local/lib/python3.7/site-packages/airflow/example_dags/example_task_group_decorator.py
[2023-06-01T09:12:29.280+0000] {logging_mixin.py:137} INFO - [2023-06-01T09:12:29.280+0000] {dag.py:2690} INFO - Sync 1 DAGs
[2023-06-01T09:12:29.310+0000] {logging_mixin.py:137} INFO - [2023-06-01T09:12:29.310+0000] {dag.py:3441} INFO - Setting next_dagrun for example_task_group_decorator to 2023-05-31T09:12:29.309720+00:00, run_after=2023-06-01T09:12:29.309720+00:00
[2023-06-01T09:12:29.337+0000] {processor.py:175} INFO - Processing /home/airflow/.local/lib/python3.7/site-packages/airflow/example_dags/example_task_group_decorator.py took 0.167 seconds
