[2023-06-01T08:47:26.899+0000] {processor.py:153} INFO - Started process (PID=114) to work on /home/airflow/.local/lib/python3.7/site-packages/airflow/example_dags/example_task_group.py
[2023-06-01T08:47:26.900+0000] {processor.py:743} INFO - Processing file /home/airflow/.local/lib/python3.7/site-packages/airflow/example_dags/example_task_group.py for tasks to queue
[2023-06-01T08:47:26.901+0000] {logging_mixin.py:137} INFO - [2023-06-01T08:47:26.900+0000] {dagbag.py:538} INFO - Filling up the DagBag from /home/airflow/.local/lib/python3.7/site-packages/airflow/example_dags/example_task_group.py
[2023-06-01T08:47:26.923+0000] {processor.py:753} INFO - DAG(s) dict_keys(['example_task_group']) retrieved from /home/airflow/.local/lib/python3.7/site-packages/airflow/example_dags/example_task_group.py
[2023-06-01T08:47:26.942+0000] {logging_mixin.py:137} INFO - [2023-06-01T08:47:26.942+0000] {dag.py:2690} INFO - Sync 1 DAGs
[2023-06-01T08:47:26.975+0000] {logging_mixin.py:137} INFO - [2023-06-01T08:47:26.975+0000] {dag.py:3441} INFO - Setting next_dagrun for example_task_group to 2023-05-31T08:47:26.974804+00:00, run_after=2023-06-01T08:47:26.974804+00:00
[2023-06-01T08:47:27.000+0000] {processor.py:175} INFO - Processing /home/airflow/.local/lib/python3.7/site-packages/airflow/example_dags/example_task_group.py took 0.105 seconds
[2023-06-01T08:47:57.131+0000] {processor.py:153} INFO - Started process (PID=201) to work on /home/airflow/.local/lib/python3.7/site-packages/airflow/example_dags/example_task_group.py
[2023-06-01T08:47:57.132+0000] {processor.py:743} INFO - Processing file /home/airflow/.local/lib/python3.7/site-packages/airflow/example_dags/example_task_group.py for tasks to queue
[2023-06-01T08:47:57.133+0000] {logging_mixin.py:137} INFO - [2023-06-01T08:47:57.132+0000] {dagbag.py:538} INFO - Filling up the DagBag from /home/airflow/.local/lib/python3.7/site-packages/airflow/example_dags/example_task_group.py
[2023-06-01T08:47:57.147+0000] {processor.py:753} INFO - DAG(s) dict_keys(['example_task_group']) retrieved from /home/airflow/.local/lib/python3.7/site-packages/airflow/example_dags/example_task_group.py
[2023-06-01T08:47:57.171+0000] {logging_mixin.py:137} INFO - [2023-06-01T08:47:57.171+0000] {dag.py:2690} INFO - Sync 1 DAGs
[2023-06-01T08:47:57.193+0000] {logging_mixin.py:137} INFO - [2023-06-01T08:47:57.193+0000] {dag.py:3441} INFO - Setting next_dagrun for example_task_group to 2023-05-31T08:47:57.192877+00:00, run_after=2023-06-01T08:47:57.192877+00:00
[2023-06-01T08:47:57.220+0000] {processor.py:175} INFO - Processing /home/airflow/.local/lib/python3.7/site-packages/airflow/example_dags/example_task_group.py took 0.091 seconds
[2023-06-01T08:48:28.146+0000] {processor.py:153} INFO - Started process (PID=288) to work on /home/airflow/.local/lib/python3.7/site-packages/airflow/example_dags/example_task_group.py
[2023-06-01T08:48:28.148+0000] {processor.py:743} INFO - Processing file /home/airflow/.local/lib/python3.7/site-packages/airflow/example_dags/example_task_group.py for tasks to queue
[2023-06-01T08:48:28.148+0000] {logging_mixin.py:137} INFO - [2023-06-01T08:48:28.148+0000] {dagbag.py:538} INFO - Filling up the DagBag from /home/airflow/.local/lib/python3.7/site-packages/airflow/example_dags/example_task_group.py
[2023-06-01T08:48:28.163+0000] {processor.py:753} INFO - DAG(s) dict_keys(['example_task_group']) retrieved from /home/airflow/.local/lib/python3.7/site-packages/airflow/example_dags/example_task_group.py
[2023-06-01T08:48:28.194+0000] {logging_mixin.py:137} INFO - [2023-06-01T08:48:28.194+0000] {dag.py:2690} INFO - Sync 1 DAGs
[2023-06-01T08:48:28.224+0000] {logging_mixin.py:137} INFO - [2023-06-01T08:48:28.223+0000] {dag.py:3441} INFO - Setting next_dagrun for example_task_group to 2023-05-31T08:48:28.223435+00:00, run_after=2023-06-01T08:48:28.223435+00:00
[2023-06-01T08:48:28.248+0000] {processor.py:175} INFO - Processing /home/airflow/.local/lib/python3.7/site-packages/airflow/example_dags/example_task_group.py took 0.105 seconds
[2023-06-01T08:48:58.953+0000] {processor.py:153} INFO - Started process (PID=399) to work on /home/airflow/.local/lib/python3.7/site-packages/airflow/example_dags/example_task_group.py
[2023-06-01T08:48:58.954+0000] {processor.py:743} INFO - Processing file /home/airflow/.local/lib/python3.7/site-packages/airflow/example_dags/example_task_group.py for tasks to queue
[2023-06-01T08:48:58.955+0000] {logging_mixin.py:137} INFO - [2023-06-01T08:48:58.955+0000] {dagbag.py:538} INFO - Filling up the DagBag from /home/airflow/.local/lib/python3.7/site-packages/airflow/example_dags/example_task_group.py
[2023-06-01T08:48:58.973+0000] {processor.py:753} INFO - DAG(s) dict_keys(['example_task_group']) retrieved from /home/airflow/.local/lib/python3.7/site-packages/airflow/example_dags/example_task_group.py
[2023-06-01T08:48:59.003+0000] {logging_mixin.py:137} INFO - [2023-06-01T08:48:59.003+0000] {dag.py:2690} INFO - Sync 1 DAGs
[2023-06-01T08:48:59.030+0000] {logging_mixin.py:137} INFO - [2023-06-01T08:48:59.029+0000] {dag.py:3441} INFO - Setting next_dagrun for example_task_group to 2023-05-31T08:48:59.029619+00:00, run_after=2023-06-01T08:48:59.029619+00:00
[2023-06-01T08:48:59.051+0000] {processor.py:175} INFO - Processing /home/airflow/.local/lib/python3.7/site-packages/airflow/example_dags/example_task_group.py took 0.100 seconds
[2023-06-01T08:49:30.441+0000] {processor.py:153} INFO - Started process (PID=486) to work on /home/airflow/.local/lib/python3.7/site-packages/airflow/example_dags/example_task_group.py
[2023-06-01T08:49:30.442+0000] {processor.py:743} INFO - Processing file /home/airflow/.local/lib/python3.7/site-packages/airflow/example_dags/example_task_group.py for tasks to queue
[2023-06-01T08:49:30.443+0000] {logging_mixin.py:137} INFO - [2023-06-01T08:49:30.443+0000] {dagbag.py:538} INFO - Filling up the DagBag from /home/airflow/.local/lib/python3.7/site-packages/airflow/example_dags/example_task_group.py
[2023-06-01T08:49:30.458+0000] {processor.py:753} INFO - DAG(s) dict_keys(['example_task_group']) retrieved from /home/airflow/.local/lib/python3.7/site-packages/airflow/example_dags/example_task_group.py
[2023-06-01T08:49:30.482+0000] {logging_mixin.py:137} INFO - [2023-06-01T08:49:30.482+0000] {dag.py:2690} INFO - Sync 1 DAGs
[2023-06-01T08:49:30.505+0000] {logging_mixin.py:137} INFO - [2023-06-01T08:49:30.505+0000] {dag.py:3441} INFO - Setting next_dagrun for example_task_group to 2023-05-31T08:49:30.505120+00:00, run_after=2023-06-01T08:49:30.505120+00:00
[2023-06-01T08:49:30.525+0000] {processor.py:175} INFO - Processing /home/airflow/.local/lib/python3.7/site-packages/airflow/example_dags/example_task_group.py took 0.087 seconds
[2023-06-01T08:50:01.164+0000] {processor.py:153} INFO - Started process (PID=597) to work on /home/airflow/.local/lib/python3.7/site-packages/airflow/example_dags/example_task_group.py
[2023-06-01T08:50:01.165+0000] {processor.py:743} INFO - Processing file /home/airflow/.local/lib/python3.7/site-packages/airflow/example_dags/example_task_group.py for tasks to queue
[2023-06-01T08:50:01.165+0000] {logging_mixin.py:137} INFO - [2023-06-01T08:50:01.165+0000] {dagbag.py:538} INFO - Filling up the DagBag from /home/airflow/.local/lib/python3.7/site-packages/airflow/example_dags/example_task_group.py
[2023-06-01T08:50:01.181+0000] {processor.py:753} INFO - DAG(s) dict_keys(['example_task_group']) retrieved from /home/airflow/.local/lib/python3.7/site-packages/airflow/example_dags/example_task_group.py
[2023-06-01T08:50:01.209+0000] {logging_mixin.py:137} INFO - [2023-06-01T08:50:01.209+0000] {dag.py:2690} INFO - Sync 1 DAGs
[2023-06-01T08:50:01.242+0000] {logging_mixin.py:137} INFO - [2023-06-01T08:50:01.242+0000] {dag.py:3441} INFO - Setting next_dagrun for example_task_group to 2023-05-31T08:50:01.241688+00:00, run_after=2023-06-01T08:50:01.241688+00:00
[2023-06-01T08:50:01.263+0000] {processor.py:175} INFO - Processing /home/airflow/.local/lib/python3.7/site-packages/airflow/example_dags/example_task_group.py took 0.102 seconds
[2023-06-01T08:50:31.317+0000] {processor.py:153} INFO - Started process (PID=684) to work on /home/airflow/.local/lib/python3.7/site-packages/airflow/example_dags/example_task_group.py
[2023-06-01T08:50:31.318+0000] {processor.py:743} INFO - Processing file /home/airflow/.local/lib/python3.7/site-packages/airflow/example_dags/example_task_group.py for tasks to queue
[2023-06-01T08:50:31.319+0000] {logging_mixin.py:137} INFO - [2023-06-01T08:50:31.318+0000] {dagbag.py:538} INFO - Filling up the DagBag from /home/airflow/.local/lib/python3.7/site-packages/airflow/example_dags/example_task_group.py
[2023-06-01T08:50:31.337+0000] {processor.py:753} INFO - DAG(s) dict_keys(['example_task_group']) retrieved from /home/airflow/.local/lib/python3.7/site-packages/airflow/example_dags/example_task_group.py
[2023-06-01T08:50:31.363+0000] {logging_mixin.py:137} INFO - [2023-06-01T08:50:31.363+0000] {dag.py:2690} INFO - Sync 1 DAGs
[2023-06-01T08:50:31.390+0000] {logging_mixin.py:137} INFO - [2023-06-01T08:50:31.390+0000] {dag.py:3441} INFO - Setting next_dagrun for example_task_group to 2023-05-31T08:50:31.390158+00:00, run_after=2023-06-01T08:50:31.390158+00:00
[2023-06-01T08:50:31.414+0000] {processor.py:175} INFO - Processing /home/airflow/.local/lib/python3.7/site-packages/airflow/example_dags/example_task_group.py took 0.101 seconds
[2023-06-01T08:51:01.764+0000] {processor.py:153} INFO - Started process (PID=771) to work on /home/airflow/.local/lib/python3.7/site-packages/airflow/example_dags/example_task_group.py
[2023-06-01T08:51:01.765+0000] {processor.py:743} INFO - Processing file /home/airflow/.local/lib/python3.7/site-packages/airflow/example_dags/example_task_group.py for tasks to queue
[2023-06-01T08:51:01.765+0000] {logging_mixin.py:137} INFO - [2023-06-01T08:51:01.765+0000] {dagbag.py:538} INFO - Filling up the DagBag from /home/airflow/.local/lib/python3.7/site-packages/airflow/example_dags/example_task_group.py
[2023-06-01T08:51:01.781+0000] {processor.py:753} INFO - DAG(s) dict_keys(['example_task_group']) retrieved from /home/airflow/.local/lib/python3.7/site-packages/airflow/example_dags/example_task_group.py
[2023-06-01T08:51:01.807+0000] {logging_mixin.py:137} INFO - [2023-06-01T08:51:01.807+0000] {dag.py:2690} INFO - Sync 1 DAGs
[2023-06-01T08:51:01.837+0000] {logging_mixin.py:137} INFO - [2023-06-01T08:51:01.837+0000] {dag.py:3441} INFO - Setting next_dagrun for example_task_group to 2023-05-31T08:51:01.837183+00:00, run_after=2023-06-01T08:51:01.837183+00:00
[2023-06-01T08:51:01.859+0000] {processor.py:175} INFO - Processing /home/airflow/.local/lib/python3.7/site-packages/airflow/example_dags/example_task_group.py took 0.098 seconds
[2023-06-01T08:51:32.322+0000] {processor.py:153} INFO - Started process (PID=882) to work on /home/airflow/.local/lib/python3.7/site-packages/airflow/example_dags/example_task_group.py
[2023-06-01T08:51:32.324+0000] {processor.py:743} INFO - Processing file /home/airflow/.local/lib/python3.7/site-packages/airflow/example_dags/example_task_group.py for tasks to queue
[2023-06-01T08:51:32.325+0000] {logging_mixin.py:137} INFO - [2023-06-01T08:51:32.325+0000] {dagbag.py:538} INFO - Filling up the DagBag from /home/airflow/.local/lib/python3.7/site-packages/airflow/example_dags/example_task_group.py
[2023-06-01T08:51:32.341+0000] {processor.py:753} INFO - DAG(s) dict_keys(['example_task_group']) retrieved from /home/airflow/.local/lib/python3.7/site-packages/airflow/example_dags/example_task_group.py
[2023-06-01T08:51:32.369+0000] {logging_mixin.py:137} INFO - [2023-06-01T08:51:32.369+0000] {dag.py:2690} INFO - Sync 1 DAGs
[2023-06-01T08:51:32.396+0000] {logging_mixin.py:137} INFO - [2023-06-01T08:51:32.395+0000] {dag.py:3441} INFO - Setting next_dagrun for example_task_group to 2023-05-31T08:51:32.395514+00:00, run_after=2023-06-01T08:51:32.395514+00:00
[2023-06-01T08:51:32.419+0000] {processor.py:175} INFO - Processing /home/airflow/.local/lib/python3.7/site-packages/airflow/example_dags/example_task_group.py took 0.100 seconds
[2023-06-01T08:52:02.817+0000] {processor.py:153} INFO - Started process (PID=969) to work on /home/airflow/.local/lib/python3.7/site-packages/airflow/example_dags/example_task_group.py
[2023-06-01T08:52:02.818+0000] {processor.py:743} INFO - Processing file /home/airflow/.local/lib/python3.7/site-packages/airflow/example_dags/example_task_group.py for tasks to queue
[2023-06-01T08:52:02.818+0000] {logging_mixin.py:137} INFO - [2023-06-01T08:52:02.818+0000] {dagbag.py:538} INFO - Filling up the DagBag from /home/airflow/.local/lib/python3.7/site-packages/airflow/example_dags/example_task_group.py
[2023-06-01T08:52:02.834+0000] {processor.py:753} INFO - DAG(s) dict_keys(['example_task_group']) retrieved from /home/airflow/.local/lib/python3.7/site-packages/airflow/example_dags/example_task_group.py
[2023-06-01T08:52:02.869+0000] {logging_mixin.py:137} INFO - [2023-06-01T08:52:02.869+0000] {dag.py:2690} INFO - Sync 1 DAGs
[2023-06-01T08:52:02.898+0000] {logging_mixin.py:137} INFO - [2023-06-01T08:52:02.896+0000] {dag.py:3441} INFO - Setting next_dagrun for example_task_group to 2023-05-31T08:52:02.896001+00:00, run_after=2023-06-01T08:52:02.896001+00:00
[2023-06-01T08:52:02.924+0000] {processor.py:175} INFO - Processing /home/airflow/.local/lib/python3.7/site-packages/airflow/example_dags/example_task_group.py took 0.110 seconds
[2023-06-01T08:52:33.439+0000] {processor.py:153} INFO - Started process (PID=1056) to work on /home/airflow/.local/lib/python3.7/site-packages/airflow/example_dags/example_task_group.py
[2023-06-01T08:52:33.441+0000] {processor.py:743} INFO - Processing file /home/airflow/.local/lib/python3.7/site-packages/airflow/example_dags/example_task_group.py for tasks to queue
[2023-06-01T08:52:33.442+0000] {logging_mixin.py:137} INFO - [2023-06-01T08:52:33.442+0000] {dagbag.py:538} INFO - Filling up the DagBag from /home/airflow/.local/lib/python3.7/site-packages/airflow/example_dags/example_task_group.py
[2023-06-01T08:52:33.464+0000] {processor.py:753} INFO - DAG(s) dict_keys(['example_task_group']) retrieved from /home/airflow/.local/lib/python3.7/site-packages/airflow/example_dags/example_task_group.py
[2023-06-01T08:52:33.497+0000] {logging_mixin.py:137} INFO - [2023-06-01T08:52:33.497+0000] {dag.py:2690} INFO - Sync 1 DAGs
[2023-06-01T08:52:33.528+0000] {logging_mixin.py:137} INFO - [2023-06-01T08:52:33.528+0000] {dag.py:3441} INFO - Setting next_dagrun for example_task_group to 2023-05-31T08:52:33.528299+00:00, run_after=2023-06-01T08:52:33.528299+00:00
[2023-06-01T08:52:33.550+0000] {processor.py:175} INFO - Processing /home/airflow/.local/lib/python3.7/site-packages/airflow/example_dags/example_task_group.py took 0.114 seconds
[2023-06-01T08:53:04.057+0000] {processor.py:153} INFO - Started process (PID=1152) to work on /home/airflow/.local/lib/python3.7/site-packages/airflow/example_dags/example_task_group.py
[2023-06-01T08:53:04.057+0000] {processor.py:743} INFO - Processing file /home/airflow/.local/lib/python3.7/site-packages/airflow/example_dags/example_task_group.py for tasks to queue
[2023-06-01T08:53:04.058+0000] {logging_mixin.py:137} INFO - [2023-06-01T08:53:04.058+0000] {dagbag.py:538} INFO - Filling up the DagBag from /home/airflow/.local/lib/python3.7/site-packages/airflow/example_dags/example_task_group.py
[2023-06-01T08:53:04.076+0000] {processor.py:753} INFO - DAG(s) dict_keys(['example_task_group']) retrieved from /home/airflow/.local/lib/python3.7/site-packages/airflow/example_dags/example_task_group.py
[2023-06-01T08:53:04.111+0000] {logging_mixin.py:137} INFO - [2023-06-01T08:53:04.111+0000] {dag.py:2690} INFO - Sync 1 DAGs
[2023-06-01T08:53:04.138+0000] {logging_mixin.py:137} INFO - [2023-06-01T08:53:04.138+0000] {dag.py:3441} INFO - Setting next_dagrun for example_task_group to 2023-05-31T08:53:04.138104+00:00, run_after=2023-06-01T08:53:04.138104+00:00
[2023-06-01T08:53:04.165+0000] {processor.py:175} INFO - Processing /home/airflow/.local/lib/python3.7/site-packages/airflow/example_dags/example_task_group.py took 0.112 seconds
[2023-06-01T08:53:34.600+0000] {processor.py:153} INFO - Started process (PID=1254) to work on /home/airflow/.local/lib/python3.7/site-packages/airflow/example_dags/example_task_group.py
[2023-06-01T08:53:34.603+0000] {processor.py:743} INFO - Processing file /home/airflow/.local/lib/python3.7/site-packages/airflow/example_dags/example_task_group.py for tasks to queue
[2023-06-01T08:53:34.604+0000] {logging_mixin.py:137} INFO - [2023-06-01T08:53:34.604+0000] {dagbag.py:538} INFO - Filling up the DagBag from /home/airflow/.local/lib/python3.7/site-packages/airflow/example_dags/example_task_group.py
[2023-06-01T08:53:34.623+0000] {processor.py:753} INFO - DAG(s) dict_keys(['example_task_group']) retrieved from /home/airflow/.local/lib/python3.7/site-packages/airflow/example_dags/example_task_group.py
[2023-06-01T08:53:34.649+0000] {logging_mixin.py:137} INFO - [2023-06-01T08:53:34.649+0000] {dag.py:2690} INFO - Sync 1 DAGs
[2023-06-01T08:53:34.675+0000] {logging_mixin.py:137} INFO - [2023-06-01T08:53:34.675+0000] {dag.py:3441} INFO - Setting next_dagrun for example_task_group to 2023-05-31T08:53:34.675362+00:00, run_after=2023-06-01T08:53:34.675362+00:00
[2023-06-01T08:53:34.700+0000] {processor.py:175} INFO - Processing /home/airflow/.local/lib/python3.7/site-packages/airflow/example_dags/example_task_group.py took 0.103 seconds
[2023-06-01T08:54:04.841+0000] {processor.py:153} INFO - Started process (PID=1341) to work on /home/airflow/.local/lib/python3.7/site-packages/airflow/example_dags/example_task_group.py
[2023-06-01T08:54:04.842+0000] {processor.py:743} INFO - Processing file /home/airflow/.local/lib/python3.7/site-packages/airflow/example_dags/example_task_group.py for tasks to queue
[2023-06-01T08:54:04.843+0000] {logging_mixin.py:137} INFO - [2023-06-01T08:54:04.842+0000] {dagbag.py:538} INFO - Filling up the DagBag from /home/airflow/.local/lib/python3.7/site-packages/airflow/example_dags/example_task_group.py
[2023-06-01T08:54:04.860+0000] {processor.py:753} INFO - DAG(s) dict_keys(['example_task_group']) retrieved from /home/airflow/.local/lib/python3.7/site-packages/airflow/example_dags/example_task_group.py
[2023-06-01T08:54:04.885+0000] {logging_mixin.py:137} INFO - [2023-06-01T08:54:04.885+0000] {dag.py:2690} INFO - Sync 1 DAGs
[2023-06-01T08:54:04.908+0000] {logging_mixin.py:137} INFO - [2023-06-01T08:54:04.908+0000] {dag.py:3441} INFO - Setting next_dagrun for example_task_group to 2023-05-31T08:54:04.907971+00:00, run_after=2023-06-01T08:54:04.907971+00:00
[2023-06-01T08:54:04.925+0000] {processor.py:175} INFO - Processing /home/airflow/.local/lib/python3.7/site-packages/airflow/example_dags/example_task_group.py took 0.087 seconds
[2023-06-01T08:54:35.520+0000] {processor.py:153} INFO - Started process (PID=1428) to work on /home/airflow/.local/lib/python3.7/site-packages/airflow/example_dags/example_task_group.py
[2023-06-01T08:54:35.522+0000] {processor.py:743} INFO - Processing file /home/airflow/.local/lib/python3.7/site-packages/airflow/example_dags/example_task_group.py for tasks to queue
[2023-06-01T08:54:35.523+0000] {logging_mixin.py:137} INFO - [2023-06-01T08:54:35.522+0000] {dagbag.py:538} INFO - Filling up the DagBag from /home/airflow/.local/lib/python3.7/site-packages/airflow/example_dags/example_task_group.py
[2023-06-01T08:54:35.538+0000] {processor.py:753} INFO - DAG(s) dict_keys(['example_task_group']) retrieved from /home/airflow/.local/lib/python3.7/site-packages/airflow/example_dags/example_task_group.py
[2023-06-01T08:54:35.565+0000] {logging_mixin.py:137} INFO - [2023-06-01T08:54:35.565+0000] {dag.py:2690} INFO - Sync 1 DAGs
[2023-06-01T08:54:35.595+0000] {logging_mixin.py:137} INFO - [2023-06-01T08:54:35.594+0000] {dag.py:3441} INFO - Setting next_dagrun for example_task_group to 2023-05-31T08:54:35.594502+00:00, run_after=2023-06-01T08:54:35.594502+00:00
[2023-06-01T08:54:35.617+0000] {processor.py:175} INFO - Processing /home/airflow/.local/lib/python3.7/site-packages/airflow/example_dags/example_task_group.py took 0.100 seconds
[2023-06-01T08:55:06.648+0000] {processor.py:153} INFO - Started process (PID=1539) to work on /home/airflow/.local/lib/python3.7/site-packages/airflow/example_dags/example_task_group.py
[2023-06-01T08:55:06.648+0000] {processor.py:743} INFO - Processing file /home/airflow/.local/lib/python3.7/site-packages/airflow/example_dags/example_task_group.py for tasks to queue
[2023-06-01T08:55:06.649+0000] {logging_mixin.py:137} INFO - [2023-06-01T08:55:06.649+0000] {dagbag.py:538} INFO - Filling up the DagBag from /home/airflow/.local/lib/python3.7/site-packages/airflow/example_dags/example_task_group.py
[2023-06-01T08:55:06.668+0000] {processor.py:753} INFO - DAG(s) dict_keys(['example_task_group']) retrieved from /home/airflow/.local/lib/python3.7/site-packages/airflow/example_dags/example_task_group.py
[2023-06-01T08:55:06.698+0000] {logging_mixin.py:137} INFO - [2023-06-01T08:55:06.698+0000] {dag.py:2690} INFO - Sync 1 DAGs
[2023-06-01T08:55:06.728+0000] {logging_mixin.py:137} INFO - [2023-06-01T08:55:06.727+0000] {dag.py:3441} INFO - Setting next_dagrun for example_task_group to 2023-05-31T08:55:06.727559+00:00, run_after=2023-06-01T08:55:06.727559+00:00
[2023-06-01T08:55:06.747+0000] {processor.py:175} INFO - Processing /home/airflow/.local/lib/python3.7/site-packages/airflow/example_dags/example_task_group.py took 0.102 seconds
[2023-06-01T08:55:37.712+0000] {processor.py:153} INFO - Started process (PID=1626) to work on /home/airflow/.local/lib/python3.7/site-packages/airflow/example_dags/example_task_group.py
[2023-06-01T08:55:37.713+0000] {processor.py:743} INFO - Processing file /home/airflow/.local/lib/python3.7/site-packages/airflow/example_dags/example_task_group.py for tasks to queue
[2023-06-01T08:55:37.714+0000] {logging_mixin.py:137} INFO - [2023-06-01T08:55:37.714+0000] {dagbag.py:538} INFO - Filling up the DagBag from /home/airflow/.local/lib/python3.7/site-packages/airflow/example_dags/example_task_group.py
[2023-06-01T08:55:37.731+0000] {processor.py:753} INFO - DAG(s) dict_keys(['example_task_group']) retrieved from /home/airflow/.local/lib/python3.7/site-packages/airflow/example_dags/example_task_group.py
[2023-06-01T08:55:37.760+0000] {logging_mixin.py:137} INFO - [2023-06-01T08:55:37.760+0000] {dag.py:2690} INFO - Sync 1 DAGs
[2023-06-01T08:55:37.785+0000] {logging_mixin.py:137} INFO - [2023-06-01T08:55:37.785+0000] {dag.py:3441} INFO - Setting next_dagrun for example_task_group to 2023-05-31T08:55:37.785268+00:00, run_after=2023-06-01T08:55:37.785268+00:00
[2023-06-01T08:55:37.807+0000] {processor.py:175} INFO - Processing /home/airflow/.local/lib/python3.7/site-packages/airflow/example_dags/example_task_group.py took 0.099 seconds
[2023-06-01T08:56:07.882+0000] {processor.py:153} INFO - Started process (PID=1713) to work on /home/airflow/.local/lib/python3.7/site-packages/airflow/example_dags/example_task_group.py
[2023-06-01T08:56:07.883+0000] {processor.py:743} INFO - Processing file /home/airflow/.local/lib/python3.7/site-packages/airflow/example_dags/example_task_group.py for tasks to queue
[2023-06-01T08:56:07.884+0000] {logging_mixin.py:137} INFO - [2023-06-01T08:56:07.884+0000] {dagbag.py:538} INFO - Filling up the DagBag from /home/airflow/.local/lib/python3.7/site-packages/airflow/example_dags/example_task_group.py
[2023-06-01T08:56:07.901+0000] {processor.py:753} INFO - DAG(s) dict_keys(['example_task_group']) retrieved from /home/airflow/.local/lib/python3.7/site-packages/airflow/example_dags/example_task_group.py
[2023-06-01T08:56:07.928+0000] {logging_mixin.py:137} INFO - [2023-06-01T08:56:07.928+0000] {dag.py:2690} INFO - Sync 1 DAGs
[2023-06-01T08:56:07.957+0000] {logging_mixin.py:137} INFO - [2023-06-01T08:56:07.956+0000] {dag.py:3441} INFO - Setting next_dagrun for example_task_group to 2023-05-31T08:56:07.956632+00:00, run_after=2023-06-01T08:56:07.956632+00:00
[2023-06-01T08:56:07.979+0000] {processor.py:175} INFO - Processing /home/airflow/.local/lib/python3.7/site-packages/airflow/example_dags/example_task_group.py took 0.101 seconds
[2023-06-01T08:56:38.880+0000] {processor.py:153} INFO - Started process (PID=1824) to work on /home/airflow/.local/lib/python3.7/site-packages/airflow/example_dags/example_task_group.py
[2023-06-01T08:56:38.881+0000] {processor.py:743} INFO - Processing file /home/airflow/.local/lib/python3.7/site-packages/airflow/example_dags/example_task_group.py for tasks to queue
[2023-06-01T08:56:38.882+0000] {logging_mixin.py:137} INFO - [2023-06-01T08:56:38.882+0000] {dagbag.py:538} INFO - Filling up the DagBag from /home/airflow/.local/lib/python3.7/site-packages/airflow/example_dags/example_task_group.py
[2023-06-01T08:56:38.899+0000] {processor.py:753} INFO - DAG(s) dict_keys(['example_task_group']) retrieved from /home/airflow/.local/lib/python3.7/site-packages/airflow/example_dags/example_task_group.py
[2023-06-01T08:56:38.930+0000] {logging_mixin.py:137} INFO - [2023-06-01T08:56:38.930+0000] {dag.py:2690} INFO - Sync 1 DAGs
[2023-06-01T08:56:38.957+0000] {logging_mixin.py:137} INFO - [2023-06-01T08:56:38.956+0000] {dag.py:3441} INFO - Setting next_dagrun for example_task_group to 2023-05-31T08:56:38.956606+00:00, run_after=2023-06-01T08:56:38.956606+00:00
[2023-06-01T08:56:38.981+0000] {processor.py:175} INFO - Processing /home/airflow/.local/lib/python3.7/site-packages/airflow/example_dags/example_task_group.py took 0.104 seconds
[2023-06-01T08:57:09.327+0000] {processor.py:153} INFO - Started process (PID=1911) to work on /home/airflow/.local/lib/python3.7/site-packages/airflow/example_dags/example_task_group.py
[2023-06-01T08:57:09.327+0000] {processor.py:743} INFO - Processing file /home/airflow/.local/lib/python3.7/site-packages/airflow/example_dags/example_task_group.py for tasks to queue
[2023-06-01T08:57:09.328+0000] {logging_mixin.py:137} INFO - [2023-06-01T08:57:09.328+0000] {dagbag.py:538} INFO - Filling up the DagBag from /home/airflow/.local/lib/python3.7/site-packages/airflow/example_dags/example_task_group.py
[2023-06-01T08:57:09.344+0000] {processor.py:753} INFO - DAG(s) dict_keys(['example_task_group']) retrieved from /home/airflow/.local/lib/python3.7/site-packages/airflow/example_dags/example_task_group.py
[2023-06-01T08:57:09.389+0000] {logging_mixin.py:137} INFO - [2023-06-01T08:57:09.389+0000] {dag.py:2690} INFO - Sync 1 DAGs
[2023-06-01T08:57:09.416+0000] {logging_mixin.py:137} INFO - [2023-06-01T08:57:09.416+0000] {dag.py:3441} INFO - Setting next_dagrun for example_task_group to 2023-05-31T08:57:09.416120+00:00, run_after=2023-06-01T08:57:09.416120+00:00
[2023-06-01T08:57:09.438+0000] {processor.py:175} INFO - Processing /home/airflow/.local/lib/python3.7/site-packages/airflow/example_dags/example_task_group.py took 0.115 seconds
[2023-06-01T08:57:39.708+0000] {processor.py:153} INFO - Started process (PID=1998) to work on /home/airflow/.local/lib/python3.7/site-packages/airflow/example_dags/example_task_group.py
[2023-06-01T08:57:39.710+0000] {processor.py:743} INFO - Processing file /home/airflow/.local/lib/python3.7/site-packages/airflow/example_dags/example_task_group.py for tasks to queue
[2023-06-01T08:57:39.711+0000] {logging_mixin.py:137} INFO - [2023-06-01T08:57:39.710+0000] {dagbag.py:538} INFO - Filling up the DagBag from /home/airflow/.local/lib/python3.7/site-packages/airflow/example_dags/example_task_group.py
[2023-06-01T08:57:39.727+0000] {processor.py:753} INFO - DAG(s) dict_keys(['example_task_group']) retrieved from /home/airflow/.local/lib/python3.7/site-packages/airflow/example_dags/example_task_group.py
[2023-06-01T08:57:39.763+0000] {logging_mixin.py:137} INFO - [2023-06-01T08:57:39.762+0000] {dag.py:2690} INFO - Sync 1 DAGs
[2023-06-01T08:57:39.791+0000] {logging_mixin.py:137} INFO - [2023-06-01T08:57:39.791+0000] {dag.py:3441} INFO - Setting next_dagrun for example_task_group to 2023-05-31T08:57:39.790902+00:00, run_after=2023-06-01T08:57:39.790902+00:00
[2023-06-01T08:57:39.810+0000] {processor.py:175} INFO - Processing /home/airflow/.local/lib/python3.7/site-packages/airflow/example_dags/example_task_group.py took 0.106 seconds
[2023-06-01T08:58:11.002+0000] {processor.py:153} INFO - Started process (PID=2109) to work on /home/airflow/.local/lib/python3.7/site-packages/airflow/example_dags/example_task_group.py
[2023-06-01T08:58:11.002+0000] {processor.py:743} INFO - Processing file /home/airflow/.local/lib/python3.7/site-packages/airflow/example_dags/example_task_group.py for tasks to queue
[2023-06-01T08:58:11.003+0000] {logging_mixin.py:137} INFO - [2023-06-01T08:58:11.003+0000] {dagbag.py:538} INFO - Filling up the DagBag from /home/airflow/.local/lib/python3.7/site-packages/airflow/example_dags/example_task_group.py
[2023-06-01T08:58:11.018+0000] {processor.py:753} INFO - DAG(s) dict_keys(['example_task_group']) retrieved from /home/airflow/.local/lib/python3.7/site-packages/airflow/example_dags/example_task_group.py
[2023-06-01T08:58:11.074+0000] {logging_mixin.py:137} INFO - [2023-06-01T08:58:11.074+0000] {dag.py:2690} INFO - Sync 1 DAGs
[2023-06-01T08:58:11.108+0000] {logging_mixin.py:137} INFO - [2023-06-01T08:58:11.107+0000] {dag.py:3441} INFO - Setting next_dagrun for example_task_group to 2023-05-31T08:58:11.107562+00:00, run_after=2023-06-01T08:58:11.107562+00:00
[2023-06-01T08:58:11.129+0000] {processor.py:175} INFO - Processing /home/airflow/.local/lib/python3.7/site-packages/airflow/example_dags/example_task_group.py took 0.131 seconds
[2023-06-01T08:58:41.673+0000] {processor.py:153} INFO - Started process (PID=2196) to work on /home/airflow/.local/lib/python3.7/site-packages/airflow/example_dags/example_task_group.py
[2023-06-01T08:58:41.675+0000] {processor.py:743} INFO - Processing file /home/airflow/.local/lib/python3.7/site-packages/airflow/example_dags/example_task_group.py for tasks to queue
[2023-06-01T08:58:41.676+0000] {logging_mixin.py:137} INFO - [2023-06-01T08:58:41.676+0000] {dagbag.py:538} INFO - Filling up the DagBag from /home/airflow/.local/lib/python3.7/site-packages/airflow/example_dags/example_task_group.py
[2023-06-01T08:58:41.695+0000] {processor.py:753} INFO - DAG(s) dict_keys(['example_task_group']) retrieved from /home/airflow/.local/lib/python3.7/site-packages/airflow/example_dags/example_task_group.py
[2023-06-01T08:58:41.728+0000] {logging_mixin.py:137} INFO - [2023-06-01T08:58:41.728+0000] {dag.py:2690} INFO - Sync 1 DAGs
[2023-06-01T08:58:41.762+0000] {logging_mixin.py:137} INFO - [2023-06-01T08:58:41.762+0000] {dag.py:3441} INFO - Setting next_dagrun for example_task_group to 2023-05-31T08:58:41.761925+00:00, run_after=2023-06-01T08:58:41.761925+00:00
[2023-06-01T08:58:41.787+0000] {processor.py:175} INFO - Processing /home/airflow/.local/lib/python3.7/site-packages/airflow/example_dags/example_task_group.py took 0.119 seconds
[2023-06-01T08:59:12.267+0000] {processor.py:153} INFO - Started process (PID=2283) to work on /home/airflow/.local/lib/python3.7/site-packages/airflow/example_dags/example_task_group.py
[2023-06-01T08:59:12.268+0000] {processor.py:743} INFO - Processing file /home/airflow/.local/lib/python3.7/site-packages/airflow/example_dags/example_task_group.py for tasks to queue
[2023-06-01T08:59:12.269+0000] {logging_mixin.py:137} INFO - [2023-06-01T08:59:12.269+0000] {dagbag.py:538} INFO - Filling up the DagBag from /home/airflow/.local/lib/python3.7/site-packages/airflow/example_dags/example_task_group.py
[2023-06-01T08:59:12.286+0000] {processor.py:753} INFO - DAG(s) dict_keys(['example_task_group']) retrieved from /home/airflow/.local/lib/python3.7/site-packages/airflow/example_dags/example_task_group.py
[2023-06-01T08:59:12.316+0000] {logging_mixin.py:137} INFO - [2023-06-01T08:59:12.316+0000] {dag.py:2690} INFO - Sync 1 DAGs
[2023-06-01T08:59:12.340+0000] {logging_mixin.py:137} INFO - [2023-06-01T08:59:12.340+0000] {dag.py:3441} INFO - Setting next_dagrun for example_task_group to 2023-05-31T08:59:12.340553+00:00, run_after=2023-06-01T08:59:12.340553+00:00
[2023-06-01T08:59:12.366+0000] {processor.py:175} INFO - Processing /home/airflow/.local/lib/python3.7/site-packages/airflow/example_dags/example_task_group.py took 0.102 seconds
[2023-06-01T08:59:43.051+0000] {processor.py:153} INFO - Started process (PID=2370) to work on /home/airflow/.local/lib/python3.7/site-packages/airflow/example_dags/example_task_group.py
[2023-06-01T08:59:43.053+0000] {processor.py:743} INFO - Processing file /home/airflow/.local/lib/python3.7/site-packages/airflow/example_dags/example_task_group.py for tasks to queue
[2023-06-01T08:59:43.054+0000] {logging_mixin.py:137} INFO - [2023-06-01T08:59:43.054+0000] {dagbag.py:538} INFO - Filling up the DagBag from /home/airflow/.local/lib/python3.7/site-packages/airflow/example_dags/example_task_group.py
[2023-06-01T08:59:43.075+0000] {processor.py:753} INFO - DAG(s) dict_keys(['example_task_group']) retrieved from /home/airflow/.local/lib/python3.7/site-packages/airflow/example_dags/example_task_group.py
[2023-06-01T08:59:43.109+0000] {logging_mixin.py:137} INFO - [2023-06-01T08:59:43.108+0000] {dag.py:2690} INFO - Sync 1 DAGs
[2023-06-01T08:59:43.140+0000] {logging_mixin.py:137} INFO - [2023-06-01T08:59:43.140+0000] {dag.py:3441} INFO - Setting next_dagrun for example_task_group to 2023-05-31T08:59:43.140197+00:00, run_after=2023-06-01T08:59:43.140197+00:00
[2023-06-01T08:59:43.162+0000] {processor.py:175} INFO - Processing /home/airflow/.local/lib/python3.7/site-packages/airflow/example_dags/example_task_group.py took 0.115 seconds
[2023-06-01T09:00:13.966+0000] {processor.py:153} INFO - Started process (PID=2481) to work on /home/airflow/.local/lib/python3.7/site-packages/airflow/example_dags/example_task_group.py
[2023-06-01T09:00:13.967+0000] {processor.py:743} INFO - Processing file /home/airflow/.local/lib/python3.7/site-packages/airflow/example_dags/example_task_group.py for tasks to queue
[2023-06-01T09:00:13.968+0000] {logging_mixin.py:137} INFO - [2023-06-01T09:00:13.967+0000] {dagbag.py:538} INFO - Filling up the DagBag from /home/airflow/.local/lib/python3.7/site-packages/airflow/example_dags/example_task_group.py
[2023-06-01T09:00:13.986+0000] {processor.py:753} INFO - DAG(s) dict_keys(['example_task_group']) retrieved from /home/airflow/.local/lib/python3.7/site-packages/airflow/example_dags/example_task_group.py
[2023-06-01T09:00:14.019+0000] {logging_mixin.py:137} INFO - [2023-06-01T09:00:14.019+0000] {dag.py:2690} INFO - Sync 1 DAGs
[2023-06-01T09:00:14.055+0000] {logging_mixin.py:137} INFO - [2023-06-01T09:00:14.055+0000] {dag.py:3441} INFO - Setting next_dagrun for example_task_group to 2023-05-31T09:00:14.055122+00:00, run_after=2023-06-01T09:00:14.055122+00:00
[2023-06-01T09:00:14.082+0000] {processor.py:175} INFO - Processing /home/airflow/.local/lib/python3.7/site-packages/airflow/example_dags/example_task_group.py took 0.120 seconds
[2023-06-01T09:00:44.812+0000] {processor.py:153} INFO - Started process (PID=2568) to work on /home/airflow/.local/lib/python3.7/site-packages/airflow/example_dags/example_task_group.py
[2023-06-01T09:00:44.814+0000] {processor.py:743} INFO - Processing file /home/airflow/.local/lib/python3.7/site-packages/airflow/example_dags/example_task_group.py for tasks to queue
[2023-06-01T09:00:44.815+0000] {logging_mixin.py:137} INFO - [2023-06-01T09:00:44.815+0000] {dagbag.py:538} INFO - Filling up the DagBag from /home/airflow/.local/lib/python3.7/site-packages/airflow/example_dags/example_task_group.py
[2023-06-01T09:00:44.833+0000] {processor.py:753} INFO - DAG(s) dict_keys(['example_task_group']) retrieved from /home/airflow/.local/lib/python3.7/site-packages/airflow/example_dags/example_task_group.py
[2023-06-01T09:00:44.866+0000] {logging_mixin.py:137} INFO - [2023-06-01T09:00:44.865+0000] {dag.py:2690} INFO - Sync 1 DAGs
[2023-06-01T09:00:44.892+0000] {logging_mixin.py:137} INFO - [2023-06-01T09:00:44.891+0000] {dag.py:3441} INFO - Setting next_dagrun for example_task_group to 2023-05-31T09:00:44.891730+00:00, run_after=2023-06-01T09:00:44.891730+00:00
[2023-06-01T09:00:44.917+0000] {processor.py:175} INFO - Processing /home/airflow/.local/lib/python3.7/site-packages/airflow/example_dags/example_task_group.py took 0.108 seconds
[2023-06-01T09:01:15.545+0000] {processor.py:153} INFO - Started process (PID=2655) to work on /home/airflow/.local/lib/python3.7/site-packages/airflow/example_dags/example_task_group.py
[2023-06-01T09:01:15.546+0000] {processor.py:743} INFO - Processing file /home/airflow/.local/lib/python3.7/site-packages/airflow/example_dags/example_task_group.py for tasks to queue
[2023-06-01T09:01:15.547+0000] {logging_mixin.py:137} INFO - [2023-06-01T09:01:15.547+0000] {dagbag.py:538} INFO - Filling up the DagBag from /home/airflow/.local/lib/python3.7/site-packages/airflow/example_dags/example_task_group.py
[2023-06-01T09:01:15.567+0000] {processor.py:753} INFO - DAG(s) dict_keys(['example_task_group']) retrieved from /home/airflow/.local/lib/python3.7/site-packages/airflow/example_dags/example_task_group.py
[2023-06-01T09:01:15.600+0000] {logging_mixin.py:137} INFO - [2023-06-01T09:01:15.600+0000] {dag.py:2690} INFO - Sync 1 DAGs
[2023-06-01T09:01:15.634+0000] {logging_mixin.py:137} INFO - [2023-06-01T09:01:15.634+0000] {dag.py:3441} INFO - Setting next_dagrun for example_task_group to 2023-05-31T09:01:15.634298+00:00, run_after=2023-06-01T09:01:15.634298+00:00
[2023-06-01T09:01:15.654+0000] {processor.py:175} INFO - Processing /home/airflow/.local/lib/python3.7/site-packages/airflow/example_dags/example_task_group.py took 0.113 seconds
[2023-06-01T09:01:46.375+0000] {processor.py:153} INFO - Started process (PID=2766) to work on /home/airflow/.local/lib/python3.7/site-packages/airflow/example_dags/example_task_group.py
[2023-06-01T09:01:46.377+0000] {processor.py:743} INFO - Processing file /home/airflow/.local/lib/python3.7/site-packages/airflow/example_dags/example_task_group.py for tasks to queue
[2023-06-01T09:01:46.378+0000] {logging_mixin.py:137} INFO - [2023-06-01T09:01:46.377+0000] {dagbag.py:538} INFO - Filling up the DagBag from /home/airflow/.local/lib/python3.7/site-packages/airflow/example_dags/example_task_group.py
[2023-06-01T09:01:46.395+0000] {processor.py:753} INFO - DAG(s) dict_keys(['example_task_group']) retrieved from /home/airflow/.local/lib/python3.7/site-packages/airflow/example_dags/example_task_group.py
[2023-06-01T09:01:46.424+0000] {logging_mixin.py:137} INFO - [2023-06-01T09:01:46.423+0000] {dag.py:2690} INFO - Sync 1 DAGs
[2023-06-01T09:01:46.459+0000] {logging_mixin.py:137} INFO - [2023-06-01T09:01:46.459+0000] {dag.py:3441} INFO - Setting next_dagrun for example_task_group to 2023-05-31T09:01:46.459039+00:00, run_after=2023-06-01T09:01:46.459039+00:00
[2023-06-01T09:01:46.482+0000] {processor.py:175} INFO - Processing /home/airflow/.local/lib/python3.7/site-packages/airflow/example_dags/example_task_group.py took 0.111 seconds
[2023-06-01T09:02:16.703+0000] {processor.py:153} INFO - Started process (PID=2853) to work on /home/airflow/.local/lib/python3.7/site-packages/airflow/example_dags/example_task_group.py
[2023-06-01T09:02:16.703+0000] {processor.py:743} INFO - Processing file /home/airflow/.local/lib/python3.7/site-packages/airflow/example_dags/example_task_group.py for tasks to queue
[2023-06-01T09:02:16.704+0000] {logging_mixin.py:137} INFO - [2023-06-01T09:02:16.704+0000] {dagbag.py:538} INFO - Filling up the DagBag from /home/airflow/.local/lib/python3.7/site-packages/airflow/example_dags/example_task_group.py
[2023-06-01T09:02:16.720+0000] {processor.py:753} INFO - DAG(s) dict_keys(['example_task_group']) retrieved from /home/airflow/.local/lib/python3.7/site-packages/airflow/example_dags/example_task_group.py
[2023-06-01T09:02:16.747+0000] {logging_mixin.py:137} INFO - [2023-06-01T09:02:16.747+0000] {dag.py:2690} INFO - Sync 1 DAGs
[2023-06-01T09:02:16.770+0000] {logging_mixin.py:137} INFO - [2023-06-01T09:02:16.770+0000] {dag.py:3441} INFO - Setting next_dagrun for example_task_group to 2023-05-31T09:02:16.770303+00:00, run_after=2023-06-01T09:02:16.770303+00:00
[2023-06-01T09:02:16.789+0000] {processor.py:175} INFO - Processing /home/airflow/.local/lib/python3.7/site-packages/airflow/example_dags/example_task_group.py took 0.090 seconds
[2023-06-01T09:02:47.084+0000] {processor.py:153} INFO - Started process (PID=2940) to work on /home/airflow/.local/lib/python3.7/site-packages/airflow/example_dags/example_task_group.py
[2023-06-01T09:02:47.085+0000] {processor.py:743} INFO - Processing file /home/airflow/.local/lib/python3.7/site-packages/airflow/example_dags/example_task_group.py for tasks to queue
[2023-06-01T09:02:47.086+0000] {logging_mixin.py:137} INFO - [2023-06-01T09:02:47.086+0000] {dagbag.py:538} INFO - Filling up the DagBag from /home/airflow/.local/lib/python3.7/site-packages/airflow/example_dags/example_task_group.py
[2023-06-01T09:02:47.102+0000] {processor.py:753} INFO - DAG(s) dict_keys(['example_task_group']) retrieved from /home/airflow/.local/lib/python3.7/site-packages/airflow/example_dags/example_task_group.py
[2023-06-01T09:02:47.129+0000] {logging_mixin.py:137} INFO - [2023-06-01T09:02:47.128+0000] {dag.py:2690} INFO - Sync 1 DAGs
[2023-06-01T09:02:47.155+0000] {logging_mixin.py:137} INFO - [2023-06-01T09:02:47.155+0000] {dag.py:3441} INFO - Setting next_dagrun for example_task_group to 2023-05-31T09:02:47.155494+00:00, run_after=2023-06-01T09:02:47.155494+00:00
[2023-06-01T09:02:47.173+0000] {processor.py:175} INFO - Processing /home/airflow/.local/lib/python3.7/site-packages/airflow/example_dags/example_task_group.py took 0.092 seconds
[2023-06-01T09:03:17.550+0000] {processor.py:153} INFO - Started process (PID=3027) to work on /home/airflow/.local/lib/python3.7/site-packages/airflow/example_dags/example_task_group.py
[2023-06-01T09:03:17.551+0000] {processor.py:743} INFO - Processing file /home/airflow/.local/lib/python3.7/site-packages/airflow/example_dags/example_task_group.py for tasks to queue
[2023-06-01T09:03:17.552+0000] {logging_mixin.py:137} INFO - [2023-06-01T09:03:17.551+0000] {dagbag.py:538} INFO - Filling up the DagBag from /home/airflow/.local/lib/python3.7/site-packages/airflow/example_dags/example_task_group.py
[2023-06-01T09:03:17.566+0000] {processor.py:753} INFO - DAG(s) dict_keys(['example_task_group']) retrieved from /home/airflow/.local/lib/python3.7/site-packages/airflow/example_dags/example_task_group.py
[2023-06-01T09:03:17.598+0000] {logging_mixin.py:137} INFO - [2023-06-01T09:03:17.597+0000] {dag.py:2690} INFO - Sync 1 DAGs
[2023-06-01T09:03:17.627+0000] {logging_mixin.py:137} INFO - [2023-06-01T09:03:17.627+0000] {dag.py:3441} INFO - Setting next_dagrun for example_task_group to 2023-05-31T09:03:17.627078+00:00, run_after=2023-06-01T09:03:17.627078+00:00
[2023-06-01T09:03:17.651+0000] {processor.py:175} INFO - Processing /home/airflow/.local/lib/python3.7/site-packages/airflow/example_dags/example_task_group.py took 0.104 seconds
[2023-06-01T09:03:48.421+0000] {processor.py:153} INFO - Started process (PID=3138) to work on /home/airflow/.local/lib/python3.7/site-packages/airflow/example_dags/example_task_group.py
[2023-06-01T09:03:48.422+0000] {processor.py:743} INFO - Processing file /home/airflow/.local/lib/python3.7/site-packages/airflow/example_dags/example_task_group.py for tasks to queue
[2023-06-01T09:03:48.423+0000] {logging_mixin.py:137} INFO - [2023-06-01T09:03:48.423+0000] {dagbag.py:538} INFO - Filling up the DagBag from /home/airflow/.local/lib/python3.7/site-packages/airflow/example_dags/example_task_group.py
[2023-06-01T09:03:48.439+0000] {processor.py:753} INFO - DAG(s) dict_keys(['example_task_group']) retrieved from /home/airflow/.local/lib/python3.7/site-packages/airflow/example_dags/example_task_group.py
[2023-06-01T09:03:48.466+0000] {logging_mixin.py:137} INFO - [2023-06-01T09:03:48.466+0000] {dag.py:2690} INFO - Sync 1 DAGs
[2023-06-01T09:03:48.496+0000] {logging_mixin.py:137} INFO - [2023-06-01T09:03:48.496+0000] {dag.py:3441} INFO - Setting next_dagrun for example_task_group to 2023-05-31T09:03:48.495740+00:00, run_after=2023-06-01T09:03:48.495740+00:00
[2023-06-01T09:03:48.515+0000] {processor.py:175} INFO - Processing /home/airflow/.local/lib/python3.7/site-packages/airflow/example_dags/example_task_group.py took 0.098 seconds
[2023-06-01T09:04:18.711+0000] {processor.py:153} INFO - Started process (PID=3225) to work on /home/airflow/.local/lib/python3.7/site-packages/airflow/example_dags/example_task_group.py
[2023-06-01T09:04:18.711+0000] {processor.py:743} INFO - Processing file /home/airflow/.local/lib/python3.7/site-packages/airflow/example_dags/example_task_group.py for tasks to queue
[2023-06-01T09:04:18.712+0000] {logging_mixin.py:137} INFO - [2023-06-01T09:04:18.712+0000] {dagbag.py:538} INFO - Filling up the DagBag from /home/airflow/.local/lib/python3.7/site-packages/airflow/example_dags/example_task_group.py
[2023-06-01T09:04:18.733+0000] {processor.py:753} INFO - DAG(s) dict_keys(['example_task_group']) retrieved from /home/airflow/.local/lib/python3.7/site-packages/airflow/example_dags/example_task_group.py
[2023-06-01T09:04:18.761+0000] {logging_mixin.py:137} INFO - [2023-06-01T09:04:18.760+0000] {dag.py:2690} INFO - Sync 1 DAGs
[2023-06-01T09:04:18.785+0000] {logging_mixin.py:137} INFO - [2023-06-01T09:04:18.785+0000] {dag.py:3441} INFO - Setting next_dagrun for example_task_group to 2023-05-31T09:04:18.785114+00:00, run_after=2023-06-01T09:04:18.785114+00:00
[2023-06-01T09:04:18.803+0000] {processor.py:175} INFO - Processing /home/airflow/.local/lib/python3.7/site-packages/airflow/example_dags/example_task_group.py took 0.096 seconds
[2023-06-01T09:04:49.404+0000] {processor.py:153} INFO - Started process (PID=3312) to work on /home/airflow/.local/lib/python3.7/site-packages/airflow/example_dags/example_task_group.py
[2023-06-01T09:04:49.406+0000] {processor.py:743} INFO - Processing file /home/airflow/.local/lib/python3.7/site-packages/airflow/example_dags/example_task_group.py for tasks to queue
[2023-06-01T09:04:49.407+0000] {logging_mixin.py:137} INFO - [2023-06-01T09:04:49.407+0000] {dagbag.py:538} INFO - Filling up the DagBag from /home/airflow/.local/lib/python3.7/site-packages/airflow/example_dags/example_task_group.py
[2023-06-01T09:04:49.429+0000] {processor.py:753} INFO - DAG(s) dict_keys(['example_task_group']) retrieved from /home/airflow/.local/lib/python3.7/site-packages/airflow/example_dags/example_task_group.py
[2023-06-01T09:04:49.459+0000] {logging_mixin.py:137} INFO - [2023-06-01T09:04:49.459+0000] {dag.py:2690} INFO - Sync 1 DAGs
[2023-06-01T09:04:49.488+0000] {logging_mixin.py:137} INFO - [2023-06-01T09:04:49.487+0000] {dag.py:3441} INFO - Setting next_dagrun for example_task_group to 2023-05-31T09:04:49.487542+00:00, run_after=2023-06-01T09:04:49.487542+00:00
[2023-06-01T09:04:49.513+0000] {processor.py:175} INFO - Processing /home/airflow/.local/lib/python3.7/site-packages/airflow/example_dags/example_task_group.py took 0.112 seconds
[2023-06-01T09:05:20.875+0000] {processor.py:153} INFO - Started process (PID=3399) to work on /home/airflow/.local/lib/python3.7/site-packages/airflow/example_dags/example_task_group.py
[2023-06-01T09:05:20.878+0000] {processor.py:743} INFO - Processing file /home/airflow/.local/lib/python3.7/site-packages/airflow/example_dags/example_task_group.py for tasks to queue
[2023-06-01T09:05:20.880+0000] {logging_mixin.py:137} INFO - [2023-06-01T09:05:20.880+0000] {dagbag.py:538} INFO - Filling up the DagBag from /home/airflow/.local/lib/python3.7/site-packages/airflow/example_dags/example_task_group.py
[2023-06-01T09:05:20.902+0000] {processor.py:753} INFO - DAG(s) dict_keys(['example_task_group']) retrieved from /home/airflow/.local/lib/python3.7/site-packages/airflow/example_dags/example_task_group.py
[2023-06-01T09:05:20.946+0000] {logging_mixin.py:137} INFO - [2023-06-01T09:05:20.946+0000] {dag.py:2690} INFO - Sync 1 DAGs
[2023-06-01T09:05:20.989+0000] {logging_mixin.py:137} INFO - [2023-06-01T09:05:20.988+0000] {dag.py:3441} INFO - Setting next_dagrun for example_task_group to 2023-05-31T09:05:20.988296+00:00, run_after=2023-06-01T09:05:20.988296+00:00
[2023-06-01T09:05:21.031+0000] {processor.py:175} INFO - Processing /home/airflow/.local/lib/python3.7/site-packages/airflow/example_dags/example_task_group.py took 0.160 seconds
[2023-06-01T09:05:51.267+0000] {processor.py:153} INFO - Started process (PID=3495) to work on /home/airflow/.local/lib/python3.7/site-packages/airflow/example_dags/example_task_group.py
[2023-06-01T09:05:51.268+0000] {processor.py:743} INFO - Processing file /home/airflow/.local/lib/python3.7/site-packages/airflow/example_dags/example_task_group.py for tasks to queue
[2023-06-01T09:05:51.269+0000] {logging_mixin.py:137} INFO - [2023-06-01T09:05:51.269+0000] {dagbag.py:538} INFO - Filling up the DagBag from /home/airflow/.local/lib/python3.7/site-packages/airflow/example_dags/example_task_group.py
[2023-06-01T09:05:51.285+0000] {processor.py:753} INFO - DAG(s) dict_keys(['example_task_group']) retrieved from /home/airflow/.local/lib/python3.7/site-packages/airflow/example_dags/example_task_group.py
[2023-06-01T09:05:51.323+0000] {logging_mixin.py:137} INFO - [2023-06-01T09:05:51.322+0000] {dag.py:2690} INFO - Sync 1 DAGs
[2023-06-01T09:05:51.355+0000] {logging_mixin.py:137} INFO - [2023-06-01T09:05:51.355+0000] {dag.py:3441} INFO - Setting next_dagrun for example_task_group to 2023-05-31T09:05:51.355320+00:00, run_after=2023-06-01T09:05:51.355320+00:00
[2023-06-01T09:05:51.380+0000] {processor.py:175} INFO - Processing /home/airflow/.local/lib/python3.7/site-packages/airflow/example_dags/example_task_group.py took 0.117 seconds
[2023-06-01T09:06:21.736+0000] {processor.py:153} INFO - Started process (PID=3597) to work on /home/airflow/.local/lib/python3.7/site-packages/airflow/example_dags/example_task_group.py
[2023-06-01T09:06:21.739+0000] {processor.py:743} INFO - Processing file /home/airflow/.local/lib/python3.7/site-packages/airflow/example_dags/example_task_group.py for tasks to queue
[2023-06-01T09:06:21.740+0000] {logging_mixin.py:137} INFO - [2023-06-01T09:06:21.739+0000] {dagbag.py:538} INFO - Filling up the DagBag from /home/airflow/.local/lib/python3.7/site-packages/airflow/example_dags/example_task_group.py
[2023-06-01T09:06:21.764+0000] {processor.py:753} INFO - DAG(s) dict_keys(['example_task_group']) retrieved from /home/airflow/.local/lib/python3.7/site-packages/airflow/example_dags/example_task_group.py
[2023-06-01T09:06:21.809+0000] {logging_mixin.py:137} INFO - [2023-06-01T09:06:21.809+0000] {dag.py:2690} INFO - Sync 1 DAGs
[2023-06-01T09:06:21.844+0000] {logging_mixin.py:137} INFO - [2023-06-01T09:06:21.844+0000] {dag.py:3441} INFO - Setting next_dagrun for example_task_group to 2023-05-31T09:06:21.843893+00:00, run_after=2023-06-01T09:06:21.843893+00:00
[2023-06-01T09:06:21.882+0000] {processor.py:175} INFO - Processing /home/airflow/.local/lib/python3.7/site-packages/airflow/example_dags/example_task_group.py took 0.151 seconds
[2023-06-01T09:06:52.049+0000] {processor.py:153} INFO - Started process (PID=3684) to work on /home/airflow/.local/lib/python3.7/site-packages/airflow/example_dags/example_task_group.py
[2023-06-01T09:06:52.050+0000] {processor.py:743} INFO - Processing file /home/airflow/.local/lib/python3.7/site-packages/airflow/example_dags/example_task_group.py for tasks to queue
[2023-06-01T09:06:52.050+0000] {logging_mixin.py:137} INFO - [2023-06-01T09:06:52.050+0000] {dagbag.py:538} INFO - Filling up the DagBag from /home/airflow/.local/lib/python3.7/site-packages/airflow/example_dags/example_task_group.py
[2023-06-01T09:06:52.066+0000] {processor.py:753} INFO - DAG(s) dict_keys(['example_task_group']) retrieved from /home/airflow/.local/lib/python3.7/site-packages/airflow/example_dags/example_task_group.py
[2023-06-01T09:06:52.095+0000] {logging_mixin.py:137} INFO - [2023-06-01T09:06:52.094+0000] {dag.py:2690} INFO - Sync 1 DAGs
[2023-06-01T09:06:52.126+0000] {logging_mixin.py:137} INFO - [2023-06-01T09:06:52.126+0000] {dag.py:3441} INFO - Setting next_dagrun for example_task_group to 2023-05-31T09:06:52.125772+00:00, run_after=2023-06-01T09:06:52.125772+00:00
[2023-06-01T09:06:52.153+0000] {processor.py:175} INFO - Processing /home/airflow/.local/lib/python3.7/site-packages/airflow/example_dags/example_task_group.py took 0.107 seconds
[2023-06-01T09:07:22.976+0000] {processor.py:153} INFO - Started process (PID=3771) to work on /home/airflow/.local/lib/python3.7/site-packages/airflow/example_dags/example_task_group.py
[2023-06-01T09:07:22.979+0000] {processor.py:743} INFO - Processing file /home/airflow/.local/lib/python3.7/site-packages/airflow/example_dags/example_task_group.py for tasks to queue
[2023-06-01T09:07:22.981+0000] {logging_mixin.py:137} INFO - [2023-06-01T09:07:22.980+0000] {dagbag.py:538} INFO - Filling up the DagBag from /home/airflow/.local/lib/python3.7/site-packages/airflow/example_dags/example_task_group.py
[2023-06-01T09:07:22.998+0000] {processor.py:753} INFO - DAG(s) dict_keys(['example_task_group']) retrieved from /home/airflow/.local/lib/python3.7/site-packages/airflow/example_dags/example_task_group.py
[2023-06-01T09:07:23.035+0000] {logging_mixin.py:137} INFO - [2023-06-01T09:07:23.035+0000] {dag.py:2690} INFO - Sync 1 DAGs
[2023-06-01T09:07:23.068+0000] {logging_mixin.py:137} INFO - [2023-06-01T09:07:23.067+0000] {dag.py:3441} INFO - Setting next_dagrun for example_task_group to 2023-05-31T09:07:23.067496+00:00, run_after=2023-06-01T09:07:23.067496+00:00
[2023-06-01T09:07:23.107+0000] {processor.py:175} INFO - Processing /home/airflow/.local/lib/python3.7/site-packages/airflow/example_dags/example_task_group.py took 0.136 seconds
[2023-06-01T09:07:53.834+0000] {processor.py:153} INFO - Started process (PID=3858) to work on /home/airflow/.local/lib/python3.7/site-packages/airflow/example_dags/example_task_group.py
[2023-06-01T09:07:53.836+0000] {processor.py:743} INFO - Processing file /home/airflow/.local/lib/python3.7/site-packages/airflow/example_dags/example_task_group.py for tasks to queue
[2023-06-01T09:07:53.836+0000] {logging_mixin.py:137} INFO - [2023-06-01T09:07:53.836+0000] {dagbag.py:538} INFO - Filling up the DagBag from /home/airflow/.local/lib/python3.7/site-packages/airflow/example_dags/example_task_group.py
[2023-06-01T09:07:53.857+0000] {processor.py:753} INFO - DAG(s) dict_keys(['example_task_group']) retrieved from /home/airflow/.local/lib/python3.7/site-packages/airflow/example_dags/example_task_group.py
[2023-06-01T09:07:53.898+0000] {logging_mixin.py:137} INFO - [2023-06-01T09:07:53.897+0000] {dag.py:2690} INFO - Sync 1 DAGs
[2023-06-01T09:07:53.935+0000] {logging_mixin.py:137} INFO - [2023-06-01T09:07:53.935+0000] {dag.py:3441} INFO - Setting next_dagrun for example_task_group to 2023-05-31T09:07:53.934869+00:00, run_after=2023-06-01T09:07:53.934869+00:00
[2023-06-01T09:07:53.973+0000] {processor.py:175} INFO - Processing /home/airflow/.local/lib/python3.7/site-packages/airflow/example_dags/example_task_group.py took 0.143 seconds
[2023-06-01T09:08:24.665+0000] {processor.py:153} INFO - Started process (PID=3969) to work on /home/airflow/.local/lib/python3.7/site-packages/airflow/example_dags/example_task_group.py
[2023-06-01T09:08:24.667+0000] {processor.py:743} INFO - Processing file /home/airflow/.local/lib/python3.7/site-packages/airflow/example_dags/example_task_group.py for tasks to queue
[2023-06-01T09:08:24.668+0000] {logging_mixin.py:137} INFO - [2023-06-01T09:08:24.667+0000] {dagbag.py:538} INFO - Filling up the DagBag from /home/airflow/.local/lib/python3.7/site-packages/airflow/example_dags/example_task_group.py
[2023-06-01T09:08:24.688+0000] {processor.py:753} INFO - DAG(s) dict_keys(['example_task_group']) retrieved from /home/airflow/.local/lib/python3.7/site-packages/airflow/example_dags/example_task_group.py
[2023-06-01T09:08:24.725+0000] {logging_mixin.py:137} INFO - [2023-06-01T09:08:24.725+0000] {dag.py:2690} INFO - Sync 1 DAGs
[2023-06-01T09:08:24.760+0000] {logging_mixin.py:137} INFO - [2023-06-01T09:08:24.759+0000] {dag.py:3441} INFO - Setting next_dagrun for example_task_group to 2023-05-31T09:08:24.759676+00:00, run_after=2023-06-01T09:08:24.759676+00:00
[2023-06-01T09:08:24.786+0000] {processor.py:175} INFO - Processing /home/airflow/.local/lib/python3.7/site-packages/airflow/example_dags/example_task_group.py took 0.124 seconds
[2023-06-01T09:08:55.135+0000] {processor.py:153} INFO - Started process (PID=4056) to work on /home/airflow/.local/lib/python3.7/site-packages/airflow/example_dags/example_task_group.py
[2023-06-01T09:08:55.137+0000] {processor.py:743} INFO - Processing file /home/airflow/.local/lib/python3.7/site-packages/airflow/example_dags/example_task_group.py for tasks to queue
[2023-06-01T09:08:55.138+0000] {logging_mixin.py:137} INFO - [2023-06-01T09:08:55.137+0000] {dagbag.py:538} INFO - Filling up the DagBag from /home/airflow/.local/lib/python3.7/site-packages/airflow/example_dags/example_task_group.py
[2023-06-01T09:08:55.154+0000] {processor.py:753} INFO - DAG(s) dict_keys(['example_task_group']) retrieved from /home/airflow/.local/lib/python3.7/site-packages/airflow/example_dags/example_task_group.py
[2023-06-01T09:08:55.190+0000] {logging_mixin.py:137} INFO - [2023-06-01T09:08:55.190+0000] {dag.py:2690} INFO - Sync 1 DAGs
[2023-06-01T09:08:55.220+0000] {logging_mixin.py:137} INFO - [2023-06-01T09:08:55.220+0000] {dag.py:3441} INFO - Setting next_dagrun for example_task_group to 2023-05-31T09:08:55.219918+00:00, run_after=2023-06-01T09:08:55.219918+00:00
[2023-06-01T09:08:55.241+0000] {processor.py:175} INFO - Processing /home/airflow/.local/lib/python3.7/site-packages/airflow/example_dags/example_task_group.py took 0.110 seconds
[2023-06-01T09:09:25.653+0000] {processor.py:153} INFO - Started process (PID=4143) to work on /home/airflow/.local/lib/python3.7/site-packages/airflow/example_dags/example_task_group.py
[2023-06-01T09:09:25.655+0000] {processor.py:743} INFO - Processing file /home/airflow/.local/lib/python3.7/site-packages/airflow/example_dags/example_task_group.py for tasks to queue
[2023-06-01T09:09:25.656+0000] {logging_mixin.py:137} INFO - [2023-06-01T09:09:25.656+0000] {dagbag.py:538} INFO - Filling up the DagBag from /home/airflow/.local/lib/python3.7/site-packages/airflow/example_dags/example_task_group.py
[2023-06-01T09:09:25.673+0000] {processor.py:753} INFO - DAG(s) dict_keys(['example_task_group']) retrieved from /home/airflow/.local/lib/python3.7/site-packages/airflow/example_dags/example_task_group.py
[2023-06-01T09:09:25.702+0000] {logging_mixin.py:137} INFO - [2023-06-01T09:09:25.702+0000] {dag.py:2690} INFO - Sync 1 DAGs
[2023-06-01T09:09:25.737+0000] {logging_mixin.py:137} INFO - [2023-06-01T09:09:25.737+0000] {dag.py:3441} INFO - Setting next_dagrun for example_task_group to 2023-05-31T09:09:25.737042+00:00, run_after=2023-06-01T09:09:25.737042+00:00
[2023-06-01T09:09:25.761+0000] {processor.py:175} INFO - Processing /home/airflow/.local/lib/python3.7/site-packages/airflow/example_dags/example_task_group.py took 0.112 seconds
[2023-06-01T09:09:56.639+0000] {processor.py:153} INFO - Started process (PID=4230) to work on /home/airflow/.local/lib/python3.7/site-packages/airflow/example_dags/example_task_group.py
[2023-06-01T09:09:56.640+0000] {processor.py:743} INFO - Processing file /home/airflow/.local/lib/python3.7/site-packages/airflow/example_dags/example_task_group.py for tasks to queue
[2023-06-01T09:09:56.641+0000] {logging_mixin.py:137} INFO - [2023-06-01T09:09:56.641+0000] {dagbag.py:538} INFO - Filling up the DagBag from /home/airflow/.local/lib/python3.7/site-packages/airflow/example_dags/example_task_group.py
[2023-06-01T09:09:56.658+0000] {processor.py:753} INFO - DAG(s) dict_keys(['example_task_group']) retrieved from /home/airflow/.local/lib/python3.7/site-packages/airflow/example_dags/example_task_group.py
[2023-06-01T09:09:56.688+0000] {logging_mixin.py:137} INFO - [2023-06-01T09:09:56.688+0000] {dag.py:2690} INFO - Sync 1 DAGs
[2023-06-01T09:09:56.715+0000] {logging_mixin.py:137} INFO - [2023-06-01T09:09:56.715+0000] {dag.py:3441} INFO - Setting next_dagrun for example_task_group to 2023-05-31T09:09:56.714737+00:00, run_after=2023-06-01T09:09:56.714737+00:00
[2023-06-01T09:09:56.732+0000] {processor.py:175} INFO - Processing /home/airflow/.local/lib/python3.7/site-packages/airflow/example_dags/example_task_group.py took 0.097 seconds
[2023-06-01T09:10:26.903+0000] {processor.py:153} INFO - Started process (PID=4341) to work on /home/airflow/.local/lib/python3.7/site-packages/airflow/example_dags/example_task_group.py
[2023-06-01T09:10:26.905+0000] {processor.py:743} INFO - Processing file /home/airflow/.local/lib/python3.7/site-packages/airflow/example_dags/example_task_group.py for tasks to queue
[2023-06-01T09:10:26.905+0000] {logging_mixin.py:137} INFO - [2023-06-01T09:10:26.905+0000] {dagbag.py:538} INFO - Filling up the DagBag from /home/airflow/.local/lib/python3.7/site-packages/airflow/example_dags/example_task_group.py
[2023-06-01T09:10:26.925+0000] {processor.py:753} INFO - DAG(s) dict_keys(['example_task_group']) retrieved from /home/airflow/.local/lib/python3.7/site-packages/airflow/example_dags/example_task_group.py
[2023-06-01T09:10:26.956+0000] {logging_mixin.py:137} INFO - [2023-06-01T09:10:26.955+0000] {dag.py:2690} INFO - Sync 1 DAGs
[2023-06-01T09:10:26.983+0000] {logging_mixin.py:137} INFO - [2023-06-01T09:10:26.983+0000] {dag.py:3441} INFO - Setting next_dagrun for example_task_group to 2023-05-31T09:10:26.983132+00:00, run_after=2023-06-01T09:10:26.983132+00:00
[2023-06-01T09:10:27.007+0000] {processor.py:175} INFO - Processing /home/airflow/.local/lib/python3.7/site-packages/airflow/example_dags/example_task_group.py took 0.108 seconds
[2023-06-01T09:10:57.457+0000] {processor.py:153} INFO - Started process (PID=4428) to work on /home/airflow/.local/lib/python3.7/site-packages/airflow/example_dags/example_task_group.py
[2023-06-01T09:10:57.458+0000] {processor.py:743} INFO - Processing file /home/airflow/.local/lib/python3.7/site-packages/airflow/example_dags/example_task_group.py for tasks to queue
[2023-06-01T09:10:57.459+0000] {logging_mixin.py:137} INFO - [2023-06-01T09:10:57.459+0000] {dagbag.py:538} INFO - Filling up the DagBag from /home/airflow/.local/lib/python3.7/site-packages/airflow/example_dags/example_task_group.py
[2023-06-01T09:10:57.476+0000] {processor.py:753} INFO - DAG(s) dict_keys(['example_task_group']) retrieved from /home/airflow/.local/lib/python3.7/site-packages/airflow/example_dags/example_task_group.py
[2023-06-01T09:10:57.509+0000] {logging_mixin.py:137} INFO - [2023-06-01T09:10:57.509+0000] {dag.py:2690} INFO - Sync 1 DAGs
[2023-06-01T09:10:57.537+0000] {logging_mixin.py:137} INFO - [2023-06-01T09:10:57.537+0000] {dag.py:3441} INFO - Setting next_dagrun for example_task_group to 2023-05-31T09:10:57.536742+00:00, run_after=2023-06-01T09:10:57.536742+00:00
[2023-06-01T09:10:57.562+0000] {processor.py:175} INFO - Processing /home/airflow/.local/lib/python3.7/site-packages/airflow/example_dags/example_task_group.py took 0.109 seconds
[2023-06-01T09:11:27.784+0000] {processor.py:153} INFO - Started process (PID=4515) to work on /home/airflow/.local/lib/python3.7/site-packages/airflow/example_dags/example_task_group.py
[2023-06-01T09:11:27.785+0000] {processor.py:743} INFO - Processing file /home/airflow/.local/lib/python3.7/site-packages/airflow/example_dags/example_task_group.py for tasks to queue
[2023-06-01T09:11:27.785+0000] {logging_mixin.py:137} INFO - [2023-06-01T09:11:27.785+0000] {dagbag.py:538} INFO - Filling up the DagBag from /home/airflow/.local/lib/python3.7/site-packages/airflow/example_dags/example_task_group.py
[2023-06-01T09:11:27.802+0000] {processor.py:753} INFO - DAG(s) dict_keys(['example_task_group']) retrieved from /home/airflow/.local/lib/python3.7/site-packages/airflow/example_dags/example_task_group.py
[2023-06-01T09:11:27.832+0000] {logging_mixin.py:137} INFO - [2023-06-01T09:11:27.831+0000] {dag.py:2690} INFO - Sync 1 DAGs
[2023-06-01T09:11:27.858+0000] {logging_mixin.py:137} INFO - [2023-06-01T09:11:27.857+0000] {dag.py:3441} INFO - Setting next_dagrun for example_task_group to 2023-05-31T09:11:27.857489+00:00, run_after=2023-06-01T09:11:27.857489+00:00
[2023-06-01T09:11:27.876+0000] {processor.py:175} INFO - Processing /home/airflow/.local/lib/python3.7/site-packages/airflow/example_dags/example_task_group.py took 0.095 seconds
[2023-06-01T09:11:58.206+0000] {processor.py:153} INFO - Started process (PID=4611) to work on /home/airflow/.local/lib/python3.7/site-packages/airflow/example_dags/example_task_group.py
[2023-06-01T09:11:58.208+0000] {processor.py:743} INFO - Processing file /home/airflow/.local/lib/python3.7/site-packages/airflow/example_dags/example_task_group.py for tasks to queue
[2023-06-01T09:11:58.208+0000] {logging_mixin.py:137} INFO - [2023-06-01T09:11:58.208+0000] {dagbag.py:538} INFO - Filling up the DagBag from /home/airflow/.local/lib/python3.7/site-packages/airflow/example_dags/example_task_group.py
[2023-06-01T09:11:58.223+0000] {processor.py:753} INFO - DAG(s) dict_keys(['example_task_group']) retrieved from /home/airflow/.local/lib/python3.7/site-packages/airflow/example_dags/example_task_group.py
[2023-06-01T09:11:58.251+0000] {logging_mixin.py:137} INFO - [2023-06-01T09:11:58.251+0000] {dag.py:2690} INFO - Sync 1 DAGs
[2023-06-01T09:11:58.282+0000] {logging_mixin.py:137} INFO - [2023-06-01T09:11:58.281+0000] {dag.py:3441} INFO - Setting next_dagrun for example_task_group to 2023-05-31T09:11:58.281443+00:00, run_after=2023-06-01T09:11:58.281443+00:00
[2023-06-01T09:11:58.303+0000] {processor.py:175} INFO - Processing /home/airflow/.local/lib/python3.7/site-packages/airflow/example_dags/example_task_group.py took 0.100 seconds
[2023-06-01T09:12:29.066+0000] {processor.py:153} INFO - Started process (PID=4713) to work on /home/airflow/.local/lib/python3.7/site-packages/airflow/example_dags/example_task_group.py
[2023-06-01T09:12:29.068+0000] {processor.py:743} INFO - Processing file /home/airflow/.local/lib/python3.7/site-packages/airflow/example_dags/example_task_group.py for tasks to queue
[2023-06-01T09:12:29.069+0000] {logging_mixin.py:137} INFO - [2023-06-01T09:12:29.069+0000] {dagbag.py:538} INFO - Filling up the DagBag from /home/airflow/.local/lib/python3.7/site-packages/airflow/example_dags/example_task_group.py
[2023-06-01T09:12:29.089+0000] {processor.py:753} INFO - DAG(s) dict_keys(['example_task_group']) retrieved from /home/airflow/.local/lib/python3.7/site-packages/airflow/example_dags/example_task_group.py
[2023-06-01T09:12:29.161+0000] {logging_mixin.py:137} INFO - [2023-06-01T09:12:29.160+0000] {dag.py:2690} INFO - Sync 1 DAGs
[2023-06-01T09:12:29.188+0000] {logging_mixin.py:137} INFO - [2023-06-01T09:12:29.188+0000] {dag.py:3441} INFO - Setting next_dagrun for example_task_group to 2023-05-31T09:12:29.188189+00:00, run_after=2023-06-01T09:12:29.188189+00:00
[2023-06-01T09:12:29.210+0000] {processor.py:175} INFO - Processing /home/airflow/.local/lib/python3.7/site-packages/airflow/example_dags/example_task_group.py took 0.148 seconds
