[2023-06-01T08:47:24.401+0000] {processor.py:153} INFO - Started process (PID=75) to work on /home/airflow/.local/lib/python3.7/site-packages/airflow/example_dags/example_branch_day_of_week_operator.py
[2023-06-01T08:47:24.402+0000] {processor.py:743} INFO - Processing file /home/airflow/.local/lib/python3.7/site-packages/airflow/example_dags/example_branch_day_of_week_operator.py for tasks to queue
[2023-06-01T08:47:24.403+0000] {logging_mixin.py:137} INFO - [2023-06-01T08:47:24.402+0000] {dagbag.py:538} INFO - Filling up the DagBag from /home/airflow/.local/lib/python3.7/site-packages/airflow/example_dags/example_branch_day_of_week_operator.py
[2023-06-01T08:47:24.425+0000] {processor.py:753} INFO - DAG(s) dict_keys(['example_weekday_branch_operator']) retrieved from /home/airflow/.local/lib/python3.7/site-packages/airflow/example_dags/example_branch_day_of_week_operator.py
[2023-06-01T08:47:24.445+0000] {logging_mixin.py:137} INFO - [2023-06-01T08:47:24.444+0000] {dag.py:2690} INFO - Sync 1 DAGs
[2023-06-01T08:47:24.479+0000] {logging_mixin.py:137} INFO - [2023-06-01T08:47:24.479+0000] {dag.py:3441} INFO - Setting next_dagrun for example_weekday_branch_operator to 2023-05-31T00:00:00+00:00, run_after=2023-06-01T00:00:00+00:00
[2023-06-01T08:47:24.502+0000] {processor.py:175} INFO - Processing /home/airflow/.local/lib/python3.7/site-packages/airflow/example_dags/example_branch_day_of_week_operator.py took 0.104 seconds
[2023-06-01T08:47:55.288+0000] {processor.py:153} INFO - Started process (PID=177) to work on /home/airflow/.local/lib/python3.7/site-packages/airflow/example_dags/example_branch_day_of_week_operator.py
[2023-06-01T08:47:55.289+0000] {processor.py:743} INFO - Processing file /home/airflow/.local/lib/python3.7/site-packages/airflow/example_dags/example_branch_day_of_week_operator.py for tasks to queue
[2023-06-01T08:47:55.290+0000] {logging_mixin.py:137} INFO - [2023-06-01T08:47:55.290+0000] {dagbag.py:538} INFO - Filling up the DagBag from /home/airflow/.local/lib/python3.7/site-packages/airflow/example_dags/example_branch_day_of_week_operator.py
[2023-06-01T08:47:55.306+0000] {processor.py:753} INFO - DAG(s) dict_keys(['example_weekday_branch_operator']) retrieved from /home/airflow/.local/lib/python3.7/site-packages/airflow/example_dags/example_branch_day_of_week_operator.py
[2023-06-01T08:47:55.331+0000] {logging_mixin.py:137} INFO - [2023-06-01T08:47:55.331+0000] {dag.py:2690} INFO - Sync 1 DAGs
[2023-06-01T08:47:55.355+0000] {logging_mixin.py:137} INFO - [2023-06-01T08:47:55.355+0000] {dag.py:3441} INFO - Setting next_dagrun for example_weekday_branch_operator to 2023-05-31T00:00:00+00:00, run_after=2023-06-01T00:00:00+00:00
[2023-06-01T08:47:55.373+0000] {processor.py:175} INFO - Processing /home/airflow/.local/lib/python3.7/site-packages/airflow/example_dags/example_branch_day_of_week_operator.py took 0.088 seconds
[2023-06-01T08:48:26.320+0000] {processor.py:153} INFO - Started process (PID=264) to work on /home/airflow/.local/lib/python3.7/site-packages/airflow/example_dags/example_branch_day_of_week_operator.py
[2023-06-01T08:48:26.321+0000] {processor.py:743} INFO - Processing file /home/airflow/.local/lib/python3.7/site-packages/airflow/example_dags/example_branch_day_of_week_operator.py for tasks to queue
[2023-06-01T08:48:26.322+0000] {logging_mixin.py:137} INFO - [2023-06-01T08:48:26.322+0000] {dagbag.py:538} INFO - Filling up the DagBag from /home/airflow/.local/lib/python3.7/site-packages/airflow/example_dags/example_branch_day_of_week_operator.py
[2023-06-01T08:48:26.339+0000] {processor.py:753} INFO - DAG(s) dict_keys(['example_weekday_branch_operator']) retrieved from /home/airflow/.local/lib/python3.7/site-packages/airflow/example_dags/example_branch_day_of_week_operator.py
[2023-06-01T08:48:26.366+0000] {logging_mixin.py:137} INFO - [2023-06-01T08:48:26.366+0000] {dag.py:2690} INFO - Sync 1 DAGs
[2023-06-01T08:48:26.392+0000] {logging_mixin.py:137} INFO - [2023-06-01T08:48:26.392+0000] {dag.py:3441} INFO - Setting next_dagrun for example_weekday_branch_operator to 2023-05-31T00:00:00+00:00, run_after=2023-06-01T00:00:00+00:00
[2023-06-01T08:48:26.411+0000] {processor.py:175} INFO - Processing /home/airflow/.local/lib/python3.7/site-packages/airflow/example_dags/example_branch_day_of_week_operator.py took 0.095 seconds
[2023-06-01T08:48:57.230+0000] {processor.py:153} INFO - Started process (PID=375) to work on /home/airflow/.local/lib/python3.7/site-packages/airflow/example_dags/example_branch_day_of_week_operator.py
[2023-06-01T08:48:57.231+0000] {processor.py:743} INFO - Processing file /home/airflow/.local/lib/python3.7/site-packages/airflow/example_dags/example_branch_day_of_week_operator.py for tasks to queue
[2023-06-01T08:48:57.232+0000] {logging_mixin.py:137} INFO - [2023-06-01T08:48:57.232+0000] {dagbag.py:538} INFO - Filling up the DagBag from /home/airflow/.local/lib/python3.7/site-packages/airflow/example_dags/example_branch_day_of_week_operator.py
[2023-06-01T08:48:57.248+0000] {processor.py:753} INFO - DAG(s) dict_keys(['example_weekday_branch_operator']) retrieved from /home/airflow/.local/lib/python3.7/site-packages/airflow/example_dags/example_branch_day_of_week_operator.py
[2023-06-01T08:48:57.279+0000] {logging_mixin.py:137} INFO - [2023-06-01T08:48:57.278+0000] {dag.py:2690} INFO - Sync 1 DAGs
[2023-06-01T08:48:57.311+0000] {logging_mixin.py:137} INFO - [2023-06-01T08:48:57.311+0000] {dag.py:3441} INFO - Setting next_dagrun for example_weekday_branch_operator to 2023-05-31T00:00:00+00:00, run_after=2023-06-01T00:00:00+00:00
[2023-06-01T08:48:57.331+0000] {processor.py:175} INFO - Processing /home/airflow/.local/lib/python3.7/site-packages/airflow/example_dags/example_branch_day_of_week_operator.py took 0.104 seconds
[2023-06-01T08:49:28.291+0000] {processor.py:153} INFO - Started process (PID=462) to work on /home/airflow/.local/lib/python3.7/site-packages/airflow/example_dags/example_branch_day_of_week_operator.py
[2023-06-01T08:49:28.292+0000] {processor.py:743} INFO - Processing file /home/airflow/.local/lib/python3.7/site-packages/airflow/example_dags/example_branch_day_of_week_operator.py for tasks to queue
[2023-06-01T08:49:28.292+0000] {logging_mixin.py:137} INFO - [2023-06-01T08:49:28.292+0000] {dagbag.py:538} INFO - Filling up the DagBag from /home/airflow/.local/lib/python3.7/site-packages/airflow/example_dags/example_branch_day_of_week_operator.py
[2023-06-01T08:49:28.308+0000] {processor.py:753} INFO - DAG(s) dict_keys(['example_weekday_branch_operator']) retrieved from /home/airflow/.local/lib/python3.7/site-packages/airflow/example_dags/example_branch_day_of_week_operator.py
[2023-06-01T08:49:28.335+0000] {logging_mixin.py:137} INFO - [2023-06-01T08:49:28.335+0000] {dag.py:2690} INFO - Sync 1 DAGs
[2023-06-01T08:49:28.358+0000] {logging_mixin.py:137} INFO - [2023-06-01T08:49:28.358+0000] {dag.py:3441} INFO - Setting next_dagrun for example_weekday_branch_operator to 2023-05-31T00:00:00+00:00, run_after=2023-06-01T00:00:00+00:00
[2023-06-01T08:49:28.376+0000] {processor.py:175} INFO - Processing /home/airflow/.local/lib/python3.7/site-packages/airflow/example_dags/example_branch_day_of_week_operator.py took 0.088 seconds
[2023-06-01T08:49:58.788+0000] {processor.py:153} INFO - Started process (PID=549) to work on /home/airflow/.local/lib/python3.7/site-packages/airflow/example_dags/example_branch_day_of_week_operator.py
[2023-06-01T08:49:58.789+0000] {processor.py:743} INFO - Processing file /home/airflow/.local/lib/python3.7/site-packages/airflow/example_dags/example_branch_day_of_week_operator.py for tasks to queue
[2023-06-01T08:49:58.790+0000] {logging_mixin.py:137} INFO - [2023-06-01T08:49:58.790+0000] {dagbag.py:538} INFO - Filling up the DagBag from /home/airflow/.local/lib/python3.7/site-packages/airflow/example_dags/example_branch_day_of_week_operator.py
[2023-06-01T08:49:58.805+0000] {processor.py:753} INFO - DAG(s) dict_keys(['example_weekday_branch_operator']) retrieved from /home/airflow/.local/lib/python3.7/site-packages/airflow/example_dags/example_branch_day_of_week_operator.py
[2023-06-01T08:49:58.834+0000] {logging_mixin.py:137} INFO - [2023-06-01T08:49:58.834+0000] {dag.py:2690} INFO - Sync 1 DAGs
[2023-06-01T08:49:58.857+0000] {logging_mixin.py:137} INFO - [2023-06-01T08:49:58.857+0000] {dag.py:3441} INFO - Setting next_dagrun for example_weekday_branch_operator to 2023-05-31T00:00:00+00:00, run_after=2023-06-01T00:00:00+00:00
[2023-06-01T08:49:58.878+0000] {processor.py:175} INFO - Processing /home/airflow/.local/lib/python3.7/site-packages/airflow/example_dags/example_branch_day_of_week_operator.py took 0.093 seconds
[2023-06-01T08:50:29.248+0000] {processor.py:153} INFO - Started process (PID=660) to work on /home/airflow/.local/lib/python3.7/site-packages/airflow/example_dags/example_branch_day_of_week_operator.py
[2023-06-01T08:50:29.249+0000] {processor.py:743} INFO - Processing file /home/airflow/.local/lib/python3.7/site-packages/airflow/example_dags/example_branch_day_of_week_operator.py for tasks to queue
[2023-06-01T08:50:29.249+0000] {logging_mixin.py:137} INFO - [2023-06-01T08:50:29.249+0000] {dagbag.py:538} INFO - Filling up the DagBag from /home/airflow/.local/lib/python3.7/site-packages/airflow/example_dags/example_branch_day_of_week_operator.py
[2023-06-01T08:50:29.265+0000] {processor.py:753} INFO - DAG(s) dict_keys(['example_weekday_branch_operator']) retrieved from /home/airflow/.local/lib/python3.7/site-packages/airflow/example_dags/example_branch_day_of_week_operator.py
[2023-06-01T08:50:29.292+0000] {logging_mixin.py:137} INFO - [2023-06-01T08:50:29.292+0000] {dag.py:2690} INFO - Sync 1 DAGs
[2023-06-01T08:50:29.322+0000] {logging_mixin.py:137} INFO - [2023-06-01T08:50:29.322+0000] {dag.py:3441} INFO - Setting next_dagrun for example_weekday_branch_operator to 2023-05-31T00:00:00+00:00, run_after=2023-06-01T00:00:00+00:00
[2023-06-01T08:50:29.345+0000] {processor.py:175} INFO - Processing /home/airflow/.local/lib/python3.7/site-packages/airflow/example_dags/example_branch_day_of_week_operator.py took 0.100 seconds
[2023-06-01T08:50:59.805+0000] {processor.py:153} INFO - Started process (PID=747) to work on /home/airflow/.local/lib/python3.7/site-packages/airflow/example_dags/example_branch_day_of_week_operator.py
[2023-06-01T08:50:59.807+0000] {processor.py:743} INFO - Processing file /home/airflow/.local/lib/python3.7/site-packages/airflow/example_dags/example_branch_day_of_week_operator.py for tasks to queue
[2023-06-01T08:50:59.807+0000] {logging_mixin.py:137} INFO - [2023-06-01T08:50:59.807+0000] {dagbag.py:538} INFO - Filling up the DagBag from /home/airflow/.local/lib/python3.7/site-packages/airflow/example_dags/example_branch_day_of_week_operator.py
[2023-06-01T08:50:59.823+0000] {processor.py:753} INFO - DAG(s) dict_keys(['example_weekday_branch_operator']) retrieved from /home/airflow/.local/lib/python3.7/site-packages/airflow/example_dags/example_branch_day_of_week_operator.py
[2023-06-01T08:50:59.851+0000] {logging_mixin.py:137} INFO - [2023-06-01T08:50:59.851+0000] {dag.py:2690} INFO - Sync 1 DAGs
[2023-06-01T08:50:59.877+0000] {logging_mixin.py:137} INFO - [2023-06-01T08:50:59.877+0000] {dag.py:3441} INFO - Setting next_dagrun for example_weekday_branch_operator to 2023-05-31T00:00:00+00:00, run_after=2023-06-01T00:00:00+00:00
[2023-06-01T08:50:59.896+0000] {processor.py:175} INFO - Processing /home/airflow/.local/lib/python3.7/site-packages/airflow/example_dags/example_branch_day_of_week_operator.py took 0.095 seconds
[2023-06-01T08:51:30.112+0000] {processor.py:153} INFO - Started process (PID=834) to work on /home/airflow/.local/lib/python3.7/site-packages/airflow/example_dags/example_branch_day_of_week_operator.py
[2023-06-01T08:51:30.114+0000] {processor.py:743} INFO - Processing file /home/airflow/.local/lib/python3.7/site-packages/airflow/example_dags/example_branch_day_of_week_operator.py for tasks to queue
[2023-06-01T08:51:30.114+0000] {logging_mixin.py:137} INFO - [2023-06-01T08:51:30.114+0000] {dagbag.py:538} INFO - Filling up the DagBag from /home/airflow/.local/lib/python3.7/site-packages/airflow/example_dags/example_branch_day_of_week_operator.py
[2023-06-01T08:51:30.131+0000] {processor.py:753} INFO - DAG(s) dict_keys(['example_weekday_branch_operator']) retrieved from /home/airflow/.local/lib/python3.7/site-packages/airflow/example_dags/example_branch_day_of_week_operator.py
[2023-06-01T08:51:30.165+0000] {logging_mixin.py:137} INFO - [2023-06-01T08:51:30.165+0000] {dag.py:2690} INFO - Sync 1 DAGs
[2023-06-01T08:51:30.193+0000] {logging_mixin.py:137} INFO - [2023-06-01T08:51:30.193+0000] {dag.py:3441} INFO - Setting next_dagrun for example_weekday_branch_operator to 2023-05-31T00:00:00+00:00, run_after=2023-06-01T00:00:00+00:00
[2023-06-01T08:51:30.214+0000] {processor.py:175} INFO - Processing /home/airflow/.local/lib/python3.7/site-packages/airflow/example_dags/example_branch_day_of_week_operator.py took 0.105 seconds
[2023-06-01T08:52:00.696+0000] {processor.py:153} INFO - Started process (PID=945) to work on /home/airflow/.local/lib/python3.7/site-packages/airflow/example_dags/example_branch_day_of_week_operator.py
[2023-06-01T08:52:00.696+0000] {processor.py:743} INFO - Processing file /home/airflow/.local/lib/python3.7/site-packages/airflow/example_dags/example_branch_day_of_week_operator.py for tasks to queue
[2023-06-01T08:52:00.697+0000] {logging_mixin.py:137} INFO - [2023-06-01T08:52:00.697+0000] {dagbag.py:538} INFO - Filling up the DagBag from /home/airflow/.local/lib/python3.7/site-packages/airflow/example_dags/example_branch_day_of_week_operator.py
[2023-06-01T08:52:00.712+0000] {processor.py:753} INFO - DAG(s) dict_keys(['example_weekday_branch_operator']) retrieved from /home/airflow/.local/lib/python3.7/site-packages/airflow/example_dags/example_branch_day_of_week_operator.py
[2023-06-01T08:52:00.741+0000] {logging_mixin.py:137} INFO - [2023-06-01T08:52:00.740+0000] {dag.py:2690} INFO - Sync 1 DAGs
[2023-06-01T08:52:00.764+0000] {logging_mixin.py:137} INFO - [2023-06-01T08:52:00.764+0000] {dag.py:3441} INFO - Setting next_dagrun for example_weekday_branch_operator to 2023-05-31T00:00:00+00:00, run_after=2023-06-01T00:00:00+00:00
[2023-06-01T08:52:00.785+0000] {processor.py:175} INFO - Processing /home/airflow/.local/lib/python3.7/site-packages/airflow/example_dags/example_branch_day_of_week_operator.py took 0.094 seconds
[2023-06-01T08:52:31.290+0000] {processor.py:153} INFO - Started process (PID=1032) to work on /home/airflow/.local/lib/python3.7/site-packages/airflow/example_dags/example_branch_day_of_week_operator.py
[2023-06-01T08:52:31.290+0000] {processor.py:743} INFO - Processing file /home/airflow/.local/lib/python3.7/site-packages/airflow/example_dags/example_branch_day_of_week_operator.py for tasks to queue
[2023-06-01T08:52:31.291+0000] {logging_mixin.py:137} INFO - [2023-06-01T08:52:31.291+0000] {dagbag.py:538} INFO - Filling up the DagBag from /home/airflow/.local/lib/python3.7/site-packages/airflow/example_dags/example_branch_day_of_week_operator.py
[2023-06-01T08:52:31.307+0000] {processor.py:753} INFO - DAG(s) dict_keys(['example_weekday_branch_operator']) retrieved from /home/airflow/.local/lib/python3.7/site-packages/airflow/example_dags/example_branch_day_of_week_operator.py
[2023-06-01T08:52:31.338+0000] {logging_mixin.py:137} INFO - [2023-06-01T08:52:31.338+0000] {dag.py:2690} INFO - Sync 1 DAGs
[2023-06-01T08:52:31.368+0000] {logging_mixin.py:137} INFO - [2023-06-01T08:52:31.368+0000] {dag.py:3441} INFO - Setting next_dagrun for example_weekday_branch_operator to 2023-05-31T00:00:00+00:00, run_after=2023-06-01T00:00:00+00:00
[2023-06-01T08:52:31.388+0000] {processor.py:175} INFO - Processing /home/airflow/.local/lib/python3.7/site-packages/airflow/example_dags/example_branch_day_of_week_operator.py took 0.102 seconds
[2023-06-01T08:53:01.655+0000] {processor.py:153} INFO - Started process (PID=1119) to work on /home/airflow/.local/lib/python3.7/site-packages/airflow/example_dags/example_branch_day_of_week_operator.py
[2023-06-01T08:53:01.657+0000] {processor.py:743} INFO - Processing file /home/airflow/.local/lib/python3.7/site-packages/airflow/example_dags/example_branch_day_of_week_operator.py for tasks to queue
[2023-06-01T08:53:01.658+0000] {logging_mixin.py:137} INFO - [2023-06-01T08:53:01.657+0000] {dagbag.py:538} INFO - Filling up the DagBag from /home/airflow/.local/lib/python3.7/site-packages/airflow/example_dags/example_branch_day_of_week_operator.py
[2023-06-01T08:53:01.673+0000] {processor.py:753} INFO - DAG(s) dict_keys(['example_weekday_branch_operator']) retrieved from /home/airflow/.local/lib/python3.7/site-packages/airflow/example_dags/example_branch_day_of_week_operator.py
[2023-06-01T08:53:01.706+0000] {logging_mixin.py:137} INFO - [2023-06-01T08:53:01.706+0000] {dag.py:2690} INFO - Sync 1 DAGs
[2023-06-01T08:53:01.739+0000] {logging_mixin.py:137} INFO - [2023-06-01T08:53:01.738+0000] {dag.py:3441} INFO - Setting next_dagrun for example_weekday_branch_operator to 2023-05-31T00:00:00+00:00, run_after=2023-06-01T00:00:00+00:00
[2023-06-01T08:53:01.760+0000] {processor.py:175} INFO - Processing /home/airflow/.local/lib/python3.7/site-packages/airflow/example_dags/example_branch_day_of_week_operator.py took 0.109 seconds
[2023-06-01T08:53:32.803+0000] {processor.py:153} INFO - Started process (PID=1230) to work on /home/airflow/.local/lib/python3.7/site-packages/airflow/example_dags/example_branch_day_of_week_operator.py
[2023-06-01T08:53:32.804+0000] {processor.py:743} INFO - Processing file /home/airflow/.local/lib/python3.7/site-packages/airflow/example_dags/example_branch_day_of_week_operator.py for tasks to queue
[2023-06-01T08:53:32.805+0000] {logging_mixin.py:137} INFO - [2023-06-01T08:53:32.805+0000] {dagbag.py:538} INFO - Filling up the DagBag from /home/airflow/.local/lib/python3.7/site-packages/airflow/example_dags/example_branch_day_of_week_operator.py
[2023-06-01T08:53:32.824+0000] {processor.py:753} INFO - DAG(s) dict_keys(['example_weekday_branch_operator']) retrieved from /home/airflow/.local/lib/python3.7/site-packages/airflow/example_dags/example_branch_day_of_week_operator.py
[2023-06-01T08:53:32.854+0000] {logging_mixin.py:137} INFO - [2023-06-01T08:53:32.854+0000] {dag.py:2690} INFO - Sync 1 DAGs
[2023-06-01T08:53:32.883+0000] {logging_mixin.py:137} INFO - [2023-06-01T08:53:32.883+0000] {dag.py:3441} INFO - Setting next_dagrun for example_weekday_branch_operator to 2023-05-31T00:00:00+00:00, run_after=2023-06-01T00:00:00+00:00
[2023-06-01T08:53:32.902+0000] {processor.py:175} INFO - Processing /home/airflow/.local/lib/python3.7/site-packages/airflow/example_dags/example_branch_day_of_week_operator.py took 0.102 seconds
[2023-06-01T08:54:02.966+0000] {processor.py:153} INFO - Started process (PID=1317) to work on /home/airflow/.local/lib/python3.7/site-packages/airflow/example_dags/example_branch_day_of_week_operator.py
[2023-06-01T08:54:02.967+0000] {processor.py:743} INFO - Processing file /home/airflow/.local/lib/python3.7/site-packages/airflow/example_dags/example_branch_day_of_week_operator.py for tasks to queue
[2023-06-01T08:54:02.968+0000] {logging_mixin.py:137} INFO - [2023-06-01T08:54:02.967+0000] {dagbag.py:538} INFO - Filling up the DagBag from /home/airflow/.local/lib/python3.7/site-packages/airflow/example_dags/example_branch_day_of_week_operator.py
[2023-06-01T08:54:02.984+0000] {processor.py:753} INFO - DAG(s) dict_keys(['example_weekday_branch_operator']) retrieved from /home/airflow/.local/lib/python3.7/site-packages/airflow/example_dags/example_branch_day_of_week_operator.py
[2023-06-01T08:54:03.014+0000] {logging_mixin.py:137} INFO - [2023-06-01T08:54:03.013+0000] {dag.py:2690} INFO - Sync 1 DAGs
[2023-06-01T08:54:03.045+0000] {logging_mixin.py:137} INFO - [2023-06-01T08:54:03.045+0000] {dag.py:3441} INFO - Setting next_dagrun for example_weekday_branch_operator to 2023-05-31T00:00:00+00:00, run_after=2023-06-01T00:00:00+00:00
[2023-06-01T08:54:03.069+0000] {processor.py:175} INFO - Processing /home/airflow/.local/lib/python3.7/site-packages/airflow/example_dags/example_branch_day_of_week_operator.py took 0.107 seconds
[2023-06-01T08:54:33.171+0000] {processor.py:153} INFO - Started process (PID=1404) to work on /home/airflow/.local/lib/python3.7/site-packages/airflow/example_dags/example_branch_day_of_week_operator.py
[2023-06-01T08:54:33.173+0000] {processor.py:743} INFO - Processing file /home/airflow/.local/lib/python3.7/site-packages/airflow/example_dags/example_branch_day_of_week_operator.py for tasks to queue
[2023-06-01T08:54:33.174+0000] {logging_mixin.py:137} INFO - [2023-06-01T08:54:33.173+0000] {dagbag.py:538} INFO - Filling up the DagBag from /home/airflow/.local/lib/python3.7/site-packages/airflow/example_dags/example_branch_day_of_week_operator.py
[2023-06-01T08:54:33.188+0000] {processor.py:753} INFO - DAG(s) dict_keys(['example_weekday_branch_operator']) retrieved from /home/airflow/.local/lib/python3.7/site-packages/airflow/example_dags/example_branch_day_of_week_operator.py
[2023-06-01T08:54:33.217+0000] {logging_mixin.py:137} INFO - [2023-06-01T08:54:33.217+0000] {dag.py:2690} INFO - Sync 1 DAGs
[2023-06-01T08:54:33.245+0000] {logging_mixin.py:137} INFO - [2023-06-01T08:54:33.245+0000] {dag.py:3441} INFO - Setting next_dagrun for example_weekday_branch_operator to 2023-05-31T00:00:00+00:00, run_after=2023-06-01T00:00:00+00:00
[2023-06-01T08:54:33.265+0000] {processor.py:175} INFO - Processing /home/airflow/.local/lib/python3.7/site-packages/airflow/example_dags/example_branch_day_of_week_operator.py took 0.097 seconds
[2023-06-01T08:55:03.652+0000] {processor.py:153} INFO - Started process (PID=1500) to work on /home/airflow/.local/lib/python3.7/site-packages/airflow/example_dags/example_branch_day_of_week_operator.py
[2023-06-01T08:55:03.653+0000] {processor.py:743} INFO - Processing file /home/airflow/.local/lib/python3.7/site-packages/airflow/example_dags/example_branch_day_of_week_operator.py for tasks to queue
[2023-06-01T08:55:03.653+0000] {logging_mixin.py:137} INFO - [2023-06-01T08:55:03.653+0000] {dagbag.py:538} INFO - Filling up the DagBag from /home/airflow/.local/lib/python3.7/site-packages/airflow/example_dags/example_branch_day_of_week_operator.py
[2023-06-01T08:55:03.672+0000] {processor.py:753} INFO - DAG(s) dict_keys(['example_weekday_branch_operator']) retrieved from /home/airflow/.local/lib/python3.7/site-packages/airflow/example_dags/example_branch_day_of_week_operator.py
[2023-06-01T08:55:03.700+0000] {logging_mixin.py:137} INFO - [2023-06-01T08:55:03.700+0000] {dag.py:2690} INFO - Sync 1 DAGs
[2023-06-01T08:55:03.738+0000] {logging_mixin.py:137} INFO - [2023-06-01T08:55:03.738+0000] {dag.py:3441} INFO - Setting next_dagrun for example_weekday_branch_operator to 2023-05-31T00:00:00+00:00, run_after=2023-06-01T00:00:00+00:00
[2023-06-01T08:55:03.763+0000] {processor.py:175} INFO - Processing /home/airflow/.local/lib/python3.7/site-packages/airflow/example_dags/example_branch_day_of_week_operator.py took 0.116 seconds
[2023-06-01T08:55:34.793+0000] {processor.py:153} INFO - Started process (PID=1602) to work on /home/airflow/.local/lib/python3.7/site-packages/airflow/example_dags/example_branch_day_of_week_operator.py
[2023-06-01T08:55:34.795+0000] {processor.py:743} INFO - Processing file /home/airflow/.local/lib/python3.7/site-packages/airflow/example_dags/example_branch_day_of_week_operator.py for tasks to queue
[2023-06-01T08:55:34.795+0000] {logging_mixin.py:137} INFO - [2023-06-01T08:55:34.795+0000] {dagbag.py:538} INFO - Filling up the DagBag from /home/airflow/.local/lib/python3.7/site-packages/airflow/example_dags/example_branch_day_of_week_operator.py
[2023-06-01T08:55:34.811+0000] {processor.py:753} INFO - DAG(s) dict_keys(['example_weekday_branch_operator']) retrieved from /home/airflow/.local/lib/python3.7/site-packages/airflow/example_dags/example_branch_day_of_week_operator.py
[2023-06-01T08:55:34.844+0000] {logging_mixin.py:137} INFO - [2023-06-01T08:55:34.844+0000] {dag.py:2690} INFO - Sync 1 DAGs
[2023-06-01T08:55:34.872+0000] {logging_mixin.py:137} INFO - [2023-06-01T08:55:34.872+0000] {dag.py:3441} INFO - Setting next_dagrun for example_weekday_branch_operator to 2023-05-31T00:00:00+00:00, run_after=2023-06-01T00:00:00+00:00
[2023-06-01T08:55:34.900+0000] {processor.py:175} INFO - Processing /home/airflow/.local/lib/python3.7/site-packages/airflow/example_dags/example_branch_day_of_week_operator.py took 0.110 seconds
[2023-06-01T08:56:05.873+0000] {processor.py:153} INFO - Started process (PID=1689) to work on /home/airflow/.local/lib/python3.7/site-packages/airflow/example_dags/example_branch_day_of_week_operator.py
[2023-06-01T08:56:05.874+0000] {processor.py:743} INFO - Processing file /home/airflow/.local/lib/python3.7/site-packages/airflow/example_dags/example_branch_day_of_week_operator.py for tasks to queue
[2023-06-01T08:56:05.875+0000] {logging_mixin.py:137} INFO - [2023-06-01T08:56:05.875+0000] {dagbag.py:538} INFO - Filling up the DagBag from /home/airflow/.local/lib/python3.7/site-packages/airflow/example_dags/example_branch_day_of_week_operator.py
[2023-06-01T08:56:05.890+0000] {processor.py:753} INFO - DAG(s) dict_keys(['example_weekday_branch_operator']) retrieved from /home/airflow/.local/lib/python3.7/site-packages/airflow/example_dags/example_branch_day_of_week_operator.py
[2023-06-01T08:56:05.919+0000] {logging_mixin.py:137} INFO - [2023-06-01T08:56:05.919+0000] {dag.py:2690} INFO - Sync 1 DAGs
[2023-06-01T08:56:05.945+0000] {logging_mixin.py:137} INFO - [2023-06-01T08:56:05.945+0000] {dag.py:3441} INFO - Setting next_dagrun for example_weekday_branch_operator to 2023-05-31T00:00:00+00:00, run_after=2023-06-01T00:00:00+00:00
[2023-06-01T08:56:05.964+0000] {processor.py:175} INFO - Processing /home/airflow/.local/lib/python3.7/site-packages/airflow/example_dags/example_branch_day_of_week_operator.py took 0.094 seconds
[2023-06-01T08:56:36.292+0000] {processor.py:153} INFO - Started process (PID=1783) to work on /home/airflow/.local/lib/python3.7/site-packages/airflow/example_dags/example_branch_day_of_week_operator.py
[2023-06-01T08:56:36.293+0000] {processor.py:743} INFO - Processing file /home/airflow/.local/lib/python3.7/site-packages/airflow/example_dags/example_branch_day_of_week_operator.py for tasks to queue
[2023-06-01T08:56:36.294+0000] {logging_mixin.py:137} INFO - [2023-06-01T08:56:36.294+0000] {dagbag.py:538} INFO - Filling up the DagBag from /home/airflow/.local/lib/python3.7/site-packages/airflow/example_dags/example_branch_day_of_week_operator.py
[2023-06-01T08:56:36.311+0000] {processor.py:753} INFO - DAG(s) dict_keys(['example_weekday_branch_operator']) retrieved from /home/airflow/.local/lib/python3.7/site-packages/airflow/example_dags/example_branch_day_of_week_operator.py
[2023-06-01T08:56:36.340+0000] {logging_mixin.py:137} INFO - [2023-06-01T08:56:36.340+0000] {dag.py:2690} INFO - Sync 1 DAGs
[2023-06-01T08:56:36.367+0000] {logging_mixin.py:137} INFO - [2023-06-01T08:56:36.366+0000] {dag.py:3441} INFO - Setting next_dagrun for example_weekday_branch_operator to 2023-05-31T00:00:00+00:00, run_after=2023-06-01T00:00:00+00:00
[2023-06-01T08:56:36.385+0000] {processor.py:175} INFO - Processing /home/airflow/.local/lib/python3.7/site-packages/airflow/example_dags/example_branch_day_of_week_operator.py took 0.097 seconds
[2023-06-01T08:57:07.293+0000] {processor.py:153} INFO - Started process (PID=1887) to work on /home/airflow/.local/lib/python3.7/site-packages/airflow/example_dags/example_branch_day_of_week_operator.py
[2023-06-01T08:57:07.294+0000] {processor.py:743} INFO - Processing file /home/airflow/.local/lib/python3.7/site-packages/airflow/example_dags/example_branch_day_of_week_operator.py for tasks to queue
[2023-06-01T08:57:07.295+0000] {logging_mixin.py:137} INFO - [2023-06-01T08:57:07.295+0000] {dagbag.py:538} INFO - Filling up the DagBag from /home/airflow/.local/lib/python3.7/site-packages/airflow/example_dags/example_branch_day_of_week_operator.py
[2023-06-01T08:57:07.314+0000] {processor.py:753} INFO - DAG(s) dict_keys(['example_weekday_branch_operator']) retrieved from /home/airflow/.local/lib/python3.7/site-packages/airflow/example_dags/example_branch_day_of_week_operator.py
[2023-06-01T08:57:07.345+0000] {logging_mixin.py:137} INFO - [2023-06-01T08:57:07.345+0000] {dag.py:2690} INFO - Sync 1 DAGs
[2023-06-01T08:57:07.373+0000] {logging_mixin.py:137} INFO - [2023-06-01T08:57:07.372+0000] {dag.py:3441} INFO - Setting next_dagrun for example_weekday_branch_operator to 2023-05-31T00:00:00+00:00, run_after=2023-06-01T00:00:00+00:00
[2023-06-01T08:57:07.391+0000] {processor.py:175} INFO - Processing /home/airflow/.local/lib/python3.7/site-packages/airflow/example_dags/example_branch_day_of_week_operator.py took 0.101 seconds
[2023-06-01T08:57:37.751+0000] {processor.py:153} INFO - Started process (PID=1974) to work on /home/airflow/.local/lib/python3.7/site-packages/airflow/example_dags/example_branch_day_of_week_operator.py
[2023-06-01T08:57:37.752+0000] {processor.py:743} INFO - Processing file /home/airflow/.local/lib/python3.7/site-packages/airflow/example_dags/example_branch_day_of_week_operator.py for tasks to queue
[2023-06-01T08:57:37.754+0000] {logging_mixin.py:137} INFO - [2023-06-01T08:57:37.754+0000] {dagbag.py:538} INFO - Filling up the DagBag from /home/airflow/.local/lib/python3.7/site-packages/airflow/example_dags/example_branch_day_of_week_operator.py
[2023-06-01T08:57:37.769+0000] {processor.py:753} INFO - DAG(s) dict_keys(['example_weekday_branch_operator']) retrieved from /home/airflow/.local/lib/python3.7/site-packages/airflow/example_dags/example_branch_day_of_week_operator.py
[2023-06-01T08:57:37.801+0000] {logging_mixin.py:137} INFO - [2023-06-01T08:57:37.801+0000] {dag.py:2690} INFO - Sync 1 DAGs
[2023-06-01T08:57:37.831+0000] {logging_mixin.py:137} INFO - [2023-06-01T08:57:37.830+0000] {dag.py:3441} INFO - Setting next_dagrun for example_weekday_branch_operator to 2023-05-31T00:00:00+00:00, run_after=2023-06-01T00:00:00+00:00
[2023-06-01T08:57:37.855+0000] {processor.py:175} INFO - Processing /home/airflow/.local/lib/python3.7/site-packages/airflow/example_dags/example_branch_day_of_week_operator.py took 0.108 seconds
[2023-06-01T08:58:08.887+0000] {processor.py:153} INFO - Started process (PID=2061) to work on /home/airflow/.local/lib/python3.7/site-packages/airflow/example_dags/example_branch_day_of_week_operator.py
[2023-06-01T08:58:08.887+0000] {processor.py:743} INFO - Processing file /home/airflow/.local/lib/python3.7/site-packages/airflow/example_dags/example_branch_day_of_week_operator.py for tasks to queue
[2023-06-01T08:58:08.888+0000] {logging_mixin.py:137} INFO - [2023-06-01T08:58:08.888+0000] {dagbag.py:538} INFO - Filling up the DagBag from /home/airflow/.local/lib/python3.7/site-packages/airflow/example_dags/example_branch_day_of_week_operator.py
[2023-06-01T08:58:08.904+0000] {processor.py:753} INFO - DAG(s) dict_keys(['example_weekday_branch_operator']) retrieved from /home/airflow/.local/lib/python3.7/site-packages/airflow/example_dags/example_branch_day_of_week_operator.py
[2023-06-01T08:58:08.940+0000] {logging_mixin.py:137} INFO - [2023-06-01T08:58:08.940+0000] {dag.py:2690} INFO - Sync 1 DAGs
[2023-06-01T08:58:08.972+0000] {logging_mixin.py:137} INFO - [2023-06-01T08:58:08.972+0000] {dag.py:3441} INFO - Setting next_dagrun for example_weekday_branch_operator to 2023-05-31T00:00:00+00:00, run_after=2023-06-01T00:00:00+00:00
[2023-06-01T08:58:08.998+0000] {processor.py:175} INFO - Processing /home/airflow/.local/lib/python3.7/site-packages/airflow/example_dags/example_branch_day_of_week_operator.py took 0.115 seconds
[2023-06-01T08:58:39.218+0000] {processor.py:153} INFO - Started process (PID=2172) to work on /home/airflow/.local/lib/python3.7/site-packages/airflow/example_dags/example_branch_day_of_week_operator.py
[2023-06-01T08:58:39.220+0000] {processor.py:743} INFO - Processing file /home/airflow/.local/lib/python3.7/site-packages/airflow/example_dags/example_branch_day_of_week_operator.py for tasks to queue
[2023-06-01T08:58:39.221+0000] {logging_mixin.py:137} INFO - [2023-06-01T08:58:39.220+0000] {dagbag.py:538} INFO - Filling up the DagBag from /home/airflow/.local/lib/python3.7/site-packages/airflow/example_dags/example_branch_day_of_week_operator.py
[2023-06-01T08:58:39.236+0000] {processor.py:753} INFO - DAG(s) dict_keys(['example_weekday_branch_operator']) retrieved from /home/airflow/.local/lib/python3.7/site-packages/airflow/example_dags/example_branch_day_of_week_operator.py
[2023-06-01T08:58:39.266+0000] {logging_mixin.py:137} INFO - [2023-06-01T08:58:39.266+0000] {dag.py:2690} INFO - Sync 1 DAGs
[2023-06-01T08:58:39.296+0000] {logging_mixin.py:137} INFO - [2023-06-01T08:58:39.295+0000] {dag.py:3441} INFO - Setting next_dagrun for example_weekday_branch_operator to 2023-05-31T00:00:00+00:00, run_after=2023-06-01T00:00:00+00:00
[2023-06-01T08:58:39.315+0000] {processor.py:175} INFO - Processing /home/airflow/.local/lib/python3.7/site-packages/airflow/example_dags/example_branch_day_of_week_operator.py took 0.102 seconds
[2023-06-01T08:59:10.009+0000] {processor.py:153} INFO - Started process (PID=2259) to work on /home/airflow/.local/lib/python3.7/site-packages/airflow/example_dags/example_branch_day_of_week_operator.py
[2023-06-01T08:59:10.010+0000] {processor.py:743} INFO - Processing file /home/airflow/.local/lib/python3.7/site-packages/airflow/example_dags/example_branch_day_of_week_operator.py for tasks to queue
[2023-06-01T08:59:10.011+0000] {logging_mixin.py:137} INFO - [2023-06-01T08:59:10.011+0000] {dagbag.py:538} INFO - Filling up the DagBag from /home/airflow/.local/lib/python3.7/site-packages/airflow/example_dags/example_branch_day_of_week_operator.py
[2023-06-01T08:59:10.026+0000] {processor.py:753} INFO - DAG(s) dict_keys(['example_weekday_branch_operator']) retrieved from /home/airflow/.local/lib/python3.7/site-packages/airflow/example_dags/example_branch_day_of_week_operator.py
[2023-06-01T08:59:10.062+0000] {logging_mixin.py:137} INFO - [2023-06-01T08:59:10.062+0000] {dag.py:2690} INFO - Sync 1 DAGs
[2023-06-01T08:59:10.094+0000] {logging_mixin.py:137} INFO - [2023-06-01T08:59:10.094+0000] {dag.py:3441} INFO - Setting next_dagrun for example_weekday_branch_operator to 2023-05-31T00:00:00+00:00, run_after=2023-06-01T00:00:00+00:00
[2023-06-01T08:59:10.120+0000] {processor.py:175} INFO - Processing /home/airflow/.local/lib/python3.7/site-packages/airflow/example_dags/example_branch_day_of_week_operator.py took 0.114 seconds
[2023-06-01T08:59:40.463+0000] {processor.py:153} INFO - Started process (PID=2346) to work on /home/airflow/.local/lib/python3.7/site-packages/airflow/example_dags/example_branch_day_of_week_operator.py
[2023-06-01T08:59:40.465+0000] {processor.py:743} INFO - Processing file /home/airflow/.local/lib/python3.7/site-packages/airflow/example_dags/example_branch_day_of_week_operator.py for tasks to queue
[2023-06-01T08:59:40.466+0000] {logging_mixin.py:137} INFO - [2023-06-01T08:59:40.466+0000] {dagbag.py:538} INFO - Filling up the DagBag from /home/airflow/.local/lib/python3.7/site-packages/airflow/example_dags/example_branch_day_of_week_operator.py
[2023-06-01T08:59:40.483+0000] {processor.py:753} INFO - DAG(s) dict_keys(['example_weekday_branch_operator']) retrieved from /home/airflow/.local/lib/python3.7/site-packages/airflow/example_dags/example_branch_day_of_week_operator.py
[2023-06-01T08:59:40.514+0000] {logging_mixin.py:137} INFO - [2023-06-01T08:59:40.514+0000] {dag.py:2690} INFO - Sync 1 DAGs
[2023-06-01T08:59:40.543+0000] {logging_mixin.py:137} INFO - [2023-06-01T08:59:40.543+0000] {dag.py:3441} INFO - Setting next_dagrun for example_weekday_branch_operator to 2023-05-31T00:00:00+00:00, run_after=2023-06-01T00:00:00+00:00
[2023-06-01T08:59:40.565+0000] {processor.py:175} INFO - Processing /home/airflow/.local/lib/python3.7/site-packages/airflow/example_dags/example_branch_day_of_week_operator.py took 0.106 seconds
[2023-06-01T09:00:11.371+0000] {processor.py:153} INFO - Started process (PID=2442) to work on /home/airflow/.local/lib/python3.7/site-packages/airflow/example_dags/example_branch_day_of_week_operator.py
[2023-06-01T09:00:11.372+0000] {processor.py:743} INFO - Processing file /home/airflow/.local/lib/python3.7/site-packages/airflow/example_dags/example_branch_day_of_week_operator.py for tasks to queue
[2023-06-01T09:00:11.373+0000] {logging_mixin.py:137} INFO - [2023-06-01T09:00:11.373+0000] {dagbag.py:538} INFO - Filling up the DagBag from /home/airflow/.local/lib/python3.7/site-packages/airflow/example_dags/example_branch_day_of_week_operator.py
[2023-06-01T09:00:11.389+0000] {processor.py:753} INFO - DAG(s) dict_keys(['example_weekday_branch_operator']) retrieved from /home/airflow/.local/lib/python3.7/site-packages/airflow/example_dags/example_branch_day_of_week_operator.py
[2023-06-01T09:00:11.425+0000] {logging_mixin.py:137} INFO - [2023-06-01T09:00:11.425+0000] {dag.py:2690} INFO - Sync 1 DAGs
[2023-06-01T09:00:11.454+0000] {logging_mixin.py:137} INFO - [2023-06-01T09:00:11.453+0000] {dag.py:3441} INFO - Setting next_dagrun for example_weekday_branch_operator to 2023-05-31T00:00:00+00:00, run_after=2023-06-01T00:00:00+00:00
[2023-06-01T09:00:11.475+0000] {processor.py:175} INFO - Processing /home/airflow/.local/lib/python3.7/site-packages/airflow/example_dags/example_branch_day_of_week_operator.py took 0.108 seconds
[2023-06-01T09:00:42.536+0000] {processor.py:153} INFO - Started process (PID=2544) to work on /home/airflow/.local/lib/python3.7/site-packages/airflow/example_dags/example_branch_day_of_week_operator.py
[2023-06-01T09:00:42.539+0000] {processor.py:743} INFO - Processing file /home/airflow/.local/lib/python3.7/site-packages/airflow/example_dags/example_branch_day_of_week_operator.py for tasks to queue
[2023-06-01T09:00:42.540+0000] {logging_mixin.py:137} INFO - [2023-06-01T09:00:42.540+0000] {dagbag.py:538} INFO - Filling up the DagBag from /home/airflow/.local/lib/python3.7/site-packages/airflow/example_dags/example_branch_day_of_week_operator.py
[2023-06-01T09:00:42.557+0000] {processor.py:753} INFO - DAG(s) dict_keys(['example_weekday_branch_operator']) retrieved from /home/airflow/.local/lib/python3.7/site-packages/airflow/example_dags/example_branch_day_of_week_operator.py
[2023-06-01T09:00:42.597+0000] {logging_mixin.py:137} INFO - [2023-06-01T09:00:42.597+0000] {dag.py:2690} INFO - Sync 1 DAGs
[2023-06-01T09:00:42.636+0000] {logging_mixin.py:137} INFO - [2023-06-01T09:00:42.636+0000] {dag.py:3441} INFO - Setting next_dagrun for example_weekday_branch_operator to 2023-05-31T00:00:00+00:00, run_after=2023-06-01T00:00:00+00:00
[2023-06-01T09:00:42.668+0000] {processor.py:175} INFO - Processing /home/airflow/.local/lib/python3.7/site-packages/airflow/example_dags/example_branch_day_of_week_operator.py took 0.135 seconds
[2023-06-01T09:01:13.115+0000] {processor.py:153} INFO - Started process (PID=2631) to work on /home/airflow/.local/lib/python3.7/site-packages/airflow/example_dags/example_branch_day_of_week_operator.py
[2023-06-01T09:01:13.115+0000] {processor.py:743} INFO - Processing file /home/airflow/.local/lib/python3.7/site-packages/airflow/example_dags/example_branch_day_of_week_operator.py for tasks to queue
[2023-06-01T09:01:13.116+0000] {logging_mixin.py:137} INFO - [2023-06-01T09:01:13.116+0000] {dagbag.py:538} INFO - Filling up the DagBag from /home/airflow/.local/lib/python3.7/site-packages/airflow/example_dags/example_branch_day_of_week_operator.py
[2023-06-01T09:01:13.132+0000] {processor.py:753} INFO - DAG(s) dict_keys(['example_weekday_branch_operator']) retrieved from /home/airflow/.local/lib/python3.7/site-packages/airflow/example_dags/example_branch_day_of_week_operator.py
[2023-06-01T09:01:13.171+0000] {logging_mixin.py:137} INFO - [2023-06-01T09:01:13.170+0000] {dag.py:2690} INFO - Sync 1 DAGs
[2023-06-01T09:01:13.208+0000] {logging_mixin.py:137} INFO - [2023-06-01T09:01:13.207+0000] {dag.py:3441} INFO - Setting next_dagrun for example_weekday_branch_operator to 2023-05-31T00:00:00+00:00, run_after=2023-06-01T00:00:00+00:00
[2023-06-01T09:01:13.239+0000] {processor.py:175} INFO - Processing /home/airflow/.local/lib/python3.7/site-packages/airflow/example_dags/example_branch_day_of_week_operator.py took 0.128 seconds
[2023-06-01T09:01:44.003+0000] {processor.py:153} INFO - Started process (PID=2718) to work on /home/airflow/.local/lib/python3.7/site-packages/airflow/example_dags/example_branch_day_of_week_operator.py
[2023-06-01T09:01:44.005+0000] {processor.py:743} INFO - Processing file /home/airflow/.local/lib/python3.7/site-packages/airflow/example_dags/example_branch_day_of_week_operator.py for tasks to queue
[2023-06-01T09:01:44.006+0000] {logging_mixin.py:137} INFO - [2023-06-01T09:01:44.005+0000] {dagbag.py:538} INFO - Filling up the DagBag from /home/airflow/.local/lib/python3.7/site-packages/airflow/example_dags/example_branch_day_of_week_operator.py
[2023-06-01T09:01:44.024+0000] {processor.py:753} INFO - DAG(s) dict_keys(['example_weekday_branch_operator']) retrieved from /home/airflow/.local/lib/python3.7/site-packages/airflow/example_dags/example_branch_day_of_week_operator.py
[2023-06-01T09:01:44.059+0000] {logging_mixin.py:137} INFO - [2023-06-01T09:01:44.058+0000] {dag.py:2690} INFO - Sync 1 DAGs
[2023-06-01T09:01:44.091+0000] {logging_mixin.py:137} INFO - [2023-06-01T09:01:44.091+0000] {dag.py:3441} INFO - Setting next_dagrun for example_weekday_branch_operator to 2023-05-31T00:00:00+00:00, run_after=2023-06-01T00:00:00+00:00
[2023-06-01T09:01:44.116+0000] {processor.py:175} INFO - Processing /home/airflow/.local/lib/python3.7/site-packages/airflow/example_dags/example_branch_day_of_week_operator.py took 0.118 seconds
[2023-06-01T09:02:14.655+0000] {processor.py:153} INFO - Started process (PID=2829) to work on /home/airflow/.local/lib/python3.7/site-packages/airflow/example_dags/example_branch_day_of_week_operator.py
[2023-06-01T09:02:14.656+0000] {processor.py:743} INFO - Processing file /home/airflow/.local/lib/python3.7/site-packages/airflow/example_dags/example_branch_day_of_week_operator.py for tasks to queue
[2023-06-01T09:02:14.657+0000] {logging_mixin.py:137} INFO - [2023-06-01T09:02:14.657+0000] {dagbag.py:538} INFO - Filling up the DagBag from /home/airflow/.local/lib/python3.7/site-packages/airflow/example_dags/example_branch_day_of_week_operator.py
[2023-06-01T09:02:14.674+0000] {processor.py:753} INFO - DAG(s) dict_keys(['example_weekday_branch_operator']) retrieved from /home/airflow/.local/lib/python3.7/site-packages/airflow/example_dags/example_branch_day_of_week_operator.py
[2023-06-01T09:02:14.707+0000] {logging_mixin.py:137} INFO - [2023-06-01T09:02:14.707+0000] {dag.py:2690} INFO - Sync 1 DAGs
[2023-06-01T09:02:14.740+0000] {logging_mixin.py:137} INFO - [2023-06-01T09:02:14.739+0000] {dag.py:3441} INFO - Setting next_dagrun for example_weekday_branch_operator to 2023-05-31T00:00:00+00:00, run_after=2023-06-01T00:00:00+00:00
[2023-06-01T09:02:14.760+0000] {processor.py:175} INFO - Processing /home/airflow/.local/lib/python3.7/site-packages/airflow/example_dags/example_branch_day_of_week_operator.py took 0.109 seconds
[2023-06-01T09:02:45.004+0000] {processor.py:153} INFO - Started process (PID=2916) to work on /home/airflow/.local/lib/python3.7/site-packages/airflow/example_dags/example_branch_day_of_week_operator.py
[2023-06-01T09:02:45.006+0000] {processor.py:743} INFO - Processing file /home/airflow/.local/lib/python3.7/site-packages/airflow/example_dags/example_branch_day_of_week_operator.py for tasks to queue
[2023-06-01T09:02:45.006+0000] {logging_mixin.py:137} INFO - [2023-06-01T09:02:45.006+0000] {dagbag.py:538} INFO - Filling up the DagBag from /home/airflow/.local/lib/python3.7/site-packages/airflow/example_dags/example_branch_day_of_week_operator.py
[2023-06-01T09:02:45.022+0000] {processor.py:753} INFO - DAG(s) dict_keys(['example_weekday_branch_operator']) retrieved from /home/airflow/.local/lib/python3.7/site-packages/airflow/example_dags/example_branch_day_of_week_operator.py
[2023-06-01T09:02:45.051+0000] {logging_mixin.py:137} INFO - [2023-06-01T09:02:45.051+0000] {dag.py:2690} INFO - Sync 1 DAGs
[2023-06-01T09:02:45.078+0000] {logging_mixin.py:137} INFO - [2023-06-01T09:02:45.077+0000] {dag.py:3441} INFO - Setting next_dagrun for example_weekday_branch_operator to 2023-05-31T00:00:00+00:00, run_after=2023-06-01T00:00:00+00:00
[2023-06-01T09:02:45.095+0000] {processor.py:175} INFO - Processing /home/airflow/.local/lib/python3.7/site-packages/airflow/example_dags/example_branch_day_of_week_operator.py took 0.094 seconds
[2023-06-01T09:03:15.236+0000] {processor.py:153} INFO - Started process (PID=3003) to work on /home/airflow/.local/lib/python3.7/site-packages/airflow/example_dags/example_branch_day_of_week_operator.py
[2023-06-01T09:03:15.237+0000] {processor.py:743} INFO - Processing file /home/airflow/.local/lib/python3.7/site-packages/airflow/example_dags/example_branch_day_of_week_operator.py for tasks to queue
[2023-06-01T09:03:15.237+0000] {logging_mixin.py:137} INFO - [2023-06-01T09:03:15.237+0000] {dagbag.py:538} INFO - Filling up the DagBag from /home/airflow/.local/lib/python3.7/site-packages/airflow/example_dags/example_branch_day_of_week_operator.py
[2023-06-01T09:03:15.252+0000] {processor.py:753} INFO - DAG(s) dict_keys(['example_weekday_branch_operator']) retrieved from /home/airflow/.local/lib/python3.7/site-packages/airflow/example_dags/example_branch_day_of_week_operator.py
[2023-06-01T09:03:15.277+0000] {logging_mixin.py:137} INFO - [2023-06-01T09:03:15.277+0000] {dag.py:2690} INFO - Sync 1 DAGs
[2023-06-01T09:03:15.303+0000] {logging_mixin.py:137} INFO - [2023-06-01T09:03:15.303+0000] {dag.py:3441} INFO - Setting next_dagrun for example_weekday_branch_operator to 2023-05-31T00:00:00+00:00, run_after=2023-06-01T00:00:00+00:00
[2023-06-01T09:03:15.322+0000] {processor.py:175} INFO - Processing /home/airflow/.local/lib/python3.7/site-packages/airflow/example_dags/example_branch_day_of_week_operator.py took 0.089 seconds
[2023-06-01T09:03:45.954+0000] {processor.py:153} INFO - Started process (PID=3099) to work on /home/airflow/.local/lib/python3.7/site-packages/airflow/example_dags/example_branch_day_of_week_operator.py
[2023-06-01T09:03:45.956+0000] {processor.py:743} INFO - Processing file /home/airflow/.local/lib/python3.7/site-packages/airflow/example_dags/example_branch_day_of_week_operator.py for tasks to queue
[2023-06-01T09:03:45.957+0000] {logging_mixin.py:137} INFO - [2023-06-01T09:03:45.956+0000] {dagbag.py:538} INFO - Filling up the DagBag from /home/airflow/.local/lib/python3.7/site-packages/airflow/example_dags/example_branch_day_of_week_operator.py
[2023-06-01T09:03:45.974+0000] {processor.py:753} INFO - DAG(s) dict_keys(['example_weekday_branch_operator']) retrieved from /home/airflow/.local/lib/python3.7/site-packages/airflow/example_dags/example_branch_day_of_week_operator.py
[2023-06-01T09:03:46.004+0000] {logging_mixin.py:137} INFO - [2023-06-01T09:03:46.004+0000] {dag.py:2690} INFO - Sync 1 DAGs
[2023-06-01T09:03:46.032+0000] {logging_mixin.py:137} INFO - [2023-06-01T09:03:46.032+0000] {dag.py:3441} INFO - Setting next_dagrun for example_weekday_branch_operator to 2023-05-31T00:00:00+00:00, run_after=2023-06-01T00:00:00+00:00
[2023-06-01T09:03:46.050+0000] {processor.py:175} INFO - Processing /home/airflow/.local/lib/python3.7/site-packages/airflow/example_dags/example_branch_day_of_week_operator.py took 0.099 seconds
[2023-06-01T09:04:16.717+0000] {processor.py:153} INFO - Started process (PID=3201) to work on /home/airflow/.local/lib/python3.7/site-packages/airflow/example_dags/example_branch_day_of_week_operator.py
[2023-06-01T09:04:16.718+0000] {processor.py:743} INFO - Processing file /home/airflow/.local/lib/python3.7/site-packages/airflow/example_dags/example_branch_day_of_week_operator.py for tasks to queue
[2023-06-01T09:04:16.718+0000] {logging_mixin.py:137} INFO - [2023-06-01T09:04:16.718+0000] {dagbag.py:538} INFO - Filling up the DagBag from /home/airflow/.local/lib/python3.7/site-packages/airflow/example_dags/example_branch_day_of_week_operator.py
[2023-06-01T09:04:16.736+0000] {processor.py:753} INFO - DAG(s) dict_keys(['example_weekday_branch_operator']) retrieved from /home/airflow/.local/lib/python3.7/site-packages/airflow/example_dags/example_branch_day_of_week_operator.py
[2023-06-01T09:04:16.768+0000] {logging_mixin.py:137} INFO - [2023-06-01T09:04:16.768+0000] {dag.py:2690} INFO - Sync 1 DAGs
[2023-06-01T09:04:16.796+0000] {logging_mixin.py:137} INFO - [2023-06-01T09:04:16.795+0000] {dag.py:3441} INFO - Setting next_dagrun for example_weekday_branch_operator to 2023-05-31T00:00:00+00:00, run_after=2023-06-01T00:00:00+00:00
[2023-06-01T09:04:16.813+0000] {processor.py:175} INFO - Processing /home/airflow/.local/lib/python3.7/site-packages/airflow/example_dags/example_branch_day_of_week_operator.py took 0.100 seconds
[2023-06-01T09:04:46.944+0000] {processor.py:153} INFO - Started process (PID=3288) to work on /home/airflow/.local/lib/python3.7/site-packages/airflow/example_dags/example_branch_day_of_week_operator.py
[2023-06-01T09:04:46.946+0000] {processor.py:743} INFO - Processing file /home/airflow/.local/lib/python3.7/site-packages/airflow/example_dags/example_branch_day_of_week_operator.py for tasks to queue
[2023-06-01T09:04:46.947+0000] {logging_mixin.py:137} INFO - [2023-06-01T09:04:46.947+0000] {dagbag.py:538} INFO - Filling up the DagBag from /home/airflow/.local/lib/python3.7/site-packages/airflow/example_dags/example_branch_day_of_week_operator.py
[2023-06-01T09:04:46.965+0000] {processor.py:753} INFO - DAG(s) dict_keys(['example_weekday_branch_operator']) retrieved from /home/airflow/.local/lib/python3.7/site-packages/airflow/example_dags/example_branch_day_of_week_operator.py
[2023-06-01T09:04:46.996+0000] {logging_mixin.py:137} INFO - [2023-06-01T09:04:46.996+0000] {dag.py:2690} INFO - Sync 1 DAGs
[2023-06-01T09:04:47.028+0000] {logging_mixin.py:137} INFO - [2023-06-01T09:04:47.027+0000] {dag.py:3441} INFO - Setting next_dagrun for example_weekday_branch_operator to 2023-05-31T00:00:00+00:00, run_after=2023-06-01T00:00:00+00:00
[2023-06-01T09:04:47.051+0000] {processor.py:175} INFO - Processing /home/airflow/.local/lib/python3.7/site-packages/airflow/example_dags/example_branch_day_of_week_operator.py took 0.112 seconds
[2023-06-01T09:05:17.935+0000] {processor.py:153} INFO - Started process (PID=3375) to work on /home/airflow/.local/lib/python3.7/site-packages/airflow/example_dags/example_branch_day_of_week_operator.py
[2023-06-01T09:05:17.936+0000] {processor.py:743} INFO - Processing file /home/airflow/.local/lib/python3.7/site-packages/airflow/example_dags/example_branch_day_of_week_operator.py for tasks to queue
[2023-06-01T09:05:17.937+0000] {logging_mixin.py:137} INFO - [2023-06-01T09:05:17.936+0000] {dagbag.py:538} INFO - Filling up the DagBag from /home/airflow/.local/lib/python3.7/site-packages/airflow/example_dags/example_branch_day_of_week_operator.py
[2023-06-01T09:05:17.956+0000] {processor.py:753} INFO - DAG(s) dict_keys(['example_weekday_branch_operator']) retrieved from /home/airflow/.local/lib/python3.7/site-packages/airflow/example_dags/example_branch_day_of_week_operator.py
[2023-06-01T09:05:17.994+0000] {logging_mixin.py:137} INFO - [2023-06-01T09:05:17.994+0000] {dag.py:2690} INFO - Sync 1 DAGs
[2023-06-01T09:05:18.035+0000] {logging_mixin.py:137} INFO - [2023-06-01T09:05:18.035+0000] {dag.py:3441} INFO - Setting next_dagrun for example_weekday_branch_operator to 2023-05-31T00:00:00+00:00, run_after=2023-06-01T00:00:00+00:00
[2023-06-01T09:05:18.068+0000] {processor.py:175} INFO - Processing /home/airflow/.local/lib/python3.7/site-packages/airflow/example_dags/example_branch_day_of_week_operator.py took 0.138 seconds
[2023-06-01T09:05:48.602+0000] {processor.py:153} INFO - Started process (PID=3462) to work on /home/airflow/.local/lib/python3.7/site-packages/airflow/example_dags/example_branch_day_of_week_operator.py
[2023-06-01T09:05:48.605+0000] {processor.py:743} INFO - Processing file /home/airflow/.local/lib/python3.7/site-packages/airflow/example_dags/example_branch_day_of_week_operator.py for tasks to queue
[2023-06-01T09:05:48.606+0000] {logging_mixin.py:137} INFO - [2023-06-01T09:05:48.606+0000] {dagbag.py:538} INFO - Filling up the DagBag from /home/airflow/.local/lib/python3.7/site-packages/airflow/example_dags/example_branch_day_of_week_operator.py
[2023-06-01T09:05:48.626+0000] {processor.py:753} INFO - DAG(s) dict_keys(['example_weekday_branch_operator']) retrieved from /home/airflow/.local/lib/python3.7/site-packages/airflow/example_dags/example_branch_day_of_week_operator.py
[2023-06-01T09:05:48.668+0000] {logging_mixin.py:137} INFO - [2023-06-01T09:05:48.667+0000] {dag.py:2690} INFO - Sync 1 DAGs
[2023-06-01T09:05:48.709+0000] {logging_mixin.py:137} INFO - [2023-06-01T09:05:48.709+0000] {dag.py:3441} INFO - Setting next_dagrun for example_weekday_branch_operator to 2023-05-31T00:00:00+00:00, run_after=2023-06-01T00:00:00+00:00
[2023-06-01T09:05:48.744+0000] {processor.py:175} INFO - Processing /home/airflow/.local/lib/python3.7/site-packages/airflow/example_dags/example_branch_day_of_week_operator.py took 0.148 seconds
[2023-06-01T09:06:19.006+0000] {processor.py:153} INFO - Started process (PID=3558) to work on /home/airflow/.local/lib/python3.7/site-packages/airflow/example_dags/example_branch_day_of_week_operator.py
[2023-06-01T09:06:19.007+0000] {processor.py:743} INFO - Processing file /home/airflow/.local/lib/python3.7/site-packages/airflow/example_dags/example_branch_day_of_week_operator.py for tasks to queue
[2023-06-01T09:06:19.008+0000] {logging_mixin.py:137} INFO - [2023-06-01T09:06:19.007+0000] {dagbag.py:538} INFO - Filling up the DagBag from /home/airflow/.local/lib/python3.7/site-packages/airflow/example_dags/example_branch_day_of_week_operator.py
[2023-06-01T09:06:19.027+0000] {processor.py:753} INFO - DAG(s) dict_keys(['example_weekday_branch_operator']) retrieved from /home/airflow/.local/lib/python3.7/site-packages/airflow/example_dags/example_branch_day_of_week_operator.py
[2023-06-01T09:06:19.065+0000] {logging_mixin.py:137} INFO - [2023-06-01T09:06:19.065+0000] {dag.py:2690} INFO - Sync 1 DAGs
[2023-06-01T09:06:19.101+0000] {logging_mixin.py:137} INFO - [2023-06-01T09:06:19.100+0000] {dag.py:3441} INFO - Setting next_dagrun for example_weekday_branch_operator to 2023-05-31T00:00:00+00:00, run_after=2023-06-01T00:00:00+00:00
[2023-06-01T09:06:19.137+0000] {processor.py:175} INFO - Processing /home/airflow/.local/lib/python3.7/site-packages/airflow/example_dags/example_branch_day_of_week_operator.py took 0.135 seconds
[2023-06-01T09:06:49.611+0000] {processor.py:153} INFO - Started process (PID=3660) to work on /home/airflow/.local/lib/python3.7/site-packages/airflow/example_dags/example_branch_day_of_week_operator.py
[2023-06-01T09:06:49.613+0000] {processor.py:743} INFO - Processing file /home/airflow/.local/lib/python3.7/site-packages/airflow/example_dags/example_branch_day_of_week_operator.py for tasks to queue
[2023-06-01T09:06:49.615+0000] {logging_mixin.py:137} INFO - [2023-06-01T09:06:49.615+0000] {dagbag.py:538} INFO - Filling up the DagBag from /home/airflow/.local/lib/python3.7/site-packages/airflow/example_dags/example_branch_day_of_week_operator.py
[2023-06-01T09:06:49.635+0000] {processor.py:753} INFO - DAG(s) dict_keys(['example_weekday_branch_operator']) retrieved from /home/airflow/.local/lib/python3.7/site-packages/airflow/example_dags/example_branch_day_of_week_operator.py
[2023-06-01T09:06:49.672+0000] {logging_mixin.py:137} INFO - [2023-06-01T09:06:49.672+0000] {dag.py:2690} INFO - Sync 1 DAGs
[2023-06-01T09:06:49.707+0000] {logging_mixin.py:137} INFO - [2023-06-01T09:06:49.707+0000] {dag.py:3441} INFO - Setting next_dagrun for example_weekday_branch_operator to 2023-05-31T00:00:00+00:00, run_after=2023-06-01T00:00:00+00:00
[2023-06-01T09:06:49.738+0000] {processor.py:175} INFO - Processing /home/airflow/.local/lib/python3.7/site-packages/airflow/example_dags/example_branch_day_of_week_operator.py took 0.131 seconds
[2023-06-01T09:07:20.516+0000] {processor.py:153} INFO - Started process (PID=3747) to work on /home/airflow/.local/lib/python3.7/site-packages/airflow/example_dags/example_branch_day_of_week_operator.py
[2023-06-01T09:07:20.517+0000] {processor.py:743} INFO - Processing file /home/airflow/.local/lib/python3.7/site-packages/airflow/example_dags/example_branch_day_of_week_operator.py for tasks to queue
[2023-06-01T09:07:20.517+0000] {logging_mixin.py:137} INFO - [2023-06-01T09:07:20.517+0000] {dagbag.py:538} INFO - Filling up the DagBag from /home/airflow/.local/lib/python3.7/site-packages/airflow/example_dags/example_branch_day_of_week_operator.py
[2023-06-01T09:07:20.534+0000] {processor.py:753} INFO - DAG(s) dict_keys(['example_weekday_branch_operator']) retrieved from /home/airflow/.local/lib/python3.7/site-packages/airflow/example_dags/example_branch_day_of_week_operator.py
[2023-06-01T09:07:20.564+0000] {logging_mixin.py:137} INFO - [2023-06-01T09:07:20.563+0000] {dag.py:2690} INFO - Sync 1 DAGs
[2023-06-01T09:07:20.589+0000] {logging_mixin.py:137} INFO - [2023-06-01T09:07:20.588+0000] {dag.py:3441} INFO - Setting next_dagrun for example_weekday_branch_operator to 2023-05-31T00:00:00+00:00, run_after=2023-06-01T00:00:00+00:00
[2023-06-01T09:07:20.620+0000] {processor.py:175} INFO - Processing /home/airflow/.local/lib/python3.7/site-packages/airflow/example_dags/example_branch_day_of_week_operator.py took 0.107 seconds
[2023-06-01T09:07:51.445+0000] {processor.py:153} INFO - Started process (PID=3834) to work on /home/airflow/.local/lib/python3.7/site-packages/airflow/example_dags/example_branch_day_of_week_operator.py
[2023-06-01T09:07:51.447+0000] {processor.py:743} INFO - Processing file /home/airflow/.local/lib/python3.7/site-packages/airflow/example_dags/example_branch_day_of_week_operator.py for tasks to queue
[2023-06-01T09:07:51.447+0000] {logging_mixin.py:137} INFO - [2023-06-01T09:07:51.447+0000] {dagbag.py:538} INFO - Filling up the DagBag from /home/airflow/.local/lib/python3.7/site-packages/airflow/example_dags/example_branch_day_of_week_operator.py
[2023-06-01T09:07:51.465+0000] {processor.py:753} INFO - DAG(s) dict_keys(['example_weekday_branch_operator']) retrieved from /home/airflow/.local/lib/python3.7/site-packages/airflow/example_dags/example_branch_day_of_week_operator.py
[2023-06-01T09:07:51.500+0000] {logging_mixin.py:137} INFO - [2023-06-01T09:07:51.500+0000] {dag.py:2690} INFO - Sync 1 DAGs
[2023-06-01T09:07:51.533+0000] {logging_mixin.py:137} INFO - [2023-06-01T09:07:51.532+0000] {dag.py:3441} INFO - Setting next_dagrun for example_weekday_branch_operator to 2023-05-31T00:00:00+00:00, run_after=2023-06-01T00:00:00+00:00
[2023-06-01T09:07:51.558+0000] {processor.py:175} INFO - Processing /home/airflow/.local/lib/python3.7/site-packages/airflow/example_dags/example_branch_day_of_week_operator.py took 0.117 seconds
[2023-06-01T09:08:22.270+0000] {processor.py:153} INFO - Started process (PID=3930) to work on /home/airflow/.local/lib/python3.7/site-packages/airflow/example_dags/example_branch_day_of_week_operator.py
[2023-06-01T09:08:22.271+0000] {processor.py:743} INFO - Processing file /home/airflow/.local/lib/python3.7/site-packages/airflow/example_dags/example_branch_day_of_week_operator.py for tasks to queue
[2023-06-01T09:08:22.271+0000] {logging_mixin.py:137} INFO - [2023-06-01T09:08:22.271+0000] {dagbag.py:538} INFO - Filling up the DagBag from /home/airflow/.local/lib/python3.7/site-packages/airflow/example_dags/example_branch_day_of_week_operator.py
[2023-06-01T09:08:22.287+0000] {processor.py:753} INFO - DAG(s) dict_keys(['example_weekday_branch_operator']) retrieved from /home/airflow/.local/lib/python3.7/site-packages/airflow/example_dags/example_branch_day_of_week_operator.py
[2023-06-01T09:08:22.326+0000] {logging_mixin.py:137} INFO - [2023-06-01T09:08:22.326+0000] {dag.py:2690} INFO - Sync 1 DAGs
[2023-06-01T09:08:22.352+0000] {logging_mixin.py:137} INFO - [2023-06-01T09:08:22.352+0000] {dag.py:3441} INFO - Setting next_dagrun for example_weekday_branch_operator to 2023-05-31T00:00:00+00:00, run_after=2023-06-01T00:00:00+00:00
[2023-06-01T09:08:22.375+0000] {processor.py:175} INFO - Processing /home/airflow/.local/lib/python3.7/site-packages/airflow/example_dags/example_branch_day_of_week_operator.py took 0.110 seconds
[2023-06-01T09:08:53.096+0000] {processor.py:153} INFO - Started process (PID=4032) to work on /home/airflow/.local/lib/python3.7/site-packages/airflow/example_dags/example_branch_day_of_week_operator.py
[2023-06-01T09:08:53.098+0000] {processor.py:743} INFO - Processing file /home/airflow/.local/lib/python3.7/site-packages/airflow/example_dags/example_branch_day_of_week_operator.py for tasks to queue
[2023-06-01T09:08:53.098+0000] {logging_mixin.py:137} INFO - [2023-06-01T09:08:53.098+0000] {dagbag.py:538} INFO - Filling up the DagBag from /home/airflow/.local/lib/python3.7/site-packages/airflow/example_dags/example_branch_day_of_week_operator.py
[2023-06-01T09:08:53.116+0000] {processor.py:753} INFO - DAG(s) dict_keys(['example_weekday_branch_operator']) retrieved from /home/airflow/.local/lib/python3.7/site-packages/airflow/example_dags/example_branch_day_of_week_operator.py
[2023-06-01T09:08:53.151+0000] {logging_mixin.py:137} INFO - [2023-06-01T09:08:53.151+0000] {dag.py:2690} INFO - Sync 1 DAGs
[2023-06-01T09:08:53.184+0000] {logging_mixin.py:137} INFO - [2023-06-01T09:08:53.183+0000] {dag.py:3441} INFO - Setting next_dagrun for example_weekday_branch_operator to 2023-05-31T00:00:00+00:00, run_after=2023-06-01T00:00:00+00:00
[2023-06-01T09:08:53.210+0000] {processor.py:175} INFO - Processing /home/airflow/.local/lib/python3.7/site-packages/airflow/example_dags/example_branch_day_of_week_operator.py took 0.119 seconds
[2023-06-01T09:09:23.497+0000] {processor.py:153} INFO - Started process (PID=4119) to work on /home/airflow/.local/lib/python3.7/site-packages/airflow/example_dags/example_branch_day_of_week_operator.py
[2023-06-01T09:09:23.498+0000] {processor.py:743} INFO - Processing file /home/airflow/.local/lib/python3.7/site-packages/airflow/example_dags/example_branch_day_of_week_operator.py for tasks to queue
[2023-06-01T09:09:23.498+0000] {logging_mixin.py:137} INFO - [2023-06-01T09:09:23.498+0000] {dagbag.py:538} INFO - Filling up the DagBag from /home/airflow/.local/lib/python3.7/site-packages/airflow/example_dags/example_branch_day_of_week_operator.py
[2023-06-01T09:09:23.517+0000] {processor.py:753} INFO - DAG(s) dict_keys(['example_weekday_branch_operator']) retrieved from /home/airflow/.local/lib/python3.7/site-packages/airflow/example_dags/example_branch_day_of_week_operator.py
[2023-06-01T09:09:23.554+0000] {logging_mixin.py:137} INFO - [2023-06-01T09:09:23.554+0000] {dag.py:2690} INFO - Sync 1 DAGs
[2023-06-01T09:09:23.591+0000] {logging_mixin.py:137} INFO - [2023-06-01T09:09:23.591+0000] {dag.py:3441} INFO - Setting next_dagrun for example_weekday_branch_operator to 2023-05-31T00:00:00+00:00, run_after=2023-06-01T00:00:00+00:00
[2023-06-01T09:09:23.621+0000] {processor.py:175} INFO - Processing /home/airflow/.local/lib/python3.7/site-packages/airflow/example_dags/example_branch_day_of_week_operator.py took 0.128 seconds
[2023-06-01T09:09:53.992+0000] {processor.py:153} INFO - Started process (PID=4206) to work on /home/airflow/.local/lib/python3.7/site-packages/airflow/example_dags/example_branch_day_of_week_operator.py
[2023-06-01T09:09:53.994+0000] {processor.py:743} INFO - Processing file /home/airflow/.local/lib/python3.7/site-packages/airflow/example_dags/example_branch_day_of_week_operator.py for tasks to queue
[2023-06-01T09:09:53.995+0000] {logging_mixin.py:137} INFO - [2023-06-01T09:09:53.995+0000] {dagbag.py:538} INFO - Filling up the DagBag from /home/airflow/.local/lib/python3.7/site-packages/airflow/example_dags/example_branch_day_of_week_operator.py
[2023-06-01T09:09:54.017+0000] {processor.py:753} INFO - DAG(s) dict_keys(['example_weekday_branch_operator']) retrieved from /home/airflow/.local/lib/python3.7/site-packages/airflow/example_dags/example_branch_day_of_week_operator.py
[2023-06-01T09:09:54.051+0000] {logging_mixin.py:137} INFO - [2023-06-01T09:09:54.051+0000] {dag.py:2690} INFO - Sync 1 DAGs
[2023-06-01T09:09:54.082+0000] {logging_mixin.py:137} INFO - [2023-06-01T09:09:54.082+0000] {dag.py:3441} INFO - Setting next_dagrun for example_weekday_branch_operator to 2023-05-31T00:00:00+00:00, run_after=2023-06-01T00:00:00+00:00
[2023-06-01T09:09:54.109+0000] {processor.py:175} INFO - Processing /home/airflow/.local/lib/python3.7/site-packages/airflow/example_dags/example_branch_day_of_week_operator.py took 0.122 seconds
[2023-06-01T09:10:24.989+0000] {processor.py:153} INFO - Started process (PID=4302) to work on /home/airflow/.local/lib/python3.7/site-packages/airflow/example_dags/example_branch_day_of_week_operator.py
[2023-06-01T09:10:24.990+0000] {processor.py:743} INFO - Processing file /home/airflow/.local/lib/python3.7/site-packages/airflow/example_dags/example_branch_day_of_week_operator.py for tasks to queue
[2023-06-01T09:10:24.990+0000] {logging_mixin.py:137} INFO - [2023-06-01T09:10:24.990+0000] {dagbag.py:538} INFO - Filling up the DagBag from /home/airflow/.local/lib/python3.7/site-packages/airflow/example_dags/example_branch_day_of_week_operator.py
[2023-06-01T09:10:25.005+0000] {processor.py:753} INFO - DAG(s) dict_keys(['example_weekday_branch_operator']) retrieved from /home/airflow/.local/lib/python3.7/site-packages/airflow/example_dags/example_branch_day_of_week_operator.py
[2023-06-01T09:10:25.033+0000] {logging_mixin.py:137} INFO - [2023-06-01T09:10:25.033+0000] {dag.py:2690} INFO - Sync 1 DAGs
[2023-06-01T09:10:25.057+0000] {logging_mixin.py:137} INFO - [2023-06-01T09:10:25.057+0000] {dag.py:3441} INFO - Setting next_dagrun for example_weekday_branch_operator to 2023-05-31T00:00:00+00:00, run_after=2023-06-01T00:00:00+00:00
[2023-06-01T09:10:25.077+0000] {processor.py:175} INFO - Processing /home/airflow/.local/lib/python3.7/site-packages/airflow/example_dags/example_branch_day_of_week_operator.py took 0.091 seconds
[2023-06-01T09:10:55.464+0000] {processor.py:153} INFO - Started process (PID=4404) to work on /home/airflow/.local/lib/python3.7/site-packages/airflow/example_dags/example_branch_day_of_week_operator.py
[2023-06-01T09:10:55.466+0000] {processor.py:743} INFO - Processing file /home/airflow/.local/lib/python3.7/site-packages/airflow/example_dags/example_branch_day_of_week_operator.py for tasks to queue
[2023-06-01T09:10:55.466+0000] {logging_mixin.py:137} INFO - [2023-06-01T09:10:55.466+0000] {dagbag.py:538} INFO - Filling up the DagBag from /home/airflow/.local/lib/python3.7/site-packages/airflow/example_dags/example_branch_day_of_week_operator.py
[2023-06-01T09:10:55.485+0000] {processor.py:753} INFO - DAG(s) dict_keys(['example_weekday_branch_operator']) retrieved from /home/airflow/.local/lib/python3.7/site-packages/airflow/example_dags/example_branch_day_of_week_operator.py
[2023-06-01T09:10:55.516+0000] {logging_mixin.py:137} INFO - [2023-06-01T09:10:55.515+0000] {dag.py:2690} INFO - Sync 1 DAGs
[2023-06-01T09:10:55.545+0000] {logging_mixin.py:137} INFO - [2023-06-01T09:10:55.545+0000] {dag.py:3441} INFO - Setting next_dagrun for example_weekday_branch_operator to 2023-05-31T00:00:00+00:00, run_after=2023-06-01T00:00:00+00:00
[2023-06-01T09:10:55.566+0000] {processor.py:175} INFO - Processing /home/airflow/.local/lib/python3.7/site-packages/airflow/example_dags/example_branch_day_of_week_operator.py took 0.106 seconds
[2023-06-01T09:11:25.700+0000] {processor.py:153} INFO - Started process (PID=4491) to work on /home/airflow/.local/lib/python3.7/site-packages/airflow/example_dags/example_branch_day_of_week_operator.py
[2023-06-01T09:11:25.701+0000] {processor.py:743} INFO - Processing file /home/airflow/.local/lib/python3.7/site-packages/airflow/example_dags/example_branch_day_of_week_operator.py for tasks to queue
[2023-06-01T09:11:25.702+0000] {logging_mixin.py:137} INFO - [2023-06-01T09:11:25.702+0000] {dagbag.py:538} INFO - Filling up the DagBag from /home/airflow/.local/lib/python3.7/site-packages/airflow/example_dags/example_branch_day_of_week_operator.py
[2023-06-01T09:11:25.718+0000] {processor.py:753} INFO - DAG(s) dict_keys(['example_weekday_branch_operator']) retrieved from /home/airflow/.local/lib/python3.7/site-packages/airflow/example_dags/example_branch_day_of_week_operator.py
[2023-06-01T09:11:25.746+0000] {logging_mixin.py:137} INFO - [2023-06-01T09:11:25.746+0000] {dag.py:2690} INFO - Sync 1 DAGs
[2023-06-01T09:11:25.775+0000] {logging_mixin.py:137} INFO - [2023-06-01T09:11:25.774+0000] {dag.py:3441} INFO - Setting next_dagrun for example_weekday_branch_operator to 2023-05-31T00:00:00+00:00, run_after=2023-06-01T00:00:00+00:00
[2023-06-01T09:11:25.792+0000] {processor.py:175} INFO - Processing /home/airflow/.local/lib/python3.7/site-packages/airflow/example_dags/example_branch_day_of_week_operator.py took 0.095 seconds
[2023-06-01T09:11:56.057+0000] {processor.py:153} INFO - Started process (PID=4578) to work on /home/airflow/.local/lib/python3.7/site-packages/airflow/example_dags/example_branch_day_of_week_operator.py
[2023-06-01T09:11:56.059+0000] {processor.py:743} INFO - Processing file /home/airflow/.local/lib/python3.7/site-packages/airflow/example_dags/example_branch_day_of_week_operator.py for tasks to queue
[2023-06-01T09:11:56.059+0000] {logging_mixin.py:137} INFO - [2023-06-01T09:11:56.059+0000] {dagbag.py:538} INFO - Filling up the DagBag from /home/airflow/.local/lib/python3.7/site-packages/airflow/example_dags/example_branch_day_of_week_operator.py
[2023-06-01T09:11:56.075+0000] {processor.py:753} INFO - DAG(s) dict_keys(['example_weekday_branch_operator']) retrieved from /home/airflow/.local/lib/python3.7/site-packages/airflow/example_dags/example_branch_day_of_week_operator.py
[2023-06-01T09:11:56.115+0000] {logging_mixin.py:137} INFO - [2023-06-01T09:11:56.115+0000] {dag.py:2690} INFO - Sync 1 DAGs
[2023-06-01T09:11:56.147+0000] {logging_mixin.py:137} INFO - [2023-06-01T09:11:56.146+0000] {dag.py:3441} INFO - Setting next_dagrun for example_weekday_branch_operator to 2023-05-31T00:00:00+00:00, run_after=2023-06-01T00:00:00+00:00
[2023-06-01T09:11:56.172+0000] {processor.py:175} INFO - Processing /home/airflow/.local/lib/python3.7/site-packages/airflow/example_dags/example_branch_day_of_week_operator.py took 0.119 seconds
[2023-06-01T09:12:26.617+0000] {processor.py:153} INFO - Started process (PID=4689) to work on /home/airflow/.local/lib/python3.7/site-packages/airflow/example_dags/example_branch_day_of_week_operator.py
[2023-06-01T09:12:26.619+0000] {processor.py:743} INFO - Processing file /home/airflow/.local/lib/python3.7/site-packages/airflow/example_dags/example_branch_day_of_week_operator.py for tasks to queue
[2023-06-01T09:12:26.619+0000] {logging_mixin.py:137} INFO - [2023-06-01T09:12:26.619+0000] {dagbag.py:538} INFO - Filling up the DagBag from /home/airflow/.local/lib/python3.7/site-packages/airflow/example_dags/example_branch_day_of_week_operator.py
[2023-06-01T09:12:26.634+0000] {processor.py:753} INFO - DAG(s) dict_keys(['example_weekday_branch_operator']) retrieved from /home/airflow/.local/lib/python3.7/site-packages/airflow/example_dags/example_branch_day_of_week_operator.py
[2023-06-01T09:12:26.703+0000] {logging_mixin.py:137} INFO - [2023-06-01T09:12:26.702+0000] {dag.py:2690} INFO - Sync 1 DAGs
[2023-06-01T09:12:26.728+0000] {logging_mixin.py:137} INFO - [2023-06-01T09:12:26.728+0000] {dag.py:3441} INFO - Setting next_dagrun for example_weekday_branch_operator to 2023-05-31T00:00:00+00:00, run_after=2023-06-01T00:00:00+00:00
[2023-06-01T09:12:26.750+0000] {processor.py:175} INFO - Processing /home/airflow/.local/lib/python3.7/site-packages/airflow/example_dags/example_branch_day_of_week_operator.py took 0.136 seconds
