[2023-06-01T08:47:27.456+0000] {processor.py:153} INFO - Started process (PID=120) to work on /home/airflow/.local/lib/python3.7/site-packages/airflow/example_dags/example_xcomargs.py
[2023-06-01T08:47:27.457+0000] {processor.py:743} INFO - Processing file /home/airflow/.local/lib/python3.7/site-packages/airflow/example_dags/example_xcomargs.py for tasks to queue
[2023-06-01T08:47:27.457+0000] {logging_mixin.py:137} INFO - [2023-06-01T08:47:27.457+0000] {dagbag.py:538} INFO - Filling up the DagBag from /home/airflow/.local/lib/python3.7/site-packages/airflow/example_dags/example_xcomargs.py
[2023-06-01T08:47:27.485+0000] {processor.py:753} INFO - DAG(s) dict_keys(['example_xcom_args', 'example_xcom_args_with_operators']) retrieved from /home/airflow/.local/lib/python3.7/site-packages/airflow/example_dags/example_xcomargs.py
[2023-06-01T08:47:27.502+0000] {logging_mixin.py:137} INFO - [2023-06-01T08:47:27.502+0000] {dag.py:2690} INFO - Sync 2 DAGs
[2023-06-01T08:47:27.532+0000] {logging_mixin.py:137} INFO - [2023-06-01T08:47:27.532+0000] {dag.py:3441} INFO - Setting next_dagrun for example_xcom_args to None, run_after=None
[2023-06-01T08:47:27.535+0000] {logging_mixin.py:137} INFO - [2023-06-01T08:47:27.535+0000] {dag.py:3441} INFO - Setting next_dagrun for example_xcom_args_with_operators to None, run_after=None
[2023-06-01T08:47:27.555+0000] {processor.py:175} INFO - Processing /home/airflow/.local/lib/python3.7/site-packages/airflow/example_dags/example_xcomargs.py took 0.103 seconds
[2023-06-01T08:47:57.633+0000] {processor.py:153} INFO - Started process (PID=207) to work on /home/airflow/.local/lib/python3.7/site-packages/airflow/example_dags/example_xcomargs.py
[2023-06-01T08:47:57.634+0000] {processor.py:743} INFO - Processing file /home/airflow/.local/lib/python3.7/site-packages/airflow/example_dags/example_xcomargs.py for tasks to queue
[2023-06-01T08:47:57.635+0000] {logging_mixin.py:137} INFO - [2023-06-01T08:47:57.635+0000] {dagbag.py:538} INFO - Filling up the DagBag from /home/airflow/.local/lib/python3.7/site-packages/airflow/example_dags/example_xcomargs.py
[2023-06-01T08:47:57.658+0000] {processor.py:753} INFO - DAG(s) dict_keys(['example_xcom_args', 'example_xcom_args_with_operators']) retrieved from /home/airflow/.local/lib/python3.7/site-packages/airflow/example_dags/example_xcomargs.py
[2023-06-01T08:47:57.684+0000] {logging_mixin.py:137} INFO - [2023-06-01T08:47:57.684+0000] {dag.py:2690} INFO - Sync 2 DAGs
[2023-06-01T08:47:57.707+0000] {logging_mixin.py:137} INFO - [2023-06-01T08:47:57.706+0000] {dag.py:3441} INFO - Setting next_dagrun for example_xcom_args to None, run_after=None
[2023-06-01T08:47:57.709+0000] {logging_mixin.py:137} INFO - [2023-06-01T08:47:57.709+0000] {dag.py:3441} INFO - Setting next_dagrun for example_xcom_args_with_operators to None, run_after=None
[2023-06-01T08:47:57.724+0000] {processor.py:175} INFO - Processing /home/airflow/.local/lib/python3.7/site-packages/airflow/example_dags/example_xcomargs.py took 0.094 seconds
[2023-06-01T08:48:28.535+0000] {processor.py:153} INFO - Started process (PID=294) to work on /home/airflow/.local/lib/python3.7/site-packages/airflow/example_dags/example_xcomargs.py
[2023-06-01T08:48:28.536+0000] {processor.py:743} INFO - Processing file /home/airflow/.local/lib/python3.7/site-packages/airflow/example_dags/example_xcomargs.py for tasks to queue
[2023-06-01T08:48:28.537+0000] {logging_mixin.py:137} INFO - [2023-06-01T08:48:28.537+0000] {dagbag.py:538} INFO - Filling up the DagBag from /home/airflow/.local/lib/python3.7/site-packages/airflow/example_dags/example_xcomargs.py
[2023-06-01T08:48:28.561+0000] {processor.py:753} INFO - DAG(s) dict_keys(['example_xcom_args', 'example_xcom_args_with_operators']) retrieved from /home/airflow/.local/lib/python3.7/site-packages/airflow/example_dags/example_xcomargs.py
[2023-06-01T08:48:28.599+0000] {logging_mixin.py:137} INFO - [2023-06-01T08:48:28.598+0000] {dag.py:2690} INFO - Sync 2 DAGs
[2023-06-01T08:48:28.627+0000] {logging_mixin.py:137} INFO - [2023-06-01T08:48:28.626+0000] {dag.py:3441} INFO - Setting next_dagrun for example_xcom_args to None, run_after=None
[2023-06-01T08:48:28.630+0000] {logging_mixin.py:137} INFO - [2023-06-01T08:48:28.630+0000] {dag.py:3441} INFO - Setting next_dagrun for example_xcom_args_with_operators to None, run_after=None
[2023-06-01T08:48:28.647+0000] {processor.py:175} INFO - Processing /home/airflow/.local/lib/python3.7/site-packages/airflow/example_dags/example_xcomargs.py took 0.115 seconds
[2023-06-01T08:48:59.577+0000] {processor.py:153} INFO - Started process (PID=405) to work on /home/airflow/.local/lib/python3.7/site-packages/airflow/example_dags/example_xcomargs.py
[2023-06-01T08:48:59.577+0000] {processor.py:743} INFO - Processing file /home/airflow/.local/lib/python3.7/site-packages/airflow/example_dags/example_xcomargs.py for tasks to queue
[2023-06-01T08:48:59.578+0000] {logging_mixin.py:137} INFO - [2023-06-01T08:48:59.578+0000] {dagbag.py:538} INFO - Filling up the DagBag from /home/airflow/.local/lib/python3.7/site-packages/airflow/example_dags/example_xcomargs.py
[2023-06-01T08:48:59.601+0000] {processor.py:753} INFO - DAG(s) dict_keys(['example_xcom_args', 'example_xcom_args_with_operators']) retrieved from /home/airflow/.local/lib/python3.7/site-packages/airflow/example_dags/example_xcomargs.py
[2023-06-01T08:48:59.629+0000] {logging_mixin.py:137} INFO - [2023-06-01T08:48:59.629+0000] {dag.py:2690} INFO - Sync 2 DAGs
[2023-06-01T08:48:59.651+0000] {logging_mixin.py:137} INFO - [2023-06-01T08:48:59.651+0000] {dag.py:3441} INFO - Setting next_dagrun for example_xcom_args to None, run_after=None
[2023-06-01T08:48:59.654+0000] {logging_mixin.py:137} INFO - [2023-06-01T08:48:59.654+0000] {dag.py:3441} INFO - Setting next_dagrun for example_xcom_args_with_operators to None, run_after=None
[2023-06-01T08:48:59.669+0000] {processor.py:175} INFO - Processing /home/airflow/.local/lib/python3.7/site-packages/airflow/example_dags/example_xcomargs.py took 0.096 seconds
[2023-06-01T08:49:30.973+0000] {processor.py:153} INFO - Started process (PID=492) to work on /home/airflow/.local/lib/python3.7/site-packages/airflow/example_dags/example_xcomargs.py
[2023-06-01T08:49:30.975+0000] {processor.py:743} INFO - Processing file /home/airflow/.local/lib/python3.7/site-packages/airflow/example_dags/example_xcomargs.py for tasks to queue
[2023-06-01T08:49:30.975+0000] {logging_mixin.py:137} INFO - [2023-06-01T08:49:30.975+0000] {dagbag.py:538} INFO - Filling up the DagBag from /home/airflow/.local/lib/python3.7/site-packages/airflow/example_dags/example_xcomargs.py
[2023-06-01T08:49:30.998+0000] {processor.py:753} INFO - DAG(s) dict_keys(['example_xcom_args_with_operators', 'example_xcom_args']) retrieved from /home/airflow/.local/lib/python3.7/site-packages/airflow/example_dags/example_xcomargs.py
[2023-06-01T08:49:31.028+0000] {logging_mixin.py:137} INFO - [2023-06-01T08:49:31.027+0000] {dag.py:2690} INFO - Sync 2 DAGs
[2023-06-01T08:49:31.051+0000] {logging_mixin.py:137} INFO - [2023-06-01T08:49:31.051+0000] {dag.py:3441} INFO - Setting next_dagrun for example_xcom_args to None, run_after=None
[2023-06-01T08:49:31.055+0000] {logging_mixin.py:137} INFO - [2023-06-01T08:49:31.054+0000] {dag.py:3441} INFO - Setting next_dagrun for example_xcom_args_with_operators to None, run_after=None
[2023-06-01T08:49:31.075+0000] {processor.py:175} INFO - Processing /home/airflow/.local/lib/python3.7/site-packages/airflow/example_dags/example_xcomargs.py took 0.106 seconds
[2023-06-01T08:50:01.557+0000] {processor.py:153} INFO - Started process (PID=603) to work on /home/airflow/.local/lib/python3.7/site-packages/airflow/example_dags/example_xcomargs.py
[2023-06-01T08:50:01.558+0000] {processor.py:743} INFO - Processing file /home/airflow/.local/lib/python3.7/site-packages/airflow/example_dags/example_xcomargs.py for tasks to queue
[2023-06-01T08:50:01.559+0000] {logging_mixin.py:137} INFO - [2023-06-01T08:50:01.559+0000] {dagbag.py:538} INFO - Filling up the DagBag from /home/airflow/.local/lib/python3.7/site-packages/airflow/example_dags/example_xcomargs.py
[2023-06-01T08:50:01.582+0000] {processor.py:753} INFO - DAG(s) dict_keys(['example_xcom_args', 'example_xcom_args_with_operators']) retrieved from /home/airflow/.local/lib/python3.7/site-packages/airflow/example_dags/example_xcomargs.py
[2023-06-01T08:50:01.612+0000] {logging_mixin.py:137} INFO - [2023-06-01T08:50:01.612+0000] {dag.py:2690} INFO - Sync 2 DAGs
[2023-06-01T08:50:01.639+0000] {logging_mixin.py:137} INFO - [2023-06-01T08:50:01.638+0000] {dag.py:3441} INFO - Setting next_dagrun for example_xcom_args to None, run_after=None
[2023-06-01T08:50:01.642+0000] {logging_mixin.py:137} INFO - [2023-06-01T08:50:01.642+0000] {dag.py:3441} INFO - Setting next_dagrun for example_xcom_args_with_operators to None, run_after=None
[2023-06-01T08:50:01.659+0000] {processor.py:175} INFO - Processing /home/airflow/.local/lib/python3.7/site-packages/airflow/example_dags/example_xcomargs.py took 0.105 seconds
[2023-06-01T08:50:31.968+0000] {processor.py:153} INFO - Started process (PID=690) to work on /home/airflow/.local/lib/python3.7/site-packages/airflow/example_dags/example_xcomargs.py
[2023-06-01T08:50:31.970+0000] {processor.py:743} INFO - Processing file /home/airflow/.local/lib/python3.7/site-packages/airflow/example_dags/example_xcomargs.py for tasks to queue
[2023-06-01T08:50:31.971+0000] {logging_mixin.py:137} INFO - [2023-06-01T08:50:31.971+0000] {dagbag.py:538} INFO - Filling up the DagBag from /home/airflow/.local/lib/python3.7/site-packages/airflow/example_dags/example_xcomargs.py
[2023-06-01T08:50:31.996+0000] {processor.py:753} INFO - DAG(s) dict_keys(['example_xcom_args', 'example_xcom_args_with_operators']) retrieved from /home/airflow/.local/lib/python3.7/site-packages/airflow/example_dags/example_xcomargs.py
[2023-06-01T08:50:32.034+0000] {logging_mixin.py:137} INFO - [2023-06-01T08:50:32.034+0000] {dag.py:2690} INFO - Sync 2 DAGs
[2023-06-01T08:50:32.061+0000] {logging_mixin.py:137} INFO - [2023-06-01T08:50:32.060+0000] {dag.py:3441} INFO - Setting next_dagrun for example_xcom_args to None, run_after=None
[2023-06-01T08:50:32.064+0000] {logging_mixin.py:137} INFO - [2023-06-01T08:50:32.064+0000] {dag.py:3441} INFO - Setting next_dagrun for example_xcom_args_with_operators to None, run_after=None
[2023-06-01T08:50:32.082+0000] {processor.py:175} INFO - Processing /home/airflow/.local/lib/python3.7/site-packages/airflow/example_dags/example_xcomargs.py took 0.118 seconds
[2023-06-01T08:51:02.288+0000] {processor.py:153} INFO - Started process (PID=777) to work on /home/airflow/.local/lib/python3.7/site-packages/airflow/example_dags/example_xcomargs.py
[2023-06-01T08:51:02.289+0000] {processor.py:743} INFO - Processing file /home/airflow/.local/lib/python3.7/site-packages/airflow/example_dags/example_xcomargs.py for tasks to queue
[2023-06-01T08:51:02.290+0000] {logging_mixin.py:137} INFO - [2023-06-01T08:51:02.290+0000] {dagbag.py:538} INFO - Filling up the DagBag from /home/airflow/.local/lib/python3.7/site-packages/airflow/example_dags/example_xcomargs.py
[2023-06-01T08:51:02.318+0000] {processor.py:753} INFO - DAG(s) dict_keys(['example_xcom_args_with_operators', 'example_xcom_args']) retrieved from /home/airflow/.local/lib/python3.7/site-packages/airflow/example_dags/example_xcomargs.py
[2023-06-01T08:51:02.349+0000] {logging_mixin.py:137} INFO - [2023-06-01T08:51:02.349+0000] {dag.py:2690} INFO - Sync 2 DAGs
[2023-06-01T08:51:02.378+0000] {logging_mixin.py:137} INFO - [2023-06-01T08:51:02.378+0000] {dag.py:3441} INFO - Setting next_dagrun for example_xcom_args to None, run_after=None
[2023-06-01T08:51:02.381+0000] {logging_mixin.py:137} INFO - [2023-06-01T08:51:02.381+0000] {dag.py:3441} INFO - Setting next_dagrun for example_xcom_args_with_operators to None, run_after=None
[2023-06-01T08:51:02.397+0000] {processor.py:175} INFO - Processing /home/airflow/.local/lib/python3.7/site-packages/airflow/example_dags/example_xcomargs.py took 0.113 seconds
[2023-06-01T08:51:32.881+0000] {processor.py:153} INFO - Started process (PID=888) to work on /home/airflow/.local/lib/python3.7/site-packages/airflow/example_dags/example_xcomargs.py
[2023-06-01T08:51:32.883+0000] {processor.py:743} INFO - Processing file /home/airflow/.local/lib/python3.7/site-packages/airflow/example_dags/example_xcomargs.py for tasks to queue
[2023-06-01T08:51:32.883+0000] {logging_mixin.py:137} INFO - [2023-06-01T08:51:32.883+0000] {dagbag.py:538} INFO - Filling up the DagBag from /home/airflow/.local/lib/python3.7/site-packages/airflow/example_dags/example_xcomargs.py
[2023-06-01T08:51:32.907+0000] {processor.py:753} INFO - DAG(s) dict_keys(['example_xcom_args_with_operators', 'example_xcom_args']) retrieved from /home/airflow/.local/lib/python3.7/site-packages/airflow/example_dags/example_xcomargs.py
[2023-06-01T08:51:32.939+0000] {logging_mixin.py:137} INFO - [2023-06-01T08:51:32.939+0000] {dag.py:2690} INFO - Sync 2 DAGs
[2023-06-01T08:51:32.967+0000] {logging_mixin.py:137} INFO - [2023-06-01T08:51:32.967+0000] {dag.py:3441} INFO - Setting next_dagrun for example_xcom_args to None, run_after=None
[2023-06-01T08:51:32.972+0000] {logging_mixin.py:137} INFO - [2023-06-01T08:51:32.972+0000] {dag.py:3441} INFO - Setting next_dagrun for example_xcom_args_with_operators to None, run_after=None
[2023-06-01T08:51:32.997+0000] {processor.py:175} INFO - Processing /home/airflow/.local/lib/python3.7/site-packages/airflow/example_dags/example_xcomargs.py took 0.119 seconds
[2023-06-01T08:52:03.345+0000] {processor.py:153} INFO - Started process (PID=975) to work on /home/airflow/.local/lib/python3.7/site-packages/airflow/example_dags/example_xcomargs.py
[2023-06-01T08:52:03.346+0000] {processor.py:743} INFO - Processing file /home/airflow/.local/lib/python3.7/site-packages/airflow/example_dags/example_xcomargs.py for tasks to queue
[2023-06-01T08:52:03.347+0000] {logging_mixin.py:137} INFO - [2023-06-01T08:52:03.347+0000] {dagbag.py:538} INFO - Filling up the DagBag from /home/airflow/.local/lib/python3.7/site-packages/airflow/example_dags/example_xcomargs.py
[2023-06-01T08:52:03.374+0000] {processor.py:753} INFO - DAG(s) dict_keys(['example_xcom_args_with_operators', 'example_xcom_args']) retrieved from /home/airflow/.local/lib/python3.7/site-packages/airflow/example_dags/example_xcomargs.py
[2023-06-01T08:52:03.438+0000] {logging_mixin.py:137} INFO - [2023-06-01T08:52:03.437+0000] {dag.py:2690} INFO - Sync 2 DAGs
[2023-06-01T08:52:03.472+0000] {logging_mixin.py:137} INFO - [2023-06-01T08:52:03.472+0000] {dag.py:3441} INFO - Setting next_dagrun for example_xcom_args to None, run_after=None
[2023-06-01T08:52:03.479+0000] {logging_mixin.py:137} INFO - [2023-06-01T08:52:03.479+0000] {dag.py:3441} INFO - Setting next_dagrun for example_xcom_args_with_operators to None, run_after=None
[2023-06-01T08:52:03.506+0000] {processor.py:175} INFO - Processing /home/airflow/.local/lib/python3.7/site-packages/airflow/example_dags/example_xcomargs.py took 0.165 seconds
[2023-06-01T08:52:33.887+0000] {processor.py:153} INFO - Started process (PID=1062) to work on /home/airflow/.local/lib/python3.7/site-packages/airflow/example_dags/example_xcomargs.py
[2023-06-01T08:52:33.889+0000] {processor.py:743} INFO - Processing file /home/airflow/.local/lib/python3.7/site-packages/airflow/example_dags/example_xcomargs.py for tasks to queue
[2023-06-01T08:52:33.890+0000] {logging_mixin.py:137} INFO - [2023-06-01T08:52:33.889+0000] {dagbag.py:538} INFO - Filling up the DagBag from /home/airflow/.local/lib/python3.7/site-packages/airflow/example_dags/example_xcomargs.py
[2023-06-01T08:52:33.914+0000] {processor.py:753} INFO - DAG(s) dict_keys(['example_xcom_args', 'example_xcom_args_with_operators']) retrieved from /home/airflow/.local/lib/python3.7/site-packages/airflow/example_dags/example_xcomargs.py
[2023-06-01T08:52:33.948+0000] {logging_mixin.py:137} INFO - [2023-06-01T08:52:33.948+0000] {dag.py:2690} INFO - Sync 2 DAGs
[2023-06-01T08:52:33.972+0000] {logging_mixin.py:137} INFO - [2023-06-01T08:52:33.972+0000] {dag.py:3441} INFO - Setting next_dagrun for example_xcom_args to None, run_after=None
[2023-06-01T08:52:33.975+0000] {logging_mixin.py:137} INFO - [2023-06-01T08:52:33.975+0000] {dag.py:3441} INFO - Setting next_dagrun for example_xcom_args_with_operators to None, run_after=None
[2023-06-01T08:52:33.995+0000] {processor.py:175} INFO - Processing /home/airflow/.local/lib/python3.7/site-packages/airflow/example_dags/example_xcomargs.py took 0.112 seconds
[2023-06-01T08:53:04.744+0000] {processor.py:153} INFO - Started process (PID=1158) to work on /home/airflow/.local/lib/python3.7/site-packages/airflow/example_dags/example_xcomargs.py
[2023-06-01T08:53:04.745+0000] {processor.py:743} INFO - Processing file /home/airflow/.local/lib/python3.7/site-packages/airflow/example_dags/example_xcomargs.py for tasks to queue
[2023-06-01T08:53:04.746+0000] {logging_mixin.py:137} INFO - [2023-06-01T08:53:04.746+0000] {dagbag.py:538} INFO - Filling up the DagBag from /home/airflow/.local/lib/python3.7/site-packages/airflow/example_dags/example_xcomargs.py
[2023-06-01T08:53:04.773+0000] {processor.py:753} INFO - DAG(s) dict_keys(['example_xcom_args', 'example_xcom_args_with_operators']) retrieved from /home/airflow/.local/lib/python3.7/site-packages/airflow/example_dags/example_xcomargs.py
[2023-06-01T08:53:04.808+0000] {logging_mixin.py:137} INFO - [2023-06-01T08:53:04.808+0000] {dag.py:2690} INFO - Sync 2 DAGs
[2023-06-01T08:53:04.835+0000] {logging_mixin.py:137} INFO - [2023-06-01T08:53:04.834+0000] {dag.py:3441} INFO - Setting next_dagrun for example_xcom_args to None, run_after=None
[2023-06-01T08:53:04.838+0000] {logging_mixin.py:137} INFO - [2023-06-01T08:53:04.838+0000] {dag.py:3441} INFO - Setting next_dagrun for example_xcom_args_with_operators to None, run_after=None
[2023-06-01T08:53:04.862+0000] {processor.py:175} INFO - Processing /home/airflow/.local/lib/python3.7/site-packages/airflow/example_dags/example_xcomargs.py took 0.121 seconds
[2023-06-01T08:53:35.117+0000] {processor.py:153} INFO - Started process (PID=1260) to work on /home/airflow/.local/lib/python3.7/site-packages/airflow/example_dags/example_xcomargs.py
[2023-06-01T08:53:35.119+0000] {processor.py:743} INFO - Processing file /home/airflow/.local/lib/python3.7/site-packages/airflow/example_dags/example_xcomargs.py for tasks to queue
[2023-06-01T08:53:35.120+0000] {logging_mixin.py:137} INFO - [2023-06-01T08:53:35.119+0000] {dagbag.py:538} INFO - Filling up the DagBag from /home/airflow/.local/lib/python3.7/site-packages/airflow/example_dags/example_xcomargs.py
[2023-06-01T08:53:35.147+0000] {processor.py:753} INFO - DAG(s) dict_keys(['example_xcom_args_with_operators', 'example_xcom_args']) retrieved from /home/airflow/.local/lib/python3.7/site-packages/airflow/example_dags/example_xcomargs.py
[2023-06-01T08:53:35.183+0000] {logging_mixin.py:137} INFO - [2023-06-01T08:53:35.182+0000] {dag.py:2690} INFO - Sync 2 DAGs
[2023-06-01T08:53:35.213+0000] {logging_mixin.py:137} INFO - [2023-06-01T08:53:35.213+0000] {dag.py:3441} INFO - Setting next_dagrun for example_xcom_args to None, run_after=None
[2023-06-01T08:53:35.218+0000] {logging_mixin.py:137} INFO - [2023-06-01T08:53:35.218+0000] {dag.py:3441} INFO - Setting next_dagrun for example_xcom_args_with_operators to None, run_after=None
[2023-06-01T08:53:35.238+0000] {processor.py:175} INFO - Processing /home/airflow/.local/lib/python3.7/site-packages/airflow/example_dags/example_xcomargs.py took 0.125 seconds
[2023-06-01T08:54:05.361+0000] {processor.py:153} INFO - Started process (PID=1347) to work on /home/airflow/.local/lib/python3.7/site-packages/airflow/example_dags/example_xcomargs.py
[2023-06-01T08:54:05.362+0000] {processor.py:743} INFO - Processing file /home/airflow/.local/lib/python3.7/site-packages/airflow/example_dags/example_xcomargs.py for tasks to queue
[2023-06-01T08:54:05.363+0000] {logging_mixin.py:137} INFO - [2023-06-01T08:54:05.362+0000] {dagbag.py:538} INFO - Filling up the DagBag from /home/airflow/.local/lib/python3.7/site-packages/airflow/example_dags/example_xcomargs.py
[2023-06-01T08:54:05.387+0000] {processor.py:753} INFO - DAG(s) dict_keys(['example_xcom_args_with_operators', 'example_xcom_args']) retrieved from /home/airflow/.local/lib/python3.7/site-packages/airflow/example_dags/example_xcomargs.py
[2023-06-01T08:54:05.418+0000] {logging_mixin.py:137} INFO - [2023-06-01T08:54:05.418+0000] {dag.py:2690} INFO - Sync 2 DAGs
[2023-06-01T08:54:05.448+0000] {logging_mixin.py:137} INFO - [2023-06-01T08:54:05.448+0000] {dag.py:3441} INFO - Setting next_dagrun for example_xcom_args to None, run_after=None
[2023-06-01T08:54:05.452+0000] {logging_mixin.py:137} INFO - [2023-06-01T08:54:05.452+0000] {dag.py:3441} INFO - Setting next_dagrun for example_xcom_args_with_operators to None, run_after=None
[2023-06-01T08:54:05.469+0000] {processor.py:175} INFO - Processing /home/airflow/.local/lib/python3.7/site-packages/airflow/example_dags/example_xcomargs.py took 0.113 seconds
[2023-06-01T08:54:35.897+0000] {processor.py:153} INFO - Started process (PID=1434) to work on /home/airflow/.local/lib/python3.7/site-packages/airflow/example_dags/example_xcomargs.py
[2023-06-01T08:54:35.899+0000] {processor.py:743} INFO - Processing file /home/airflow/.local/lib/python3.7/site-packages/airflow/example_dags/example_xcomargs.py for tasks to queue
[2023-06-01T08:54:35.900+0000] {logging_mixin.py:137} INFO - [2023-06-01T08:54:35.900+0000] {dagbag.py:538} INFO - Filling up the DagBag from /home/airflow/.local/lib/python3.7/site-packages/airflow/example_dags/example_xcomargs.py
[2023-06-01T08:54:35.924+0000] {processor.py:753} INFO - DAG(s) dict_keys(['example_xcom_args_with_operators', 'example_xcom_args']) retrieved from /home/airflow/.local/lib/python3.7/site-packages/airflow/example_dags/example_xcomargs.py
[2023-06-01T08:54:35.958+0000] {logging_mixin.py:137} INFO - [2023-06-01T08:54:35.958+0000] {dag.py:2690} INFO - Sync 2 DAGs
[2023-06-01T08:54:35.983+0000] {logging_mixin.py:137} INFO - [2023-06-01T08:54:35.983+0000] {dag.py:3441} INFO - Setting next_dagrun for example_xcom_args to None, run_after=None
[2023-06-01T08:54:35.987+0000] {logging_mixin.py:137} INFO - [2023-06-01T08:54:35.986+0000] {dag.py:3441} INFO - Setting next_dagrun for example_xcom_args_with_operators to None, run_after=None
[2023-06-01T08:54:36.004+0000] {processor.py:175} INFO - Processing /home/airflow/.local/lib/python3.7/site-packages/airflow/example_dags/example_xcomargs.py took 0.110 seconds
[2023-06-01T08:55:07.046+0000] {processor.py:153} INFO - Started process (PID=1545) to work on /home/airflow/.local/lib/python3.7/site-packages/airflow/example_dags/example_xcomargs.py
[2023-06-01T08:55:07.046+0000] {processor.py:743} INFO - Processing file /home/airflow/.local/lib/python3.7/site-packages/airflow/example_dags/example_xcomargs.py for tasks to queue
[2023-06-01T08:55:07.047+0000] {logging_mixin.py:137} INFO - [2023-06-01T08:55:07.047+0000] {dagbag.py:538} INFO - Filling up the DagBag from /home/airflow/.local/lib/python3.7/site-packages/airflow/example_dags/example_xcomargs.py
[2023-06-01T08:55:07.070+0000] {processor.py:753} INFO - DAG(s) dict_keys(['example_xcom_args_with_operators', 'example_xcom_args']) retrieved from /home/airflow/.local/lib/python3.7/site-packages/airflow/example_dags/example_xcomargs.py
[2023-06-01T08:55:07.098+0000] {logging_mixin.py:137} INFO - [2023-06-01T08:55:07.098+0000] {dag.py:2690} INFO - Sync 2 DAGs
[2023-06-01T08:55:07.121+0000] {logging_mixin.py:137} INFO - [2023-06-01T08:55:07.121+0000] {dag.py:3441} INFO - Setting next_dagrun for example_xcom_args to None, run_after=None
[2023-06-01T08:55:07.124+0000] {logging_mixin.py:137} INFO - [2023-06-01T08:55:07.124+0000] {dag.py:3441} INFO - Setting next_dagrun for example_xcom_args_with_operators to None, run_after=None
[2023-06-01T08:55:07.141+0000] {processor.py:175} INFO - Processing /home/airflow/.local/lib/python3.7/site-packages/airflow/example_dags/example_xcomargs.py took 0.098 seconds
[2023-06-01T08:55:38.105+0000] {processor.py:153} INFO - Started process (PID=1632) to work on /home/airflow/.local/lib/python3.7/site-packages/airflow/example_dags/example_xcomargs.py
[2023-06-01T08:55:38.106+0000] {processor.py:743} INFO - Processing file /home/airflow/.local/lib/python3.7/site-packages/airflow/example_dags/example_xcomargs.py for tasks to queue
[2023-06-01T08:55:38.107+0000] {logging_mixin.py:137} INFO - [2023-06-01T08:55:38.107+0000] {dagbag.py:538} INFO - Filling up the DagBag from /home/airflow/.local/lib/python3.7/site-packages/airflow/example_dags/example_xcomargs.py
[2023-06-01T08:55:38.132+0000] {processor.py:753} INFO - DAG(s) dict_keys(['example_xcom_args_with_operators', 'example_xcom_args']) retrieved from /home/airflow/.local/lib/python3.7/site-packages/airflow/example_dags/example_xcomargs.py
[2023-06-01T08:55:38.169+0000] {logging_mixin.py:137} INFO - [2023-06-01T08:55:38.169+0000] {dag.py:2690} INFO - Sync 2 DAGs
[2023-06-01T08:55:38.195+0000] {logging_mixin.py:137} INFO - [2023-06-01T08:55:38.195+0000] {dag.py:3441} INFO - Setting next_dagrun for example_xcom_args to None, run_after=None
[2023-06-01T08:55:38.198+0000] {logging_mixin.py:137} INFO - [2023-06-01T08:55:38.198+0000] {dag.py:3441} INFO - Setting next_dagrun for example_xcom_args_with_operators to None, run_after=None
[2023-06-01T08:55:38.215+0000] {processor.py:175} INFO - Processing /home/airflow/.local/lib/python3.7/site-packages/airflow/example_dags/example_xcomargs.py took 0.113 seconds
[2023-06-01T08:56:08.437+0000] {processor.py:153} INFO - Started process (PID=1719) to work on /home/airflow/.local/lib/python3.7/site-packages/airflow/example_dags/example_xcomargs.py
[2023-06-01T08:56:08.438+0000] {processor.py:743} INFO - Processing file /home/airflow/.local/lib/python3.7/site-packages/airflow/example_dags/example_xcomargs.py for tasks to queue
[2023-06-01T08:56:08.439+0000] {logging_mixin.py:137} INFO - [2023-06-01T08:56:08.439+0000] {dagbag.py:538} INFO - Filling up the DagBag from /home/airflow/.local/lib/python3.7/site-packages/airflow/example_dags/example_xcomargs.py
[2023-06-01T08:56:08.463+0000] {processor.py:753} INFO - DAG(s) dict_keys(['example_xcom_args_with_operators', 'example_xcom_args']) retrieved from /home/airflow/.local/lib/python3.7/site-packages/airflow/example_dags/example_xcomargs.py
[2023-06-01T08:56:08.494+0000] {logging_mixin.py:137} INFO - [2023-06-01T08:56:08.494+0000] {dag.py:2690} INFO - Sync 2 DAGs
[2023-06-01T08:56:08.521+0000] {logging_mixin.py:137} INFO - [2023-06-01T08:56:08.520+0000] {dag.py:3441} INFO - Setting next_dagrun for example_xcom_args to None, run_after=None
[2023-06-01T08:56:08.526+0000] {logging_mixin.py:137} INFO - [2023-06-01T08:56:08.526+0000] {dag.py:3441} INFO - Setting next_dagrun for example_xcom_args_with_operators to None, run_after=None
[2023-06-01T08:56:08.547+0000] {processor.py:175} INFO - Processing /home/airflow/.local/lib/python3.7/site-packages/airflow/example_dags/example_xcomargs.py took 0.113 seconds
[2023-06-01T08:56:39.430+0000] {processor.py:153} INFO - Started process (PID=1830) to work on /home/airflow/.local/lib/python3.7/site-packages/airflow/example_dags/example_xcomargs.py
[2023-06-01T08:56:39.432+0000] {processor.py:743} INFO - Processing file /home/airflow/.local/lib/python3.7/site-packages/airflow/example_dags/example_xcomargs.py for tasks to queue
[2023-06-01T08:56:39.432+0000] {logging_mixin.py:137} INFO - [2023-06-01T08:56:39.432+0000] {dagbag.py:538} INFO - Filling up the DagBag from /home/airflow/.local/lib/python3.7/site-packages/airflow/example_dags/example_xcomargs.py
[2023-06-01T08:56:39.464+0000] {processor.py:753} INFO - DAG(s) dict_keys(['example_xcom_args', 'example_xcom_args_with_operators']) retrieved from /home/airflow/.local/lib/python3.7/site-packages/airflow/example_dags/example_xcomargs.py
[2023-06-01T08:56:39.502+0000] {logging_mixin.py:137} INFO - [2023-06-01T08:56:39.502+0000] {dag.py:2690} INFO - Sync 2 DAGs
[2023-06-01T08:56:39.530+0000] {logging_mixin.py:137} INFO - [2023-06-01T08:56:39.530+0000] {dag.py:3441} INFO - Setting next_dagrun for example_xcom_args to None, run_after=None
[2023-06-01T08:56:39.533+0000] {logging_mixin.py:137} INFO - [2023-06-01T08:56:39.533+0000] {dag.py:3441} INFO - Setting next_dagrun for example_xcom_args_with_operators to None, run_after=None
[2023-06-01T08:56:39.550+0000] {processor.py:175} INFO - Processing /home/airflow/.local/lib/python3.7/site-packages/airflow/example_dags/example_xcomargs.py took 0.125 seconds
[2023-06-01T08:57:09.898+0000] {processor.py:153} INFO - Started process (PID=1917) to work on /home/airflow/.local/lib/python3.7/site-packages/airflow/example_dags/example_xcomargs.py
[2023-06-01T08:57:09.899+0000] {processor.py:743} INFO - Processing file /home/airflow/.local/lib/python3.7/site-packages/airflow/example_dags/example_xcomargs.py for tasks to queue
[2023-06-01T08:57:09.900+0000] {logging_mixin.py:137} INFO - [2023-06-01T08:57:09.900+0000] {dagbag.py:538} INFO - Filling up the DagBag from /home/airflow/.local/lib/python3.7/site-packages/airflow/example_dags/example_xcomargs.py
[2023-06-01T08:57:09.926+0000] {processor.py:753} INFO - DAG(s) dict_keys(['example_xcom_args', 'example_xcom_args_with_operators']) retrieved from /home/airflow/.local/lib/python3.7/site-packages/airflow/example_dags/example_xcomargs.py
[2023-06-01T08:57:09.958+0000] {logging_mixin.py:137} INFO - [2023-06-01T08:57:09.958+0000] {dag.py:2690} INFO - Sync 2 DAGs
[2023-06-01T08:57:09.984+0000] {logging_mixin.py:137} INFO - [2023-06-01T08:57:09.983+0000] {dag.py:3441} INFO - Setting next_dagrun for example_xcom_args to None, run_after=None
[2023-06-01T08:57:09.987+0000] {logging_mixin.py:137} INFO - [2023-06-01T08:57:09.987+0000] {dag.py:3441} INFO - Setting next_dagrun for example_xcom_args_with_operators to None, run_after=None
[2023-06-01T08:57:10.012+0000] {processor.py:175} INFO - Processing /home/airflow/.local/lib/python3.7/site-packages/airflow/example_dags/example_xcomargs.py took 0.118 seconds
[2023-06-01T08:57:40.117+0000] {processor.py:153} INFO - Started process (PID=2004) to work on /home/airflow/.local/lib/python3.7/site-packages/airflow/example_dags/example_xcomargs.py
[2023-06-01T08:57:40.119+0000] {processor.py:743} INFO - Processing file /home/airflow/.local/lib/python3.7/site-packages/airflow/example_dags/example_xcomargs.py for tasks to queue
[2023-06-01T08:57:40.120+0000] {logging_mixin.py:137} INFO - [2023-06-01T08:57:40.120+0000] {dagbag.py:538} INFO - Filling up the DagBag from /home/airflow/.local/lib/python3.7/site-packages/airflow/example_dags/example_xcomargs.py
[2023-06-01T08:57:40.142+0000] {processor.py:753} INFO - DAG(s) dict_keys(['example_xcom_args_with_operators', 'example_xcom_args']) retrieved from /home/airflow/.local/lib/python3.7/site-packages/airflow/example_dags/example_xcomargs.py
[2023-06-01T08:57:40.173+0000] {logging_mixin.py:137} INFO - [2023-06-01T08:57:40.172+0000] {dag.py:2690} INFO - Sync 2 DAGs
[2023-06-01T08:57:40.202+0000] {logging_mixin.py:137} INFO - [2023-06-01T08:57:40.202+0000] {dag.py:3441} INFO - Setting next_dagrun for example_xcom_args to None, run_after=None
[2023-06-01T08:57:40.206+0000] {logging_mixin.py:137} INFO - [2023-06-01T08:57:40.206+0000] {dag.py:3441} INFO - Setting next_dagrun for example_xcom_args_with_operators to None, run_after=None
[2023-06-01T08:57:40.227+0000] {processor.py:175} INFO - Processing /home/airflow/.local/lib/python3.7/site-packages/airflow/example_dags/example_xcomargs.py took 0.113 seconds
[2023-06-01T08:58:11.463+0000] {processor.py:153} INFO - Started process (PID=2115) to work on /home/airflow/.local/lib/python3.7/site-packages/airflow/example_dags/example_xcomargs.py
[2023-06-01T08:58:11.464+0000] {processor.py:743} INFO - Processing file /home/airflow/.local/lib/python3.7/site-packages/airflow/example_dags/example_xcomargs.py for tasks to queue
[2023-06-01T08:58:11.464+0000] {logging_mixin.py:137} INFO - [2023-06-01T08:58:11.464+0000] {dagbag.py:538} INFO - Filling up the DagBag from /home/airflow/.local/lib/python3.7/site-packages/airflow/example_dags/example_xcomargs.py
[2023-06-01T08:58:11.492+0000] {processor.py:753} INFO - DAG(s) dict_keys(['example_xcom_args_with_operators', 'example_xcom_args']) retrieved from /home/airflow/.local/lib/python3.7/site-packages/airflow/example_dags/example_xcomargs.py
[2023-06-01T08:58:11.540+0000] {logging_mixin.py:137} INFO - [2023-06-01T08:58:11.539+0000] {dag.py:2690} INFO - Sync 2 DAGs
[2023-06-01T08:58:11.577+0000] {logging_mixin.py:137} INFO - [2023-06-01T08:58:11.577+0000] {dag.py:3441} INFO - Setting next_dagrun for example_xcom_args to None, run_after=None
[2023-06-01T08:58:11.582+0000] {logging_mixin.py:137} INFO - [2023-06-01T08:58:11.582+0000] {dag.py:3441} INFO - Setting next_dagrun for example_xcom_args_with_operators to None, run_after=None
[2023-06-01T08:58:11.599+0000] {processor.py:175} INFO - Processing /home/airflow/.local/lib/python3.7/site-packages/airflow/example_dags/example_xcomargs.py took 0.140 seconds
[2023-06-01T08:58:42.084+0000] {processor.py:153} INFO - Started process (PID=2202) to work on /home/airflow/.local/lib/python3.7/site-packages/airflow/example_dags/example_xcomargs.py
[2023-06-01T08:58:42.086+0000] {processor.py:743} INFO - Processing file /home/airflow/.local/lib/python3.7/site-packages/airflow/example_dags/example_xcomargs.py for tasks to queue
[2023-06-01T08:58:42.086+0000] {logging_mixin.py:137} INFO - [2023-06-01T08:58:42.086+0000] {dagbag.py:538} INFO - Filling up the DagBag from /home/airflow/.local/lib/python3.7/site-packages/airflow/example_dags/example_xcomargs.py
[2023-06-01T08:58:42.111+0000] {processor.py:753} INFO - DAG(s) dict_keys(['example_xcom_args_with_operators', 'example_xcom_args']) retrieved from /home/airflow/.local/lib/python3.7/site-packages/airflow/example_dags/example_xcomargs.py
[2023-06-01T08:58:42.149+0000] {logging_mixin.py:137} INFO - [2023-06-01T08:58:42.149+0000] {dag.py:2690} INFO - Sync 2 DAGs
[2023-06-01T08:58:42.178+0000] {logging_mixin.py:137} INFO - [2023-06-01T08:58:42.178+0000] {dag.py:3441} INFO - Setting next_dagrun for example_xcom_args to None, run_after=None
[2023-06-01T08:58:42.182+0000] {logging_mixin.py:137} INFO - [2023-06-01T08:58:42.182+0000] {dag.py:3441} INFO - Setting next_dagrun for example_xcom_args_with_operators to None, run_after=None
[2023-06-01T08:58:42.202+0000] {processor.py:175} INFO - Processing /home/airflow/.local/lib/python3.7/site-packages/airflow/example_dags/example_xcomargs.py took 0.121 seconds
[2023-06-01T08:59:12.706+0000] {processor.py:153} INFO - Started process (PID=2289) to work on /home/airflow/.local/lib/python3.7/site-packages/airflow/example_dags/example_xcomargs.py
[2023-06-01T08:59:12.707+0000] {processor.py:743} INFO - Processing file /home/airflow/.local/lib/python3.7/site-packages/airflow/example_dags/example_xcomargs.py for tasks to queue
[2023-06-01T08:59:12.708+0000] {logging_mixin.py:137} INFO - [2023-06-01T08:59:12.707+0000] {dagbag.py:538} INFO - Filling up the DagBag from /home/airflow/.local/lib/python3.7/site-packages/airflow/example_dags/example_xcomargs.py
[2023-06-01T08:59:12.734+0000] {processor.py:753} INFO - DAG(s) dict_keys(['example_xcom_args_with_operators', 'example_xcom_args']) retrieved from /home/airflow/.local/lib/python3.7/site-packages/airflow/example_dags/example_xcomargs.py
[2023-06-01T08:59:12.764+0000] {logging_mixin.py:137} INFO - [2023-06-01T08:59:12.764+0000] {dag.py:2690} INFO - Sync 2 DAGs
[2023-06-01T08:59:12.793+0000] {logging_mixin.py:137} INFO - [2023-06-01T08:59:12.793+0000] {dag.py:3441} INFO - Setting next_dagrun for example_xcom_args to None, run_after=None
[2023-06-01T08:59:12.797+0000] {logging_mixin.py:137} INFO - [2023-06-01T08:59:12.797+0000] {dag.py:3441} INFO - Setting next_dagrun for example_xcom_args_with_operators to None, run_after=None
[2023-06-01T08:59:12.816+0000] {processor.py:175} INFO - Processing /home/airflow/.local/lib/python3.7/site-packages/airflow/example_dags/example_xcomargs.py took 0.114 seconds
[2023-06-01T08:59:43.522+0000] {processor.py:153} INFO - Started process (PID=2376) to work on /home/airflow/.local/lib/python3.7/site-packages/airflow/example_dags/example_xcomargs.py
[2023-06-01T08:59:43.524+0000] {processor.py:743} INFO - Processing file /home/airflow/.local/lib/python3.7/site-packages/airflow/example_dags/example_xcomargs.py for tasks to queue
[2023-06-01T08:59:43.525+0000] {logging_mixin.py:137} INFO - [2023-06-01T08:59:43.525+0000] {dagbag.py:538} INFO - Filling up the DagBag from /home/airflow/.local/lib/python3.7/site-packages/airflow/example_dags/example_xcomargs.py
[2023-06-01T08:59:43.553+0000] {processor.py:753} INFO - DAG(s) dict_keys(['example_xcom_args', 'example_xcom_args_with_operators']) retrieved from /home/airflow/.local/lib/python3.7/site-packages/airflow/example_dags/example_xcomargs.py
[2023-06-01T08:59:43.594+0000] {logging_mixin.py:137} INFO - [2023-06-01T08:59:43.594+0000] {dag.py:2690} INFO - Sync 2 DAGs
[2023-06-01T08:59:43.627+0000] {logging_mixin.py:137} INFO - [2023-06-01T08:59:43.627+0000] {dag.py:3441} INFO - Setting next_dagrun for example_xcom_args to None, run_after=None
[2023-06-01T08:59:43.631+0000] {logging_mixin.py:137} INFO - [2023-06-01T08:59:43.630+0000] {dag.py:3441} INFO - Setting next_dagrun for example_xcom_args_with_operators to None, run_after=None
[2023-06-01T08:59:43.654+0000] {processor.py:175} INFO - Processing /home/airflow/.local/lib/python3.7/site-packages/airflow/example_dags/example_xcomargs.py took 0.136 seconds
[2023-06-01T09:00:14.607+0000] {processor.py:153} INFO - Started process (PID=2487) to work on /home/airflow/.local/lib/python3.7/site-packages/airflow/example_dags/example_xcomargs.py
[2023-06-01T09:00:14.608+0000] {processor.py:743} INFO - Processing file /home/airflow/.local/lib/python3.7/site-packages/airflow/example_dags/example_xcomargs.py for tasks to queue
[2023-06-01T09:00:14.609+0000] {logging_mixin.py:137} INFO - [2023-06-01T09:00:14.609+0000] {dagbag.py:538} INFO - Filling up the DagBag from /home/airflow/.local/lib/python3.7/site-packages/airflow/example_dags/example_xcomargs.py
[2023-06-01T09:00:14.637+0000] {processor.py:753} INFO - DAG(s) dict_keys(['example_xcom_args_with_operators', 'example_xcom_args']) retrieved from /home/airflow/.local/lib/python3.7/site-packages/airflow/example_dags/example_xcomargs.py
[2023-06-01T09:00:14.686+0000] {logging_mixin.py:137} INFO - [2023-06-01T09:00:14.686+0000] {dag.py:2690} INFO - Sync 2 DAGs
[2023-06-01T09:00:14.718+0000] {logging_mixin.py:137} INFO - [2023-06-01T09:00:14.718+0000] {dag.py:3441} INFO - Setting next_dagrun for example_xcom_args to None, run_after=None
[2023-06-01T09:00:14.723+0000] {logging_mixin.py:137} INFO - [2023-06-01T09:00:14.723+0000] {dag.py:3441} INFO - Setting next_dagrun for example_xcom_args_with_operators to None, run_after=None
[2023-06-01T09:00:14.750+0000] {processor.py:175} INFO - Processing /home/airflow/.local/lib/python3.7/site-packages/airflow/example_dags/example_xcomargs.py took 0.149 seconds
[2023-06-01T09:00:45.262+0000] {processor.py:153} INFO - Started process (PID=2574) to work on /home/airflow/.local/lib/python3.7/site-packages/airflow/example_dags/example_xcomargs.py
[2023-06-01T09:00:45.264+0000] {processor.py:743} INFO - Processing file /home/airflow/.local/lib/python3.7/site-packages/airflow/example_dags/example_xcomargs.py for tasks to queue
[2023-06-01T09:00:45.264+0000] {logging_mixin.py:137} INFO - [2023-06-01T09:00:45.264+0000] {dagbag.py:538} INFO - Filling up the DagBag from /home/airflow/.local/lib/python3.7/site-packages/airflow/example_dags/example_xcomargs.py
[2023-06-01T09:00:45.293+0000] {processor.py:753} INFO - DAG(s) dict_keys(['example_xcom_args_with_operators', 'example_xcom_args']) retrieved from /home/airflow/.local/lib/python3.7/site-packages/airflow/example_dags/example_xcomargs.py
[2023-06-01T09:00:45.328+0000] {logging_mixin.py:137} INFO - [2023-06-01T09:00:45.328+0000] {dag.py:2690} INFO - Sync 2 DAGs
[2023-06-01T09:00:45.354+0000] {logging_mixin.py:137} INFO - [2023-06-01T09:00:45.354+0000] {dag.py:3441} INFO - Setting next_dagrun for example_xcom_args to None, run_after=None
[2023-06-01T09:00:45.357+0000] {logging_mixin.py:137} INFO - [2023-06-01T09:00:45.357+0000] {dag.py:3441} INFO - Setting next_dagrun for example_xcom_args_with_operators to None, run_after=None
[2023-06-01T09:00:45.376+0000] {processor.py:175} INFO - Processing /home/airflow/.local/lib/python3.7/site-packages/airflow/example_dags/example_xcomargs.py took 0.118 seconds
[2023-06-01T09:01:16.071+0000] {processor.py:153} INFO - Started process (PID=2661) to work on /home/airflow/.local/lib/python3.7/site-packages/airflow/example_dags/example_xcomargs.py
[2023-06-01T09:01:16.071+0000] {processor.py:743} INFO - Processing file /home/airflow/.local/lib/python3.7/site-packages/airflow/example_dags/example_xcomargs.py for tasks to queue
[2023-06-01T09:01:16.072+0000] {logging_mixin.py:137} INFO - [2023-06-01T09:01:16.072+0000] {dagbag.py:538} INFO - Filling up the DagBag from /home/airflow/.local/lib/python3.7/site-packages/airflow/example_dags/example_xcomargs.py
[2023-06-01T09:01:16.096+0000] {processor.py:753} INFO - DAG(s) dict_keys(['example_xcom_args_with_operators', 'example_xcom_args']) retrieved from /home/airflow/.local/lib/python3.7/site-packages/airflow/example_dags/example_xcomargs.py
[2023-06-01T09:01:16.128+0000] {logging_mixin.py:137} INFO - [2023-06-01T09:01:16.128+0000] {dag.py:2690} INFO - Sync 2 DAGs
[2023-06-01T09:01:16.153+0000] {logging_mixin.py:137} INFO - [2023-06-01T09:01:16.153+0000] {dag.py:3441} INFO - Setting next_dagrun for example_xcom_args to None, run_after=None
[2023-06-01T09:01:16.156+0000] {logging_mixin.py:137} INFO - [2023-06-01T09:01:16.156+0000] {dag.py:3441} INFO - Setting next_dagrun for example_xcom_args_with_operators to None, run_after=None
[2023-06-01T09:01:16.172+0000] {processor.py:175} INFO - Processing /home/airflow/.local/lib/python3.7/site-packages/airflow/example_dags/example_xcomargs.py took 0.105 seconds
[2023-06-01T09:01:46.937+0000] {processor.py:153} INFO - Started process (PID=2772) to work on /home/airflow/.local/lib/python3.7/site-packages/airflow/example_dags/example_xcomargs.py
[2023-06-01T09:01:46.938+0000] {processor.py:743} INFO - Processing file /home/airflow/.local/lib/python3.7/site-packages/airflow/example_dags/example_xcomargs.py for tasks to queue
[2023-06-01T09:01:46.939+0000] {logging_mixin.py:137} INFO - [2023-06-01T09:01:46.939+0000] {dagbag.py:538} INFO - Filling up the DagBag from /home/airflow/.local/lib/python3.7/site-packages/airflow/example_dags/example_xcomargs.py
[2023-06-01T09:01:46.961+0000] {processor.py:753} INFO - DAG(s) dict_keys(['example_xcom_args', 'example_xcom_args_with_operators']) retrieved from /home/airflow/.local/lib/python3.7/site-packages/airflow/example_dags/example_xcomargs.py
[2023-06-01T09:01:46.987+0000] {logging_mixin.py:137} INFO - [2023-06-01T09:01:46.987+0000] {dag.py:2690} INFO - Sync 2 DAGs
[2023-06-01T09:01:47.012+0000] {logging_mixin.py:137} INFO - [2023-06-01T09:01:47.012+0000] {dag.py:3441} INFO - Setting next_dagrun for example_xcom_args to None, run_after=None
[2023-06-01T09:01:47.015+0000] {logging_mixin.py:137} INFO - [2023-06-01T09:01:47.015+0000] {dag.py:3441} INFO - Setting next_dagrun for example_xcom_args_with_operators to None, run_after=None
[2023-06-01T09:01:47.031+0000] {processor.py:175} INFO - Processing /home/airflow/.local/lib/python3.7/site-packages/airflow/example_dags/example_xcomargs.py took 0.098 seconds
[2023-06-01T09:02:17.077+0000] {processor.py:153} INFO - Started process (PID=2859) to work on /home/airflow/.local/lib/python3.7/site-packages/airflow/example_dags/example_xcomargs.py
[2023-06-01T09:02:17.078+0000] {processor.py:743} INFO - Processing file /home/airflow/.local/lib/python3.7/site-packages/airflow/example_dags/example_xcomargs.py for tasks to queue
[2023-06-01T09:02:17.078+0000] {logging_mixin.py:137} INFO - [2023-06-01T09:02:17.078+0000] {dagbag.py:538} INFO - Filling up the DagBag from /home/airflow/.local/lib/python3.7/site-packages/airflow/example_dags/example_xcomargs.py
[2023-06-01T09:02:17.100+0000] {processor.py:753} INFO - DAG(s) dict_keys(['example_xcom_args_with_operators', 'example_xcom_args']) retrieved from /home/airflow/.local/lib/python3.7/site-packages/airflow/example_dags/example_xcomargs.py
[2023-06-01T09:02:17.134+0000] {logging_mixin.py:137} INFO - [2023-06-01T09:02:17.134+0000] {dag.py:2690} INFO - Sync 2 DAGs
[2023-06-01T09:02:17.162+0000] {logging_mixin.py:137} INFO - [2023-06-01T09:02:17.162+0000] {dag.py:3441} INFO - Setting next_dagrun for example_xcom_args to None, run_after=None
[2023-06-01T09:02:17.166+0000] {logging_mixin.py:137} INFO - [2023-06-01T09:02:17.166+0000] {dag.py:3441} INFO - Setting next_dagrun for example_xcom_args_with_operators to None, run_after=None
[2023-06-01T09:02:17.184+0000] {processor.py:175} INFO - Processing /home/airflow/.local/lib/python3.7/site-packages/airflow/example_dags/example_xcomargs.py took 0.110 seconds
[2023-06-01T09:02:47.481+0000] {processor.py:153} INFO - Started process (PID=2946) to work on /home/airflow/.local/lib/python3.7/site-packages/airflow/example_dags/example_xcomargs.py
[2023-06-01T09:02:47.482+0000] {processor.py:743} INFO - Processing file /home/airflow/.local/lib/python3.7/site-packages/airflow/example_dags/example_xcomargs.py for tasks to queue
[2023-06-01T09:02:47.483+0000] {logging_mixin.py:137} INFO - [2023-06-01T09:02:47.482+0000] {dagbag.py:538} INFO - Filling up the DagBag from /home/airflow/.local/lib/python3.7/site-packages/airflow/example_dags/example_xcomargs.py
[2023-06-01T09:02:47.508+0000] {processor.py:753} INFO - DAG(s) dict_keys(['example_xcom_args', 'example_xcom_args_with_operators']) retrieved from /home/airflow/.local/lib/python3.7/site-packages/airflow/example_dags/example_xcomargs.py
[2023-06-01T09:02:47.539+0000] {logging_mixin.py:137} INFO - [2023-06-01T09:02:47.539+0000] {dag.py:2690} INFO - Sync 2 DAGs
[2023-06-01T09:02:47.563+0000] {logging_mixin.py:137} INFO - [2023-06-01T09:02:47.563+0000] {dag.py:3441} INFO - Setting next_dagrun for example_xcom_args to None, run_after=None
[2023-06-01T09:02:47.566+0000] {logging_mixin.py:137} INFO - [2023-06-01T09:02:47.566+0000] {dag.py:3441} INFO - Setting next_dagrun for example_xcom_args_with_operators to None, run_after=None
[2023-06-01T09:02:47.584+0000] {processor.py:175} INFO - Processing /home/airflow/.local/lib/python3.7/site-packages/airflow/example_dags/example_xcomargs.py took 0.107 seconds
[2023-06-01T09:03:18.061+0000] {processor.py:153} INFO - Started process (PID=3033) to work on /home/airflow/.local/lib/python3.7/site-packages/airflow/example_dags/example_xcomargs.py
[2023-06-01T09:03:18.062+0000] {processor.py:743} INFO - Processing file /home/airflow/.local/lib/python3.7/site-packages/airflow/example_dags/example_xcomargs.py for tasks to queue
[2023-06-01T09:03:18.062+0000] {logging_mixin.py:137} INFO - [2023-06-01T09:03:18.062+0000] {dagbag.py:538} INFO - Filling up the DagBag from /home/airflow/.local/lib/python3.7/site-packages/airflow/example_dags/example_xcomargs.py
[2023-06-01T09:03:18.088+0000] {processor.py:753} INFO - DAG(s) dict_keys(['example_xcom_args_with_operators', 'example_xcom_args']) retrieved from /home/airflow/.local/lib/python3.7/site-packages/airflow/example_dags/example_xcomargs.py
[2023-06-01T09:03:18.119+0000] {logging_mixin.py:137} INFO - [2023-06-01T09:03:18.119+0000] {dag.py:2690} INFO - Sync 2 DAGs
[2023-06-01T09:03:18.145+0000] {logging_mixin.py:137} INFO - [2023-06-01T09:03:18.145+0000] {dag.py:3441} INFO - Setting next_dagrun for example_xcom_args to None, run_after=None
[2023-06-01T09:03:18.149+0000] {logging_mixin.py:137} INFO - [2023-06-01T09:03:18.149+0000] {dag.py:3441} INFO - Setting next_dagrun for example_xcom_args_with_operators to None, run_after=None
[2023-06-01T09:03:18.164+0000] {processor.py:175} INFO - Processing /home/airflow/.local/lib/python3.7/site-packages/airflow/example_dags/example_xcomargs.py took 0.107 seconds
[2023-06-01T09:03:48.948+0000] {processor.py:153} INFO - Started process (PID=3144) to work on /home/airflow/.local/lib/python3.7/site-packages/airflow/example_dags/example_xcomargs.py
[2023-06-01T09:03:48.949+0000] {processor.py:743} INFO - Processing file /home/airflow/.local/lib/python3.7/site-packages/airflow/example_dags/example_xcomargs.py for tasks to queue
[2023-06-01T09:03:48.950+0000] {logging_mixin.py:137} INFO - [2023-06-01T09:03:48.950+0000] {dagbag.py:538} INFO - Filling up the DagBag from /home/airflow/.local/lib/python3.7/site-packages/airflow/example_dags/example_xcomargs.py
[2023-06-01T09:03:48.976+0000] {processor.py:753} INFO - DAG(s) dict_keys(['example_xcom_args', 'example_xcom_args_with_operators']) retrieved from /home/airflow/.local/lib/python3.7/site-packages/airflow/example_dags/example_xcomargs.py
[2023-06-01T09:03:49.006+0000] {logging_mixin.py:137} INFO - [2023-06-01T09:03:49.006+0000] {dag.py:2690} INFO - Sync 2 DAGs
[2023-06-01T09:03:49.032+0000] {logging_mixin.py:137} INFO - [2023-06-01T09:03:49.032+0000] {dag.py:3441} INFO - Setting next_dagrun for example_xcom_args to None, run_after=None
[2023-06-01T09:03:49.035+0000] {logging_mixin.py:137} INFO - [2023-06-01T09:03:49.035+0000] {dag.py:3441} INFO - Setting next_dagrun for example_xcom_args_with_operators to None, run_after=None
[2023-06-01T09:03:49.050+0000] {processor.py:175} INFO - Processing /home/airflow/.local/lib/python3.7/site-packages/airflow/example_dags/example_xcomargs.py took 0.106 seconds
[2023-06-01T09:04:19.126+0000] {processor.py:153} INFO - Started process (PID=3231) to work on /home/airflow/.local/lib/python3.7/site-packages/airflow/example_dags/example_xcomargs.py
[2023-06-01T09:04:19.127+0000] {processor.py:743} INFO - Processing file /home/airflow/.local/lib/python3.7/site-packages/airflow/example_dags/example_xcomargs.py for tasks to queue
[2023-06-01T09:04:19.128+0000] {logging_mixin.py:137} INFO - [2023-06-01T09:04:19.127+0000] {dagbag.py:538} INFO - Filling up the DagBag from /home/airflow/.local/lib/python3.7/site-packages/airflow/example_dags/example_xcomargs.py
[2023-06-01T09:04:19.155+0000] {processor.py:753} INFO - DAG(s) dict_keys(['example_xcom_args', 'example_xcom_args_with_operators']) retrieved from /home/airflow/.local/lib/python3.7/site-packages/airflow/example_dags/example_xcomargs.py
[2023-06-01T09:04:19.189+0000] {logging_mixin.py:137} INFO - [2023-06-01T09:04:19.189+0000] {dag.py:2690} INFO - Sync 2 DAGs
[2023-06-01T09:04:19.217+0000] {logging_mixin.py:137} INFO - [2023-06-01T09:04:19.216+0000] {dag.py:3441} INFO - Setting next_dagrun for example_xcom_args to None, run_after=None
[2023-06-01T09:04:19.221+0000] {logging_mixin.py:137} INFO - [2023-06-01T09:04:19.221+0000] {dag.py:3441} INFO - Setting next_dagrun for example_xcom_args_with_operators to None, run_after=None
[2023-06-01T09:04:19.249+0000] {processor.py:175} INFO - Processing /home/airflow/.local/lib/python3.7/site-packages/airflow/example_dags/example_xcomargs.py took 0.127 seconds
[2023-06-01T09:04:49.834+0000] {processor.py:153} INFO - Started process (PID=3318) to work on /home/airflow/.local/lib/python3.7/site-packages/airflow/example_dags/example_xcomargs.py
[2023-06-01T09:04:49.837+0000] {processor.py:743} INFO - Processing file /home/airflow/.local/lib/python3.7/site-packages/airflow/example_dags/example_xcomargs.py for tasks to queue
[2023-06-01T09:04:49.838+0000] {logging_mixin.py:137} INFO - [2023-06-01T09:04:49.838+0000] {dagbag.py:538} INFO - Filling up the DagBag from /home/airflow/.local/lib/python3.7/site-packages/airflow/example_dags/example_xcomargs.py
[2023-06-01T09:04:49.863+0000] {processor.py:753} INFO - DAG(s) dict_keys(['example_xcom_args_with_operators', 'example_xcom_args']) retrieved from /home/airflow/.local/lib/python3.7/site-packages/airflow/example_dags/example_xcomargs.py
[2023-06-01T09:04:49.902+0000] {logging_mixin.py:137} INFO - [2023-06-01T09:04:49.902+0000] {dag.py:2690} INFO - Sync 2 DAGs
[2023-06-01T09:04:49.931+0000] {logging_mixin.py:137} INFO - [2023-06-01T09:04:49.931+0000] {dag.py:3441} INFO - Setting next_dagrun for example_xcom_args to None, run_after=None
[2023-06-01T09:04:49.937+0000] {logging_mixin.py:137} INFO - [2023-06-01T09:04:49.936+0000] {dag.py:3441} INFO - Setting next_dagrun for example_xcom_args_with_operators to None, run_after=None
[2023-06-01T09:04:49.964+0000] {processor.py:175} INFO - Processing /home/airflow/.local/lib/python3.7/site-packages/airflow/example_dags/example_xcomargs.py took 0.135 seconds
[2023-06-01T09:05:21.550+0000] {processor.py:153} INFO - Started process (PID=3412) to work on /home/airflow/.local/lib/python3.7/site-packages/airflow/example_dags/example_xcomargs.py
[2023-06-01T09:05:21.551+0000] {processor.py:743} INFO - Processing file /home/airflow/.local/lib/python3.7/site-packages/airflow/example_dags/example_xcomargs.py for tasks to queue
[2023-06-01T09:05:21.552+0000] {logging_mixin.py:137} INFO - [2023-06-01T09:05:21.552+0000] {dagbag.py:538} INFO - Filling up the DagBag from /home/airflow/.local/lib/python3.7/site-packages/airflow/example_dags/example_xcomargs.py
[2023-06-01T09:05:21.582+0000] {processor.py:753} INFO - DAG(s) dict_keys(['example_xcom_args', 'example_xcom_args_with_operators']) retrieved from /home/airflow/.local/lib/python3.7/site-packages/airflow/example_dags/example_xcomargs.py
[2023-06-01T09:05:21.632+0000] {logging_mixin.py:137} INFO - [2023-06-01T09:05:21.632+0000] {dag.py:2690} INFO - Sync 2 DAGs
[2023-06-01T09:05:21.673+0000] {logging_mixin.py:137} INFO - [2023-06-01T09:05:21.673+0000] {dag.py:3441} INFO - Setting next_dagrun for example_xcom_args to None, run_after=None
[2023-06-01T09:05:21.681+0000] {logging_mixin.py:137} INFO - [2023-06-01T09:05:21.681+0000] {dag.py:3441} INFO - Setting next_dagrun for example_xcom_args_with_operators to None, run_after=None
[2023-06-01T09:05:21.717+0000] {processor.py:175} INFO - Processing /home/airflow/.local/lib/python3.7/site-packages/airflow/example_dags/example_xcomargs.py took 0.171 seconds
[2023-06-01T09:05:51.903+0000] {processor.py:153} INFO - Started process (PID=3516) to work on /home/airflow/.local/lib/python3.7/site-packages/airflow/example_dags/example_xcomargs.py
[2023-06-01T09:05:51.906+0000] {processor.py:743} INFO - Processing file /home/airflow/.local/lib/python3.7/site-packages/airflow/example_dags/example_xcomargs.py for tasks to queue
[2023-06-01T09:05:51.907+0000] {logging_mixin.py:137} INFO - [2023-06-01T09:05:51.906+0000] {dagbag.py:538} INFO - Filling up the DagBag from /home/airflow/.local/lib/python3.7/site-packages/airflow/example_dags/example_xcomargs.py
[2023-06-01T09:05:51.939+0000] {processor.py:753} INFO - DAG(s) dict_keys(['example_xcom_args_with_operators', 'example_xcom_args']) retrieved from /home/airflow/.local/lib/python3.7/site-packages/airflow/example_dags/example_xcomargs.py
[2023-06-01T09:05:51.989+0000] {logging_mixin.py:137} INFO - [2023-06-01T09:05:51.989+0000] {dag.py:2690} INFO - Sync 2 DAGs
[2023-06-01T09:05:52.024+0000] {logging_mixin.py:137} INFO - [2023-06-01T09:05:52.023+0000] {dag.py:3441} INFO - Setting next_dagrun for example_xcom_args to None, run_after=None
[2023-06-01T09:05:52.029+0000] {logging_mixin.py:137} INFO - [2023-06-01T09:05:52.029+0000] {dag.py:3441} INFO - Setting next_dagrun for example_xcom_args_with_operators to None, run_after=None
[2023-06-01T09:05:52.062+0000] {processor.py:175} INFO - Processing /home/airflow/.local/lib/python3.7/site-packages/airflow/example_dags/example_xcomargs.py took 0.164 seconds
[2023-06-01T09:06:22.571+0000] {processor.py:153} INFO - Started process (PID=3603) to work on /home/airflow/.local/lib/python3.7/site-packages/airflow/example_dags/example_xcomargs.py
[2023-06-01T09:06:22.572+0000] {processor.py:743} INFO - Processing file /home/airflow/.local/lib/python3.7/site-packages/airflow/example_dags/example_xcomargs.py for tasks to queue
[2023-06-01T09:06:22.573+0000] {logging_mixin.py:137} INFO - [2023-06-01T09:06:22.573+0000] {dagbag.py:538} INFO - Filling up the DagBag from /home/airflow/.local/lib/python3.7/site-packages/airflow/example_dags/example_xcomargs.py
[2023-06-01T09:06:22.601+0000] {processor.py:753} INFO - DAG(s) dict_keys(['example_xcom_args_with_operators', 'example_xcom_args']) retrieved from /home/airflow/.local/lib/python3.7/site-packages/airflow/example_dags/example_xcomargs.py
[2023-06-01T09:06:22.644+0000] {logging_mixin.py:137} INFO - [2023-06-01T09:06:22.644+0000] {dag.py:2690} INFO - Sync 2 DAGs
[2023-06-01T09:06:22.674+0000] {logging_mixin.py:137} INFO - [2023-06-01T09:06:22.674+0000] {dag.py:3441} INFO - Setting next_dagrun for example_xcom_args to None, run_after=None
[2023-06-01T09:06:22.679+0000] {logging_mixin.py:137} INFO - [2023-06-01T09:06:22.679+0000] {dag.py:3441} INFO - Setting next_dagrun for example_xcom_args_with_operators to None, run_after=None
[2023-06-01T09:06:22.712+0000] {processor.py:175} INFO - Processing /home/airflow/.local/lib/python3.7/site-packages/airflow/example_dags/example_xcomargs.py took 0.144 seconds
[2023-06-01T09:06:53.590+0000] {processor.py:153} INFO - Started process (PID=3690) to work on /home/airflow/.local/lib/python3.7/site-packages/airflow/example_dags/example_xcomargs.py
[2023-06-01T09:06:53.592+0000] {processor.py:743} INFO - Processing file /home/airflow/.local/lib/python3.7/site-packages/airflow/example_dags/example_xcomargs.py for tasks to queue
[2023-06-01T09:06:53.593+0000] {logging_mixin.py:137} INFO - [2023-06-01T09:06:53.592+0000] {dagbag.py:538} INFO - Filling up the DagBag from /home/airflow/.local/lib/python3.7/site-packages/airflow/example_dags/example_xcomargs.py
[2023-06-01T09:06:53.628+0000] {processor.py:753} INFO - DAG(s) dict_keys(['example_xcom_args_with_operators', 'example_xcom_args']) retrieved from /home/airflow/.local/lib/python3.7/site-packages/airflow/example_dags/example_xcomargs.py
[2023-06-01T09:06:53.673+0000] {logging_mixin.py:137} INFO - [2023-06-01T09:06:53.672+0000] {dag.py:2690} INFO - Sync 2 DAGs
[2023-06-01T09:06:53.701+0000] {logging_mixin.py:137} INFO - [2023-06-01T09:06:53.701+0000] {dag.py:3441} INFO - Setting next_dagrun for example_xcom_args to None, run_after=None
[2023-06-01T09:06:53.705+0000] {logging_mixin.py:137} INFO - [2023-06-01T09:06:53.705+0000] {dag.py:3441} INFO - Setting next_dagrun for example_xcom_args_with_operators to None, run_after=None
[2023-06-01T09:06:53.733+0000] {processor.py:175} INFO - Processing /home/airflow/.local/lib/python3.7/site-packages/airflow/example_dags/example_xcomargs.py took 0.148 seconds
[2023-06-01T09:07:24.501+0000] {processor.py:153} INFO - Started process (PID=3777) to work on /home/airflow/.local/lib/python3.7/site-packages/airflow/example_dags/example_xcomargs.py
[2023-06-01T09:07:24.502+0000] {processor.py:743} INFO - Processing file /home/airflow/.local/lib/python3.7/site-packages/airflow/example_dags/example_xcomargs.py for tasks to queue
[2023-06-01T09:07:24.503+0000] {logging_mixin.py:137} INFO - [2023-06-01T09:07:24.503+0000] {dagbag.py:538} INFO - Filling up the DagBag from /home/airflow/.local/lib/python3.7/site-packages/airflow/example_dags/example_xcomargs.py
[2023-06-01T09:07:24.533+0000] {processor.py:753} INFO - DAG(s) dict_keys(['example_xcom_args', 'example_xcom_args_with_operators']) retrieved from /home/airflow/.local/lib/python3.7/site-packages/airflow/example_dags/example_xcomargs.py
[2023-06-01T09:07:24.573+0000] {logging_mixin.py:137} INFO - [2023-06-01T09:07:24.572+0000] {dag.py:2690} INFO - Sync 2 DAGs
[2023-06-01T09:07:24.606+0000] {logging_mixin.py:137} INFO - [2023-06-01T09:07:24.606+0000] {dag.py:3441} INFO - Setting next_dagrun for example_xcom_args to None, run_after=None
[2023-06-01T09:07:24.610+0000] {logging_mixin.py:137} INFO - [2023-06-01T09:07:24.610+0000] {dag.py:3441} INFO - Setting next_dagrun for example_xcom_args_with_operators to None, run_after=None
[2023-06-01T09:07:24.634+0000] {processor.py:175} INFO - Processing /home/airflow/.local/lib/python3.7/site-packages/airflow/example_dags/example_xcomargs.py took 0.137 seconds
[2023-06-01T09:07:55.339+0000] {processor.py:153} INFO - Started process (PID=3873) to work on /home/airflow/.local/lib/python3.7/site-packages/airflow/example_dags/example_xcomargs.py
[2023-06-01T09:07:55.341+0000] {processor.py:743} INFO - Processing file /home/airflow/.local/lib/python3.7/site-packages/airflow/example_dags/example_xcomargs.py for tasks to queue
[2023-06-01T09:07:55.342+0000] {logging_mixin.py:137} INFO - [2023-06-01T09:07:55.341+0000] {dagbag.py:538} INFO - Filling up the DagBag from /home/airflow/.local/lib/python3.7/site-packages/airflow/example_dags/example_xcomargs.py
[2023-06-01T09:07:55.368+0000] {processor.py:753} INFO - DAG(s) dict_keys(['example_xcom_args_with_operators', 'example_xcom_args']) retrieved from /home/airflow/.local/lib/python3.7/site-packages/airflow/example_dags/example_xcomargs.py
[2023-06-01T09:07:55.413+0000] {logging_mixin.py:137} INFO - [2023-06-01T09:07:55.413+0000] {dag.py:2690} INFO - Sync 2 DAGs
[2023-06-01T09:07:55.444+0000] {logging_mixin.py:137} INFO - [2023-06-01T09:07:55.443+0000] {dag.py:3441} INFO - Setting next_dagrun for example_xcom_args to None, run_after=None
[2023-06-01T09:07:55.449+0000] {logging_mixin.py:137} INFO - [2023-06-01T09:07:55.449+0000] {dag.py:3441} INFO - Setting next_dagrun for example_xcom_args_with_operators to None, run_after=None
[2023-06-01T09:07:55.475+0000] {processor.py:175} INFO - Processing /home/airflow/.local/lib/python3.7/site-packages/airflow/example_dags/example_xcomargs.py took 0.141 seconds
[2023-06-01T09:08:26.135+0000] {processor.py:153} INFO - Started process (PID=3975) to work on /home/airflow/.local/lib/python3.7/site-packages/airflow/example_dags/example_xcomargs.py
[2023-06-01T09:08:26.136+0000] {processor.py:743} INFO - Processing file /home/airflow/.local/lib/python3.7/site-packages/airflow/example_dags/example_xcomargs.py for tasks to queue
[2023-06-01T09:08:26.136+0000] {logging_mixin.py:137} INFO - [2023-06-01T09:08:26.136+0000] {dagbag.py:538} INFO - Filling up the DagBag from /home/airflow/.local/lib/python3.7/site-packages/airflow/example_dags/example_xcomargs.py
[2023-06-01T09:08:26.165+0000] {processor.py:753} INFO - DAG(s) dict_keys(['example_xcom_args_with_operators', 'example_xcom_args']) retrieved from /home/airflow/.local/lib/python3.7/site-packages/airflow/example_dags/example_xcomargs.py
[2023-06-01T09:08:26.206+0000] {logging_mixin.py:137} INFO - [2023-06-01T09:08:26.206+0000] {dag.py:2690} INFO - Sync 2 DAGs
[2023-06-01T09:08:26.248+0000] {logging_mixin.py:137} INFO - [2023-06-01T09:08:26.248+0000] {dag.py:3441} INFO - Setting next_dagrun for example_xcom_args to None, run_after=None
[2023-06-01T09:08:26.257+0000] {logging_mixin.py:137} INFO - [2023-06-01T09:08:26.257+0000] {dag.py:3441} INFO - Setting next_dagrun for example_xcom_args_with_operators to None, run_after=None
[2023-06-01T09:08:26.333+0000] {processor.py:175} INFO - Processing /home/airflow/.local/lib/python3.7/site-packages/airflow/example_dags/example_xcomargs.py took 0.201 seconds
[2023-06-01T09:08:56.614+0000] {processor.py:153} INFO - Started process (PID=4062) to work on /home/airflow/.local/lib/python3.7/site-packages/airflow/example_dags/example_xcomargs.py
[2023-06-01T09:08:56.615+0000] {processor.py:743} INFO - Processing file /home/airflow/.local/lib/python3.7/site-packages/airflow/example_dags/example_xcomargs.py for tasks to queue
[2023-06-01T09:08:56.616+0000] {logging_mixin.py:137} INFO - [2023-06-01T09:08:56.616+0000] {dagbag.py:538} INFO - Filling up the DagBag from /home/airflow/.local/lib/python3.7/site-packages/airflow/example_dags/example_xcomargs.py
[2023-06-01T09:08:56.645+0000] {processor.py:753} INFO - DAG(s) dict_keys(['example_xcom_args_with_operators', 'example_xcom_args']) retrieved from /home/airflow/.local/lib/python3.7/site-packages/airflow/example_dags/example_xcomargs.py
[2023-06-01T09:08:56.689+0000] {logging_mixin.py:137} INFO - [2023-06-01T09:08:56.689+0000] {dag.py:2690} INFO - Sync 2 DAGs
[2023-06-01T09:08:56.725+0000] {logging_mixin.py:137} INFO - [2023-06-01T09:08:56.724+0000] {dag.py:3441} INFO - Setting next_dagrun for example_xcom_args to None, run_after=None
[2023-06-01T09:08:56.730+0000] {logging_mixin.py:137} INFO - [2023-06-01T09:08:56.730+0000] {dag.py:3441} INFO - Setting next_dagrun for example_xcom_args_with_operators to None, run_after=None
[2023-06-01T09:08:56.760+0000] {processor.py:175} INFO - Processing /home/airflow/.local/lib/python3.7/site-packages/airflow/example_dags/example_xcomargs.py took 0.150 seconds
[2023-06-01T09:09:27.148+0000] {processor.py:153} INFO - Started process (PID=4149) to work on /home/airflow/.local/lib/python3.7/site-packages/airflow/example_dags/example_xcomargs.py
[2023-06-01T09:09:27.150+0000] {processor.py:743} INFO - Processing file /home/airflow/.local/lib/python3.7/site-packages/airflow/example_dags/example_xcomargs.py for tasks to queue
[2023-06-01T09:09:27.151+0000] {logging_mixin.py:137} INFO - [2023-06-01T09:09:27.151+0000] {dagbag.py:538} INFO - Filling up the DagBag from /home/airflow/.local/lib/python3.7/site-packages/airflow/example_dags/example_xcomargs.py
[2023-06-01T09:09:27.179+0000] {processor.py:753} INFO - DAG(s) dict_keys(['example_xcom_args', 'example_xcom_args_with_operators']) retrieved from /home/airflow/.local/lib/python3.7/site-packages/airflow/example_dags/example_xcomargs.py
[2023-06-01T09:09:27.229+0000] {logging_mixin.py:137} INFO - [2023-06-01T09:09:27.229+0000] {dag.py:2690} INFO - Sync 2 DAGs
[2023-06-01T09:09:27.263+0000] {logging_mixin.py:137} INFO - [2023-06-01T09:09:27.263+0000] {dag.py:3441} INFO - Setting next_dagrun for example_xcom_args to None, run_after=None
[2023-06-01T09:09:27.267+0000] {logging_mixin.py:137} INFO - [2023-06-01T09:09:27.267+0000] {dag.py:3441} INFO - Setting next_dagrun for example_xcom_args_with_operators to None, run_after=None
[2023-06-01T09:09:27.284+0000] {processor.py:175} INFO - Processing /home/airflow/.local/lib/python3.7/site-packages/airflow/example_dags/example_xcomargs.py took 0.140 seconds
[2023-06-01T09:09:58.102+0000] {processor.py:153} INFO - Started process (PID=4245) to work on /home/airflow/.local/lib/python3.7/site-packages/airflow/example_dags/example_xcomargs.py
[2023-06-01T09:09:58.104+0000] {processor.py:743} INFO - Processing file /home/airflow/.local/lib/python3.7/site-packages/airflow/example_dags/example_xcomargs.py for tasks to queue
[2023-06-01T09:09:58.104+0000] {logging_mixin.py:137} INFO - [2023-06-01T09:09:58.104+0000] {dagbag.py:538} INFO - Filling up the DagBag from /home/airflow/.local/lib/python3.7/site-packages/airflow/example_dags/example_xcomargs.py
[2023-06-01T09:09:58.134+0000] {processor.py:753} INFO - DAG(s) dict_keys(['example_xcom_args', 'example_xcom_args_with_operators']) retrieved from /home/airflow/.local/lib/python3.7/site-packages/airflow/example_dags/example_xcomargs.py
[2023-06-01T09:09:58.176+0000] {logging_mixin.py:137} INFO - [2023-06-01T09:09:58.175+0000] {dag.py:2690} INFO - Sync 2 DAGs
[2023-06-01T09:09:58.213+0000] {logging_mixin.py:137} INFO - [2023-06-01T09:09:58.213+0000] {dag.py:3441} INFO - Setting next_dagrun for example_xcom_args to None, run_after=None
[2023-06-01T09:09:58.218+0000] {logging_mixin.py:137} INFO - [2023-06-01T09:09:58.218+0000] {dag.py:3441} INFO - Setting next_dagrun for example_xcom_args_with_operators to None, run_after=None
[2023-06-01T09:09:58.251+0000] {processor.py:175} INFO - Processing /home/airflow/.local/lib/python3.7/site-packages/airflow/example_dags/example_xcomargs.py took 0.153 seconds
[2023-06-01T09:10:28.443+0000] {processor.py:153} INFO - Started process (PID=4347) to work on /home/airflow/.local/lib/python3.7/site-packages/airflow/example_dags/example_xcomargs.py
[2023-06-01T09:10:28.444+0000] {processor.py:743} INFO - Processing file /home/airflow/.local/lib/python3.7/site-packages/airflow/example_dags/example_xcomargs.py for tasks to queue
[2023-06-01T09:10:28.444+0000] {logging_mixin.py:137} INFO - [2023-06-01T09:10:28.444+0000] {dagbag.py:538} INFO - Filling up the DagBag from /home/airflow/.local/lib/python3.7/site-packages/airflow/example_dags/example_xcomargs.py
[2023-06-01T09:10:28.469+0000] {processor.py:753} INFO - DAG(s) dict_keys(['example_xcom_args_with_operators', 'example_xcom_args']) retrieved from /home/airflow/.local/lib/python3.7/site-packages/airflow/example_dags/example_xcomargs.py
[2023-06-01T09:10:28.507+0000] {logging_mixin.py:137} INFO - [2023-06-01T09:10:28.507+0000] {dag.py:2690} INFO - Sync 2 DAGs
[2023-06-01T09:10:28.539+0000] {logging_mixin.py:137} INFO - [2023-06-01T09:10:28.539+0000] {dag.py:3441} INFO - Setting next_dagrun for example_xcom_args to None, run_after=None
[2023-06-01T09:10:28.543+0000] {logging_mixin.py:137} INFO - [2023-06-01T09:10:28.543+0000] {dag.py:3441} INFO - Setting next_dagrun for example_xcom_args_with_operators to None, run_after=None
[2023-06-01T09:10:28.563+0000] {processor.py:175} INFO - Processing /home/airflow/.local/lib/python3.7/site-packages/airflow/example_dags/example_xcomargs.py took 0.123 seconds
[2023-06-01T09:10:58.867+0000] {processor.py:153} INFO - Started process (PID=4434) to work on /home/airflow/.local/lib/python3.7/site-packages/airflow/example_dags/example_xcomargs.py
[2023-06-01T09:10:58.868+0000] {processor.py:743} INFO - Processing file /home/airflow/.local/lib/python3.7/site-packages/airflow/example_dags/example_xcomargs.py for tasks to queue
[2023-06-01T09:10:58.869+0000] {logging_mixin.py:137} INFO - [2023-06-01T09:10:58.869+0000] {dagbag.py:538} INFO - Filling up the DagBag from /home/airflow/.local/lib/python3.7/site-packages/airflow/example_dags/example_xcomargs.py
[2023-06-01T09:10:58.896+0000] {processor.py:753} INFO - DAG(s) dict_keys(['example_xcom_args_with_operators', 'example_xcom_args']) retrieved from /home/airflow/.local/lib/python3.7/site-packages/airflow/example_dags/example_xcomargs.py
[2023-06-01T09:10:58.930+0000] {logging_mixin.py:137} INFO - [2023-06-01T09:10:58.930+0000] {dag.py:2690} INFO - Sync 2 DAGs
[2023-06-01T09:10:58.963+0000] {logging_mixin.py:137} INFO - [2023-06-01T09:10:58.962+0000] {dag.py:3441} INFO - Setting next_dagrun for example_xcom_args to None, run_after=None
[2023-06-01T09:10:58.966+0000] {logging_mixin.py:137} INFO - [2023-06-01T09:10:58.966+0000] {dag.py:3441} INFO - Setting next_dagrun for example_xcom_args_with_operators to None, run_after=None
[2023-06-01T09:10:58.984+0000] {processor.py:175} INFO - Processing /home/airflow/.local/lib/python3.7/site-packages/airflow/example_dags/example_xcomargs.py took 0.121 seconds
[2023-06-01T09:11:29.140+0000] {processor.py:153} INFO - Started process (PID=4521) to work on /home/airflow/.local/lib/python3.7/site-packages/airflow/example_dags/example_xcomargs.py
[2023-06-01T09:11:29.141+0000] {processor.py:743} INFO - Processing file /home/airflow/.local/lib/python3.7/site-packages/airflow/example_dags/example_xcomargs.py for tasks to queue
[2023-06-01T09:11:29.142+0000] {logging_mixin.py:137} INFO - [2023-06-01T09:11:29.142+0000] {dagbag.py:538} INFO - Filling up the DagBag from /home/airflow/.local/lib/python3.7/site-packages/airflow/example_dags/example_xcomargs.py
[2023-06-01T09:11:29.165+0000] {processor.py:753} INFO - DAG(s) dict_keys(['example_xcom_args', 'example_xcom_args_with_operators']) retrieved from /home/airflow/.local/lib/python3.7/site-packages/airflow/example_dags/example_xcomargs.py
[2023-06-01T09:11:29.195+0000] {logging_mixin.py:137} INFO - [2023-06-01T09:11:29.194+0000] {dag.py:2690} INFO - Sync 2 DAGs
[2023-06-01T09:11:29.223+0000] {logging_mixin.py:137} INFO - [2023-06-01T09:11:29.223+0000] {dag.py:3441} INFO - Setting next_dagrun for example_xcom_args to None, run_after=None
[2023-06-01T09:11:29.227+0000] {logging_mixin.py:137} INFO - [2023-06-01T09:11:29.227+0000] {dag.py:3441} INFO - Setting next_dagrun for example_xcom_args_with_operators to None, run_after=None
[2023-06-01T09:11:29.243+0000] {processor.py:175} INFO - Processing /home/airflow/.local/lib/python3.7/site-packages/airflow/example_dags/example_xcomargs.py took 0.107 seconds
[2023-06-01T09:11:59.626+0000] {processor.py:153} INFO - Started process (PID=4632) to work on /home/airflow/.local/lib/python3.7/site-packages/airflow/example_dags/example_xcomargs.py
[2023-06-01T09:11:59.628+0000] {processor.py:743} INFO - Processing file /home/airflow/.local/lib/python3.7/site-packages/airflow/example_dags/example_xcomargs.py for tasks to queue
[2023-06-01T09:11:59.629+0000] {logging_mixin.py:137} INFO - [2023-06-01T09:11:59.628+0000] {dagbag.py:538} INFO - Filling up the DagBag from /home/airflow/.local/lib/python3.7/site-packages/airflow/example_dags/example_xcomargs.py
[2023-06-01T09:11:59.652+0000] {processor.py:753} INFO - DAG(s) dict_keys(['example_xcom_args_with_operators', 'example_xcom_args']) retrieved from /home/airflow/.local/lib/python3.7/site-packages/airflow/example_dags/example_xcomargs.py
[2023-06-01T09:11:59.686+0000] {logging_mixin.py:137} INFO - [2023-06-01T09:11:59.686+0000] {dag.py:2690} INFO - Sync 2 DAGs
[2023-06-01T09:11:59.715+0000] {logging_mixin.py:137} INFO - [2023-06-01T09:11:59.715+0000] {dag.py:3441} INFO - Setting next_dagrun for example_xcom_args to None, run_after=None
[2023-06-01T09:11:59.719+0000] {logging_mixin.py:137} INFO - [2023-06-01T09:11:59.719+0000] {dag.py:3441} INFO - Setting next_dagrun for example_xcom_args_with_operators to None, run_after=None
[2023-06-01T09:11:59.737+0000] {processor.py:175} INFO - Processing /home/airflow/.local/lib/python3.7/site-packages/airflow/example_dags/example_xcomargs.py took 0.115 seconds
[2023-06-01T09:12:30.581+0000] {processor.py:153} INFO - Started process (PID=4719) to work on /home/airflow/.local/lib/python3.7/site-packages/airflow/example_dags/example_xcomargs.py
[2023-06-01T09:12:30.583+0000] {processor.py:743} INFO - Processing file /home/airflow/.local/lib/python3.7/site-packages/airflow/example_dags/example_xcomargs.py for tasks to queue
[2023-06-01T09:12:30.583+0000] {logging_mixin.py:137} INFO - [2023-06-01T09:12:30.583+0000] {dagbag.py:538} INFO - Filling up the DagBag from /home/airflow/.local/lib/python3.7/site-packages/airflow/example_dags/example_xcomargs.py
[2023-06-01T09:12:30.611+0000] {processor.py:753} INFO - DAG(s) dict_keys(['example_xcom_args_with_operators', 'example_xcom_args']) retrieved from /home/airflow/.local/lib/python3.7/site-packages/airflow/example_dags/example_xcomargs.py
[2023-06-01T09:12:30.685+0000] {logging_mixin.py:137} INFO - [2023-06-01T09:12:30.685+0000] {dag.py:2690} INFO - Sync 2 DAGs
[2023-06-01T09:12:30.715+0000] {logging_mixin.py:137} INFO - [2023-06-01T09:12:30.715+0000] {dag.py:3441} INFO - Setting next_dagrun for example_xcom_args to None, run_after=None
[2023-06-01T09:12:30.718+0000] {logging_mixin.py:137} INFO - [2023-06-01T09:12:30.718+0000] {dag.py:3441} INFO - Setting next_dagrun for example_xcom_args_with_operators to None, run_after=None
[2023-06-01T09:12:30.740+0000] {processor.py:175} INFO - Processing /home/airflow/.local/lib/python3.7/site-packages/airflow/example_dags/example_xcomargs.py took 0.162 seconds
