[2023-06-01T08:47:26.564+0000] {processor.py:153} INFO - Started process (PID=110) to work on /home/airflow/.local/lib/python3.7/site-packages/airflow/example_dags/example_short_circuit_operator.py
[2023-06-01T08:47:26.566+0000] {processor.py:743} INFO - Processing file /home/airflow/.local/lib/python3.7/site-packages/airflow/example_dags/example_short_circuit_operator.py for tasks to queue
[2023-06-01T08:47:26.566+0000] {logging_mixin.py:137} INFO - [2023-06-01T08:47:26.566+0000] {dagbag.py:538} INFO - Filling up the DagBag from /home/airflow/.local/lib/python3.7/site-packages/airflow/example_dags/example_short_circuit_operator.py
[2023-06-01T08:47:26.588+0000] {processor.py:753} INFO - DAG(s) dict_keys(['example_short_circuit_operator']) retrieved from /home/airflow/.local/lib/python3.7/site-packages/airflow/example_dags/example_short_circuit_operator.py
[2023-06-01T08:47:26.607+0000] {logging_mixin.py:137} INFO - [2023-06-01T08:47:26.606+0000] {dag.py:2690} INFO - Sync 1 DAGs
[2023-06-01T08:47:26.647+0000] {logging_mixin.py:137} INFO - [2023-06-01T08:47:26.646+0000] {dag.py:3441} INFO - Setting next_dagrun for example_short_circuit_operator to 2023-05-31T08:47:26.646530+00:00, run_after=2023-06-01T08:47:26.646530+00:00
[2023-06-01T08:47:26.684+0000] {processor.py:175} INFO - Processing /home/airflow/.local/lib/python3.7/site-packages/airflow/example_dags/example_short_circuit_operator.py took 0.123 seconds
[2023-06-01T08:47:56.885+0000] {processor.py:153} INFO - Started process (PID=197) to work on /home/airflow/.local/lib/python3.7/site-packages/airflow/example_dags/example_short_circuit_operator.py
[2023-06-01T08:47:56.886+0000] {processor.py:743} INFO - Processing file /home/airflow/.local/lib/python3.7/site-packages/airflow/example_dags/example_short_circuit_operator.py for tasks to queue
[2023-06-01T08:47:56.887+0000] {logging_mixin.py:137} INFO - [2023-06-01T08:47:56.887+0000] {dagbag.py:538} INFO - Filling up the DagBag from /home/airflow/.local/lib/python3.7/site-packages/airflow/example_dags/example_short_circuit_operator.py
[2023-06-01T08:47:56.902+0000] {processor.py:753} INFO - DAG(s) dict_keys(['example_short_circuit_operator']) retrieved from /home/airflow/.local/lib/python3.7/site-packages/airflow/example_dags/example_short_circuit_operator.py
[2023-06-01T08:47:56.925+0000] {logging_mixin.py:137} INFO - [2023-06-01T08:47:56.925+0000] {dag.py:2690} INFO - Sync 1 DAGs
[2023-06-01T08:47:56.949+0000] {logging_mixin.py:137} INFO - [2023-06-01T08:47:56.949+0000] {dag.py:3441} INFO - Setting next_dagrun for example_short_circuit_operator to 2023-05-31T08:47:56.948823+00:00, run_after=2023-06-01T08:47:56.948823+00:00
[2023-06-01T08:47:56.969+0000] {processor.py:175} INFO - Processing /home/airflow/.local/lib/python3.7/site-packages/airflow/example_dags/example_short_circuit_operator.py took 0.086 seconds
[2023-06-01T08:48:27.862+0000] {processor.py:153} INFO - Started process (PID=284) to work on /home/airflow/.local/lib/python3.7/site-packages/airflow/example_dags/example_short_circuit_operator.py
[2023-06-01T08:48:27.863+0000] {processor.py:743} INFO - Processing file /home/airflow/.local/lib/python3.7/site-packages/airflow/example_dags/example_short_circuit_operator.py for tasks to queue
[2023-06-01T08:48:27.864+0000] {logging_mixin.py:137} INFO - [2023-06-01T08:48:27.863+0000] {dagbag.py:538} INFO - Filling up the DagBag from /home/airflow/.local/lib/python3.7/site-packages/airflow/example_dags/example_short_circuit_operator.py
[2023-06-01T08:48:27.879+0000] {processor.py:753} INFO - DAG(s) dict_keys(['example_short_circuit_operator']) retrieved from /home/airflow/.local/lib/python3.7/site-packages/airflow/example_dags/example_short_circuit_operator.py
[2023-06-01T08:48:27.911+0000] {logging_mixin.py:137} INFO - [2023-06-01T08:48:27.910+0000] {dag.py:2690} INFO - Sync 1 DAGs
[2023-06-01T08:48:27.940+0000] {logging_mixin.py:137} INFO - [2023-06-01T08:48:27.939+0000] {dag.py:3441} INFO - Setting next_dagrun for example_short_circuit_operator to 2023-05-31T08:48:27.939608+00:00, run_after=2023-06-01T08:48:27.939608+00:00
[2023-06-01T08:48:27.969+0000] {processor.py:175} INFO - Processing /home/airflow/.local/lib/python3.7/site-packages/airflow/example_dags/example_short_circuit_operator.py took 0.110 seconds
[2023-06-01T08:48:58.707+0000] {processor.py:153} INFO - Started process (PID=395) to work on /home/airflow/.local/lib/python3.7/site-packages/airflow/example_dags/example_short_circuit_operator.py
[2023-06-01T08:48:58.708+0000] {processor.py:743} INFO - Processing file /home/airflow/.local/lib/python3.7/site-packages/airflow/example_dags/example_short_circuit_operator.py for tasks to queue
[2023-06-01T08:48:58.709+0000] {logging_mixin.py:137} INFO - [2023-06-01T08:48:58.708+0000] {dagbag.py:538} INFO - Filling up the DagBag from /home/airflow/.local/lib/python3.7/site-packages/airflow/example_dags/example_short_circuit_operator.py
[2023-06-01T08:48:58.724+0000] {processor.py:753} INFO - DAG(s) dict_keys(['example_short_circuit_operator']) retrieved from /home/airflow/.local/lib/python3.7/site-packages/airflow/example_dags/example_short_circuit_operator.py
[2023-06-01T08:48:58.751+0000] {logging_mixin.py:137} INFO - [2023-06-01T08:48:58.751+0000] {dag.py:2690} INFO - Sync 1 DAGs
[2023-06-01T08:48:58.774+0000] {logging_mixin.py:137} INFO - [2023-06-01T08:48:58.774+0000] {dag.py:3441} INFO - Setting next_dagrun for example_short_circuit_operator to 2023-05-31T08:48:58.774568+00:00, run_after=2023-06-01T08:48:58.774568+00:00
[2023-06-01T08:48:58.794+0000] {processor.py:175} INFO - Processing /home/airflow/.local/lib/python3.7/site-packages/airflow/example_dags/example_short_circuit_operator.py took 0.089 seconds
[2023-06-01T08:49:30.078+0000] {processor.py:153} INFO - Started process (PID=482) to work on /home/airflow/.local/lib/python3.7/site-packages/airflow/example_dags/example_short_circuit_operator.py
[2023-06-01T08:49:30.080+0000] {processor.py:743} INFO - Processing file /home/airflow/.local/lib/python3.7/site-packages/airflow/example_dags/example_short_circuit_operator.py for tasks to queue
[2023-06-01T08:49:30.080+0000] {logging_mixin.py:137} INFO - [2023-06-01T08:49:30.080+0000] {dagbag.py:538} INFO - Filling up the DagBag from /home/airflow/.local/lib/python3.7/site-packages/airflow/example_dags/example_short_circuit_operator.py
[2023-06-01T08:49:30.096+0000] {processor.py:753} INFO - DAG(s) dict_keys(['example_short_circuit_operator']) retrieved from /home/airflow/.local/lib/python3.7/site-packages/airflow/example_dags/example_short_circuit_operator.py
[2023-06-01T08:49:30.122+0000] {logging_mixin.py:137} INFO - [2023-06-01T08:49:30.122+0000] {dag.py:2690} INFO - Sync 1 DAGs
[2023-06-01T08:49:30.143+0000] {logging_mixin.py:137} INFO - [2023-06-01T08:49:30.143+0000] {dag.py:3441} INFO - Setting next_dagrun for example_short_circuit_operator to 2023-05-31T08:49:30.143464+00:00, run_after=2023-06-01T08:49:30.143464+00:00
[2023-06-01T08:49:30.160+0000] {processor.py:175} INFO - Processing /home/airflow/.local/lib/python3.7/site-packages/airflow/example_dags/example_short_circuit_operator.py took 0.084 seconds
[2023-06-01T08:50:00.755+0000] {processor.py:153} INFO - Started process (PID=593) to work on /home/airflow/.local/lib/python3.7/site-packages/airflow/example_dags/example_short_circuit_operator.py
[2023-06-01T08:50:00.756+0000] {processor.py:743} INFO - Processing file /home/airflow/.local/lib/python3.7/site-packages/airflow/example_dags/example_short_circuit_operator.py for tasks to queue
[2023-06-01T08:50:00.756+0000] {logging_mixin.py:137} INFO - [2023-06-01T08:50:00.756+0000] {dagbag.py:538} INFO - Filling up the DagBag from /home/airflow/.local/lib/python3.7/site-packages/airflow/example_dags/example_short_circuit_operator.py
[2023-06-01T08:50:00.771+0000] {processor.py:753} INFO - DAG(s) dict_keys(['example_short_circuit_operator']) retrieved from /home/airflow/.local/lib/python3.7/site-packages/airflow/example_dags/example_short_circuit_operator.py
[2023-06-01T08:50:00.803+0000] {logging_mixin.py:137} INFO - [2023-06-01T08:50:00.803+0000] {dag.py:2690} INFO - Sync 1 DAGs
[2023-06-01T08:50:00.829+0000] {logging_mixin.py:137} INFO - [2023-06-01T08:50:00.828+0000] {dag.py:3441} INFO - Setting next_dagrun for example_short_circuit_operator to 2023-05-31T08:50:00.828504+00:00, run_after=2023-06-01T08:50:00.828504+00:00
[2023-06-01T08:50:00.853+0000] {processor.py:175} INFO - Processing /home/airflow/.local/lib/python3.7/site-packages/airflow/example_dags/example_short_circuit_operator.py took 0.101 seconds
[2023-06-01T08:50:31.056+0000] {processor.py:153} INFO - Started process (PID=680) to work on /home/airflow/.local/lib/python3.7/site-packages/airflow/example_dags/example_short_circuit_operator.py
[2023-06-01T08:50:31.058+0000] {processor.py:743} INFO - Processing file /home/airflow/.local/lib/python3.7/site-packages/airflow/example_dags/example_short_circuit_operator.py for tasks to queue
[2023-06-01T08:50:31.058+0000] {logging_mixin.py:137} INFO - [2023-06-01T08:50:31.058+0000] {dagbag.py:538} INFO - Filling up the DagBag from /home/airflow/.local/lib/python3.7/site-packages/airflow/example_dags/example_short_circuit_operator.py
[2023-06-01T08:50:31.075+0000] {processor.py:753} INFO - DAG(s) dict_keys(['example_short_circuit_operator']) retrieved from /home/airflow/.local/lib/python3.7/site-packages/airflow/example_dags/example_short_circuit_operator.py
[2023-06-01T08:50:31.106+0000] {logging_mixin.py:137} INFO - [2023-06-01T08:50:31.106+0000] {dag.py:2690} INFO - Sync 1 DAGs
[2023-06-01T08:50:31.135+0000] {logging_mixin.py:137} INFO - [2023-06-01T08:50:31.135+0000] {dag.py:3441} INFO - Setting next_dagrun for example_short_circuit_operator to 2023-05-31T08:50:31.135317+00:00, run_after=2023-06-01T08:50:31.135317+00:00
[2023-06-01T08:50:31.153+0000] {processor.py:175} INFO - Processing /home/airflow/.local/lib/python3.7/site-packages/airflow/example_dags/example_short_circuit_operator.py took 0.101 seconds
[2023-06-01T08:51:01.491+0000] {processor.py:153} INFO - Started process (PID=767) to work on /home/airflow/.local/lib/python3.7/site-packages/airflow/example_dags/example_short_circuit_operator.py
[2023-06-01T08:51:01.492+0000] {processor.py:743} INFO - Processing file /home/airflow/.local/lib/python3.7/site-packages/airflow/example_dags/example_short_circuit_operator.py for tasks to queue
[2023-06-01T08:51:01.493+0000] {logging_mixin.py:137} INFO - [2023-06-01T08:51:01.493+0000] {dagbag.py:538} INFO - Filling up the DagBag from /home/airflow/.local/lib/python3.7/site-packages/airflow/example_dags/example_short_circuit_operator.py
[2023-06-01T08:51:01.510+0000] {processor.py:753} INFO - DAG(s) dict_keys(['example_short_circuit_operator']) retrieved from /home/airflow/.local/lib/python3.7/site-packages/airflow/example_dags/example_short_circuit_operator.py
[2023-06-01T08:51:01.543+0000] {logging_mixin.py:137} INFO - [2023-06-01T08:51:01.543+0000] {dag.py:2690} INFO - Sync 1 DAGs
[2023-06-01T08:51:01.570+0000] {logging_mixin.py:137} INFO - [2023-06-01T08:51:01.570+0000] {dag.py:3441} INFO - Setting next_dagrun for example_short_circuit_operator to 2023-05-31T08:51:01.570218+00:00, run_after=2023-06-01T08:51:01.570218+00:00
[2023-06-01T08:51:01.590+0000] {processor.py:175} INFO - Processing /home/airflow/.local/lib/python3.7/site-packages/airflow/example_dags/example_short_circuit_operator.py took 0.102 seconds
[2023-06-01T08:51:32.028+0000] {processor.py:153} INFO - Started process (PID=878) to work on /home/airflow/.local/lib/python3.7/site-packages/airflow/example_dags/example_short_circuit_operator.py
[2023-06-01T08:51:32.030+0000] {processor.py:743} INFO - Processing file /home/airflow/.local/lib/python3.7/site-packages/airflow/example_dags/example_short_circuit_operator.py for tasks to queue
[2023-06-01T08:51:32.030+0000] {logging_mixin.py:137} INFO - [2023-06-01T08:51:32.030+0000] {dagbag.py:538} INFO - Filling up the DagBag from /home/airflow/.local/lib/python3.7/site-packages/airflow/example_dags/example_short_circuit_operator.py
[2023-06-01T08:51:32.046+0000] {processor.py:753} INFO - DAG(s) dict_keys(['example_short_circuit_operator']) retrieved from /home/airflow/.local/lib/python3.7/site-packages/airflow/example_dags/example_short_circuit_operator.py
[2023-06-01T08:51:32.078+0000] {logging_mixin.py:137} INFO - [2023-06-01T08:51:32.078+0000] {dag.py:2690} INFO - Sync 1 DAGs
[2023-06-01T08:51:32.105+0000] {logging_mixin.py:137} INFO - [2023-06-01T08:51:32.105+0000] {dag.py:3441} INFO - Setting next_dagrun for example_short_circuit_operator to 2023-05-31T08:51:32.105254+00:00, run_after=2023-06-01T08:51:32.105254+00:00
[2023-06-01T08:51:32.130+0000] {processor.py:175} INFO - Processing /home/airflow/.local/lib/python3.7/site-packages/airflow/example_dags/example_short_circuit_operator.py took 0.105 seconds
[2023-06-01T08:52:02.538+0000] {processor.py:153} INFO - Started process (PID=965) to work on /home/airflow/.local/lib/python3.7/site-packages/airflow/example_dags/example_short_circuit_operator.py
[2023-06-01T08:52:02.539+0000] {processor.py:743} INFO - Processing file /home/airflow/.local/lib/python3.7/site-packages/airflow/example_dags/example_short_circuit_operator.py for tasks to queue
[2023-06-01T08:52:02.540+0000] {logging_mixin.py:137} INFO - [2023-06-01T08:52:02.539+0000] {dagbag.py:538} INFO - Filling up the DagBag from /home/airflow/.local/lib/python3.7/site-packages/airflow/example_dags/example_short_circuit_operator.py
[2023-06-01T08:52:02.557+0000] {processor.py:753} INFO - DAG(s) dict_keys(['example_short_circuit_operator']) retrieved from /home/airflow/.local/lib/python3.7/site-packages/airflow/example_dags/example_short_circuit_operator.py
[2023-06-01T08:52:02.588+0000] {logging_mixin.py:137} INFO - [2023-06-01T08:52:02.588+0000] {dag.py:2690} INFO - Sync 1 DAGs
[2023-06-01T08:52:02.613+0000] {logging_mixin.py:137} INFO - [2023-06-01T08:52:02.612+0000] {dag.py:3441} INFO - Setting next_dagrun for example_short_circuit_operator to 2023-05-31T08:52:02.612634+00:00, run_after=2023-06-01T08:52:02.612634+00:00
[2023-06-01T08:52:02.634+0000] {processor.py:175} INFO - Processing /home/airflow/.local/lib/python3.7/site-packages/airflow/example_dags/example_short_circuit_operator.py took 0.099 seconds
[2023-06-01T08:52:33.117+0000] {processor.py:153} INFO - Started process (PID=1052) to work on /home/airflow/.local/lib/python3.7/site-packages/airflow/example_dags/example_short_circuit_operator.py
[2023-06-01T08:52:33.119+0000] {processor.py:743} INFO - Processing file /home/airflow/.local/lib/python3.7/site-packages/airflow/example_dags/example_short_circuit_operator.py for tasks to queue
[2023-06-01T08:52:33.120+0000] {logging_mixin.py:137} INFO - [2023-06-01T08:52:33.119+0000] {dagbag.py:538} INFO - Filling up the DagBag from /home/airflow/.local/lib/python3.7/site-packages/airflow/example_dags/example_short_circuit_operator.py
[2023-06-01T08:52:33.137+0000] {processor.py:753} INFO - DAG(s) dict_keys(['example_short_circuit_operator']) retrieved from /home/airflow/.local/lib/python3.7/site-packages/airflow/example_dags/example_short_circuit_operator.py
[2023-06-01T08:52:33.166+0000] {logging_mixin.py:137} INFO - [2023-06-01T08:52:33.166+0000] {dag.py:2690} INFO - Sync 1 DAGs
[2023-06-01T08:52:33.193+0000] {logging_mixin.py:137} INFO - [2023-06-01T08:52:33.193+0000] {dag.py:3441} INFO - Setting next_dagrun for example_short_circuit_operator to 2023-05-31T08:52:33.193154+00:00, run_after=2023-06-01T08:52:33.193154+00:00
[2023-06-01T08:52:33.220+0000] {processor.py:175} INFO - Processing /home/airflow/.local/lib/python3.7/site-packages/airflow/example_dags/example_short_circuit_operator.py took 0.106 seconds
[2023-06-01T08:53:03.555+0000] {processor.py:153} INFO - Started process (PID=1145) to work on /home/airflow/.local/lib/python3.7/site-packages/airflow/example_dags/example_short_circuit_operator.py
[2023-06-01T08:53:03.556+0000] {processor.py:743} INFO - Processing file /home/airflow/.local/lib/python3.7/site-packages/airflow/example_dags/example_short_circuit_operator.py for tasks to queue
[2023-06-01T08:53:03.556+0000] {logging_mixin.py:137} INFO - [2023-06-01T08:53:03.556+0000] {dagbag.py:538} INFO - Filling up the DagBag from /home/airflow/.local/lib/python3.7/site-packages/airflow/example_dags/example_short_circuit_operator.py
[2023-06-01T08:53:03.575+0000] {processor.py:753} INFO - DAG(s) dict_keys(['example_short_circuit_operator']) retrieved from /home/airflow/.local/lib/python3.7/site-packages/airflow/example_dags/example_short_circuit_operator.py
[2023-06-01T08:53:03.634+0000] {logging_mixin.py:137} INFO - [2023-06-01T08:53:03.634+0000] {dag.py:2690} INFO - Sync 1 DAGs
[2023-06-01T08:53:03.666+0000] {logging_mixin.py:137} INFO - [2023-06-01T08:53:03.665+0000] {dag.py:3441} INFO - Setting next_dagrun for example_short_circuit_operator to 2023-05-31T08:53:03.665497+00:00, run_after=2023-06-01T08:53:03.665497+00:00
[2023-06-01T08:53:03.689+0000] {processor.py:175} INFO - Processing /home/airflow/.local/lib/python3.7/site-packages/airflow/example_dags/example_short_circuit_operator.py took 0.139 seconds
[2023-06-01T08:53:34.302+0000] {processor.py:153} INFO - Started process (PID=1250) to work on /home/airflow/.local/lib/python3.7/site-packages/airflow/example_dags/example_short_circuit_operator.py
[2023-06-01T08:53:34.304+0000] {processor.py:743} INFO - Processing file /home/airflow/.local/lib/python3.7/site-packages/airflow/example_dags/example_short_circuit_operator.py for tasks to queue
[2023-06-01T08:53:34.304+0000] {logging_mixin.py:137} INFO - [2023-06-01T08:53:34.304+0000] {dagbag.py:538} INFO - Filling up the DagBag from /home/airflow/.local/lib/python3.7/site-packages/airflow/example_dags/example_short_circuit_operator.py
[2023-06-01T08:53:34.324+0000] {processor.py:753} INFO - DAG(s) dict_keys(['example_short_circuit_operator']) retrieved from /home/airflow/.local/lib/python3.7/site-packages/airflow/example_dags/example_short_circuit_operator.py
[2023-06-01T08:53:34.358+0000] {logging_mixin.py:137} INFO - [2023-06-01T08:53:34.358+0000] {dag.py:2690} INFO - Sync 1 DAGs
[2023-06-01T08:53:34.384+0000] {logging_mixin.py:137} INFO - [2023-06-01T08:53:34.384+0000] {dag.py:3441} INFO - Setting next_dagrun for example_short_circuit_operator to 2023-05-31T08:53:34.383790+00:00, run_after=2023-06-01T08:53:34.383790+00:00
[2023-06-01T08:53:34.406+0000] {processor.py:175} INFO - Processing /home/airflow/.local/lib/python3.7/site-packages/airflow/example_dags/example_short_circuit_operator.py took 0.108 seconds
[2023-06-01T08:54:04.460+0000] {processor.py:153} INFO - Started process (PID=1337) to work on /home/airflow/.local/lib/python3.7/site-packages/airflow/example_dags/example_short_circuit_operator.py
[2023-06-01T08:54:04.461+0000] {processor.py:743} INFO - Processing file /home/airflow/.local/lib/python3.7/site-packages/airflow/example_dags/example_short_circuit_operator.py for tasks to queue
[2023-06-01T08:54:04.461+0000] {logging_mixin.py:137} INFO - [2023-06-01T08:54:04.461+0000] {dagbag.py:538} INFO - Filling up the DagBag from /home/airflow/.local/lib/python3.7/site-packages/airflow/example_dags/example_short_circuit_operator.py
[2023-06-01T08:54:04.481+0000] {processor.py:753} INFO - DAG(s) dict_keys(['example_short_circuit_operator']) retrieved from /home/airflow/.local/lib/python3.7/site-packages/airflow/example_dags/example_short_circuit_operator.py
[2023-06-01T08:54:04.511+0000] {logging_mixin.py:137} INFO - [2023-06-01T08:54:04.511+0000] {dag.py:2690} INFO - Sync 1 DAGs
[2023-06-01T08:54:04.539+0000] {logging_mixin.py:137} INFO - [2023-06-01T08:54:04.539+0000] {dag.py:3441} INFO - Setting next_dagrun for example_short_circuit_operator to 2023-05-31T08:54:04.539269+00:00, run_after=2023-06-01T08:54:04.539269+00:00
[2023-06-01T08:54:04.557+0000] {processor.py:175} INFO - Processing /home/airflow/.local/lib/python3.7/site-packages/airflow/example_dags/example_short_circuit_operator.py took 0.100 seconds
[2023-06-01T08:54:35.137+0000] {processor.py:153} INFO - Started process (PID=1424) to work on /home/airflow/.local/lib/python3.7/site-packages/airflow/example_dags/example_short_circuit_operator.py
[2023-06-01T08:54:35.138+0000] {processor.py:743} INFO - Processing file /home/airflow/.local/lib/python3.7/site-packages/airflow/example_dags/example_short_circuit_operator.py for tasks to queue
[2023-06-01T08:54:35.139+0000] {logging_mixin.py:137} INFO - [2023-06-01T08:54:35.139+0000] {dagbag.py:538} INFO - Filling up the DagBag from /home/airflow/.local/lib/python3.7/site-packages/airflow/example_dags/example_short_circuit_operator.py
[2023-06-01T08:54:35.159+0000] {processor.py:753} INFO - DAG(s) dict_keys(['example_short_circuit_operator']) retrieved from /home/airflow/.local/lib/python3.7/site-packages/airflow/example_dags/example_short_circuit_operator.py
[2023-06-01T08:54:35.198+0000] {logging_mixin.py:137} INFO - [2023-06-01T08:54:35.198+0000] {dag.py:2690} INFO - Sync 1 DAGs
[2023-06-01T08:54:35.237+0000] {logging_mixin.py:137} INFO - [2023-06-01T08:54:35.237+0000] {dag.py:3441} INFO - Setting next_dagrun for example_short_circuit_operator to 2023-05-31T08:54:35.236971+00:00, run_after=2023-06-01T08:54:35.236971+00:00
[2023-06-01T08:54:35.262+0000] {processor.py:175} INFO - Processing /home/airflow/.local/lib/python3.7/site-packages/airflow/example_dags/example_short_circuit_operator.py took 0.129 seconds
[2023-06-01T08:55:06.251+0000] {processor.py:153} INFO - Started process (PID=1535) to work on /home/airflow/.local/lib/python3.7/site-packages/airflow/example_dags/example_short_circuit_operator.py
[2023-06-01T08:55:06.251+0000] {processor.py:743} INFO - Processing file /home/airflow/.local/lib/python3.7/site-packages/airflow/example_dags/example_short_circuit_operator.py for tasks to queue
[2023-06-01T08:55:06.252+0000] {logging_mixin.py:137} INFO - [2023-06-01T08:55:06.252+0000] {dagbag.py:538} INFO - Filling up the DagBag from /home/airflow/.local/lib/python3.7/site-packages/airflow/example_dags/example_short_circuit_operator.py
[2023-06-01T08:55:06.268+0000] {processor.py:753} INFO - DAG(s) dict_keys(['example_short_circuit_operator']) retrieved from /home/airflow/.local/lib/python3.7/site-packages/airflow/example_dags/example_short_circuit_operator.py
[2023-06-01T08:55:06.297+0000] {logging_mixin.py:137} INFO - [2023-06-01T08:55:06.297+0000] {dag.py:2690} INFO - Sync 1 DAGs
[2023-06-01T08:55:06.327+0000] {logging_mixin.py:137} INFO - [2023-06-01T08:55:06.326+0000] {dag.py:3441} INFO - Setting next_dagrun for example_short_circuit_operator to 2023-05-31T08:55:06.326536+00:00, run_after=2023-06-01T08:55:06.326536+00:00
[2023-06-01T08:55:06.344+0000] {processor.py:175} INFO - Processing /home/airflow/.local/lib/python3.7/site-packages/airflow/example_dags/example_short_circuit_operator.py took 0.098 seconds
[2023-06-01T08:55:37.303+0000] {processor.py:153} INFO - Started process (PID=1622) to work on /home/airflow/.local/lib/python3.7/site-packages/airflow/example_dags/example_short_circuit_operator.py
[2023-06-01T08:55:37.304+0000] {processor.py:743} INFO - Processing file /home/airflow/.local/lib/python3.7/site-packages/airflow/example_dags/example_short_circuit_operator.py for tasks to queue
[2023-06-01T08:55:37.305+0000] {logging_mixin.py:137} INFO - [2023-06-01T08:55:37.305+0000] {dagbag.py:538} INFO - Filling up the DagBag from /home/airflow/.local/lib/python3.7/site-packages/airflow/example_dags/example_short_circuit_operator.py
[2023-06-01T08:55:37.321+0000] {processor.py:753} INFO - DAG(s) dict_keys(['example_short_circuit_operator']) retrieved from /home/airflow/.local/lib/python3.7/site-packages/airflow/example_dags/example_short_circuit_operator.py
[2023-06-01T08:55:37.347+0000] {logging_mixin.py:137} INFO - [2023-06-01T08:55:37.347+0000] {dag.py:2690} INFO - Sync 1 DAGs
[2023-06-01T08:55:37.373+0000] {logging_mixin.py:137} INFO - [2023-06-01T08:55:37.373+0000] {dag.py:3441} INFO - Setting next_dagrun for example_short_circuit_operator to 2023-05-31T08:55:37.372811+00:00, run_after=2023-06-01T08:55:37.372811+00:00
[2023-06-01T08:55:37.398+0000] {processor.py:175} INFO - Processing /home/airflow/.local/lib/python3.7/site-packages/airflow/example_dags/example_short_circuit_operator.py took 0.099 seconds
[2023-06-01T08:56:07.570+0000] {processor.py:153} INFO - Started process (PID=1709) to work on /home/airflow/.local/lib/python3.7/site-packages/airflow/example_dags/example_short_circuit_operator.py
[2023-06-01T08:56:07.571+0000] {processor.py:743} INFO - Processing file /home/airflow/.local/lib/python3.7/site-packages/airflow/example_dags/example_short_circuit_operator.py for tasks to queue
[2023-06-01T08:56:07.572+0000] {logging_mixin.py:137} INFO - [2023-06-01T08:56:07.572+0000] {dagbag.py:538} INFO - Filling up the DagBag from /home/airflow/.local/lib/python3.7/site-packages/airflow/example_dags/example_short_circuit_operator.py
[2023-06-01T08:56:07.591+0000] {processor.py:753} INFO - DAG(s) dict_keys(['example_short_circuit_operator']) retrieved from /home/airflow/.local/lib/python3.7/site-packages/airflow/example_dags/example_short_circuit_operator.py
[2023-06-01T08:56:07.628+0000] {logging_mixin.py:137} INFO - [2023-06-01T08:56:07.628+0000] {dag.py:2690} INFO - Sync 1 DAGs
[2023-06-01T08:56:07.659+0000] {logging_mixin.py:137} INFO - [2023-06-01T08:56:07.659+0000] {dag.py:3441} INFO - Setting next_dagrun for example_short_circuit_operator to 2023-05-31T08:56:07.659277+00:00, run_after=2023-06-01T08:56:07.659277+00:00
[2023-06-01T08:56:07.681+0000] {processor.py:175} INFO - Processing /home/airflow/.local/lib/python3.7/site-packages/airflow/example_dags/example_short_circuit_operator.py took 0.115 seconds
[2023-06-01T08:56:38.459+0000] {processor.py:153} INFO - Started process (PID=1820) to work on /home/airflow/.local/lib/python3.7/site-packages/airflow/example_dags/example_short_circuit_operator.py
[2023-06-01T08:56:38.461+0000] {processor.py:743} INFO - Processing file /home/airflow/.local/lib/python3.7/site-packages/airflow/example_dags/example_short_circuit_operator.py for tasks to queue
[2023-06-01T08:56:38.462+0000] {logging_mixin.py:137} INFO - [2023-06-01T08:56:38.462+0000] {dagbag.py:538} INFO - Filling up the DagBag from /home/airflow/.local/lib/python3.7/site-packages/airflow/example_dags/example_short_circuit_operator.py
[2023-06-01T08:56:38.482+0000] {processor.py:753} INFO - DAG(s) dict_keys(['example_short_circuit_operator']) retrieved from /home/airflow/.local/lib/python3.7/site-packages/airflow/example_dags/example_short_circuit_operator.py
[2023-06-01T08:56:38.522+0000] {logging_mixin.py:137} INFO - [2023-06-01T08:56:38.522+0000] {dag.py:2690} INFO - Sync 1 DAGs
[2023-06-01T08:56:38.552+0000] {logging_mixin.py:137} INFO - [2023-06-01T08:56:38.552+0000] {dag.py:3441} INFO - Setting next_dagrun for example_short_circuit_operator to 2023-05-31T08:56:38.552076+00:00, run_after=2023-06-01T08:56:38.552076+00:00
[2023-06-01T08:56:38.577+0000] {processor.py:175} INFO - Processing /home/airflow/.local/lib/python3.7/site-packages/airflow/example_dags/example_short_circuit_operator.py took 0.122 seconds
[2023-06-01T08:57:09.038+0000] {processor.py:153} INFO - Started process (PID=1907) to work on /home/airflow/.local/lib/python3.7/site-packages/airflow/example_dags/example_short_circuit_operator.py
[2023-06-01T08:57:09.039+0000] {processor.py:743} INFO - Processing file /home/airflow/.local/lib/python3.7/site-packages/airflow/example_dags/example_short_circuit_operator.py for tasks to queue
[2023-06-01T08:57:09.040+0000] {logging_mixin.py:137} INFO - [2023-06-01T08:57:09.040+0000] {dagbag.py:538} INFO - Filling up the DagBag from /home/airflow/.local/lib/python3.7/site-packages/airflow/example_dags/example_short_circuit_operator.py
[2023-06-01T08:57:09.057+0000] {processor.py:753} INFO - DAG(s) dict_keys(['example_short_circuit_operator']) retrieved from /home/airflow/.local/lib/python3.7/site-packages/airflow/example_dags/example_short_circuit_operator.py
[2023-06-01T08:57:09.085+0000] {logging_mixin.py:137} INFO - [2023-06-01T08:57:09.085+0000] {dag.py:2690} INFO - Sync 1 DAGs
[2023-06-01T08:57:09.108+0000] {logging_mixin.py:137} INFO - [2023-06-01T08:57:09.108+0000] {dag.py:3441} INFO - Setting next_dagrun for example_short_circuit_operator to 2023-05-31T08:57:09.108425+00:00, run_after=2023-06-01T08:57:09.108425+00:00
[2023-06-01T08:57:09.133+0000] {processor.py:175} INFO - Processing /home/airflow/.local/lib/python3.7/site-packages/airflow/example_dags/example_short_circuit_operator.py took 0.098 seconds
[2023-06-01T08:57:39.416+0000] {processor.py:153} INFO - Started process (PID=1994) to work on /home/airflow/.local/lib/python3.7/site-packages/airflow/example_dags/example_short_circuit_operator.py
[2023-06-01T08:57:39.419+0000] {processor.py:743} INFO - Processing file /home/airflow/.local/lib/python3.7/site-packages/airflow/example_dags/example_short_circuit_operator.py for tasks to queue
[2023-06-01T08:57:39.420+0000] {logging_mixin.py:137} INFO - [2023-06-01T08:57:39.420+0000] {dagbag.py:538} INFO - Filling up the DagBag from /home/airflow/.local/lib/python3.7/site-packages/airflow/example_dags/example_short_circuit_operator.py
[2023-06-01T08:57:39.441+0000] {processor.py:753} INFO - DAG(s) dict_keys(['example_short_circuit_operator']) retrieved from /home/airflow/.local/lib/python3.7/site-packages/airflow/example_dags/example_short_circuit_operator.py
[2023-06-01T08:57:39.470+0000] {logging_mixin.py:137} INFO - [2023-06-01T08:57:39.470+0000] {dag.py:2690} INFO - Sync 1 DAGs
[2023-06-01T08:57:39.497+0000] {logging_mixin.py:137} INFO - [2023-06-01T08:57:39.497+0000] {dag.py:3441} INFO - Setting next_dagrun for example_short_circuit_operator to 2023-05-31T08:57:39.497279+00:00, run_after=2023-06-01T08:57:39.497279+00:00
[2023-06-01T08:57:39.523+0000] {processor.py:175} INFO - Processing /home/airflow/.local/lib/python3.7/site-packages/airflow/example_dags/example_short_circuit_operator.py took 0.110 seconds
[2023-06-01T08:58:10.571+0000] {processor.py:153} INFO - Started process (PID=2090) to work on /home/airflow/.local/lib/python3.7/site-packages/airflow/example_dags/example_short_circuit_operator.py
[2023-06-01T08:58:10.572+0000] {processor.py:743} INFO - Processing file /home/airflow/.local/lib/python3.7/site-packages/airflow/example_dags/example_short_circuit_operator.py for tasks to queue
[2023-06-01T08:58:10.573+0000] {logging_mixin.py:137} INFO - [2023-06-01T08:58:10.573+0000] {dagbag.py:538} INFO - Filling up the DagBag from /home/airflow/.local/lib/python3.7/site-packages/airflow/example_dags/example_short_circuit_operator.py
[2023-06-01T08:58:10.593+0000] {processor.py:753} INFO - DAG(s) dict_keys(['example_short_circuit_operator']) retrieved from /home/airflow/.local/lib/python3.7/site-packages/airflow/example_dags/example_short_circuit_operator.py
[2023-06-01T08:58:10.628+0000] {logging_mixin.py:137} INFO - [2023-06-01T08:58:10.627+0000] {dag.py:2690} INFO - Sync 1 DAGs
[2023-06-01T08:58:10.665+0000] {logging_mixin.py:137} INFO - [2023-06-01T08:58:10.664+0000] {dag.py:3441} INFO - Setting next_dagrun for example_short_circuit_operator to 2023-05-31T08:58:10.664272+00:00, run_after=2023-06-01T08:58:10.664272+00:00
[2023-06-01T08:58:10.687+0000] {processor.py:175} INFO - Processing /home/airflow/.local/lib/python3.7/site-packages/airflow/example_dags/example_short_circuit_operator.py took 0.119 seconds
[2023-06-01T08:58:41.215+0000] {processor.py:153} INFO - Started process (PID=2192) to work on /home/airflow/.local/lib/python3.7/site-packages/airflow/example_dags/example_short_circuit_operator.py
[2023-06-01T08:58:41.217+0000] {processor.py:743} INFO - Processing file /home/airflow/.local/lib/python3.7/site-packages/airflow/example_dags/example_short_circuit_operator.py for tasks to queue
[2023-06-01T08:58:41.218+0000] {logging_mixin.py:137} INFO - [2023-06-01T08:58:41.218+0000] {dagbag.py:538} INFO - Filling up the DagBag from /home/airflow/.local/lib/python3.7/site-packages/airflow/example_dags/example_short_circuit_operator.py
[2023-06-01T08:58:41.237+0000] {processor.py:753} INFO - DAG(s) dict_keys(['example_short_circuit_operator']) retrieved from /home/airflow/.local/lib/python3.7/site-packages/airflow/example_dags/example_short_circuit_operator.py
[2023-06-01T08:58:41.267+0000] {logging_mixin.py:137} INFO - [2023-06-01T08:58:41.267+0000] {dag.py:2690} INFO - Sync 1 DAGs
[2023-06-01T08:58:41.293+0000] {logging_mixin.py:137} INFO - [2023-06-01T08:58:41.293+0000] {dag.py:3441} INFO - Setting next_dagrun for example_short_circuit_operator to 2023-05-31T08:58:41.292942+00:00, run_after=2023-06-01T08:58:41.292942+00:00
[2023-06-01T08:58:41.315+0000] {processor.py:175} INFO - Processing /home/airflow/.local/lib/python3.7/site-packages/airflow/example_dags/example_short_circuit_operator.py took 0.104 seconds
[2023-06-01T08:59:11.954+0000] {processor.py:153} INFO - Started process (PID=2279) to work on /home/airflow/.local/lib/python3.7/site-packages/airflow/example_dags/example_short_circuit_operator.py
[2023-06-01T08:59:11.955+0000] {processor.py:743} INFO - Processing file /home/airflow/.local/lib/python3.7/site-packages/airflow/example_dags/example_short_circuit_operator.py for tasks to queue
[2023-06-01T08:59:11.956+0000] {logging_mixin.py:137} INFO - [2023-06-01T08:59:11.955+0000] {dagbag.py:538} INFO - Filling up the DagBag from /home/airflow/.local/lib/python3.7/site-packages/airflow/example_dags/example_short_circuit_operator.py
[2023-06-01T08:59:11.974+0000] {processor.py:753} INFO - DAG(s) dict_keys(['example_short_circuit_operator']) retrieved from /home/airflow/.local/lib/python3.7/site-packages/airflow/example_dags/example_short_circuit_operator.py
[2023-06-01T08:59:12.005+0000] {logging_mixin.py:137} INFO - [2023-06-01T08:59:12.004+0000] {dag.py:2690} INFO - Sync 1 DAGs
[2023-06-01T08:59:12.033+0000] {logging_mixin.py:137} INFO - [2023-06-01T08:59:12.033+0000] {dag.py:3441} INFO - Setting next_dagrun for example_short_circuit_operator to 2023-05-31T08:59:12.033010+00:00, run_after=2023-06-01T08:59:12.033010+00:00
[2023-06-01T08:59:12.061+0000] {processor.py:175} INFO - Processing /home/airflow/.local/lib/python3.7/site-packages/airflow/example_dags/example_short_circuit_operator.py took 0.110 seconds
[2023-06-01T08:59:42.530+0000] {processor.py:153} INFO - Started process (PID=2366) to work on /home/airflow/.local/lib/python3.7/site-packages/airflow/example_dags/example_short_circuit_operator.py
[2023-06-01T08:59:42.532+0000] {processor.py:743} INFO - Processing file /home/airflow/.local/lib/python3.7/site-packages/airflow/example_dags/example_short_circuit_operator.py for tasks to queue
[2023-06-01T08:59:42.533+0000] {logging_mixin.py:137} INFO - [2023-06-01T08:59:42.532+0000] {dagbag.py:538} INFO - Filling up the DagBag from /home/airflow/.local/lib/python3.7/site-packages/airflow/example_dags/example_short_circuit_operator.py
[2023-06-01T08:59:42.551+0000] {processor.py:753} INFO - DAG(s) dict_keys(['example_short_circuit_operator']) retrieved from /home/airflow/.local/lib/python3.7/site-packages/airflow/example_dags/example_short_circuit_operator.py
[2023-06-01T08:59:42.585+0000] {logging_mixin.py:137} INFO - [2023-06-01T08:59:42.585+0000] {dag.py:2690} INFO - Sync 1 DAGs
[2023-06-01T08:59:42.616+0000] {logging_mixin.py:137} INFO - [2023-06-01T08:59:42.616+0000] {dag.py:3441} INFO - Setting next_dagrun for example_short_circuit_operator to 2023-05-31T08:59:42.616104+00:00, run_after=2023-06-01T08:59:42.616104+00:00
[2023-06-01T08:59:42.640+0000] {processor.py:175} INFO - Processing /home/airflow/.local/lib/python3.7/site-packages/airflow/example_dags/example_short_circuit_operator.py took 0.113 seconds
[2023-06-01T09:00:13.597+0000] {processor.py:153} INFO - Started process (PID=2477) to work on /home/airflow/.local/lib/python3.7/site-packages/airflow/example_dags/example_short_circuit_operator.py
[2023-06-01T09:00:13.598+0000] {processor.py:743} INFO - Processing file /home/airflow/.local/lib/python3.7/site-packages/airflow/example_dags/example_short_circuit_operator.py for tasks to queue
[2023-06-01T09:00:13.598+0000] {logging_mixin.py:137} INFO - [2023-06-01T09:00:13.598+0000] {dagbag.py:538} INFO - Filling up the DagBag from /home/airflow/.local/lib/python3.7/site-packages/airflow/example_dags/example_short_circuit_operator.py
[2023-06-01T09:00:13.616+0000] {processor.py:753} INFO - DAG(s) dict_keys(['example_short_circuit_operator']) retrieved from /home/airflow/.local/lib/python3.7/site-packages/airflow/example_dags/example_short_circuit_operator.py
[2023-06-01T09:00:13.671+0000] {logging_mixin.py:137} INFO - [2023-06-01T09:00:13.670+0000] {dag.py:2690} INFO - Sync 1 DAGs
[2023-06-01T09:00:13.706+0000] {logging_mixin.py:137} INFO - [2023-06-01T09:00:13.706+0000] {dag.py:3441} INFO - Setting next_dagrun for example_short_circuit_operator to 2023-05-31T09:00:13.706174+00:00, run_after=2023-06-01T09:00:13.706174+00:00
[2023-06-01T09:00:13.731+0000] {processor.py:175} INFO - Processing /home/airflow/.local/lib/python3.7/site-packages/airflow/example_dags/example_short_circuit_operator.py took 0.137 seconds
[2023-06-01T09:00:44.528+0000] {processor.py:153} INFO - Started process (PID=2564) to work on /home/airflow/.local/lib/python3.7/site-packages/airflow/example_dags/example_short_circuit_operator.py
[2023-06-01T09:00:44.530+0000] {processor.py:743} INFO - Processing file /home/airflow/.local/lib/python3.7/site-packages/airflow/example_dags/example_short_circuit_operator.py for tasks to queue
[2023-06-01T09:00:44.531+0000] {logging_mixin.py:137} INFO - [2023-06-01T09:00:44.531+0000] {dagbag.py:538} INFO - Filling up the DagBag from /home/airflow/.local/lib/python3.7/site-packages/airflow/example_dags/example_short_circuit_operator.py
[2023-06-01T09:00:44.547+0000] {processor.py:753} INFO - DAG(s) dict_keys(['example_short_circuit_operator']) retrieved from /home/airflow/.local/lib/python3.7/site-packages/airflow/example_dags/example_short_circuit_operator.py
[2023-06-01T09:00:44.579+0000] {logging_mixin.py:137} INFO - [2023-06-01T09:00:44.579+0000] {dag.py:2690} INFO - Sync 1 DAGs
[2023-06-01T09:00:44.609+0000] {logging_mixin.py:137} INFO - [2023-06-01T09:00:44.609+0000] {dag.py:3441} INFO - Setting next_dagrun for example_short_circuit_operator to 2023-05-31T09:00:44.609109+00:00, run_after=2023-06-01T09:00:44.609109+00:00
[2023-06-01T09:00:44.635+0000] {processor.py:175} INFO - Processing /home/airflow/.local/lib/python3.7/site-packages/airflow/example_dags/example_short_circuit_operator.py took 0.110 seconds
[2023-06-01T09:01:15.224+0000] {processor.py:153} INFO - Started process (PID=2651) to work on /home/airflow/.local/lib/python3.7/site-packages/airflow/example_dags/example_short_circuit_operator.py
[2023-06-01T09:01:15.224+0000] {processor.py:743} INFO - Processing file /home/airflow/.local/lib/python3.7/site-packages/airflow/example_dags/example_short_circuit_operator.py for tasks to queue
[2023-06-01T09:01:15.225+0000] {logging_mixin.py:137} INFO - [2023-06-01T09:01:15.225+0000] {dagbag.py:538} INFO - Filling up the DagBag from /home/airflow/.local/lib/python3.7/site-packages/airflow/example_dags/example_short_circuit_operator.py
[2023-06-01T09:01:15.247+0000] {processor.py:753} INFO - DAG(s) dict_keys(['example_short_circuit_operator']) retrieved from /home/airflow/.local/lib/python3.7/site-packages/airflow/example_dags/example_short_circuit_operator.py
[2023-06-01T09:01:15.282+0000] {logging_mixin.py:137} INFO - [2023-06-01T09:01:15.282+0000] {dag.py:2690} INFO - Sync 1 DAGs
[2023-06-01T09:01:15.313+0000] {logging_mixin.py:137} INFO - [2023-06-01T09:01:15.313+0000] {dag.py:3441} INFO - Setting next_dagrun for example_short_circuit_operator to 2023-05-31T09:01:15.312912+00:00, run_after=2023-06-01T09:01:15.312912+00:00
[2023-06-01T09:01:15.340+0000] {processor.py:175} INFO - Processing /home/airflow/.local/lib/python3.7/site-packages/airflow/example_dags/example_short_circuit_operator.py took 0.121 seconds
[2023-06-01T09:01:45.945+0000] {processor.py:153} INFO - Started process (PID=2747) to work on /home/airflow/.local/lib/python3.7/site-packages/airflow/example_dags/example_short_circuit_operator.py
[2023-06-01T09:01:45.947+0000] {processor.py:743} INFO - Processing file /home/airflow/.local/lib/python3.7/site-packages/airflow/example_dags/example_short_circuit_operator.py for tasks to queue
[2023-06-01T09:01:45.947+0000] {logging_mixin.py:137} INFO - [2023-06-01T09:01:45.947+0000] {dagbag.py:538} INFO - Filling up the DagBag from /home/airflow/.local/lib/python3.7/site-packages/airflow/example_dags/example_short_circuit_operator.py
[2023-06-01T09:01:45.966+0000] {processor.py:753} INFO - DAG(s) dict_keys(['example_short_circuit_operator']) retrieved from /home/airflow/.local/lib/python3.7/site-packages/airflow/example_dags/example_short_circuit_operator.py
[2023-06-01T09:01:45.994+0000] {logging_mixin.py:137} INFO - [2023-06-01T09:01:45.994+0000] {dag.py:2690} INFO - Sync 1 DAGs
[2023-06-01T09:01:46.023+0000] {logging_mixin.py:137} INFO - [2023-06-01T09:01:46.023+0000] {dag.py:3441} INFO - Setting next_dagrun for example_short_circuit_operator to 2023-05-31T09:01:46.023121+00:00, run_after=2023-06-01T09:01:46.023121+00:00
[2023-06-01T09:01:46.044+0000] {processor.py:175} INFO - Processing /home/airflow/.local/lib/python3.7/site-packages/airflow/example_dags/example_short_circuit_operator.py took 0.102 seconds
[2023-06-01T09:02:16.239+0000] {processor.py:153} INFO - Started process (PID=2849) to work on /home/airflow/.local/lib/python3.7/site-packages/airflow/example_dags/example_short_circuit_operator.py
[2023-06-01T09:02:16.240+0000] {processor.py:743} INFO - Processing file /home/airflow/.local/lib/python3.7/site-packages/airflow/example_dags/example_short_circuit_operator.py for tasks to queue
[2023-06-01T09:02:16.240+0000] {logging_mixin.py:137} INFO - [2023-06-01T09:02:16.240+0000] {dagbag.py:538} INFO - Filling up the DagBag from /home/airflow/.local/lib/python3.7/site-packages/airflow/example_dags/example_short_circuit_operator.py
[2023-06-01T09:02:16.258+0000] {processor.py:753} INFO - DAG(s) dict_keys(['example_short_circuit_operator']) retrieved from /home/airflow/.local/lib/python3.7/site-packages/airflow/example_dags/example_short_circuit_operator.py
[2023-06-01T09:02:16.288+0000] {logging_mixin.py:137} INFO - [2023-06-01T09:02:16.288+0000] {dag.py:2690} INFO - Sync 1 DAGs
[2023-06-01T09:02:16.320+0000] {logging_mixin.py:137} INFO - [2023-06-01T09:02:16.320+0000] {dag.py:3441} INFO - Setting next_dagrun for example_short_circuit_operator to 2023-05-31T09:02:16.319774+00:00, run_after=2023-06-01T09:02:16.319774+00:00
[2023-06-01T09:02:16.341+0000] {processor.py:175} INFO - Processing /home/airflow/.local/lib/python3.7/site-packages/airflow/example_dags/example_short_circuit_operator.py took 0.105 seconds
[2023-06-01T09:02:46.679+0000] {processor.py:153} INFO - Started process (PID=2936) to work on /home/airflow/.local/lib/python3.7/site-packages/airflow/example_dags/example_short_circuit_operator.py
[2023-06-01T09:02:46.680+0000] {processor.py:743} INFO - Processing file /home/airflow/.local/lib/python3.7/site-packages/airflow/example_dags/example_short_circuit_operator.py for tasks to queue
[2023-06-01T09:02:46.681+0000] {logging_mixin.py:137} INFO - [2023-06-01T09:02:46.681+0000] {dagbag.py:538} INFO - Filling up the DagBag from /home/airflow/.local/lib/python3.7/site-packages/airflow/example_dags/example_short_circuit_operator.py
[2023-06-01T09:02:46.698+0000] {processor.py:753} INFO - DAG(s) dict_keys(['example_short_circuit_operator']) retrieved from /home/airflow/.local/lib/python3.7/site-packages/airflow/example_dags/example_short_circuit_operator.py
[2023-06-01T09:02:46.730+0000] {logging_mixin.py:137} INFO - [2023-06-01T09:02:46.729+0000] {dag.py:2690} INFO - Sync 1 DAGs
[2023-06-01T09:02:46.765+0000] {logging_mixin.py:137} INFO - [2023-06-01T09:02:46.764+0000] {dag.py:3441} INFO - Setting next_dagrun for example_short_circuit_operator to 2023-05-31T09:02:46.764404+00:00, run_after=2023-06-01T09:02:46.764404+00:00
[2023-06-01T09:02:46.788+0000] {processor.py:175} INFO - Processing /home/airflow/.local/lib/python3.7/site-packages/airflow/example_dags/example_short_circuit_operator.py took 0.113 seconds
[2023-06-01T09:03:17.158+0000] {processor.py:153} INFO - Started process (PID=3023) to work on /home/airflow/.local/lib/python3.7/site-packages/airflow/example_dags/example_short_circuit_operator.py
[2023-06-01T09:03:17.159+0000] {processor.py:743} INFO - Processing file /home/airflow/.local/lib/python3.7/site-packages/airflow/example_dags/example_short_circuit_operator.py for tasks to queue
[2023-06-01T09:03:17.160+0000] {logging_mixin.py:137} INFO - [2023-06-01T09:03:17.159+0000] {dagbag.py:538} INFO - Filling up the DagBag from /home/airflow/.local/lib/python3.7/site-packages/airflow/example_dags/example_short_circuit_operator.py
[2023-06-01T09:03:17.182+0000] {processor.py:753} INFO - DAG(s) dict_keys(['example_short_circuit_operator']) retrieved from /home/airflow/.local/lib/python3.7/site-packages/airflow/example_dags/example_short_circuit_operator.py
[2023-06-01T09:03:17.215+0000] {logging_mixin.py:137} INFO - [2023-06-01T09:03:17.214+0000] {dag.py:2690} INFO - Sync 1 DAGs
[2023-06-01T09:03:17.244+0000] {logging_mixin.py:137} INFO - [2023-06-01T09:03:17.243+0000] {dag.py:3441} INFO - Setting next_dagrun for example_short_circuit_operator to 2023-05-31T09:03:17.243564+00:00, run_after=2023-06-01T09:03:17.243564+00:00
[2023-06-01T09:03:17.269+0000] {processor.py:175} INFO - Processing /home/airflow/.local/lib/python3.7/site-packages/airflow/example_dags/example_short_circuit_operator.py took 0.115 seconds
[2023-06-01T09:03:48.007+0000] {processor.py:153} INFO - Started process (PID=3134) to work on /home/airflow/.local/lib/python3.7/site-packages/airflow/example_dags/example_short_circuit_operator.py
[2023-06-01T09:03:48.009+0000] {processor.py:743} INFO - Processing file /home/airflow/.local/lib/python3.7/site-packages/airflow/example_dags/example_short_circuit_operator.py for tasks to queue
[2023-06-01T09:03:48.009+0000] {logging_mixin.py:137} INFO - [2023-06-01T09:03:48.009+0000] {dagbag.py:538} INFO - Filling up the DagBag from /home/airflow/.local/lib/python3.7/site-packages/airflow/example_dags/example_short_circuit_operator.py
[2023-06-01T09:03:48.026+0000] {processor.py:753} INFO - DAG(s) dict_keys(['example_short_circuit_operator']) retrieved from /home/airflow/.local/lib/python3.7/site-packages/airflow/example_dags/example_short_circuit_operator.py
[2023-06-01T09:03:48.056+0000] {logging_mixin.py:137} INFO - [2023-06-01T09:03:48.055+0000] {dag.py:2690} INFO - Sync 1 DAGs
[2023-06-01T09:03:48.082+0000] {logging_mixin.py:137} INFO - [2023-06-01T09:03:48.082+0000] {dag.py:3441} INFO - Setting next_dagrun for example_short_circuit_operator to 2023-05-31T09:03:48.081731+00:00, run_after=2023-06-01T09:03:48.081731+00:00
[2023-06-01T09:03:48.099+0000] {processor.py:175} INFO - Processing /home/airflow/.local/lib/python3.7/site-packages/airflow/example_dags/example_short_circuit_operator.py took 0.095 seconds
[2023-06-01T09:04:18.423+0000] {processor.py:153} INFO - Started process (PID=3221) to work on /home/airflow/.local/lib/python3.7/site-packages/airflow/example_dags/example_short_circuit_operator.py
[2023-06-01T09:04:18.424+0000] {processor.py:743} INFO - Processing file /home/airflow/.local/lib/python3.7/site-packages/airflow/example_dags/example_short_circuit_operator.py for tasks to queue
[2023-06-01T09:04:18.424+0000] {logging_mixin.py:137} INFO - [2023-06-01T09:04:18.424+0000] {dagbag.py:538} INFO - Filling up the DagBag from /home/airflow/.local/lib/python3.7/site-packages/airflow/example_dags/example_short_circuit_operator.py
[2023-06-01T09:04:18.440+0000] {processor.py:753} INFO - DAG(s) dict_keys(['example_short_circuit_operator']) retrieved from /home/airflow/.local/lib/python3.7/site-packages/airflow/example_dags/example_short_circuit_operator.py
[2023-06-01T09:04:18.469+0000] {logging_mixin.py:137} INFO - [2023-06-01T09:04:18.469+0000] {dag.py:2690} INFO - Sync 1 DAGs
[2023-06-01T09:04:18.498+0000] {logging_mixin.py:137} INFO - [2023-06-01T09:04:18.498+0000] {dag.py:3441} INFO - Setting next_dagrun for example_short_circuit_operator to 2023-05-31T09:04:18.497781+00:00, run_after=2023-06-01T09:04:18.497781+00:00
[2023-06-01T09:04:18.517+0000] {processor.py:175} INFO - Processing /home/airflow/.local/lib/python3.7/site-packages/airflow/example_dags/example_short_circuit_operator.py took 0.098 seconds
[2023-06-01T09:04:48.947+0000] {processor.py:153} INFO - Started process (PID=3308) to work on /home/airflow/.local/lib/python3.7/site-packages/airflow/example_dags/example_short_circuit_operator.py
[2023-06-01T09:04:48.949+0000] {processor.py:743} INFO - Processing file /home/airflow/.local/lib/python3.7/site-packages/airflow/example_dags/example_short_circuit_operator.py for tasks to queue
[2023-06-01T09:04:48.950+0000] {logging_mixin.py:137} INFO - [2023-06-01T09:04:48.950+0000] {dagbag.py:538} INFO - Filling up the DagBag from /home/airflow/.local/lib/python3.7/site-packages/airflow/example_dags/example_short_circuit_operator.py
[2023-06-01T09:04:48.968+0000] {processor.py:753} INFO - DAG(s) dict_keys(['example_short_circuit_operator']) retrieved from /home/airflow/.local/lib/python3.7/site-packages/airflow/example_dags/example_short_circuit_operator.py
[2023-06-01T09:04:49.009+0000] {logging_mixin.py:137} INFO - [2023-06-01T09:04:49.008+0000] {dag.py:2690} INFO - Sync 1 DAGs
[2023-06-01T09:04:49.046+0000] {logging_mixin.py:137} INFO - [2023-06-01T09:04:49.046+0000] {dag.py:3441} INFO - Setting next_dagrun for example_short_circuit_operator to 2023-05-31T09:04:49.045824+00:00, run_after=2023-06-01T09:04:49.045824+00:00
[2023-06-01T09:04:49.073+0000] {processor.py:175} INFO - Processing /home/airflow/.local/lib/python3.7/site-packages/airflow/example_dags/example_short_circuit_operator.py took 0.130 seconds
[2023-06-01T09:05:20.471+0000] {processor.py:153} INFO - Started process (PID=3395) to work on /home/airflow/.local/lib/python3.7/site-packages/airflow/example_dags/example_short_circuit_operator.py
[2023-06-01T09:05:20.474+0000] {processor.py:743} INFO - Processing file /home/airflow/.local/lib/python3.7/site-packages/airflow/example_dags/example_short_circuit_operator.py for tasks to queue
[2023-06-01T09:05:20.475+0000] {logging_mixin.py:137} INFO - [2023-06-01T09:05:20.475+0000] {dagbag.py:538} INFO - Filling up the DagBag from /home/airflow/.local/lib/python3.7/site-packages/airflow/example_dags/example_short_circuit_operator.py
[2023-06-01T09:05:20.498+0000] {processor.py:753} INFO - DAG(s) dict_keys(['example_short_circuit_operator']) retrieved from /home/airflow/.local/lib/python3.7/site-packages/airflow/example_dags/example_short_circuit_operator.py
[2023-06-01T09:05:20.537+0000] {logging_mixin.py:137} INFO - [2023-06-01T09:05:20.536+0000] {dag.py:2690} INFO - Sync 1 DAGs
[2023-06-01T09:05:20.570+0000] {logging_mixin.py:137} INFO - [2023-06-01T09:05:20.569+0000] {dag.py:3441} INFO - Setting next_dagrun for example_short_circuit_operator to 2023-05-31T09:05:20.569298+00:00, run_after=2023-06-01T09:05:20.569298+00:00
[2023-06-01T09:05:20.621+0000] {processor.py:175} INFO - Processing /home/airflow/.local/lib/python3.7/site-packages/airflow/example_dags/example_short_circuit_operator.py took 0.154 seconds
[2023-06-01T09:05:50.839+0000] {processor.py:153} INFO - Started process (PID=3491) to work on /home/airflow/.local/lib/python3.7/site-packages/airflow/example_dags/example_short_circuit_operator.py
[2023-06-01T09:05:50.839+0000] {processor.py:743} INFO - Processing file /home/airflow/.local/lib/python3.7/site-packages/airflow/example_dags/example_short_circuit_operator.py for tasks to queue
[2023-06-01T09:05:50.840+0000] {logging_mixin.py:137} INFO - [2023-06-01T09:05:50.840+0000] {dagbag.py:538} INFO - Filling up the DagBag from /home/airflow/.local/lib/python3.7/site-packages/airflow/example_dags/example_short_circuit_operator.py
[2023-06-01T09:05:50.862+0000] {processor.py:753} INFO - DAG(s) dict_keys(['example_short_circuit_operator']) retrieved from /home/airflow/.local/lib/python3.7/site-packages/airflow/example_dags/example_short_circuit_operator.py
[2023-06-01T09:05:50.897+0000] {logging_mixin.py:137} INFO - [2023-06-01T09:05:50.896+0000] {dag.py:2690} INFO - Sync 1 DAGs
[2023-06-01T09:05:50.930+0000] {logging_mixin.py:137} INFO - [2023-06-01T09:05:50.930+0000] {dag.py:3441} INFO - Setting next_dagrun for example_short_circuit_operator to 2023-05-31T09:05:50.930375+00:00, run_after=2023-06-01T09:05:50.930375+00:00
[2023-06-01T09:05:50.966+0000] {processor.py:175} INFO - Processing /home/airflow/.local/lib/python3.7/site-packages/airflow/example_dags/example_short_circuit_operator.py took 0.131 seconds
[2023-06-01T09:06:21.339+0000] {processor.py:153} INFO - Started process (PID=3593) to work on /home/airflow/.local/lib/python3.7/site-packages/airflow/example_dags/example_short_circuit_operator.py
[2023-06-01T09:06:21.342+0000] {processor.py:743} INFO - Processing file /home/airflow/.local/lib/python3.7/site-packages/airflow/example_dags/example_short_circuit_operator.py for tasks to queue
[2023-06-01T09:06:21.343+0000] {logging_mixin.py:137} INFO - [2023-06-01T09:06:21.343+0000] {dagbag.py:538} INFO - Filling up the DagBag from /home/airflow/.local/lib/python3.7/site-packages/airflow/example_dags/example_short_circuit_operator.py
[2023-06-01T09:06:21.362+0000] {processor.py:753} INFO - DAG(s) dict_keys(['example_short_circuit_operator']) retrieved from /home/airflow/.local/lib/python3.7/site-packages/airflow/example_dags/example_short_circuit_operator.py
[2023-06-01T09:06:21.408+0000] {logging_mixin.py:137} INFO - [2023-06-01T09:06:21.408+0000] {dag.py:2690} INFO - Sync 1 DAGs
[2023-06-01T09:06:21.438+0000] {logging_mixin.py:137} INFO - [2023-06-01T09:06:21.438+0000] {dag.py:3441} INFO - Setting next_dagrun for example_short_circuit_operator to 2023-05-31T09:06:21.437995+00:00, run_after=2023-06-01T09:06:21.437995+00:00
[2023-06-01T09:06:21.483+0000] {processor.py:175} INFO - Processing /home/airflow/.local/lib/python3.7/site-packages/airflow/example_dags/example_short_circuit_operator.py took 0.148 seconds
[2023-06-01T09:06:51.674+0000] {processor.py:153} INFO - Started process (PID=3680) to work on /home/airflow/.local/lib/python3.7/site-packages/airflow/example_dags/example_short_circuit_operator.py
[2023-06-01T09:06:51.676+0000] {processor.py:743} INFO - Processing file /home/airflow/.local/lib/python3.7/site-packages/airflow/example_dags/example_short_circuit_operator.py for tasks to queue
[2023-06-01T09:06:51.677+0000] {logging_mixin.py:137} INFO - [2023-06-01T09:06:51.677+0000] {dagbag.py:538} INFO - Filling up the DagBag from /home/airflow/.local/lib/python3.7/site-packages/airflow/example_dags/example_short_circuit_operator.py
[2023-06-01T09:06:51.692+0000] {processor.py:753} INFO - DAG(s) dict_keys(['example_short_circuit_operator']) retrieved from /home/airflow/.local/lib/python3.7/site-packages/airflow/example_dags/example_short_circuit_operator.py
[2023-06-01T09:06:51.737+0000] {logging_mixin.py:137} INFO - [2023-06-01T09:06:51.736+0000] {dag.py:2690} INFO - Sync 1 DAGs
[2023-06-01T09:06:51.773+0000] {logging_mixin.py:137} INFO - [2023-06-01T09:06:51.773+0000] {dag.py:3441} INFO - Setting next_dagrun for example_short_circuit_operator to 2023-05-31T09:06:51.772702+00:00, run_after=2023-06-01T09:06:51.772702+00:00
[2023-06-01T09:06:51.802+0000] {processor.py:175} INFO - Processing /home/airflow/.local/lib/python3.7/site-packages/airflow/example_dags/example_short_circuit_operator.py took 0.132 seconds
[2023-06-01T09:07:22.621+0000] {processor.py:153} INFO - Started process (PID=3767) to work on /home/airflow/.local/lib/python3.7/site-packages/airflow/example_dags/example_short_circuit_operator.py
[2023-06-01T09:07:22.623+0000] {processor.py:743} INFO - Processing file /home/airflow/.local/lib/python3.7/site-packages/airflow/example_dags/example_short_circuit_operator.py for tasks to queue
[2023-06-01T09:07:22.624+0000] {logging_mixin.py:137} INFO - [2023-06-01T09:07:22.624+0000] {dagbag.py:538} INFO - Filling up the DagBag from /home/airflow/.local/lib/python3.7/site-packages/airflow/example_dags/example_short_circuit_operator.py
[2023-06-01T09:07:22.648+0000] {processor.py:753} INFO - DAG(s) dict_keys(['example_short_circuit_operator']) retrieved from /home/airflow/.local/lib/python3.7/site-packages/airflow/example_dags/example_short_circuit_operator.py
[2023-06-01T09:07:22.687+0000] {logging_mixin.py:137} INFO - [2023-06-01T09:07:22.686+0000] {dag.py:2690} INFO - Sync 1 DAGs
[2023-06-01T09:07:22.719+0000] {logging_mixin.py:137} INFO - [2023-06-01T09:07:22.719+0000] {dag.py:3441} INFO - Setting next_dagrun for example_short_circuit_operator to 2023-05-31T09:07:22.718981+00:00, run_after=2023-06-01T09:07:22.718981+00:00
[2023-06-01T09:07:22.754+0000] {processor.py:175} INFO - Processing /home/airflow/.local/lib/python3.7/site-packages/airflow/example_dags/example_short_circuit_operator.py took 0.137 seconds
[2023-06-01T09:07:53.500+0000] {processor.py:153} INFO - Started process (PID=3854) to work on /home/airflow/.local/lib/python3.7/site-packages/airflow/example_dags/example_short_circuit_operator.py
[2023-06-01T09:07:53.502+0000] {processor.py:743} INFO - Processing file /home/airflow/.local/lib/python3.7/site-packages/airflow/example_dags/example_short_circuit_operator.py for tasks to queue
[2023-06-01T09:07:53.503+0000] {logging_mixin.py:137} INFO - [2023-06-01T09:07:53.503+0000] {dagbag.py:538} INFO - Filling up the DagBag from /home/airflow/.local/lib/python3.7/site-packages/airflow/example_dags/example_short_circuit_operator.py
[2023-06-01T09:07:53.522+0000] {processor.py:753} INFO - DAG(s) dict_keys(['example_short_circuit_operator']) retrieved from /home/airflow/.local/lib/python3.7/site-packages/airflow/example_dags/example_short_circuit_operator.py
[2023-06-01T09:07:53.554+0000] {logging_mixin.py:137} INFO - [2023-06-01T09:07:53.554+0000] {dag.py:2690} INFO - Sync 1 DAGs
[2023-06-01T09:07:53.586+0000] {logging_mixin.py:137} INFO - [2023-06-01T09:07:53.586+0000] {dag.py:3441} INFO - Setting next_dagrun for example_short_circuit_operator to 2023-05-31T09:07:53.586177+00:00, run_after=2023-06-01T09:07:53.586177+00:00
[2023-06-01T09:07:53.617+0000] {processor.py:175} INFO - Processing /home/airflow/.local/lib/python3.7/site-packages/airflow/example_dags/example_short_circuit_operator.py took 0.121 seconds
[2023-06-01T09:08:24.354+0000] {processor.py:153} INFO - Started process (PID=3965) to work on /home/airflow/.local/lib/python3.7/site-packages/airflow/example_dags/example_short_circuit_operator.py
[2023-06-01T09:08:24.356+0000] {processor.py:743} INFO - Processing file /home/airflow/.local/lib/python3.7/site-packages/airflow/example_dags/example_short_circuit_operator.py for tasks to queue
[2023-06-01T09:08:24.356+0000] {logging_mixin.py:137} INFO - [2023-06-01T09:08:24.356+0000] {dagbag.py:538} INFO - Filling up the DagBag from /home/airflow/.local/lib/python3.7/site-packages/airflow/example_dags/example_short_circuit_operator.py
[2023-06-01T09:08:24.373+0000] {processor.py:753} INFO - DAG(s) dict_keys(['example_short_circuit_operator']) retrieved from /home/airflow/.local/lib/python3.7/site-packages/airflow/example_dags/example_short_circuit_operator.py
[2023-06-01T09:08:24.402+0000] {logging_mixin.py:137} INFO - [2023-06-01T09:08:24.402+0000] {dag.py:2690} INFO - Sync 1 DAGs
[2023-06-01T09:08:24.429+0000] {logging_mixin.py:137} INFO - [2023-06-01T09:08:24.429+0000] {dag.py:3441} INFO - Setting next_dagrun for example_short_circuit_operator to 2023-05-31T09:08:24.428716+00:00, run_after=2023-06-01T09:08:24.428716+00:00
[2023-06-01T09:08:24.452+0000] {processor.py:175} INFO - Processing /home/airflow/.local/lib/python3.7/site-packages/airflow/example_dags/example_short_circuit_operator.py took 0.101 seconds
[2023-06-01T09:08:54.833+0000] {processor.py:153} INFO - Started process (PID=4052) to work on /home/airflow/.local/lib/python3.7/site-packages/airflow/example_dags/example_short_circuit_operator.py
[2023-06-01T09:08:54.835+0000] {processor.py:743} INFO - Processing file /home/airflow/.local/lib/python3.7/site-packages/airflow/example_dags/example_short_circuit_operator.py for tasks to queue
[2023-06-01T09:08:54.835+0000] {logging_mixin.py:137} INFO - [2023-06-01T09:08:54.835+0000] {dagbag.py:538} INFO - Filling up the DagBag from /home/airflow/.local/lib/python3.7/site-packages/airflow/example_dags/example_short_circuit_operator.py
[2023-06-01T09:08:54.856+0000] {processor.py:753} INFO - DAG(s) dict_keys(['example_short_circuit_operator']) retrieved from /home/airflow/.local/lib/python3.7/site-packages/airflow/example_dags/example_short_circuit_operator.py
[2023-06-01T09:08:54.889+0000] {logging_mixin.py:137} INFO - [2023-06-01T09:08:54.889+0000] {dag.py:2690} INFO - Sync 1 DAGs
[2023-06-01T09:08:54.916+0000] {logging_mixin.py:137} INFO - [2023-06-01T09:08:54.916+0000] {dag.py:3441} INFO - Setting next_dagrun for example_short_circuit_operator to 2023-05-31T09:08:54.915731+00:00, run_after=2023-06-01T09:08:54.915731+00:00
[2023-06-01T09:08:54.942+0000] {processor.py:175} INFO - Processing /home/airflow/.local/lib/python3.7/site-packages/airflow/example_dags/example_short_circuit_operator.py took 0.113 seconds
[2023-06-01T09:09:25.331+0000] {processor.py:153} INFO - Started process (PID=4139) to work on /home/airflow/.local/lib/python3.7/site-packages/airflow/example_dags/example_short_circuit_operator.py
[2023-06-01T09:09:25.334+0000] {processor.py:743} INFO - Processing file /home/airflow/.local/lib/python3.7/site-packages/airflow/example_dags/example_short_circuit_operator.py for tasks to queue
[2023-06-01T09:09:25.334+0000] {logging_mixin.py:137} INFO - [2023-06-01T09:09:25.334+0000] {dagbag.py:538} INFO - Filling up the DagBag from /home/airflow/.local/lib/python3.7/site-packages/airflow/example_dags/example_short_circuit_operator.py
[2023-06-01T09:09:25.353+0000] {processor.py:753} INFO - DAG(s) dict_keys(['example_short_circuit_operator']) retrieved from /home/airflow/.local/lib/python3.7/site-packages/airflow/example_dags/example_short_circuit_operator.py
[2023-06-01T09:09:25.387+0000] {logging_mixin.py:137} INFO - [2023-06-01T09:09:25.387+0000] {dag.py:2690} INFO - Sync 1 DAGs
[2023-06-01T09:09:25.417+0000] {logging_mixin.py:137} INFO - [2023-06-01T09:09:25.417+0000] {dag.py:3441} INFO - Setting next_dagrun for example_short_circuit_operator to 2023-05-31T09:09:25.416753+00:00, run_after=2023-06-01T09:09:25.416753+00:00
[2023-06-01T09:09:25.440+0000] {processor.py:175} INFO - Processing /home/airflow/.local/lib/python3.7/site-packages/airflow/example_dags/example_short_circuit_operator.py took 0.114 seconds
[2023-06-01T09:09:56.320+0000] {processor.py:153} INFO - Started process (PID=4226) to work on /home/airflow/.local/lib/python3.7/site-packages/airflow/example_dags/example_short_circuit_operator.py
[2023-06-01T09:09:56.322+0000] {processor.py:743} INFO - Processing file /home/airflow/.local/lib/python3.7/site-packages/airflow/example_dags/example_short_circuit_operator.py for tasks to queue
[2023-06-01T09:09:56.323+0000] {logging_mixin.py:137} INFO - [2023-06-01T09:09:56.323+0000] {dagbag.py:538} INFO - Filling up the DagBag from /home/airflow/.local/lib/python3.7/site-packages/airflow/example_dags/example_short_circuit_operator.py
[2023-06-01T09:09:56.340+0000] {processor.py:753} INFO - DAG(s) dict_keys(['example_short_circuit_operator']) retrieved from /home/airflow/.local/lib/python3.7/site-packages/airflow/example_dags/example_short_circuit_operator.py
[2023-06-01T09:09:56.375+0000] {logging_mixin.py:137} INFO - [2023-06-01T09:09:56.375+0000] {dag.py:2690} INFO - Sync 1 DAGs
[2023-06-01T09:09:56.405+0000] {logging_mixin.py:137} INFO - [2023-06-01T09:09:56.405+0000] {dag.py:3441} INFO - Setting next_dagrun for example_short_circuit_operator to 2023-05-31T09:09:56.405031+00:00, run_after=2023-06-01T09:09:56.405031+00:00
[2023-06-01T09:09:56.432+0000] {processor.py:175} INFO - Processing /home/airflow/.local/lib/python3.7/site-packages/airflow/example_dags/example_short_circuit_operator.py took 0.115 seconds
[2023-06-01T09:10:26.586+0000] {processor.py:153} INFO - Started process (PID=4337) to work on /home/airflow/.local/lib/python3.7/site-packages/airflow/example_dags/example_short_circuit_operator.py
[2023-06-01T09:10:26.587+0000] {processor.py:743} INFO - Processing file /home/airflow/.local/lib/python3.7/site-packages/airflow/example_dags/example_short_circuit_operator.py for tasks to queue
[2023-06-01T09:10:26.588+0000] {logging_mixin.py:137} INFO - [2023-06-01T09:10:26.587+0000] {dagbag.py:538} INFO - Filling up the DagBag from /home/airflow/.local/lib/python3.7/site-packages/airflow/example_dags/example_short_circuit_operator.py
[2023-06-01T09:10:26.606+0000] {processor.py:753} INFO - DAG(s) dict_keys(['example_short_circuit_operator']) retrieved from /home/airflow/.local/lib/python3.7/site-packages/airflow/example_dags/example_short_circuit_operator.py
[2023-06-01T09:10:26.645+0000] {logging_mixin.py:137} INFO - [2023-06-01T09:10:26.644+0000] {dag.py:2690} INFO - Sync 1 DAGs
[2023-06-01T09:10:26.678+0000] {logging_mixin.py:137} INFO - [2023-06-01T09:10:26.678+0000] {dag.py:3441} INFO - Setting next_dagrun for example_short_circuit_operator to 2023-05-31T09:10:26.677996+00:00, run_after=2023-06-01T09:10:26.677996+00:00
[2023-06-01T09:10:26.705+0000] {processor.py:175} INFO - Processing /home/airflow/.local/lib/python3.7/site-packages/airflow/example_dags/example_short_circuit_operator.py took 0.123 seconds
[2023-06-01T09:10:57.169+0000] {processor.py:153} INFO - Started process (PID=4424) to work on /home/airflow/.local/lib/python3.7/site-packages/airflow/example_dags/example_short_circuit_operator.py
[2023-06-01T09:10:57.170+0000] {processor.py:743} INFO - Processing file /home/airflow/.local/lib/python3.7/site-packages/airflow/example_dags/example_short_circuit_operator.py for tasks to queue
[2023-06-01T09:10:57.171+0000] {logging_mixin.py:137} INFO - [2023-06-01T09:10:57.171+0000] {dagbag.py:538} INFO - Filling up the DagBag from /home/airflow/.local/lib/python3.7/site-packages/airflow/example_dags/example_short_circuit_operator.py
[2023-06-01T09:10:57.191+0000] {processor.py:753} INFO - DAG(s) dict_keys(['example_short_circuit_operator']) retrieved from /home/airflow/.local/lib/python3.7/site-packages/airflow/example_dags/example_short_circuit_operator.py
[2023-06-01T09:10:57.221+0000] {logging_mixin.py:137} INFO - [2023-06-01T09:10:57.221+0000] {dag.py:2690} INFO - Sync 1 DAGs
[2023-06-01T09:10:57.250+0000] {logging_mixin.py:137} INFO - [2023-06-01T09:10:57.250+0000] {dag.py:3441} INFO - Setting next_dagrun for example_short_circuit_operator to 2023-05-31T09:10:57.249745+00:00, run_after=2023-06-01T09:10:57.249745+00:00
[2023-06-01T09:10:57.270+0000] {processor.py:175} INFO - Processing /home/airflow/.local/lib/python3.7/site-packages/airflow/example_dags/example_short_circuit_operator.py took 0.105 seconds
[2023-06-01T09:11:27.428+0000] {processor.py:153} INFO - Started process (PID=4511) to work on /home/airflow/.local/lib/python3.7/site-packages/airflow/example_dags/example_short_circuit_operator.py
[2023-06-01T09:11:27.430+0000] {processor.py:743} INFO - Processing file /home/airflow/.local/lib/python3.7/site-packages/airflow/example_dags/example_short_circuit_operator.py for tasks to queue
[2023-06-01T09:11:27.430+0000] {logging_mixin.py:137} INFO - [2023-06-01T09:11:27.430+0000] {dagbag.py:538} INFO - Filling up the DagBag from /home/airflow/.local/lib/python3.7/site-packages/airflow/example_dags/example_short_circuit_operator.py
[2023-06-01T09:11:27.446+0000] {processor.py:753} INFO - DAG(s) dict_keys(['example_short_circuit_operator']) retrieved from /home/airflow/.local/lib/python3.7/site-packages/airflow/example_dags/example_short_circuit_operator.py
[2023-06-01T09:11:27.472+0000] {logging_mixin.py:137} INFO - [2023-06-01T09:11:27.472+0000] {dag.py:2690} INFO - Sync 1 DAGs
[2023-06-01T09:11:27.502+0000] {logging_mixin.py:137} INFO - [2023-06-01T09:11:27.501+0000] {dag.py:3441} INFO - Setting next_dagrun for example_short_circuit_operator to 2023-05-31T09:11:27.501537+00:00, run_after=2023-06-01T09:11:27.501537+00:00
[2023-06-01T09:11:27.520+0000] {processor.py:175} INFO - Processing /home/airflow/.local/lib/python3.7/site-packages/airflow/example_dags/example_short_circuit_operator.py took 0.096 seconds
[2023-06-01T09:11:57.872+0000] {processor.py:153} INFO - Started process (PID=4607) to work on /home/airflow/.local/lib/python3.7/site-packages/airflow/example_dags/example_short_circuit_operator.py
[2023-06-01T09:11:57.873+0000] {processor.py:743} INFO - Processing file /home/airflow/.local/lib/python3.7/site-packages/airflow/example_dags/example_short_circuit_operator.py for tasks to queue
[2023-06-01T09:11:57.874+0000] {logging_mixin.py:137} INFO - [2023-06-01T09:11:57.874+0000] {dagbag.py:538} INFO - Filling up the DagBag from /home/airflow/.local/lib/python3.7/site-packages/airflow/example_dags/example_short_circuit_operator.py
[2023-06-01T09:11:57.941+0000] {processor.py:753} INFO - DAG(s) dict_keys(['example_short_circuit_operator']) retrieved from /home/airflow/.local/lib/python3.7/site-packages/airflow/example_dags/example_short_circuit_operator.py
[2023-06-01T09:11:57.978+0000] {logging_mixin.py:137} INFO - [2023-06-01T09:11:57.978+0000] {dag.py:2690} INFO - Sync 1 DAGs
[2023-06-01T09:11:58.017+0000] {logging_mixin.py:137} INFO - [2023-06-01T09:11:58.016+0000] {dag.py:3441} INFO - Setting next_dagrun for example_short_circuit_operator to 2023-05-31T09:11:58.016457+00:00, run_after=2023-06-01T09:11:58.016457+00:00
[2023-06-01T09:11:58.040+0000] {processor.py:175} INFO - Processing /home/airflow/.local/lib/python3.7/site-packages/airflow/example_dags/example_short_circuit_operator.py took 0.173 seconds
[2023-06-01T09:12:28.660+0000] {processor.py:153} INFO - Started process (PID=4709) to work on /home/airflow/.local/lib/python3.7/site-packages/airflow/example_dags/example_short_circuit_operator.py
[2023-06-01T09:12:28.662+0000] {processor.py:743} INFO - Processing file /home/airflow/.local/lib/python3.7/site-packages/airflow/example_dags/example_short_circuit_operator.py for tasks to queue
[2023-06-01T09:12:28.663+0000] {logging_mixin.py:137} INFO - [2023-06-01T09:12:28.663+0000] {dagbag.py:538} INFO - Filling up the DagBag from /home/airflow/.local/lib/python3.7/site-packages/airflow/example_dags/example_short_circuit_operator.py
[2023-06-01T09:12:28.681+0000] {processor.py:753} INFO - DAG(s) dict_keys(['example_short_circuit_operator']) retrieved from /home/airflow/.local/lib/python3.7/site-packages/airflow/example_dags/example_short_circuit_operator.py
[2023-06-01T09:12:28.748+0000] {logging_mixin.py:137} INFO - [2023-06-01T09:12:28.748+0000] {dag.py:2690} INFO - Sync 1 DAGs
[2023-06-01T09:12:28.776+0000] {logging_mixin.py:137} INFO - [2023-06-01T09:12:28.776+0000] {dag.py:3441} INFO - Setting next_dagrun for example_short_circuit_operator to 2023-05-31T09:12:28.776317+00:00, run_after=2023-06-01T09:12:28.776317+00:00
[2023-06-01T09:12:28.795+0000] {processor.py:175} INFO - Processing /home/airflow/.local/lib/python3.7/site-packages/airflow/example_dags/example_short_circuit_operator.py took 0.140 seconds
