[2023-06-01T08:47:24.230+0000] {processor.py:153} INFO - Started process (PID=74) to work on /home/airflow/.local/lib/python3.7/site-packages/airflow/example_dags/example_branch_datetime_operator.py
[2023-06-01T08:47:24.231+0000] {processor.py:743} INFO - Processing file /home/airflow/.local/lib/python3.7/site-packages/airflow/example_dags/example_branch_datetime_operator.py for tasks to queue
[2023-06-01T08:47:24.232+0000] {logging_mixin.py:137} INFO - [2023-06-01T08:47:24.231+0000] {dagbag.py:538} INFO - Filling up the DagBag from /home/airflow/.local/lib/python3.7/site-packages/airflow/example_dags/example_branch_datetime_operator.py
[2023-06-01T08:47:24.269+0000] {processor.py:753} INFO - DAG(s) dict_keys(['example_branch_datetime_operator', 'example_branch_datetime_operator_3', 'example_branch_datetime_operator_2']) retrieved from /home/airflow/.local/lib/python3.7/site-packages/airflow/example_dags/example_branch_datetime_operator.py
[2023-06-01T08:47:24.300+0000] {logging_mixin.py:137} INFO - [2023-06-01T08:47:24.300+0000] {dag.py:2690} INFO - Sync 3 DAGs
[2023-06-01T08:47:24.344+0000] {logging_mixin.py:137} INFO - [2023-06-01T08:47:24.344+0000] {dag.py:3441} INFO - Setting next_dagrun for example_branch_datetime_operator to 2023-05-31T00:00:00+00:00, run_after=2023-06-01T00:00:00+00:00
[2023-06-01T08:47:24.351+0000] {logging_mixin.py:137} INFO - [2023-06-01T08:47:24.351+0000] {dag.py:3441} INFO - Setting next_dagrun for example_branch_datetime_operator_2 to 2023-05-31T00:00:00+00:00, run_after=2023-06-01T00:00:00+00:00
[2023-06-01T08:47:24.355+0000] {logging_mixin.py:137} INFO - [2023-06-01T08:47:24.355+0000] {dag.py:3441} INFO - Setting next_dagrun for example_branch_datetime_operator_3 to 2023-05-31T00:00:00+00:00, run_after=2023-06-01T00:00:00+00:00
[2023-06-01T08:47:24.381+0000] {processor.py:175} INFO - Processing /home/airflow/.local/lib/python3.7/site-packages/airflow/example_dags/example_branch_datetime_operator.py took 0.154 seconds
[2023-06-01T08:47:55.161+0000] {processor.py:153} INFO - Started process (PID=176) to work on /home/airflow/.local/lib/python3.7/site-packages/airflow/example_dags/example_branch_datetime_operator.py
[2023-06-01T08:47:55.162+0000] {processor.py:743} INFO - Processing file /home/airflow/.local/lib/python3.7/site-packages/airflow/example_dags/example_branch_datetime_operator.py for tasks to queue
[2023-06-01T08:47:55.163+0000] {logging_mixin.py:137} INFO - [2023-06-01T08:47:55.163+0000] {dagbag.py:538} INFO - Filling up the DagBag from /home/airflow/.local/lib/python3.7/site-packages/airflow/example_dags/example_branch_datetime_operator.py
[2023-06-01T08:47:55.184+0000] {processor.py:753} INFO - DAG(s) dict_keys(['example_branch_datetime_operator_3', 'example_branch_datetime_operator', 'example_branch_datetime_operator_2']) retrieved from /home/airflow/.local/lib/python3.7/site-packages/airflow/example_dags/example_branch_datetime_operator.py
[2023-06-01T08:47:55.216+0000] {logging_mixin.py:137} INFO - [2023-06-01T08:47:55.216+0000] {dag.py:2690} INFO - Sync 3 DAGs
[2023-06-01T08:47:55.245+0000] {logging_mixin.py:137} INFO - [2023-06-01T08:47:55.244+0000] {dag.py:3441} INFO - Setting next_dagrun for example_branch_datetime_operator to 2023-05-31T00:00:00+00:00, run_after=2023-06-01T00:00:00+00:00
[2023-06-01T08:47:55.249+0000] {logging_mixin.py:137} INFO - [2023-06-01T08:47:55.249+0000] {dag.py:3441} INFO - Setting next_dagrun for example_branch_datetime_operator_2 to 2023-05-31T00:00:00+00:00, run_after=2023-06-01T00:00:00+00:00
[2023-06-01T08:47:55.251+0000] {logging_mixin.py:137} INFO - [2023-06-01T08:47:55.251+0000] {dag.py:3441} INFO - Setting next_dagrun for example_branch_datetime_operator_3 to 2023-05-31T00:00:00+00:00, run_after=2023-06-01T00:00:00+00:00
[2023-06-01T08:47:55.269+0000] {processor.py:175} INFO - Processing /home/airflow/.local/lib/python3.7/site-packages/airflow/example_dags/example_branch_datetime_operator.py took 0.111 seconds
[2023-06-01T08:48:26.204+0000] {processor.py:153} INFO - Started process (PID=263) to work on /home/airflow/.local/lib/python3.7/site-packages/airflow/example_dags/example_branch_datetime_operator.py
[2023-06-01T08:48:26.205+0000] {processor.py:743} INFO - Processing file /home/airflow/.local/lib/python3.7/site-packages/airflow/example_dags/example_branch_datetime_operator.py for tasks to queue
[2023-06-01T08:48:26.206+0000] {logging_mixin.py:137} INFO - [2023-06-01T08:48:26.206+0000] {dagbag.py:538} INFO - Filling up the DagBag from /home/airflow/.local/lib/python3.7/site-packages/airflow/example_dags/example_branch_datetime_operator.py
[2023-06-01T08:48:26.221+0000] {processor.py:753} INFO - DAG(s) dict_keys(['example_branch_datetime_operator_3', 'example_branch_datetime_operator', 'example_branch_datetime_operator_2']) retrieved from /home/airflow/.local/lib/python3.7/site-packages/airflow/example_dags/example_branch_datetime_operator.py
[2023-06-01T08:48:26.248+0000] {logging_mixin.py:137} INFO - [2023-06-01T08:48:26.248+0000] {dag.py:2690} INFO - Sync 3 DAGs
[2023-06-01T08:48:26.274+0000] {logging_mixin.py:137} INFO - [2023-06-01T08:48:26.274+0000] {dag.py:3441} INFO - Setting next_dagrun for example_branch_datetime_operator to 2023-05-31T00:00:00+00:00, run_after=2023-06-01T00:00:00+00:00
[2023-06-01T08:48:26.278+0000] {logging_mixin.py:137} INFO - [2023-06-01T08:48:26.278+0000] {dag.py:3441} INFO - Setting next_dagrun for example_branch_datetime_operator_2 to 2023-05-31T00:00:00+00:00, run_after=2023-06-01T00:00:00+00:00
[2023-06-01T08:48:26.281+0000] {logging_mixin.py:137} INFO - [2023-06-01T08:48:26.280+0000] {dag.py:3441} INFO - Setting next_dagrun for example_branch_datetime_operator_3 to 2023-05-31T00:00:00+00:00, run_after=2023-06-01T00:00:00+00:00
[2023-06-01T08:48:26.298+0000] {processor.py:175} INFO - Processing /home/airflow/.local/lib/python3.7/site-packages/airflow/example_dags/example_branch_datetime_operator.py took 0.097 seconds
[2023-06-01T08:48:57.092+0000] {processor.py:153} INFO - Started process (PID=374) to work on /home/airflow/.local/lib/python3.7/site-packages/airflow/example_dags/example_branch_datetime_operator.py
[2023-06-01T08:48:57.093+0000] {processor.py:743} INFO - Processing file /home/airflow/.local/lib/python3.7/site-packages/airflow/example_dags/example_branch_datetime_operator.py for tasks to queue
[2023-06-01T08:48:57.094+0000] {logging_mixin.py:137} INFO - [2023-06-01T08:48:57.094+0000] {dagbag.py:538} INFO - Filling up the DagBag from /home/airflow/.local/lib/python3.7/site-packages/airflow/example_dags/example_branch_datetime_operator.py
[2023-06-01T08:48:57.111+0000] {processor.py:753} INFO - DAG(s) dict_keys(['example_branch_datetime_operator_2', 'example_branch_datetime_operator_3', 'example_branch_datetime_operator']) retrieved from /home/airflow/.local/lib/python3.7/site-packages/airflow/example_dags/example_branch_datetime_operator.py
[2023-06-01T08:48:57.148+0000] {logging_mixin.py:137} INFO - [2023-06-01T08:48:57.148+0000] {dag.py:2690} INFO - Sync 3 DAGs
[2023-06-01T08:48:57.177+0000] {logging_mixin.py:137} INFO - [2023-06-01T08:48:57.177+0000] {dag.py:3441} INFO - Setting next_dagrun for example_branch_datetime_operator to 2023-05-31T00:00:00+00:00, run_after=2023-06-01T00:00:00+00:00
[2023-06-01T08:48:57.182+0000] {logging_mixin.py:137} INFO - [2023-06-01T08:48:57.182+0000] {dag.py:3441} INFO - Setting next_dagrun for example_branch_datetime_operator_2 to 2023-05-31T00:00:00+00:00, run_after=2023-06-01T00:00:00+00:00
[2023-06-01T08:48:57.185+0000] {logging_mixin.py:137} INFO - [2023-06-01T08:48:57.185+0000] {dag.py:3441} INFO - Setting next_dagrun for example_branch_datetime_operator_3 to 2023-05-31T00:00:00+00:00, run_after=2023-06-01T00:00:00+00:00
[2023-06-01T08:48:57.203+0000] {processor.py:175} INFO - Processing /home/airflow/.local/lib/python3.7/site-packages/airflow/example_dags/example_branch_datetime_operator.py took 0.114 seconds
[2023-06-01T08:49:28.161+0000] {processor.py:153} INFO - Started process (PID=461) to work on /home/airflow/.local/lib/python3.7/site-packages/airflow/example_dags/example_branch_datetime_operator.py
[2023-06-01T08:49:28.163+0000] {processor.py:743} INFO - Processing file /home/airflow/.local/lib/python3.7/site-packages/airflow/example_dags/example_branch_datetime_operator.py for tasks to queue
[2023-06-01T08:49:28.163+0000] {logging_mixin.py:137} INFO - [2023-06-01T08:49:28.163+0000] {dagbag.py:538} INFO - Filling up the DagBag from /home/airflow/.local/lib/python3.7/site-packages/airflow/example_dags/example_branch_datetime_operator.py
[2023-06-01T08:49:28.180+0000] {processor.py:753} INFO - DAG(s) dict_keys(['example_branch_datetime_operator_2', 'example_branch_datetime_operator_3', 'example_branch_datetime_operator']) retrieved from /home/airflow/.local/lib/python3.7/site-packages/airflow/example_dags/example_branch_datetime_operator.py
[2023-06-01T08:49:28.210+0000] {logging_mixin.py:137} INFO - [2023-06-01T08:49:28.209+0000] {dag.py:2690} INFO - Sync 3 DAGs
[2023-06-01T08:49:28.234+0000] {logging_mixin.py:137} INFO - [2023-06-01T08:49:28.234+0000] {dag.py:3441} INFO - Setting next_dagrun for example_branch_datetime_operator to 2023-05-31T00:00:00+00:00, run_after=2023-06-01T00:00:00+00:00
[2023-06-01T08:49:28.238+0000] {logging_mixin.py:137} INFO - [2023-06-01T08:49:28.238+0000] {dag.py:3441} INFO - Setting next_dagrun for example_branch_datetime_operator_2 to 2023-05-31T00:00:00+00:00, run_after=2023-06-01T00:00:00+00:00
[2023-06-01T08:49:28.240+0000] {logging_mixin.py:137} INFO - [2023-06-01T08:49:28.240+0000] {dag.py:3441} INFO - Setting next_dagrun for example_branch_datetime_operator_3 to 2023-05-31T00:00:00+00:00, run_after=2023-06-01T00:00:00+00:00
[2023-06-01T08:49:28.261+0000] {processor.py:175} INFO - Processing /home/airflow/.local/lib/python3.7/site-packages/airflow/example_dags/example_branch_datetime_operator.py took 0.102 seconds
[2023-06-01T08:49:58.646+0000] {processor.py:153} INFO - Started process (PID=548) to work on /home/airflow/.local/lib/python3.7/site-packages/airflow/example_dags/example_branch_datetime_operator.py
[2023-06-01T08:49:58.647+0000] {processor.py:743} INFO - Processing file /home/airflow/.local/lib/python3.7/site-packages/airflow/example_dags/example_branch_datetime_operator.py for tasks to queue
[2023-06-01T08:49:58.648+0000] {logging_mixin.py:137} INFO - [2023-06-01T08:49:58.648+0000] {dagbag.py:538} INFO - Filling up the DagBag from /home/airflow/.local/lib/python3.7/site-packages/airflow/example_dags/example_branch_datetime_operator.py
[2023-06-01T08:49:58.666+0000] {processor.py:753} INFO - DAG(s) dict_keys(['example_branch_datetime_operator_2', 'example_branch_datetime_operator_3', 'example_branch_datetime_operator']) retrieved from /home/airflow/.local/lib/python3.7/site-packages/airflow/example_dags/example_branch_datetime_operator.py
[2023-06-01T08:49:58.704+0000] {logging_mixin.py:137} INFO - [2023-06-01T08:49:58.704+0000] {dag.py:2690} INFO - Sync 3 DAGs
[2023-06-01T08:49:58.731+0000] {logging_mixin.py:137} INFO - [2023-06-01T08:49:58.731+0000] {dag.py:3441} INFO - Setting next_dagrun for example_branch_datetime_operator to 2023-05-31T00:00:00+00:00, run_after=2023-06-01T00:00:00+00:00
[2023-06-01T08:49:58.736+0000] {logging_mixin.py:137} INFO - [2023-06-01T08:49:58.736+0000] {dag.py:3441} INFO - Setting next_dagrun for example_branch_datetime_operator_2 to 2023-05-31T00:00:00+00:00, run_after=2023-06-01T00:00:00+00:00
[2023-06-01T08:49:58.739+0000] {logging_mixin.py:137} INFO - [2023-06-01T08:49:58.739+0000] {dag.py:3441} INFO - Setting next_dagrun for example_branch_datetime_operator_3 to 2023-05-31T00:00:00+00:00, run_after=2023-06-01T00:00:00+00:00
[2023-06-01T08:49:58.759+0000] {processor.py:175} INFO - Processing /home/airflow/.local/lib/python3.7/site-packages/airflow/example_dags/example_branch_datetime_operator.py took 0.117 seconds
[2023-06-01T08:50:29.118+0000] {processor.py:153} INFO - Started process (PID=659) to work on /home/airflow/.local/lib/python3.7/site-packages/airflow/example_dags/example_branch_datetime_operator.py
[2023-06-01T08:50:29.120+0000] {processor.py:743} INFO - Processing file /home/airflow/.local/lib/python3.7/site-packages/airflow/example_dags/example_branch_datetime_operator.py for tasks to queue
[2023-06-01T08:50:29.120+0000] {logging_mixin.py:137} INFO - [2023-06-01T08:50:29.120+0000] {dagbag.py:538} INFO - Filling up the DagBag from /home/airflow/.local/lib/python3.7/site-packages/airflow/example_dags/example_branch_datetime_operator.py
[2023-06-01T08:50:29.139+0000] {processor.py:753} INFO - DAG(s) dict_keys(['example_branch_datetime_operator_2', 'example_branch_datetime_operator', 'example_branch_datetime_operator_3']) retrieved from /home/airflow/.local/lib/python3.7/site-packages/airflow/example_dags/example_branch_datetime_operator.py
[2023-06-01T08:50:29.169+0000] {logging_mixin.py:137} INFO - [2023-06-01T08:50:29.169+0000] {dag.py:2690} INFO - Sync 3 DAGs
[2023-06-01T08:50:29.194+0000] {logging_mixin.py:137} INFO - [2023-06-01T08:50:29.194+0000] {dag.py:3441} INFO - Setting next_dagrun for example_branch_datetime_operator to 2023-05-31T00:00:00+00:00, run_after=2023-06-01T00:00:00+00:00
[2023-06-01T08:50:29.198+0000] {logging_mixin.py:137} INFO - [2023-06-01T08:50:29.198+0000] {dag.py:3441} INFO - Setting next_dagrun for example_branch_datetime_operator_2 to 2023-05-31T00:00:00+00:00, run_after=2023-06-01T00:00:00+00:00
[2023-06-01T08:50:29.201+0000] {logging_mixin.py:137} INFO - [2023-06-01T08:50:29.201+0000] {dag.py:3441} INFO - Setting next_dagrun for example_branch_datetime_operator_3 to 2023-05-31T00:00:00+00:00, run_after=2023-06-01T00:00:00+00:00
[2023-06-01T08:50:29.217+0000] {processor.py:175} INFO - Processing /home/airflow/.local/lib/python3.7/site-packages/airflow/example_dags/example_branch_datetime_operator.py took 0.103 seconds
[2023-06-01T08:50:59.665+0000] {processor.py:153} INFO - Started process (PID=746) to work on /home/airflow/.local/lib/python3.7/site-packages/airflow/example_dags/example_branch_datetime_operator.py
[2023-06-01T08:50:59.666+0000] {processor.py:743} INFO - Processing file /home/airflow/.local/lib/python3.7/site-packages/airflow/example_dags/example_branch_datetime_operator.py for tasks to queue
[2023-06-01T08:50:59.667+0000] {logging_mixin.py:137} INFO - [2023-06-01T08:50:59.667+0000] {dagbag.py:538} INFO - Filling up the DagBag from /home/airflow/.local/lib/python3.7/site-packages/airflow/example_dags/example_branch_datetime_operator.py
[2023-06-01T08:50:59.683+0000] {processor.py:753} INFO - DAG(s) dict_keys(['example_branch_datetime_operator_2', 'example_branch_datetime_operator', 'example_branch_datetime_operator_3']) retrieved from /home/airflow/.local/lib/python3.7/site-packages/airflow/example_dags/example_branch_datetime_operator.py
[2023-06-01T08:50:59.724+0000] {logging_mixin.py:137} INFO - [2023-06-01T08:50:59.724+0000] {dag.py:2690} INFO - Sync 3 DAGs
[2023-06-01T08:50:59.752+0000] {logging_mixin.py:137} INFO - [2023-06-01T08:50:59.751+0000] {dag.py:3441} INFO - Setting next_dagrun for example_branch_datetime_operator to 2023-05-31T00:00:00+00:00, run_after=2023-06-01T00:00:00+00:00
[2023-06-01T08:50:59.757+0000] {logging_mixin.py:137} INFO - [2023-06-01T08:50:59.757+0000] {dag.py:3441} INFO - Setting next_dagrun for example_branch_datetime_operator_2 to 2023-05-31T00:00:00+00:00, run_after=2023-06-01T00:00:00+00:00
[2023-06-01T08:50:59.759+0000] {logging_mixin.py:137} INFO - [2023-06-01T08:50:59.759+0000] {dag.py:3441} INFO - Setting next_dagrun for example_branch_datetime_operator_3 to 2023-05-31T00:00:00+00:00, run_after=2023-06-01T00:00:00+00:00
[2023-06-01T08:50:59.776+0000] {processor.py:175} INFO - Processing /home/airflow/.local/lib/python3.7/site-packages/airflow/example_dags/example_branch_datetime_operator.py took 0.113 seconds
[2023-06-01T08:51:29.976+0000] {processor.py:153} INFO - Started process (PID=833) to work on /home/airflow/.local/lib/python3.7/site-packages/airflow/example_dags/example_branch_datetime_operator.py
[2023-06-01T08:51:29.976+0000] {processor.py:743} INFO - Processing file /home/airflow/.local/lib/python3.7/site-packages/airflow/example_dags/example_branch_datetime_operator.py for tasks to queue
[2023-06-01T08:51:29.977+0000] {logging_mixin.py:137} INFO - [2023-06-01T08:51:29.977+0000] {dagbag.py:538} INFO - Filling up the DagBag from /home/airflow/.local/lib/python3.7/site-packages/airflow/example_dags/example_branch_datetime_operator.py
[2023-06-01T08:51:29.993+0000] {processor.py:753} INFO - DAG(s) dict_keys(['example_branch_datetime_operator_2', 'example_branch_datetime_operator', 'example_branch_datetime_operator_3']) retrieved from /home/airflow/.local/lib/python3.7/site-packages/airflow/example_dags/example_branch_datetime_operator.py
[2023-06-01T08:51:30.032+0000] {logging_mixin.py:137} INFO - [2023-06-01T08:51:30.031+0000] {dag.py:2690} INFO - Sync 3 DAGs
[2023-06-01T08:51:30.063+0000] {logging_mixin.py:137} INFO - [2023-06-01T08:51:30.062+0000] {dag.py:3441} INFO - Setting next_dagrun for example_branch_datetime_operator to 2023-05-31T00:00:00+00:00, run_after=2023-06-01T00:00:00+00:00
[2023-06-01T08:51:30.068+0000] {logging_mixin.py:137} INFO - [2023-06-01T08:51:30.068+0000] {dag.py:3441} INFO - Setting next_dagrun for example_branch_datetime_operator_2 to 2023-05-31T00:00:00+00:00, run_after=2023-06-01T00:00:00+00:00
[2023-06-01T08:51:30.071+0000] {logging_mixin.py:137} INFO - [2023-06-01T08:51:30.070+0000] {dag.py:3441} INFO - Setting next_dagrun for example_branch_datetime_operator_3 to 2023-05-31T00:00:00+00:00, run_after=2023-06-01T00:00:00+00:00
[2023-06-01T08:51:30.093+0000] {processor.py:175} INFO - Processing /home/airflow/.local/lib/python3.7/site-packages/airflow/example_dags/example_branch_datetime_operator.py took 0.119 seconds
[2023-06-01T08:52:00.560+0000] {processor.py:153} INFO - Started process (PID=944) to work on /home/airflow/.local/lib/python3.7/site-packages/airflow/example_dags/example_branch_datetime_operator.py
[2023-06-01T08:52:00.561+0000] {processor.py:743} INFO - Processing file /home/airflow/.local/lib/python3.7/site-packages/airflow/example_dags/example_branch_datetime_operator.py for tasks to queue
[2023-06-01T08:52:00.562+0000] {logging_mixin.py:137} INFO - [2023-06-01T08:52:00.561+0000] {dagbag.py:538} INFO - Filling up the DagBag from /home/airflow/.local/lib/python3.7/site-packages/airflow/example_dags/example_branch_datetime_operator.py
[2023-06-01T08:52:00.578+0000] {processor.py:753} INFO - DAG(s) dict_keys(['example_branch_datetime_operator', 'example_branch_datetime_operator_3', 'example_branch_datetime_operator_2']) retrieved from /home/airflow/.local/lib/python3.7/site-packages/airflow/example_dags/example_branch_datetime_operator.py
[2023-06-01T08:52:00.611+0000] {logging_mixin.py:137} INFO - [2023-06-01T08:52:00.611+0000] {dag.py:2690} INFO - Sync 3 DAGs
[2023-06-01T08:52:00.637+0000] {logging_mixin.py:137} INFO - [2023-06-01T08:52:00.637+0000] {dag.py:3441} INFO - Setting next_dagrun for example_branch_datetime_operator to 2023-05-31T00:00:00+00:00, run_after=2023-06-01T00:00:00+00:00
[2023-06-01T08:52:00.642+0000] {logging_mixin.py:137} INFO - [2023-06-01T08:52:00.642+0000] {dag.py:3441} INFO - Setting next_dagrun for example_branch_datetime_operator_2 to 2023-05-31T00:00:00+00:00, run_after=2023-06-01T00:00:00+00:00
[2023-06-01T08:52:00.644+0000] {logging_mixin.py:137} INFO - [2023-06-01T08:52:00.644+0000] {dag.py:3441} INFO - Setting next_dagrun for example_branch_datetime_operator_3 to 2023-05-31T00:00:00+00:00, run_after=2023-06-01T00:00:00+00:00
[2023-06-01T08:52:00.664+0000] {processor.py:175} INFO - Processing /home/airflow/.local/lib/python3.7/site-packages/airflow/example_dags/example_branch_datetime_operator.py took 0.106 seconds
[2023-06-01T08:52:31.148+0000] {processor.py:153} INFO - Started process (PID=1031) to work on /home/airflow/.local/lib/python3.7/site-packages/airflow/example_dags/example_branch_datetime_operator.py
[2023-06-01T08:52:31.150+0000] {processor.py:743} INFO - Processing file /home/airflow/.local/lib/python3.7/site-packages/airflow/example_dags/example_branch_datetime_operator.py for tasks to queue
[2023-06-01T08:52:31.151+0000] {logging_mixin.py:137} INFO - [2023-06-01T08:52:31.151+0000] {dagbag.py:538} INFO - Filling up the DagBag from /home/airflow/.local/lib/python3.7/site-packages/airflow/example_dags/example_branch_datetime_operator.py
[2023-06-01T08:52:31.171+0000] {processor.py:753} INFO - DAG(s) dict_keys(['example_branch_datetime_operator_2', 'example_branch_datetime_operator_3', 'example_branch_datetime_operator']) retrieved from /home/airflow/.local/lib/python3.7/site-packages/airflow/example_dags/example_branch_datetime_operator.py
[2023-06-01T08:52:31.208+0000] {logging_mixin.py:137} INFO - [2023-06-01T08:52:31.208+0000] {dag.py:2690} INFO - Sync 3 DAGs
[2023-06-01T08:52:31.238+0000] {logging_mixin.py:137} INFO - [2023-06-01T08:52:31.237+0000] {dag.py:3441} INFO - Setting next_dagrun for example_branch_datetime_operator to 2023-05-31T00:00:00+00:00, run_after=2023-06-01T00:00:00+00:00
[2023-06-01T08:52:31.243+0000] {logging_mixin.py:137} INFO - [2023-06-01T08:52:31.242+0000] {dag.py:3441} INFO - Setting next_dagrun for example_branch_datetime_operator_2 to 2023-05-31T00:00:00+00:00, run_after=2023-06-01T00:00:00+00:00
[2023-06-01T08:52:31.245+0000] {logging_mixin.py:137} INFO - [2023-06-01T08:52:31.245+0000] {dag.py:3441} INFO - Setting next_dagrun for example_branch_datetime_operator_3 to 2023-05-31T00:00:00+00:00, run_after=2023-06-01T00:00:00+00:00
[2023-06-01T08:52:31.265+0000] {processor.py:175} INFO - Processing /home/airflow/.local/lib/python3.7/site-packages/airflow/example_dags/example_branch_datetime_operator.py took 0.121 seconds
[2023-06-01T08:53:01.516+0000] {processor.py:153} INFO - Started process (PID=1118) to work on /home/airflow/.local/lib/python3.7/site-packages/airflow/example_dags/example_branch_datetime_operator.py
[2023-06-01T08:53:01.517+0000] {processor.py:743} INFO - Processing file /home/airflow/.local/lib/python3.7/site-packages/airflow/example_dags/example_branch_datetime_operator.py for tasks to queue
[2023-06-01T08:53:01.518+0000] {logging_mixin.py:137} INFO - [2023-06-01T08:53:01.518+0000] {dagbag.py:538} INFO - Filling up the DagBag from /home/airflow/.local/lib/python3.7/site-packages/airflow/example_dags/example_branch_datetime_operator.py
[2023-06-01T08:53:01.537+0000] {processor.py:753} INFO - DAG(s) dict_keys(['example_branch_datetime_operator', 'example_branch_datetime_operator_2', 'example_branch_datetime_operator_3']) retrieved from /home/airflow/.local/lib/python3.7/site-packages/airflow/example_dags/example_branch_datetime_operator.py
[2023-06-01T08:53:01.572+0000] {logging_mixin.py:137} INFO - [2023-06-01T08:53:01.572+0000] {dag.py:2690} INFO - Sync 3 DAGs
[2023-06-01T08:53:01.599+0000] {logging_mixin.py:137} INFO - [2023-06-01T08:53:01.599+0000] {dag.py:3441} INFO - Setting next_dagrun for example_branch_datetime_operator to 2023-05-31T00:00:00+00:00, run_after=2023-06-01T00:00:00+00:00
[2023-06-01T08:53:01.604+0000] {logging_mixin.py:137} INFO - [2023-06-01T08:53:01.603+0000] {dag.py:3441} INFO - Setting next_dagrun for example_branch_datetime_operator_2 to 2023-05-31T00:00:00+00:00, run_after=2023-06-01T00:00:00+00:00
[2023-06-01T08:53:01.606+0000] {logging_mixin.py:137} INFO - [2023-06-01T08:53:01.606+0000] {dag.py:3441} INFO - Setting next_dagrun for example_branch_datetime_operator_3 to 2023-05-31T00:00:00+00:00, run_after=2023-06-01T00:00:00+00:00
[2023-06-01T08:53:01.624+0000] {processor.py:175} INFO - Processing /home/airflow/.local/lib/python3.7/site-packages/airflow/example_dags/example_branch_datetime_operator.py took 0.110 seconds
[2023-06-01T08:53:32.661+0000] {processor.py:153} INFO - Started process (PID=1229) to work on /home/airflow/.local/lib/python3.7/site-packages/airflow/example_dags/example_branch_datetime_operator.py
[2023-06-01T08:53:32.663+0000] {processor.py:743} INFO - Processing file /home/airflow/.local/lib/python3.7/site-packages/airflow/example_dags/example_branch_datetime_operator.py for tasks to queue
[2023-06-01T08:53:32.663+0000] {logging_mixin.py:137} INFO - [2023-06-01T08:53:32.663+0000] {dagbag.py:538} INFO - Filling up the DagBag from /home/airflow/.local/lib/python3.7/site-packages/airflow/example_dags/example_branch_datetime_operator.py
[2023-06-01T08:53:32.682+0000] {processor.py:753} INFO - DAG(s) dict_keys(['example_branch_datetime_operator_2', 'example_branch_datetime_operator_3', 'example_branch_datetime_operator']) retrieved from /home/airflow/.local/lib/python3.7/site-packages/airflow/example_dags/example_branch_datetime_operator.py
[2023-06-01T08:53:32.722+0000] {logging_mixin.py:137} INFO - [2023-06-01T08:53:32.722+0000] {dag.py:2690} INFO - Sync 3 DAGs
[2023-06-01T08:53:32.755+0000] {logging_mixin.py:137} INFO - [2023-06-01T08:53:32.755+0000] {dag.py:3441} INFO - Setting next_dagrun for example_branch_datetime_operator to 2023-05-31T00:00:00+00:00, run_after=2023-06-01T00:00:00+00:00
[2023-06-01T08:53:32.763+0000] {logging_mixin.py:137} INFO - [2023-06-01T08:53:32.763+0000] {dag.py:3441} INFO - Setting next_dagrun for example_branch_datetime_operator_2 to 2023-05-31T00:00:00+00:00, run_after=2023-06-01T00:00:00+00:00
[2023-06-01T08:53:32.766+0000] {logging_mixin.py:137} INFO - [2023-06-01T08:53:32.766+0000] {dag.py:3441} INFO - Setting next_dagrun for example_branch_datetime_operator_3 to 2023-05-31T00:00:00+00:00, run_after=2023-06-01T00:00:00+00:00
[2023-06-01T08:53:32.787+0000] {processor.py:175} INFO - Processing /home/airflow/.local/lib/python3.7/site-packages/airflow/example_dags/example_branch_datetime_operator.py took 0.129 seconds
[2023-06-01T08:54:02.849+0000] {processor.py:153} INFO - Started process (PID=1316) to work on /home/airflow/.local/lib/python3.7/site-packages/airflow/example_dags/example_branch_datetime_operator.py
[2023-06-01T08:54:02.850+0000] {processor.py:743} INFO - Processing file /home/airflow/.local/lib/python3.7/site-packages/airflow/example_dags/example_branch_datetime_operator.py for tasks to queue
[2023-06-01T08:54:02.851+0000] {logging_mixin.py:137} INFO - [2023-06-01T08:54:02.851+0000] {dagbag.py:538} INFO - Filling up the DagBag from /home/airflow/.local/lib/python3.7/site-packages/airflow/example_dags/example_branch_datetime_operator.py
[2023-06-01T08:54:02.869+0000] {processor.py:753} INFO - DAG(s) dict_keys(['example_branch_datetime_operator_3', 'example_branch_datetime_operator_2', 'example_branch_datetime_operator']) retrieved from /home/airflow/.local/lib/python3.7/site-packages/airflow/example_dags/example_branch_datetime_operator.py
[2023-06-01T08:54:02.909+0000] {logging_mixin.py:137} INFO - [2023-06-01T08:54:02.908+0000] {dag.py:2690} INFO - Sync 3 DAGs
[2023-06-01T08:54:02.937+0000] {logging_mixin.py:137} INFO - [2023-06-01T08:54:02.937+0000] {dag.py:3441} INFO - Setting next_dagrun for example_branch_datetime_operator to 2023-05-31T00:00:00+00:00, run_after=2023-06-01T00:00:00+00:00
[2023-06-01T08:54:02.941+0000] {logging_mixin.py:137} INFO - [2023-06-01T08:54:02.941+0000] {dag.py:3441} INFO - Setting next_dagrun for example_branch_datetime_operator_2 to 2023-05-31T00:00:00+00:00, run_after=2023-06-01T00:00:00+00:00
[2023-06-01T08:54:02.944+0000] {logging_mixin.py:137} INFO - [2023-06-01T08:54:02.943+0000] {dag.py:3441} INFO - Setting next_dagrun for example_branch_datetime_operator_3 to 2023-05-31T00:00:00+00:00, run_after=2023-06-01T00:00:00+00:00
[2023-06-01T08:54:02.966+0000] {processor.py:175} INFO - Processing /home/airflow/.local/lib/python3.7/site-packages/airflow/example_dags/example_branch_datetime_operator.py took 0.120 seconds
[2023-06-01T08:54:33.045+0000] {processor.py:153} INFO - Started process (PID=1403) to work on /home/airflow/.local/lib/python3.7/site-packages/airflow/example_dags/example_branch_datetime_operator.py
[2023-06-01T08:54:33.047+0000] {processor.py:743} INFO - Processing file /home/airflow/.local/lib/python3.7/site-packages/airflow/example_dags/example_branch_datetime_operator.py for tasks to queue
[2023-06-01T08:54:33.047+0000] {logging_mixin.py:137} INFO - [2023-06-01T08:54:33.047+0000] {dagbag.py:538} INFO - Filling up the DagBag from /home/airflow/.local/lib/python3.7/site-packages/airflow/example_dags/example_branch_datetime_operator.py
[2023-06-01T08:54:33.064+0000] {processor.py:753} INFO - DAG(s) dict_keys(['example_branch_datetime_operator', 'example_branch_datetime_operator_3', 'example_branch_datetime_operator_2']) retrieved from /home/airflow/.local/lib/python3.7/site-packages/airflow/example_dags/example_branch_datetime_operator.py
[2023-06-01T08:54:33.098+0000] {logging_mixin.py:137} INFO - [2023-06-01T08:54:33.098+0000] {dag.py:2690} INFO - Sync 3 DAGs
[2023-06-01T08:54:33.127+0000] {logging_mixin.py:137} INFO - [2023-06-01T08:54:33.126+0000] {dag.py:3441} INFO - Setting next_dagrun for example_branch_datetime_operator to 2023-05-31T00:00:00+00:00, run_after=2023-06-01T00:00:00+00:00
[2023-06-01T08:54:33.132+0000] {logging_mixin.py:137} INFO - [2023-06-01T08:54:33.132+0000] {dag.py:3441} INFO - Setting next_dagrun for example_branch_datetime_operator_2 to 2023-05-31T00:00:00+00:00, run_after=2023-06-01T00:00:00+00:00
[2023-06-01T08:54:33.135+0000] {logging_mixin.py:137} INFO - [2023-06-01T08:54:33.135+0000] {dag.py:3441} INFO - Setting next_dagrun for example_branch_datetime_operator_3 to 2023-05-31T00:00:00+00:00, run_after=2023-06-01T00:00:00+00:00
[2023-06-01T08:54:33.154+0000] {processor.py:175} INFO - Processing /home/airflow/.local/lib/python3.7/site-packages/airflow/example_dags/example_branch_datetime_operator.py took 0.113 seconds
[2023-06-01T08:55:03.510+0000] {processor.py:153} INFO - Started process (PID=1499) to work on /home/airflow/.local/lib/python3.7/site-packages/airflow/example_dags/example_branch_datetime_operator.py
[2023-06-01T08:55:03.511+0000] {processor.py:743} INFO - Processing file /home/airflow/.local/lib/python3.7/site-packages/airflow/example_dags/example_branch_datetime_operator.py for tasks to queue
[2023-06-01T08:55:03.511+0000] {logging_mixin.py:137} INFO - [2023-06-01T08:55:03.511+0000] {dagbag.py:538} INFO - Filling up the DagBag from /home/airflow/.local/lib/python3.7/site-packages/airflow/example_dags/example_branch_datetime_operator.py
[2023-06-01T08:55:03.528+0000] {processor.py:753} INFO - DAG(s) dict_keys(['example_branch_datetime_operator_3', 'example_branch_datetime_operator_2', 'example_branch_datetime_operator']) retrieved from /home/airflow/.local/lib/python3.7/site-packages/airflow/example_dags/example_branch_datetime_operator.py
[2023-06-01T08:55:03.563+0000] {logging_mixin.py:137} INFO - [2023-06-01T08:55:03.563+0000] {dag.py:2690} INFO - Sync 3 DAGs
[2023-06-01T08:55:03.595+0000] {logging_mixin.py:137} INFO - [2023-06-01T08:55:03.595+0000] {dag.py:3441} INFO - Setting next_dagrun for example_branch_datetime_operator to 2023-05-31T00:00:00+00:00, run_after=2023-06-01T00:00:00+00:00
[2023-06-01T08:55:03.601+0000] {logging_mixin.py:137} INFO - [2023-06-01T08:55:03.601+0000] {dag.py:3441} INFO - Setting next_dagrun for example_branch_datetime_operator_2 to 2023-05-31T00:00:00+00:00, run_after=2023-06-01T00:00:00+00:00
[2023-06-01T08:55:03.604+0000] {logging_mixin.py:137} INFO - [2023-06-01T08:55:03.604+0000] {dag.py:3441} INFO - Setting next_dagrun for example_branch_datetime_operator_3 to 2023-05-31T00:00:00+00:00, run_after=2023-06-01T00:00:00+00:00
[2023-06-01T08:55:03.629+0000] {processor.py:175} INFO - Processing /home/airflow/.local/lib/python3.7/site-packages/airflow/example_dags/example_branch_datetime_operator.py took 0.122 seconds
[2023-06-01T08:55:34.634+0000] {processor.py:153} INFO - Started process (PID=1601) to work on /home/airflow/.local/lib/python3.7/site-packages/airflow/example_dags/example_branch_datetime_operator.py
[2023-06-01T08:55:34.637+0000] {processor.py:743} INFO - Processing file /home/airflow/.local/lib/python3.7/site-packages/airflow/example_dags/example_branch_datetime_operator.py for tasks to queue
[2023-06-01T08:55:34.639+0000] {logging_mixin.py:137} INFO - [2023-06-01T08:55:34.638+0000] {dagbag.py:538} INFO - Filling up the DagBag from /home/airflow/.local/lib/python3.7/site-packages/airflow/example_dags/example_branch_datetime_operator.py
[2023-06-01T08:55:34.664+0000] {processor.py:753} INFO - DAG(s) dict_keys(['example_branch_datetime_operator_2', 'example_branch_datetime_operator', 'example_branch_datetime_operator_3']) retrieved from /home/airflow/.local/lib/python3.7/site-packages/airflow/example_dags/example_branch_datetime_operator.py
[2023-06-01T08:55:34.704+0000] {logging_mixin.py:137} INFO - [2023-06-01T08:55:34.704+0000] {dag.py:2690} INFO - Sync 3 DAGs
[2023-06-01T08:55:34.734+0000] {logging_mixin.py:137} INFO - [2023-06-01T08:55:34.734+0000] {dag.py:3441} INFO - Setting next_dagrun for example_branch_datetime_operator to 2023-05-31T00:00:00+00:00, run_after=2023-06-01T00:00:00+00:00
[2023-06-01T08:55:34.741+0000] {logging_mixin.py:137} INFO - [2023-06-01T08:55:34.740+0000] {dag.py:3441} INFO - Setting next_dagrun for example_branch_datetime_operator_2 to 2023-05-31T00:00:00+00:00, run_after=2023-06-01T00:00:00+00:00
[2023-06-01T08:55:34.746+0000] {logging_mixin.py:137} INFO - [2023-06-01T08:55:34.745+0000] {dag.py:3441} INFO - Setting next_dagrun for example_branch_datetime_operator_3 to 2023-05-31T00:00:00+00:00, run_after=2023-06-01T00:00:00+00:00
[2023-06-01T08:55:34.771+0000] {processor.py:175} INFO - Processing /home/airflow/.local/lib/python3.7/site-packages/airflow/example_dags/example_branch_datetime_operator.py took 0.141 seconds
[2023-06-01T08:56:05.717+0000] {processor.py:153} INFO - Started process (PID=1688) to work on /home/airflow/.local/lib/python3.7/site-packages/airflow/example_dags/example_branch_datetime_operator.py
[2023-06-01T08:56:05.718+0000] {processor.py:743} INFO - Processing file /home/airflow/.local/lib/python3.7/site-packages/airflow/example_dags/example_branch_datetime_operator.py for tasks to queue
[2023-06-01T08:56:05.718+0000] {logging_mixin.py:137} INFO - [2023-06-01T08:56:05.718+0000] {dagbag.py:538} INFO - Filling up the DagBag from /home/airflow/.local/lib/python3.7/site-packages/airflow/example_dags/example_branch_datetime_operator.py
[2023-06-01T08:56:05.739+0000] {processor.py:753} INFO - DAG(s) dict_keys(['example_branch_datetime_operator_2', 'example_branch_datetime_operator', 'example_branch_datetime_operator_3']) retrieved from /home/airflow/.local/lib/python3.7/site-packages/airflow/example_dags/example_branch_datetime_operator.py
[2023-06-01T08:56:05.781+0000] {logging_mixin.py:137} INFO - [2023-06-01T08:56:05.781+0000] {dag.py:2690} INFO - Sync 3 DAGs
[2023-06-01T08:56:05.814+0000] {logging_mixin.py:137} INFO - [2023-06-01T08:56:05.814+0000] {dag.py:3441} INFO - Setting next_dagrun for example_branch_datetime_operator to 2023-05-31T00:00:00+00:00, run_after=2023-06-01T00:00:00+00:00
[2023-06-01T08:56:05.820+0000] {logging_mixin.py:137} INFO - [2023-06-01T08:56:05.820+0000] {dag.py:3441} INFO - Setting next_dagrun for example_branch_datetime_operator_2 to 2023-05-31T00:00:00+00:00, run_after=2023-06-01T00:00:00+00:00
[2023-06-01T08:56:05.822+0000] {logging_mixin.py:137} INFO - [2023-06-01T08:56:05.822+0000] {dag.py:3441} INFO - Setting next_dagrun for example_branch_datetime_operator_3 to 2023-05-31T00:00:00+00:00, run_after=2023-06-01T00:00:00+00:00
[2023-06-01T08:56:05.845+0000] {processor.py:175} INFO - Processing /home/airflow/.local/lib/python3.7/site-packages/airflow/example_dags/example_branch_datetime_operator.py took 0.132 seconds
[2023-06-01T08:56:36.146+0000] {processor.py:153} INFO - Started process (PID=1782) to work on /home/airflow/.local/lib/python3.7/site-packages/airflow/example_dags/example_branch_datetime_operator.py
[2023-06-01T08:56:36.147+0000] {processor.py:743} INFO - Processing file /home/airflow/.local/lib/python3.7/site-packages/airflow/example_dags/example_branch_datetime_operator.py for tasks to queue
[2023-06-01T08:56:36.148+0000] {logging_mixin.py:137} INFO - [2023-06-01T08:56:36.148+0000] {dagbag.py:538} INFO - Filling up the DagBag from /home/airflow/.local/lib/python3.7/site-packages/airflow/example_dags/example_branch_datetime_operator.py
[2023-06-01T08:56:36.168+0000] {processor.py:753} INFO - DAG(s) dict_keys(['example_branch_datetime_operator_3', 'example_branch_datetime_operator', 'example_branch_datetime_operator_2']) retrieved from /home/airflow/.local/lib/python3.7/site-packages/airflow/example_dags/example_branch_datetime_operator.py
[2023-06-01T08:56:36.203+0000] {logging_mixin.py:137} INFO - [2023-06-01T08:56:36.203+0000] {dag.py:2690} INFO - Sync 3 DAGs
[2023-06-01T08:56:36.236+0000] {logging_mixin.py:137} INFO - [2023-06-01T08:56:36.235+0000] {dag.py:3441} INFO - Setting next_dagrun for example_branch_datetime_operator to 2023-05-31T00:00:00+00:00, run_after=2023-06-01T00:00:00+00:00
[2023-06-01T08:56:36.241+0000] {logging_mixin.py:137} INFO - [2023-06-01T08:56:36.241+0000] {dag.py:3441} INFO - Setting next_dagrun for example_branch_datetime_operator_2 to 2023-05-31T00:00:00+00:00, run_after=2023-06-01T00:00:00+00:00
[2023-06-01T08:56:36.243+0000] {logging_mixin.py:137} INFO - [2023-06-01T08:56:36.243+0000] {dag.py:3441} INFO - Setting next_dagrun for example_branch_datetime_operator_3 to 2023-05-31T00:00:00+00:00, run_after=2023-06-01T00:00:00+00:00
[2023-06-01T08:56:36.263+0000] {processor.py:175} INFO - Processing /home/airflow/.local/lib/python3.7/site-packages/airflow/example_dags/example_branch_datetime_operator.py took 0.121 seconds
[2023-06-01T08:57:07.151+0000] {processor.py:153} INFO - Started process (PID=1886) to work on /home/airflow/.local/lib/python3.7/site-packages/airflow/example_dags/example_branch_datetime_operator.py
[2023-06-01T08:57:07.152+0000] {processor.py:743} INFO - Processing file /home/airflow/.local/lib/python3.7/site-packages/airflow/example_dags/example_branch_datetime_operator.py for tasks to queue
[2023-06-01T08:57:07.153+0000] {logging_mixin.py:137} INFO - [2023-06-01T08:57:07.153+0000] {dagbag.py:538} INFO - Filling up the DagBag from /home/airflow/.local/lib/python3.7/site-packages/airflow/example_dags/example_branch_datetime_operator.py
[2023-06-01T08:57:07.172+0000] {processor.py:753} INFO - DAG(s) dict_keys(['example_branch_datetime_operator_2', 'example_branch_datetime_operator', 'example_branch_datetime_operator_3']) retrieved from /home/airflow/.local/lib/python3.7/site-packages/airflow/example_dags/example_branch_datetime_operator.py
[2023-06-01T08:57:07.214+0000] {logging_mixin.py:137} INFO - [2023-06-01T08:57:07.214+0000] {dag.py:2690} INFO - Sync 3 DAGs
[2023-06-01T08:57:07.252+0000] {logging_mixin.py:137} INFO - [2023-06-01T08:57:07.251+0000] {dag.py:3441} INFO - Setting next_dagrun for example_branch_datetime_operator to 2023-05-31T00:00:00+00:00, run_after=2023-06-01T00:00:00+00:00
[2023-06-01T08:57:07.258+0000] {logging_mixin.py:137} INFO - [2023-06-01T08:57:07.257+0000] {dag.py:3441} INFO - Setting next_dagrun for example_branch_datetime_operator_2 to 2023-05-31T00:00:00+00:00, run_after=2023-06-01T00:00:00+00:00
[2023-06-01T08:57:07.260+0000] {logging_mixin.py:137} INFO - [2023-06-01T08:57:07.260+0000] {dag.py:3441} INFO - Setting next_dagrun for example_branch_datetime_operator_3 to 2023-05-31T00:00:00+00:00, run_after=2023-06-01T00:00:00+00:00
[2023-06-01T08:57:07.284+0000] {processor.py:175} INFO - Processing /home/airflow/.local/lib/python3.7/site-packages/airflow/example_dags/example_branch_datetime_operator.py took 0.137 seconds
[2023-06-01T08:57:37.595+0000] {processor.py:153} INFO - Started process (PID=1973) to work on /home/airflow/.local/lib/python3.7/site-packages/airflow/example_dags/example_branch_datetime_operator.py
[2023-06-01T08:57:37.597+0000] {processor.py:743} INFO - Processing file /home/airflow/.local/lib/python3.7/site-packages/airflow/example_dags/example_branch_datetime_operator.py for tasks to queue
[2023-06-01T08:57:37.598+0000] {logging_mixin.py:137} INFO - [2023-06-01T08:57:37.598+0000] {dagbag.py:538} INFO - Filling up the DagBag from /home/airflow/.local/lib/python3.7/site-packages/airflow/example_dags/example_branch_datetime_operator.py
[2023-06-01T08:57:37.617+0000] {processor.py:753} INFO - DAG(s) dict_keys(['example_branch_datetime_operator_3', 'example_branch_datetime_operator_2', 'example_branch_datetime_operator']) retrieved from /home/airflow/.local/lib/python3.7/site-packages/airflow/example_dags/example_branch_datetime_operator.py
[2023-06-01T08:57:37.662+0000] {logging_mixin.py:137} INFO - [2023-06-01T08:57:37.662+0000] {dag.py:2690} INFO - Sync 3 DAGs
[2023-06-01T08:57:37.691+0000] {logging_mixin.py:137} INFO - [2023-06-01T08:57:37.691+0000] {dag.py:3441} INFO - Setting next_dagrun for example_branch_datetime_operator to 2023-05-31T00:00:00+00:00, run_after=2023-06-01T00:00:00+00:00
[2023-06-01T08:57:37.695+0000] {logging_mixin.py:137} INFO - [2023-06-01T08:57:37.695+0000] {dag.py:3441} INFO - Setting next_dagrun for example_branch_datetime_operator_2 to 2023-05-31T00:00:00+00:00, run_after=2023-06-01T00:00:00+00:00
[2023-06-01T08:57:37.698+0000] {logging_mixin.py:137} INFO - [2023-06-01T08:57:37.698+0000] {dag.py:3441} INFO - Setting next_dagrun for example_branch_datetime_operator_3 to 2023-05-31T00:00:00+00:00, run_after=2023-06-01T00:00:00+00:00
[2023-06-01T08:57:37.720+0000] {processor.py:175} INFO - Processing /home/airflow/.local/lib/python3.7/site-packages/airflow/example_dags/example_branch_datetime_operator.py took 0.128 seconds
[2023-06-01T08:58:08.743+0000] {processor.py:153} INFO - Started process (PID=2060) to work on /home/airflow/.local/lib/python3.7/site-packages/airflow/example_dags/example_branch_datetime_operator.py
[2023-06-01T08:58:08.744+0000] {processor.py:743} INFO - Processing file /home/airflow/.local/lib/python3.7/site-packages/airflow/example_dags/example_branch_datetime_operator.py for tasks to queue
[2023-06-01T08:58:08.745+0000] {logging_mixin.py:137} INFO - [2023-06-01T08:58:08.745+0000] {dagbag.py:538} INFO - Filling up the DagBag from /home/airflow/.local/lib/python3.7/site-packages/airflow/example_dags/example_branch_datetime_operator.py
[2023-06-01T08:58:08.763+0000] {processor.py:753} INFO - DAG(s) dict_keys(['example_branch_datetime_operator', 'example_branch_datetime_operator_3', 'example_branch_datetime_operator_2']) retrieved from /home/airflow/.local/lib/python3.7/site-packages/airflow/example_dags/example_branch_datetime_operator.py
[2023-06-01T08:58:08.798+0000] {logging_mixin.py:137} INFO - [2023-06-01T08:58:08.797+0000] {dag.py:2690} INFO - Sync 3 DAGs
[2023-06-01T08:58:08.828+0000] {logging_mixin.py:137} INFO - [2023-06-01T08:58:08.828+0000] {dag.py:3441} INFO - Setting next_dagrun for example_branch_datetime_operator to 2023-05-31T00:00:00+00:00, run_after=2023-06-01T00:00:00+00:00
[2023-06-01T08:58:08.832+0000] {logging_mixin.py:137} INFO - [2023-06-01T08:58:08.832+0000] {dag.py:3441} INFO - Setting next_dagrun for example_branch_datetime_operator_2 to 2023-05-31T00:00:00+00:00, run_after=2023-06-01T00:00:00+00:00
[2023-06-01T08:58:08.835+0000] {logging_mixin.py:137} INFO - [2023-06-01T08:58:08.835+0000] {dag.py:3441} INFO - Setting next_dagrun for example_branch_datetime_operator_3 to 2023-05-31T00:00:00+00:00, run_after=2023-06-01T00:00:00+00:00
[2023-06-01T08:58:08.854+0000] {processor.py:175} INFO - Processing /home/airflow/.local/lib/python3.7/site-packages/airflow/example_dags/example_branch_datetime_operator.py took 0.114 seconds
[2023-06-01T08:58:39.068+0000] {processor.py:153} INFO - Started process (PID=2171) to work on /home/airflow/.local/lib/python3.7/site-packages/airflow/example_dags/example_branch_datetime_operator.py
[2023-06-01T08:58:39.070+0000] {processor.py:743} INFO - Processing file /home/airflow/.local/lib/python3.7/site-packages/airflow/example_dags/example_branch_datetime_operator.py for tasks to queue
[2023-06-01T08:58:39.070+0000] {logging_mixin.py:137} INFO - [2023-06-01T08:58:39.070+0000] {dagbag.py:538} INFO - Filling up the DagBag from /home/airflow/.local/lib/python3.7/site-packages/airflow/example_dags/example_branch_datetime_operator.py
[2023-06-01T08:58:39.087+0000] {processor.py:753} INFO - DAG(s) dict_keys(['example_branch_datetime_operator_2', 'example_branch_datetime_operator_3', 'example_branch_datetime_operator']) retrieved from /home/airflow/.local/lib/python3.7/site-packages/airflow/example_dags/example_branch_datetime_operator.py
[2023-06-01T08:58:39.128+0000] {logging_mixin.py:137} INFO - [2023-06-01T08:58:39.128+0000] {dag.py:2690} INFO - Sync 3 DAGs
[2023-06-01T08:58:39.158+0000] {logging_mixin.py:137} INFO - [2023-06-01T08:58:39.158+0000] {dag.py:3441} INFO - Setting next_dagrun for example_branch_datetime_operator to 2023-05-31T00:00:00+00:00, run_after=2023-06-01T00:00:00+00:00
[2023-06-01T08:58:39.164+0000] {logging_mixin.py:137} INFO - [2023-06-01T08:58:39.164+0000] {dag.py:3441} INFO - Setting next_dagrun for example_branch_datetime_operator_2 to 2023-05-31T00:00:00+00:00, run_after=2023-06-01T00:00:00+00:00
[2023-06-01T08:58:39.167+0000] {logging_mixin.py:137} INFO - [2023-06-01T08:58:39.167+0000] {dag.py:3441} INFO - Setting next_dagrun for example_branch_datetime_operator_3 to 2023-05-31T00:00:00+00:00, run_after=2023-06-01T00:00:00+00:00
[2023-06-01T08:58:39.189+0000] {processor.py:175} INFO - Processing /home/airflow/.local/lib/python3.7/site-packages/airflow/example_dags/example_branch_datetime_operator.py took 0.124 seconds
[2023-06-01T08:59:09.841+0000] {processor.py:153} INFO - Started process (PID=2258) to work on /home/airflow/.local/lib/python3.7/site-packages/airflow/example_dags/example_branch_datetime_operator.py
[2023-06-01T08:59:09.842+0000] {processor.py:743} INFO - Processing file /home/airflow/.local/lib/python3.7/site-packages/airflow/example_dags/example_branch_datetime_operator.py for tasks to queue
[2023-06-01T08:59:09.842+0000] {logging_mixin.py:137} INFO - [2023-06-01T08:59:09.842+0000] {dagbag.py:538} INFO - Filling up the DagBag from /home/airflow/.local/lib/python3.7/site-packages/airflow/example_dags/example_branch_datetime_operator.py
[2023-06-01T08:59:09.862+0000] {processor.py:753} INFO - DAG(s) dict_keys(['example_branch_datetime_operator_2', 'example_branch_datetime_operator', 'example_branch_datetime_operator_3']) retrieved from /home/airflow/.local/lib/python3.7/site-packages/airflow/example_dags/example_branch_datetime_operator.py
[2023-06-01T08:59:09.911+0000] {logging_mixin.py:137} INFO - [2023-06-01T08:59:09.911+0000] {dag.py:2690} INFO - Sync 3 DAGs
[2023-06-01T08:59:09.943+0000] {logging_mixin.py:137} INFO - [2023-06-01T08:59:09.943+0000] {dag.py:3441} INFO - Setting next_dagrun for example_branch_datetime_operator to 2023-05-31T00:00:00+00:00, run_after=2023-06-01T00:00:00+00:00
[2023-06-01T08:59:09.950+0000] {logging_mixin.py:137} INFO - [2023-06-01T08:59:09.950+0000] {dag.py:3441} INFO - Setting next_dagrun for example_branch_datetime_operator_2 to 2023-05-31T00:00:00+00:00, run_after=2023-06-01T00:00:00+00:00
[2023-06-01T08:59:09.953+0000] {logging_mixin.py:137} INFO - [2023-06-01T08:59:09.953+0000] {dag.py:3441} INFO - Setting next_dagrun for example_branch_datetime_operator_3 to 2023-05-31T00:00:00+00:00, run_after=2023-06-01T00:00:00+00:00
[2023-06-01T08:59:09.975+0000] {processor.py:175} INFO - Processing /home/airflow/.local/lib/python3.7/site-packages/airflow/example_dags/example_branch_datetime_operator.py took 0.139 seconds
[2023-06-01T08:59:40.314+0000] {processor.py:153} INFO - Started process (PID=2345) to work on /home/airflow/.local/lib/python3.7/site-packages/airflow/example_dags/example_branch_datetime_operator.py
[2023-06-01T08:59:40.315+0000] {processor.py:743} INFO - Processing file /home/airflow/.local/lib/python3.7/site-packages/airflow/example_dags/example_branch_datetime_operator.py for tasks to queue
[2023-06-01T08:59:40.316+0000] {logging_mixin.py:137} INFO - [2023-06-01T08:59:40.316+0000] {dagbag.py:538} INFO - Filling up the DagBag from /home/airflow/.local/lib/python3.7/site-packages/airflow/example_dags/example_branch_datetime_operator.py
[2023-06-01T08:59:40.335+0000] {processor.py:753} INFO - DAG(s) dict_keys(['example_branch_datetime_operator_3', 'example_branch_datetime_operator_2', 'example_branch_datetime_operator']) retrieved from /home/airflow/.local/lib/python3.7/site-packages/airflow/example_dags/example_branch_datetime_operator.py
[2023-06-01T08:59:40.371+0000] {logging_mixin.py:137} INFO - [2023-06-01T08:59:40.371+0000] {dag.py:2690} INFO - Sync 3 DAGs
[2023-06-01T08:59:40.402+0000] {logging_mixin.py:137} INFO - [2023-06-01T08:59:40.401+0000] {dag.py:3441} INFO - Setting next_dagrun for example_branch_datetime_operator to 2023-05-31T00:00:00+00:00, run_after=2023-06-01T00:00:00+00:00
[2023-06-01T08:59:40.409+0000] {logging_mixin.py:137} INFO - [2023-06-01T08:59:40.409+0000] {dag.py:3441} INFO - Setting next_dagrun for example_branch_datetime_operator_2 to 2023-05-31T00:00:00+00:00, run_after=2023-06-01T00:00:00+00:00
[2023-06-01T08:59:40.412+0000] {logging_mixin.py:137} INFO - [2023-06-01T08:59:40.412+0000] {dag.py:3441} INFO - Setting next_dagrun for example_branch_datetime_operator_3 to 2023-05-31T00:00:00+00:00, run_after=2023-06-01T00:00:00+00:00
[2023-06-01T08:59:40.432+0000] {processor.py:175} INFO - Processing /home/airflow/.local/lib/python3.7/site-packages/airflow/example_dags/example_branch_datetime_operator.py took 0.122 seconds
[2023-06-01T09:00:11.215+0000] {processor.py:153} INFO - Started process (PID=2441) to work on /home/airflow/.local/lib/python3.7/site-packages/airflow/example_dags/example_branch_datetime_operator.py
[2023-06-01T09:00:11.216+0000] {processor.py:743} INFO - Processing file /home/airflow/.local/lib/python3.7/site-packages/airflow/example_dags/example_branch_datetime_operator.py for tasks to queue
[2023-06-01T09:00:11.217+0000] {logging_mixin.py:137} INFO - [2023-06-01T09:00:11.216+0000] {dagbag.py:538} INFO - Filling up the DagBag from /home/airflow/.local/lib/python3.7/site-packages/airflow/example_dags/example_branch_datetime_operator.py
[2023-06-01T09:00:11.238+0000] {processor.py:753} INFO - DAG(s) dict_keys(['example_branch_datetime_operator_2', 'example_branch_datetime_operator_3', 'example_branch_datetime_operator']) retrieved from /home/airflow/.local/lib/python3.7/site-packages/airflow/example_dags/example_branch_datetime_operator.py
[2023-06-01T09:00:11.277+0000] {logging_mixin.py:137} INFO - [2023-06-01T09:00:11.277+0000] {dag.py:2690} INFO - Sync 3 DAGs
[2023-06-01T09:00:11.312+0000] {logging_mixin.py:137} INFO - [2023-06-01T09:00:11.312+0000] {dag.py:3441} INFO - Setting next_dagrun for example_branch_datetime_operator to 2023-05-31T00:00:00+00:00, run_after=2023-06-01T00:00:00+00:00
[2023-06-01T09:00:11.318+0000] {logging_mixin.py:137} INFO - [2023-06-01T09:00:11.318+0000] {dag.py:3441} INFO - Setting next_dagrun for example_branch_datetime_operator_2 to 2023-05-31T00:00:00+00:00, run_after=2023-06-01T00:00:00+00:00
[2023-06-01T09:00:11.320+0000] {logging_mixin.py:137} INFO - [2023-06-01T09:00:11.320+0000] {dag.py:3441} INFO - Setting next_dagrun for example_branch_datetime_operator_3 to 2023-05-31T00:00:00+00:00, run_after=2023-06-01T00:00:00+00:00
[2023-06-01T09:00:11.341+0000] {processor.py:175} INFO - Processing /home/airflow/.local/lib/python3.7/site-packages/airflow/example_dags/example_branch_datetime_operator.py took 0.131 seconds
[2023-06-01T09:00:42.363+0000] {processor.py:153} INFO - Started process (PID=2543) to work on /home/airflow/.local/lib/python3.7/site-packages/airflow/example_dags/example_branch_datetime_operator.py
[2023-06-01T09:00:42.366+0000] {processor.py:743} INFO - Processing file /home/airflow/.local/lib/python3.7/site-packages/airflow/example_dags/example_branch_datetime_operator.py for tasks to queue
[2023-06-01T09:00:42.366+0000] {logging_mixin.py:137} INFO - [2023-06-01T09:00:42.366+0000] {dagbag.py:538} INFO - Filling up the DagBag from /home/airflow/.local/lib/python3.7/site-packages/airflow/example_dags/example_branch_datetime_operator.py
[2023-06-01T09:00:42.384+0000] {processor.py:753} INFO - DAG(s) dict_keys(['example_branch_datetime_operator_3', 'example_branch_datetime_operator', 'example_branch_datetime_operator_2']) retrieved from /home/airflow/.local/lib/python3.7/site-packages/airflow/example_dags/example_branch_datetime_operator.py
[2023-06-01T09:00:42.438+0000] {logging_mixin.py:137} INFO - [2023-06-01T09:00:42.437+0000] {dag.py:2690} INFO - Sync 3 DAGs
[2023-06-01T09:00:42.473+0000] {logging_mixin.py:137} INFO - [2023-06-01T09:00:42.473+0000] {dag.py:3441} INFO - Setting next_dagrun for example_branch_datetime_operator to 2023-05-31T00:00:00+00:00, run_after=2023-06-01T00:00:00+00:00
[2023-06-01T09:00:42.481+0000] {logging_mixin.py:137} INFO - [2023-06-01T09:00:42.480+0000] {dag.py:3441} INFO - Setting next_dagrun for example_branch_datetime_operator_2 to 2023-05-31T00:00:00+00:00, run_after=2023-06-01T00:00:00+00:00
[2023-06-01T09:00:42.485+0000] {logging_mixin.py:137} INFO - [2023-06-01T09:00:42.485+0000] {dag.py:3441} INFO - Setting next_dagrun for example_branch_datetime_operator_3 to 2023-05-31T00:00:00+00:00, run_after=2023-06-01T00:00:00+00:00
[2023-06-01T09:00:42.513+0000] {processor.py:175} INFO - Processing /home/airflow/.local/lib/python3.7/site-packages/airflow/example_dags/example_branch_datetime_operator.py took 0.153 seconds
[2023-06-01T09:01:12.954+0000] {processor.py:153} INFO - Started process (PID=2630) to work on /home/airflow/.local/lib/python3.7/site-packages/airflow/example_dags/example_branch_datetime_operator.py
[2023-06-01T09:01:12.955+0000] {processor.py:743} INFO - Processing file /home/airflow/.local/lib/python3.7/site-packages/airflow/example_dags/example_branch_datetime_operator.py for tasks to queue
[2023-06-01T09:01:12.956+0000] {logging_mixin.py:137} INFO - [2023-06-01T09:01:12.956+0000] {dagbag.py:538} INFO - Filling up the DagBag from /home/airflow/.local/lib/python3.7/site-packages/airflow/example_dags/example_branch_datetime_operator.py
[2023-06-01T09:01:12.975+0000] {processor.py:753} INFO - DAG(s) dict_keys(['example_branch_datetime_operator_3', 'example_branch_datetime_operator_2', 'example_branch_datetime_operator']) retrieved from /home/airflow/.local/lib/python3.7/site-packages/airflow/example_dags/example_branch_datetime_operator.py
[2023-06-01T09:01:13.027+0000] {logging_mixin.py:137} INFO - [2023-06-01T09:01:13.027+0000] {dag.py:2690} INFO - Sync 3 DAGs
[2023-06-01T09:01:13.061+0000] {logging_mixin.py:137} INFO - [2023-06-01T09:01:13.061+0000] {dag.py:3441} INFO - Setting next_dagrun for example_branch_datetime_operator to 2023-05-31T00:00:00+00:00, run_after=2023-06-01T00:00:00+00:00
[2023-06-01T09:01:13.067+0000] {logging_mixin.py:137} INFO - [2023-06-01T09:01:13.067+0000] {dag.py:3441} INFO - Setting next_dagrun for example_branch_datetime_operator_2 to 2023-05-31T00:00:00+00:00, run_after=2023-06-01T00:00:00+00:00
[2023-06-01T09:01:13.069+0000] {logging_mixin.py:137} INFO - [2023-06-01T09:01:13.069+0000] {dag.py:3441} INFO - Setting next_dagrun for example_branch_datetime_operator_3 to 2023-05-31T00:00:00+00:00, run_after=2023-06-01T00:00:00+00:00
[2023-06-01T09:01:13.091+0000] {processor.py:175} INFO - Processing /home/airflow/.local/lib/python3.7/site-packages/airflow/example_dags/example_branch_datetime_operator.py took 0.140 seconds
[2023-06-01T09:01:43.863+0000] {processor.py:153} INFO - Started process (PID=2717) to work on /home/airflow/.local/lib/python3.7/site-packages/airflow/example_dags/example_branch_datetime_operator.py
[2023-06-01T09:01:43.865+0000] {processor.py:743} INFO - Processing file /home/airflow/.local/lib/python3.7/site-packages/airflow/example_dags/example_branch_datetime_operator.py for tasks to queue
[2023-06-01T09:01:43.866+0000] {logging_mixin.py:137} INFO - [2023-06-01T09:01:43.866+0000] {dagbag.py:538} INFO - Filling up the DagBag from /home/airflow/.local/lib/python3.7/site-packages/airflow/example_dags/example_branch_datetime_operator.py
[2023-06-01T09:01:43.886+0000] {processor.py:753} INFO - DAG(s) dict_keys(['example_branch_datetime_operator_3', 'example_branch_datetime_operator_2', 'example_branch_datetime_operator']) retrieved from /home/airflow/.local/lib/python3.7/site-packages/airflow/example_dags/example_branch_datetime_operator.py
[2023-06-01T09:01:43.927+0000] {logging_mixin.py:137} INFO - [2023-06-01T09:01:43.927+0000] {dag.py:2690} INFO - Sync 3 DAGs
[2023-06-01T09:01:43.959+0000] {logging_mixin.py:137} INFO - [2023-06-01T09:01:43.958+0000] {dag.py:3441} INFO - Setting next_dagrun for example_branch_datetime_operator to 2023-05-31T00:00:00+00:00, run_after=2023-06-01T00:00:00+00:00
[2023-06-01T09:01:43.963+0000] {logging_mixin.py:137} INFO - [2023-06-01T09:01:43.963+0000] {dag.py:3441} INFO - Setting next_dagrun for example_branch_datetime_operator_2 to 2023-05-31T00:00:00+00:00, run_after=2023-06-01T00:00:00+00:00
[2023-06-01T09:01:43.966+0000] {logging_mixin.py:137} INFO - [2023-06-01T09:01:43.966+0000] {dag.py:3441} INFO - Setting next_dagrun for example_branch_datetime_operator_3 to 2023-05-31T00:00:00+00:00, run_after=2023-06-01T00:00:00+00:00
[2023-06-01T09:01:43.988+0000] {processor.py:175} INFO - Processing /home/airflow/.local/lib/python3.7/site-packages/airflow/example_dags/example_branch_datetime_operator.py took 0.129 seconds
[2023-06-01T09:02:14.507+0000] {processor.py:153} INFO - Started process (PID=2828) to work on /home/airflow/.local/lib/python3.7/site-packages/airflow/example_dags/example_branch_datetime_operator.py
[2023-06-01T09:02:14.508+0000] {processor.py:743} INFO - Processing file /home/airflow/.local/lib/python3.7/site-packages/airflow/example_dags/example_branch_datetime_operator.py for tasks to queue
[2023-06-01T09:02:14.508+0000] {logging_mixin.py:137} INFO - [2023-06-01T09:02:14.508+0000] {dagbag.py:538} INFO - Filling up the DagBag from /home/airflow/.local/lib/python3.7/site-packages/airflow/example_dags/example_branch_datetime_operator.py
[2023-06-01T09:02:14.527+0000] {processor.py:753} INFO - DAG(s) dict_keys(['example_branch_datetime_operator_3', 'example_branch_datetime_operator_2', 'example_branch_datetime_operator']) retrieved from /home/airflow/.local/lib/python3.7/site-packages/airflow/example_dags/example_branch_datetime_operator.py
[2023-06-01T09:02:14.567+0000] {logging_mixin.py:137} INFO - [2023-06-01T09:02:14.567+0000] {dag.py:2690} INFO - Sync 3 DAGs
[2023-06-01T09:02:14.599+0000] {logging_mixin.py:137} INFO - [2023-06-01T09:02:14.599+0000] {dag.py:3441} INFO - Setting next_dagrun for example_branch_datetime_operator to 2023-05-31T00:00:00+00:00, run_after=2023-06-01T00:00:00+00:00
[2023-06-01T09:02:14.604+0000] {logging_mixin.py:137} INFO - [2023-06-01T09:02:14.604+0000] {dag.py:3441} INFO - Setting next_dagrun for example_branch_datetime_operator_2 to 2023-05-31T00:00:00+00:00, run_after=2023-06-01T00:00:00+00:00
[2023-06-01T09:02:14.606+0000] {logging_mixin.py:137} INFO - [2023-06-01T09:02:14.606+0000] {dag.py:3441} INFO - Setting next_dagrun for example_branch_datetime_operator_3 to 2023-05-31T00:00:00+00:00, run_after=2023-06-01T00:00:00+00:00
[2023-06-01T09:02:14.624+0000] {processor.py:175} INFO - Processing /home/airflow/.local/lib/python3.7/site-packages/airflow/example_dags/example_branch_datetime_operator.py took 0.121 seconds
[2023-06-01T09:02:44.872+0000] {processor.py:153} INFO - Started process (PID=2915) to work on /home/airflow/.local/lib/python3.7/site-packages/airflow/example_dags/example_branch_datetime_operator.py
[2023-06-01T09:02:44.874+0000] {processor.py:743} INFO - Processing file /home/airflow/.local/lib/python3.7/site-packages/airflow/example_dags/example_branch_datetime_operator.py for tasks to queue
[2023-06-01T09:02:44.874+0000] {logging_mixin.py:137} INFO - [2023-06-01T09:02:44.874+0000] {dagbag.py:538} INFO - Filling up the DagBag from /home/airflow/.local/lib/python3.7/site-packages/airflow/example_dags/example_branch_datetime_operator.py
[2023-06-01T09:02:44.893+0000] {processor.py:753} INFO - DAG(s) dict_keys(['example_branch_datetime_operator', 'example_branch_datetime_operator_3', 'example_branch_datetime_operator_2']) retrieved from /home/airflow/.local/lib/python3.7/site-packages/airflow/example_dags/example_branch_datetime_operator.py
[2023-06-01T09:02:44.926+0000] {logging_mixin.py:137} INFO - [2023-06-01T09:02:44.926+0000] {dag.py:2690} INFO - Sync 3 DAGs
[2023-06-01T09:02:44.953+0000] {logging_mixin.py:137} INFO - [2023-06-01T09:02:44.953+0000] {dag.py:3441} INFO - Setting next_dagrun for example_branch_datetime_operator to 2023-05-31T00:00:00+00:00, run_after=2023-06-01T00:00:00+00:00
[2023-06-01T09:02:44.957+0000] {logging_mixin.py:137} INFO - [2023-06-01T09:02:44.957+0000] {dag.py:3441} INFO - Setting next_dagrun for example_branch_datetime_operator_2 to 2023-05-31T00:00:00+00:00, run_after=2023-06-01T00:00:00+00:00
[2023-06-01T09:02:44.960+0000] {logging_mixin.py:137} INFO - [2023-06-01T09:02:44.959+0000] {dag.py:3441} INFO - Setting next_dagrun for example_branch_datetime_operator_3 to 2023-05-31T00:00:00+00:00, run_after=2023-06-01T00:00:00+00:00
[2023-06-01T09:02:44.976+0000] {processor.py:175} INFO - Processing /home/airflow/.local/lib/python3.7/site-packages/airflow/example_dags/example_branch_datetime_operator.py took 0.106 seconds
[2023-06-01T09:03:15.108+0000] {processor.py:153} INFO - Started process (PID=3002) to work on /home/airflow/.local/lib/python3.7/site-packages/airflow/example_dags/example_branch_datetime_operator.py
[2023-06-01T09:03:15.109+0000] {processor.py:743} INFO - Processing file /home/airflow/.local/lib/python3.7/site-packages/airflow/example_dags/example_branch_datetime_operator.py for tasks to queue
[2023-06-01T09:03:15.110+0000] {logging_mixin.py:137} INFO - [2023-06-01T09:03:15.110+0000] {dagbag.py:538} INFO - Filling up the DagBag from /home/airflow/.local/lib/python3.7/site-packages/airflow/example_dags/example_branch_datetime_operator.py
[2023-06-01T09:03:15.126+0000] {processor.py:753} INFO - DAG(s) dict_keys(['example_branch_datetime_operator', 'example_branch_datetime_operator_3', 'example_branch_datetime_operator_2']) retrieved from /home/airflow/.local/lib/python3.7/site-packages/airflow/example_dags/example_branch_datetime_operator.py
[2023-06-01T09:03:15.158+0000] {logging_mixin.py:137} INFO - [2023-06-01T09:03:15.158+0000] {dag.py:2690} INFO - Sync 3 DAGs
[2023-06-01T09:03:15.184+0000] {logging_mixin.py:137} INFO - [2023-06-01T09:03:15.184+0000] {dag.py:3441} INFO - Setting next_dagrun for example_branch_datetime_operator to 2023-05-31T00:00:00+00:00, run_after=2023-06-01T00:00:00+00:00
[2023-06-01T09:03:15.188+0000] {logging_mixin.py:137} INFO - [2023-06-01T09:03:15.188+0000] {dag.py:3441} INFO - Setting next_dagrun for example_branch_datetime_operator_2 to 2023-05-31T00:00:00+00:00, run_after=2023-06-01T00:00:00+00:00
[2023-06-01T09:03:15.191+0000] {logging_mixin.py:137} INFO - [2023-06-01T09:03:15.190+0000] {dag.py:3441} INFO - Setting next_dagrun for example_branch_datetime_operator_3 to 2023-05-31T00:00:00+00:00, run_after=2023-06-01T00:00:00+00:00
[2023-06-01T09:03:15.207+0000] {processor.py:175} INFO - Processing /home/airflow/.local/lib/python3.7/site-packages/airflow/example_dags/example_branch_datetime_operator.py took 0.102 seconds
[2023-06-01T09:03:45.788+0000] {processor.py:153} INFO - Started process (PID=3098) to work on /home/airflow/.local/lib/python3.7/site-packages/airflow/example_dags/example_branch_datetime_operator.py
[2023-06-01T09:03:45.789+0000] {processor.py:743} INFO - Processing file /home/airflow/.local/lib/python3.7/site-packages/airflow/example_dags/example_branch_datetime_operator.py for tasks to queue
[2023-06-01T09:03:45.790+0000] {logging_mixin.py:137} INFO - [2023-06-01T09:03:45.790+0000] {dagbag.py:538} INFO - Filling up the DagBag from /home/airflow/.local/lib/python3.7/site-packages/airflow/example_dags/example_branch_datetime_operator.py
[2023-06-01T09:03:45.808+0000] {processor.py:753} INFO - DAG(s) dict_keys(['example_branch_datetime_operator_3', 'example_branch_datetime_operator_2', 'example_branch_datetime_operator']) retrieved from /home/airflow/.local/lib/python3.7/site-packages/airflow/example_dags/example_branch_datetime_operator.py
[2023-06-01T09:03:45.855+0000] {logging_mixin.py:137} INFO - [2023-06-01T09:03:45.855+0000] {dag.py:2690} INFO - Sync 3 DAGs
[2023-06-01T09:03:45.885+0000] {logging_mixin.py:137} INFO - [2023-06-01T09:03:45.884+0000] {dag.py:3441} INFO - Setting next_dagrun for example_branch_datetime_operator to 2023-05-31T00:00:00+00:00, run_after=2023-06-01T00:00:00+00:00
[2023-06-01T09:03:45.890+0000] {logging_mixin.py:137} INFO - [2023-06-01T09:03:45.890+0000] {dag.py:3441} INFO - Setting next_dagrun for example_branch_datetime_operator_2 to 2023-05-31T00:00:00+00:00, run_after=2023-06-01T00:00:00+00:00
[2023-06-01T09:03:45.893+0000] {logging_mixin.py:137} INFO - [2023-06-01T09:03:45.892+0000] {dag.py:3441} INFO - Setting next_dagrun for example_branch_datetime_operator_3 to 2023-05-31T00:00:00+00:00, run_after=2023-06-01T00:00:00+00:00
[2023-06-01T09:03:45.914+0000] {processor.py:175} INFO - Processing /home/airflow/.local/lib/python3.7/site-packages/airflow/example_dags/example_branch_datetime_operator.py took 0.129 seconds
[2023-06-01T09:04:16.573+0000] {processor.py:153} INFO - Started process (PID=3200) to work on /home/airflow/.local/lib/python3.7/site-packages/airflow/example_dags/example_branch_datetime_operator.py
[2023-06-01T09:04:16.573+0000] {processor.py:743} INFO - Processing file /home/airflow/.local/lib/python3.7/site-packages/airflow/example_dags/example_branch_datetime_operator.py for tasks to queue
[2023-06-01T09:04:16.574+0000] {logging_mixin.py:137} INFO - [2023-06-01T09:04:16.574+0000] {dagbag.py:538} INFO - Filling up the DagBag from /home/airflow/.local/lib/python3.7/site-packages/airflow/example_dags/example_branch_datetime_operator.py
[2023-06-01T09:04:16.591+0000] {processor.py:753} INFO - DAG(s) dict_keys(['example_branch_datetime_operator', 'example_branch_datetime_operator_3', 'example_branch_datetime_operator_2']) retrieved from /home/airflow/.local/lib/python3.7/site-packages/airflow/example_dags/example_branch_datetime_operator.py
[2023-06-01T09:04:16.622+0000] {logging_mixin.py:137} INFO - [2023-06-01T09:04:16.622+0000] {dag.py:2690} INFO - Sync 3 DAGs
[2023-06-01T09:04:16.651+0000] {logging_mixin.py:137} INFO - [2023-06-01T09:04:16.651+0000] {dag.py:3441} INFO - Setting next_dagrun for example_branch_datetime_operator to 2023-05-31T00:00:00+00:00, run_after=2023-06-01T00:00:00+00:00
[2023-06-01T09:04:16.659+0000] {logging_mixin.py:137} INFO - [2023-06-01T09:04:16.659+0000] {dag.py:3441} INFO - Setting next_dagrun for example_branch_datetime_operator_2 to 2023-05-31T00:00:00+00:00, run_after=2023-06-01T00:00:00+00:00
[2023-06-01T09:04:16.662+0000] {logging_mixin.py:137} INFO - [2023-06-01T09:04:16.662+0000] {dag.py:3441} INFO - Setting next_dagrun for example_branch_datetime_operator_3 to 2023-05-31T00:00:00+00:00, run_after=2023-06-01T00:00:00+00:00
[2023-06-01T09:04:16.685+0000] {processor.py:175} INFO - Processing /home/airflow/.local/lib/python3.7/site-packages/airflow/example_dags/example_branch_datetime_operator.py took 0.115 seconds
[2023-06-01T09:04:46.791+0000] {processor.py:153} INFO - Started process (PID=3287) to work on /home/airflow/.local/lib/python3.7/site-packages/airflow/example_dags/example_branch_datetime_operator.py
[2023-06-01T09:04:46.793+0000] {processor.py:743} INFO - Processing file /home/airflow/.local/lib/python3.7/site-packages/airflow/example_dags/example_branch_datetime_operator.py for tasks to queue
[2023-06-01T09:04:46.794+0000] {logging_mixin.py:137} INFO - [2023-06-01T09:04:46.794+0000] {dagbag.py:538} INFO - Filling up the DagBag from /home/airflow/.local/lib/python3.7/site-packages/airflow/example_dags/example_branch_datetime_operator.py
[2023-06-01T09:04:46.814+0000] {processor.py:753} INFO - DAG(s) dict_keys(['example_branch_datetime_operator_2', 'example_branch_datetime_operator_3', 'example_branch_datetime_operator']) retrieved from /home/airflow/.local/lib/python3.7/site-packages/airflow/example_dags/example_branch_datetime_operator.py
[2023-06-01T09:04:46.852+0000] {logging_mixin.py:137} INFO - [2023-06-01T09:04:46.852+0000] {dag.py:2690} INFO - Sync 3 DAGs
[2023-06-01T09:04:46.882+0000] {logging_mixin.py:137} INFO - [2023-06-01T09:04:46.882+0000] {dag.py:3441} INFO - Setting next_dagrun for example_branch_datetime_operator to 2023-05-31T00:00:00+00:00, run_after=2023-06-01T00:00:00+00:00
[2023-06-01T09:04:46.887+0000] {logging_mixin.py:137} INFO - [2023-06-01T09:04:46.887+0000] {dag.py:3441} INFO - Setting next_dagrun for example_branch_datetime_operator_2 to 2023-05-31T00:00:00+00:00, run_after=2023-06-01T00:00:00+00:00
[2023-06-01T09:04:46.890+0000] {logging_mixin.py:137} INFO - [2023-06-01T09:04:46.890+0000] {dag.py:3441} INFO - Setting next_dagrun for example_branch_datetime_operator_3 to 2023-05-31T00:00:00+00:00, run_after=2023-06-01T00:00:00+00:00
[2023-06-01T09:04:46.909+0000] {processor.py:175} INFO - Processing /home/airflow/.local/lib/python3.7/site-packages/airflow/example_dags/example_branch_datetime_operator.py took 0.121 seconds
[2023-06-01T09:05:17.730+0000] {processor.py:153} INFO - Started process (PID=3374) to work on /home/airflow/.local/lib/python3.7/site-packages/airflow/example_dags/example_branch_datetime_operator.py
[2023-06-01T09:05:17.731+0000] {processor.py:743} INFO - Processing file /home/airflow/.local/lib/python3.7/site-packages/airflow/example_dags/example_branch_datetime_operator.py for tasks to queue
[2023-06-01T09:05:17.732+0000] {logging_mixin.py:137} INFO - [2023-06-01T09:05:17.732+0000] {dagbag.py:538} INFO - Filling up the DagBag from /home/airflow/.local/lib/python3.7/site-packages/airflow/example_dags/example_branch_datetime_operator.py
[2023-06-01T09:05:17.755+0000] {processor.py:753} INFO - DAG(s) dict_keys(['example_branch_datetime_operator_2', 'example_branch_datetime_operator', 'example_branch_datetime_operator_3']) retrieved from /home/airflow/.local/lib/python3.7/site-packages/airflow/example_dags/example_branch_datetime_operator.py
[2023-06-01T09:05:17.815+0000] {logging_mixin.py:137} INFO - [2023-06-01T09:05:17.815+0000] {dag.py:2690} INFO - Sync 3 DAGs
[2023-06-01T09:05:17.860+0000] {logging_mixin.py:137} INFO - [2023-06-01T09:05:17.859+0000] {dag.py:3441} INFO - Setting next_dagrun for example_branch_datetime_operator to 2023-05-31T00:00:00+00:00, run_after=2023-06-01T00:00:00+00:00
[2023-06-01T09:05:17.869+0000] {logging_mixin.py:137} INFO - [2023-06-01T09:05:17.868+0000] {dag.py:3441} INFO - Setting next_dagrun for example_branch_datetime_operator_2 to 2023-05-31T00:00:00+00:00, run_after=2023-06-01T00:00:00+00:00
[2023-06-01T09:05:17.872+0000] {logging_mixin.py:137} INFO - [2023-06-01T09:05:17.872+0000] {dag.py:3441} INFO - Setting next_dagrun for example_branch_datetime_operator_3 to 2023-05-31T00:00:00+00:00, run_after=2023-06-01T00:00:00+00:00
[2023-06-01T09:05:17.914+0000] {processor.py:175} INFO - Processing /home/airflow/.local/lib/python3.7/site-packages/airflow/example_dags/example_branch_datetime_operator.py took 0.188 seconds
[2023-06-01T09:05:48.393+0000] {processor.py:153} INFO - Started process (PID=3461) to work on /home/airflow/.local/lib/python3.7/site-packages/airflow/example_dags/example_branch_datetime_operator.py
[2023-06-01T09:05:48.395+0000] {processor.py:743} INFO - Processing file /home/airflow/.local/lib/python3.7/site-packages/airflow/example_dags/example_branch_datetime_operator.py for tasks to queue
[2023-06-01T09:05:48.396+0000] {logging_mixin.py:137} INFO - [2023-06-01T09:05:48.396+0000] {dagbag.py:538} INFO - Filling up the DagBag from /home/airflow/.local/lib/python3.7/site-packages/airflow/example_dags/example_branch_datetime_operator.py
[2023-06-01T09:05:48.418+0000] {processor.py:753} INFO - DAG(s) dict_keys(['example_branch_datetime_operator_3', 'example_branch_datetime_operator', 'example_branch_datetime_operator_2']) retrieved from /home/airflow/.local/lib/python3.7/site-packages/airflow/example_dags/example_branch_datetime_operator.py
[2023-06-01T09:05:48.475+0000] {logging_mixin.py:137} INFO - [2023-06-01T09:05:48.474+0000] {dag.py:2690} INFO - Sync 3 DAGs
[2023-06-01T09:05:48.525+0000] {logging_mixin.py:137} INFO - [2023-06-01T09:05:48.524+0000] {dag.py:3441} INFO - Setting next_dagrun for example_branch_datetime_operator to 2023-05-31T00:00:00+00:00, run_after=2023-06-01T00:00:00+00:00
[2023-06-01T09:05:48.532+0000] {logging_mixin.py:137} INFO - [2023-06-01T09:05:48.532+0000] {dag.py:3441} INFO - Setting next_dagrun for example_branch_datetime_operator_2 to 2023-05-31T00:00:00+00:00, run_after=2023-06-01T00:00:00+00:00
[2023-06-01T09:05:48.537+0000] {logging_mixin.py:137} INFO - [2023-06-01T09:05:48.537+0000] {dag.py:3441} INFO - Setting next_dagrun for example_branch_datetime_operator_3 to 2023-05-31T00:00:00+00:00, run_after=2023-06-01T00:00:00+00:00
[2023-06-01T09:05:48.572+0000] {processor.py:175} INFO - Processing /home/airflow/.local/lib/python3.7/site-packages/airflow/example_dags/example_branch_datetime_operator.py took 0.183 seconds
[2023-06-01T09:06:18.806+0000] {processor.py:153} INFO - Started process (PID=3557) to work on /home/airflow/.local/lib/python3.7/site-packages/airflow/example_dags/example_branch_datetime_operator.py
[2023-06-01T09:06:18.807+0000] {processor.py:743} INFO - Processing file /home/airflow/.local/lib/python3.7/site-packages/airflow/example_dags/example_branch_datetime_operator.py for tasks to queue
[2023-06-01T09:06:18.808+0000] {logging_mixin.py:137} INFO - [2023-06-01T09:06:18.808+0000] {dagbag.py:538} INFO - Filling up the DagBag from /home/airflow/.local/lib/python3.7/site-packages/airflow/example_dags/example_branch_datetime_operator.py
[2023-06-01T09:06:18.828+0000] {processor.py:753} INFO - DAG(s) dict_keys(['example_branch_datetime_operator_3', 'example_branch_datetime_operator_2', 'example_branch_datetime_operator']) retrieved from /home/airflow/.local/lib/python3.7/site-packages/airflow/example_dags/example_branch_datetime_operator.py
[2023-06-01T09:06:18.887+0000] {logging_mixin.py:137} INFO - [2023-06-01T09:06:18.887+0000] {dag.py:2690} INFO - Sync 3 DAGs
[2023-06-01T09:06:18.922+0000] {logging_mixin.py:137} INFO - [2023-06-01T09:06:18.922+0000] {dag.py:3441} INFO - Setting next_dagrun for example_branch_datetime_operator to 2023-05-31T00:00:00+00:00, run_after=2023-06-01T00:00:00+00:00
[2023-06-01T09:06:18.934+0000] {logging_mixin.py:137} INFO - [2023-06-01T09:06:18.933+0000] {dag.py:3441} INFO - Setting next_dagrun for example_branch_datetime_operator_2 to 2023-05-31T00:00:00+00:00, run_after=2023-06-01T00:00:00+00:00
[2023-06-01T09:06:18.938+0000] {logging_mixin.py:137} INFO - [2023-06-01T09:06:18.938+0000] {dag.py:3441} INFO - Setting next_dagrun for example_branch_datetime_operator_3 to 2023-05-31T00:00:00+00:00, run_after=2023-06-01T00:00:00+00:00
[2023-06-01T09:06:18.967+0000] {processor.py:175} INFO - Processing /home/airflow/.local/lib/python3.7/site-packages/airflow/example_dags/example_branch_datetime_operator.py took 0.165 seconds
[2023-06-01T09:06:49.431+0000] {processor.py:153} INFO - Started process (PID=3659) to work on /home/airflow/.local/lib/python3.7/site-packages/airflow/example_dags/example_branch_datetime_operator.py
[2023-06-01T09:06:49.434+0000] {processor.py:743} INFO - Processing file /home/airflow/.local/lib/python3.7/site-packages/airflow/example_dags/example_branch_datetime_operator.py for tasks to queue
[2023-06-01T09:06:49.435+0000] {logging_mixin.py:137} INFO - [2023-06-01T09:06:49.435+0000] {dagbag.py:538} INFO - Filling up the DagBag from /home/airflow/.local/lib/python3.7/site-packages/airflow/example_dags/example_branch_datetime_operator.py
[2023-06-01T09:06:49.458+0000] {processor.py:753} INFO - DAG(s) dict_keys(['example_branch_datetime_operator_2', 'example_branch_datetime_operator_3', 'example_branch_datetime_operator']) retrieved from /home/airflow/.local/lib/python3.7/site-packages/airflow/example_dags/example_branch_datetime_operator.py
[2023-06-01T09:06:49.512+0000] {logging_mixin.py:137} INFO - [2023-06-01T09:06:49.512+0000] {dag.py:2690} INFO - Sync 3 DAGs
[2023-06-01T09:06:49.550+0000] {logging_mixin.py:137} INFO - [2023-06-01T09:06:49.549+0000] {dag.py:3441} INFO - Setting next_dagrun for example_branch_datetime_operator to 2023-05-31T00:00:00+00:00, run_after=2023-06-01T00:00:00+00:00
[2023-06-01T09:06:49.556+0000] {logging_mixin.py:137} INFO - [2023-06-01T09:06:49.555+0000] {dag.py:3441} INFO - Setting next_dagrun for example_branch_datetime_operator_2 to 2023-05-31T00:00:00+00:00, run_after=2023-06-01T00:00:00+00:00
[2023-06-01T09:06:49.558+0000] {logging_mixin.py:137} INFO - [2023-06-01T09:06:49.558+0000] {dag.py:3441} INFO - Setting next_dagrun for example_branch_datetime_operator_3 to 2023-05-31T00:00:00+00:00, run_after=2023-06-01T00:00:00+00:00
[2023-06-01T09:06:49.588+0000] {processor.py:175} INFO - Processing /home/airflow/.local/lib/python3.7/site-packages/airflow/example_dags/example_branch_datetime_operator.py took 0.162 seconds
[2023-06-01T09:07:20.344+0000] {processor.py:153} INFO - Started process (PID=3746) to work on /home/airflow/.local/lib/python3.7/site-packages/airflow/example_dags/example_branch_datetime_operator.py
[2023-06-01T09:07:20.345+0000] {processor.py:743} INFO - Processing file /home/airflow/.local/lib/python3.7/site-packages/airflow/example_dags/example_branch_datetime_operator.py for tasks to queue
[2023-06-01T09:07:20.347+0000] {logging_mixin.py:137} INFO - [2023-06-01T09:07:20.346+0000] {dagbag.py:538} INFO - Filling up the DagBag from /home/airflow/.local/lib/python3.7/site-packages/airflow/example_dags/example_branch_datetime_operator.py
[2023-06-01T09:07:20.368+0000] {processor.py:753} INFO - DAG(s) dict_keys(['example_branch_datetime_operator_3', 'example_branch_datetime_operator_2', 'example_branch_datetime_operator']) retrieved from /home/airflow/.local/lib/python3.7/site-packages/airflow/example_dags/example_branch_datetime_operator.py
[2023-06-01T09:07:20.409+0000] {logging_mixin.py:137} INFO - [2023-06-01T09:07:20.408+0000] {dag.py:2690} INFO - Sync 3 DAGs
[2023-06-01T09:07:20.439+0000] {logging_mixin.py:137} INFO - [2023-06-01T09:07:20.439+0000] {dag.py:3441} INFO - Setting next_dagrun for example_branch_datetime_operator to 2023-05-31T00:00:00+00:00, run_after=2023-06-01T00:00:00+00:00
[2023-06-01T09:07:20.445+0000] {logging_mixin.py:137} INFO - [2023-06-01T09:07:20.445+0000] {dag.py:3441} INFO - Setting next_dagrun for example_branch_datetime_operator_2 to 2023-05-31T00:00:00+00:00, run_after=2023-06-01T00:00:00+00:00
[2023-06-01T09:07:20.448+0000] {logging_mixin.py:137} INFO - [2023-06-01T09:07:20.448+0000] {dag.py:3441} INFO - Setting next_dagrun for example_branch_datetime_operator_3 to 2023-05-31T00:00:00+00:00, run_after=2023-06-01T00:00:00+00:00
[2023-06-01T09:07:20.483+0000] {processor.py:175} INFO - Processing /home/airflow/.local/lib/python3.7/site-packages/airflow/example_dags/example_branch_datetime_operator.py took 0.143 seconds
[2023-06-01T09:07:51.277+0000] {processor.py:153} INFO - Started process (PID=3833) to work on /home/airflow/.local/lib/python3.7/site-packages/airflow/example_dags/example_branch_datetime_operator.py
[2023-06-01T09:07:51.279+0000] {processor.py:743} INFO - Processing file /home/airflow/.local/lib/python3.7/site-packages/airflow/example_dags/example_branch_datetime_operator.py for tasks to queue
[2023-06-01T09:07:51.280+0000] {logging_mixin.py:137} INFO - [2023-06-01T09:07:51.280+0000] {dagbag.py:538} INFO - Filling up the DagBag from /home/airflow/.local/lib/python3.7/site-packages/airflow/example_dags/example_branch_datetime_operator.py
[2023-06-01T09:07:51.300+0000] {processor.py:753} INFO - DAG(s) dict_keys(['example_branch_datetime_operator_3', 'example_branch_datetime_operator', 'example_branch_datetime_operator_2']) retrieved from /home/airflow/.local/lib/python3.7/site-packages/airflow/example_dags/example_branch_datetime_operator.py
[2023-06-01T09:07:51.346+0000] {logging_mixin.py:137} INFO - [2023-06-01T09:07:51.345+0000] {dag.py:2690} INFO - Sync 3 DAGs
[2023-06-01T09:07:51.382+0000] {logging_mixin.py:137} INFO - [2023-06-01T09:07:51.382+0000] {dag.py:3441} INFO - Setting next_dagrun for example_branch_datetime_operator to 2023-05-31T00:00:00+00:00, run_after=2023-06-01T00:00:00+00:00
[2023-06-01T09:07:51.388+0000] {logging_mixin.py:137} INFO - [2023-06-01T09:07:51.388+0000] {dag.py:3441} INFO - Setting next_dagrun for example_branch_datetime_operator_2 to 2023-05-31T00:00:00+00:00, run_after=2023-06-01T00:00:00+00:00
[2023-06-01T09:07:51.391+0000] {logging_mixin.py:137} INFO - [2023-06-01T09:07:51.391+0000] {dag.py:3441} INFO - Setting next_dagrun for example_branch_datetime_operator_3 to 2023-05-31T00:00:00+00:00, run_after=2023-06-01T00:00:00+00:00
[2023-06-01T09:07:51.416+0000] {processor.py:175} INFO - Processing /home/airflow/.local/lib/python3.7/site-packages/airflow/example_dags/example_branch_datetime_operator.py took 0.142 seconds
[2023-06-01T09:08:22.098+0000] {processor.py:153} INFO - Started process (PID=3927) to work on /home/airflow/.local/lib/python3.7/site-packages/airflow/example_dags/example_branch_datetime_operator.py
[2023-06-01T09:08:22.098+0000] {processor.py:743} INFO - Processing file /home/airflow/.local/lib/python3.7/site-packages/airflow/example_dags/example_branch_datetime_operator.py for tasks to queue
[2023-06-01T09:08:22.100+0000] {logging_mixin.py:137} INFO - [2023-06-01T09:08:22.100+0000] {dagbag.py:538} INFO - Filling up the DagBag from /home/airflow/.local/lib/python3.7/site-packages/airflow/example_dags/example_branch_datetime_operator.py
[2023-06-01T09:08:22.122+0000] {processor.py:753} INFO - DAG(s) dict_keys(['example_branch_datetime_operator', 'example_branch_datetime_operator_2', 'example_branch_datetime_operator_3']) retrieved from /home/airflow/.local/lib/python3.7/site-packages/airflow/example_dags/example_branch_datetime_operator.py
[2023-06-01T09:08:22.167+0000] {logging_mixin.py:137} INFO - [2023-06-01T09:08:22.167+0000] {dag.py:2690} INFO - Sync 3 DAGs
[2023-06-01T09:08:22.200+0000] {logging_mixin.py:137} INFO - [2023-06-01T09:08:22.200+0000] {dag.py:3441} INFO - Setting next_dagrun for example_branch_datetime_operator to 2023-05-31T00:00:00+00:00, run_after=2023-06-01T00:00:00+00:00
[2023-06-01T09:08:22.209+0000] {logging_mixin.py:137} INFO - [2023-06-01T09:08:22.208+0000] {dag.py:3441} INFO - Setting next_dagrun for example_branch_datetime_operator_2 to 2023-05-31T00:00:00+00:00, run_after=2023-06-01T00:00:00+00:00
[2023-06-01T09:08:22.212+0000] {logging_mixin.py:137} INFO - [2023-06-01T09:08:22.212+0000] {dag.py:3441} INFO - Setting next_dagrun for example_branch_datetime_operator_3 to 2023-05-31T00:00:00+00:00, run_after=2023-06-01T00:00:00+00:00
[2023-06-01T09:08:22.243+0000] {processor.py:175} INFO - Processing /home/airflow/.local/lib/python3.7/site-packages/airflow/example_dags/example_branch_datetime_operator.py took 0.149 seconds
[2023-06-01T09:08:52.943+0000] {processor.py:153} INFO - Started process (PID=4031) to work on /home/airflow/.local/lib/python3.7/site-packages/airflow/example_dags/example_branch_datetime_operator.py
[2023-06-01T09:08:52.945+0000] {processor.py:743} INFO - Processing file /home/airflow/.local/lib/python3.7/site-packages/airflow/example_dags/example_branch_datetime_operator.py for tasks to queue
[2023-06-01T09:08:52.945+0000] {logging_mixin.py:137} INFO - [2023-06-01T09:08:52.945+0000] {dagbag.py:538} INFO - Filling up the DagBag from /home/airflow/.local/lib/python3.7/site-packages/airflow/example_dags/example_branch_datetime_operator.py
[2023-06-01T09:08:52.968+0000] {processor.py:753} INFO - DAG(s) dict_keys(['example_branch_datetime_operator_2', 'example_branch_datetime_operator', 'example_branch_datetime_operator_3']) retrieved from /home/airflow/.local/lib/python3.7/site-packages/airflow/example_dags/example_branch_datetime_operator.py
[2023-06-01T09:08:53.007+0000] {logging_mixin.py:137} INFO - [2023-06-01T09:08:53.007+0000] {dag.py:2690} INFO - Sync 3 DAGs
[2023-06-01T09:08:53.041+0000] {logging_mixin.py:137} INFO - [2023-06-01T09:08:53.040+0000] {dag.py:3441} INFO - Setting next_dagrun for example_branch_datetime_operator to 2023-05-31T00:00:00+00:00, run_after=2023-06-01T00:00:00+00:00
[2023-06-01T09:08:53.046+0000] {logging_mixin.py:137} INFO - [2023-06-01T09:08:53.046+0000] {dag.py:3441} INFO - Setting next_dagrun for example_branch_datetime_operator_2 to 2023-05-31T00:00:00+00:00, run_after=2023-06-01T00:00:00+00:00
[2023-06-01T09:08:53.049+0000] {logging_mixin.py:137} INFO - [2023-06-01T09:08:53.049+0000] {dag.py:3441} INFO - Setting next_dagrun for example_branch_datetime_operator_3 to 2023-05-31T00:00:00+00:00, run_after=2023-06-01T00:00:00+00:00
[2023-06-01T09:08:53.068+0000] {processor.py:175} INFO - Processing /home/airflow/.local/lib/python3.7/site-packages/airflow/example_dags/example_branch_datetime_operator.py took 0.130 seconds
[2023-06-01T09:09:23.322+0000] {processor.py:153} INFO - Started process (PID=4118) to work on /home/airflow/.local/lib/python3.7/site-packages/airflow/example_dags/example_branch_datetime_operator.py
[2023-06-01T09:09:23.323+0000] {processor.py:743} INFO - Processing file /home/airflow/.local/lib/python3.7/site-packages/airflow/example_dags/example_branch_datetime_operator.py for tasks to queue
[2023-06-01T09:09:23.324+0000] {logging_mixin.py:137} INFO - [2023-06-01T09:09:23.323+0000] {dagbag.py:538} INFO - Filling up the DagBag from /home/airflow/.local/lib/python3.7/site-packages/airflow/example_dags/example_branch_datetime_operator.py
[2023-06-01T09:09:23.342+0000] {processor.py:753} INFO - DAG(s) dict_keys(['example_branch_datetime_operator_2', 'example_branch_datetime_operator', 'example_branch_datetime_operator_3']) retrieved from /home/airflow/.local/lib/python3.7/site-packages/airflow/example_dags/example_branch_datetime_operator.py
[2023-06-01T09:09:23.383+0000] {logging_mixin.py:137} INFO - [2023-06-01T09:09:23.383+0000] {dag.py:2690} INFO - Sync 3 DAGs
[2023-06-01T09:09:23.418+0000] {logging_mixin.py:137} INFO - [2023-06-01T09:09:23.417+0000] {dag.py:3441} INFO - Setting next_dagrun for example_branch_datetime_operator to 2023-05-31T00:00:00+00:00, run_after=2023-06-01T00:00:00+00:00
[2023-06-01T09:09:23.426+0000] {logging_mixin.py:137} INFO - [2023-06-01T09:09:23.425+0000] {dag.py:3441} INFO - Setting next_dagrun for example_branch_datetime_operator_2 to 2023-05-31T00:00:00+00:00, run_after=2023-06-01T00:00:00+00:00
[2023-06-01T09:09:23.430+0000] {logging_mixin.py:137} INFO - [2023-06-01T09:09:23.430+0000] {dag.py:3441} INFO - Setting next_dagrun for example_branch_datetime_operator_3 to 2023-05-31T00:00:00+00:00, run_after=2023-06-01T00:00:00+00:00
[2023-06-01T09:09:23.455+0000] {processor.py:175} INFO - Processing /home/airflow/.local/lib/python3.7/site-packages/airflow/example_dags/example_branch_datetime_operator.py took 0.137 seconds
[2023-06-01T09:09:53.838+0000] {processor.py:153} INFO - Started process (PID=4205) to work on /home/airflow/.local/lib/python3.7/site-packages/airflow/example_dags/example_branch_datetime_operator.py
[2023-06-01T09:09:53.840+0000] {processor.py:743} INFO - Processing file /home/airflow/.local/lib/python3.7/site-packages/airflow/example_dags/example_branch_datetime_operator.py for tasks to queue
[2023-06-01T09:09:53.840+0000] {logging_mixin.py:137} INFO - [2023-06-01T09:09:53.840+0000] {dagbag.py:538} INFO - Filling up the DagBag from /home/airflow/.local/lib/python3.7/site-packages/airflow/example_dags/example_branch_datetime_operator.py
[2023-06-01T09:09:53.860+0000] {processor.py:753} INFO - DAG(s) dict_keys(['example_branch_datetime_operator', 'example_branch_datetime_operator_3', 'example_branch_datetime_operator_2']) retrieved from /home/airflow/.local/lib/python3.7/site-packages/airflow/example_dags/example_branch_datetime_operator.py
[2023-06-01T09:09:53.903+0000] {logging_mixin.py:137} INFO - [2023-06-01T09:09:53.903+0000] {dag.py:2690} INFO - Sync 3 DAGs
[2023-06-01T09:09:53.933+0000] {logging_mixin.py:137} INFO - [2023-06-01T09:09:53.933+0000] {dag.py:3441} INFO - Setting next_dagrun for example_branch_datetime_operator to 2023-05-31T00:00:00+00:00, run_after=2023-06-01T00:00:00+00:00
[2023-06-01T09:09:53.938+0000] {logging_mixin.py:137} INFO - [2023-06-01T09:09:53.938+0000] {dag.py:3441} INFO - Setting next_dagrun for example_branch_datetime_operator_2 to 2023-05-31T00:00:00+00:00, run_after=2023-06-01T00:00:00+00:00
[2023-06-01T09:09:53.941+0000] {logging_mixin.py:137} INFO - [2023-06-01T09:09:53.940+0000] {dag.py:3441} INFO - Setting next_dagrun for example_branch_datetime_operator_3 to 2023-05-31T00:00:00+00:00, run_after=2023-06-01T00:00:00+00:00
[2023-06-01T09:09:53.964+0000] {processor.py:175} INFO - Processing /home/airflow/.local/lib/python3.7/site-packages/airflow/example_dags/example_branch_datetime_operator.py took 0.130 seconds
[2023-06-01T09:10:24.862+0000] {processor.py:153} INFO - Started process (PID=4301) to work on /home/airflow/.local/lib/python3.7/site-packages/airflow/example_dags/example_branch_datetime_operator.py
[2023-06-01T09:10:24.862+0000] {processor.py:743} INFO - Processing file /home/airflow/.local/lib/python3.7/site-packages/airflow/example_dags/example_branch_datetime_operator.py for tasks to queue
[2023-06-01T09:10:24.863+0000] {logging_mixin.py:137} INFO - [2023-06-01T09:10:24.863+0000] {dagbag.py:538} INFO - Filling up the DagBag from /home/airflow/.local/lib/python3.7/site-packages/airflow/example_dags/example_branch_datetime_operator.py
[2023-06-01T09:10:24.882+0000] {processor.py:753} INFO - DAG(s) dict_keys(['example_branch_datetime_operator_2', 'example_branch_datetime_operator', 'example_branch_datetime_operator_3']) retrieved from /home/airflow/.local/lib/python3.7/site-packages/airflow/example_dags/example_branch_datetime_operator.py
[2023-06-01T09:10:24.920+0000] {logging_mixin.py:137} INFO - [2023-06-01T09:10:24.920+0000] {dag.py:2690} INFO - Sync 3 DAGs
[2023-06-01T09:10:24.947+0000] {logging_mixin.py:137} INFO - [2023-06-01T09:10:24.947+0000] {dag.py:3441} INFO - Setting next_dagrun for example_branch_datetime_operator to 2023-05-31T00:00:00+00:00, run_after=2023-06-01T00:00:00+00:00
[2023-06-01T09:10:24.951+0000] {logging_mixin.py:137} INFO - [2023-06-01T09:10:24.951+0000] {dag.py:3441} INFO - Setting next_dagrun for example_branch_datetime_operator_2 to 2023-05-31T00:00:00+00:00, run_after=2023-06-01T00:00:00+00:00
[2023-06-01T09:10:24.954+0000] {logging_mixin.py:137} INFO - [2023-06-01T09:10:24.953+0000] {dag.py:3441} INFO - Setting next_dagrun for example_branch_datetime_operator_3 to 2023-05-31T00:00:00+00:00, run_after=2023-06-01T00:00:00+00:00
[2023-06-01T09:10:24.972+0000] {processor.py:175} INFO - Processing /home/airflow/.local/lib/python3.7/site-packages/airflow/example_dags/example_branch_datetime_operator.py took 0.114 seconds
[2023-06-01T09:10:55.303+0000] {processor.py:153} INFO - Started process (PID=4403) to work on /home/airflow/.local/lib/python3.7/site-packages/airflow/example_dags/example_branch_datetime_operator.py
[2023-06-01T09:10:55.305+0000] {processor.py:743} INFO - Processing file /home/airflow/.local/lib/python3.7/site-packages/airflow/example_dags/example_branch_datetime_operator.py for tasks to queue
[2023-06-01T09:10:55.306+0000] {logging_mixin.py:137} INFO - [2023-06-01T09:10:55.305+0000] {dagbag.py:538} INFO - Filling up the DagBag from /home/airflow/.local/lib/python3.7/site-packages/airflow/example_dags/example_branch_datetime_operator.py
[2023-06-01T09:10:55.323+0000] {processor.py:753} INFO - DAG(s) dict_keys(['example_branch_datetime_operator_3', 'example_branch_datetime_operator', 'example_branch_datetime_operator_2']) retrieved from /home/airflow/.local/lib/python3.7/site-packages/airflow/example_dags/example_branch_datetime_operator.py
[2023-06-01T09:10:55.367+0000] {logging_mixin.py:137} INFO - [2023-06-01T09:10:55.366+0000] {dag.py:2690} INFO - Sync 3 DAGs
[2023-06-01T09:10:55.399+0000] {logging_mixin.py:137} INFO - [2023-06-01T09:10:55.399+0000] {dag.py:3441} INFO - Setting next_dagrun for example_branch_datetime_operator to 2023-05-31T00:00:00+00:00, run_after=2023-06-01T00:00:00+00:00
[2023-06-01T09:10:55.403+0000] {logging_mixin.py:137} INFO - [2023-06-01T09:10:55.403+0000] {dag.py:3441} INFO - Setting next_dagrun for example_branch_datetime_operator_2 to 2023-05-31T00:00:00+00:00, run_after=2023-06-01T00:00:00+00:00
[2023-06-01T09:10:55.405+0000] {logging_mixin.py:137} INFO - [2023-06-01T09:10:55.405+0000] {dag.py:3441} INFO - Setting next_dagrun for example_branch_datetime_operator_3 to 2023-05-31T00:00:00+00:00, run_after=2023-06-01T00:00:00+00:00
[2023-06-01T09:10:55.425+0000] {processor.py:175} INFO - Processing /home/airflow/.local/lib/python3.7/site-packages/airflow/example_dags/example_branch_datetime_operator.py took 0.125 seconds
[2023-06-01T09:11:25.568+0000] {processor.py:153} INFO - Started process (PID=4490) to work on /home/airflow/.local/lib/python3.7/site-packages/airflow/example_dags/example_branch_datetime_operator.py
[2023-06-01T09:11:25.569+0000] {processor.py:743} INFO - Processing file /home/airflow/.local/lib/python3.7/site-packages/airflow/example_dags/example_branch_datetime_operator.py for tasks to queue
[2023-06-01T09:11:25.569+0000] {logging_mixin.py:137} INFO - [2023-06-01T09:11:25.569+0000] {dagbag.py:538} INFO - Filling up the DagBag from /home/airflow/.local/lib/python3.7/site-packages/airflow/example_dags/example_branch_datetime_operator.py
[2023-06-01T09:11:25.586+0000] {processor.py:753} INFO - DAG(s) dict_keys(['example_branch_datetime_operator_2', 'example_branch_datetime_operator_3', 'example_branch_datetime_operator']) retrieved from /home/airflow/.local/lib/python3.7/site-packages/airflow/example_dags/example_branch_datetime_operator.py
[2023-06-01T09:11:25.613+0000] {logging_mixin.py:137} INFO - [2023-06-01T09:11:25.612+0000] {dag.py:2690} INFO - Sync 3 DAGs
[2023-06-01T09:11:25.636+0000] {logging_mixin.py:137} INFO - [2023-06-01T09:11:25.636+0000] {dag.py:3441} INFO - Setting next_dagrun for example_branch_datetime_operator to 2023-05-31T00:00:00+00:00, run_after=2023-06-01T00:00:00+00:00
[2023-06-01T09:11:25.642+0000] {logging_mixin.py:137} INFO - [2023-06-01T09:11:25.642+0000] {dag.py:3441} INFO - Setting next_dagrun for example_branch_datetime_operator_2 to 2023-05-31T00:00:00+00:00, run_after=2023-06-01T00:00:00+00:00
[2023-06-01T09:11:25.644+0000] {logging_mixin.py:137} INFO - [2023-06-01T09:11:25.644+0000] {dag.py:3441} INFO - Setting next_dagrun for example_branch_datetime_operator_3 to 2023-05-31T00:00:00+00:00, run_after=2023-06-01T00:00:00+00:00
[2023-06-01T09:11:25.664+0000] {processor.py:175} INFO - Processing /home/airflow/.local/lib/python3.7/site-packages/airflow/example_dags/example_branch_datetime_operator.py took 0.099 seconds
[2023-06-01T09:11:55.899+0000] {processor.py:153} INFO - Started process (PID=4577) to work on /home/airflow/.local/lib/python3.7/site-packages/airflow/example_dags/example_branch_datetime_operator.py
[2023-06-01T09:11:55.900+0000] {processor.py:743} INFO - Processing file /home/airflow/.local/lib/python3.7/site-packages/airflow/example_dags/example_branch_datetime_operator.py for tasks to queue
[2023-06-01T09:11:55.902+0000] {logging_mixin.py:137} INFO - [2023-06-01T09:11:55.902+0000] {dagbag.py:538} INFO - Filling up the DagBag from /home/airflow/.local/lib/python3.7/site-packages/airflow/example_dags/example_branch_datetime_operator.py
[2023-06-01T09:11:55.923+0000] {processor.py:753} INFO - DAG(s) dict_keys(['example_branch_datetime_operator', 'example_branch_datetime_operator_3', 'example_branch_datetime_operator_2']) retrieved from /home/airflow/.local/lib/python3.7/site-packages/airflow/example_dags/example_branch_datetime_operator.py
[2023-06-01T09:11:55.964+0000] {logging_mixin.py:137} INFO - [2023-06-01T09:11:55.964+0000] {dag.py:2690} INFO - Sync 3 DAGs
[2023-06-01T09:11:56.004+0000] {logging_mixin.py:137} INFO - [2023-06-01T09:11:56.003+0000] {dag.py:3441} INFO - Setting next_dagrun for example_branch_datetime_operator to 2023-05-31T00:00:00+00:00, run_after=2023-06-01T00:00:00+00:00
[2023-06-01T09:11:56.010+0000] {logging_mixin.py:137} INFO - [2023-06-01T09:11:56.010+0000] {dag.py:3441} INFO - Setting next_dagrun for example_branch_datetime_operator_2 to 2023-05-31T00:00:00+00:00, run_after=2023-06-01T00:00:00+00:00
[2023-06-01T09:11:56.013+0000] {logging_mixin.py:137} INFO - [2023-06-01T09:11:56.013+0000] {dag.py:3441} INFO - Setting next_dagrun for example_branch_datetime_operator_3 to 2023-05-31T00:00:00+00:00, run_after=2023-06-01T00:00:00+00:00
[2023-06-01T09:11:56.035+0000] {processor.py:175} INFO - Processing /home/airflow/.local/lib/python3.7/site-packages/airflow/example_dags/example_branch_datetime_operator.py took 0.140 seconds
[2023-06-01T09:12:26.417+0000] {processor.py:153} INFO - Started process (PID=4688) to work on /home/airflow/.local/lib/python3.7/site-packages/airflow/example_dags/example_branch_datetime_operator.py
[2023-06-01T09:12:26.419+0000] {processor.py:743} INFO - Processing file /home/airflow/.local/lib/python3.7/site-packages/airflow/example_dags/example_branch_datetime_operator.py for tasks to queue
[2023-06-01T09:12:26.419+0000] {logging_mixin.py:137} INFO - [2023-06-01T09:12:26.419+0000] {dagbag.py:538} INFO - Filling up the DagBag from /home/airflow/.local/lib/python3.7/site-packages/airflow/example_dags/example_branch_datetime_operator.py
[2023-06-01T09:12:26.438+0000] {processor.py:753} INFO - DAG(s) dict_keys(['example_branch_datetime_operator_3', 'example_branch_datetime_operator_2', 'example_branch_datetime_operator']) retrieved from /home/airflow/.local/lib/python3.7/site-packages/airflow/example_dags/example_branch_datetime_operator.py
[2023-06-01T09:12:26.520+0000] {logging_mixin.py:137} INFO - [2023-06-01T09:12:26.520+0000] {dag.py:2690} INFO - Sync 3 DAGs
[2023-06-01T09:12:26.545+0000] {logging_mixin.py:137} INFO - [2023-06-01T09:12:26.545+0000] {dag.py:3441} INFO - Setting next_dagrun for example_branch_datetime_operator to 2023-05-31T00:00:00+00:00, run_after=2023-06-01T00:00:00+00:00
[2023-06-01T09:12:26.549+0000] {logging_mixin.py:137} INFO - [2023-06-01T09:12:26.549+0000] {dag.py:3441} INFO - Setting next_dagrun for example_branch_datetime_operator_2 to 2023-05-31T00:00:00+00:00, run_after=2023-06-01T00:00:00+00:00
[2023-06-01T09:12:26.551+0000] {logging_mixin.py:137} INFO - [2023-06-01T09:12:26.551+0000] {dag.py:3441} INFO - Setting next_dagrun for example_branch_datetime_operator_3 to 2023-05-31T00:00:00+00:00, run_after=2023-06-01T00:00:00+00:00
[2023-06-01T09:12:26.585+0000] {processor.py:175} INFO - Processing /home/airflow/.local/lib/python3.7/site-packages/airflow/example_dags/example_branch_datetime_operator.py took 0.170 seconds
