[2023-06-01T08:47:26.584+0000] {processor.py:153} INFO - Started process (PID=111) to work on /home/airflow/.local/lib/python3.7/site-packages/airflow/example_dags/example_skip_dag.py
[2023-06-01T08:47:26.585+0000] {processor.py:743} INFO - Processing file /home/airflow/.local/lib/python3.7/site-packages/airflow/example_dags/example_skip_dag.py for tasks to queue
[2023-06-01T08:47:26.585+0000] {logging_mixin.py:137} INFO - [2023-06-01T08:47:26.585+0000] {dagbag.py:538} INFO - Filling up the DagBag from /home/airflow/.local/lib/python3.7/site-packages/airflow/example_dags/example_skip_dag.py
[2023-06-01T08:47:26.603+0000] {processor.py:753} INFO - DAG(s) dict_keys(['example_skip_dag']) retrieved from /home/airflow/.local/lib/python3.7/site-packages/airflow/example_dags/example_skip_dag.py
[2023-06-01T08:47:26.625+0000] {logging_mixin.py:137} INFO - [2023-06-01T08:47:26.625+0000] {dag.py:2690} INFO - Sync 1 DAGs
[2023-06-01T08:47:26.662+0000] {logging_mixin.py:137} INFO - [2023-06-01T08:47:26.662+0000] {dag.py:3441} INFO - Setting next_dagrun for example_skip_dag to 2023-05-31T08:47:26.661621+00:00, run_after=2023-06-01T08:47:26.661621+00:00
[2023-06-01T08:47:26.690+0000] {processor.py:175} INFO - Processing /home/airflow/.local/lib/python3.7/site-packages/airflow/example_dags/example_skip_dag.py took 0.109 seconds
[2023-06-01T08:47:56.918+0000] {processor.py:153} INFO - Started process (PID=198) to work on /home/airflow/.local/lib/python3.7/site-packages/airflow/example_dags/example_skip_dag.py
[2023-06-01T08:47:56.919+0000] {processor.py:743} INFO - Processing file /home/airflow/.local/lib/python3.7/site-packages/airflow/example_dags/example_skip_dag.py for tasks to queue
[2023-06-01T08:47:56.919+0000] {logging_mixin.py:137} INFO - [2023-06-01T08:47:56.919+0000] {dagbag.py:538} INFO - Filling up the DagBag from /home/airflow/.local/lib/python3.7/site-packages/airflow/example_dags/example_skip_dag.py
[2023-06-01T08:47:56.932+0000] {processor.py:753} INFO - DAG(s) dict_keys(['example_skip_dag']) retrieved from /home/airflow/.local/lib/python3.7/site-packages/airflow/example_dags/example_skip_dag.py
[2023-06-01T08:47:56.956+0000] {logging_mixin.py:137} INFO - [2023-06-01T08:47:56.955+0000] {dag.py:2690} INFO - Sync 1 DAGs
[2023-06-01T08:47:56.980+0000] {logging_mixin.py:137} INFO - [2023-06-01T08:47:56.980+0000] {dag.py:3441} INFO - Setting next_dagrun for example_skip_dag to 2023-05-31T08:47:56.980298+00:00, run_after=2023-06-01T08:47:56.980298+00:00
[2023-06-01T08:47:56.999+0000] {processor.py:175} INFO - Processing /home/airflow/.local/lib/python3.7/site-packages/airflow/example_dags/example_skip_dag.py took 0.083 seconds
[2023-06-01T08:48:27.932+0000] {processor.py:153} INFO - Started process (PID=285) to work on /home/airflow/.local/lib/python3.7/site-packages/airflow/example_dags/example_skip_dag.py
[2023-06-01T08:48:27.934+0000] {processor.py:743} INFO - Processing file /home/airflow/.local/lib/python3.7/site-packages/airflow/example_dags/example_skip_dag.py for tasks to queue
[2023-06-01T08:48:27.934+0000] {logging_mixin.py:137} INFO - [2023-06-01T08:48:27.934+0000] {dagbag.py:538} INFO - Filling up the DagBag from /home/airflow/.local/lib/python3.7/site-packages/airflow/example_dags/example_skip_dag.py
[2023-06-01T08:48:27.949+0000] {processor.py:753} INFO - DAG(s) dict_keys(['example_skip_dag']) retrieved from /home/airflow/.local/lib/python3.7/site-packages/airflow/example_dags/example_skip_dag.py
[2023-06-01T08:48:27.980+0000] {logging_mixin.py:137} INFO - [2023-06-01T08:48:27.980+0000] {dag.py:2690} INFO - Sync 1 DAGs
[2023-06-01T08:48:28.011+0000] {logging_mixin.py:137} INFO - [2023-06-01T08:48:28.011+0000] {dag.py:3441} INFO - Setting next_dagrun for example_skip_dag to 2023-05-31T08:48:28.010883+00:00, run_after=2023-06-01T08:48:28.010883+00:00
[2023-06-01T08:48:28.032+0000] {processor.py:175} INFO - Processing /home/airflow/.local/lib/python3.7/site-packages/airflow/example_dags/example_skip_dag.py took 0.103 seconds
[2023-06-01T08:48:58.802+0000] {processor.py:153} INFO - Started process (PID=396) to work on /home/airflow/.local/lib/python3.7/site-packages/airflow/example_dags/example_skip_dag.py
[2023-06-01T08:48:58.802+0000] {processor.py:743} INFO - Processing file /home/airflow/.local/lib/python3.7/site-packages/airflow/example_dags/example_skip_dag.py for tasks to queue
[2023-06-01T08:48:58.803+0000] {logging_mixin.py:137} INFO - [2023-06-01T08:48:58.803+0000] {dagbag.py:538} INFO - Filling up the DagBag from /home/airflow/.local/lib/python3.7/site-packages/airflow/example_dags/example_skip_dag.py
[2023-06-01T08:48:58.818+0000] {processor.py:753} INFO - DAG(s) dict_keys(['example_skip_dag']) retrieved from /home/airflow/.local/lib/python3.7/site-packages/airflow/example_dags/example_skip_dag.py
[2023-06-01T08:48:58.847+0000] {logging_mixin.py:137} INFO - [2023-06-01T08:48:58.847+0000] {dag.py:2690} INFO - Sync 1 DAGs
[2023-06-01T08:48:58.874+0000] {logging_mixin.py:137} INFO - [2023-06-01T08:48:58.873+0000] {dag.py:3441} INFO - Setting next_dagrun for example_skip_dag to 2023-05-31T08:48:58.873595+00:00, run_after=2023-06-01T08:48:58.873595+00:00
[2023-06-01T08:48:58.893+0000] {processor.py:175} INFO - Processing /home/airflow/.local/lib/python3.7/site-packages/airflow/example_dags/example_skip_dag.py took 0.095 seconds
[2023-06-01T08:49:30.191+0000] {processor.py:153} INFO - Started process (PID=483) to work on /home/airflow/.local/lib/python3.7/site-packages/airflow/example_dags/example_skip_dag.py
[2023-06-01T08:49:30.193+0000] {processor.py:743} INFO - Processing file /home/airflow/.local/lib/python3.7/site-packages/airflow/example_dags/example_skip_dag.py for tasks to queue
[2023-06-01T08:49:30.193+0000] {logging_mixin.py:137} INFO - [2023-06-01T08:49:30.193+0000] {dagbag.py:538} INFO - Filling up the DagBag from /home/airflow/.local/lib/python3.7/site-packages/airflow/example_dags/example_skip_dag.py
[2023-06-01T08:49:30.207+0000] {processor.py:753} INFO - DAG(s) dict_keys(['example_skip_dag']) retrieved from /home/airflow/.local/lib/python3.7/site-packages/airflow/example_dags/example_skip_dag.py
[2023-06-01T08:49:30.233+0000] {logging_mixin.py:137} INFO - [2023-06-01T08:49:30.233+0000] {dag.py:2690} INFO - Sync 1 DAGs
[2023-06-01T08:49:30.256+0000] {logging_mixin.py:137} INFO - [2023-06-01T08:49:30.256+0000] {dag.py:3441} INFO - Setting next_dagrun for example_skip_dag to 2023-05-31T08:49:30.256390+00:00, run_after=2023-06-01T08:49:30.256390+00:00
[2023-06-01T08:49:30.278+0000] {processor.py:175} INFO - Processing /home/airflow/.local/lib/python3.7/site-packages/airflow/example_dags/example_skip_dag.py took 0.090 seconds
[2023-06-01T08:50:00.879+0000] {processor.py:153} INFO - Started process (PID=594) to work on /home/airflow/.local/lib/python3.7/site-packages/airflow/example_dags/example_skip_dag.py
[2023-06-01T08:50:00.879+0000] {processor.py:743} INFO - Processing file /home/airflow/.local/lib/python3.7/site-packages/airflow/example_dags/example_skip_dag.py for tasks to queue
[2023-06-01T08:50:00.880+0000] {logging_mixin.py:137} INFO - [2023-06-01T08:50:00.880+0000] {dagbag.py:538} INFO - Filling up the DagBag from /home/airflow/.local/lib/python3.7/site-packages/airflow/example_dags/example_skip_dag.py
[2023-06-01T08:50:00.894+0000] {processor.py:753} INFO - DAG(s) dict_keys(['example_skip_dag']) retrieved from /home/airflow/.local/lib/python3.7/site-packages/airflow/example_dags/example_skip_dag.py
[2023-06-01T08:50:00.919+0000] {logging_mixin.py:137} INFO - [2023-06-01T08:50:00.919+0000] {dag.py:2690} INFO - Sync 1 DAGs
[2023-06-01T08:50:00.947+0000] {logging_mixin.py:137} INFO - [2023-06-01T08:50:00.947+0000] {dag.py:3441} INFO - Setting next_dagrun for example_skip_dag to 2023-05-31T08:50:00.947348+00:00, run_after=2023-06-01T08:50:00.947348+00:00
[2023-06-01T08:50:00.972+0000] {processor.py:175} INFO - Processing /home/airflow/.local/lib/python3.7/site-packages/airflow/example_dags/example_skip_dag.py took 0.096 seconds
[2023-06-01T08:50:31.066+0000] {processor.py:153} INFO - Started process (PID=681) to work on /home/airflow/.local/lib/python3.7/site-packages/airflow/example_dags/example_skip_dag.py
[2023-06-01T08:50:31.067+0000] {processor.py:743} INFO - Processing file /home/airflow/.local/lib/python3.7/site-packages/airflow/example_dags/example_skip_dag.py for tasks to queue
[2023-06-01T08:50:31.067+0000] {logging_mixin.py:137} INFO - [2023-06-01T08:50:31.067+0000] {dagbag.py:538} INFO - Filling up the DagBag from /home/airflow/.local/lib/python3.7/site-packages/airflow/example_dags/example_skip_dag.py
[2023-06-01T08:50:31.082+0000] {processor.py:753} INFO - DAG(s) dict_keys(['example_skip_dag']) retrieved from /home/airflow/.local/lib/python3.7/site-packages/airflow/example_dags/example_skip_dag.py
[2023-06-01T08:50:31.112+0000] {logging_mixin.py:137} INFO - [2023-06-01T08:50:31.112+0000] {dag.py:2690} INFO - Sync 1 DAGs
[2023-06-01T08:50:31.136+0000] {logging_mixin.py:137} INFO - [2023-06-01T08:50:31.135+0000] {dag.py:3441} INFO - Setting next_dagrun for example_skip_dag to 2023-05-31T08:50:31.135773+00:00, run_after=2023-06-01T08:50:31.135773+00:00
[2023-06-01T08:50:31.153+0000] {processor.py:175} INFO - Processing /home/airflow/.local/lib/python3.7/site-packages/airflow/example_dags/example_skip_dag.py took 0.091 seconds
[2023-06-01T08:51:01.623+0000] {processor.py:153} INFO - Started process (PID=768) to work on /home/airflow/.local/lib/python3.7/site-packages/airflow/example_dags/example_skip_dag.py
[2023-06-01T08:51:01.623+0000] {processor.py:743} INFO - Processing file /home/airflow/.local/lib/python3.7/site-packages/airflow/example_dags/example_skip_dag.py for tasks to queue
[2023-06-01T08:51:01.624+0000] {logging_mixin.py:137} INFO - [2023-06-01T08:51:01.624+0000] {dagbag.py:538} INFO - Filling up the DagBag from /home/airflow/.local/lib/python3.7/site-packages/airflow/example_dags/example_skip_dag.py
[2023-06-01T08:51:01.638+0000] {processor.py:753} INFO - DAG(s) dict_keys(['example_skip_dag']) retrieved from /home/airflow/.local/lib/python3.7/site-packages/airflow/example_dags/example_skip_dag.py
[2023-06-01T08:51:01.668+0000] {logging_mixin.py:137} INFO - [2023-06-01T08:51:01.668+0000] {dag.py:2690} INFO - Sync 1 DAGs
[2023-06-01T08:51:01.693+0000] {logging_mixin.py:137} INFO - [2023-06-01T08:51:01.693+0000] {dag.py:3441} INFO - Setting next_dagrun for example_skip_dag to 2023-05-31T08:51:01.692907+00:00, run_after=2023-06-01T08:51:01.692907+00:00
[2023-06-01T08:51:01.714+0000] {processor.py:175} INFO - Processing /home/airflow/.local/lib/python3.7/site-packages/airflow/example_dags/example_skip_dag.py took 0.094 seconds
[2023-06-01T08:51:32.165+0000] {processor.py:153} INFO - Started process (PID=879) to work on /home/airflow/.local/lib/python3.7/site-packages/airflow/example_dags/example_skip_dag.py
[2023-06-01T08:51:32.167+0000] {processor.py:743} INFO - Processing file /home/airflow/.local/lib/python3.7/site-packages/airflow/example_dags/example_skip_dag.py for tasks to queue
[2023-06-01T08:51:32.167+0000] {logging_mixin.py:137} INFO - [2023-06-01T08:51:32.167+0000] {dagbag.py:538} INFO - Filling up the DagBag from /home/airflow/.local/lib/python3.7/site-packages/airflow/example_dags/example_skip_dag.py
[2023-06-01T08:51:32.180+0000] {processor.py:753} INFO - DAG(s) dict_keys(['example_skip_dag']) retrieved from /home/airflow/.local/lib/python3.7/site-packages/airflow/example_dags/example_skip_dag.py
[2023-06-01T08:51:32.208+0000] {logging_mixin.py:137} INFO - [2023-06-01T08:51:32.207+0000] {dag.py:2690} INFO - Sync 1 DAGs
[2023-06-01T08:51:32.237+0000] {logging_mixin.py:137} INFO - [2023-06-01T08:51:32.236+0000] {dag.py:3441} INFO - Setting next_dagrun for example_skip_dag to 2023-05-31T08:51:32.236688+00:00, run_after=2023-06-01T08:51:32.236688+00:00
[2023-06-01T08:51:32.260+0000] {processor.py:175} INFO - Processing /home/airflow/.local/lib/python3.7/site-packages/airflow/example_dags/example_skip_dag.py took 0.098 seconds
[2023-06-01T08:52:02.599+0000] {processor.py:153} INFO - Started process (PID=966) to work on /home/airflow/.local/lib/python3.7/site-packages/airflow/example_dags/example_skip_dag.py
[2023-06-01T08:52:02.600+0000] {processor.py:743} INFO - Processing file /home/airflow/.local/lib/python3.7/site-packages/airflow/example_dags/example_skip_dag.py for tasks to queue
[2023-06-01T08:52:02.601+0000] {logging_mixin.py:137} INFO - [2023-06-01T08:52:02.601+0000] {dagbag.py:538} INFO - Filling up the DagBag from /home/airflow/.local/lib/python3.7/site-packages/airflow/example_dags/example_skip_dag.py
[2023-06-01T08:52:02.616+0000] {processor.py:753} INFO - DAG(s) dict_keys(['example_skip_dag']) retrieved from /home/airflow/.local/lib/python3.7/site-packages/airflow/example_dags/example_skip_dag.py
[2023-06-01T08:52:02.646+0000] {logging_mixin.py:137} INFO - [2023-06-01T08:52:02.646+0000] {dag.py:2690} INFO - Sync 1 DAGs
[2023-06-01T08:52:02.676+0000] {logging_mixin.py:137} INFO - [2023-06-01T08:52:02.676+0000] {dag.py:3441} INFO - Setting next_dagrun for example_skip_dag to 2023-05-31T08:52:02.675829+00:00, run_after=2023-06-01T08:52:02.675829+00:00
[2023-06-01T08:52:02.699+0000] {processor.py:175} INFO - Processing /home/airflow/.local/lib/python3.7/site-packages/airflow/example_dags/example_skip_dag.py took 0.103 seconds
[2023-06-01T08:52:33.221+0000] {processor.py:153} INFO - Started process (PID=1053) to work on /home/airflow/.local/lib/python3.7/site-packages/airflow/example_dags/example_skip_dag.py
[2023-06-01T08:52:33.222+0000] {processor.py:743} INFO - Processing file /home/airflow/.local/lib/python3.7/site-packages/airflow/example_dags/example_skip_dag.py for tasks to queue
[2023-06-01T08:52:33.223+0000] {logging_mixin.py:137} INFO - [2023-06-01T08:52:33.223+0000] {dagbag.py:538} INFO - Filling up the DagBag from /home/airflow/.local/lib/python3.7/site-packages/airflow/example_dags/example_skip_dag.py
[2023-06-01T08:52:33.238+0000] {processor.py:753} INFO - DAG(s) dict_keys(['example_skip_dag']) retrieved from /home/airflow/.local/lib/python3.7/site-packages/airflow/example_dags/example_skip_dag.py
[2023-06-01T08:52:33.268+0000] {logging_mixin.py:137} INFO - [2023-06-01T08:52:33.268+0000] {dag.py:2690} INFO - Sync 1 DAGs
[2023-06-01T08:52:33.296+0000] {logging_mixin.py:137} INFO - [2023-06-01T08:52:33.296+0000] {dag.py:3441} INFO - Setting next_dagrun for example_skip_dag to 2023-05-31T08:52:33.296054+00:00, run_after=2023-06-01T08:52:33.296054+00:00
[2023-06-01T08:52:33.319+0000] {processor.py:175} INFO - Processing /home/airflow/.local/lib/python3.7/site-packages/airflow/example_dags/example_skip_dag.py took 0.102 seconds
[2023-06-01T08:53:03.729+0000] {processor.py:153} INFO - Started process (PID=1147) to work on /home/airflow/.local/lib/python3.7/site-packages/airflow/example_dags/example_skip_dag.py
[2023-06-01T08:53:03.729+0000] {processor.py:743} INFO - Processing file /home/airflow/.local/lib/python3.7/site-packages/airflow/example_dags/example_skip_dag.py for tasks to queue
[2023-06-01T08:53:03.730+0000] {logging_mixin.py:137} INFO - [2023-06-01T08:53:03.730+0000] {dagbag.py:538} INFO - Filling up the DagBag from /home/airflow/.local/lib/python3.7/site-packages/airflow/example_dags/example_skip_dag.py
[2023-06-01T08:53:03.744+0000] {processor.py:753} INFO - DAG(s) dict_keys(['example_skip_dag']) retrieved from /home/airflow/.local/lib/python3.7/site-packages/airflow/example_dags/example_skip_dag.py
[2023-06-01T08:53:03.779+0000] {logging_mixin.py:137} INFO - [2023-06-01T08:53:03.779+0000] {dag.py:2690} INFO - Sync 1 DAGs
[2023-06-01T08:53:03.813+0000] {logging_mixin.py:137} INFO - [2023-06-01T08:53:03.813+0000] {dag.py:3441} INFO - Setting next_dagrun for example_skip_dag to 2023-05-31T08:53:03.812797+00:00, run_after=2023-06-01T08:53:03.812797+00:00
[2023-06-01T08:53:03.842+0000] {processor.py:175} INFO - Processing /home/airflow/.local/lib/python3.7/site-packages/airflow/example_dags/example_skip_dag.py took 0.116 seconds
[2023-06-01T08:53:34.389+0000] {processor.py:153} INFO - Started process (PID=1251) to work on /home/airflow/.local/lib/python3.7/site-packages/airflow/example_dags/example_skip_dag.py
[2023-06-01T08:53:34.390+0000] {processor.py:743} INFO - Processing file /home/airflow/.local/lib/python3.7/site-packages/airflow/example_dags/example_skip_dag.py for tasks to queue
[2023-06-01T08:53:34.391+0000] {logging_mixin.py:137} INFO - [2023-06-01T08:53:34.391+0000] {dagbag.py:538} INFO - Filling up the DagBag from /home/airflow/.local/lib/python3.7/site-packages/airflow/example_dags/example_skip_dag.py
[2023-06-01T08:53:34.410+0000] {processor.py:753} INFO - DAG(s) dict_keys(['example_skip_dag']) retrieved from /home/airflow/.local/lib/python3.7/site-packages/airflow/example_dags/example_skip_dag.py
[2023-06-01T08:53:34.442+0000] {logging_mixin.py:137} INFO - [2023-06-01T08:53:34.442+0000] {dag.py:2690} INFO - Sync 1 DAGs
[2023-06-01T08:53:34.471+0000] {logging_mixin.py:137} INFO - [2023-06-01T08:53:34.470+0000] {dag.py:3441} INFO - Setting next_dagrun for example_skip_dag to 2023-05-31T08:53:34.470561+00:00, run_after=2023-06-01T08:53:34.470561+00:00
[2023-06-01T08:53:34.500+0000] {processor.py:175} INFO - Processing /home/airflow/.local/lib/python3.7/site-packages/airflow/example_dags/example_skip_dag.py took 0.115 seconds
[2023-06-01T08:54:04.590+0000] {processor.py:153} INFO - Started process (PID=1338) to work on /home/airflow/.local/lib/python3.7/site-packages/airflow/example_dags/example_skip_dag.py
[2023-06-01T08:54:04.590+0000] {processor.py:743} INFO - Processing file /home/airflow/.local/lib/python3.7/site-packages/airflow/example_dags/example_skip_dag.py for tasks to queue
[2023-06-01T08:54:04.591+0000] {logging_mixin.py:137} INFO - [2023-06-01T08:54:04.591+0000] {dagbag.py:538} INFO - Filling up the DagBag from /home/airflow/.local/lib/python3.7/site-packages/airflow/example_dags/example_skip_dag.py
[2023-06-01T08:54:04.605+0000] {processor.py:753} INFO - DAG(s) dict_keys(['example_skip_dag']) retrieved from /home/airflow/.local/lib/python3.7/site-packages/airflow/example_dags/example_skip_dag.py
[2023-06-01T08:54:04.636+0000] {logging_mixin.py:137} INFO - [2023-06-01T08:54:04.635+0000] {dag.py:2690} INFO - Sync 1 DAGs
[2023-06-01T08:54:04.667+0000] {logging_mixin.py:137} INFO - [2023-06-01T08:54:04.667+0000] {dag.py:3441} INFO - Setting next_dagrun for example_skip_dag to 2023-05-31T08:54:04.667189+00:00, run_after=2023-06-01T08:54:04.667189+00:00
[2023-06-01T08:54:04.691+0000] {processor.py:175} INFO - Processing /home/airflow/.local/lib/python3.7/site-packages/airflow/example_dags/example_skip_dag.py took 0.105 seconds
[2023-06-01T08:54:35.351+0000] {processor.py:153} INFO - Started process (PID=1425) to work on /home/airflow/.local/lib/python3.7/site-packages/airflow/example_dags/example_skip_dag.py
[2023-06-01T08:54:35.353+0000] {processor.py:743} INFO - Processing file /home/airflow/.local/lib/python3.7/site-packages/airflow/example_dags/example_skip_dag.py for tasks to queue
[2023-06-01T08:54:35.353+0000] {logging_mixin.py:137} INFO - [2023-06-01T08:54:35.353+0000] {dagbag.py:538} INFO - Filling up the DagBag from /home/airflow/.local/lib/python3.7/site-packages/airflow/example_dags/example_skip_dag.py
[2023-06-01T08:54:35.371+0000] {processor.py:753} INFO - DAG(s) dict_keys(['example_skip_dag']) retrieved from /home/airflow/.local/lib/python3.7/site-packages/airflow/example_dags/example_skip_dag.py
[2023-06-01T08:54:35.395+0000] {logging_mixin.py:137} INFO - [2023-06-01T08:54:35.395+0000] {dag.py:2690} INFO - Sync 1 DAGs
[2023-06-01T08:54:35.421+0000] {logging_mixin.py:137} INFO - [2023-06-01T08:54:35.420+0000] {dag.py:3441} INFO - Setting next_dagrun for example_skip_dag to 2023-05-31T08:54:35.420650+00:00, run_after=2023-06-01T08:54:35.420650+00:00
[2023-06-01T08:54:35.439+0000] {processor.py:175} INFO - Processing /home/airflow/.local/lib/python3.7/site-packages/airflow/example_dags/example_skip_dag.py took 0.091 seconds
[2023-06-01T08:55:06.381+0000] {processor.py:153} INFO - Started process (PID=1536) to work on /home/airflow/.local/lib/python3.7/site-packages/airflow/example_dags/example_skip_dag.py
[2023-06-01T08:55:06.382+0000] {processor.py:743} INFO - Processing file /home/airflow/.local/lib/python3.7/site-packages/airflow/example_dags/example_skip_dag.py for tasks to queue
[2023-06-01T08:55:06.383+0000] {logging_mixin.py:137} INFO - [2023-06-01T08:55:06.383+0000] {dagbag.py:538} INFO - Filling up the DagBag from /home/airflow/.local/lib/python3.7/site-packages/airflow/example_dags/example_skip_dag.py
[2023-06-01T08:55:06.399+0000] {processor.py:753} INFO - DAG(s) dict_keys(['example_skip_dag']) retrieved from /home/airflow/.local/lib/python3.7/site-packages/airflow/example_dags/example_skip_dag.py
[2023-06-01T08:55:06.432+0000] {logging_mixin.py:137} INFO - [2023-06-01T08:55:06.432+0000] {dag.py:2690} INFO - Sync 1 DAGs
[2023-06-01T08:55:06.459+0000] {logging_mixin.py:137} INFO - [2023-06-01T08:55:06.458+0000] {dag.py:3441} INFO - Setting next_dagrun for example_skip_dag to 2023-05-31T08:55:06.458710+00:00, run_after=2023-06-01T08:55:06.458710+00:00
[2023-06-01T08:55:06.477+0000] {processor.py:175} INFO - Processing /home/airflow/.local/lib/python3.7/site-packages/airflow/example_dags/example_skip_dag.py took 0.099 seconds
[2023-06-01T08:55:37.434+0000] {processor.py:153} INFO - Started process (PID=1623) to work on /home/airflow/.local/lib/python3.7/site-packages/airflow/example_dags/example_skip_dag.py
[2023-06-01T08:55:37.436+0000] {processor.py:743} INFO - Processing file /home/airflow/.local/lib/python3.7/site-packages/airflow/example_dags/example_skip_dag.py for tasks to queue
[2023-06-01T08:55:37.436+0000] {logging_mixin.py:137} INFO - [2023-06-01T08:55:37.436+0000] {dagbag.py:538} INFO - Filling up the DagBag from /home/airflow/.local/lib/python3.7/site-packages/airflow/example_dags/example_skip_dag.py
[2023-06-01T08:55:37.451+0000] {processor.py:753} INFO - DAG(s) dict_keys(['example_skip_dag']) retrieved from /home/airflow/.local/lib/python3.7/site-packages/airflow/example_dags/example_skip_dag.py
[2023-06-01T08:55:37.479+0000] {logging_mixin.py:137} INFO - [2023-06-01T08:55:37.479+0000] {dag.py:2690} INFO - Sync 1 DAGs
[2023-06-01T08:55:37.506+0000] {logging_mixin.py:137} INFO - [2023-06-01T08:55:37.506+0000] {dag.py:3441} INFO - Setting next_dagrun for example_skip_dag to 2023-05-31T08:55:37.506274+00:00, run_after=2023-06-01T08:55:37.506274+00:00
[2023-06-01T08:55:37.527+0000] {processor.py:175} INFO - Processing /home/airflow/.local/lib/python3.7/site-packages/airflow/example_dags/example_skip_dag.py took 0.096 seconds
[2023-06-01T08:56:07.702+0000] {processor.py:153} INFO - Started process (PID=1710) to work on /home/airflow/.local/lib/python3.7/site-packages/airflow/example_dags/example_skip_dag.py
[2023-06-01T08:56:07.703+0000] {processor.py:743} INFO - Processing file /home/airflow/.local/lib/python3.7/site-packages/airflow/example_dags/example_skip_dag.py for tasks to queue
[2023-06-01T08:56:07.704+0000] {logging_mixin.py:137} INFO - [2023-06-01T08:56:07.704+0000] {dagbag.py:538} INFO - Filling up the DagBag from /home/airflow/.local/lib/python3.7/site-packages/airflow/example_dags/example_skip_dag.py
[2023-06-01T08:56:07.719+0000] {processor.py:753} INFO - DAG(s) dict_keys(['example_skip_dag']) retrieved from /home/airflow/.local/lib/python3.7/site-packages/airflow/example_dags/example_skip_dag.py
[2023-06-01T08:56:07.746+0000] {logging_mixin.py:137} INFO - [2023-06-01T08:56:07.746+0000] {dag.py:2690} INFO - Sync 1 DAGs
[2023-06-01T08:56:07.780+0000] {logging_mixin.py:137} INFO - [2023-06-01T08:56:07.780+0000] {dag.py:3441} INFO - Setting next_dagrun for example_skip_dag to 2023-05-31T08:56:07.780298+00:00, run_after=2023-06-01T08:56:07.780298+00:00
[2023-06-01T08:56:07.801+0000] {processor.py:175} INFO - Processing /home/airflow/.local/lib/python3.7/site-packages/airflow/example_dags/example_skip_dag.py took 0.103 seconds
[2023-06-01T08:56:38.609+0000] {processor.py:153} INFO - Started process (PID=1821) to work on /home/airflow/.local/lib/python3.7/site-packages/airflow/example_dags/example_skip_dag.py
[2023-06-01T08:56:38.611+0000] {processor.py:743} INFO - Processing file /home/airflow/.local/lib/python3.7/site-packages/airflow/example_dags/example_skip_dag.py for tasks to queue
[2023-06-01T08:56:38.612+0000] {logging_mixin.py:137} INFO - [2023-06-01T08:56:38.611+0000] {dagbag.py:538} INFO - Filling up the DagBag from /home/airflow/.local/lib/python3.7/site-packages/airflow/example_dags/example_skip_dag.py
[2023-06-01T08:56:38.626+0000] {processor.py:753} INFO - DAG(s) dict_keys(['example_skip_dag']) retrieved from /home/airflow/.local/lib/python3.7/site-packages/airflow/example_dags/example_skip_dag.py
[2023-06-01T08:56:38.662+0000] {logging_mixin.py:137} INFO - [2023-06-01T08:56:38.662+0000] {dag.py:2690} INFO - Sync 1 DAGs
[2023-06-01T08:56:38.691+0000] {logging_mixin.py:137} INFO - [2023-06-01T08:56:38.691+0000] {dag.py:3441} INFO - Setting next_dagrun for example_skip_dag to 2023-05-31T08:56:38.691064+00:00, run_after=2023-06-01T08:56:38.691064+00:00
[2023-06-01T08:56:38.709+0000] {processor.py:175} INFO - Processing /home/airflow/.local/lib/python3.7/site-packages/airflow/example_dags/example_skip_dag.py took 0.104 seconds
[2023-06-01T08:57:09.169+0000] {processor.py:153} INFO - Started process (PID=1908) to work on /home/airflow/.local/lib/python3.7/site-packages/airflow/example_dags/example_skip_dag.py
[2023-06-01T08:57:09.170+0000] {processor.py:743} INFO - Processing file /home/airflow/.local/lib/python3.7/site-packages/airflow/example_dags/example_skip_dag.py for tasks to queue
[2023-06-01T08:57:09.171+0000] {logging_mixin.py:137} INFO - [2023-06-01T08:57:09.170+0000] {dagbag.py:538} INFO - Filling up the DagBag from /home/airflow/.local/lib/python3.7/site-packages/airflow/example_dags/example_skip_dag.py
[2023-06-01T08:57:09.187+0000] {processor.py:753} INFO - DAG(s) dict_keys(['example_skip_dag']) retrieved from /home/airflow/.local/lib/python3.7/site-packages/airflow/example_dags/example_skip_dag.py
[2023-06-01T08:57:09.218+0000] {logging_mixin.py:137} INFO - [2023-06-01T08:57:09.218+0000] {dag.py:2690} INFO - Sync 1 DAGs
[2023-06-01T08:57:09.243+0000] {logging_mixin.py:137} INFO - [2023-06-01T08:57:09.243+0000] {dag.py:3441} INFO - Setting next_dagrun for example_skip_dag to 2023-05-31T08:57:09.243114+00:00, run_after=2023-06-01T08:57:09.243114+00:00
[2023-06-01T08:57:09.263+0000] {processor.py:175} INFO - Processing /home/airflow/.local/lib/python3.7/site-packages/airflow/example_dags/example_skip_dag.py took 0.098 seconds
[2023-06-01T08:57:39.493+0000] {processor.py:153} INFO - Started process (PID=1995) to work on /home/airflow/.local/lib/python3.7/site-packages/airflow/example_dags/example_skip_dag.py
[2023-06-01T08:57:39.495+0000] {processor.py:743} INFO - Processing file /home/airflow/.local/lib/python3.7/site-packages/airflow/example_dags/example_skip_dag.py for tasks to queue
[2023-06-01T08:57:39.496+0000] {logging_mixin.py:137} INFO - [2023-06-01T08:57:39.495+0000] {dagbag.py:538} INFO - Filling up the DagBag from /home/airflow/.local/lib/python3.7/site-packages/airflow/example_dags/example_skip_dag.py
[2023-06-01T08:57:39.513+0000] {processor.py:753} INFO - DAG(s) dict_keys(['example_skip_dag']) retrieved from /home/airflow/.local/lib/python3.7/site-packages/airflow/example_dags/example_skip_dag.py
[2023-06-01T08:57:39.546+0000] {logging_mixin.py:137} INFO - [2023-06-01T08:57:39.545+0000] {dag.py:2690} INFO - Sync 1 DAGs
[2023-06-01T08:57:39.574+0000] {logging_mixin.py:137} INFO - [2023-06-01T08:57:39.574+0000] {dag.py:3441} INFO - Setting next_dagrun for example_skip_dag to 2023-05-31T08:57:39.574003+00:00, run_after=2023-06-01T08:57:39.574003+00:00
[2023-06-01T08:57:39.601+0000] {processor.py:175} INFO - Processing /home/airflow/.local/lib/python3.7/site-packages/airflow/example_dags/example_skip_dag.py took 0.112 seconds
[2023-06-01T08:58:10.698+0000] {processor.py:153} INFO - Started process (PID=2091) to work on /home/airflow/.local/lib/python3.7/site-packages/airflow/example_dags/example_skip_dag.py
[2023-06-01T08:58:10.699+0000] {processor.py:743} INFO - Processing file /home/airflow/.local/lib/python3.7/site-packages/airflow/example_dags/example_skip_dag.py for tasks to queue
[2023-06-01T08:58:10.699+0000] {logging_mixin.py:137} INFO - [2023-06-01T08:58:10.699+0000] {dagbag.py:538} INFO - Filling up the DagBag from /home/airflow/.local/lib/python3.7/site-packages/airflow/example_dags/example_skip_dag.py
[2023-06-01T08:58:10.713+0000] {processor.py:753} INFO - DAG(s) dict_keys(['example_skip_dag']) retrieved from /home/airflow/.local/lib/python3.7/site-packages/airflow/example_dags/example_skip_dag.py
[2023-06-01T08:58:10.741+0000] {logging_mixin.py:137} INFO - [2023-06-01T08:58:10.741+0000] {dag.py:2690} INFO - Sync 1 DAGs
[2023-06-01T08:58:10.768+0000] {logging_mixin.py:137} INFO - [2023-06-01T08:58:10.768+0000] {dag.py:3441} INFO - Setting next_dagrun for example_skip_dag to 2023-05-31T08:58:10.768227+00:00, run_after=2023-06-01T08:58:10.768227+00:00
[2023-06-01T08:58:10.792+0000] {processor.py:175} INFO - Processing /home/airflow/.local/lib/python3.7/site-packages/airflow/example_dags/example_skip_dag.py took 0.098 seconds
[2023-06-01T08:58:41.347+0000] {processor.py:153} INFO - Started process (PID=2193) to work on /home/airflow/.local/lib/python3.7/site-packages/airflow/example_dags/example_skip_dag.py
[2023-06-01T08:58:41.349+0000] {processor.py:743} INFO - Processing file /home/airflow/.local/lib/python3.7/site-packages/airflow/example_dags/example_skip_dag.py for tasks to queue
[2023-06-01T08:58:41.349+0000] {logging_mixin.py:137} INFO - [2023-06-01T08:58:41.349+0000] {dagbag.py:538} INFO - Filling up the DagBag from /home/airflow/.local/lib/python3.7/site-packages/airflow/example_dags/example_skip_dag.py
[2023-06-01T08:58:41.363+0000] {processor.py:753} INFO - DAG(s) dict_keys(['example_skip_dag']) retrieved from /home/airflow/.local/lib/python3.7/site-packages/airflow/example_dags/example_skip_dag.py
[2023-06-01T08:58:41.392+0000] {logging_mixin.py:137} INFO - [2023-06-01T08:58:41.392+0000] {dag.py:2690} INFO - Sync 1 DAGs
[2023-06-01T08:58:41.418+0000] {logging_mixin.py:137} INFO - [2023-06-01T08:58:41.418+0000] {dag.py:3441} INFO - Setting next_dagrun for example_skip_dag to 2023-05-31T08:58:41.418267+00:00, run_after=2023-06-01T08:58:41.418267+00:00
[2023-06-01T08:58:41.449+0000] {processor.py:175} INFO - Processing /home/airflow/.local/lib/python3.7/site-packages/airflow/example_dags/example_skip_dag.py took 0.106 seconds
[2023-06-01T08:59:12.015+0000] {processor.py:153} INFO - Started process (PID=2280) to work on /home/airflow/.local/lib/python3.7/site-packages/airflow/example_dags/example_skip_dag.py
[2023-06-01T08:59:12.015+0000] {processor.py:743} INFO - Processing file /home/airflow/.local/lib/python3.7/site-packages/airflow/example_dags/example_skip_dag.py for tasks to queue
[2023-06-01T08:59:12.016+0000] {logging_mixin.py:137} INFO - [2023-06-01T08:59:12.016+0000] {dagbag.py:538} INFO - Filling up the DagBag from /home/airflow/.local/lib/python3.7/site-packages/airflow/example_dags/example_skip_dag.py
[2023-06-01T08:59:12.032+0000] {processor.py:753} INFO - DAG(s) dict_keys(['example_skip_dag']) retrieved from /home/airflow/.local/lib/python3.7/site-packages/airflow/example_dags/example_skip_dag.py
[2023-06-01T08:59:12.063+0000] {logging_mixin.py:137} INFO - [2023-06-01T08:59:12.063+0000] {dag.py:2690} INFO - Sync 1 DAGs
[2023-06-01T08:59:12.091+0000] {logging_mixin.py:137} INFO - [2023-06-01T08:59:12.091+0000] {dag.py:3441} INFO - Setting next_dagrun for example_skip_dag to 2023-05-31T08:59:12.091095+00:00, run_after=2023-06-01T08:59:12.091095+00:00
[2023-06-01T08:59:12.120+0000] {processor.py:175} INFO - Processing /home/airflow/.local/lib/python3.7/site-packages/airflow/example_dags/example_skip_dag.py took 0.109 seconds
[2023-06-01T08:59:42.677+0000] {processor.py:153} INFO - Started process (PID=2367) to work on /home/airflow/.local/lib/python3.7/site-packages/airflow/example_dags/example_skip_dag.py
[2023-06-01T08:59:42.680+0000] {processor.py:743} INFO - Processing file /home/airflow/.local/lib/python3.7/site-packages/airflow/example_dags/example_skip_dag.py for tasks to queue
[2023-06-01T08:59:42.681+0000] {logging_mixin.py:137} INFO - [2023-06-01T08:59:42.680+0000] {dagbag.py:538} INFO - Filling up the DagBag from /home/airflow/.local/lib/python3.7/site-packages/airflow/example_dags/example_skip_dag.py
[2023-06-01T08:59:42.697+0000] {processor.py:753} INFO - DAG(s) dict_keys(['example_skip_dag']) retrieved from /home/airflow/.local/lib/python3.7/site-packages/airflow/example_dags/example_skip_dag.py
[2023-06-01T08:59:42.728+0000] {logging_mixin.py:137} INFO - [2023-06-01T08:59:42.728+0000] {dag.py:2690} INFO - Sync 1 DAGs
[2023-06-01T08:59:42.762+0000] {logging_mixin.py:137} INFO - [2023-06-01T08:59:42.761+0000] {dag.py:3441} INFO - Setting next_dagrun for example_skip_dag to 2023-05-31T08:59:42.761221+00:00, run_after=2023-06-01T08:59:42.761221+00:00
[2023-06-01T08:59:42.784+0000] {processor.py:175} INFO - Processing /home/airflow/.local/lib/python3.7/site-packages/airflow/example_dags/example_skip_dag.py took 0.110 seconds
[2023-06-01T09:00:13.771+0000] {processor.py:153} INFO - Started process (PID=2478) to work on /home/airflow/.local/lib/python3.7/site-packages/airflow/example_dags/example_skip_dag.py
[2023-06-01T09:00:13.771+0000] {processor.py:743} INFO - Processing file /home/airflow/.local/lib/python3.7/site-packages/airflow/example_dags/example_skip_dag.py for tasks to queue
[2023-06-01T09:00:13.772+0000] {logging_mixin.py:137} INFO - [2023-06-01T09:00:13.772+0000] {dagbag.py:538} INFO - Filling up the DagBag from /home/airflow/.local/lib/python3.7/site-packages/airflow/example_dags/example_skip_dag.py
[2023-06-01T09:00:13.786+0000] {processor.py:753} INFO - DAG(s) dict_keys(['example_skip_dag']) retrieved from /home/airflow/.local/lib/python3.7/site-packages/airflow/example_dags/example_skip_dag.py
[2023-06-01T09:00:13.819+0000] {logging_mixin.py:137} INFO - [2023-06-01T09:00:13.819+0000] {dag.py:2690} INFO - Sync 1 DAGs
[2023-06-01T09:00:13.849+0000] {logging_mixin.py:137} INFO - [2023-06-01T09:00:13.849+0000] {dag.py:3441} INFO - Setting next_dagrun for example_skip_dag to 2023-05-31T09:00:13.848699+00:00, run_after=2023-06-01T09:00:13.848699+00:00
[2023-06-01T09:00:13.873+0000] {processor.py:175} INFO - Processing /home/airflow/.local/lib/python3.7/site-packages/airflow/example_dags/example_skip_dag.py took 0.106 seconds
[2023-06-01T09:00:44.537+0000] {processor.py:153} INFO - Started process (PID=2565) to work on /home/airflow/.local/lib/python3.7/site-packages/airflow/example_dags/example_skip_dag.py
[2023-06-01T09:00:44.539+0000] {processor.py:743} INFO - Processing file /home/airflow/.local/lib/python3.7/site-packages/airflow/example_dags/example_skip_dag.py for tasks to queue
[2023-06-01T09:00:44.540+0000] {logging_mixin.py:137} INFO - [2023-06-01T09:00:44.540+0000] {dagbag.py:538} INFO - Filling up the DagBag from /home/airflow/.local/lib/python3.7/site-packages/airflow/example_dags/example_skip_dag.py
[2023-06-01T09:00:44.555+0000] {processor.py:753} INFO - DAG(s) dict_keys(['example_skip_dag']) retrieved from /home/airflow/.local/lib/python3.7/site-packages/airflow/example_dags/example_skip_dag.py
[2023-06-01T09:00:44.590+0000] {logging_mixin.py:137} INFO - [2023-06-01T09:00:44.589+0000] {dag.py:2690} INFO - Sync 1 DAGs
[2023-06-01T09:00:44.623+0000] {logging_mixin.py:137} INFO - [2023-06-01T09:00:44.623+0000] {dag.py:3441} INFO - Setting next_dagrun for example_skip_dag to 2023-05-31T09:00:44.622984+00:00, run_after=2023-06-01T09:00:44.622984+00:00
[2023-06-01T09:00:44.654+0000] {processor.py:175} INFO - Processing /home/airflow/.local/lib/python3.7/site-packages/airflow/example_dags/example_skip_dag.py took 0.122 seconds
[2023-06-01T09:01:15.334+0000] {processor.py:153} INFO - Started process (PID=2652) to work on /home/airflow/.local/lib/python3.7/site-packages/airflow/example_dags/example_skip_dag.py
[2023-06-01T09:01:15.335+0000] {processor.py:743} INFO - Processing file /home/airflow/.local/lib/python3.7/site-packages/airflow/example_dags/example_skip_dag.py for tasks to queue
[2023-06-01T09:01:15.335+0000] {logging_mixin.py:137} INFO - [2023-06-01T09:01:15.335+0000] {dagbag.py:538} INFO - Filling up the DagBag from /home/airflow/.local/lib/python3.7/site-packages/airflow/example_dags/example_skip_dag.py
[2023-06-01T09:01:15.354+0000] {processor.py:753} INFO - DAG(s) dict_keys(['example_skip_dag']) retrieved from /home/airflow/.local/lib/python3.7/site-packages/airflow/example_dags/example_skip_dag.py
[2023-06-01T09:01:15.385+0000] {logging_mixin.py:137} INFO - [2023-06-01T09:01:15.385+0000] {dag.py:2690} INFO - Sync 1 DAGs
[2023-06-01T09:01:15.414+0000] {logging_mixin.py:137} INFO - [2023-06-01T09:01:15.414+0000] {dag.py:3441} INFO - Setting next_dagrun for example_skip_dag to 2023-05-31T09:01:15.413832+00:00, run_after=2023-06-01T09:01:15.413832+00:00
[2023-06-01T09:01:15.434+0000] {processor.py:175} INFO - Processing /home/airflow/.local/lib/python3.7/site-packages/airflow/example_dags/example_skip_dag.py took 0.104 seconds
[2023-06-01T09:01:45.954+0000] {processor.py:153} INFO - Started process (PID=2748) to work on /home/airflow/.local/lib/python3.7/site-packages/airflow/example_dags/example_skip_dag.py
[2023-06-01T09:01:45.955+0000] {processor.py:743} INFO - Processing file /home/airflow/.local/lib/python3.7/site-packages/airflow/example_dags/example_skip_dag.py for tasks to queue
[2023-06-01T09:01:45.956+0000] {logging_mixin.py:137} INFO - [2023-06-01T09:01:45.956+0000] {dagbag.py:538} INFO - Filling up the DagBag from /home/airflow/.local/lib/python3.7/site-packages/airflow/example_dags/example_skip_dag.py
[2023-06-01T09:01:45.973+0000] {processor.py:753} INFO - DAG(s) dict_keys(['example_skip_dag']) retrieved from /home/airflow/.local/lib/python3.7/site-packages/airflow/example_dags/example_skip_dag.py
[2023-06-01T09:01:46.004+0000] {logging_mixin.py:137} INFO - [2023-06-01T09:01:46.004+0000] {dag.py:2690} INFO - Sync 1 DAGs
[2023-06-01T09:01:46.033+0000] {logging_mixin.py:137} INFO - [2023-06-01T09:01:46.033+0000] {dag.py:3441} INFO - Setting next_dagrun for example_skip_dag to 2023-05-31T09:01:46.032745+00:00, run_after=2023-06-01T09:01:46.032745+00:00
[2023-06-01T09:01:46.063+0000] {processor.py:175} INFO - Processing /home/airflow/.local/lib/python3.7/site-packages/airflow/example_dags/example_skip_dag.py took 0.113 seconds
[2023-06-01T09:02:16.251+0000] {processor.py:153} INFO - Started process (PID=2850) to work on /home/airflow/.local/lib/python3.7/site-packages/airflow/example_dags/example_skip_dag.py
[2023-06-01T09:02:16.252+0000] {processor.py:743} INFO - Processing file /home/airflow/.local/lib/python3.7/site-packages/airflow/example_dags/example_skip_dag.py for tasks to queue
[2023-06-01T09:02:16.253+0000] {logging_mixin.py:137} INFO - [2023-06-01T09:02:16.253+0000] {dagbag.py:538} INFO - Filling up the DagBag from /home/airflow/.local/lib/python3.7/site-packages/airflow/example_dags/example_skip_dag.py
[2023-06-01T09:02:16.268+0000] {processor.py:753} INFO - DAG(s) dict_keys(['example_skip_dag']) retrieved from /home/airflow/.local/lib/python3.7/site-packages/airflow/example_dags/example_skip_dag.py
[2023-06-01T09:02:16.299+0000] {logging_mixin.py:137} INFO - [2023-06-01T09:02:16.298+0000] {dag.py:2690} INFO - Sync 1 DAGs
[2023-06-01T09:02:16.330+0000] {logging_mixin.py:137} INFO - [2023-06-01T09:02:16.330+0000] {dag.py:3441} INFO - Setting next_dagrun for example_skip_dag to 2023-05-31T09:02:16.330166+00:00, run_after=2023-06-01T09:02:16.330166+00:00
[2023-06-01T09:02:16.351+0000] {processor.py:175} INFO - Processing /home/airflow/.local/lib/python3.7/site-packages/airflow/example_dags/example_skip_dag.py took 0.102 seconds
[2023-06-01T09:02:46.823+0000] {processor.py:153} INFO - Started process (PID=2937) to work on /home/airflow/.local/lib/python3.7/site-packages/airflow/example_dags/example_skip_dag.py
[2023-06-01T09:02:46.824+0000] {processor.py:743} INFO - Processing file /home/airflow/.local/lib/python3.7/site-packages/airflow/example_dags/example_skip_dag.py for tasks to queue
[2023-06-01T09:02:46.825+0000] {logging_mixin.py:137} INFO - [2023-06-01T09:02:46.825+0000] {dagbag.py:538} INFO - Filling up the DagBag from /home/airflow/.local/lib/python3.7/site-packages/airflow/example_dags/example_skip_dag.py
[2023-06-01T09:02:46.840+0000] {processor.py:753} INFO - DAG(s) dict_keys(['example_skip_dag']) retrieved from /home/airflow/.local/lib/python3.7/site-packages/airflow/example_dags/example_skip_dag.py
[2023-06-01T09:02:46.868+0000] {logging_mixin.py:137} INFO - [2023-06-01T09:02:46.868+0000] {dag.py:2690} INFO - Sync 1 DAGs
[2023-06-01T09:02:46.892+0000] {logging_mixin.py:137} INFO - [2023-06-01T09:02:46.892+0000] {dag.py:3441} INFO - Setting next_dagrun for example_skip_dag to 2023-05-31T09:02:46.891736+00:00, run_after=2023-06-01T09:02:46.891736+00:00
[2023-06-01T09:02:46.909+0000] {processor.py:175} INFO - Processing /home/airflow/.local/lib/python3.7/site-packages/airflow/example_dags/example_skip_dag.py took 0.090 seconds
[2023-06-01T09:03:17.293+0000] {processor.py:153} INFO - Started process (PID=3024) to work on /home/airflow/.local/lib/python3.7/site-packages/airflow/example_dags/example_skip_dag.py
[2023-06-01T09:03:17.294+0000] {processor.py:743} INFO - Processing file /home/airflow/.local/lib/python3.7/site-packages/airflow/example_dags/example_skip_dag.py for tasks to queue
[2023-06-01T09:03:17.294+0000] {logging_mixin.py:137} INFO - [2023-06-01T09:03:17.294+0000] {dagbag.py:538} INFO - Filling up the DagBag from /home/airflow/.local/lib/python3.7/site-packages/airflow/example_dags/example_skip_dag.py
[2023-06-01T09:03:17.309+0000] {processor.py:753} INFO - DAG(s) dict_keys(['example_skip_dag']) retrieved from /home/airflow/.local/lib/python3.7/site-packages/airflow/example_dags/example_skip_dag.py
[2023-06-01T09:03:17.335+0000] {logging_mixin.py:137} INFO - [2023-06-01T09:03:17.335+0000] {dag.py:2690} INFO - Sync 1 DAGs
[2023-06-01T09:03:17.360+0000] {logging_mixin.py:137} INFO - [2023-06-01T09:03:17.360+0000] {dag.py:3441} INFO - Setting next_dagrun for example_skip_dag to 2023-05-31T09:03:17.359846+00:00, run_after=2023-06-01T09:03:17.359846+00:00
[2023-06-01T09:03:17.377+0000] {processor.py:175} INFO - Processing /home/airflow/.local/lib/python3.7/site-packages/airflow/example_dags/example_skip_dag.py took 0.087 seconds
[2023-06-01T09:03:48.014+0000] {processor.py:153} INFO - Started process (PID=3135) to work on /home/airflow/.local/lib/python3.7/site-packages/airflow/example_dags/example_skip_dag.py
[2023-06-01T09:03:48.015+0000] {processor.py:743} INFO - Processing file /home/airflow/.local/lib/python3.7/site-packages/airflow/example_dags/example_skip_dag.py for tasks to queue
[2023-06-01T09:03:48.016+0000] {logging_mixin.py:137} INFO - [2023-06-01T09:03:48.016+0000] {dagbag.py:538} INFO - Filling up the DagBag from /home/airflow/.local/lib/python3.7/site-packages/airflow/example_dags/example_skip_dag.py
[2023-06-01T09:03:48.032+0000] {processor.py:753} INFO - DAG(s) dict_keys(['example_skip_dag']) retrieved from /home/airflow/.local/lib/python3.7/site-packages/airflow/example_dags/example_skip_dag.py
[2023-06-01T09:03:48.061+0000] {logging_mixin.py:137} INFO - [2023-06-01T09:03:48.061+0000] {dag.py:2690} INFO - Sync 1 DAGs
[2023-06-01T09:03:48.088+0000] {logging_mixin.py:137} INFO - [2023-06-01T09:03:48.088+0000] {dag.py:3441} INFO - Setting next_dagrun for example_skip_dag to 2023-05-31T09:03:48.088085+00:00, run_after=2023-06-01T09:03:48.088085+00:00
[2023-06-01T09:03:48.105+0000] {processor.py:175} INFO - Processing /home/airflow/.local/lib/python3.7/site-packages/airflow/example_dags/example_skip_dag.py took 0.094 seconds
[2023-06-01T09:04:18.492+0000] {processor.py:153} INFO - Started process (PID=3222) to work on /home/airflow/.local/lib/python3.7/site-packages/airflow/example_dags/example_skip_dag.py
[2023-06-01T09:04:18.493+0000] {processor.py:743} INFO - Processing file /home/airflow/.local/lib/python3.7/site-packages/airflow/example_dags/example_skip_dag.py for tasks to queue
[2023-06-01T09:04:18.494+0000] {logging_mixin.py:137} INFO - [2023-06-01T09:04:18.494+0000] {dagbag.py:538} INFO - Filling up the DagBag from /home/airflow/.local/lib/python3.7/site-packages/airflow/example_dags/example_skip_dag.py
[2023-06-01T09:04:18.508+0000] {processor.py:753} INFO - DAG(s) dict_keys(['example_skip_dag']) retrieved from /home/airflow/.local/lib/python3.7/site-packages/airflow/example_dags/example_skip_dag.py
[2023-06-01T09:04:18.533+0000] {logging_mixin.py:137} INFO - [2023-06-01T09:04:18.533+0000] {dag.py:2690} INFO - Sync 1 DAGs
[2023-06-01T09:04:18.556+0000] {logging_mixin.py:137} INFO - [2023-06-01T09:04:18.556+0000] {dag.py:3441} INFO - Setting next_dagrun for example_skip_dag to 2023-05-31T09:04:18.556544+00:00, run_after=2023-06-01T09:04:18.556544+00:00
[2023-06-01T09:04:18.573+0000] {processor.py:175} INFO - Processing /home/airflow/.local/lib/python3.7/site-packages/airflow/example_dags/example_skip_dag.py took 0.085 seconds
[2023-06-01T09:04:49.100+0000] {processor.py:153} INFO - Started process (PID=3309) to work on /home/airflow/.local/lib/python3.7/site-packages/airflow/example_dags/example_skip_dag.py
[2023-06-01T09:04:49.103+0000] {processor.py:743} INFO - Processing file /home/airflow/.local/lib/python3.7/site-packages/airflow/example_dags/example_skip_dag.py for tasks to queue
[2023-06-01T09:04:49.104+0000] {logging_mixin.py:137} INFO - [2023-06-01T09:04:49.104+0000] {dagbag.py:538} INFO - Filling up the DagBag from /home/airflow/.local/lib/python3.7/site-packages/airflow/example_dags/example_skip_dag.py
[2023-06-01T09:04:49.119+0000] {processor.py:753} INFO - DAG(s) dict_keys(['example_skip_dag']) retrieved from /home/airflow/.local/lib/python3.7/site-packages/airflow/example_dags/example_skip_dag.py
[2023-06-01T09:04:49.150+0000] {logging_mixin.py:137} INFO - [2023-06-01T09:04:49.150+0000] {dag.py:2690} INFO - Sync 1 DAGs
[2023-06-01T09:04:49.178+0000] {logging_mixin.py:137} INFO - [2023-06-01T09:04:49.178+0000] {dag.py:3441} INFO - Setting next_dagrun for example_skip_dag to 2023-05-31T09:04:49.178310+00:00, run_after=2023-06-01T09:04:49.178310+00:00
[2023-06-01T09:04:49.206+0000] {processor.py:175} INFO - Processing /home/airflow/.local/lib/python3.7/site-packages/airflow/example_dags/example_skip_dag.py took 0.110 seconds
[2023-06-01T09:05:20.502+0000] {processor.py:153} INFO - Started process (PID=3396) to work on /home/airflow/.local/lib/python3.7/site-packages/airflow/example_dags/example_skip_dag.py
[2023-06-01T09:05:20.505+0000] {processor.py:743} INFO - Processing file /home/airflow/.local/lib/python3.7/site-packages/airflow/example_dags/example_skip_dag.py for tasks to queue
[2023-06-01T09:05:20.506+0000] {logging_mixin.py:137} INFO - [2023-06-01T09:05:20.506+0000] {dagbag.py:538} INFO - Filling up the DagBag from /home/airflow/.local/lib/python3.7/site-packages/airflow/example_dags/example_skip_dag.py
[2023-06-01T09:05:20.534+0000] {processor.py:753} INFO - DAG(s) dict_keys(['example_skip_dag']) retrieved from /home/airflow/.local/lib/python3.7/site-packages/airflow/example_dags/example_skip_dag.py
[2023-06-01T09:05:20.577+0000] {logging_mixin.py:137} INFO - [2023-06-01T09:05:20.577+0000] {dag.py:2690} INFO - Sync 1 DAGs
[2023-06-01T09:05:20.619+0000] {logging_mixin.py:137} INFO - [2023-06-01T09:05:20.619+0000] {dag.py:3441} INFO - Setting next_dagrun for example_skip_dag to 2023-05-31T09:05:20.618883+00:00, run_after=2023-06-01T09:05:20.618883+00:00
[2023-06-01T09:05:20.659+0000] {processor.py:175} INFO - Processing /home/airflow/.local/lib/python3.7/site-packages/airflow/example_dags/example_skip_dag.py took 0.161 seconds
[2023-06-01T09:05:50.902+0000] {processor.py:153} INFO - Started process (PID=3492) to work on /home/airflow/.local/lib/python3.7/site-packages/airflow/example_dags/example_skip_dag.py
[2023-06-01T09:05:50.903+0000] {processor.py:743} INFO - Processing file /home/airflow/.local/lib/python3.7/site-packages/airflow/example_dags/example_skip_dag.py for tasks to queue
[2023-06-01T09:05:50.904+0000] {logging_mixin.py:137} INFO - [2023-06-01T09:05:50.903+0000] {dagbag.py:538} INFO - Filling up the DagBag from /home/airflow/.local/lib/python3.7/site-packages/airflow/example_dags/example_skip_dag.py
[2023-06-01T09:05:50.921+0000] {processor.py:753} INFO - DAG(s) dict_keys(['example_skip_dag']) retrieved from /home/airflow/.local/lib/python3.7/site-packages/airflow/example_dags/example_skip_dag.py
[2023-06-01T09:05:50.961+0000] {logging_mixin.py:137} INFO - [2023-06-01T09:05:50.961+0000] {dag.py:2690} INFO - Sync 1 DAGs
[2023-06-01T09:05:51.007+0000] {logging_mixin.py:137} INFO - [2023-06-01T09:05:51.007+0000] {dag.py:3441} INFO - Setting next_dagrun for example_skip_dag to 2023-05-31T09:05:51.006716+00:00, run_after=2023-06-01T09:05:51.006716+00:00
[2023-06-01T09:05:51.049+0000] {processor.py:175} INFO - Processing /home/airflow/.local/lib/python3.7/site-packages/airflow/example_dags/example_skip_dag.py took 0.151 seconds
[2023-06-01T09:06:21.514+0000] {processor.py:153} INFO - Started process (PID=3594) to work on /home/airflow/.local/lib/python3.7/site-packages/airflow/example_dags/example_skip_dag.py
[2023-06-01T09:06:21.517+0000] {processor.py:743} INFO - Processing file /home/airflow/.local/lib/python3.7/site-packages/airflow/example_dags/example_skip_dag.py for tasks to queue
[2023-06-01T09:06:21.518+0000] {logging_mixin.py:137} INFO - [2023-06-01T09:06:21.518+0000] {dagbag.py:538} INFO - Filling up the DagBag from /home/airflow/.local/lib/python3.7/site-packages/airflow/example_dags/example_skip_dag.py
[2023-06-01T09:06:21.532+0000] {processor.py:753} INFO - DAG(s) dict_keys(['example_skip_dag']) retrieved from /home/airflow/.local/lib/python3.7/site-packages/airflow/example_dags/example_skip_dag.py
[2023-06-01T09:06:21.574+0000] {logging_mixin.py:137} INFO - [2023-06-01T09:06:21.574+0000] {dag.py:2690} INFO - Sync 1 DAGs
[2023-06-01T09:06:21.612+0000] {logging_mixin.py:137} INFO - [2023-06-01T09:06:21.612+0000] {dag.py:3441} INFO - Setting next_dagrun for example_skip_dag to 2023-05-31T09:06:21.612293+00:00, run_after=2023-06-01T09:06:21.612293+00:00
[2023-06-01T09:06:21.645+0000] {processor.py:175} INFO - Processing /home/airflow/.local/lib/python3.7/site-packages/airflow/example_dags/example_skip_dag.py took 0.137 seconds
[2023-06-01T09:06:51.746+0000] {processor.py:153} INFO - Started process (PID=3681) to work on /home/airflow/.local/lib/python3.7/site-packages/airflow/example_dags/example_skip_dag.py
[2023-06-01T09:06:51.748+0000] {processor.py:743} INFO - Processing file /home/airflow/.local/lib/python3.7/site-packages/airflow/example_dags/example_skip_dag.py for tasks to queue
[2023-06-01T09:06:51.749+0000] {logging_mixin.py:137} INFO - [2023-06-01T09:06:51.749+0000] {dagbag.py:538} INFO - Filling up the DagBag from /home/airflow/.local/lib/python3.7/site-packages/airflow/example_dags/example_skip_dag.py
[2023-06-01T09:06:51.764+0000] {processor.py:753} INFO - DAG(s) dict_keys(['example_skip_dag']) retrieved from /home/airflow/.local/lib/python3.7/site-packages/airflow/example_dags/example_skip_dag.py
[2023-06-01T09:06:51.799+0000] {logging_mixin.py:137} INFO - [2023-06-01T09:06:51.799+0000] {dag.py:2690} INFO - Sync 1 DAGs
[2023-06-01T09:06:51.830+0000] {logging_mixin.py:137} INFO - [2023-06-01T09:06:51.830+0000] {dag.py:3441} INFO - Setting next_dagrun for example_skip_dag to 2023-05-31T09:06:51.829658+00:00, run_after=2023-06-01T09:06:51.829658+00:00
[2023-06-01T09:06:51.866+0000] {processor.py:175} INFO - Processing /home/airflow/.local/lib/python3.7/site-packages/airflow/example_dags/example_skip_dag.py took 0.124 seconds
[2023-06-01T09:07:22.777+0000] {processor.py:153} INFO - Started process (PID=3768) to work on /home/airflow/.local/lib/python3.7/site-packages/airflow/example_dags/example_skip_dag.py
[2023-06-01T09:07:22.779+0000] {processor.py:743} INFO - Processing file /home/airflow/.local/lib/python3.7/site-packages/airflow/example_dags/example_skip_dag.py for tasks to queue
[2023-06-01T09:07:22.780+0000] {logging_mixin.py:137} INFO - [2023-06-01T09:07:22.780+0000] {dagbag.py:538} INFO - Filling up the DagBag from /home/airflow/.local/lib/python3.7/site-packages/airflow/example_dags/example_skip_dag.py
[2023-06-01T09:07:22.798+0000] {processor.py:753} INFO - DAG(s) dict_keys(['example_skip_dag']) retrieved from /home/airflow/.local/lib/python3.7/site-packages/airflow/example_dags/example_skip_dag.py
[2023-06-01T09:07:22.830+0000] {logging_mixin.py:137} INFO - [2023-06-01T09:07:22.829+0000] {dag.py:2690} INFO - Sync 1 DAGs
[2023-06-01T09:07:22.860+0000] {logging_mixin.py:137} INFO - [2023-06-01T09:07:22.860+0000] {dag.py:3441} INFO - Setting next_dagrun for example_skip_dag to 2023-05-31T09:07:22.859992+00:00, run_after=2023-06-01T09:07:22.859992+00:00
[2023-06-01T09:07:22.886+0000] {processor.py:175} INFO - Processing /home/airflow/.local/lib/python3.7/site-packages/airflow/example_dags/example_skip_dag.py took 0.112 seconds
[2023-06-01T09:07:53.596+0000] {processor.py:153} INFO - Started process (PID=3855) to work on /home/airflow/.local/lib/python3.7/site-packages/airflow/example_dags/example_skip_dag.py
[2023-06-01T09:07:53.598+0000] {processor.py:743} INFO - Processing file /home/airflow/.local/lib/python3.7/site-packages/airflow/example_dags/example_skip_dag.py for tasks to queue
[2023-06-01T09:07:53.599+0000] {logging_mixin.py:137} INFO - [2023-06-01T09:07:53.599+0000] {dagbag.py:538} INFO - Filling up the DagBag from /home/airflow/.local/lib/python3.7/site-packages/airflow/example_dags/example_skip_dag.py
[2023-06-01T09:07:53.616+0000] {processor.py:753} INFO - DAG(s) dict_keys(['example_skip_dag']) retrieved from /home/airflow/.local/lib/python3.7/site-packages/airflow/example_dags/example_skip_dag.py
[2023-06-01T09:07:53.647+0000] {logging_mixin.py:137} INFO - [2023-06-01T09:07:53.647+0000] {dag.py:2690} INFO - Sync 1 DAGs
[2023-06-01T09:07:53.683+0000] {logging_mixin.py:137} INFO - [2023-06-01T09:07:53.683+0000] {dag.py:3441} INFO - Setting next_dagrun for example_skip_dag to 2023-05-31T09:07:53.682922+00:00, run_after=2023-06-01T09:07:53.682922+00:00
[2023-06-01T09:07:53.712+0000] {processor.py:175} INFO - Processing /home/airflow/.local/lib/python3.7/site-packages/airflow/example_dags/example_skip_dag.py took 0.119 seconds
[2023-06-01T09:08:24.422+0000] {processor.py:153} INFO - Started process (PID=3966) to work on /home/airflow/.local/lib/python3.7/site-packages/airflow/example_dags/example_skip_dag.py
[2023-06-01T09:08:24.424+0000] {processor.py:743} INFO - Processing file /home/airflow/.local/lib/python3.7/site-packages/airflow/example_dags/example_skip_dag.py for tasks to queue
[2023-06-01T09:08:24.424+0000] {logging_mixin.py:137} INFO - [2023-06-01T09:08:24.424+0000] {dagbag.py:538} INFO - Filling up the DagBag from /home/airflow/.local/lib/python3.7/site-packages/airflow/example_dags/example_skip_dag.py
[2023-06-01T09:08:24.438+0000] {processor.py:753} INFO - DAG(s) dict_keys(['example_skip_dag']) retrieved from /home/airflow/.local/lib/python3.7/site-packages/airflow/example_dags/example_skip_dag.py
[2023-06-01T09:08:24.477+0000] {logging_mixin.py:137} INFO - [2023-06-01T09:08:24.476+0000] {dag.py:2690} INFO - Sync 1 DAGs
[2023-06-01T09:08:24.511+0000] {logging_mixin.py:137} INFO - [2023-06-01T09:08:24.511+0000] {dag.py:3441} INFO - Setting next_dagrun for example_skip_dag to 2023-05-31T09:08:24.511091+00:00, run_after=2023-06-01T09:08:24.511091+00:00
[2023-06-01T09:08:24.540+0000] {processor.py:175} INFO - Processing /home/airflow/.local/lib/python3.7/site-packages/airflow/example_dags/example_skip_dag.py took 0.121 seconds
[2023-06-01T09:08:54.961+0000] {processor.py:153} INFO - Started process (PID=4053) to work on /home/airflow/.local/lib/python3.7/site-packages/airflow/example_dags/example_skip_dag.py
[2023-06-01T09:08:54.964+0000] {processor.py:743} INFO - Processing file /home/airflow/.local/lib/python3.7/site-packages/airflow/example_dags/example_skip_dag.py for tasks to queue
[2023-06-01T09:08:54.965+0000] {logging_mixin.py:137} INFO - [2023-06-01T09:08:54.965+0000] {dagbag.py:538} INFO - Filling up the DagBag from /home/airflow/.local/lib/python3.7/site-packages/airflow/example_dags/example_skip_dag.py
[2023-06-01T09:08:54.983+0000] {processor.py:753} INFO - DAG(s) dict_keys(['example_skip_dag']) retrieved from /home/airflow/.local/lib/python3.7/site-packages/airflow/example_dags/example_skip_dag.py
[2023-06-01T09:08:55.015+0000] {logging_mixin.py:137} INFO - [2023-06-01T09:08:55.014+0000] {dag.py:2690} INFO - Sync 1 DAGs
[2023-06-01T09:08:55.045+0000] {logging_mixin.py:137} INFO - [2023-06-01T09:08:55.045+0000] {dag.py:3441} INFO - Setting next_dagrun for example_skip_dag to 2023-05-31T09:08:55.044934+00:00, run_after=2023-06-01T09:08:55.044934+00:00
[2023-06-01T09:08:55.068+0000] {processor.py:175} INFO - Processing /home/airflow/.local/lib/python3.7/site-packages/airflow/example_dags/example_skip_dag.py took 0.110 seconds
[2023-06-01T09:09:25.450+0000] {processor.py:153} INFO - Started process (PID=4140) to work on /home/airflow/.local/lib/python3.7/site-packages/airflow/example_dags/example_skip_dag.py
[2023-06-01T09:09:25.451+0000] {processor.py:743} INFO - Processing file /home/airflow/.local/lib/python3.7/site-packages/airflow/example_dags/example_skip_dag.py for tasks to queue
[2023-06-01T09:09:25.452+0000] {logging_mixin.py:137} INFO - [2023-06-01T09:09:25.452+0000] {dagbag.py:538} INFO - Filling up the DagBag from /home/airflow/.local/lib/python3.7/site-packages/airflow/example_dags/example_skip_dag.py
[2023-06-01T09:09:25.469+0000] {processor.py:753} INFO - DAG(s) dict_keys(['example_skip_dag']) retrieved from /home/airflow/.local/lib/python3.7/site-packages/airflow/example_dags/example_skip_dag.py
[2023-06-01T09:09:25.501+0000] {logging_mixin.py:137} INFO - [2023-06-01T09:09:25.501+0000] {dag.py:2690} INFO - Sync 1 DAGs
[2023-06-01T09:09:25.535+0000] {logging_mixin.py:137} INFO - [2023-06-01T09:09:25.535+0000] {dag.py:3441} INFO - Setting next_dagrun for example_skip_dag to 2023-05-31T09:09:25.535117+00:00, run_after=2023-06-01T09:09:25.535117+00:00
[2023-06-01T09:09:25.557+0000] {processor.py:175} INFO - Processing /home/airflow/.local/lib/python3.7/site-packages/airflow/example_dags/example_skip_dag.py took 0.111 seconds
[2023-06-01T09:09:56.349+0000] {processor.py:153} INFO - Started process (PID=4227) to work on /home/airflow/.local/lib/python3.7/site-packages/airflow/example_dags/example_skip_dag.py
[2023-06-01T09:09:56.351+0000] {processor.py:743} INFO - Processing file /home/airflow/.local/lib/python3.7/site-packages/airflow/example_dags/example_skip_dag.py for tasks to queue
[2023-06-01T09:09:56.352+0000] {logging_mixin.py:137} INFO - [2023-06-01T09:09:56.352+0000] {dagbag.py:538} INFO - Filling up the DagBag from /home/airflow/.local/lib/python3.7/site-packages/airflow/example_dags/example_skip_dag.py
[2023-06-01T09:09:56.368+0000] {processor.py:753} INFO - DAG(s) dict_keys(['example_skip_dag']) retrieved from /home/airflow/.local/lib/python3.7/site-packages/airflow/example_dags/example_skip_dag.py
[2023-06-01T09:09:56.397+0000] {logging_mixin.py:137} INFO - [2023-06-01T09:09:56.397+0000] {dag.py:2690} INFO - Sync 1 DAGs
[2023-06-01T09:09:56.427+0000] {logging_mixin.py:137} INFO - [2023-06-01T09:09:56.426+0000] {dag.py:3441} INFO - Setting next_dagrun for example_skip_dag to 2023-05-31T09:09:56.426346+00:00, run_after=2023-06-01T09:09:56.426346+00:00
[2023-06-01T09:09:56.445+0000] {processor.py:175} INFO - Processing /home/airflow/.local/lib/python3.7/site-packages/airflow/example_dags/example_skip_dag.py took 0.100 seconds
[2023-06-01T09:10:26.704+0000] {processor.py:153} INFO - Started process (PID=4338) to work on /home/airflow/.local/lib/python3.7/site-packages/airflow/example_dags/example_skip_dag.py
[2023-06-01T09:10:26.706+0000] {processor.py:743} INFO - Processing file /home/airflow/.local/lib/python3.7/site-packages/airflow/example_dags/example_skip_dag.py for tasks to queue
[2023-06-01T09:10:26.706+0000] {logging_mixin.py:137} INFO - [2023-06-01T09:10:26.706+0000] {dagbag.py:538} INFO - Filling up the DagBag from /home/airflow/.local/lib/python3.7/site-packages/airflow/example_dags/example_skip_dag.py
[2023-06-01T09:10:26.721+0000] {processor.py:753} INFO - DAG(s) dict_keys(['example_skip_dag']) retrieved from /home/airflow/.local/lib/python3.7/site-packages/airflow/example_dags/example_skip_dag.py
[2023-06-01T09:10:26.751+0000] {logging_mixin.py:137} INFO - [2023-06-01T09:10:26.750+0000] {dag.py:2690} INFO - Sync 1 DAGs
[2023-06-01T09:10:26.785+0000] {logging_mixin.py:137} INFO - [2023-06-01T09:10:26.784+0000] {dag.py:3441} INFO - Setting next_dagrun for example_skip_dag to 2023-05-31T09:10:26.784503+00:00, run_after=2023-06-01T09:10:26.784503+00:00
[2023-06-01T09:10:26.813+0000] {processor.py:175} INFO - Processing /home/airflow/.local/lib/python3.7/site-packages/airflow/example_dags/example_skip_dag.py took 0.113 seconds
[2023-06-01T09:10:57.243+0000] {processor.py:153} INFO - Started process (PID=4425) to work on /home/airflow/.local/lib/python3.7/site-packages/airflow/example_dags/example_skip_dag.py
[2023-06-01T09:10:57.244+0000] {processor.py:743} INFO - Processing file /home/airflow/.local/lib/python3.7/site-packages/airflow/example_dags/example_skip_dag.py for tasks to queue
[2023-06-01T09:10:57.245+0000] {logging_mixin.py:137} INFO - [2023-06-01T09:10:57.245+0000] {dagbag.py:538} INFO - Filling up the DagBag from /home/airflow/.local/lib/python3.7/site-packages/airflow/example_dags/example_skip_dag.py
[2023-06-01T09:10:57.260+0000] {processor.py:753} INFO - DAG(s) dict_keys(['example_skip_dag']) retrieved from /home/airflow/.local/lib/python3.7/site-packages/airflow/example_dags/example_skip_dag.py
[2023-06-01T09:10:57.289+0000] {logging_mixin.py:137} INFO - [2023-06-01T09:10:57.289+0000] {dag.py:2690} INFO - Sync 1 DAGs
[2023-06-01T09:10:57.320+0000] {logging_mixin.py:137} INFO - [2023-06-01T09:10:57.320+0000] {dag.py:3441} INFO - Setting next_dagrun for example_skip_dag to 2023-05-31T09:10:57.319839+00:00, run_after=2023-06-01T09:10:57.319839+00:00
[2023-06-01T09:10:57.342+0000] {processor.py:175} INFO - Processing /home/airflow/.local/lib/python3.7/site-packages/airflow/example_dags/example_skip_dag.py took 0.103 seconds
[2023-06-01T09:11:27.534+0000] {processor.py:153} INFO - Started process (PID=4512) to work on /home/airflow/.local/lib/python3.7/site-packages/airflow/example_dags/example_skip_dag.py
[2023-06-01T09:11:27.536+0000] {processor.py:743} INFO - Processing file /home/airflow/.local/lib/python3.7/site-packages/airflow/example_dags/example_skip_dag.py for tasks to queue
[2023-06-01T09:11:27.537+0000] {logging_mixin.py:137} INFO - [2023-06-01T09:11:27.536+0000] {dagbag.py:538} INFO - Filling up the DagBag from /home/airflow/.local/lib/python3.7/site-packages/airflow/example_dags/example_skip_dag.py
[2023-06-01T09:11:27.550+0000] {processor.py:753} INFO - DAG(s) dict_keys(['example_skip_dag']) retrieved from /home/airflow/.local/lib/python3.7/site-packages/airflow/example_dags/example_skip_dag.py
[2023-06-01T09:11:27.574+0000] {logging_mixin.py:137} INFO - [2023-06-01T09:11:27.574+0000] {dag.py:2690} INFO - Sync 1 DAGs
[2023-06-01T09:11:27.597+0000] {logging_mixin.py:137} INFO - [2023-06-01T09:11:27.597+0000] {dag.py:3441} INFO - Setting next_dagrun for example_skip_dag to 2023-05-31T09:11:27.597242+00:00, run_after=2023-06-01T09:11:27.597242+00:00
[2023-06-01T09:11:27.614+0000] {processor.py:175} INFO - Processing /home/airflow/.local/lib/python3.7/site-packages/airflow/example_dags/example_skip_dag.py took 0.082 seconds
[2023-06-01T09:11:57.956+0000] {processor.py:153} INFO - Started process (PID=4608) to work on /home/airflow/.local/lib/python3.7/site-packages/airflow/example_dags/example_skip_dag.py
[2023-06-01T09:11:57.957+0000] {processor.py:743} INFO - Processing file /home/airflow/.local/lib/python3.7/site-packages/airflow/example_dags/example_skip_dag.py for tasks to queue
[2023-06-01T09:11:57.958+0000] {logging_mixin.py:137} INFO - [2023-06-01T09:11:57.958+0000] {dagbag.py:538} INFO - Filling up the DagBag from /home/airflow/.local/lib/python3.7/site-packages/airflow/example_dags/example_skip_dag.py
[2023-06-01T09:11:57.974+0000] {processor.py:753} INFO - DAG(s) dict_keys(['example_skip_dag']) retrieved from /home/airflow/.local/lib/python3.7/site-packages/airflow/example_dags/example_skip_dag.py
[2023-06-01T09:11:58.007+0000] {logging_mixin.py:137} INFO - [2023-06-01T09:11:58.007+0000] {dag.py:2690} INFO - Sync 1 DAGs
[2023-06-01T09:11:58.034+0000] {logging_mixin.py:137} INFO - [2023-06-01T09:11:58.034+0000] {dag.py:3441} INFO - Setting next_dagrun for example_skip_dag to 2023-05-31T09:11:58.034116+00:00, run_after=2023-06-01T09:11:58.034116+00:00
[2023-06-01T09:11:58.053+0000] {processor.py:175} INFO - Processing /home/airflow/.local/lib/python3.7/site-packages/airflow/example_dags/example_skip_dag.py took 0.100 seconds
[2023-06-01T09:12:28.805+0000] {processor.py:153} INFO - Started process (PID=4710) to work on /home/airflow/.local/lib/python3.7/site-packages/airflow/example_dags/example_skip_dag.py
[2023-06-01T09:12:28.806+0000] {processor.py:743} INFO - Processing file /home/airflow/.local/lib/python3.7/site-packages/airflow/example_dags/example_skip_dag.py for tasks to queue
[2023-06-01T09:12:28.807+0000] {logging_mixin.py:137} INFO - [2023-06-01T09:12:28.807+0000] {dagbag.py:538} INFO - Filling up the DagBag from /home/airflow/.local/lib/python3.7/site-packages/airflow/example_dags/example_skip_dag.py
[2023-06-01T09:12:28.824+0000] {processor.py:753} INFO - DAG(s) dict_keys(['example_skip_dag']) retrieved from /home/airflow/.local/lib/python3.7/site-packages/airflow/example_dags/example_skip_dag.py
[2023-06-01T09:12:28.887+0000] {logging_mixin.py:137} INFO - [2023-06-01T09:12:28.887+0000] {dag.py:2690} INFO - Sync 1 DAGs
[2023-06-01T09:12:28.917+0000] {logging_mixin.py:137} INFO - [2023-06-01T09:12:28.917+0000] {dag.py:3441} INFO - Setting next_dagrun for example_skip_dag to 2023-05-31T09:12:28.916750+00:00, run_after=2023-06-01T09:12:28.916750+00:00
[2023-06-01T09:12:28.942+0000] {processor.py:175} INFO - Processing /home/airflow/.local/lib/python3.7/site-packages/airflow/example_dags/example_skip_dag.py took 0.141 seconds
