[2023-06-01T08:47:25.378+0000] {processor.py:153} INFO - Started process (PID=99) to work on /home/airflow/.local/lib/python3.7/site-packages/airflow/example_dags/example_external_task_marker_dag.py
[2023-06-01T08:47:25.379+0000] {processor.py:743} INFO - Processing file /home/airflow/.local/lib/python3.7/site-packages/airflow/example_dags/example_external_task_marker_dag.py for tasks to queue
[2023-06-01T08:47:25.380+0000] {logging_mixin.py:137} INFO - [2023-06-01T08:47:25.380+0000] {dagbag.py:538} INFO - Filling up the DagBag from /home/airflow/.local/lib/python3.7/site-packages/airflow/example_dags/example_external_task_marker_dag.py
[2023-06-01T08:47:25.400+0000] {processor.py:753} INFO - DAG(s) dict_keys(['example_external_task_marker_parent', 'example_external_task_marker_child']) retrieved from /home/airflow/.local/lib/python3.7/site-packages/airflow/example_dags/example_external_task_marker_dag.py
[2023-06-01T08:47:25.419+0000] {logging_mixin.py:137} INFO - [2023-06-01T08:47:25.419+0000] {dag.py:2690} INFO - Sync 2 DAGs
[2023-06-01T08:47:25.454+0000] {logging_mixin.py:137} INFO - [2023-06-01T08:47:25.454+0000] {dag.py:3441} INFO - Setting next_dagrun for example_external_task_marker_child to None, run_after=None
[2023-06-01T08:47:25.458+0000] {logging_mixin.py:137} INFO - [2023-06-01T08:47:25.458+0000] {dag.py:3441} INFO - Setting next_dagrun for example_external_task_marker_parent to None, run_after=None
[2023-06-01T08:47:25.481+0000] {processor.py:175} INFO - Processing /home/airflow/.local/lib/python3.7/site-packages/airflow/example_dags/example_external_task_marker_dag.py took 0.107 seconds
[2023-06-01T08:47:56.099+0000] {processor.py:153} INFO - Started process (PID=186) to work on /home/airflow/.local/lib/python3.7/site-packages/airflow/example_dags/example_external_task_marker_dag.py
[2023-06-01T08:47:56.099+0000] {processor.py:743} INFO - Processing file /home/airflow/.local/lib/python3.7/site-packages/airflow/example_dags/example_external_task_marker_dag.py for tasks to queue
[2023-06-01T08:47:56.100+0000] {logging_mixin.py:137} INFO - [2023-06-01T08:47:56.100+0000] {dagbag.py:538} INFO - Filling up the DagBag from /home/airflow/.local/lib/python3.7/site-packages/airflow/example_dags/example_external_task_marker_dag.py
[2023-06-01T08:47:56.112+0000] {processor.py:753} INFO - DAG(s) dict_keys(['example_external_task_marker_child', 'example_external_task_marker_parent']) retrieved from /home/airflow/.local/lib/python3.7/site-packages/airflow/example_dags/example_external_task_marker_dag.py
[2023-06-01T08:47:56.170+0000] {logging_mixin.py:137} INFO - [2023-06-01T08:47:56.170+0000] {dag.py:2690} INFO - Sync 2 DAGs
[2023-06-01T08:47:56.192+0000] {logging_mixin.py:137} INFO - [2023-06-01T08:47:56.192+0000] {dag.py:3441} INFO - Setting next_dagrun for example_external_task_marker_child to None, run_after=None
[2023-06-01T08:47:56.194+0000] {logging_mixin.py:137} INFO - [2023-06-01T08:47:56.194+0000] {dag.py:3441} INFO - Setting next_dagrun for example_external_task_marker_parent to None, run_after=None
[2023-06-01T08:47:56.213+0000] {processor.py:175} INFO - Processing /home/airflow/.local/lib/python3.7/site-packages/airflow/example_dags/example_external_task_marker_dag.py took 0.117 seconds
[2023-06-01T08:48:27.144+0000] {processor.py:153} INFO - Started process (PID=273) to work on /home/airflow/.local/lib/python3.7/site-packages/airflow/example_dags/example_external_task_marker_dag.py
[2023-06-01T08:48:27.145+0000] {processor.py:743} INFO - Processing file /home/airflow/.local/lib/python3.7/site-packages/airflow/example_dags/example_external_task_marker_dag.py for tasks to queue
[2023-06-01T08:48:27.146+0000] {logging_mixin.py:137} INFO - [2023-06-01T08:48:27.146+0000] {dagbag.py:538} INFO - Filling up the DagBag from /home/airflow/.local/lib/python3.7/site-packages/airflow/example_dags/example_external_task_marker_dag.py
[2023-06-01T08:48:27.160+0000] {processor.py:753} INFO - DAG(s) dict_keys(['example_external_task_marker_parent', 'example_external_task_marker_child']) retrieved from /home/airflow/.local/lib/python3.7/site-packages/airflow/example_dags/example_external_task_marker_dag.py
[2023-06-01T08:48:27.188+0000] {logging_mixin.py:137} INFO - [2023-06-01T08:48:27.188+0000] {dag.py:2690} INFO - Sync 2 DAGs
[2023-06-01T08:48:27.213+0000] {logging_mixin.py:137} INFO - [2023-06-01T08:48:27.213+0000] {dag.py:3441} INFO - Setting next_dagrun for example_external_task_marker_child to None, run_after=None
[2023-06-01T08:48:27.217+0000] {logging_mixin.py:137} INFO - [2023-06-01T08:48:27.217+0000] {dag.py:3441} INFO - Setting next_dagrun for example_external_task_marker_parent to None, run_after=None
[2023-06-01T08:48:27.234+0000] {processor.py:175} INFO - Processing /home/airflow/.local/lib/python3.7/site-packages/airflow/example_dags/example_external_task_marker_dag.py took 0.094 seconds
[2023-06-01T08:48:58.022+0000] {processor.py:153} INFO - Started process (PID=384) to work on /home/airflow/.local/lib/python3.7/site-packages/airflow/example_dags/example_external_task_marker_dag.py
[2023-06-01T08:48:58.022+0000] {processor.py:743} INFO - Processing file /home/airflow/.local/lib/python3.7/site-packages/airflow/example_dags/example_external_task_marker_dag.py for tasks to queue
[2023-06-01T08:48:58.023+0000] {logging_mixin.py:137} INFO - [2023-06-01T08:48:58.023+0000] {dagbag.py:538} INFO - Filling up the DagBag from /home/airflow/.local/lib/python3.7/site-packages/airflow/example_dags/example_external_task_marker_dag.py
[2023-06-01T08:48:58.038+0000] {processor.py:753} INFO - DAG(s) dict_keys(['example_external_task_marker_child', 'example_external_task_marker_parent']) retrieved from /home/airflow/.local/lib/python3.7/site-packages/airflow/example_dags/example_external_task_marker_dag.py
[2023-06-01T08:48:58.072+0000] {logging_mixin.py:137} INFO - [2023-06-01T08:48:58.072+0000] {dag.py:2690} INFO - Sync 2 DAGs
[2023-06-01T08:48:58.099+0000] {logging_mixin.py:137} INFO - [2023-06-01T08:48:58.098+0000] {dag.py:3441} INFO - Setting next_dagrun for example_external_task_marker_child to None, run_after=None
[2023-06-01T08:48:58.102+0000] {logging_mixin.py:137} INFO - [2023-06-01T08:48:58.102+0000] {dag.py:3441} INFO - Setting next_dagrun for example_external_task_marker_parent to None, run_after=None
[2023-06-01T08:48:58.119+0000] {processor.py:175} INFO - Processing /home/airflow/.local/lib/python3.7/site-packages/airflow/example_dags/example_external_task_marker_dag.py took 0.101 seconds
[2023-06-01T08:49:29.107+0000] {processor.py:153} INFO - Started process (PID=471) to work on /home/airflow/.local/lib/python3.7/site-packages/airflow/example_dags/example_external_task_marker_dag.py
[2023-06-01T08:49:29.108+0000] {processor.py:743} INFO - Processing file /home/airflow/.local/lib/python3.7/site-packages/airflow/example_dags/example_external_task_marker_dag.py for tasks to queue
[2023-06-01T08:49:29.109+0000] {logging_mixin.py:137} INFO - [2023-06-01T08:49:29.109+0000] {dagbag.py:538} INFO - Filling up the DagBag from /home/airflow/.local/lib/python3.7/site-packages/airflow/example_dags/example_external_task_marker_dag.py
[2023-06-01T08:49:29.122+0000] {processor.py:753} INFO - DAG(s) dict_keys(['example_external_task_marker_child', 'example_external_task_marker_parent']) retrieved from /home/airflow/.local/lib/python3.7/site-packages/airflow/example_dags/example_external_task_marker_dag.py
[2023-06-01T08:49:29.149+0000] {logging_mixin.py:137} INFO - [2023-06-01T08:49:29.149+0000] {dag.py:2690} INFO - Sync 2 DAGs
[2023-06-01T08:49:29.176+0000] {logging_mixin.py:137} INFO - [2023-06-01T08:49:29.176+0000] {dag.py:3441} INFO - Setting next_dagrun for example_external_task_marker_child to None, run_after=None
[2023-06-01T08:49:29.180+0000] {logging_mixin.py:137} INFO - [2023-06-01T08:49:29.180+0000] {dag.py:3441} INFO - Setting next_dagrun for example_external_task_marker_parent to None, run_after=None
[2023-06-01T08:49:29.199+0000] {processor.py:175} INFO - Processing /home/airflow/.local/lib/python3.7/site-packages/airflow/example_dags/example_external_task_marker_dag.py took 0.095 seconds
[2023-06-01T08:49:59.656+0000] {processor.py:153} INFO - Started process (PID=565) to work on /home/airflow/.local/lib/python3.7/site-packages/airflow/example_dags/example_external_task_marker_dag.py
[2023-06-01T08:49:59.656+0000] {processor.py:743} INFO - Processing file /home/airflow/.local/lib/python3.7/site-packages/airflow/example_dags/example_external_task_marker_dag.py for tasks to queue
[2023-06-01T08:49:59.657+0000] {logging_mixin.py:137} INFO - [2023-06-01T08:49:59.657+0000] {dagbag.py:538} INFO - Filling up the DagBag from /home/airflow/.local/lib/python3.7/site-packages/airflow/example_dags/example_external_task_marker_dag.py
[2023-06-01T08:49:59.669+0000] {processor.py:753} INFO - DAG(s) dict_keys(['example_external_task_marker_parent', 'example_external_task_marker_child']) retrieved from /home/airflow/.local/lib/python3.7/site-packages/airflow/example_dags/example_external_task_marker_dag.py
[2023-06-01T08:49:59.708+0000] {logging_mixin.py:137} INFO - [2023-06-01T08:49:59.708+0000] {dag.py:2690} INFO - Sync 2 DAGs
[2023-06-01T08:49:59.744+0000] {logging_mixin.py:137} INFO - [2023-06-01T08:49:59.743+0000] {dag.py:3441} INFO - Setting next_dagrun for example_external_task_marker_child to None, run_after=None
[2023-06-01T08:49:59.748+0000] {logging_mixin.py:137} INFO - [2023-06-01T08:49:59.748+0000] {dag.py:3441} INFO - Setting next_dagrun for example_external_task_marker_parent to None, run_after=None
[2023-06-01T08:49:59.772+0000] {processor.py:175} INFO - Processing /home/airflow/.local/lib/python3.7/site-packages/airflow/example_dags/example_external_task_marker_dag.py took 0.120 seconds
[2023-06-01T08:50:30.088+0000] {processor.py:153} INFO - Started process (PID=669) to work on /home/airflow/.local/lib/python3.7/site-packages/airflow/example_dags/example_external_task_marker_dag.py
[2023-06-01T08:50:30.090+0000] {processor.py:743} INFO - Processing file /home/airflow/.local/lib/python3.7/site-packages/airflow/example_dags/example_external_task_marker_dag.py for tasks to queue
[2023-06-01T08:50:30.090+0000] {logging_mixin.py:137} INFO - [2023-06-01T08:50:30.090+0000] {dagbag.py:538} INFO - Filling up the DagBag from /home/airflow/.local/lib/python3.7/site-packages/airflow/example_dags/example_external_task_marker_dag.py
[2023-06-01T08:50:30.104+0000] {processor.py:753} INFO - DAG(s) dict_keys(['example_external_task_marker_parent', 'example_external_task_marker_child']) retrieved from /home/airflow/.local/lib/python3.7/site-packages/airflow/example_dags/example_external_task_marker_dag.py
[2023-06-01T08:50:30.132+0000] {logging_mixin.py:137} INFO - [2023-06-01T08:50:30.132+0000] {dag.py:2690} INFO - Sync 2 DAGs
[2023-06-01T08:50:30.159+0000] {logging_mixin.py:137} INFO - [2023-06-01T08:50:30.159+0000] {dag.py:3441} INFO - Setting next_dagrun for example_external_task_marker_child to None, run_after=None
[2023-06-01T08:50:30.162+0000] {logging_mixin.py:137} INFO - [2023-06-01T08:50:30.162+0000] {dag.py:3441} INFO - Setting next_dagrun for example_external_task_marker_parent to None, run_after=None
[2023-06-01T08:50:30.177+0000] {processor.py:175} INFO - Processing /home/airflow/.local/lib/python3.7/site-packages/airflow/example_dags/example_external_task_marker_dag.py took 0.093 seconds
[2023-06-01T08:51:00.677+0000] {processor.py:153} INFO - Started process (PID=756) to work on /home/airflow/.local/lib/python3.7/site-packages/airflow/example_dags/example_external_task_marker_dag.py
[2023-06-01T08:51:00.678+0000] {processor.py:743} INFO - Processing file /home/airflow/.local/lib/python3.7/site-packages/airflow/example_dags/example_external_task_marker_dag.py for tasks to queue
[2023-06-01T08:51:00.679+0000] {logging_mixin.py:137} INFO - [2023-06-01T08:51:00.679+0000] {dagbag.py:538} INFO - Filling up the DagBag from /home/airflow/.local/lib/python3.7/site-packages/airflow/example_dags/example_external_task_marker_dag.py
[2023-06-01T08:51:00.692+0000] {processor.py:753} INFO - DAG(s) dict_keys(['example_external_task_marker_child', 'example_external_task_marker_parent']) retrieved from /home/airflow/.local/lib/python3.7/site-packages/airflow/example_dags/example_external_task_marker_dag.py
[2023-06-01T08:51:00.731+0000] {logging_mixin.py:137} INFO - [2023-06-01T08:51:00.730+0000] {dag.py:2690} INFO - Sync 2 DAGs
[2023-06-01T08:51:00.757+0000] {logging_mixin.py:137} INFO - [2023-06-01T08:51:00.757+0000] {dag.py:3441} INFO - Setting next_dagrun for example_external_task_marker_child to None, run_after=None
[2023-06-01T08:51:00.760+0000] {logging_mixin.py:137} INFO - [2023-06-01T08:51:00.760+0000] {dag.py:3441} INFO - Setting next_dagrun for example_external_task_marker_parent to None, run_after=None
[2023-06-01T08:51:00.776+0000] {processor.py:175} INFO - Processing /home/airflow/.local/lib/python3.7/site-packages/airflow/example_dags/example_external_task_marker_dag.py took 0.102 seconds
[2023-06-01T08:51:31.005+0000] {processor.py:153} INFO - Started process (PID=852) to work on /home/airflow/.local/lib/python3.7/site-packages/airflow/example_dags/example_external_task_marker_dag.py
[2023-06-01T08:51:31.007+0000] {processor.py:743} INFO - Processing file /home/airflow/.local/lib/python3.7/site-packages/airflow/example_dags/example_external_task_marker_dag.py for tasks to queue
[2023-06-01T08:51:31.007+0000] {logging_mixin.py:137} INFO - [2023-06-01T08:51:31.007+0000] {dagbag.py:538} INFO - Filling up the DagBag from /home/airflow/.local/lib/python3.7/site-packages/airflow/example_dags/example_external_task_marker_dag.py
[2023-06-01T08:51:31.020+0000] {processor.py:753} INFO - DAG(s) dict_keys(['example_external_task_marker_parent', 'example_external_task_marker_child']) retrieved from /home/airflow/.local/lib/python3.7/site-packages/airflow/example_dags/example_external_task_marker_dag.py
[2023-06-01T08:51:31.069+0000] {logging_mixin.py:137} INFO - [2023-06-01T08:51:31.069+0000] {dag.py:2690} INFO - Sync 2 DAGs
[2023-06-01T08:51:31.101+0000] {logging_mixin.py:137} INFO - [2023-06-01T08:51:31.101+0000] {dag.py:3441} INFO - Setting next_dagrun for example_external_task_marker_child to None, run_after=None
[2023-06-01T08:51:31.106+0000] {logging_mixin.py:137} INFO - [2023-06-01T08:51:31.106+0000] {dag.py:3441} INFO - Setting next_dagrun for example_external_task_marker_parent to None, run_after=None
[2023-06-01T08:51:31.127+0000] {processor.py:175} INFO - Processing /home/airflow/.local/lib/python3.7/site-packages/airflow/example_dags/example_external_task_marker_dag.py took 0.125 seconds
[2023-06-01T08:52:01.665+0000] {processor.py:153} INFO - Started process (PID=954) to work on /home/airflow/.local/lib/python3.7/site-packages/airflow/example_dags/example_external_task_marker_dag.py
[2023-06-01T08:52:01.666+0000] {processor.py:743} INFO - Processing file /home/airflow/.local/lib/python3.7/site-packages/airflow/example_dags/example_external_task_marker_dag.py for tasks to queue
[2023-06-01T08:52:01.667+0000] {logging_mixin.py:137} INFO - [2023-06-01T08:52:01.666+0000] {dagbag.py:538} INFO - Filling up the DagBag from /home/airflow/.local/lib/python3.7/site-packages/airflow/example_dags/example_external_task_marker_dag.py
[2023-06-01T08:52:01.680+0000] {processor.py:753} INFO - DAG(s) dict_keys(['example_external_task_marker_parent', 'example_external_task_marker_child']) retrieved from /home/airflow/.local/lib/python3.7/site-packages/airflow/example_dags/example_external_task_marker_dag.py
[2023-06-01T08:52:01.710+0000] {logging_mixin.py:137} INFO - [2023-06-01T08:52:01.710+0000] {dag.py:2690} INFO - Sync 2 DAGs
[2023-06-01T08:52:01.736+0000] {logging_mixin.py:137} INFO - [2023-06-01T08:52:01.736+0000] {dag.py:3441} INFO - Setting next_dagrun for example_external_task_marker_child to None, run_after=None
[2023-06-01T08:52:01.740+0000] {logging_mixin.py:137} INFO - [2023-06-01T08:52:01.740+0000] {dag.py:3441} INFO - Setting next_dagrun for example_external_task_marker_parent to None, run_after=None
[2023-06-01T08:52:01.762+0000] {processor.py:175} INFO - Processing /home/airflow/.local/lib/python3.7/site-packages/airflow/example_dags/example_external_task_marker_dag.py took 0.100 seconds
[2023-06-01T08:52:32.238+0000] {processor.py:153} INFO - Started process (PID=1041) to work on /home/airflow/.local/lib/python3.7/site-packages/airflow/example_dags/example_external_task_marker_dag.py
[2023-06-01T08:52:32.240+0000] {processor.py:743} INFO - Processing file /home/airflow/.local/lib/python3.7/site-packages/airflow/example_dags/example_external_task_marker_dag.py for tasks to queue
[2023-06-01T08:52:32.240+0000] {logging_mixin.py:137} INFO - [2023-06-01T08:52:32.240+0000] {dagbag.py:538} INFO - Filling up the DagBag from /home/airflow/.local/lib/python3.7/site-packages/airflow/example_dags/example_external_task_marker_dag.py
[2023-06-01T08:52:32.256+0000] {processor.py:753} INFO - DAG(s) dict_keys(['example_external_task_marker_parent', 'example_external_task_marker_child']) retrieved from /home/airflow/.local/lib/python3.7/site-packages/airflow/example_dags/example_external_task_marker_dag.py
[2023-06-01T08:52:32.296+0000] {logging_mixin.py:137} INFO - [2023-06-01T08:52:32.296+0000] {dag.py:2690} INFO - Sync 2 DAGs
[2023-06-01T08:52:32.326+0000] {logging_mixin.py:137} INFO - [2023-06-01T08:52:32.326+0000] {dag.py:3441} INFO - Setting next_dagrun for example_external_task_marker_child to None, run_after=None
[2023-06-01T08:52:32.331+0000] {logging_mixin.py:137} INFO - [2023-06-01T08:52:32.331+0000] {dag.py:3441} INFO - Setting next_dagrun for example_external_task_marker_parent to None, run_after=None
[2023-06-01T08:52:32.353+0000] {processor.py:175} INFO - Processing /home/airflow/.local/lib/python3.7/site-packages/airflow/example_dags/example_external_task_marker_dag.py took 0.118 seconds
[2023-06-01T08:53:02.469+0000] {processor.py:153} INFO - Started process (PID=1128) to work on /home/airflow/.local/lib/python3.7/site-packages/airflow/example_dags/example_external_task_marker_dag.py
[2023-06-01T08:53:02.470+0000] {processor.py:743} INFO - Processing file /home/airflow/.local/lib/python3.7/site-packages/airflow/example_dags/example_external_task_marker_dag.py for tasks to queue
[2023-06-01T08:53:02.471+0000] {logging_mixin.py:137} INFO - [2023-06-01T08:53:02.471+0000] {dagbag.py:538} INFO - Filling up the DagBag from /home/airflow/.local/lib/python3.7/site-packages/airflow/example_dags/example_external_task_marker_dag.py
[2023-06-01T08:53:02.484+0000] {processor.py:753} INFO - DAG(s) dict_keys(['example_external_task_marker_parent', 'example_external_task_marker_child']) retrieved from /home/airflow/.local/lib/python3.7/site-packages/airflow/example_dags/example_external_task_marker_dag.py
[2023-06-01T08:53:02.518+0000] {logging_mixin.py:137} INFO - [2023-06-01T08:53:02.518+0000] {dag.py:2690} INFO - Sync 2 DAGs
[2023-06-01T08:53:02.545+0000] {logging_mixin.py:137} INFO - [2023-06-01T08:53:02.545+0000] {dag.py:3441} INFO - Setting next_dagrun for example_external_task_marker_child to None, run_after=None
[2023-06-01T08:53:02.550+0000] {logging_mixin.py:137} INFO - [2023-06-01T08:53:02.550+0000] {dag.py:3441} INFO - Setting next_dagrun for example_external_task_marker_parent to None, run_after=None
[2023-06-01T08:53:02.575+0000] {processor.py:175} INFO - Processing /home/airflow/.local/lib/python3.7/site-packages/airflow/example_dags/example_external_task_marker_dag.py took 0.109 seconds
[2023-06-01T08:53:33.410+0000] {processor.py:153} INFO - Started process (PID=1238) to work on /home/airflow/.local/lib/python3.7/site-packages/airflow/example_dags/example_external_task_marker_dag.py
[2023-06-01T08:53:33.411+0000] {processor.py:743} INFO - Processing file /home/airflow/.local/lib/python3.7/site-packages/airflow/example_dags/example_external_task_marker_dag.py for tasks to queue
[2023-06-01T08:53:33.412+0000] {logging_mixin.py:137} INFO - [2023-06-01T08:53:33.412+0000] {dagbag.py:538} INFO - Filling up the DagBag from /home/airflow/.local/lib/python3.7/site-packages/airflow/example_dags/example_external_task_marker_dag.py
[2023-06-01T08:53:33.427+0000] {processor.py:753} INFO - DAG(s) dict_keys(['example_external_task_marker_child', 'example_external_task_marker_parent']) retrieved from /home/airflow/.local/lib/python3.7/site-packages/airflow/example_dags/example_external_task_marker_dag.py
[2023-06-01T08:53:33.461+0000] {logging_mixin.py:137} INFO - [2023-06-01T08:53:33.461+0000] {dag.py:2690} INFO - Sync 2 DAGs
[2023-06-01T08:53:33.489+0000] {logging_mixin.py:137} INFO - [2023-06-01T08:53:33.489+0000] {dag.py:3441} INFO - Setting next_dagrun for example_external_task_marker_child to None, run_after=None
[2023-06-01T08:53:33.493+0000] {logging_mixin.py:137} INFO - [2023-06-01T08:53:33.493+0000] {dag.py:3441} INFO - Setting next_dagrun for example_external_task_marker_parent to None, run_after=None
[2023-06-01T08:53:33.514+0000] {processor.py:175} INFO - Processing /home/airflow/.local/lib/python3.7/site-packages/airflow/example_dags/example_external_task_marker_dag.py took 0.109 seconds
[2023-06-01T08:54:03.603+0000] {processor.py:153} INFO - Started process (PID=1325) to work on /home/airflow/.local/lib/python3.7/site-packages/airflow/example_dags/example_external_task_marker_dag.py
[2023-06-01T08:54:03.604+0000] {processor.py:743} INFO - Processing file /home/airflow/.local/lib/python3.7/site-packages/airflow/example_dags/example_external_task_marker_dag.py for tasks to queue
[2023-06-01T08:54:03.605+0000] {logging_mixin.py:137} INFO - [2023-06-01T08:54:03.604+0000] {dagbag.py:538} INFO - Filling up the DagBag from /home/airflow/.local/lib/python3.7/site-packages/airflow/example_dags/example_external_task_marker_dag.py
[2023-06-01T08:54:03.618+0000] {processor.py:753} INFO - DAG(s) dict_keys(['example_external_task_marker_parent', 'example_external_task_marker_child']) retrieved from /home/airflow/.local/lib/python3.7/site-packages/airflow/example_dags/example_external_task_marker_dag.py
[2023-06-01T08:54:03.649+0000] {logging_mixin.py:137} INFO - [2023-06-01T08:54:03.649+0000] {dag.py:2690} INFO - Sync 2 DAGs
[2023-06-01T08:54:03.678+0000] {logging_mixin.py:137} INFO - [2023-06-01T08:54:03.677+0000] {dag.py:3441} INFO - Setting next_dagrun for example_external_task_marker_child to None, run_after=None
[2023-06-01T08:54:03.681+0000] {logging_mixin.py:137} INFO - [2023-06-01T08:54:03.681+0000] {dag.py:3441} INFO - Setting next_dagrun for example_external_task_marker_parent to None, run_after=None
[2023-06-01T08:54:03.696+0000] {processor.py:175} INFO - Processing /home/airflow/.local/lib/python3.7/site-packages/airflow/example_dags/example_external_task_marker_dag.py took 0.096 seconds
[2023-06-01T08:54:33.942+0000] {processor.py:153} INFO - Started process (PID=1412) to work on /home/airflow/.local/lib/python3.7/site-packages/airflow/example_dags/example_external_task_marker_dag.py
[2023-06-01T08:54:33.943+0000] {processor.py:743} INFO - Processing file /home/airflow/.local/lib/python3.7/site-packages/airflow/example_dags/example_external_task_marker_dag.py for tasks to queue
[2023-06-01T08:54:33.943+0000] {logging_mixin.py:137} INFO - [2023-06-01T08:54:33.943+0000] {dagbag.py:538} INFO - Filling up the DagBag from /home/airflow/.local/lib/python3.7/site-packages/airflow/example_dags/example_external_task_marker_dag.py
[2023-06-01T08:54:33.955+0000] {processor.py:753} INFO - DAG(s) dict_keys(['example_external_task_marker_child', 'example_external_task_marker_parent']) retrieved from /home/airflow/.local/lib/python3.7/site-packages/airflow/example_dags/example_external_task_marker_dag.py
[2023-06-01T08:54:33.985+0000] {logging_mixin.py:137} INFO - [2023-06-01T08:54:33.984+0000] {dag.py:2690} INFO - Sync 2 DAGs
[2023-06-01T08:54:34.012+0000] {logging_mixin.py:137} INFO - [2023-06-01T08:54:34.011+0000] {dag.py:3441} INFO - Setting next_dagrun for example_external_task_marker_child to None, run_after=None
[2023-06-01T08:54:34.014+0000] {logging_mixin.py:137} INFO - [2023-06-01T08:54:34.014+0000] {dag.py:3441} INFO - Setting next_dagrun for example_external_task_marker_parent to None, run_after=None
[2023-06-01T08:54:34.037+0000] {processor.py:175} INFO - Processing /home/airflow/.local/lib/python3.7/site-packages/airflow/example_dags/example_external_task_marker_dag.py took 0.098 seconds
[2023-06-01T08:55:04.345+0000] {processor.py:153} INFO - Started process (PID=1508) to work on /home/airflow/.local/lib/python3.7/site-packages/airflow/example_dags/example_external_task_marker_dag.py
[2023-06-01T08:55:04.347+0000] {processor.py:743} INFO - Processing file /home/airflow/.local/lib/python3.7/site-packages/airflow/example_dags/example_external_task_marker_dag.py for tasks to queue
[2023-06-01T08:55:04.348+0000] {logging_mixin.py:137} INFO - [2023-06-01T08:55:04.348+0000] {dagbag.py:538} INFO - Filling up the DagBag from /home/airflow/.local/lib/python3.7/site-packages/airflow/example_dags/example_external_task_marker_dag.py
[2023-06-01T08:55:04.371+0000] {processor.py:753} INFO - DAG(s) dict_keys(['example_external_task_marker_child', 'example_external_task_marker_parent']) retrieved from /home/airflow/.local/lib/python3.7/site-packages/airflow/example_dags/example_external_task_marker_dag.py
[2023-06-01T08:55:04.458+0000] {logging_mixin.py:137} INFO - [2023-06-01T08:55:04.458+0000] {dag.py:2690} INFO - Sync 2 DAGs
[2023-06-01T08:55:04.483+0000] {logging_mixin.py:137} INFO - [2023-06-01T08:55:04.482+0000] {dag.py:3441} INFO - Setting next_dagrun for example_external_task_marker_child to None, run_after=None
[2023-06-01T08:55:04.486+0000] {logging_mixin.py:137} INFO - [2023-06-01T08:55:04.486+0000] {dag.py:3441} INFO - Setting next_dagrun for example_external_task_marker_parent to None, run_after=None
[2023-06-01T08:55:04.502+0000] {processor.py:175} INFO - Processing /home/airflow/.local/lib/python3.7/site-packages/airflow/example_dags/example_external_task_marker_dag.py took 0.160 seconds
[2023-06-01T08:55:35.435+0000] {processor.py:153} INFO - Started process (PID=1610) to work on /home/airflow/.local/lib/python3.7/site-packages/airflow/example_dags/example_external_task_marker_dag.py
[2023-06-01T08:55:35.436+0000] {processor.py:743} INFO - Processing file /home/airflow/.local/lib/python3.7/site-packages/airflow/example_dags/example_external_task_marker_dag.py for tasks to queue
[2023-06-01T08:55:35.437+0000] {logging_mixin.py:137} INFO - [2023-06-01T08:55:35.437+0000] {dagbag.py:538} INFO - Filling up the DagBag from /home/airflow/.local/lib/python3.7/site-packages/airflow/example_dags/example_external_task_marker_dag.py
[2023-06-01T08:55:35.450+0000] {processor.py:753} INFO - DAG(s) dict_keys(['example_external_task_marker_parent', 'example_external_task_marker_child']) retrieved from /home/airflow/.local/lib/python3.7/site-packages/airflow/example_dags/example_external_task_marker_dag.py
[2023-06-01T08:55:35.480+0000] {logging_mixin.py:137} INFO - [2023-06-01T08:55:35.480+0000] {dag.py:2690} INFO - Sync 2 DAGs
[2023-06-01T08:55:35.510+0000] {logging_mixin.py:137} INFO - [2023-06-01T08:55:35.509+0000] {dag.py:3441} INFO - Setting next_dagrun for example_external_task_marker_child to None, run_after=None
[2023-06-01T08:55:35.513+0000] {logging_mixin.py:137} INFO - [2023-06-01T08:55:35.513+0000] {dag.py:3441} INFO - Setting next_dagrun for example_external_task_marker_parent to None, run_after=None
[2023-06-01T08:55:35.529+0000] {processor.py:175} INFO - Processing /home/airflow/.local/lib/python3.7/site-packages/airflow/example_dags/example_external_task_marker_dag.py took 0.098 seconds
[2023-06-01T08:56:06.836+0000] {processor.py:153} INFO - Started process (PID=1698) to work on /home/airflow/.local/lib/python3.7/site-packages/airflow/example_dags/example_external_task_marker_dag.py
[2023-06-01T08:56:06.838+0000] {processor.py:743} INFO - Processing file /home/airflow/.local/lib/python3.7/site-packages/airflow/example_dags/example_external_task_marker_dag.py for tasks to queue
[2023-06-01T08:56:06.839+0000] {logging_mixin.py:137} INFO - [2023-06-01T08:56:06.839+0000] {dagbag.py:538} INFO - Filling up the DagBag from /home/airflow/.local/lib/python3.7/site-packages/airflow/example_dags/example_external_task_marker_dag.py
[2023-06-01T08:56:06.853+0000] {processor.py:753} INFO - DAG(s) dict_keys(['example_external_task_marker_child', 'example_external_task_marker_parent']) retrieved from /home/airflow/.local/lib/python3.7/site-packages/airflow/example_dags/example_external_task_marker_dag.py
[2023-06-01T08:56:06.883+0000] {logging_mixin.py:137} INFO - [2023-06-01T08:56:06.883+0000] {dag.py:2690} INFO - Sync 2 DAGs
[2023-06-01T08:56:06.911+0000] {logging_mixin.py:137} INFO - [2023-06-01T08:56:06.911+0000] {dag.py:3441} INFO - Setting next_dagrun for example_external_task_marker_child to None, run_after=None
[2023-06-01T08:56:06.915+0000] {logging_mixin.py:137} INFO - [2023-06-01T08:56:06.915+0000] {dag.py:3441} INFO - Setting next_dagrun for example_external_task_marker_parent to None, run_after=None
[2023-06-01T08:56:06.932+0000] {processor.py:175} INFO - Processing /home/airflow/.local/lib/python3.7/site-packages/airflow/example_dags/example_external_task_marker_dag.py took 0.100 seconds
[2023-06-01T08:56:37.334+0000] {processor.py:153} INFO - Started process (PID=1809) to work on /home/airflow/.local/lib/python3.7/site-packages/airflow/example_dags/example_external_task_marker_dag.py
[2023-06-01T08:56:37.337+0000] {processor.py:743} INFO - Processing file /home/airflow/.local/lib/python3.7/site-packages/airflow/example_dags/example_external_task_marker_dag.py for tasks to queue
[2023-06-01T08:56:37.338+0000] {logging_mixin.py:137} INFO - [2023-06-01T08:56:37.338+0000] {dagbag.py:538} INFO - Filling up the DagBag from /home/airflow/.local/lib/python3.7/site-packages/airflow/example_dags/example_external_task_marker_dag.py
[2023-06-01T08:56:37.378+0000] {processor.py:753} INFO - DAG(s) dict_keys(['example_external_task_marker_child', 'example_external_task_marker_parent']) retrieved from /home/airflow/.local/lib/python3.7/site-packages/airflow/example_dags/example_external_task_marker_dag.py
[2023-06-01T08:56:37.468+0000] {logging_mixin.py:137} INFO - [2023-06-01T08:56:37.468+0000] {dag.py:2690} INFO - Sync 2 DAGs
[2023-06-01T08:56:37.498+0000] {logging_mixin.py:137} INFO - [2023-06-01T08:56:37.497+0000] {dag.py:3441} INFO - Setting next_dagrun for example_external_task_marker_child to None, run_after=None
[2023-06-01T08:56:37.501+0000] {logging_mixin.py:137} INFO - [2023-06-01T08:56:37.501+0000] {dag.py:3441} INFO - Setting next_dagrun for example_external_task_marker_parent to None, run_after=None
[2023-06-01T08:56:37.518+0000] {processor.py:175} INFO - Processing /home/airflow/.local/lib/python3.7/site-packages/airflow/example_dags/example_external_task_marker_dag.py took 0.205 seconds
[2023-06-01T08:57:08.016+0000] {processor.py:153} INFO - Started process (PID=1896) to work on /home/airflow/.local/lib/python3.7/site-packages/airflow/example_dags/example_external_task_marker_dag.py
[2023-06-01T08:57:08.018+0000] {processor.py:743} INFO - Processing file /home/airflow/.local/lib/python3.7/site-packages/airflow/example_dags/example_external_task_marker_dag.py for tasks to queue
[2023-06-01T08:57:08.019+0000] {logging_mixin.py:137} INFO - [2023-06-01T08:57:08.019+0000] {dagbag.py:538} INFO - Filling up the DagBag from /home/airflow/.local/lib/python3.7/site-packages/airflow/example_dags/example_external_task_marker_dag.py
[2023-06-01T08:57:08.034+0000] {processor.py:753} INFO - DAG(s) dict_keys(['example_external_task_marker_child', 'example_external_task_marker_parent']) retrieved from /home/airflow/.local/lib/python3.7/site-packages/airflow/example_dags/example_external_task_marker_dag.py
[2023-06-01T08:57:08.064+0000] {logging_mixin.py:137} INFO - [2023-06-01T08:57:08.063+0000] {dag.py:2690} INFO - Sync 2 DAGs
[2023-06-01T08:57:08.089+0000] {logging_mixin.py:137} INFO - [2023-06-01T08:57:08.089+0000] {dag.py:3441} INFO - Setting next_dagrun for example_external_task_marker_child to None, run_after=None
[2023-06-01T08:57:08.093+0000] {logging_mixin.py:137} INFO - [2023-06-01T08:57:08.093+0000] {dag.py:3441} INFO - Setting next_dagrun for example_external_task_marker_parent to None, run_after=None
[2023-06-01T08:57:08.108+0000] {processor.py:175} INFO - Processing /home/airflow/.local/lib/python3.7/site-packages/airflow/example_dags/example_external_task_marker_dag.py took 0.095 seconds
[2023-06-01T08:57:38.523+0000] {processor.py:153} INFO - Started process (PID=1983) to work on /home/airflow/.local/lib/python3.7/site-packages/airflow/example_dags/example_external_task_marker_dag.py
[2023-06-01T08:57:38.524+0000] {processor.py:743} INFO - Processing file /home/airflow/.local/lib/python3.7/site-packages/airflow/example_dags/example_external_task_marker_dag.py for tasks to queue
[2023-06-01T08:57:38.524+0000] {logging_mixin.py:137} INFO - [2023-06-01T08:57:38.524+0000] {dagbag.py:538} INFO - Filling up the DagBag from /home/airflow/.local/lib/python3.7/site-packages/airflow/example_dags/example_external_task_marker_dag.py
[2023-06-01T08:57:38.539+0000] {processor.py:753} INFO - DAG(s) dict_keys(['example_external_task_marker_parent', 'example_external_task_marker_child']) retrieved from /home/airflow/.local/lib/python3.7/site-packages/airflow/example_dags/example_external_task_marker_dag.py
[2023-06-01T08:57:38.572+0000] {logging_mixin.py:137} INFO - [2023-06-01T08:57:38.572+0000] {dag.py:2690} INFO - Sync 2 DAGs
[2023-06-01T08:57:38.603+0000] {logging_mixin.py:137} INFO - [2023-06-01T08:57:38.603+0000] {dag.py:3441} INFO - Setting next_dagrun for example_external_task_marker_child to None, run_after=None
[2023-06-01T08:57:38.609+0000] {logging_mixin.py:137} INFO - [2023-06-01T08:57:38.609+0000] {dag.py:3441} INFO - Setting next_dagrun for example_external_task_marker_parent to None, run_after=None
[2023-06-01T08:57:38.633+0000] {processor.py:175} INFO - Processing /home/airflow/.local/lib/python3.7/site-packages/airflow/example_dags/example_external_task_marker_dag.py took 0.114 seconds
[2023-06-01T08:58:09.665+0000] {processor.py:153} INFO - Started process (PID=2076) to work on /home/airflow/.local/lib/python3.7/site-packages/airflow/example_dags/example_external_task_marker_dag.py
[2023-06-01T08:58:09.666+0000] {processor.py:743} INFO - Processing file /home/airflow/.local/lib/python3.7/site-packages/airflow/example_dags/example_external_task_marker_dag.py for tasks to queue
[2023-06-01T08:58:09.667+0000] {logging_mixin.py:137} INFO - [2023-06-01T08:58:09.667+0000] {dagbag.py:538} INFO - Filling up the DagBag from /home/airflow/.local/lib/python3.7/site-packages/airflow/example_dags/example_external_task_marker_dag.py
[2023-06-01T08:58:09.683+0000] {processor.py:753} INFO - DAG(s) dict_keys(['example_external_task_marker_child', 'example_external_task_marker_parent']) retrieved from /home/airflow/.local/lib/python3.7/site-packages/airflow/example_dags/example_external_task_marker_dag.py
[2023-06-01T08:58:09.719+0000] {logging_mixin.py:137} INFO - [2023-06-01T08:58:09.718+0000] {dag.py:2690} INFO - Sync 2 DAGs
[2023-06-01T08:58:09.751+0000] {logging_mixin.py:137} INFO - [2023-06-01T08:58:09.751+0000] {dag.py:3441} INFO - Setting next_dagrun for example_external_task_marker_child to None, run_after=None
[2023-06-01T08:58:09.757+0000] {logging_mixin.py:137} INFO - [2023-06-01T08:58:09.756+0000] {dag.py:3441} INFO - Setting next_dagrun for example_external_task_marker_parent to None, run_after=None
[2023-06-01T08:58:09.778+0000] {processor.py:175} INFO - Processing /home/airflow/.local/lib/python3.7/site-packages/airflow/example_dags/example_external_task_marker_dag.py took 0.117 seconds
[2023-06-01T08:58:40.138+0000] {processor.py:153} INFO - Started process (PID=2181) to work on /home/airflow/.local/lib/python3.7/site-packages/airflow/example_dags/example_external_task_marker_dag.py
[2023-06-01T08:58:40.140+0000] {processor.py:743} INFO - Processing file /home/airflow/.local/lib/python3.7/site-packages/airflow/example_dags/example_external_task_marker_dag.py for tasks to queue
[2023-06-01T08:58:40.141+0000] {logging_mixin.py:137} INFO - [2023-06-01T08:58:40.140+0000] {dagbag.py:538} INFO - Filling up the DagBag from /home/airflow/.local/lib/python3.7/site-packages/airflow/example_dags/example_external_task_marker_dag.py
[2023-06-01T08:58:40.158+0000] {processor.py:753} INFO - DAG(s) dict_keys(['example_external_task_marker_child', 'example_external_task_marker_parent']) retrieved from /home/airflow/.local/lib/python3.7/site-packages/airflow/example_dags/example_external_task_marker_dag.py
[2023-06-01T08:58:40.195+0000] {logging_mixin.py:137} INFO - [2023-06-01T08:58:40.195+0000] {dag.py:2690} INFO - Sync 2 DAGs
[2023-06-01T08:58:40.225+0000] {logging_mixin.py:137} INFO - [2023-06-01T08:58:40.225+0000] {dag.py:3441} INFO - Setting next_dagrun for example_external_task_marker_child to None, run_after=None
[2023-06-01T08:58:40.229+0000] {logging_mixin.py:137} INFO - [2023-06-01T08:58:40.229+0000] {dag.py:3441} INFO - Setting next_dagrun for example_external_task_marker_parent to None, run_after=None
[2023-06-01T08:58:40.245+0000] {processor.py:175} INFO - Processing /home/airflow/.local/lib/python3.7/site-packages/airflow/example_dags/example_external_task_marker_dag.py took 0.112 seconds
[2023-06-01T08:59:10.989+0000] {processor.py:153} INFO - Started process (PID=2268) to work on /home/airflow/.local/lib/python3.7/site-packages/airflow/example_dags/example_external_task_marker_dag.py
[2023-06-01T08:59:10.991+0000] {processor.py:743} INFO - Processing file /home/airflow/.local/lib/python3.7/site-packages/airflow/example_dags/example_external_task_marker_dag.py for tasks to queue
[2023-06-01T08:59:10.992+0000] {logging_mixin.py:137} INFO - [2023-06-01T08:59:10.992+0000] {dagbag.py:538} INFO - Filling up the DagBag from /home/airflow/.local/lib/python3.7/site-packages/airflow/example_dags/example_external_task_marker_dag.py
[2023-06-01T08:59:11.005+0000] {processor.py:753} INFO - DAG(s) dict_keys(['example_external_task_marker_parent', 'example_external_task_marker_child']) retrieved from /home/airflow/.local/lib/python3.7/site-packages/airflow/example_dags/example_external_task_marker_dag.py
[2023-06-01T08:59:11.049+0000] {logging_mixin.py:137} INFO - [2023-06-01T08:59:11.049+0000] {dag.py:2690} INFO - Sync 2 DAGs
[2023-06-01T08:59:11.083+0000] {logging_mixin.py:137} INFO - [2023-06-01T08:59:11.083+0000] {dag.py:3441} INFO - Setting next_dagrun for example_external_task_marker_child to None, run_after=None
[2023-06-01T08:59:11.088+0000] {logging_mixin.py:137} INFO - [2023-06-01T08:59:11.088+0000] {dag.py:3441} INFO - Setting next_dagrun for example_external_task_marker_parent to None, run_after=None
[2023-06-01T08:59:11.116+0000] {processor.py:175} INFO - Processing /home/airflow/.local/lib/python3.7/site-packages/airflow/example_dags/example_external_task_marker_dag.py took 0.131 seconds
[2023-06-01T08:59:41.507+0000] {processor.py:153} INFO - Started process (PID=2355) to work on /home/airflow/.local/lib/python3.7/site-packages/airflow/example_dags/example_external_task_marker_dag.py
[2023-06-01T08:59:41.508+0000] {processor.py:743} INFO - Processing file /home/airflow/.local/lib/python3.7/site-packages/airflow/example_dags/example_external_task_marker_dag.py for tasks to queue
[2023-06-01T08:59:41.509+0000] {logging_mixin.py:137} INFO - [2023-06-01T08:59:41.508+0000] {dagbag.py:538} INFO - Filling up the DagBag from /home/airflow/.local/lib/python3.7/site-packages/airflow/example_dags/example_external_task_marker_dag.py
[2023-06-01T08:59:41.524+0000] {processor.py:753} INFO - DAG(s) dict_keys(['example_external_task_marker_parent', 'example_external_task_marker_child']) retrieved from /home/airflow/.local/lib/python3.7/site-packages/airflow/example_dags/example_external_task_marker_dag.py
[2023-06-01T08:59:41.565+0000] {logging_mixin.py:137} INFO - [2023-06-01T08:59:41.565+0000] {dag.py:2690} INFO - Sync 2 DAGs
[2023-06-01T08:59:41.599+0000] {logging_mixin.py:137} INFO - [2023-06-01T08:59:41.598+0000] {dag.py:3441} INFO - Setting next_dagrun for example_external_task_marker_child to None, run_after=None
[2023-06-01T08:59:41.608+0000] {logging_mixin.py:137} INFO - [2023-06-01T08:59:41.608+0000] {dag.py:3441} INFO - Setting next_dagrun for example_external_task_marker_parent to None, run_after=None
[2023-06-01T08:59:41.633+0000] {processor.py:175} INFO - Processing /home/airflow/.local/lib/python3.7/site-packages/airflow/example_dags/example_external_task_marker_dag.py took 0.130 seconds
[2023-06-01T09:00:12.511+0000] {processor.py:153} INFO - Started process (PID=2466) to work on /home/airflow/.local/lib/python3.7/site-packages/airflow/example_dags/example_external_task_marker_dag.py
[2023-06-01T09:00:12.514+0000] {processor.py:743} INFO - Processing file /home/airflow/.local/lib/python3.7/site-packages/airflow/example_dags/example_external_task_marker_dag.py for tasks to queue
[2023-06-01T09:00:12.515+0000] {logging_mixin.py:137} INFO - [2023-06-01T09:00:12.514+0000] {dagbag.py:538} INFO - Filling up the DagBag from /home/airflow/.local/lib/python3.7/site-packages/airflow/example_dags/example_external_task_marker_dag.py
[2023-06-01T09:00:12.536+0000] {processor.py:753} INFO - DAG(s) dict_keys(['example_external_task_marker_child', 'example_external_task_marker_parent']) retrieved from /home/airflow/.local/lib/python3.7/site-packages/airflow/example_dags/example_external_task_marker_dag.py
[2023-06-01T09:00:12.585+0000] {logging_mixin.py:137} INFO - [2023-06-01T09:00:12.584+0000] {dag.py:2690} INFO - Sync 2 DAGs
[2023-06-01T09:00:12.631+0000] {logging_mixin.py:137} INFO - [2023-06-01T09:00:12.631+0000] {dag.py:3441} INFO - Setting next_dagrun for example_external_task_marker_child to None, run_after=None
[2023-06-01T09:00:12.637+0000] {logging_mixin.py:137} INFO - [2023-06-01T09:00:12.637+0000] {dag.py:3441} INFO - Setting next_dagrun for example_external_task_marker_parent to None, run_after=None
[2023-06-01T09:00:12.664+0000] {processor.py:175} INFO - Processing /home/airflow/.local/lib/python3.7/site-packages/airflow/example_dags/example_external_task_marker_dag.py took 0.157 seconds
[2023-06-01T09:00:43.427+0000] {processor.py:153} INFO - Started process (PID=2553) to work on /home/airflow/.local/lib/python3.7/site-packages/airflow/example_dags/example_external_task_marker_dag.py
[2023-06-01T09:00:43.429+0000] {processor.py:743} INFO - Processing file /home/airflow/.local/lib/python3.7/site-packages/airflow/example_dags/example_external_task_marker_dag.py for tasks to queue
[2023-06-01T09:00:43.429+0000] {logging_mixin.py:137} INFO - [2023-06-01T09:00:43.429+0000] {dagbag.py:538} INFO - Filling up the DagBag from /home/airflow/.local/lib/python3.7/site-packages/airflow/example_dags/example_external_task_marker_dag.py
[2023-06-01T09:00:43.443+0000] {processor.py:753} INFO - DAG(s) dict_keys(['example_external_task_marker_parent', 'example_external_task_marker_child']) retrieved from /home/airflow/.local/lib/python3.7/site-packages/airflow/example_dags/example_external_task_marker_dag.py
[2023-06-01T09:00:43.482+0000] {logging_mixin.py:137} INFO - [2023-06-01T09:00:43.482+0000] {dag.py:2690} INFO - Sync 2 DAGs
[2023-06-01T09:00:43.515+0000] {logging_mixin.py:137} INFO - [2023-06-01T09:00:43.515+0000] {dag.py:3441} INFO - Setting next_dagrun for example_external_task_marker_child to None, run_after=None
[2023-06-01T09:00:43.520+0000] {logging_mixin.py:137} INFO - [2023-06-01T09:00:43.520+0000] {dag.py:3441} INFO - Setting next_dagrun for example_external_task_marker_parent to None, run_after=None
[2023-06-01T09:00:43.543+0000] {processor.py:175} INFO - Processing /home/airflow/.local/lib/python3.7/site-packages/airflow/example_dags/example_external_task_marker_dag.py took 0.119 seconds
[2023-06-01T09:01:14.305+0000] {processor.py:153} INFO - Started process (PID=2640) to work on /home/airflow/.local/lib/python3.7/site-packages/airflow/example_dags/example_external_task_marker_dag.py
[2023-06-01T09:01:14.308+0000] {processor.py:743} INFO - Processing file /home/airflow/.local/lib/python3.7/site-packages/airflow/example_dags/example_external_task_marker_dag.py for tasks to queue
[2023-06-01T09:01:14.309+0000] {logging_mixin.py:137} INFO - [2023-06-01T09:01:14.309+0000] {dagbag.py:538} INFO - Filling up the DagBag from /home/airflow/.local/lib/python3.7/site-packages/airflow/example_dags/example_external_task_marker_dag.py
[2023-06-01T09:01:14.326+0000] {processor.py:753} INFO - DAG(s) dict_keys(['example_external_task_marker_parent', 'example_external_task_marker_child']) retrieved from /home/airflow/.local/lib/python3.7/site-packages/airflow/example_dags/example_external_task_marker_dag.py
[2023-06-01T09:01:14.361+0000] {logging_mixin.py:137} INFO - [2023-06-01T09:01:14.361+0000] {dag.py:2690} INFO - Sync 2 DAGs
[2023-06-01T09:01:14.389+0000] {logging_mixin.py:137} INFO - [2023-06-01T09:01:14.389+0000] {dag.py:3441} INFO - Setting next_dagrun for example_external_task_marker_child to None, run_after=None
[2023-06-01T09:01:14.394+0000] {logging_mixin.py:137} INFO - [2023-06-01T09:01:14.394+0000] {dag.py:3441} INFO - Setting next_dagrun for example_external_task_marker_parent to None, run_after=None
[2023-06-01T09:01:14.418+0000] {processor.py:175} INFO - Processing /home/airflow/.local/lib/python3.7/site-packages/airflow/example_dags/example_external_task_marker_dag.py took 0.117 seconds
[2023-06-01T09:01:44.856+0000] {processor.py:153} INFO - Started process (PID=2727) to work on /home/airflow/.local/lib/python3.7/site-packages/airflow/example_dags/example_external_task_marker_dag.py
[2023-06-01T09:01:44.858+0000] {processor.py:743} INFO - Processing file /home/airflow/.local/lib/python3.7/site-packages/airflow/example_dags/example_external_task_marker_dag.py for tasks to queue
[2023-06-01T09:01:44.859+0000] {logging_mixin.py:137} INFO - [2023-06-01T09:01:44.859+0000] {dagbag.py:538} INFO - Filling up the DagBag from /home/airflow/.local/lib/python3.7/site-packages/airflow/example_dags/example_external_task_marker_dag.py
[2023-06-01T09:01:44.874+0000] {processor.py:753} INFO - DAG(s) dict_keys(['example_external_task_marker_parent', 'example_external_task_marker_child']) retrieved from /home/airflow/.local/lib/python3.7/site-packages/airflow/example_dags/example_external_task_marker_dag.py
[2023-06-01T09:01:44.924+0000] {logging_mixin.py:137} INFO - [2023-06-01T09:01:44.924+0000] {dag.py:2690} INFO - Sync 2 DAGs
[2023-06-01T09:01:44.958+0000] {logging_mixin.py:137} INFO - [2023-06-01T09:01:44.958+0000] {dag.py:3441} INFO - Setting next_dagrun for example_external_task_marker_child to None, run_after=None
[2023-06-01T09:01:44.962+0000] {logging_mixin.py:137} INFO - [2023-06-01T09:01:44.962+0000] {dag.py:3441} INFO - Setting next_dagrun for example_external_task_marker_parent to None, run_after=None
[2023-06-01T09:01:44.981+0000] {processor.py:175} INFO - Processing /home/airflow/.local/lib/python3.7/site-packages/airflow/example_dags/example_external_task_marker_dag.py took 0.128 seconds
[2023-06-01T09:02:15.437+0000] {processor.py:153} INFO - Started process (PID=2838) to work on /home/airflow/.local/lib/python3.7/site-packages/airflow/example_dags/example_external_task_marker_dag.py
[2023-06-01T09:02:15.438+0000] {processor.py:743} INFO - Processing file /home/airflow/.local/lib/python3.7/site-packages/airflow/example_dags/example_external_task_marker_dag.py for tasks to queue
[2023-06-01T09:02:15.439+0000] {logging_mixin.py:137} INFO - [2023-06-01T09:02:15.438+0000] {dagbag.py:538} INFO - Filling up the DagBag from /home/airflow/.local/lib/python3.7/site-packages/airflow/example_dags/example_external_task_marker_dag.py
[2023-06-01T09:02:15.452+0000] {processor.py:753} INFO - DAG(s) dict_keys(['example_external_task_marker_child', 'example_external_task_marker_parent']) retrieved from /home/airflow/.local/lib/python3.7/site-packages/airflow/example_dags/example_external_task_marker_dag.py
[2023-06-01T09:02:15.480+0000] {logging_mixin.py:137} INFO - [2023-06-01T09:02:15.479+0000] {dag.py:2690} INFO - Sync 2 DAGs
[2023-06-01T09:02:15.504+0000] {logging_mixin.py:137} INFO - [2023-06-01T09:02:15.504+0000] {dag.py:3441} INFO - Setting next_dagrun for example_external_task_marker_child to None, run_after=None
[2023-06-01T09:02:15.507+0000] {logging_mixin.py:137} INFO - [2023-06-01T09:02:15.507+0000] {dag.py:3441} INFO - Setting next_dagrun for example_external_task_marker_parent to None, run_after=None
[2023-06-01T09:02:15.521+0000] {processor.py:175} INFO - Processing /home/airflow/.local/lib/python3.7/site-packages/airflow/example_dags/example_external_task_marker_dag.py took 0.088 seconds
[2023-06-01T09:02:45.837+0000] {processor.py:153} INFO - Started process (PID=2925) to work on /home/airflow/.local/lib/python3.7/site-packages/airflow/example_dags/example_external_task_marker_dag.py
[2023-06-01T09:02:45.838+0000] {processor.py:743} INFO - Processing file /home/airflow/.local/lib/python3.7/site-packages/airflow/example_dags/example_external_task_marker_dag.py for tasks to queue
[2023-06-01T09:02:45.838+0000] {logging_mixin.py:137} INFO - [2023-06-01T09:02:45.838+0000] {dagbag.py:538} INFO - Filling up the DagBag from /home/airflow/.local/lib/python3.7/site-packages/airflow/example_dags/example_external_task_marker_dag.py
[2023-06-01T09:02:45.852+0000] {processor.py:753} INFO - DAG(s) dict_keys(['example_external_task_marker_parent', 'example_external_task_marker_child']) retrieved from /home/airflow/.local/lib/python3.7/site-packages/airflow/example_dags/example_external_task_marker_dag.py
[2023-06-01T09:02:45.883+0000] {logging_mixin.py:137} INFO - [2023-06-01T09:02:45.882+0000] {dag.py:2690} INFO - Sync 2 DAGs
[2023-06-01T09:02:45.907+0000] {logging_mixin.py:137} INFO - [2023-06-01T09:02:45.907+0000] {dag.py:3441} INFO - Setting next_dagrun for example_external_task_marker_child to None, run_after=None
[2023-06-01T09:02:45.910+0000] {logging_mixin.py:137} INFO - [2023-06-01T09:02:45.910+0000] {dag.py:3441} INFO - Setting next_dagrun for example_external_task_marker_parent to None, run_after=None
[2023-06-01T09:02:45.927+0000] {processor.py:175} INFO - Processing /home/airflow/.local/lib/python3.7/site-packages/airflow/example_dags/example_external_task_marker_dag.py took 0.094 seconds
[2023-06-01T09:03:16.206+0000] {processor.py:153} INFO - Started process (PID=3012) to work on /home/airflow/.local/lib/python3.7/site-packages/airflow/example_dags/example_external_task_marker_dag.py
[2023-06-01T09:03:16.207+0000] {processor.py:743} INFO - Processing file /home/airflow/.local/lib/python3.7/site-packages/airflow/example_dags/example_external_task_marker_dag.py for tasks to queue
[2023-06-01T09:03:16.207+0000] {logging_mixin.py:137} INFO - [2023-06-01T09:03:16.207+0000] {dagbag.py:538} INFO - Filling up the DagBag from /home/airflow/.local/lib/python3.7/site-packages/airflow/example_dags/example_external_task_marker_dag.py
[2023-06-01T09:03:16.221+0000] {processor.py:753} INFO - DAG(s) dict_keys(['example_external_task_marker_parent', 'example_external_task_marker_child']) retrieved from /home/airflow/.local/lib/python3.7/site-packages/airflow/example_dags/example_external_task_marker_dag.py
[2023-06-01T09:03:16.252+0000] {logging_mixin.py:137} INFO - [2023-06-01T09:03:16.251+0000] {dag.py:2690} INFO - Sync 2 DAGs
[2023-06-01T09:03:16.275+0000] {logging_mixin.py:137} INFO - [2023-06-01T09:03:16.275+0000] {dag.py:3441} INFO - Setting next_dagrun for example_external_task_marker_child to None, run_after=None
[2023-06-01T09:03:16.277+0000] {logging_mixin.py:137} INFO - [2023-06-01T09:03:16.277+0000] {dag.py:3441} INFO - Setting next_dagrun for example_external_task_marker_parent to None, run_after=None
[2023-06-01T09:03:16.292+0000] {processor.py:175} INFO - Processing /home/airflow/.local/lib/python3.7/site-packages/airflow/example_dags/example_external_task_marker_dag.py took 0.089 seconds
[2023-06-01T09:03:46.763+0000] {processor.py:153} INFO - Started process (PID=3123) to work on /home/airflow/.local/lib/python3.7/site-packages/airflow/example_dags/example_external_task_marker_dag.py
[2023-06-01T09:03:46.764+0000] {processor.py:743} INFO - Processing file /home/airflow/.local/lib/python3.7/site-packages/airflow/example_dags/example_external_task_marker_dag.py for tasks to queue
[2023-06-01T09:03:46.765+0000] {logging_mixin.py:137} INFO - [2023-06-01T09:03:46.765+0000] {dagbag.py:538} INFO - Filling up the DagBag from /home/airflow/.local/lib/python3.7/site-packages/airflow/example_dags/example_external_task_marker_dag.py
[2023-06-01T09:03:46.780+0000] {processor.py:753} INFO - DAG(s) dict_keys(['example_external_task_marker_child', 'example_external_task_marker_parent']) retrieved from /home/airflow/.local/lib/python3.7/site-packages/airflow/example_dags/example_external_task_marker_dag.py
[2023-06-01T09:03:46.821+0000] {logging_mixin.py:137} INFO - [2023-06-01T09:03:46.821+0000] {dag.py:2690} INFO - Sync 2 DAGs
[2023-06-01T09:03:46.863+0000] {logging_mixin.py:137} INFO - [2023-06-01T09:03:46.862+0000] {dag.py:3441} INFO - Setting next_dagrun for example_external_task_marker_child to None, run_after=None
[2023-06-01T09:03:46.867+0000] {logging_mixin.py:137} INFO - [2023-06-01T09:03:46.866+0000] {dag.py:3441} INFO - Setting next_dagrun for example_external_task_marker_parent to None, run_after=None
[2023-06-01T09:03:46.885+0000] {processor.py:175} INFO - Processing /home/airflow/.local/lib/python3.7/site-packages/airflow/example_dags/example_external_task_marker_dag.py took 0.127 seconds
[2023-06-01T09:04:17.659+0000] {processor.py:153} INFO - Started process (PID=3210) to work on /home/airflow/.local/lib/python3.7/site-packages/airflow/example_dags/example_external_task_marker_dag.py
[2023-06-01T09:04:17.660+0000] {processor.py:743} INFO - Processing file /home/airflow/.local/lib/python3.7/site-packages/airflow/example_dags/example_external_task_marker_dag.py for tasks to queue
[2023-06-01T09:04:17.661+0000] {logging_mixin.py:137} INFO - [2023-06-01T09:04:17.661+0000] {dagbag.py:538} INFO - Filling up the DagBag from /home/airflow/.local/lib/python3.7/site-packages/airflow/example_dags/example_external_task_marker_dag.py
[2023-06-01T09:04:17.675+0000] {processor.py:753} INFO - DAG(s) dict_keys(['example_external_task_marker_child', 'example_external_task_marker_parent']) retrieved from /home/airflow/.local/lib/python3.7/site-packages/airflow/example_dags/example_external_task_marker_dag.py
[2023-06-01T09:04:17.707+0000] {logging_mixin.py:137} INFO - [2023-06-01T09:04:17.706+0000] {dag.py:2690} INFO - Sync 2 DAGs
[2023-06-01T09:04:17.733+0000] {logging_mixin.py:137} INFO - [2023-06-01T09:04:17.733+0000] {dag.py:3441} INFO - Setting next_dagrun for example_external_task_marker_child to None, run_after=None
[2023-06-01T09:04:17.736+0000] {logging_mixin.py:137} INFO - [2023-06-01T09:04:17.736+0000] {dag.py:3441} INFO - Setting next_dagrun for example_external_task_marker_parent to None, run_after=None
[2023-06-01T09:04:17.751+0000] {processor.py:175} INFO - Processing /home/airflow/.local/lib/python3.7/site-packages/airflow/example_dags/example_external_task_marker_dag.py took 0.096 seconds
[2023-06-01T09:04:48.026+0000] {processor.py:153} INFO - Started process (PID=3297) to work on /home/airflow/.local/lib/python3.7/site-packages/airflow/example_dags/example_external_task_marker_dag.py
[2023-06-01T09:04:48.028+0000] {processor.py:743} INFO - Processing file /home/airflow/.local/lib/python3.7/site-packages/airflow/example_dags/example_external_task_marker_dag.py for tasks to queue
[2023-06-01T09:04:48.029+0000] {logging_mixin.py:137} INFO - [2023-06-01T09:04:48.029+0000] {dagbag.py:538} INFO - Filling up the DagBag from /home/airflow/.local/lib/python3.7/site-packages/airflow/example_dags/example_external_task_marker_dag.py
[2023-06-01T09:04:48.043+0000] {processor.py:753} INFO - DAG(s) dict_keys(['example_external_task_marker_child', 'example_external_task_marker_parent']) retrieved from /home/airflow/.local/lib/python3.7/site-packages/airflow/example_dags/example_external_task_marker_dag.py
[2023-06-01T09:04:48.078+0000] {logging_mixin.py:137} INFO - [2023-06-01T09:04:48.078+0000] {dag.py:2690} INFO - Sync 2 DAGs
[2023-06-01T09:04:48.107+0000] {logging_mixin.py:137} INFO - [2023-06-01T09:04:48.106+0000] {dag.py:3441} INFO - Setting next_dagrun for example_external_task_marker_child to None, run_after=None
[2023-06-01T09:04:48.110+0000] {logging_mixin.py:137} INFO - [2023-06-01T09:04:48.110+0000] {dag.py:3441} INFO - Setting next_dagrun for example_external_task_marker_parent to None, run_after=None
[2023-06-01T09:04:48.127+0000] {processor.py:175} INFO - Processing /home/airflow/.local/lib/python3.7/site-packages/airflow/example_dags/example_external_task_marker_dag.py took 0.106 seconds
[2023-06-01T09:05:18.830+0000] {processor.py:153} INFO - Started process (PID=3384) to work on /home/airflow/.local/lib/python3.7/site-packages/airflow/example_dags/example_external_task_marker_dag.py
[2023-06-01T09:05:18.831+0000] {processor.py:743} INFO - Processing file /home/airflow/.local/lib/python3.7/site-packages/airflow/example_dags/example_external_task_marker_dag.py for tasks to queue
[2023-06-01T09:05:18.832+0000] {logging_mixin.py:137} INFO - [2023-06-01T09:05:18.832+0000] {dagbag.py:538} INFO - Filling up the DagBag from /home/airflow/.local/lib/python3.7/site-packages/airflow/example_dags/example_external_task_marker_dag.py
[2023-06-01T09:05:18.852+0000] {processor.py:753} INFO - DAG(s) dict_keys(['example_external_task_marker_child', 'example_external_task_marker_parent']) retrieved from /home/airflow/.local/lib/python3.7/site-packages/airflow/example_dags/example_external_task_marker_dag.py
[2023-06-01T09:05:18.902+0000] {logging_mixin.py:137} INFO - [2023-06-01T09:05:18.901+0000] {dag.py:2690} INFO - Sync 2 DAGs
[2023-06-01T09:05:18.941+0000] {logging_mixin.py:137} INFO - [2023-06-01T09:05:18.941+0000] {dag.py:3441} INFO - Setting next_dagrun for example_external_task_marker_child to None, run_after=None
[2023-06-01T09:05:18.946+0000] {logging_mixin.py:137} INFO - [2023-06-01T09:05:18.945+0000] {dag.py:3441} INFO - Setting next_dagrun for example_external_task_marker_parent to None, run_after=None
[2023-06-01T09:05:18.975+0000] {processor.py:175} INFO - Processing /home/airflow/.local/lib/python3.7/site-packages/airflow/example_dags/example_external_task_marker_dag.py took 0.150 seconds
[2023-06-01T09:05:49.498+0000] {processor.py:153} INFO - Started process (PID=3471) to work on /home/airflow/.local/lib/python3.7/site-packages/airflow/example_dags/example_external_task_marker_dag.py
[2023-06-01T09:05:49.500+0000] {processor.py:743} INFO - Processing file /home/airflow/.local/lib/python3.7/site-packages/airflow/example_dags/example_external_task_marker_dag.py for tasks to queue
[2023-06-01T09:05:49.502+0000] {logging_mixin.py:137} INFO - [2023-06-01T09:05:49.501+0000] {dagbag.py:538} INFO - Filling up the DagBag from /home/airflow/.local/lib/python3.7/site-packages/airflow/example_dags/example_external_task_marker_dag.py
[2023-06-01T09:05:49.518+0000] {processor.py:753} INFO - DAG(s) dict_keys(['example_external_task_marker_child', 'example_external_task_marker_parent']) retrieved from /home/airflow/.local/lib/python3.7/site-packages/airflow/example_dags/example_external_task_marker_dag.py
[2023-06-01T09:05:49.560+0000] {logging_mixin.py:137} INFO - [2023-06-01T09:05:49.559+0000] {dag.py:2690} INFO - Sync 2 DAGs
[2023-06-01T09:05:49.606+0000] {logging_mixin.py:137} INFO - [2023-06-01T09:05:49.606+0000] {dag.py:3441} INFO - Setting next_dagrun for example_external_task_marker_child to None, run_after=None
[2023-06-01T09:05:49.611+0000] {logging_mixin.py:137} INFO - [2023-06-01T09:05:49.611+0000] {dag.py:3441} INFO - Setting next_dagrun for example_external_task_marker_parent to None, run_after=None
[2023-06-01T09:05:49.649+0000] {processor.py:175} INFO - Processing /home/airflow/.local/lib/python3.7/site-packages/airflow/example_dags/example_external_task_marker_dag.py took 0.158 seconds
[2023-06-01T09:06:20.192+0000] {processor.py:153} INFO - Started process (PID=3582) to work on /home/airflow/.local/lib/python3.7/site-packages/airflow/example_dags/example_external_task_marker_dag.py
[2023-06-01T09:06:20.193+0000] {processor.py:743} INFO - Processing file /home/airflow/.local/lib/python3.7/site-packages/airflow/example_dags/example_external_task_marker_dag.py for tasks to queue
[2023-06-01T09:06:20.194+0000] {logging_mixin.py:137} INFO - [2023-06-01T09:06:20.194+0000] {dagbag.py:538} INFO - Filling up the DagBag from /home/airflow/.local/lib/python3.7/site-packages/airflow/example_dags/example_external_task_marker_dag.py
[2023-06-01T09:06:20.212+0000] {processor.py:753} INFO - DAG(s) dict_keys(['example_external_task_marker_child', 'example_external_task_marker_parent']) retrieved from /home/airflow/.local/lib/python3.7/site-packages/airflow/example_dags/example_external_task_marker_dag.py
[2023-06-01T09:06:20.265+0000] {logging_mixin.py:137} INFO - [2023-06-01T09:06:20.265+0000] {dag.py:2690} INFO - Sync 2 DAGs
[2023-06-01T09:06:20.305+0000] {logging_mixin.py:137} INFO - [2023-06-01T09:06:20.304+0000] {dag.py:3441} INFO - Setting next_dagrun for example_external_task_marker_child to None, run_after=None
[2023-06-01T09:06:20.315+0000] {logging_mixin.py:137} INFO - [2023-06-01T09:06:20.315+0000] {dag.py:3441} INFO - Setting next_dagrun for example_external_task_marker_parent to None, run_after=None
[2023-06-01T09:06:20.354+0000] {processor.py:175} INFO - Processing /home/airflow/.local/lib/python3.7/site-packages/airflow/example_dags/example_external_task_marker_dag.py took 0.167 seconds
[2023-06-01T09:06:50.720+0000] {processor.py:153} INFO - Started process (PID=3669) to work on /home/airflow/.local/lib/python3.7/site-packages/airflow/example_dags/example_external_task_marker_dag.py
[2023-06-01T09:06:50.722+0000] {processor.py:743} INFO - Processing file /home/airflow/.local/lib/python3.7/site-packages/airflow/example_dags/example_external_task_marker_dag.py for tasks to queue
[2023-06-01T09:06:50.723+0000] {logging_mixin.py:137} INFO - [2023-06-01T09:06:50.723+0000] {dagbag.py:538} INFO - Filling up the DagBag from /home/airflow/.local/lib/python3.7/site-packages/airflow/example_dags/example_external_task_marker_dag.py
[2023-06-01T09:06:50.738+0000] {processor.py:753} INFO - DAG(s) dict_keys(['example_external_task_marker_child', 'example_external_task_marker_parent']) retrieved from /home/airflow/.local/lib/python3.7/site-packages/airflow/example_dags/example_external_task_marker_dag.py
[2023-06-01T09:06:50.777+0000] {logging_mixin.py:137} INFO - [2023-06-01T09:06:50.777+0000] {dag.py:2690} INFO - Sync 2 DAGs
[2023-06-01T09:06:50.808+0000] {logging_mixin.py:137} INFO - [2023-06-01T09:06:50.807+0000] {dag.py:3441} INFO - Setting next_dagrun for example_external_task_marker_child to None, run_after=None
[2023-06-01T09:06:50.813+0000] {logging_mixin.py:137} INFO - [2023-06-01T09:06:50.813+0000] {dag.py:3441} INFO - Setting next_dagrun for example_external_task_marker_parent to None, run_after=None
[2023-06-01T09:06:50.839+0000] {processor.py:175} INFO - Processing /home/airflow/.local/lib/python3.7/site-packages/airflow/example_dags/example_external_task_marker_dag.py took 0.123 seconds
[2023-06-01T09:07:21.693+0000] {processor.py:153} INFO - Started process (PID=3756) to work on /home/airflow/.local/lib/python3.7/site-packages/airflow/example_dags/example_external_task_marker_dag.py
[2023-06-01T09:07:21.694+0000] {processor.py:743} INFO - Processing file /home/airflow/.local/lib/python3.7/site-packages/airflow/example_dags/example_external_task_marker_dag.py for tasks to queue
[2023-06-01T09:07:21.695+0000] {logging_mixin.py:137} INFO - [2023-06-01T09:07:21.695+0000] {dagbag.py:538} INFO - Filling up the DagBag from /home/airflow/.local/lib/python3.7/site-packages/airflow/example_dags/example_external_task_marker_dag.py
[2023-06-01T09:07:21.713+0000] {processor.py:753} INFO - DAG(s) dict_keys(['example_external_task_marker_parent', 'example_external_task_marker_child']) retrieved from /home/airflow/.local/lib/python3.7/site-packages/airflow/example_dags/example_external_task_marker_dag.py
[2023-06-01T09:07:21.752+0000] {logging_mixin.py:137} INFO - [2023-06-01T09:07:21.752+0000] {dag.py:2690} INFO - Sync 2 DAGs
[2023-06-01T09:07:21.786+0000] {logging_mixin.py:137} INFO - [2023-06-01T09:07:21.786+0000] {dag.py:3441} INFO - Setting next_dagrun for example_external_task_marker_child to None, run_after=None
[2023-06-01T09:07:21.791+0000] {logging_mixin.py:137} INFO - [2023-06-01T09:07:21.790+0000] {dag.py:3441} INFO - Setting next_dagrun for example_external_task_marker_parent to None, run_after=None
[2023-06-01T09:07:21.819+0000] {processor.py:175} INFO - Processing /home/airflow/.local/lib/python3.7/site-packages/airflow/example_dags/example_external_task_marker_dag.py took 0.130 seconds
[2023-06-01T09:07:52.549+0000] {processor.py:153} INFO - Started process (PID=3843) to work on /home/airflow/.local/lib/python3.7/site-packages/airflow/example_dags/example_external_task_marker_dag.py
[2023-06-01T09:07:52.552+0000] {processor.py:743} INFO - Processing file /home/airflow/.local/lib/python3.7/site-packages/airflow/example_dags/example_external_task_marker_dag.py for tasks to queue
[2023-06-01T09:07:52.552+0000] {logging_mixin.py:137} INFO - [2023-06-01T09:07:52.552+0000] {dagbag.py:538} INFO - Filling up the DagBag from /home/airflow/.local/lib/python3.7/site-packages/airflow/example_dags/example_external_task_marker_dag.py
[2023-06-01T09:07:52.569+0000] {processor.py:753} INFO - DAG(s) dict_keys(['example_external_task_marker_parent', 'example_external_task_marker_child']) retrieved from /home/airflow/.local/lib/python3.7/site-packages/airflow/example_dags/example_external_task_marker_dag.py
[2023-06-01T09:07:52.610+0000] {logging_mixin.py:137} INFO - [2023-06-01T09:07:52.610+0000] {dag.py:2690} INFO - Sync 2 DAGs
[2023-06-01T09:07:52.639+0000] {logging_mixin.py:137} INFO - [2023-06-01T09:07:52.638+0000] {dag.py:3441} INFO - Setting next_dagrun for example_external_task_marker_child to None, run_after=None
[2023-06-01T09:07:52.644+0000] {logging_mixin.py:137} INFO - [2023-06-01T09:07:52.643+0000] {dag.py:3441} INFO - Setting next_dagrun for example_external_task_marker_parent to None, run_after=None
[2023-06-01T09:07:52.671+0000] {processor.py:175} INFO - Processing /home/airflow/.local/lib/python3.7/site-packages/airflow/example_dags/example_external_task_marker_dag.py took 0.127 seconds
[2023-06-01T09:08:23.454+0000] {processor.py:153} INFO - Started process (PID=3954) to work on /home/airflow/.local/lib/python3.7/site-packages/airflow/example_dags/example_external_task_marker_dag.py
[2023-06-01T09:08:23.455+0000] {processor.py:743} INFO - Processing file /home/airflow/.local/lib/python3.7/site-packages/airflow/example_dags/example_external_task_marker_dag.py for tasks to queue
[2023-06-01T09:08:23.455+0000] {logging_mixin.py:137} INFO - [2023-06-01T09:08:23.455+0000] {dagbag.py:538} INFO - Filling up the DagBag from /home/airflow/.local/lib/python3.7/site-packages/airflow/example_dags/example_external_task_marker_dag.py
[2023-06-01T09:08:23.471+0000] {processor.py:753} INFO - DAG(s) dict_keys(['example_external_task_marker_parent', 'example_external_task_marker_child']) retrieved from /home/airflow/.local/lib/python3.7/site-packages/airflow/example_dags/example_external_task_marker_dag.py
[2023-06-01T09:08:23.509+0000] {logging_mixin.py:137} INFO - [2023-06-01T09:08:23.509+0000] {dag.py:2690} INFO - Sync 2 DAGs
[2023-06-01T09:08:23.539+0000] {logging_mixin.py:137} INFO - [2023-06-01T09:08:23.539+0000] {dag.py:3441} INFO - Setting next_dagrun for example_external_task_marker_child to None, run_after=None
[2023-06-01T09:08:23.545+0000] {logging_mixin.py:137} INFO - [2023-06-01T09:08:23.544+0000] {dag.py:3441} INFO - Setting next_dagrun for example_external_task_marker_parent to None, run_after=None
[2023-06-01T09:08:23.571+0000] {processor.py:175} INFO - Processing /home/airflow/.local/lib/python3.7/site-packages/airflow/example_dags/example_external_task_marker_dag.py took 0.120 seconds
[2023-06-01T09:08:53.959+0000] {processor.py:153} INFO - Started process (PID=4041) to work on /home/airflow/.local/lib/python3.7/site-packages/airflow/example_dags/example_external_task_marker_dag.py
[2023-06-01T09:08:53.962+0000] {processor.py:743} INFO - Processing file /home/airflow/.local/lib/python3.7/site-packages/airflow/example_dags/example_external_task_marker_dag.py for tasks to queue
[2023-06-01T09:08:53.963+0000] {logging_mixin.py:137} INFO - [2023-06-01T09:08:53.963+0000] {dagbag.py:538} INFO - Filling up the DagBag from /home/airflow/.local/lib/python3.7/site-packages/airflow/example_dags/example_external_task_marker_dag.py
[2023-06-01T09:08:53.981+0000] {processor.py:753} INFO - DAG(s) dict_keys(['example_external_task_marker_child', 'example_external_task_marker_parent']) retrieved from /home/airflow/.local/lib/python3.7/site-packages/airflow/example_dags/example_external_task_marker_dag.py
[2023-06-01T09:08:54.016+0000] {logging_mixin.py:137} INFO - [2023-06-01T09:08:54.015+0000] {dag.py:2690} INFO - Sync 2 DAGs
[2023-06-01T09:08:54.048+0000] {logging_mixin.py:137} INFO - [2023-06-01T09:08:54.048+0000] {dag.py:3441} INFO - Setting next_dagrun for example_external_task_marker_child to None, run_after=None
[2023-06-01T09:08:54.052+0000] {logging_mixin.py:137} INFO - [2023-06-01T09:08:54.052+0000] {dag.py:3441} INFO - Setting next_dagrun for example_external_task_marker_parent to None, run_after=None
[2023-06-01T09:08:54.071+0000] {processor.py:175} INFO - Processing /home/airflow/.local/lib/python3.7/site-packages/airflow/example_dags/example_external_task_marker_dag.py took 0.116 seconds
[2023-06-01T09:09:24.487+0000] {processor.py:153} INFO - Started process (PID=4128) to work on /home/airflow/.local/lib/python3.7/site-packages/airflow/example_dags/example_external_task_marker_dag.py
[2023-06-01T09:09:24.487+0000] {processor.py:743} INFO - Processing file /home/airflow/.local/lib/python3.7/site-packages/airflow/example_dags/example_external_task_marker_dag.py for tasks to queue
[2023-06-01T09:09:24.488+0000] {logging_mixin.py:137} INFO - [2023-06-01T09:09:24.488+0000] {dagbag.py:538} INFO - Filling up the DagBag from /home/airflow/.local/lib/python3.7/site-packages/airflow/example_dags/example_external_task_marker_dag.py
[2023-06-01T09:09:24.501+0000] {processor.py:753} INFO - DAG(s) dict_keys(['example_external_task_marker_child', 'example_external_task_marker_parent']) retrieved from /home/airflow/.local/lib/python3.7/site-packages/airflow/example_dags/example_external_task_marker_dag.py
[2023-06-01T09:09:24.535+0000] {logging_mixin.py:137} INFO - [2023-06-01T09:09:24.534+0000] {dag.py:2690} INFO - Sync 2 DAGs
[2023-06-01T09:09:24.560+0000] {logging_mixin.py:137} INFO - [2023-06-01T09:09:24.560+0000] {dag.py:3441} INFO - Setting next_dagrun for example_external_task_marker_child to None, run_after=None
[2023-06-01T09:09:24.565+0000] {logging_mixin.py:137} INFO - [2023-06-01T09:09:24.565+0000] {dag.py:3441} INFO - Setting next_dagrun for example_external_task_marker_parent to None, run_after=None
[2023-06-01T09:09:24.589+0000] {processor.py:175} INFO - Processing /home/airflow/.local/lib/python3.7/site-packages/airflow/example_dags/example_external_task_marker_dag.py took 0.105 seconds
[2023-06-01T09:09:55.013+0000] {processor.py:153} INFO - Started process (PID=4215) to work on /home/airflow/.local/lib/python3.7/site-packages/airflow/example_dags/example_external_task_marker_dag.py
[2023-06-01T09:09:55.015+0000] {processor.py:743} INFO - Processing file /home/airflow/.local/lib/python3.7/site-packages/airflow/example_dags/example_external_task_marker_dag.py for tasks to queue
[2023-06-01T09:09:55.016+0000] {logging_mixin.py:137} INFO - [2023-06-01T09:09:55.016+0000] {dagbag.py:538} INFO - Filling up the DagBag from /home/airflow/.local/lib/python3.7/site-packages/airflow/example_dags/example_external_task_marker_dag.py
[2023-06-01T09:09:55.033+0000] {processor.py:753} INFO - DAG(s) dict_keys(['example_external_task_marker_child', 'example_external_task_marker_parent']) retrieved from /home/airflow/.local/lib/python3.7/site-packages/airflow/example_dags/example_external_task_marker_dag.py
[2023-06-01T09:09:55.075+0000] {logging_mixin.py:137} INFO - [2023-06-01T09:09:55.075+0000] {dag.py:2690} INFO - Sync 2 DAGs
[2023-06-01T09:09:55.111+0000] {logging_mixin.py:137} INFO - [2023-06-01T09:09:55.110+0000] {dag.py:3441} INFO - Setting next_dagrun for example_external_task_marker_child to None, run_after=None
[2023-06-01T09:09:55.115+0000] {logging_mixin.py:137} INFO - [2023-06-01T09:09:55.115+0000] {dag.py:3441} INFO - Setting next_dagrun for example_external_task_marker_parent to None, run_after=None
[2023-06-01T09:09:55.139+0000] {processor.py:175} INFO - Processing /home/airflow/.local/lib/python3.7/site-packages/airflow/example_dags/example_external_task_marker_dag.py took 0.132 seconds
[2023-06-01T09:10:25.775+0000] {processor.py:153} INFO - Started process (PID=4326) to work on /home/airflow/.local/lib/python3.7/site-packages/airflow/example_dags/example_external_task_marker_dag.py
[2023-06-01T09:10:25.776+0000] {processor.py:743} INFO - Processing file /home/airflow/.local/lib/python3.7/site-packages/airflow/example_dags/example_external_task_marker_dag.py for tasks to queue
[2023-06-01T09:10:25.776+0000] {logging_mixin.py:137} INFO - [2023-06-01T09:10:25.776+0000] {dagbag.py:538} INFO - Filling up the DagBag from /home/airflow/.local/lib/python3.7/site-packages/airflow/example_dags/example_external_task_marker_dag.py
[2023-06-01T09:10:25.792+0000] {processor.py:753} INFO - DAG(s) dict_keys(['example_external_task_marker_child', 'example_external_task_marker_parent']) retrieved from /home/airflow/.local/lib/python3.7/site-packages/airflow/example_dags/example_external_task_marker_dag.py
[2023-06-01T09:10:25.827+0000] {logging_mixin.py:137} INFO - [2023-06-01T09:10:25.827+0000] {dag.py:2690} INFO - Sync 2 DAGs
[2023-06-01T09:10:25.855+0000] {logging_mixin.py:137} INFO - [2023-06-01T09:10:25.854+0000] {dag.py:3441} INFO - Setting next_dagrun for example_external_task_marker_child to None, run_after=None
[2023-06-01T09:10:25.858+0000] {logging_mixin.py:137} INFO - [2023-06-01T09:10:25.858+0000] {dag.py:3441} INFO - Setting next_dagrun for example_external_task_marker_parent to None, run_after=None
[2023-06-01T09:10:25.876+0000] {processor.py:175} INFO - Processing /home/airflow/.local/lib/python3.7/site-packages/airflow/example_dags/example_external_task_marker_dag.py took 0.106 seconds
[2023-06-01T09:10:56.417+0000] {processor.py:153} INFO - Started process (PID=4413) to work on /home/airflow/.local/lib/python3.7/site-packages/airflow/example_dags/example_external_task_marker_dag.py
[2023-06-01T09:10:56.419+0000] {processor.py:743} INFO - Processing file /home/airflow/.local/lib/python3.7/site-packages/airflow/example_dags/example_external_task_marker_dag.py for tasks to queue
[2023-06-01T09:10:56.420+0000] {logging_mixin.py:137} INFO - [2023-06-01T09:10:56.420+0000] {dagbag.py:538} INFO - Filling up the DagBag from /home/airflow/.local/lib/python3.7/site-packages/airflow/example_dags/example_external_task_marker_dag.py
[2023-06-01T09:10:56.435+0000] {processor.py:753} INFO - DAG(s) dict_keys(['example_external_task_marker_child', 'example_external_task_marker_parent']) retrieved from /home/airflow/.local/lib/python3.7/site-packages/airflow/example_dags/example_external_task_marker_dag.py
[2023-06-01T09:10:56.469+0000] {logging_mixin.py:137} INFO - [2023-06-01T09:10:56.468+0000] {dag.py:2690} INFO - Sync 2 DAGs
[2023-06-01T09:10:56.496+0000] {logging_mixin.py:137} INFO - [2023-06-01T09:10:56.496+0000] {dag.py:3441} INFO - Setting next_dagrun for example_external_task_marker_child to None, run_after=None
[2023-06-01T09:10:56.499+0000] {logging_mixin.py:137} INFO - [2023-06-01T09:10:56.499+0000] {dag.py:3441} INFO - Setting next_dagrun for example_external_task_marker_parent to None, run_after=None
[2023-06-01T09:10:56.516+0000] {processor.py:175} INFO - Processing /home/airflow/.local/lib/python3.7/site-packages/airflow/example_dags/example_external_task_marker_dag.py took 0.104 seconds
[2023-06-01T09:11:26.626+0000] {processor.py:153} INFO - Started process (PID=4500) to work on /home/airflow/.local/lib/python3.7/site-packages/airflow/example_dags/example_external_task_marker_dag.py
[2023-06-01T09:11:26.627+0000] {processor.py:743} INFO - Processing file /home/airflow/.local/lib/python3.7/site-packages/airflow/example_dags/example_external_task_marker_dag.py for tasks to queue
[2023-06-01T09:11:26.627+0000] {logging_mixin.py:137} INFO - [2023-06-01T09:11:26.627+0000] {dagbag.py:538} INFO - Filling up the DagBag from /home/airflow/.local/lib/python3.7/site-packages/airflow/example_dags/example_external_task_marker_dag.py
[2023-06-01T09:11:26.641+0000] {processor.py:753} INFO - DAG(s) dict_keys(['example_external_task_marker_child', 'example_external_task_marker_parent']) retrieved from /home/airflow/.local/lib/python3.7/site-packages/airflow/example_dags/example_external_task_marker_dag.py
[2023-06-01T09:11:26.683+0000] {logging_mixin.py:137} INFO - [2023-06-01T09:11:26.683+0000] {dag.py:2690} INFO - Sync 2 DAGs
[2023-06-01T09:11:26.723+0000] {logging_mixin.py:137} INFO - [2023-06-01T09:11:26.723+0000] {dag.py:3441} INFO - Setting next_dagrun for example_external_task_marker_child to None, run_after=None
[2023-06-01T09:11:26.728+0000] {logging_mixin.py:137} INFO - [2023-06-01T09:11:26.728+0000] {dag.py:3441} INFO - Setting next_dagrun for example_external_task_marker_parent to None, run_after=None
[2023-06-01T09:11:26.749+0000] {processor.py:175} INFO - Processing /home/airflow/.local/lib/python3.7/site-packages/airflow/example_dags/example_external_task_marker_dag.py took 0.127 seconds
[2023-06-01T09:11:56.823+0000] {processor.py:153} INFO - Started process (PID=4587) to work on /home/airflow/.local/lib/python3.7/site-packages/airflow/example_dags/example_external_task_marker_dag.py
[2023-06-01T09:11:56.825+0000] {processor.py:743} INFO - Processing file /home/airflow/.local/lib/python3.7/site-packages/airflow/example_dags/example_external_task_marker_dag.py for tasks to queue
[2023-06-01T09:11:56.826+0000] {logging_mixin.py:137} INFO - [2023-06-01T09:11:56.826+0000] {dagbag.py:538} INFO - Filling up the DagBag from /home/airflow/.local/lib/python3.7/site-packages/airflow/example_dags/example_external_task_marker_dag.py
[2023-06-01T09:11:56.842+0000] {processor.py:753} INFO - DAG(s) dict_keys(['example_external_task_marker_parent', 'example_external_task_marker_child']) retrieved from /home/airflow/.local/lib/python3.7/site-packages/airflow/example_dags/example_external_task_marker_dag.py
[2023-06-01T09:11:56.875+0000] {logging_mixin.py:137} INFO - [2023-06-01T09:11:56.874+0000] {dag.py:2690} INFO - Sync 2 DAGs
[2023-06-01T09:11:56.901+0000] {logging_mixin.py:137} INFO - [2023-06-01T09:11:56.901+0000] {dag.py:3441} INFO - Setting next_dagrun for example_external_task_marker_child to None, run_after=None
[2023-06-01T09:11:56.904+0000] {logging_mixin.py:137} INFO - [2023-06-01T09:11:56.904+0000] {dag.py:3441} INFO - Setting next_dagrun for example_external_task_marker_parent to None, run_after=None
[2023-06-01T09:11:56.925+0000] {processor.py:175} INFO - Processing /home/airflow/.local/lib/python3.7/site-packages/airflow/example_dags/example_external_task_marker_dag.py took 0.106 seconds
[2023-06-01T09:12:27.558+0000] {processor.py:153} INFO - Started process (PID=4698) to work on /home/airflow/.local/lib/python3.7/site-packages/airflow/example_dags/example_external_task_marker_dag.py
[2023-06-01T09:12:27.560+0000] {processor.py:743} INFO - Processing file /home/airflow/.local/lib/python3.7/site-packages/airflow/example_dags/example_external_task_marker_dag.py for tasks to queue
[2023-06-01T09:12:27.560+0000] {logging_mixin.py:137} INFO - [2023-06-01T09:12:27.560+0000] {dagbag.py:538} INFO - Filling up the DagBag from /home/airflow/.local/lib/python3.7/site-packages/airflow/example_dags/example_external_task_marker_dag.py
[2023-06-01T09:12:27.576+0000] {processor.py:753} INFO - DAG(s) dict_keys(['example_external_task_marker_child', 'example_external_task_marker_parent']) retrieved from /home/airflow/.local/lib/python3.7/site-packages/airflow/example_dags/example_external_task_marker_dag.py
[2023-06-01T09:12:27.653+0000] {logging_mixin.py:137} INFO - [2023-06-01T09:12:27.653+0000] {dag.py:2690} INFO - Sync 2 DAGs
[2023-06-01T09:12:27.683+0000] {logging_mixin.py:137} INFO - [2023-06-01T09:12:27.683+0000] {dag.py:3441} INFO - Setting next_dagrun for example_external_task_marker_child to None, run_after=None
[2023-06-01T09:12:27.686+0000] {logging_mixin.py:137} INFO - [2023-06-01T09:12:27.686+0000] {dag.py:3441} INFO - Setting next_dagrun for example_external_task_marker_parent to None, run_after=None
[2023-06-01T09:12:27.714+0000] {processor.py:175} INFO - Processing /home/airflow/.local/lib/python3.7/site-packages/airflow/example_dags/example_external_task_marker_dag.py took 0.159 seconds
