[2023-06-01T08:47:24.419+0000] {processor.py:153} INFO - Started process (PID=76) to work on /home/airflow/.local/lib/python3.7/site-packages/airflow/example_dags/example_branch_labels.py
[2023-06-01T08:47:24.420+0000] {processor.py:743} INFO - Processing file /home/airflow/.local/lib/python3.7/site-packages/airflow/example_dags/example_branch_labels.py for tasks to queue
[2023-06-01T08:47:24.420+0000] {logging_mixin.py:137} INFO - [2023-06-01T08:47:24.420+0000] {dagbag.py:538} INFO - Filling up the DagBag from /home/airflow/.local/lib/python3.7/site-packages/airflow/example_dags/example_branch_labels.py
[2023-06-01T08:47:24.437+0000] {processor.py:753} INFO - DAG(s) dict_keys(['example_branch_labels']) retrieved from /home/airflow/.local/lib/python3.7/site-packages/airflow/example_dags/example_branch_labels.py
[2023-06-01T08:47:24.457+0000] {logging_mixin.py:137} INFO - [2023-06-01T08:47:24.457+0000] {dag.py:2690} INFO - Sync 1 DAGs
[2023-06-01T08:47:24.490+0000] {logging_mixin.py:137} INFO - [2023-06-01T08:47:24.489+0000] {dag.py:3441} INFO - Setting next_dagrun for example_branch_labels to 2023-05-31T00:00:00+00:00, run_after=2023-06-01T00:00:00+00:00
[2023-06-01T08:47:24.513+0000] {processor.py:175} INFO - Processing /home/airflow/.local/lib/python3.7/site-packages/airflow/example_dags/example_branch_labels.py took 0.098 seconds
[2023-06-01T08:47:55.398+0000] {processor.py:153} INFO - Started process (PID=178) to work on /home/airflow/.local/lib/python3.7/site-packages/airflow/example_dags/example_branch_labels.py
[2023-06-01T08:47:55.400+0000] {processor.py:743} INFO - Processing file /home/airflow/.local/lib/python3.7/site-packages/airflow/example_dags/example_branch_labels.py for tasks to queue
[2023-06-01T08:47:55.400+0000] {logging_mixin.py:137} INFO - [2023-06-01T08:47:55.400+0000] {dagbag.py:538} INFO - Filling up the DagBag from /home/airflow/.local/lib/python3.7/site-packages/airflow/example_dags/example_branch_labels.py
[2023-06-01T08:47:55.415+0000] {processor.py:753} INFO - DAG(s) dict_keys(['example_branch_labels']) retrieved from /home/airflow/.local/lib/python3.7/site-packages/airflow/example_dags/example_branch_labels.py
[2023-06-01T08:47:55.444+0000] {logging_mixin.py:137} INFO - [2023-06-01T08:47:55.443+0000] {dag.py:2690} INFO - Sync 1 DAGs
[2023-06-01T08:47:55.470+0000] {logging_mixin.py:137} INFO - [2023-06-01T08:47:55.470+0000] {dag.py:3441} INFO - Setting next_dagrun for example_branch_labels to 2023-05-31T00:00:00+00:00, run_after=2023-06-01T00:00:00+00:00
[2023-06-01T08:47:55.489+0000] {processor.py:175} INFO - Processing /home/airflow/.local/lib/python3.7/site-packages/airflow/example_dags/example_branch_labels.py took 0.093 seconds
[2023-06-01T08:48:26.441+0000] {processor.py:153} INFO - Started process (PID=265) to work on /home/airflow/.local/lib/python3.7/site-packages/airflow/example_dags/example_branch_labels.py
[2023-06-01T08:48:26.443+0000] {processor.py:743} INFO - Processing file /home/airflow/.local/lib/python3.7/site-packages/airflow/example_dags/example_branch_labels.py for tasks to queue
[2023-06-01T08:48:26.444+0000] {logging_mixin.py:137} INFO - [2023-06-01T08:48:26.444+0000] {dagbag.py:538} INFO - Filling up the DagBag from /home/airflow/.local/lib/python3.7/site-packages/airflow/example_dags/example_branch_labels.py
[2023-06-01T08:48:26.459+0000] {processor.py:753} INFO - DAG(s) dict_keys(['example_branch_labels']) retrieved from /home/airflow/.local/lib/python3.7/site-packages/airflow/example_dags/example_branch_labels.py
[2023-06-01T08:48:26.487+0000] {logging_mixin.py:137} INFO - [2023-06-01T08:48:26.486+0000] {dag.py:2690} INFO - Sync 1 DAGs
[2023-06-01T08:48:26.511+0000] {logging_mixin.py:137} INFO - [2023-06-01T08:48:26.511+0000] {dag.py:3441} INFO - Setting next_dagrun for example_branch_labels to 2023-05-31T00:00:00+00:00, run_after=2023-06-01T00:00:00+00:00
[2023-06-01T08:48:26.532+0000] {processor.py:175} INFO - Processing /home/airflow/.local/lib/python3.7/site-packages/airflow/example_dags/example_branch_labels.py took 0.093 seconds
[2023-06-01T08:48:57.239+0000] {processor.py:153} INFO - Started process (PID=376) to work on /home/airflow/.local/lib/python3.7/site-packages/airflow/example_dags/example_branch_labels.py
[2023-06-01T08:48:57.240+0000] {processor.py:743} INFO - Processing file /home/airflow/.local/lib/python3.7/site-packages/airflow/example_dags/example_branch_labels.py for tasks to queue
[2023-06-01T08:48:57.240+0000] {logging_mixin.py:137} INFO - [2023-06-01T08:48:57.240+0000] {dagbag.py:538} INFO - Filling up the DagBag from /home/airflow/.local/lib/python3.7/site-packages/airflow/example_dags/example_branch_labels.py
[2023-06-01T08:48:57.256+0000] {processor.py:753} INFO - DAG(s) dict_keys(['example_branch_labels']) retrieved from /home/airflow/.local/lib/python3.7/site-packages/airflow/example_dags/example_branch_labels.py
[2023-06-01T08:48:57.286+0000] {logging_mixin.py:137} INFO - [2023-06-01T08:48:57.286+0000] {dag.py:2690} INFO - Sync 1 DAGs
[2023-06-01T08:48:57.317+0000] {logging_mixin.py:137} INFO - [2023-06-01T08:48:57.317+0000] {dag.py:3441} INFO - Setting next_dagrun for example_branch_labels to 2023-05-31T00:00:00+00:00, run_after=2023-06-01T00:00:00+00:00
[2023-06-01T08:48:57.336+0000] {processor.py:175} INFO - Processing /home/airflow/.local/lib/python3.7/site-packages/airflow/example_dags/example_branch_labels.py took 0.100 seconds
[2023-06-01T08:49:28.409+0000] {processor.py:153} INFO - Started process (PID=463) to work on /home/airflow/.local/lib/python3.7/site-packages/airflow/example_dags/example_branch_labels.py
[2023-06-01T08:49:28.411+0000] {processor.py:743} INFO - Processing file /home/airflow/.local/lib/python3.7/site-packages/airflow/example_dags/example_branch_labels.py for tasks to queue
[2023-06-01T08:49:28.412+0000] {logging_mixin.py:137} INFO - [2023-06-01T08:49:28.411+0000] {dagbag.py:538} INFO - Filling up the DagBag from /home/airflow/.local/lib/python3.7/site-packages/airflow/example_dags/example_branch_labels.py
[2023-06-01T08:49:28.428+0000] {processor.py:753} INFO - DAG(s) dict_keys(['example_branch_labels']) retrieved from /home/airflow/.local/lib/python3.7/site-packages/airflow/example_dags/example_branch_labels.py
[2023-06-01T08:49:28.460+0000] {logging_mixin.py:137} INFO - [2023-06-01T08:49:28.460+0000] {dag.py:2690} INFO - Sync 1 DAGs
[2023-06-01T08:49:28.495+0000] {logging_mixin.py:137} INFO - [2023-06-01T08:49:28.494+0000] {dag.py:3441} INFO - Setting next_dagrun for example_branch_labels to 2023-05-31T00:00:00+00:00, run_after=2023-06-01T00:00:00+00:00
[2023-06-01T08:49:28.513+0000] {processor.py:175} INFO - Processing /home/airflow/.local/lib/python3.7/site-packages/airflow/example_dags/example_branch_labels.py took 0.108 seconds
[2023-06-01T08:49:58.907+0000] {processor.py:153} INFO - Started process (PID=550) to work on /home/airflow/.local/lib/python3.7/site-packages/airflow/example_dags/example_branch_labels.py
[2023-06-01T08:49:58.908+0000] {processor.py:743} INFO - Processing file /home/airflow/.local/lib/python3.7/site-packages/airflow/example_dags/example_branch_labels.py for tasks to queue
[2023-06-01T08:49:58.909+0000] {logging_mixin.py:137} INFO - [2023-06-01T08:49:58.908+0000] {dagbag.py:538} INFO - Filling up the DagBag from /home/airflow/.local/lib/python3.7/site-packages/airflow/example_dags/example_branch_labels.py
[2023-06-01T08:49:58.922+0000] {processor.py:753} INFO - DAG(s) dict_keys(['example_branch_labels']) retrieved from /home/airflow/.local/lib/python3.7/site-packages/airflow/example_dags/example_branch_labels.py
[2023-06-01T08:49:58.951+0000] {logging_mixin.py:137} INFO - [2023-06-01T08:49:58.950+0000] {dag.py:2690} INFO - Sync 1 DAGs
[2023-06-01T08:49:58.977+0000] {logging_mixin.py:137} INFO - [2023-06-01T08:49:58.976+0000] {dag.py:3441} INFO - Setting next_dagrun for example_branch_labels to 2023-05-31T00:00:00+00:00, run_after=2023-06-01T00:00:00+00:00
[2023-06-01T08:49:59.002+0000] {processor.py:175} INFO - Processing /home/airflow/.local/lib/python3.7/site-packages/airflow/example_dags/example_branch_labels.py took 0.097 seconds
[2023-06-01T08:50:29.386+0000] {processor.py:153} INFO - Started process (PID=661) to work on /home/airflow/.local/lib/python3.7/site-packages/airflow/example_dags/example_branch_labels.py
[2023-06-01T08:50:29.388+0000] {processor.py:743} INFO - Processing file /home/airflow/.local/lib/python3.7/site-packages/airflow/example_dags/example_branch_labels.py for tasks to queue
[2023-06-01T08:50:29.388+0000] {logging_mixin.py:137} INFO - [2023-06-01T08:50:29.388+0000] {dagbag.py:538} INFO - Filling up the DagBag from /home/airflow/.local/lib/python3.7/site-packages/airflow/example_dags/example_branch_labels.py
[2023-06-01T08:50:29.403+0000] {processor.py:753} INFO - DAG(s) dict_keys(['example_branch_labels']) retrieved from /home/airflow/.local/lib/python3.7/site-packages/airflow/example_dags/example_branch_labels.py
[2023-06-01T08:50:29.434+0000] {logging_mixin.py:137} INFO - [2023-06-01T08:50:29.433+0000] {dag.py:2690} INFO - Sync 1 DAGs
[2023-06-01T08:50:29.463+0000] {logging_mixin.py:137} INFO - [2023-06-01T08:50:29.463+0000] {dag.py:3441} INFO - Setting next_dagrun for example_branch_labels to 2023-05-31T00:00:00+00:00, run_after=2023-06-01T00:00:00+00:00
[2023-06-01T08:50:29.484+0000] {processor.py:175} INFO - Processing /home/airflow/.local/lib/python3.7/site-packages/airflow/example_dags/example_branch_labels.py took 0.101 seconds
[2023-06-01T08:50:59.949+0000] {processor.py:153} INFO - Started process (PID=748) to work on /home/airflow/.local/lib/python3.7/site-packages/airflow/example_dags/example_branch_labels.py
[2023-06-01T08:50:59.949+0000] {processor.py:743} INFO - Processing file /home/airflow/.local/lib/python3.7/site-packages/airflow/example_dags/example_branch_labels.py for tasks to queue
[2023-06-01T08:50:59.950+0000] {logging_mixin.py:137} INFO - [2023-06-01T08:50:59.950+0000] {dagbag.py:538} INFO - Filling up the DagBag from /home/airflow/.local/lib/python3.7/site-packages/airflow/example_dags/example_branch_labels.py
[2023-06-01T08:50:59.966+0000] {processor.py:753} INFO - DAG(s) dict_keys(['example_branch_labels']) retrieved from /home/airflow/.local/lib/python3.7/site-packages/airflow/example_dags/example_branch_labels.py
[2023-06-01T08:51:00.002+0000] {logging_mixin.py:137} INFO - [2023-06-01T08:51:00.002+0000] {dag.py:2690} INFO - Sync 1 DAGs
[2023-06-01T08:51:00.031+0000] {logging_mixin.py:137} INFO - [2023-06-01T08:51:00.030+0000] {dag.py:3441} INFO - Setting next_dagrun for example_branch_labels to 2023-05-31T00:00:00+00:00, run_after=2023-06-01T00:00:00+00:00
[2023-06-01T08:51:00.050+0000] {processor.py:175} INFO - Processing /home/airflow/.local/lib/python3.7/site-packages/airflow/example_dags/example_branch_labels.py took 0.105 seconds
[2023-06-01T08:51:30.248+0000] {processor.py:153} INFO - Started process (PID=835) to work on /home/airflow/.local/lib/python3.7/site-packages/airflow/example_dags/example_branch_labels.py
[2023-06-01T08:51:30.249+0000] {processor.py:743} INFO - Processing file /home/airflow/.local/lib/python3.7/site-packages/airflow/example_dags/example_branch_labels.py for tasks to queue
[2023-06-01T08:51:30.250+0000] {logging_mixin.py:137} INFO - [2023-06-01T08:51:30.250+0000] {dagbag.py:538} INFO - Filling up the DagBag from /home/airflow/.local/lib/python3.7/site-packages/airflow/example_dags/example_branch_labels.py
[2023-06-01T08:51:30.266+0000] {processor.py:753} INFO - DAG(s) dict_keys(['example_branch_labels']) retrieved from /home/airflow/.local/lib/python3.7/site-packages/airflow/example_dags/example_branch_labels.py
[2023-06-01T08:51:30.302+0000] {logging_mixin.py:137} INFO - [2023-06-01T08:51:30.302+0000] {dag.py:2690} INFO - Sync 1 DAGs
[2023-06-01T08:51:30.332+0000] {logging_mixin.py:137} INFO - [2023-06-01T08:51:30.332+0000] {dag.py:3441} INFO - Setting next_dagrun for example_branch_labels to 2023-05-31T00:00:00+00:00, run_after=2023-06-01T00:00:00+00:00
[2023-06-01T08:51:30.351+0000] {processor.py:175} INFO - Processing /home/airflow/.local/lib/python3.7/site-packages/airflow/example_dags/example_branch_labels.py took 0.106 seconds
[2023-06-01T08:52:00.821+0000] {processor.py:153} INFO - Started process (PID=946) to work on /home/airflow/.local/lib/python3.7/site-packages/airflow/example_dags/example_branch_labels.py
[2023-06-01T08:52:00.822+0000] {processor.py:743} INFO - Processing file /home/airflow/.local/lib/python3.7/site-packages/airflow/example_dags/example_branch_labels.py for tasks to queue
[2023-06-01T08:52:00.823+0000] {logging_mixin.py:137} INFO - [2023-06-01T08:52:00.823+0000] {dagbag.py:538} INFO - Filling up the DagBag from /home/airflow/.local/lib/python3.7/site-packages/airflow/example_dags/example_branch_labels.py
[2023-06-01T08:52:00.841+0000] {processor.py:753} INFO - DAG(s) dict_keys(['example_branch_labels']) retrieved from /home/airflow/.local/lib/python3.7/site-packages/airflow/example_dags/example_branch_labels.py
[2023-06-01T08:52:00.871+0000] {logging_mixin.py:137} INFO - [2023-06-01T08:52:00.870+0000] {dag.py:2690} INFO - Sync 1 DAGs
[2023-06-01T08:52:00.899+0000] {logging_mixin.py:137} INFO - [2023-06-01T08:52:00.899+0000] {dag.py:3441} INFO - Setting next_dagrun for example_branch_labels to 2023-05-31T00:00:00+00:00, run_after=2023-06-01T00:00:00+00:00
[2023-06-01T08:52:00.923+0000] {processor.py:175} INFO - Processing /home/airflow/.local/lib/python3.7/site-packages/airflow/example_dags/example_branch_labels.py took 0.106 seconds
[2023-06-01T08:52:31.423+0000] {processor.py:153} INFO - Started process (PID=1033) to work on /home/airflow/.local/lib/python3.7/site-packages/airflow/example_dags/example_branch_labels.py
[2023-06-01T08:52:31.424+0000] {processor.py:743} INFO - Processing file /home/airflow/.local/lib/python3.7/site-packages/airflow/example_dags/example_branch_labels.py for tasks to queue
[2023-06-01T08:52:31.424+0000] {logging_mixin.py:137} INFO - [2023-06-01T08:52:31.424+0000] {dagbag.py:538} INFO - Filling up the DagBag from /home/airflow/.local/lib/python3.7/site-packages/airflow/example_dags/example_branch_labels.py
[2023-06-01T08:52:31.442+0000] {processor.py:753} INFO - DAG(s) dict_keys(['example_branch_labels']) retrieved from /home/airflow/.local/lib/python3.7/site-packages/airflow/example_dags/example_branch_labels.py
[2023-06-01T08:52:31.476+0000] {logging_mixin.py:137} INFO - [2023-06-01T08:52:31.475+0000] {dag.py:2690} INFO - Sync 1 DAGs
[2023-06-01T08:52:31.503+0000] {logging_mixin.py:137} INFO - [2023-06-01T08:52:31.503+0000] {dag.py:3441} INFO - Setting next_dagrun for example_branch_labels to 2023-05-31T00:00:00+00:00, run_after=2023-06-01T00:00:00+00:00
[2023-06-01T08:52:31.522+0000] {processor.py:175} INFO - Processing /home/airflow/.local/lib/python3.7/site-packages/airflow/example_dags/example_branch_labels.py took 0.103 seconds
[2023-06-01T08:53:01.797+0000] {processor.py:153} INFO - Started process (PID=1120) to work on /home/airflow/.local/lib/python3.7/site-packages/airflow/example_dags/example_branch_labels.py
[2023-06-01T08:53:01.797+0000] {processor.py:743} INFO - Processing file /home/airflow/.local/lib/python3.7/site-packages/airflow/example_dags/example_branch_labels.py for tasks to queue
[2023-06-01T08:53:01.798+0000] {logging_mixin.py:137} INFO - [2023-06-01T08:53:01.798+0000] {dagbag.py:538} INFO - Filling up the DagBag from /home/airflow/.local/lib/python3.7/site-packages/airflow/example_dags/example_branch_labels.py
[2023-06-01T08:53:01.812+0000] {processor.py:753} INFO - DAG(s) dict_keys(['example_branch_labels']) retrieved from /home/airflow/.local/lib/python3.7/site-packages/airflow/example_dags/example_branch_labels.py
[2023-06-01T08:53:01.846+0000] {logging_mixin.py:137} INFO - [2023-06-01T08:53:01.845+0000] {dag.py:2690} INFO - Sync 1 DAGs
[2023-06-01T08:53:01.879+0000] {logging_mixin.py:137} INFO - [2023-06-01T08:53:01.878+0000] {dag.py:3441} INFO - Setting next_dagrun for example_branch_labels to 2023-05-31T00:00:00+00:00, run_after=2023-06-01T00:00:00+00:00
[2023-06-01T08:53:01.902+0000] {processor.py:175} INFO - Processing /home/airflow/.local/lib/python3.7/site-packages/airflow/example_dags/example_branch_labels.py took 0.108 seconds
[2023-06-01T08:53:32.833+0000] {processor.py:153} INFO - Started process (PID=1231) to work on /home/airflow/.local/lib/python3.7/site-packages/airflow/example_dags/example_branch_labels.py
[2023-06-01T08:53:32.835+0000] {processor.py:743} INFO - Processing file /home/airflow/.local/lib/python3.7/site-packages/airflow/example_dags/example_branch_labels.py for tasks to queue
[2023-06-01T08:53:32.836+0000] {logging_mixin.py:137} INFO - [2023-06-01T08:53:32.836+0000] {dagbag.py:538} INFO - Filling up the DagBag from /home/airflow/.local/lib/python3.7/site-packages/airflow/example_dags/example_branch_labels.py
[2023-06-01T08:53:32.852+0000] {processor.py:753} INFO - DAG(s) dict_keys(['example_branch_labels']) retrieved from /home/airflow/.local/lib/python3.7/site-packages/airflow/example_dags/example_branch_labels.py
[2023-06-01T08:53:32.885+0000] {logging_mixin.py:137} INFO - [2023-06-01T08:53:32.885+0000] {dag.py:2690} INFO - Sync 1 DAGs
[2023-06-01T08:53:32.918+0000] {logging_mixin.py:137} INFO - [2023-06-01T08:53:32.918+0000] {dag.py:3441} INFO - Setting next_dagrun for example_branch_labels to 2023-05-31T00:00:00+00:00, run_after=2023-06-01T00:00:00+00:00
[2023-06-01T08:53:32.940+0000] {processor.py:175} INFO - Processing /home/airflow/.local/lib/python3.7/site-packages/airflow/example_dags/example_branch_labels.py took 0.112 seconds
[2023-06-01T08:54:03.007+0000] {processor.py:153} INFO - Started process (PID=1318) to work on /home/airflow/.local/lib/python3.7/site-packages/airflow/example_dags/example_branch_labels.py
[2023-06-01T08:54:03.009+0000] {processor.py:743} INFO - Processing file /home/airflow/.local/lib/python3.7/site-packages/airflow/example_dags/example_branch_labels.py for tasks to queue
[2023-06-01T08:54:03.009+0000] {logging_mixin.py:137} INFO - [2023-06-01T08:54:03.009+0000] {dagbag.py:538} INFO - Filling up the DagBag from /home/airflow/.local/lib/python3.7/site-packages/airflow/example_dags/example_branch_labels.py
[2023-06-01T08:54:03.022+0000] {processor.py:753} INFO - DAG(s) dict_keys(['example_branch_labels']) retrieved from /home/airflow/.local/lib/python3.7/site-packages/airflow/example_dags/example_branch_labels.py
[2023-06-01T08:54:03.052+0000] {logging_mixin.py:137} INFO - [2023-06-01T08:54:03.052+0000] {dag.py:2690} INFO - Sync 1 DAGs
[2023-06-01T08:54:03.078+0000] {logging_mixin.py:137} INFO - [2023-06-01T08:54:03.078+0000] {dag.py:3441} INFO - Setting next_dagrun for example_branch_labels to 2023-05-31T00:00:00+00:00, run_after=2023-06-01T00:00:00+00:00
[2023-06-01T08:54:03.101+0000] {processor.py:175} INFO - Processing /home/airflow/.local/lib/python3.7/site-packages/airflow/example_dags/example_branch_labels.py took 0.097 seconds
[2023-06-01T08:54:33.298+0000] {processor.py:153} INFO - Started process (PID=1405) to work on /home/airflow/.local/lib/python3.7/site-packages/airflow/example_dags/example_branch_labels.py
[2023-06-01T08:54:33.300+0000] {processor.py:743} INFO - Processing file /home/airflow/.local/lib/python3.7/site-packages/airflow/example_dags/example_branch_labels.py for tasks to queue
[2023-06-01T08:54:33.300+0000] {logging_mixin.py:137} INFO - [2023-06-01T08:54:33.300+0000] {dagbag.py:538} INFO - Filling up the DagBag from /home/airflow/.local/lib/python3.7/site-packages/airflow/example_dags/example_branch_labels.py
[2023-06-01T08:54:33.314+0000] {processor.py:753} INFO - DAG(s) dict_keys(['example_branch_labels']) retrieved from /home/airflow/.local/lib/python3.7/site-packages/airflow/example_dags/example_branch_labels.py
[2023-06-01T08:54:33.345+0000] {logging_mixin.py:137} INFO - [2023-06-01T08:54:33.345+0000] {dag.py:2690} INFO - Sync 1 DAGs
[2023-06-01T08:54:33.375+0000] {logging_mixin.py:137} INFO - [2023-06-01T08:54:33.374+0000] {dag.py:3441} INFO - Setting next_dagrun for example_branch_labels to 2023-05-31T00:00:00+00:00, run_after=2023-06-01T00:00:00+00:00
[2023-06-01T08:54:33.394+0000] {processor.py:175} INFO - Processing /home/airflow/.local/lib/python3.7/site-packages/airflow/example_dags/example_branch_labels.py took 0.099 seconds
[2023-06-01T08:55:03.674+0000] {processor.py:153} INFO - Started process (PID=1501) to work on /home/airflow/.local/lib/python3.7/site-packages/airflow/example_dags/example_branch_labels.py
[2023-06-01T08:55:03.675+0000] {processor.py:743} INFO - Processing file /home/airflow/.local/lib/python3.7/site-packages/airflow/example_dags/example_branch_labels.py for tasks to queue
[2023-06-01T08:55:03.676+0000] {logging_mixin.py:137} INFO - [2023-06-01T08:55:03.676+0000] {dagbag.py:538} INFO - Filling up the DagBag from /home/airflow/.local/lib/python3.7/site-packages/airflow/example_dags/example_branch_labels.py
[2023-06-01T08:55:03.690+0000] {processor.py:753} INFO - DAG(s) dict_keys(['example_branch_labels']) retrieved from /home/airflow/.local/lib/python3.7/site-packages/airflow/example_dags/example_branch_labels.py
[2023-06-01T08:55:03.724+0000] {logging_mixin.py:137} INFO - [2023-06-01T08:55:03.724+0000] {dag.py:2690} INFO - Sync 1 DAGs
[2023-06-01T08:55:03.756+0000] {logging_mixin.py:137} INFO - [2023-06-01T08:55:03.755+0000] {dag.py:3441} INFO - Setting next_dagrun for example_branch_labels to 2023-05-31T00:00:00+00:00, run_after=2023-06-01T00:00:00+00:00
[2023-06-01T08:55:03.777+0000] {processor.py:175} INFO - Processing /home/airflow/.local/lib/python3.7/site-packages/airflow/example_dags/example_branch_labels.py took 0.107 seconds
[2023-06-01T08:55:34.812+0000] {processor.py:153} INFO - Started process (PID=1603) to work on /home/airflow/.local/lib/python3.7/site-packages/airflow/example_dags/example_branch_labels.py
[2023-06-01T08:55:34.814+0000] {processor.py:743} INFO - Processing file /home/airflow/.local/lib/python3.7/site-packages/airflow/example_dags/example_branch_labels.py for tasks to queue
[2023-06-01T08:55:34.815+0000] {logging_mixin.py:137} INFO - [2023-06-01T08:55:34.815+0000] {dagbag.py:538} INFO - Filling up the DagBag from /home/airflow/.local/lib/python3.7/site-packages/airflow/example_dags/example_branch_labels.py
[2023-06-01T08:55:34.829+0000] {processor.py:753} INFO - DAG(s) dict_keys(['example_branch_labels']) retrieved from /home/airflow/.local/lib/python3.7/site-packages/airflow/example_dags/example_branch_labels.py
[2023-06-01T08:55:34.865+0000] {logging_mixin.py:137} INFO - [2023-06-01T08:55:34.865+0000] {dag.py:2690} INFO - Sync 1 DAGs
[2023-06-01T08:55:34.898+0000] {logging_mixin.py:137} INFO - [2023-06-01T08:55:34.897+0000] {dag.py:3441} INFO - Setting next_dagrun for example_branch_labels to 2023-05-31T00:00:00+00:00, run_after=2023-06-01T00:00:00+00:00
[2023-06-01T08:55:34.921+0000] {processor.py:175} INFO - Processing /home/airflow/.local/lib/python3.7/site-packages/airflow/example_dags/example_branch_labels.py took 0.112 seconds
[2023-06-01T08:56:06.002+0000] {processor.py:153} INFO - Started process (PID=1690) to work on /home/airflow/.local/lib/python3.7/site-packages/airflow/example_dags/example_branch_labels.py
[2023-06-01T08:56:06.003+0000] {processor.py:743} INFO - Processing file /home/airflow/.local/lib/python3.7/site-packages/airflow/example_dags/example_branch_labels.py for tasks to queue
[2023-06-01T08:56:06.004+0000] {logging_mixin.py:137} INFO - [2023-06-01T08:56:06.003+0000] {dagbag.py:538} INFO - Filling up the DagBag from /home/airflow/.local/lib/python3.7/site-packages/airflow/example_dags/example_branch_labels.py
[2023-06-01T08:56:06.020+0000] {processor.py:753} INFO - DAG(s) dict_keys(['example_branch_labels']) retrieved from /home/airflow/.local/lib/python3.7/site-packages/airflow/example_dags/example_branch_labels.py
[2023-06-01T08:56:06.055+0000] {logging_mixin.py:137} INFO - [2023-06-01T08:56:06.055+0000] {dag.py:2690} INFO - Sync 1 DAGs
[2023-06-01T08:56:06.089+0000] {logging_mixin.py:137} INFO - [2023-06-01T08:56:06.089+0000] {dag.py:3441} INFO - Setting next_dagrun for example_branch_labels to 2023-05-31T00:00:00+00:00, run_after=2023-06-01T00:00:00+00:00
[2023-06-01T08:56:06.113+0000] {processor.py:175} INFO - Processing /home/airflow/.local/lib/python3.7/site-packages/airflow/example_dags/example_branch_labels.py took 0.115 seconds
[2023-06-01T08:56:36.425+0000] {processor.py:153} INFO - Started process (PID=1786) to work on /home/airflow/.local/lib/python3.7/site-packages/airflow/example_dags/example_branch_labels.py
[2023-06-01T08:56:36.426+0000] {processor.py:743} INFO - Processing file /home/airflow/.local/lib/python3.7/site-packages/airflow/example_dags/example_branch_labels.py for tasks to queue
[2023-06-01T08:56:36.427+0000] {logging_mixin.py:137} INFO - [2023-06-01T08:56:36.427+0000] {dagbag.py:538} INFO - Filling up the DagBag from /home/airflow/.local/lib/python3.7/site-packages/airflow/example_dags/example_branch_labels.py
[2023-06-01T08:56:36.444+0000] {processor.py:753} INFO - DAG(s) dict_keys(['example_branch_labels']) retrieved from /home/airflow/.local/lib/python3.7/site-packages/airflow/example_dags/example_branch_labels.py
[2023-06-01T08:56:36.479+0000] {logging_mixin.py:137} INFO - [2023-06-01T08:56:36.479+0000] {dag.py:2690} INFO - Sync 1 DAGs
[2023-06-01T08:56:36.520+0000] {logging_mixin.py:137} INFO - [2023-06-01T08:56:36.519+0000] {dag.py:3441} INFO - Setting next_dagrun for example_branch_labels to 2023-05-31T00:00:00+00:00, run_after=2023-06-01T00:00:00+00:00
[2023-06-01T08:56:36.546+0000] {processor.py:175} INFO - Processing /home/airflow/.local/lib/python3.7/site-packages/airflow/example_dags/example_branch_labels.py took 0.126 seconds
[2023-06-01T08:57:07.326+0000] {processor.py:153} INFO - Started process (PID=1888) to work on /home/airflow/.local/lib/python3.7/site-packages/airflow/example_dags/example_branch_labels.py
[2023-06-01T08:57:07.327+0000] {processor.py:743} INFO - Processing file /home/airflow/.local/lib/python3.7/site-packages/airflow/example_dags/example_branch_labels.py for tasks to queue
[2023-06-01T08:57:07.328+0000] {logging_mixin.py:137} INFO - [2023-06-01T08:57:07.327+0000] {dagbag.py:538} INFO - Filling up the DagBag from /home/airflow/.local/lib/python3.7/site-packages/airflow/example_dags/example_branch_labels.py
[2023-06-01T08:57:07.342+0000] {processor.py:753} INFO - DAG(s) dict_keys(['example_branch_labels']) retrieved from /home/airflow/.local/lib/python3.7/site-packages/airflow/example_dags/example_branch_labels.py
[2023-06-01T08:57:07.376+0000] {logging_mixin.py:137} INFO - [2023-06-01T08:57:07.376+0000] {dag.py:2690} INFO - Sync 1 DAGs
[2023-06-01T08:57:07.406+0000] {logging_mixin.py:137} INFO - [2023-06-01T08:57:07.405+0000] {dag.py:3441} INFO - Setting next_dagrun for example_branch_labels to 2023-05-31T00:00:00+00:00, run_after=2023-06-01T00:00:00+00:00
[2023-06-01T08:57:07.429+0000] {processor.py:175} INFO - Processing /home/airflow/.local/lib/python3.7/site-packages/airflow/example_dags/example_branch_labels.py took 0.106 seconds
[2023-06-01T08:57:37.898+0000] {processor.py:153} INFO - Started process (PID=1975) to work on /home/airflow/.local/lib/python3.7/site-packages/airflow/example_dags/example_branch_labels.py
[2023-06-01T08:57:37.900+0000] {processor.py:743} INFO - Processing file /home/airflow/.local/lib/python3.7/site-packages/airflow/example_dags/example_branch_labels.py for tasks to queue
[2023-06-01T08:57:37.900+0000] {logging_mixin.py:137} INFO - [2023-06-01T08:57:37.900+0000] {dagbag.py:538} INFO - Filling up the DagBag from /home/airflow/.local/lib/python3.7/site-packages/airflow/example_dags/example_branch_labels.py
[2023-06-01T08:57:37.916+0000] {processor.py:753} INFO - DAG(s) dict_keys(['example_branch_labels']) retrieved from /home/airflow/.local/lib/python3.7/site-packages/airflow/example_dags/example_branch_labels.py
[2023-06-01T08:57:37.945+0000] {logging_mixin.py:137} INFO - [2023-06-01T08:57:37.945+0000] {dag.py:2690} INFO - Sync 1 DAGs
[2023-06-01T08:57:37.972+0000] {logging_mixin.py:137} INFO - [2023-06-01T08:57:37.972+0000] {dag.py:3441} INFO - Setting next_dagrun for example_branch_labels to 2023-05-31T00:00:00+00:00, run_after=2023-06-01T00:00:00+00:00
[2023-06-01T08:57:37.994+0000] {processor.py:175} INFO - Processing /home/airflow/.local/lib/python3.7/site-packages/airflow/example_dags/example_branch_labels.py took 0.100 seconds
[2023-06-01T08:58:09.041+0000] {processor.py:153} INFO - Started process (PID=2062) to work on /home/airflow/.local/lib/python3.7/site-packages/airflow/example_dags/example_branch_labels.py
[2023-06-01T08:58:09.041+0000] {processor.py:743} INFO - Processing file /home/airflow/.local/lib/python3.7/site-packages/airflow/example_dags/example_branch_labels.py for tasks to queue
[2023-06-01T08:58:09.042+0000] {logging_mixin.py:137} INFO - [2023-06-01T08:58:09.042+0000] {dagbag.py:538} INFO - Filling up the DagBag from /home/airflow/.local/lib/python3.7/site-packages/airflow/example_dags/example_branch_labels.py
[2023-06-01T08:58:09.057+0000] {processor.py:753} INFO - DAG(s) dict_keys(['example_branch_labels']) retrieved from /home/airflow/.local/lib/python3.7/site-packages/airflow/example_dags/example_branch_labels.py
[2023-06-01T08:58:09.089+0000] {logging_mixin.py:137} INFO - [2023-06-01T08:58:09.089+0000] {dag.py:2690} INFO - Sync 1 DAGs
[2023-06-01T08:58:09.120+0000] {logging_mixin.py:137} INFO - [2023-06-01T08:58:09.119+0000] {dag.py:3441} INFO - Setting next_dagrun for example_branch_labels to 2023-05-31T00:00:00+00:00, run_after=2023-06-01T00:00:00+00:00
[2023-06-01T08:58:09.137+0000] {processor.py:175} INFO - Processing /home/airflow/.local/lib/python3.7/site-packages/airflow/example_dags/example_branch_labels.py took 0.101 seconds
[2023-06-01T08:58:39.347+0000] {processor.py:153} INFO - Started process (PID=2173) to work on /home/airflow/.local/lib/python3.7/site-packages/airflow/example_dags/example_branch_labels.py
[2023-06-01T08:58:39.349+0000] {processor.py:743} INFO - Processing file /home/airflow/.local/lib/python3.7/site-packages/airflow/example_dags/example_branch_labels.py for tasks to queue
[2023-06-01T08:58:39.349+0000] {logging_mixin.py:137} INFO - [2023-06-01T08:58:39.349+0000] {dagbag.py:538} INFO - Filling up the DagBag from /home/airflow/.local/lib/python3.7/site-packages/airflow/example_dags/example_branch_labels.py
[2023-06-01T08:58:39.365+0000] {processor.py:753} INFO - DAG(s) dict_keys(['example_branch_labels']) retrieved from /home/airflow/.local/lib/python3.7/site-packages/airflow/example_dags/example_branch_labels.py
[2023-06-01T08:58:39.407+0000] {logging_mixin.py:137} INFO - [2023-06-01T08:58:39.407+0000] {dag.py:2690} INFO - Sync 1 DAGs
[2023-06-01T08:58:39.443+0000] {logging_mixin.py:137} INFO - [2023-06-01T08:58:39.442+0000] {dag.py:3441} INFO - Setting next_dagrun for example_branch_labels to 2023-05-31T00:00:00+00:00, run_after=2023-06-01T00:00:00+00:00
[2023-06-01T08:58:39.465+0000] {processor.py:175} INFO - Processing /home/airflow/.local/lib/python3.7/site-packages/airflow/example_dags/example_branch_labels.py took 0.122 seconds
[2023-06-01T08:59:10.158+0000] {processor.py:153} INFO - Started process (PID=2260) to work on /home/airflow/.local/lib/python3.7/site-packages/airflow/example_dags/example_branch_labels.py
[2023-06-01T08:59:10.159+0000] {processor.py:743} INFO - Processing file /home/airflow/.local/lib/python3.7/site-packages/airflow/example_dags/example_branch_labels.py for tasks to queue
[2023-06-01T08:59:10.160+0000] {logging_mixin.py:137} INFO - [2023-06-01T08:59:10.160+0000] {dagbag.py:538} INFO - Filling up the DagBag from /home/airflow/.local/lib/python3.7/site-packages/airflow/example_dags/example_branch_labels.py
[2023-06-01T08:59:10.177+0000] {processor.py:753} INFO - DAG(s) dict_keys(['example_branch_labels']) retrieved from /home/airflow/.local/lib/python3.7/site-packages/airflow/example_dags/example_branch_labels.py
[2023-06-01T08:59:10.211+0000] {logging_mixin.py:137} INFO - [2023-06-01T08:59:10.211+0000] {dag.py:2690} INFO - Sync 1 DAGs
[2023-06-01T08:59:10.242+0000] {logging_mixin.py:137} INFO - [2023-06-01T08:59:10.242+0000] {dag.py:3441} INFO - Setting next_dagrun for example_branch_labels to 2023-05-31T00:00:00+00:00, run_after=2023-06-01T00:00:00+00:00
[2023-06-01T08:59:10.266+0000] {processor.py:175} INFO - Processing /home/airflow/.local/lib/python3.7/site-packages/airflow/example_dags/example_branch_labels.py took 0.112 seconds
[2023-06-01T08:59:40.600+0000] {processor.py:153} INFO - Started process (PID=2347) to work on /home/airflow/.local/lib/python3.7/site-packages/airflow/example_dags/example_branch_labels.py
[2023-06-01T08:59:40.602+0000] {processor.py:743} INFO - Processing file /home/airflow/.local/lib/python3.7/site-packages/airflow/example_dags/example_branch_labels.py for tasks to queue
[2023-06-01T08:59:40.602+0000] {logging_mixin.py:137} INFO - [2023-06-01T08:59:40.602+0000] {dagbag.py:538} INFO - Filling up the DagBag from /home/airflow/.local/lib/python3.7/site-packages/airflow/example_dags/example_branch_labels.py
[2023-06-01T08:59:40.616+0000] {processor.py:753} INFO - DAG(s) dict_keys(['example_branch_labels']) retrieved from /home/airflow/.local/lib/python3.7/site-packages/airflow/example_dags/example_branch_labels.py
[2023-06-01T08:59:40.643+0000] {logging_mixin.py:137} INFO - [2023-06-01T08:59:40.643+0000] {dag.py:2690} INFO - Sync 1 DAGs
[2023-06-01T08:59:40.667+0000] {logging_mixin.py:137} INFO - [2023-06-01T08:59:40.667+0000] {dag.py:3441} INFO - Setting next_dagrun for example_branch_labels to 2023-05-31T00:00:00+00:00, run_after=2023-06-01T00:00:00+00:00
[2023-06-01T08:59:40.687+0000] {processor.py:175} INFO - Processing /home/airflow/.local/lib/python3.7/site-packages/airflow/example_dags/example_branch_labels.py took 0.090 seconds
[2023-06-01T09:00:11.520+0000] {processor.py:153} INFO - Started process (PID=2443) to work on /home/airflow/.local/lib/python3.7/site-packages/airflow/example_dags/example_branch_labels.py
[2023-06-01T09:00:11.521+0000] {processor.py:743} INFO - Processing file /home/airflow/.local/lib/python3.7/site-packages/airflow/example_dags/example_branch_labels.py for tasks to queue
[2023-06-01T09:00:11.522+0000] {logging_mixin.py:137} INFO - [2023-06-01T09:00:11.522+0000] {dagbag.py:538} INFO - Filling up the DagBag from /home/airflow/.local/lib/python3.7/site-packages/airflow/example_dags/example_branch_labels.py
[2023-06-01T09:00:11.540+0000] {processor.py:753} INFO - DAG(s) dict_keys(['example_branch_labels']) retrieved from /home/airflow/.local/lib/python3.7/site-packages/airflow/example_dags/example_branch_labels.py
[2023-06-01T09:00:11.574+0000] {logging_mixin.py:137} INFO - [2023-06-01T09:00:11.574+0000] {dag.py:2690} INFO - Sync 1 DAGs
[2023-06-01T09:00:11.616+0000] {logging_mixin.py:137} INFO - [2023-06-01T09:00:11.616+0000] {dag.py:3441} INFO - Setting next_dagrun for example_branch_labels to 2023-05-31T00:00:00+00:00, run_after=2023-06-01T00:00:00+00:00
[2023-06-01T09:00:11.649+0000] {processor.py:175} INFO - Processing /home/airflow/.local/lib/python3.7/site-packages/airflow/example_dags/example_branch_labels.py took 0.133 seconds
[2023-06-01T09:00:42.706+0000] {processor.py:153} INFO - Started process (PID=2545) to work on /home/airflow/.local/lib/python3.7/site-packages/airflow/example_dags/example_branch_labels.py
[2023-06-01T09:00:42.709+0000] {processor.py:743} INFO - Processing file /home/airflow/.local/lib/python3.7/site-packages/airflow/example_dags/example_branch_labels.py for tasks to queue
[2023-06-01T09:00:42.709+0000] {logging_mixin.py:137} INFO - [2023-06-01T09:00:42.709+0000] {dagbag.py:538} INFO - Filling up the DagBag from /home/airflow/.local/lib/python3.7/site-packages/airflow/example_dags/example_branch_labels.py
[2023-06-01T09:00:42.726+0000] {processor.py:753} INFO - DAG(s) dict_keys(['example_branch_labels']) retrieved from /home/airflow/.local/lib/python3.7/site-packages/airflow/example_dags/example_branch_labels.py
[2023-06-01T09:00:42.760+0000] {logging_mixin.py:137} INFO - [2023-06-01T09:00:42.760+0000] {dag.py:2690} INFO - Sync 1 DAGs
[2023-06-01T09:00:42.789+0000] {logging_mixin.py:137} INFO - [2023-06-01T09:00:42.788+0000] {dag.py:3441} INFO - Setting next_dagrun for example_branch_labels to 2023-05-31T00:00:00+00:00, run_after=2023-06-01T00:00:00+00:00
[2023-06-01T09:00:42.815+0000] {processor.py:175} INFO - Processing /home/airflow/.local/lib/python3.7/site-packages/airflow/example_dags/example_branch_labels.py took 0.112 seconds
[2023-06-01T09:01:13.286+0000] {processor.py:153} INFO - Started process (PID=2632) to work on /home/airflow/.local/lib/python3.7/site-packages/airflow/example_dags/example_branch_labels.py
[2023-06-01T09:01:13.288+0000] {processor.py:743} INFO - Processing file /home/airflow/.local/lib/python3.7/site-packages/airflow/example_dags/example_branch_labels.py for tasks to queue
[2023-06-01T09:01:13.289+0000] {logging_mixin.py:137} INFO - [2023-06-01T09:01:13.288+0000] {dagbag.py:538} INFO - Filling up the DagBag from /home/airflow/.local/lib/python3.7/site-packages/airflow/example_dags/example_branch_labels.py
[2023-06-01T09:01:13.304+0000] {processor.py:753} INFO - DAG(s) dict_keys(['example_branch_labels']) retrieved from /home/airflow/.local/lib/python3.7/site-packages/airflow/example_dags/example_branch_labels.py
[2023-06-01T09:01:13.334+0000] {logging_mixin.py:137} INFO - [2023-06-01T09:01:13.334+0000] {dag.py:2690} INFO - Sync 1 DAGs
[2023-06-01T09:01:13.371+0000] {logging_mixin.py:137} INFO - [2023-06-01T09:01:13.371+0000] {dag.py:3441} INFO - Setting next_dagrun for example_branch_labels to 2023-05-31T00:00:00+00:00, run_after=2023-06-01T00:00:00+00:00
[2023-06-01T09:01:13.399+0000] {processor.py:175} INFO - Processing /home/airflow/.local/lib/python3.7/site-packages/airflow/example_dags/example_branch_labels.py took 0.117 seconds
[2023-06-01T09:01:44.024+0000] {processor.py:153} INFO - Started process (PID=2719) to work on /home/airflow/.local/lib/python3.7/site-packages/airflow/example_dags/example_branch_labels.py
[2023-06-01T09:01:44.026+0000] {processor.py:743} INFO - Processing file /home/airflow/.local/lib/python3.7/site-packages/airflow/example_dags/example_branch_labels.py for tasks to queue
[2023-06-01T09:01:44.026+0000] {logging_mixin.py:137} INFO - [2023-06-01T09:01:44.026+0000] {dagbag.py:538} INFO - Filling up the DagBag from /home/airflow/.local/lib/python3.7/site-packages/airflow/example_dags/example_branch_labels.py
[2023-06-01T09:01:44.043+0000] {processor.py:753} INFO - DAG(s) dict_keys(['example_branch_labels']) retrieved from /home/airflow/.local/lib/python3.7/site-packages/airflow/example_dags/example_branch_labels.py
[2023-06-01T09:01:44.080+0000] {logging_mixin.py:137} INFO - [2023-06-01T09:01:44.080+0000] {dag.py:2690} INFO - Sync 1 DAGs
[2023-06-01T09:01:44.114+0000] {logging_mixin.py:137} INFO - [2023-06-01T09:01:44.114+0000] {dag.py:3441} INFO - Setting next_dagrun for example_branch_labels to 2023-05-31T00:00:00+00:00, run_after=2023-06-01T00:00:00+00:00
[2023-06-01T09:01:44.144+0000] {processor.py:175} INFO - Processing /home/airflow/.local/lib/python3.7/site-packages/airflow/example_dags/example_branch_labels.py took 0.125 seconds
[2023-06-01T09:02:14.800+0000] {processor.py:153} INFO - Started process (PID=2830) to work on /home/airflow/.local/lib/python3.7/site-packages/airflow/example_dags/example_branch_labels.py
[2023-06-01T09:02:14.801+0000] {processor.py:743} INFO - Processing file /home/airflow/.local/lib/python3.7/site-packages/airflow/example_dags/example_branch_labels.py for tasks to queue
[2023-06-01T09:02:14.801+0000] {logging_mixin.py:137} INFO - [2023-06-01T09:02:14.801+0000] {dagbag.py:538} INFO - Filling up the DagBag from /home/airflow/.local/lib/python3.7/site-packages/airflow/example_dags/example_branch_labels.py
[2023-06-01T09:02:14.818+0000] {processor.py:753} INFO - DAG(s) dict_keys(['example_branch_labels']) retrieved from /home/airflow/.local/lib/python3.7/site-packages/airflow/example_dags/example_branch_labels.py
[2023-06-01T09:02:14.848+0000] {logging_mixin.py:137} INFO - [2023-06-01T09:02:14.848+0000] {dag.py:2690} INFO - Sync 1 DAGs
[2023-06-01T09:02:14.876+0000] {logging_mixin.py:137} INFO - [2023-06-01T09:02:14.875+0000] {dag.py:3441} INFO - Setting next_dagrun for example_branch_labels to 2023-05-31T00:00:00+00:00, run_after=2023-06-01T00:00:00+00:00
[2023-06-01T09:02:14.899+0000] {processor.py:175} INFO - Processing /home/airflow/.local/lib/python3.7/site-packages/airflow/example_dags/example_branch_labels.py took 0.102 seconds
[2023-06-01T09:02:45.137+0000] {processor.py:153} INFO - Started process (PID=2917) to work on /home/airflow/.local/lib/python3.7/site-packages/airflow/example_dags/example_branch_labels.py
[2023-06-01T09:02:45.138+0000] {processor.py:743} INFO - Processing file /home/airflow/.local/lib/python3.7/site-packages/airflow/example_dags/example_branch_labels.py for tasks to queue
[2023-06-01T09:02:45.139+0000] {logging_mixin.py:137} INFO - [2023-06-01T09:02:45.139+0000] {dagbag.py:538} INFO - Filling up the DagBag from /home/airflow/.local/lib/python3.7/site-packages/airflow/example_dags/example_branch_labels.py
[2023-06-01T09:02:45.154+0000] {processor.py:753} INFO - DAG(s) dict_keys(['example_branch_labels']) retrieved from /home/airflow/.local/lib/python3.7/site-packages/airflow/example_dags/example_branch_labels.py
[2023-06-01T09:02:45.184+0000] {logging_mixin.py:137} INFO - [2023-06-01T09:02:45.184+0000] {dag.py:2690} INFO - Sync 1 DAGs
[2023-06-01T09:02:45.212+0000] {logging_mixin.py:137} INFO - [2023-06-01T09:02:45.212+0000] {dag.py:3441} INFO - Setting next_dagrun for example_branch_labels to 2023-05-31T00:00:00+00:00, run_after=2023-06-01T00:00:00+00:00
[2023-06-01T09:02:45.229+0000] {processor.py:175} INFO - Processing /home/airflow/.local/lib/python3.7/site-packages/airflow/example_dags/example_branch_labels.py took 0.096 seconds
[2023-06-01T09:03:15.376+0000] {processor.py:153} INFO - Started process (PID=3004) to work on /home/airflow/.local/lib/python3.7/site-packages/airflow/example_dags/example_branch_labels.py
[2023-06-01T09:03:15.377+0000] {processor.py:743} INFO - Processing file /home/airflow/.local/lib/python3.7/site-packages/airflow/example_dags/example_branch_labels.py for tasks to queue
[2023-06-01T09:03:15.377+0000] {logging_mixin.py:137} INFO - [2023-06-01T09:03:15.377+0000] {dagbag.py:538} INFO - Filling up the DagBag from /home/airflow/.local/lib/python3.7/site-packages/airflow/example_dags/example_branch_labels.py
[2023-06-01T09:03:15.391+0000] {processor.py:753} INFO - DAG(s) dict_keys(['example_branch_labels']) retrieved from /home/airflow/.local/lib/python3.7/site-packages/airflow/example_dags/example_branch_labels.py
[2023-06-01T09:03:15.420+0000] {logging_mixin.py:137} INFO - [2023-06-01T09:03:15.419+0000] {dag.py:2690} INFO - Sync 1 DAGs
[2023-06-01T09:03:15.445+0000] {logging_mixin.py:137} INFO - [2023-06-01T09:03:15.445+0000] {dag.py:3441} INFO - Setting next_dagrun for example_branch_labels to 2023-05-31T00:00:00+00:00, run_after=2023-06-01T00:00:00+00:00
[2023-06-01T09:03:15.462+0000] {processor.py:175} INFO - Processing /home/airflow/.local/lib/python3.7/site-packages/airflow/example_dags/example_branch_labels.py took 0.089 seconds
[2023-06-01T09:03:46.088+0000] {processor.py:153} INFO - Started process (PID=3100) to work on /home/airflow/.local/lib/python3.7/site-packages/airflow/example_dags/example_branch_labels.py
[2023-06-01T09:03:46.089+0000] {processor.py:743} INFO - Processing file /home/airflow/.local/lib/python3.7/site-packages/airflow/example_dags/example_branch_labels.py for tasks to queue
[2023-06-01T09:03:46.090+0000] {logging_mixin.py:137} INFO - [2023-06-01T09:03:46.090+0000] {dagbag.py:538} INFO - Filling up the DagBag from /home/airflow/.local/lib/python3.7/site-packages/airflow/example_dags/example_branch_labels.py
[2023-06-01T09:03:46.106+0000] {processor.py:753} INFO - DAG(s) dict_keys(['example_branch_labels']) retrieved from /home/airflow/.local/lib/python3.7/site-packages/airflow/example_dags/example_branch_labels.py
[2023-06-01T09:03:46.136+0000] {logging_mixin.py:137} INFO - [2023-06-01T09:03:46.136+0000] {dag.py:2690} INFO - Sync 1 DAGs
[2023-06-01T09:03:46.168+0000] {logging_mixin.py:137} INFO - [2023-06-01T09:03:46.167+0000] {dag.py:3441} INFO - Setting next_dagrun for example_branch_labels to 2023-05-31T00:00:00+00:00, run_after=2023-06-01T00:00:00+00:00
[2023-06-01T09:03:46.189+0000] {processor.py:175} INFO - Processing /home/airflow/.local/lib/python3.7/site-packages/airflow/example_dags/example_branch_labels.py took 0.105 seconds
[2023-06-01T09:04:16.848+0000] {processor.py:153} INFO - Started process (PID=3202) to work on /home/airflow/.local/lib/python3.7/site-packages/airflow/example_dags/example_branch_labels.py
[2023-06-01T09:04:16.849+0000] {processor.py:743} INFO - Processing file /home/airflow/.local/lib/python3.7/site-packages/airflow/example_dags/example_branch_labels.py for tasks to queue
[2023-06-01T09:04:16.850+0000] {logging_mixin.py:137} INFO - [2023-06-01T09:04:16.850+0000] {dagbag.py:538} INFO - Filling up the DagBag from /home/airflow/.local/lib/python3.7/site-packages/airflow/example_dags/example_branch_labels.py
[2023-06-01T09:04:16.865+0000] {processor.py:753} INFO - DAG(s) dict_keys(['example_branch_labels']) retrieved from /home/airflow/.local/lib/python3.7/site-packages/airflow/example_dags/example_branch_labels.py
[2023-06-01T09:04:16.896+0000] {logging_mixin.py:137} INFO - [2023-06-01T09:04:16.896+0000] {dag.py:2690} INFO - Sync 1 DAGs
[2023-06-01T09:04:16.923+0000] {logging_mixin.py:137} INFO - [2023-06-01T09:04:16.923+0000] {dag.py:3441} INFO - Setting next_dagrun for example_branch_labels to 2023-05-31T00:00:00+00:00, run_after=2023-06-01T00:00:00+00:00
[2023-06-01T09:04:16.940+0000] {processor.py:175} INFO - Processing /home/airflow/.local/lib/python3.7/site-packages/airflow/example_dags/example_branch_labels.py took 0.096 seconds
[2023-06-01T09:04:47.095+0000] {processor.py:153} INFO - Started process (PID=3289) to work on /home/airflow/.local/lib/python3.7/site-packages/airflow/example_dags/example_branch_labels.py
[2023-06-01T09:04:47.098+0000] {processor.py:743} INFO - Processing file /home/airflow/.local/lib/python3.7/site-packages/airflow/example_dags/example_branch_labels.py for tasks to queue
[2023-06-01T09:04:47.099+0000] {logging_mixin.py:137} INFO - [2023-06-01T09:04:47.099+0000] {dagbag.py:538} INFO - Filling up the DagBag from /home/airflow/.local/lib/python3.7/site-packages/airflow/example_dags/example_branch_labels.py
[2023-06-01T09:04:47.117+0000] {processor.py:753} INFO - DAG(s) dict_keys(['example_branch_labels']) retrieved from /home/airflow/.local/lib/python3.7/site-packages/airflow/example_dags/example_branch_labels.py
[2023-06-01T09:04:47.153+0000] {logging_mixin.py:137} INFO - [2023-06-01T09:04:47.153+0000] {dag.py:2690} INFO - Sync 1 DAGs
[2023-06-01T09:04:47.185+0000] {logging_mixin.py:137} INFO - [2023-06-01T09:04:47.185+0000] {dag.py:3441} INFO - Setting next_dagrun for example_branch_labels to 2023-05-31T00:00:00+00:00, run_after=2023-06-01T00:00:00+00:00
[2023-06-01T09:04:47.209+0000] {processor.py:175} INFO - Processing /home/airflow/.local/lib/python3.7/site-packages/airflow/example_dags/example_branch_labels.py took 0.118 seconds
[2023-06-01T09:05:17.960+0000] {processor.py:153} INFO - Started process (PID=3376) to work on /home/airflow/.local/lib/python3.7/site-packages/airflow/example_dags/example_branch_labels.py
[2023-06-01T09:05:17.961+0000] {processor.py:743} INFO - Processing file /home/airflow/.local/lib/python3.7/site-packages/airflow/example_dags/example_branch_labels.py for tasks to queue
[2023-06-01T09:05:17.961+0000] {logging_mixin.py:137} INFO - [2023-06-01T09:05:17.961+0000] {dagbag.py:538} INFO - Filling up the DagBag from /home/airflow/.local/lib/python3.7/site-packages/airflow/example_dags/example_branch_labels.py
[2023-06-01T09:05:17.981+0000] {processor.py:753} INFO - DAG(s) dict_keys(['example_branch_labels']) retrieved from /home/airflow/.local/lib/python3.7/site-packages/airflow/example_dags/example_branch_labels.py
[2023-06-01T09:05:18.017+0000] {logging_mixin.py:137} INFO - [2023-06-01T09:05:18.017+0000] {dag.py:2690} INFO - Sync 1 DAGs
[2023-06-01T09:05:18.058+0000] {logging_mixin.py:137} INFO - [2023-06-01T09:05:18.058+0000] {dag.py:3441} INFO - Setting next_dagrun for example_branch_labels to 2023-05-31T00:00:00+00:00, run_after=2023-06-01T00:00:00+00:00
[2023-06-01T09:05:18.094+0000] {processor.py:175} INFO - Processing /home/airflow/.local/lib/python3.7/site-packages/airflow/example_dags/example_branch_labels.py took 0.139 seconds
[2023-06-01T09:05:48.629+0000] {processor.py:153} INFO - Started process (PID=3463) to work on /home/airflow/.local/lib/python3.7/site-packages/airflow/example_dags/example_branch_labels.py
[2023-06-01T09:05:48.632+0000] {processor.py:743} INFO - Processing file /home/airflow/.local/lib/python3.7/site-packages/airflow/example_dags/example_branch_labels.py for tasks to queue
[2023-06-01T09:05:48.633+0000] {logging_mixin.py:137} INFO - [2023-06-01T09:05:48.633+0000] {dagbag.py:538} INFO - Filling up the DagBag from /home/airflow/.local/lib/python3.7/site-packages/airflow/example_dags/example_branch_labels.py
[2023-06-01T09:05:48.654+0000] {processor.py:753} INFO - DAG(s) dict_keys(['example_branch_labels']) retrieved from /home/airflow/.local/lib/python3.7/site-packages/airflow/example_dags/example_branch_labels.py
[2023-06-01T09:05:48.696+0000] {logging_mixin.py:137} INFO - [2023-06-01T09:05:48.696+0000] {dag.py:2690} INFO - Sync 1 DAGs
[2023-06-01T09:05:48.738+0000] {logging_mixin.py:137} INFO - [2023-06-01T09:05:48.737+0000] {dag.py:3441} INFO - Setting next_dagrun for example_branch_labels to 2023-05-31T00:00:00+00:00, run_after=2023-06-01T00:00:00+00:00
[2023-06-01T09:05:48.772+0000] {processor.py:175} INFO - Processing /home/airflow/.local/lib/python3.7/site-packages/airflow/example_dags/example_branch_labels.py took 0.149 seconds
[2023-06-01T09:06:19.177+0000] {processor.py:153} INFO - Started process (PID=3559) to work on /home/airflow/.local/lib/python3.7/site-packages/airflow/example_dags/example_branch_labels.py
[2023-06-01T09:06:19.178+0000] {processor.py:743} INFO - Processing file /home/airflow/.local/lib/python3.7/site-packages/airflow/example_dags/example_branch_labels.py for tasks to queue
[2023-06-01T09:06:19.178+0000] {logging_mixin.py:137} INFO - [2023-06-01T09:06:19.178+0000] {dagbag.py:538} INFO - Filling up the DagBag from /home/airflow/.local/lib/python3.7/site-packages/airflow/example_dags/example_branch_labels.py
[2023-06-01T09:06:19.193+0000] {processor.py:753} INFO - DAG(s) dict_keys(['example_branch_labels']) retrieved from /home/airflow/.local/lib/python3.7/site-packages/airflow/example_dags/example_branch_labels.py
[2023-06-01T09:06:19.232+0000] {logging_mixin.py:137} INFO - [2023-06-01T09:06:19.231+0000] {dag.py:2690} INFO - Sync 1 DAGs
[2023-06-01T09:06:19.267+0000] {logging_mixin.py:137} INFO - [2023-06-01T09:06:19.267+0000] {dag.py:3441} INFO - Setting next_dagrun for example_branch_labels to 2023-05-31T00:00:00+00:00, run_after=2023-06-01T00:00:00+00:00
[2023-06-01T09:06:19.302+0000] {processor.py:175} INFO - Processing /home/airflow/.local/lib/python3.7/site-packages/airflow/example_dags/example_branch_labels.py took 0.128 seconds
[2023-06-01T09:06:49.637+0000] {processor.py:153} INFO - Started process (PID=3661) to work on /home/airflow/.local/lib/python3.7/site-packages/airflow/example_dags/example_branch_labels.py
[2023-06-01T09:06:49.640+0000] {processor.py:743} INFO - Processing file /home/airflow/.local/lib/python3.7/site-packages/airflow/example_dags/example_branch_labels.py for tasks to queue
[2023-06-01T09:06:49.641+0000] {logging_mixin.py:137} INFO - [2023-06-01T09:06:49.641+0000] {dagbag.py:538} INFO - Filling up the DagBag from /home/airflow/.local/lib/python3.7/site-packages/airflow/example_dags/example_branch_labels.py
[2023-06-01T09:06:49.659+0000] {processor.py:753} INFO - DAG(s) dict_keys(['example_branch_labels']) retrieved from /home/airflow/.local/lib/python3.7/site-packages/airflow/example_dags/example_branch_labels.py
[2023-06-01T09:06:49.693+0000] {logging_mixin.py:137} INFO - [2023-06-01T09:06:49.693+0000] {dag.py:2690} INFO - Sync 1 DAGs
[2023-06-01T09:06:49.735+0000] {logging_mixin.py:137} INFO - [2023-06-01T09:06:49.735+0000] {dag.py:3441} INFO - Setting next_dagrun for example_branch_labels to 2023-05-31T00:00:00+00:00, run_after=2023-06-01T00:00:00+00:00
[2023-06-01T09:06:49.760+0000] {processor.py:175} INFO - Processing /home/airflow/.local/lib/python3.7/site-packages/airflow/example_dags/example_branch_labels.py took 0.126 seconds
[2023-06-01T09:07:20.659+0000] {processor.py:153} INFO - Started process (PID=3748) to work on /home/airflow/.local/lib/python3.7/site-packages/airflow/example_dags/example_branch_labels.py
[2023-06-01T09:07:20.660+0000] {processor.py:743} INFO - Processing file /home/airflow/.local/lib/python3.7/site-packages/airflow/example_dags/example_branch_labels.py for tasks to queue
[2023-06-01T09:07:20.661+0000] {logging_mixin.py:137} INFO - [2023-06-01T09:07:20.660+0000] {dagbag.py:538} INFO - Filling up the DagBag from /home/airflow/.local/lib/python3.7/site-packages/airflow/example_dags/example_branch_labels.py
[2023-06-01T09:07:20.680+0000] {processor.py:753} INFO - DAG(s) dict_keys(['example_branch_labels']) retrieved from /home/airflow/.local/lib/python3.7/site-packages/airflow/example_dags/example_branch_labels.py
[2023-06-01T09:07:20.715+0000] {logging_mixin.py:137} INFO - [2023-06-01T09:07:20.715+0000] {dag.py:2690} INFO - Sync 1 DAGs
[2023-06-01T09:07:20.750+0000] {logging_mixin.py:137} INFO - [2023-06-01T09:07:20.749+0000] {dag.py:3441} INFO - Setting next_dagrun for example_branch_labels to 2023-05-31T00:00:00+00:00, run_after=2023-06-01T00:00:00+00:00
[2023-06-01T09:07:20.792+0000] {processor.py:175} INFO - Processing /home/airflow/.local/lib/python3.7/site-packages/airflow/example_dags/example_branch_labels.py took 0.137 seconds
[2023-06-01T09:07:51.598+0000] {processor.py:153} INFO - Started process (PID=3835) to work on /home/airflow/.local/lib/python3.7/site-packages/airflow/example_dags/example_branch_labels.py
[2023-06-01T09:07:51.600+0000] {processor.py:743} INFO - Processing file /home/airflow/.local/lib/python3.7/site-packages/airflow/example_dags/example_branch_labels.py for tasks to queue
[2023-06-01T09:07:51.601+0000] {logging_mixin.py:137} INFO - [2023-06-01T09:07:51.601+0000] {dagbag.py:538} INFO - Filling up the DagBag from /home/airflow/.local/lib/python3.7/site-packages/airflow/example_dags/example_branch_labels.py
[2023-06-01T09:07:51.619+0000] {processor.py:753} INFO - DAG(s) dict_keys(['example_branch_labels']) retrieved from /home/airflow/.local/lib/python3.7/site-packages/airflow/example_dags/example_branch_labels.py
[2023-06-01T09:07:51.650+0000] {logging_mixin.py:137} INFO - [2023-06-01T09:07:51.650+0000] {dag.py:2690} INFO - Sync 1 DAGs
[2023-06-01T09:07:51.684+0000] {logging_mixin.py:137} INFO - [2023-06-01T09:07:51.684+0000] {dag.py:3441} INFO - Setting next_dagrun for example_branch_labels to 2023-05-31T00:00:00+00:00, run_after=2023-06-01T00:00:00+00:00
[2023-06-01T09:07:51.711+0000] {processor.py:175} INFO - Processing /home/airflow/.local/lib/python3.7/site-packages/airflow/example_dags/example_branch_labels.py took 0.116 seconds
[2023-06-01T09:08:22.408+0000] {processor.py:153} INFO - Started process (PID=3931) to work on /home/airflow/.local/lib/python3.7/site-packages/airflow/example_dags/example_branch_labels.py
[2023-06-01T09:08:22.409+0000] {processor.py:743} INFO - Processing file /home/airflow/.local/lib/python3.7/site-packages/airflow/example_dags/example_branch_labels.py for tasks to queue
[2023-06-01T09:08:22.410+0000] {logging_mixin.py:137} INFO - [2023-06-01T09:08:22.410+0000] {dagbag.py:538} INFO - Filling up the DagBag from /home/airflow/.local/lib/python3.7/site-packages/airflow/example_dags/example_branch_labels.py
[2023-06-01T09:08:22.425+0000] {processor.py:753} INFO - DAG(s) dict_keys(['example_branch_labels']) retrieved from /home/airflow/.local/lib/python3.7/site-packages/airflow/example_dags/example_branch_labels.py
[2023-06-01T09:08:22.460+0000] {logging_mixin.py:137} INFO - [2023-06-01T09:08:22.460+0000] {dag.py:2690} INFO - Sync 1 DAGs
[2023-06-01T09:08:22.495+0000] {logging_mixin.py:137} INFO - [2023-06-01T09:08:22.494+0000] {dag.py:3441} INFO - Setting next_dagrun for example_branch_labels to 2023-05-31T00:00:00+00:00, run_after=2023-06-01T00:00:00+00:00
[2023-06-01T09:08:22.521+0000] {processor.py:175} INFO - Processing /home/airflow/.local/lib/python3.7/site-packages/airflow/example_dags/example_branch_labels.py took 0.116 seconds
[2023-06-01T09:08:53.253+0000] {processor.py:153} INFO - Started process (PID=4033) to work on /home/airflow/.local/lib/python3.7/site-packages/airflow/example_dags/example_branch_labels.py
[2023-06-01T09:08:53.256+0000] {processor.py:743} INFO - Processing file /home/airflow/.local/lib/python3.7/site-packages/airflow/example_dags/example_branch_labels.py for tasks to queue
[2023-06-01T09:08:53.257+0000] {logging_mixin.py:137} INFO - [2023-06-01T09:08:53.257+0000] {dagbag.py:538} INFO - Filling up the DagBag from /home/airflow/.local/lib/python3.7/site-packages/airflow/example_dags/example_branch_labels.py
[2023-06-01T09:08:53.273+0000] {processor.py:753} INFO - DAG(s) dict_keys(['example_branch_labels']) retrieved from /home/airflow/.local/lib/python3.7/site-packages/airflow/example_dags/example_branch_labels.py
[2023-06-01T09:08:53.304+0000] {logging_mixin.py:137} INFO - [2023-06-01T09:08:53.304+0000] {dag.py:2690} INFO - Sync 1 DAGs
[2023-06-01T09:08:53.343+0000] {logging_mixin.py:137} INFO - [2023-06-01T09:08:53.343+0000] {dag.py:3441} INFO - Setting next_dagrun for example_branch_labels to 2023-05-31T00:00:00+00:00, run_after=2023-06-01T00:00:00+00:00
[2023-06-01T09:08:53.369+0000] {processor.py:175} INFO - Processing /home/airflow/.local/lib/python3.7/site-packages/airflow/example_dags/example_branch_labels.py took 0.120 seconds
[2023-06-01T09:09:23.661+0000] {processor.py:153} INFO - Started process (PID=4120) to work on /home/airflow/.local/lib/python3.7/site-packages/airflow/example_dags/example_branch_labels.py
[2023-06-01T09:09:23.662+0000] {processor.py:743} INFO - Processing file /home/airflow/.local/lib/python3.7/site-packages/airflow/example_dags/example_branch_labels.py for tasks to queue
[2023-06-01T09:09:23.663+0000] {logging_mixin.py:137} INFO - [2023-06-01T09:09:23.663+0000] {dagbag.py:538} INFO - Filling up the DagBag from /home/airflow/.local/lib/python3.7/site-packages/airflow/example_dags/example_branch_labels.py
[2023-06-01T09:09:23.684+0000] {processor.py:753} INFO - DAG(s) dict_keys(['example_branch_labels']) retrieved from /home/airflow/.local/lib/python3.7/site-packages/airflow/example_dags/example_branch_labels.py
[2023-06-01T09:09:23.720+0000] {logging_mixin.py:137} INFO - [2023-06-01T09:09:23.720+0000] {dag.py:2690} INFO - Sync 1 DAGs
[2023-06-01T09:09:23.752+0000] {logging_mixin.py:137} INFO - [2023-06-01T09:09:23.752+0000] {dag.py:3441} INFO - Setting next_dagrun for example_branch_labels to 2023-05-31T00:00:00+00:00, run_after=2023-06-01T00:00:00+00:00
[2023-06-01T09:09:23.781+0000] {processor.py:175} INFO - Processing /home/airflow/.local/lib/python3.7/site-packages/airflow/example_dags/example_branch_labels.py took 0.123 seconds
[2023-06-01T09:09:54.154+0000] {processor.py:153} INFO - Started process (PID=4207) to work on /home/airflow/.local/lib/python3.7/site-packages/airflow/example_dags/example_branch_labels.py
[2023-06-01T09:09:54.156+0000] {processor.py:743} INFO - Processing file /home/airflow/.local/lib/python3.7/site-packages/airflow/example_dags/example_branch_labels.py for tasks to queue
[2023-06-01T09:09:54.157+0000] {logging_mixin.py:137} INFO - [2023-06-01T09:09:54.157+0000] {dagbag.py:538} INFO - Filling up the DagBag from /home/airflow/.local/lib/python3.7/site-packages/airflow/example_dags/example_branch_labels.py
[2023-06-01T09:09:54.174+0000] {processor.py:753} INFO - DAG(s) dict_keys(['example_branch_labels']) retrieved from /home/airflow/.local/lib/python3.7/site-packages/airflow/example_dags/example_branch_labels.py
[2023-06-01T09:09:54.214+0000] {logging_mixin.py:137} INFO - [2023-06-01T09:09:54.214+0000] {dag.py:2690} INFO - Sync 1 DAGs
[2023-06-01T09:09:54.253+0000] {logging_mixin.py:137} INFO - [2023-06-01T09:09:54.252+0000] {dag.py:3441} INFO - Setting next_dagrun for example_branch_labels to 2023-05-31T00:00:00+00:00, run_after=2023-06-01T00:00:00+00:00
[2023-06-01T09:09:54.277+0000] {processor.py:175} INFO - Processing /home/airflow/.local/lib/python3.7/site-packages/airflow/example_dags/example_branch_labels.py took 0.127 seconds
[2023-06-01T09:10:25.114+0000] {processor.py:153} INFO - Started process (PID=4303) to work on /home/airflow/.local/lib/python3.7/site-packages/airflow/example_dags/example_branch_labels.py
[2023-06-01T09:10:25.114+0000] {processor.py:743} INFO - Processing file /home/airflow/.local/lib/python3.7/site-packages/airflow/example_dags/example_branch_labels.py for tasks to queue
[2023-06-01T09:10:25.115+0000] {logging_mixin.py:137} INFO - [2023-06-01T09:10:25.115+0000] {dagbag.py:538} INFO - Filling up the DagBag from /home/airflow/.local/lib/python3.7/site-packages/airflow/example_dags/example_branch_labels.py
[2023-06-01T09:10:25.131+0000] {processor.py:753} INFO - DAG(s) dict_keys(['example_branch_labels']) retrieved from /home/airflow/.local/lib/python3.7/site-packages/airflow/example_dags/example_branch_labels.py
[2023-06-01T09:10:25.165+0000] {logging_mixin.py:137} INFO - [2023-06-01T09:10:25.165+0000] {dag.py:2690} INFO - Sync 1 DAGs
[2023-06-01T09:10:25.192+0000] {logging_mixin.py:137} INFO - [2023-06-01T09:10:25.192+0000] {dag.py:3441} INFO - Setting next_dagrun for example_branch_labels to 2023-05-31T00:00:00+00:00, run_after=2023-06-01T00:00:00+00:00
[2023-06-01T09:10:25.212+0000] {processor.py:175} INFO - Processing /home/airflow/.local/lib/python3.7/site-packages/airflow/example_dags/example_branch_labels.py took 0.102 seconds
[2023-06-01T09:10:55.604+0000] {processor.py:153} INFO - Started process (PID=4405) to work on /home/airflow/.local/lib/python3.7/site-packages/airflow/example_dags/example_branch_labels.py
[2023-06-01T09:10:55.606+0000] {processor.py:743} INFO - Processing file /home/airflow/.local/lib/python3.7/site-packages/airflow/example_dags/example_branch_labels.py for tasks to queue
[2023-06-01T09:10:55.607+0000] {logging_mixin.py:137} INFO - [2023-06-01T09:10:55.607+0000] {dagbag.py:538} INFO - Filling up the DagBag from /home/airflow/.local/lib/python3.7/site-packages/airflow/example_dags/example_branch_labels.py
[2023-06-01T09:10:55.622+0000] {processor.py:753} INFO - DAG(s) dict_keys(['example_branch_labels']) retrieved from /home/airflow/.local/lib/python3.7/site-packages/airflow/example_dags/example_branch_labels.py
[2023-06-01T09:10:55.654+0000] {logging_mixin.py:137} INFO - [2023-06-01T09:10:55.654+0000] {dag.py:2690} INFO - Sync 1 DAGs
[2023-06-01T09:10:55.682+0000] {logging_mixin.py:137} INFO - [2023-06-01T09:10:55.682+0000] {dag.py:3441} INFO - Setting next_dagrun for example_branch_labels to 2023-05-31T00:00:00+00:00, run_after=2023-06-01T00:00:00+00:00
[2023-06-01T09:10:55.707+0000] {processor.py:175} INFO - Processing /home/airflow/.local/lib/python3.7/site-packages/airflow/example_dags/example_branch_labels.py took 0.106 seconds
[2023-06-01T09:11:25.825+0000] {processor.py:153} INFO - Started process (PID=4492) to work on /home/airflow/.local/lib/python3.7/site-packages/airflow/example_dags/example_branch_labels.py
[2023-06-01T09:11:25.826+0000] {processor.py:743} INFO - Processing file /home/airflow/.local/lib/python3.7/site-packages/airflow/example_dags/example_branch_labels.py for tasks to queue
[2023-06-01T09:11:25.827+0000] {logging_mixin.py:137} INFO - [2023-06-01T09:11:25.827+0000] {dagbag.py:538} INFO - Filling up the DagBag from /home/airflow/.local/lib/python3.7/site-packages/airflow/example_dags/example_branch_labels.py
[2023-06-01T09:11:25.845+0000] {processor.py:753} INFO - DAG(s) dict_keys(['example_branch_labels']) retrieved from /home/airflow/.local/lib/python3.7/site-packages/airflow/example_dags/example_branch_labels.py
[2023-06-01T09:11:25.879+0000] {logging_mixin.py:137} INFO - [2023-06-01T09:11:25.878+0000] {dag.py:2690} INFO - Sync 1 DAGs
[2023-06-01T09:11:25.913+0000] {logging_mixin.py:137} INFO - [2023-06-01T09:11:25.913+0000] {dag.py:3441} INFO - Setting next_dagrun for example_branch_labels to 2023-05-31T00:00:00+00:00, run_after=2023-06-01T00:00:00+00:00
[2023-06-01T09:11:25.938+0000] {processor.py:175} INFO - Processing /home/airflow/.local/lib/python3.7/site-packages/airflow/example_dags/example_branch_labels.py took 0.117 seconds
[2023-06-01T09:11:56.213+0000] {processor.py:153} INFO - Started process (PID=4579) to work on /home/airflow/.local/lib/python3.7/site-packages/airflow/example_dags/example_branch_labels.py
[2023-06-01T09:11:56.214+0000] {processor.py:743} INFO - Processing file /home/airflow/.local/lib/python3.7/site-packages/airflow/example_dags/example_branch_labels.py for tasks to queue
[2023-06-01T09:11:56.215+0000] {logging_mixin.py:137} INFO - [2023-06-01T09:11:56.215+0000] {dagbag.py:538} INFO - Filling up the DagBag from /home/airflow/.local/lib/python3.7/site-packages/airflow/example_dags/example_branch_labels.py
[2023-06-01T09:11:56.231+0000] {processor.py:753} INFO - DAG(s) dict_keys(['example_branch_labels']) retrieved from /home/airflow/.local/lib/python3.7/site-packages/airflow/example_dags/example_branch_labels.py
[2023-06-01T09:11:56.264+0000] {logging_mixin.py:137} INFO - [2023-06-01T09:11:56.264+0000] {dag.py:2690} INFO - Sync 1 DAGs
[2023-06-01T09:11:56.293+0000] {logging_mixin.py:137} INFO - [2023-06-01T09:11:56.293+0000] {dag.py:3441} INFO - Setting next_dagrun for example_branch_labels to 2023-05-31T00:00:00+00:00, run_after=2023-06-01T00:00:00+00:00
[2023-06-01T09:11:56.313+0000] {processor.py:175} INFO - Processing /home/airflow/.local/lib/python3.7/site-packages/airflow/example_dags/example_branch_labels.py took 0.104 seconds
[2023-06-01T09:12:26.779+0000] {processor.py:153} INFO - Started process (PID=4690) to work on /home/airflow/.local/lib/python3.7/site-packages/airflow/example_dags/example_branch_labels.py
[2023-06-01T09:12:26.781+0000] {processor.py:743} INFO - Processing file /home/airflow/.local/lib/python3.7/site-packages/airflow/example_dags/example_branch_labels.py for tasks to queue
[2023-06-01T09:12:26.781+0000] {logging_mixin.py:137} INFO - [2023-06-01T09:12:26.781+0000] {dagbag.py:538} INFO - Filling up the DagBag from /home/airflow/.local/lib/python3.7/site-packages/airflow/example_dags/example_branch_labels.py
[2023-06-01T09:12:26.795+0000] {processor.py:753} INFO - DAG(s) dict_keys(['example_branch_labels']) retrieved from /home/airflow/.local/lib/python3.7/site-packages/airflow/example_dags/example_branch_labels.py
[2023-06-01T09:12:26.861+0000] {logging_mixin.py:137} INFO - [2023-06-01T09:12:26.861+0000] {dag.py:2690} INFO - Sync 1 DAGs
[2023-06-01T09:12:26.886+0000] {logging_mixin.py:137} INFO - [2023-06-01T09:12:26.886+0000] {dag.py:3441} INFO - Setting next_dagrun for example_branch_labels to 2023-05-31T00:00:00+00:00, run_after=2023-06-01T00:00:00+00:00
[2023-06-01T09:12:26.912+0000] {processor.py:175} INFO - Processing /home/airflow/.local/lib/python3.7/site-packages/airflow/example_dags/example_branch_labels.py took 0.135 seconds
