[2023-06-01T08:47:25.916+0000] {processor.py:153} INFO - Started process (PID=104) to work on /home/airflow/.local/lib/python3.7/site-packages/airflow/example_dags/example_nested_branch_dag.py
[2023-06-01T08:47:25.917+0000] {processor.py:743} INFO - Processing file /home/airflow/.local/lib/python3.7/site-packages/airflow/example_dags/example_nested_branch_dag.py for tasks to queue
[2023-06-01T08:47:25.918+0000] {logging_mixin.py:137} INFO - [2023-06-01T08:47:25.918+0000] {dagbag.py:538} INFO - Filling up the DagBag from /home/airflow/.local/lib/python3.7/site-packages/airflow/example_dags/example_nested_branch_dag.py
[2023-06-01T08:47:25.951+0000] {processor.py:753} INFO - DAG(s) dict_keys(['example_nested_branch_dag']) retrieved from /home/airflow/.local/lib/python3.7/site-packages/airflow/example_dags/example_nested_branch_dag.py
[2023-06-01T08:47:25.969+0000] {logging_mixin.py:137} INFO - [2023-06-01T08:47:25.969+0000] {dag.py:2690} INFO - Sync 1 DAGs
[2023-06-01T08:47:26.009+0000] {logging_mixin.py:137} INFO - [2023-06-01T08:47:26.008+0000] {dag.py:3441} INFO - Setting next_dagrun for example_nested_branch_dag to 2023-05-31T00:00:00+00:00, run_after=2023-06-01T00:00:00+00:00
[2023-06-01T08:47:26.038+0000] {processor.py:175} INFO - Processing /home/airflow/.local/lib/python3.7/site-packages/airflow/example_dags/example_nested_branch_dag.py took 0.126 seconds
[2023-06-01T08:47:56.453+0000] {processor.py:153} INFO - Started process (PID=191) to work on /home/airflow/.local/lib/python3.7/site-packages/airflow/example_dags/example_nested_branch_dag.py
[2023-06-01T08:47:56.453+0000] {processor.py:743} INFO - Processing file /home/airflow/.local/lib/python3.7/site-packages/airflow/example_dags/example_nested_branch_dag.py for tasks to queue
[2023-06-01T08:47:56.454+0000] {logging_mixin.py:137} INFO - [2023-06-01T08:47:56.454+0000] {dagbag.py:538} INFO - Filling up the DagBag from /home/airflow/.local/lib/python3.7/site-packages/airflow/example_dags/example_nested_branch_dag.py
[2023-06-01T08:47:56.477+0000] {processor.py:753} INFO - DAG(s) dict_keys(['example_nested_branch_dag']) retrieved from /home/airflow/.local/lib/python3.7/site-packages/airflow/example_dags/example_nested_branch_dag.py
[2023-06-01T08:47:56.500+0000] {logging_mixin.py:137} INFO - [2023-06-01T08:47:56.500+0000] {dag.py:2690} INFO - Sync 1 DAGs
[2023-06-01T08:47:56.527+0000] {logging_mixin.py:137} INFO - [2023-06-01T08:47:56.527+0000] {dag.py:3441} INFO - Setting next_dagrun for example_nested_branch_dag to 2023-05-31T00:00:00+00:00, run_after=2023-06-01T00:00:00+00:00
[2023-06-01T08:47:56.546+0000] {processor.py:175} INFO - Processing /home/airflow/.local/lib/python3.7/site-packages/airflow/example_dags/example_nested_branch_dag.py took 0.096 seconds
[2023-06-01T08:48:27.457+0000] {processor.py:153} INFO - Started process (PID=278) to work on /home/airflow/.local/lib/python3.7/site-packages/airflow/example_dags/example_nested_branch_dag.py
[2023-06-01T08:48:27.458+0000] {processor.py:743} INFO - Processing file /home/airflow/.local/lib/python3.7/site-packages/airflow/example_dags/example_nested_branch_dag.py for tasks to queue
[2023-06-01T08:48:27.459+0000] {logging_mixin.py:137} INFO - [2023-06-01T08:48:27.459+0000] {dagbag.py:538} INFO - Filling up the DagBag from /home/airflow/.local/lib/python3.7/site-packages/airflow/example_dags/example_nested_branch_dag.py
[2023-06-01T08:48:27.484+0000] {processor.py:753} INFO - DAG(s) dict_keys(['example_nested_branch_dag']) retrieved from /home/airflow/.local/lib/python3.7/site-packages/airflow/example_dags/example_nested_branch_dag.py
[2023-06-01T08:48:27.513+0000] {logging_mixin.py:137} INFO - [2023-06-01T08:48:27.512+0000] {dag.py:2690} INFO - Sync 1 DAGs
[2023-06-01T08:48:27.545+0000] {logging_mixin.py:137} INFO - [2023-06-01T08:48:27.544+0000] {dag.py:3441} INFO - Setting next_dagrun for example_nested_branch_dag to 2023-05-31T00:00:00+00:00, run_after=2023-06-01T00:00:00+00:00
[2023-06-01T08:48:27.569+0000] {processor.py:175} INFO - Processing /home/airflow/.local/lib/python3.7/site-packages/airflow/example_dags/example_nested_branch_dag.py took 0.116 seconds
[2023-06-01T08:48:58.319+0000] {processor.py:153} INFO - Started process (PID=389) to work on /home/airflow/.local/lib/python3.7/site-packages/airflow/example_dags/example_nested_branch_dag.py
[2023-06-01T08:48:58.320+0000] {processor.py:743} INFO - Processing file /home/airflow/.local/lib/python3.7/site-packages/airflow/example_dags/example_nested_branch_dag.py for tasks to queue
[2023-06-01T08:48:58.321+0000] {logging_mixin.py:137} INFO - [2023-06-01T08:48:58.321+0000] {dagbag.py:538} INFO - Filling up the DagBag from /home/airflow/.local/lib/python3.7/site-packages/airflow/example_dags/example_nested_branch_dag.py
[2023-06-01T08:48:58.345+0000] {processor.py:753} INFO - DAG(s) dict_keys(['example_nested_branch_dag']) retrieved from /home/airflow/.local/lib/python3.7/site-packages/airflow/example_dags/example_nested_branch_dag.py
[2023-06-01T08:48:58.376+0000] {logging_mixin.py:137} INFO - [2023-06-01T08:48:58.375+0000] {dag.py:2690} INFO - Sync 1 DAGs
[2023-06-01T08:48:58.402+0000] {logging_mixin.py:137} INFO - [2023-06-01T08:48:58.402+0000] {dag.py:3441} INFO - Setting next_dagrun for example_nested_branch_dag to 2023-05-31T00:00:00+00:00, run_after=2023-06-01T00:00:00+00:00
[2023-06-01T08:48:58.420+0000] {processor.py:175} INFO - Processing /home/airflow/.local/lib/python3.7/site-packages/airflow/example_dags/example_nested_branch_dag.py took 0.104 seconds
[2023-06-01T08:49:29.542+0000] {processor.py:153} INFO - Started process (PID=476) to work on /home/airflow/.local/lib/python3.7/site-packages/airflow/example_dags/example_nested_branch_dag.py
[2023-06-01T08:49:29.544+0000] {processor.py:743} INFO - Processing file /home/airflow/.local/lib/python3.7/site-packages/airflow/example_dags/example_nested_branch_dag.py for tasks to queue
[2023-06-01T08:49:29.545+0000] {logging_mixin.py:137} INFO - [2023-06-01T08:49:29.544+0000] {dagbag.py:538} INFO - Filling up the DagBag from /home/airflow/.local/lib/python3.7/site-packages/airflow/example_dags/example_nested_branch_dag.py
[2023-06-01T08:49:29.570+0000] {processor.py:753} INFO - DAG(s) dict_keys(['example_nested_branch_dag']) retrieved from /home/airflow/.local/lib/python3.7/site-packages/airflow/example_dags/example_nested_branch_dag.py
[2023-06-01T08:49:29.597+0000] {logging_mixin.py:137} INFO - [2023-06-01T08:49:29.597+0000] {dag.py:2690} INFO - Sync 1 DAGs
[2023-06-01T08:49:29.622+0000] {logging_mixin.py:137} INFO - [2023-06-01T08:49:29.622+0000] {dag.py:3441} INFO - Setting next_dagrun for example_nested_branch_dag to 2023-05-31T00:00:00+00:00, run_after=2023-06-01T00:00:00+00:00
[2023-06-01T08:49:29.642+0000] {processor.py:175} INFO - Processing /home/airflow/.local/lib/python3.7/site-packages/airflow/example_dags/example_nested_branch_dag.py took 0.104 seconds
[2023-06-01T08:50:00.085+0000] {processor.py:153} INFO - Started process (PID=572) to work on /home/airflow/.local/lib/python3.7/site-packages/airflow/example_dags/example_nested_branch_dag.py
[2023-06-01T08:50:00.086+0000] {processor.py:743} INFO - Processing file /home/airflow/.local/lib/python3.7/site-packages/airflow/example_dags/example_nested_branch_dag.py for tasks to queue
[2023-06-01T08:50:00.086+0000] {logging_mixin.py:137} INFO - [2023-06-01T08:50:00.086+0000] {dagbag.py:538} INFO - Filling up the DagBag from /home/airflow/.local/lib/python3.7/site-packages/airflow/example_dags/example_nested_branch_dag.py
[2023-06-01T08:50:00.110+0000] {processor.py:753} INFO - DAG(s) dict_keys(['example_nested_branch_dag']) retrieved from /home/airflow/.local/lib/python3.7/site-packages/airflow/example_dags/example_nested_branch_dag.py
[2023-06-01T08:50:00.136+0000] {logging_mixin.py:137} INFO - [2023-06-01T08:50:00.136+0000] {dag.py:2690} INFO - Sync 1 DAGs
[2023-06-01T08:50:00.161+0000] {logging_mixin.py:137} INFO - [2023-06-01T08:50:00.161+0000] {dag.py:3441} INFO - Setting next_dagrun for example_nested_branch_dag to 2023-05-31T00:00:00+00:00, run_after=2023-06-01T00:00:00+00:00
[2023-06-01T08:50:00.182+0000] {processor.py:175} INFO - Processing /home/airflow/.local/lib/python3.7/site-packages/airflow/example_dags/example_nested_branch_dag.py took 0.100 seconds
[2023-06-01T08:50:30.398+0000] {processor.py:153} INFO - Started process (PID=674) to work on /home/airflow/.local/lib/python3.7/site-packages/airflow/example_dags/example_nested_branch_dag.py
[2023-06-01T08:50:30.400+0000] {processor.py:743} INFO - Processing file /home/airflow/.local/lib/python3.7/site-packages/airflow/example_dags/example_nested_branch_dag.py for tasks to queue
[2023-06-01T08:50:30.402+0000] {logging_mixin.py:137} INFO - [2023-06-01T08:50:30.401+0000] {dagbag.py:538} INFO - Filling up the DagBag from /home/airflow/.local/lib/python3.7/site-packages/airflow/example_dags/example_nested_branch_dag.py
[2023-06-01T08:50:30.425+0000] {processor.py:753} INFO - DAG(s) dict_keys(['example_nested_branch_dag']) retrieved from /home/airflow/.local/lib/python3.7/site-packages/airflow/example_dags/example_nested_branch_dag.py
[2023-06-01T08:50:30.451+0000] {logging_mixin.py:137} INFO - [2023-06-01T08:50:30.451+0000] {dag.py:2690} INFO - Sync 1 DAGs
[2023-06-01T08:50:30.477+0000] {logging_mixin.py:137} INFO - [2023-06-01T08:50:30.477+0000] {dag.py:3441} INFO - Setting next_dagrun for example_nested_branch_dag to 2023-05-31T00:00:00+00:00, run_after=2023-06-01T00:00:00+00:00
[2023-06-01T08:50:30.495+0000] {processor.py:175} INFO - Processing /home/airflow/.local/lib/python3.7/site-packages/airflow/example_dags/example_nested_branch_dag.py took 0.100 seconds
[2023-06-01T08:51:00.956+0000] {processor.py:153} INFO - Started process (PID=761) to work on /home/airflow/.local/lib/python3.7/site-packages/airflow/example_dags/example_nested_branch_dag.py
[2023-06-01T08:51:00.956+0000] {processor.py:743} INFO - Processing file /home/airflow/.local/lib/python3.7/site-packages/airflow/example_dags/example_nested_branch_dag.py for tasks to queue
[2023-06-01T08:51:00.957+0000] {logging_mixin.py:137} INFO - [2023-06-01T08:51:00.957+0000] {dagbag.py:538} INFO - Filling up the DagBag from /home/airflow/.local/lib/python3.7/site-packages/airflow/example_dags/example_nested_branch_dag.py
[2023-06-01T08:51:00.981+0000] {processor.py:753} INFO - DAG(s) dict_keys(['example_nested_branch_dag']) retrieved from /home/airflow/.local/lib/python3.7/site-packages/airflow/example_dags/example_nested_branch_dag.py
[2023-06-01T08:51:01.006+0000] {logging_mixin.py:137} INFO - [2023-06-01T08:51:01.006+0000] {dag.py:2690} INFO - Sync 1 DAGs
[2023-06-01T08:51:01.032+0000] {logging_mixin.py:137} INFO - [2023-06-01T08:51:01.031+0000] {dag.py:3441} INFO - Setting next_dagrun for example_nested_branch_dag to 2023-05-31T00:00:00+00:00, run_after=2023-06-01T00:00:00+00:00
[2023-06-01T08:51:01.055+0000] {processor.py:175} INFO - Processing /home/airflow/.local/lib/python3.7/site-packages/airflow/example_dags/example_nested_branch_dag.py took 0.103 seconds
[2023-06-01T08:51:31.326+0000] {processor.py:153} INFO - Started process (PID=857) to work on /home/airflow/.local/lib/python3.7/site-packages/airflow/example_dags/example_nested_branch_dag.py
[2023-06-01T08:51:31.327+0000] {processor.py:743} INFO - Processing file /home/airflow/.local/lib/python3.7/site-packages/airflow/example_dags/example_nested_branch_dag.py for tasks to queue
[2023-06-01T08:51:31.328+0000] {logging_mixin.py:137} INFO - [2023-06-01T08:51:31.328+0000] {dagbag.py:538} INFO - Filling up the DagBag from /home/airflow/.local/lib/python3.7/site-packages/airflow/example_dags/example_nested_branch_dag.py
[2023-06-01T08:51:31.350+0000] {processor.py:753} INFO - DAG(s) dict_keys(['example_nested_branch_dag']) retrieved from /home/airflow/.local/lib/python3.7/site-packages/airflow/example_dags/example_nested_branch_dag.py
[2023-06-01T08:51:31.378+0000] {logging_mixin.py:137} INFO - [2023-06-01T08:51:31.378+0000] {dag.py:2690} INFO - Sync 1 DAGs
[2023-06-01T08:51:31.409+0000] {logging_mixin.py:137} INFO - [2023-06-01T08:51:31.408+0000] {dag.py:3441} INFO - Setting next_dagrun for example_nested_branch_dag to 2023-05-31T00:00:00+00:00, run_after=2023-06-01T00:00:00+00:00
[2023-06-01T08:51:31.441+0000] {processor.py:175} INFO - Processing /home/airflow/.local/lib/python3.7/site-packages/airflow/example_dags/example_nested_branch_dag.py took 0.119 seconds
[2023-06-01T08:52:01.993+0000] {processor.py:153} INFO - Started process (PID=959) to work on /home/airflow/.local/lib/python3.7/site-packages/airflow/example_dags/example_nested_branch_dag.py
[2023-06-01T08:52:01.993+0000] {processor.py:743} INFO - Processing file /home/airflow/.local/lib/python3.7/site-packages/airflow/example_dags/example_nested_branch_dag.py for tasks to queue
[2023-06-01T08:52:01.994+0000] {logging_mixin.py:137} INFO - [2023-06-01T08:52:01.994+0000] {dagbag.py:538} INFO - Filling up the DagBag from /home/airflow/.local/lib/python3.7/site-packages/airflow/example_dags/example_nested_branch_dag.py
[2023-06-01T08:52:02.021+0000] {processor.py:753} INFO - DAG(s) dict_keys(['example_nested_branch_dag']) retrieved from /home/airflow/.local/lib/python3.7/site-packages/airflow/example_dags/example_nested_branch_dag.py
[2023-06-01T08:52:02.055+0000] {logging_mixin.py:137} INFO - [2023-06-01T08:52:02.055+0000] {dag.py:2690} INFO - Sync 1 DAGs
[2023-06-01T08:52:02.094+0000] {logging_mixin.py:137} INFO - [2023-06-01T08:52:02.094+0000] {dag.py:3441} INFO - Setting next_dagrun for example_nested_branch_dag to 2023-05-31T00:00:00+00:00, run_after=2023-06-01T00:00:00+00:00
[2023-06-01T08:52:02.119+0000] {processor.py:175} INFO - Processing /home/airflow/.local/lib/python3.7/site-packages/airflow/example_dags/example_nested_branch_dag.py took 0.130 seconds
[2023-06-01T08:52:32.616+0000] {processor.py:153} INFO - Started process (PID=1046) to work on /home/airflow/.local/lib/python3.7/site-packages/airflow/example_dags/example_nested_branch_dag.py
[2023-06-01T08:52:32.618+0000] {processor.py:743} INFO - Processing file /home/airflow/.local/lib/python3.7/site-packages/airflow/example_dags/example_nested_branch_dag.py for tasks to queue
[2023-06-01T08:52:32.619+0000] {logging_mixin.py:137} INFO - [2023-06-01T08:52:32.619+0000] {dagbag.py:538} INFO - Filling up the DagBag from /home/airflow/.local/lib/python3.7/site-packages/airflow/example_dags/example_nested_branch_dag.py
[2023-06-01T08:52:32.647+0000] {processor.py:753} INFO - DAG(s) dict_keys(['example_nested_branch_dag']) retrieved from /home/airflow/.local/lib/python3.7/site-packages/airflow/example_dags/example_nested_branch_dag.py
[2023-06-01T08:52:32.685+0000] {logging_mixin.py:137} INFO - [2023-06-01T08:52:32.685+0000] {dag.py:2690} INFO - Sync 1 DAGs
[2023-06-01T08:52:32.719+0000] {logging_mixin.py:137} INFO - [2023-06-01T08:52:32.719+0000] {dag.py:3441} INFO - Setting next_dagrun for example_nested_branch_dag to 2023-05-31T00:00:00+00:00, run_after=2023-06-01T00:00:00+00:00
[2023-06-01T08:52:32.753+0000] {processor.py:175} INFO - Processing /home/airflow/.local/lib/python3.7/site-packages/airflow/example_dags/example_nested_branch_dag.py took 0.140 seconds
[2023-06-01T08:53:02.947+0000] {processor.py:153} INFO - Started process (PID=1133) to work on /home/airflow/.local/lib/python3.7/site-packages/airflow/example_dags/example_nested_branch_dag.py
[2023-06-01T08:53:02.947+0000] {processor.py:743} INFO - Processing file /home/airflow/.local/lib/python3.7/site-packages/airflow/example_dags/example_nested_branch_dag.py for tasks to queue
[2023-06-01T08:53:02.948+0000] {logging_mixin.py:137} INFO - [2023-06-01T08:53:02.948+0000] {dagbag.py:538} INFO - Filling up the DagBag from /home/airflow/.local/lib/python3.7/site-packages/airflow/example_dags/example_nested_branch_dag.py
[2023-06-01T08:53:02.973+0000] {processor.py:753} INFO - DAG(s) dict_keys(['example_nested_branch_dag']) retrieved from /home/airflow/.local/lib/python3.7/site-packages/airflow/example_dags/example_nested_branch_dag.py
[2023-06-01T08:53:03.000+0000] {logging_mixin.py:137} INFO - [2023-06-01T08:53:03.000+0000] {dag.py:2690} INFO - Sync 1 DAGs
[2023-06-01T08:53:03.026+0000] {logging_mixin.py:137} INFO - [2023-06-01T08:53:03.026+0000] {dag.py:3441} INFO - Setting next_dagrun for example_nested_branch_dag to 2023-05-31T00:00:00+00:00, run_after=2023-06-01T00:00:00+00:00
[2023-06-01T08:53:03.050+0000] {processor.py:175} INFO - Processing /home/airflow/.local/lib/python3.7/site-packages/airflow/example_dags/example_nested_branch_dag.py took 0.107 seconds
[2023-06-01T08:53:33.848+0000] {processor.py:153} INFO - Started process (PID=1244) to work on /home/airflow/.local/lib/python3.7/site-packages/airflow/example_dags/example_nested_branch_dag.py
[2023-06-01T08:53:33.850+0000] {processor.py:743} INFO - Processing file /home/airflow/.local/lib/python3.7/site-packages/airflow/example_dags/example_nested_branch_dag.py for tasks to queue
[2023-06-01T08:53:33.851+0000] {logging_mixin.py:137} INFO - [2023-06-01T08:53:33.851+0000] {dagbag.py:538} INFO - Filling up the DagBag from /home/airflow/.local/lib/python3.7/site-packages/airflow/example_dags/example_nested_branch_dag.py
[2023-06-01T08:53:33.878+0000] {processor.py:753} INFO - DAG(s) dict_keys(['example_nested_branch_dag']) retrieved from /home/airflow/.local/lib/python3.7/site-packages/airflow/example_dags/example_nested_branch_dag.py
[2023-06-01T08:53:33.907+0000] {logging_mixin.py:137} INFO - [2023-06-01T08:53:33.907+0000] {dag.py:2690} INFO - Sync 1 DAGs
[2023-06-01T08:53:33.937+0000] {logging_mixin.py:137} INFO - [2023-06-01T08:53:33.937+0000] {dag.py:3441} INFO - Setting next_dagrun for example_nested_branch_dag to 2023-05-31T00:00:00+00:00, run_after=2023-06-01T00:00:00+00:00
[2023-06-01T08:53:33.958+0000] {processor.py:175} INFO - Processing /home/airflow/.local/lib/python3.7/site-packages/airflow/example_dags/example_nested_branch_dag.py took 0.113 seconds
[2023-06-01T08:54:03.992+0000] {processor.py:153} INFO - Started process (PID=1331) to work on /home/airflow/.local/lib/python3.7/site-packages/airflow/example_dags/example_nested_branch_dag.py
[2023-06-01T08:54:03.993+0000] {processor.py:743} INFO - Processing file /home/airflow/.local/lib/python3.7/site-packages/airflow/example_dags/example_nested_branch_dag.py for tasks to queue
[2023-06-01T08:54:03.994+0000] {logging_mixin.py:137} INFO - [2023-06-01T08:54:03.994+0000] {dagbag.py:538} INFO - Filling up the DagBag from /home/airflow/.local/lib/python3.7/site-packages/airflow/example_dags/example_nested_branch_dag.py
[2023-06-01T08:54:04.021+0000] {processor.py:753} INFO - DAG(s) dict_keys(['example_nested_branch_dag']) retrieved from /home/airflow/.local/lib/python3.7/site-packages/airflow/example_dags/example_nested_branch_dag.py
[2023-06-01T08:54:04.050+0000] {logging_mixin.py:137} INFO - [2023-06-01T08:54:04.049+0000] {dag.py:2690} INFO - Sync 1 DAGs
[2023-06-01T08:54:04.077+0000] {logging_mixin.py:137} INFO - [2023-06-01T08:54:04.077+0000] {dag.py:3441} INFO - Setting next_dagrun for example_nested_branch_dag to 2023-05-31T00:00:00+00:00, run_after=2023-06-01T00:00:00+00:00
[2023-06-01T08:54:04.104+0000] {processor.py:175} INFO - Processing /home/airflow/.local/lib/python3.7/site-packages/airflow/example_dags/example_nested_branch_dag.py took 0.115 seconds
[2023-06-01T08:54:34.516+0000] {processor.py:153} INFO - Started process (PID=1418) to work on /home/airflow/.local/lib/python3.7/site-packages/airflow/example_dags/example_nested_branch_dag.py
[2023-06-01T08:54:34.518+0000] {processor.py:743} INFO - Processing file /home/airflow/.local/lib/python3.7/site-packages/airflow/example_dags/example_nested_branch_dag.py for tasks to queue
[2023-06-01T08:54:34.519+0000] {logging_mixin.py:137} INFO - [2023-06-01T08:54:34.519+0000] {dagbag.py:538} INFO - Filling up the DagBag from /home/airflow/.local/lib/python3.7/site-packages/airflow/example_dags/example_nested_branch_dag.py
[2023-06-01T08:54:34.546+0000] {processor.py:753} INFO - DAG(s) dict_keys(['example_nested_branch_dag']) retrieved from /home/airflow/.local/lib/python3.7/site-packages/airflow/example_dags/example_nested_branch_dag.py
[2023-06-01T08:54:34.575+0000] {logging_mixin.py:137} INFO - [2023-06-01T08:54:34.575+0000] {dag.py:2690} INFO - Sync 1 DAGs
[2023-06-01T08:54:34.601+0000] {logging_mixin.py:137} INFO - [2023-06-01T08:54:34.601+0000] {dag.py:3441} INFO - Setting next_dagrun for example_nested_branch_dag to 2023-05-31T00:00:00+00:00, run_after=2023-06-01T00:00:00+00:00
[2023-06-01T08:54:34.626+0000] {processor.py:175} INFO - Processing /home/airflow/.local/lib/python3.7/site-packages/airflow/example_dags/example_nested_branch_dag.py took 0.114 seconds
[2023-06-01T08:55:04.857+0000] {processor.py:153} INFO - Started process (PID=1529) to work on /home/airflow/.local/lib/python3.7/site-packages/airflow/example_dags/example_nested_branch_dag.py
[2023-06-01T08:55:04.858+0000] {processor.py:743} INFO - Processing file /home/airflow/.local/lib/python3.7/site-packages/airflow/example_dags/example_nested_branch_dag.py for tasks to queue
[2023-06-01T08:55:04.859+0000] {logging_mixin.py:137} INFO - [2023-06-01T08:55:04.858+0000] {dagbag.py:538} INFO - Filling up the DagBag from /home/airflow/.local/lib/python3.7/site-packages/airflow/example_dags/example_nested_branch_dag.py
[2023-06-01T08:55:04.886+0000] {processor.py:753} INFO - DAG(s) dict_keys(['example_nested_branch_dag']) retrieved from /home/airflow/.local/lib/python3.7/site-packages/airflow/example_dags/example_nested_branch_dag.py
[2023-06-01T08:55:04.919+0000] {logging_mixin.py:137} INFO - [2023-06-01T08:55:04.919+0000] {dag.py:2690} INFO - Sync 1 DAGs
[2023-06-01T08:55:04.947+0000] {logging_mixin.py:137} INFO - [2023-06-01T08:55:04.947+0000] {dag.py:3441} INFO - Setting next_dagrun for example_nested_branch_dag to 2023-05-31T00:00:00+00:00, run_after=2023-06-01T00:00:00+00:00
[2023-06-01T08:55:04.970+0000] {processor.py:175} INFO - Processing /home/airflow/.local/lib/python3.7/site-packages/airflow/example_dags/example_nested_branch_dag.py took 0.118 seconds
[2023-06-01T08:55:35.884+0000] {processor.py:153} INFO - Started process (PID=1616) to work on /home/airflow/.local/lib/python3.7/site-packages/airflow/example_dags/example_nested_branch_dag.py
[2023-06-01T08:55:35.886+0000] {processor.py:743} INFO - Processing file /home/airflow/.local/lib/python3.7/site-packages/airflow/example_dags/example_nested_branch_dag.py for tasks to queue
[2023-06-01T08:55:35.887+0000] {logging_mixin.py:137} INFO - [2023-06-01T08:55:35.887+0000] {dagbag.py:538} INFO - Filling up the DagBag from /home/airflow/.local/lib/python3.7/site-packages/airflow/example_dags/example_nested_branch_dag.py
[2023-06-01T08:55:35.917+0000] {processor.py:753} INFO - DAG(s) dict_keys(['example_nested_branch_dag']) retrieved from /home/airflow/.local/lib/python3.7/site-packages/airflow/example_dags/example_nested_branch_dag.py
[2023-06-01T08:55:35.949+0000] {logging_mixin.py:137} INFO - [2023-06-01T08:55:35.949+0000] {dag.py:2690} INFO - Sync 1 DAGs
[2023-06-01T08:55:35.978+0000] {logging_mixin.py:137} INFO - [2023-06-01T08:55:35.978+0000] {dag.py:3441} INFO - Setting next_dagrun for example_nested_branch_dag to 2023-05-31T00:00:00+00:00, run_after=2023-06-01T00:00:00+00:00
[2023-06-01T08:55:35.997+0000] {processor.py:175} INFO - Processing /home/airflow/.local/lib/python3.7/site-packages/airflow/example_dags/example_nested_branch_dag.py took 0.117 seconds
[2023-06-01T08:56:07.135+0000] {processor.py:153} INFO - Started process (PID=1703) to work on /home/airflow/.local/lib/python3.7/site-packages/airflow/example_dags/example_nested_branch_dag.py
[2023-06-01T08:56:07.137+0000] {processor.py:743} INFO - Processing file /home/airflow/.local/lib/python3.7/site-packages/airflow/example_dags/example_nested_branch_dag.py for tasks to queue
[2023-06-01T08:56:07.138+0000] {logging_mixin.py:137} INFO - [2023-06-01T08:56:07.137+0000] {dagbag.py:538} INFO - Filling up the DagBag from /home/airflow/.local/lib/python3.7/site-packages/airflow/example_dags/example_nested_branch_dag.py
[2023-06-01T08:56:07.164+0000] {processor.py:753} INFO - DAG(s) dict_keys(['example_nested_branch_dag']) retrieved from /home/airflow/.local/lib/python3.7/site-packages/airflow/example_dags/example_nested_branch_dag.py
[2023-06-01T08:56:07.193+0000] {logging_mixin.py:137} INFO - [2023-06-01T08:56:07.193+0000] {dag.py:2690} INFO - Sync 1 DAGs
[2023-06-01T08:56:07.224+0000] {logging_mixin.py:137} INFO - [2023-06-01T08:56:07.223+0000] {dag.py:3441} INFO - Setting next_dagrun for example_nested_branch_dag to 2023-05-31T00:00:00+00:00, run_after=2023-06-01T00:00:00+00:00
[2023-06-01T08:56:07.248+0000] {processor.py:175} INFO - Processing /home/airflow/.local/lib/python3.7/site-packages/airflow/example_dags/example_nested_branch_dag.py took 0.117 seconds
[2023-06-01T08:56:37.862+0000] {processor.py:153} INFO - Started process (PID=1814) to work on /home/airflow/.local/lib/python3.7/site-packages/airflow/example_dags/example_nested_branch_dag.py
[2023-06-01T08:56:37.863+0000] {processor.py:743} INFO - Processing file /home/airflow/.local/lib/python3.7/site-packages/airflow/example_dags/example_nested_branch_dag.py for tasks to queue
[2023-06-01T08:56:37.864+0000] {logging_mixin.py:137} INFO - [2023-06-01T08:56:37.864+0000] {dagbag.py:538} INFO - Filling up the DagBag from /home/airflow/.local/lib/python3.7/site-packages/airflow/example_dags/example_nested_branch_dag.py
[2023-06-01T08:56:37.892+0000] {processor.py:753} INFO - DAG(s) dict_keys(['example_nested_branch_dag']) retrieved from /home/airflow/.local/lib/python3.7/site-packages/airflow/example_dags/example_nested_branch_dag.py
[2023-06-01T08:56:37.927+0000] {logging_mixin.py:137} INFO - [2023-06-01T08:56:37.927+0000] {dag.py:2690} INFO - Sync 1 DAGs
[2023-06-01T08:56:37.956+0000] {logging_mixin.py:137} INFO - [2023-06-01T08:56:37.956+0000] {dag.py:3441} INFO - Setting next_dagrun for example_nested_branch_dag to 2023-05-31T00:00:00+00:00, run_after=2023-06-01T00:00:00+00:00
[2023-06-01T08:56:37.978+0000] {processor.py:175} INFO - Processing /home/airflow/.local/lib/python3.7/site-packages/airflow/example_dags/example_nested_branch_dag.py took 0.120 seconds
[2023-06-01T08:57:08.443+0000] {processor.py:153} INFO - Started process (PID=1901) to work on /home/airflow/.local/lib/python3.7/site-packages/airflow/example_dags/example_nested_branch_dag.py
[2023-06-01T08:57:08.445+0000] {processor.py:743} INFO - Processing file /home/airflow/.local/lib/python3.7/site-packages/airflow/example_dags/example_nested_branch_dag.py for tasks to queue
[2023-06-01T08:57:08.446+0000] {logging_mixin.py:137} INFO - [2023-06-01T08:57:08.446+0000] {dagbag.py:538} INFO - Filling up the DagBag from /home/airflow/.local/lib/python3.7/site-packages/airflow/example_dags/example_nested_branch_dag.py
[2023-06-01T08:57:08.474+0000] {processor.py:753} INFO - DAG(s) dict_keys(['example_nested_branch_dag']) retrieved from /home/airflow/.local/lib/python3.7/site-packages/airflow/example_dags/example_nested_branch_dag.py
[2023-06-01T08:57:08.507+0000] {logging_mixin.py:137} INFO - [2023-06-01T08:57:08.507+0000] {dag.py:2690} INFO - Sync 1 DAGs
[2023-06-01T08:57:08.539+0000] {logging_mixin.py:137} INFO - [2023-06-01T08:57:08.539+0000] {dag.py:3441} INFO - Setting next_dagrun for example_nested_branch_dag to 2023-05-31T00:00:00+00:00, run_after=2023-06-01T00:00:00+00:00
[2023-06-01T08:57:08.563+0000] {processor.py:175} INFO - Processing /home/airflow/.local/lib/python3.7/site-packages/airflow/example_dags/example_nested_branch_dag.py took 0.124 seconds
[2023-06-01T08:57:38.851+0000] {processor.py:153} INFO - Started process (PID=1988) to work on /home/airflow/.local/lib/python3.7/site-packages/airflow/example_dags/example_nested_branch_dag.py
[2023-06-01T08:57:38.853+0000] {processor.py:743} INFO - Processing file /home/airflow/.local/lib/python3.7/site-packages/airflow/example_dags/example_nested_branch_dag.py for tasks to queue
[2023-06-01T08:57:38.854+0000] {logging_mixin.py:137} INFO - [2023-06-01T08:57:38.854+0000] {dagbag.py:538} INFO - Filling up the DagBag from /home/airflow/.local/lib/python3.7/site-packages/airflow/example_dags/example_nested_branch_dag.py
[2023-06-01T08:57:38.891+0000] {processor.py:753} INFO - DAG(s) dict_keys(['example_nested_branch_dag']) retrieved from /home/airflow/.local/lib/python3.7/site-packages/airflow/example_dags/example_nested_branch_dag.py
[2023-06-01T08:57:38.928+0000] {logging_mixin.py:137} INFO - [2023-06-01T08:57:38.928+0000] {dag.py:2690} INFO - Sync 1 DAGs
[2023-06-01T08:57:38.959+0000] {logging_mixin.py:137} INFO - [2023-06-01T08:57:38.959+0000] {dag.py:3441} INFO - Setting next_dagrun for example_nested_branch_dag to 2023-05-31T00:00:00+00:00, run_after=2023-06-01T00:00:00+00:00
[2023-06-01T08:57:38.986+0000] {processor.py:175} INFO - Processing /home/airflow/.local/lib/python3.7/site-packages/airflow/example_dags/example_nested_branch_dag.py took 0.140 seconds
[2023-06-01T08:58:10.127+0000] {processor.py:153} INFO - Started process (PID=2084) to work on /home/airflow/.local/lib/python3.7/site-packages/airflow/example_dags/example_nested_branch_dag.py
[2023-06-01T08:58:10.128+0000] {processor.py:743} INFO - Processing file /home/airflow/.local/lib/python3.7/site-packages/airflow/example_dags/example_nested_branch_dag.py for tasks to queue
[2023-06-01T08:58:10.129+0000] {logging_mixin.py:137} INFO - [2023-06-01T08:58:10.129+0000] {dagbag.py:538} INFO - Filling up the DagBag from /home/airflow/.local/lib/python3.7/site-packages/airflow/example_dags/example_nested_branch_dag.py
[2023-06-01T08:58:10.154+0000] {processor.py:753} INFO - DAG(s) dict_keys(['example_nested_branch_dag']) retrieved from /home/airflow/.local/lib/python3.7/site-packages/airflow/example_dags/example_nested_branch_dag.py
[2023-06-01T08:58:10.183+0000] {logging_mixin.py:137} INFO - [2023-06-01T08:58:10.183+0000] {dag.py:2690} INFO - Sync 1 DAGs
[2023-06-01T08:58:10.211+0000] {logging_mixin.py:137} INFO - [2023-06-01T08:58:10.211+0000] {dag.py:3441} INFO - Setting next_dagrun for example_nested_branch_dag to 2023-05-31T00:00:00+00:00, run_after=2023-06-01T00:00:00+00:00
[2023-06-01T08:58:10.234+0000] {processor.py:175} INFO - Processing /home/airflow/.local/lib/python3.7/site-packages/airflow/example_dags/example_nested_branch_dag.py took 0.112 seconds
[2023-06-01T08:58:40.606+0000] {processor.py:153} INFO - Started process (PID=2186) to work on /home/airflow/.local/lib/python3.7/site-packages/airflow/example_dags/example_nested_branch_dag.py
[2023-06-01T08:58:40.607+0000] {processor.py:743} INFO - Processing file /home/airflow/.local/lib/python3.7/site-packages/airflow/example_dags/example_nested_branch_dag.py for tasks to queue
[2023-06-01T08:58:40.607+0000] {logging_mixin.py:137} INFO - [2023-06-01T08:58:40.607+0000] {dagbag.py:538} INFO - Filling up the DagBag from /home/airflow/.local/lib/python3.7/site-packages/airflow/example_dags/example_nested_branch_dag.py
[2023-06-01T08:58:40.635+0000] {processor.py:753} INFO - DAG(s) dict_keys(['example_nested_branch_dag']) retrieved from /home/airflow/.local/lib/python3.7/site-packages/airflow/example_dags/example_nested_branch_dag.py
[2023-06-01T08:58:40.663+0000] {logging_mixin.py:137} INFO - [2023-06-01T08:58:40.663+0000] {dag.py:2690} INFO - Sync 1 DAGs
[2023-06-01T08:58:40.689+0000] {logging_mixin.py:137} INFO - [2023-06-01T08:58:40.689+0000] {dag.py:3441} INFO - Setting next_dagrun for example_nested_branch_dag to 2023-05-31T00:00:00+00:00, run_after=2023-06-01T00:00:00+00:00
[2023-06-01T08:58:40.709+0000] {processor.py:175} INFO - Processing /home/airflow/.local/lib/python3.7/site-packages/airflow/example_dags/example_nested_branch_dag.py took 0.107 seconds
[2023-06-01T08:59:11.408+0000] {processor.py:153} INFO - Started process (PID=2273) to work on /home/airflow/.local/lib/python3.7/site-packages/airflow/example_dags/example_nested_branch_dag.py
[2023-06-01T08:59:11.411+0000] {processor.py:743} INFO - Processing file /home/airflow/.local/lib/python3.7/site-packages/airflow/example_dags/example_nested_branch_dag.py for tasks to queue
[2023-06-01T08:59:11.412+0000] {logging_mixin.py:137} INFO - [2023-06-01T08:59:11.412+0000] {dagbag.py:538} INFO - Filling up the DagBag from /home/airflow/.local/lib/python3.7/site-packages/airflow/example_dags/example_nested_branch_dag.py
[2023-06-01T08:59:11.444+0000] {processor.py:753} INFO - DAG(s) dict_keys(['example_nested_branch_dag']) retrieved from /home/airflow/.local/lib/python3.7/site-packages/airflow/example_dags/example_nested_branch_dag.py
[2023-06-01T08:59:11.480+0000] {logging_mixin.py:137} INFO - [2023-06-01T08:59:11.479+0000] {dag.py:2690} INFO - Sync 1 DAGs
[2023-06-01T08:59:11.516+0000] {logging_mixin.py:137} INFO - [2023-06-01T08:59:11.515+0000] {dag.py:3441} INFO - Setting next_dagrun for example_nested_branch_dag to 2023-05-31T00:00:00+00:00, run_after=2023-06-01T00:00:00+00:00
[2023-06-01T08:59:11.557+0000] {processor.py:175} INFO - Processing /home/airflow/.local/lib/python3.7/site-packages/airflow/example_dags/example_nested_branch_dag.py took 0.153 seconds
[2023-06-01T08:59:41.859+0000] {processor.py:153} INFO - Started process (PID=2360) to work on /home/airflow/.local/lib/python3.7/site-packages/airflow/example_dags/example_nested_branch_dag.py
[2023-06-01T08:59:41.861+0000] {processor.py:743} INFO - Processing file /home/airflow/.local/lib/python3.7/site-packages/airflow/example_dags/example_nested_branch_dag.py for tasks to queue
[2023-06-01T08:59:41.861+0000] {logging_mixin.py:137} INFO - [2023-06-01T08:59:41.861+0000] {dagbag.py:538} INFO - Filling up the DagBag from /home/airflow/.local/lib/python3.7/site-packages/airflow/example_dags/example_nested_branch_dag.py
[2023-06-01T08:59:41.885+0000] {processor.py:753} INFO - DAG(s) dict_keys(['example_nested_branch_dag']) retrieved from /home/airflow/.local/lib/python3.7/site-packages/airflow/example_dags/example_nested_branch_dag.py
[2023-06-01T08:59:41.930+0000] {logging_mixin.py:137} INFO - [2023-06-01T08:59:41.930+0000] {dag.py:2690} INFO - Sync 1 DAGs
[2023-06-01T08:59:41.963+0000] {logging_mixin.py:137} INFO - [2023-06-01T08:59:41.963+0000] {dag.py:3441} INFO - Setting next_dagrun for example_nested_branch_dag to 2023-05-31T00:00:00+00:00, run_after=2023-06-01T00:00:00+00:00
[2023-06-01T08:59:41.986+0000] {processor.py:175} INFO - Processing /home/airflow/.local/lib/python3.7/site-packages/airflow/example_dags/example_nested_branch_dag.py took 0.131 seconds
[2023-06-01T09:00:12.890+0000] {processor.py:153} INFO - Started process (PID=2471) to work on /home/airflow/.local/lib/python3.7/site-packages/airflow/example_dags/example_nested_branch_dag.py
[2023-06-01T09:00:12.891+0000] {processor.py:743} INFO - Processing file /home/airflow/.local/lib/python3.7/site-packages/airflow/example_dags/example_nested_branch_dag.py for tasks to queue
[2023-06-01T09:00:12.892+0000] {logging_mixin.py:137} INFO - [2023-06-01T09:00:12.892+0000] {dagbag.py:538} INFO - Filling up the DagBag from /home/airflow/.local/lib/python3.7/site-packages/airflow/example_dags/example_nested_branch_dag.py
[2023-06-01T09:00:12.919+0000] {processor.py:753} INFO - DAG(s) dict_keys(['example_nested_branch_dag']) retrieved from /home/airflow/.local/lib/python3.7/site-packages/airflow/example_dags/example_nested_branch_dag.py
[2023-06-01T09:00:12.966+0000] {logging_mixin.py:137} INFO - [2023-06-01T09:00:12.966+0000] {dag.py:2690} INFO - Sync 1 DAGs
[2023-06-01T09:00:13.007+0000] {logging_mixin.py:137} INFO - [2023-06-01T09:00:13.006+0000] {dag.py:3441} INFO - Setting next_dagrun for example_nested_branch_dag to 2023-05-31T00:00:00+00:00, run_after=2023-06-01T00:00:00+00:00
[2023-06-01T09:00:13.029+0000] {processor.py:175} INFO - Processing /home/airflow/.local/lib/python3.7/site-packages/airflow/example_dags/example_nested_branch_dag.py took 0.144 seconds
[2023-06-01T09:00:43.752+0000] {processor.py:153} INFO - Started process (PID=2558) to work on /home/airflow/.local/lib/python3.7/site-packages/airflow/example_dags/example_nested_branch_dag.py
[2023-06-01T09:00:43.754+0000] {processor.py:743} INFO - Processing file /home/airflow/.local/lib/python3.7/site-packages/airflow/example_dags/example_nested_branch_dag.py for tasks to queue
[2023-06-01T09:00:43.755+0000] {logging_mixin.py:137} INFO - [2023-06-01T09:00:43.755+0000] {dagbag.py:538} INFO - Filling up the DagBag from /home/airflow/.local/lib/python3.7/site-packages/airflow/example_dags/example_nested_branch_dag.py
[2023-06-01T09:00:43.781+0000] {processor.py:753} INFO - DAG(s) dict_keys(['example_nested_branch_dag']) retrieved from /home/airflow/.local/lib/python3.7/site-packages/airflow/example_dags/example_nested_branch_dag.py
[2023-06-01T09:00:43.819+0000] {logging_mixin.py:137} INFO - [2023-06-01T09:00:43.819+0000] {dag.py:2690} INFO - Sync 1 DAGs
[2023-06-01T09:00:43.851+0000] {logging_mixin.py:137} INFO - [2023-06-01T09:00:43.850+0000] {dag.py:3441} INFO - Setting next_dagrun for example_nested_branch_dag to 2023-05-31T00:00:00+00:00, run_after=2023-06-01T00:00:00+00:00
[2023-06-01T09:00:43.875+0000] {processor.py:175} INFO - Processing /home/airflow/.local/lib/python3.7/site-packages/airflow/example_dags/example_nested_branch_dag.py took 0.127 seconds
[2023-06-01T09:01:14.704+0000] {processor.py:153} INFO - Started process (PID=2645) to work on /home/airflow/.local/lib/python3.7/site-packages/airflow/example_dags/example_nested_branch_dag.py
[2023-06-01T09:01:14.705+0000] {processor.py:743} INFO - Processing file /home/airflow/.local/lib/python3.7/site-packages/airflow/example_dags/example_nested_branch_dag.py for tasks to queue
[2023-06-01T09:01:14.706+0000] {logging_mixin.py:137} INFO - [2023-06-01T09:01:14.706+0000] {dagbag.py:538} INFO - Filling up the DagBag from /home/airflow/.local/lib/python3.7/site-packages/airflow/example_dags/example_nested_branch_dag.py
[2023-06-01T09:01:14.737+0000] {processor.py:753} INFO - DAG(s) dict_keys(['example_nested_branch_dag']) retrieved from /home/airflow/.local/lib/python3.7/site-packages/airflow/example_dags/example_nested_branch_dag.py
[2023-06-01T09:01:14.780+0000] {logging_mixin.py:137} INFO - [2023-06-01T09:01:14.780+0000] {dag.py:2690} INFO - Sync 1 DAGs
[2023-06-01T09:01:14.815+0000] {logging_mixin.py:137} INFO - [2023-06-01T09:01:14.815+0000] {dag.py:3441} INFO - Setting next_dagrun for example_nested_branch_dag to 2023-05-31T00:00:00+00:00, run_after=2023-06-01T00:00:00+00:00
[2023-06-01T09:01:14.848+0000] {processor.py:175} INFO - Processing /home/airflow/.local/lib/python3.7/site-packages/airflow/example_dags/example_nested_branch_dag.py took 0.148 seconds
[2023-06-01T09:01:45.329+0000] {processor.py:153} INFO - Started process (PID=2741) to work on /home/airflow/.local/lib/python3.7/site-packages/airflow/example_dags/example_nested_branch_dag.py
[2023-06-01T09:01:45.330+0000] {processor.py:743} INFO - Processing file /home/airflow/.local/lib/python3.7/site-packages/airflow/example_dags/example_nested_branch_dag.py for tasks to queue
[2023-06-01T09:01:45.331+0000] {logging_mixin.py:137} INFO - [2023-06-01T09:01:45.331+0000] {dagbag.py:538} INFO - Filling up the DagBag from /home/airflow/.local/lib/python3.7/site-packages/airflow/example_dags/example_nested_branch_dag.py
[2023-06-01T09:01:45.357+0000] {processor.py:753} INFO - DAG(s) dict_keys(['example_nested_branch_dag']) retrieved from /home/airflow/.local/lib/python3.7/site-packages/airflow/example_dags/example_nested_branch_dag.py
[2023-06-01T09:01:45.386+0000] {logging_mixin.py:137} INFO - [2023-06-01T09:01:45.386+0000] {dag.py:2690} INFO - Sync 1 DAGs
[2023-06-01T09:01:45.420+0000] {logging_mixin.py:137} INFO - [2023-06-01T09:01:45.420+0000] {dag.py:3441} INFO - Setting next_dagrun for example_nested_branch_dag to 2023-05-31T00:00:00+00:00, run_after=2023-06-01T00:00:00+00:00
[2023-06-01T09:01:45.444+0000] {processor.py:175} INFO - Processing /home/airflow/.local/lib/python3.7/site-packages/airflow/example_dags/example_nested_branch_dag.py took 0.119 seconds
[2023-06-01T09:02:15.778+0000] {processor.py:153} INFO - Started process (PID=2843) to work on /home/airflow/.local/lib/python3.7/site-packages/airflow/example_dags/example_nested_branch_dag.py
[2023-06-01T09:02:15.779+0000] {processor.py:743} INFO - Processing file /home/airflow/.local/lib/python3.7/site-packages/airflow/example_dags/example_nested_branch_dag.py for tasks to queue
[2023-06-01T09:02:15.780+0000] {logging_mixin.py:137} INFO - [2023-06-01T09:02:15.780+0000] {dagbag.py:538} INFO - Filling up the DagBag from /home/airflow/.local/lib/python3.7/site-packages/airflow/example_dags/example_nested_branch_dag.py
[2023-06-01T09:02:15.805+0000] {processor.py:753} INFO - DAG(s) dict_keys(['example_nested_branch_dag']) retrieved from /home/airflow/.local/lib/python3.7/site-packages/airflow/example_dags/example_nested_branch_dag.py
[2023-06-01T09:02:15.839+0000] {logging_mixin.py:137} INFO - [2023-06-01T09:02:15.839+0000] {dag.py:2690} INFO - Sync 1 DAGs
[2023-06-01T09:02:15.869+0000] {logging_mixin.py:137} INFO - [2023-06-01T09:02:15.869+0000] {dag.py:3441} INFO - Setting next_dagrun for example_nested_branch_dag to 2023-05-31T00:00:00+00:00, run_after=2023-06-01T00:00:00+00:00
[2023-06-01T09:02:15.889+0000] {processor.py:175} INFO - Processing /home/airflow/.local/lib/python3.7/site-packages/airflow/example_dags/example_nested_branch_dag.py took 0.114 seconds
[2023-06-01T09:02:46.224+0000] {processor.py:153} INFO - Started process (PID=2930) to work on /home/airflow/.local/lib/python3.7/site-packages/airflow/example_dags/example_nested_branch_dag.py
[2023-06-01T09:02:46.226+0000] {processor.py:743} INFO - Processing file /home/airflow/.local/lib/python3.7/site-packages/airflow/example_dags/example_nested_branch_dag.py for tasks to queue
[2023-06-01T09:02:46.227+0000] {logging_mixin.py:137} INFO - [2023-06-01T09:02:46.227+0000] {dagbag.py:538} INFO - Filling up the DagBag from /home/airflow/.local/lib/python3.7/site-packages/airflow/example_dags/example_nested_branch_dag.py
[2023-06-01T09:02:46.253+0000] {processor.py:753} INFO - DAG(s) dict_keys(['example_nested_branch_dag']) retrieved from /home/airflow/.local/lib/python3.7/site-packages/airflow/example_dags/example_nested_branch_dag.py
[2023-06-01T09:02:46.283+0000] {logging_mixin.py:137} INFO - [2023-06-01T09:02:46.282+0000] {dag.py:2690} INFO - Sync 1 DAGs
[2023-06-01T09:02:46.319+0000] {logging_mixin.py:137} INFO - [2023-06-01T09:02:46.319+0000] {dag.py:3441} INFO - Setting next_dagrun for example_nested_branch_dag to 2023-05-31T00:00:00+00:00, run_after=2023-06-01T00:00:00+00:00
[2023-06-01T09:02:46.336+0000] {processor.py:175} INFO - Processing /home/airflow/.local/lib/python3.7/site-packages/airflow/example_dags/example_nested_branch_dag.py took 0.116 seconds
[2023-06-01T09:03:16.724+0000] {processor.py:153} INFO - Started process (PID=3017) to work on /home/airflow/.local/lib/python3.7/site-packages/airflow/example_dags/example_nested_branch_dag.py
[2023-06-01T09:03:16.725+0000] {processor.py:743} INFO - Processing file /home/airflow/.local/lib/python3.7/site-packages/airflow/example_dags/example_nested_branch_dag.py for tasks to queue
[2023-06-01T09:03:16.726+0000] {logging_mixin.py:137} INFO - [2023-06-01T09:03:16.726+0000] {dagbag.py:538} INFO - Filling up the DagBag from /home/airflow/.local/lib/python3.7/site-packages/airflow/example_dags/example_nested_branch_dag.py
[2023-06-01T09:03:16.751+0000] {processor.py:753} INFO - DAG(s) dict_keys(['example_nested_branch_dag']) retrieved from /home/airflow/.local/lib/python3.7/site-packages/airflow/example_dags/example_nested_branch_dag.py
[2023-06-01T09:03:16.778+0000] {logging_mixin.py:137} INFO - [2023-06-01T09:03:16.777+0000] {dag.py:2690} INFO - Sync 1 DAGs
[2023-06-01T09:03:16.804+0000] {logging_mixin.py:137} INFO - [2023-06-01T09:03:16.803+0000] {dag.py:3441} INFO - Setting next_dagrun for example_nested_branch_dag to 2023-05-31T00:00:00+00:00, run_after=2023-06-01T00:00:00+00:00
[2023-06-01T09:03:16.820+0000] {processor.py:175} INFO - Processing /home/airflow/.local/lib/python3.7/site-packages/airflow/example_dags/example_nested_branch_dag.py took 0.100 seconds
[2023-06-01T09:03:47.385+0000] {processor.py:153} INFO - Started process (PID=3128) to work on /home/airflow/.local/lib/python3.7/site-packages/airflow/example_dags/example_nested_branch_dag.py
[2023-06-01T09:03:47.387+0000] {processor.py:743} INFO - Processing file /home/airflow/.local/lib/python3.7/site-packages/airflow/example_dags/example_nested_branch_dag.py for tasks to queue
[2023-06-01T09:03:47.388+0000] {logging_mixin.py:137} INFO - [2023-06-01T09:03:47.388+0000] {dagbag.py:538} INFO - Filling up the DagBag from /home/airflow/.local/lib/python3.7/site-packages/airflow/example_dags/example_nested_branch_dag.py
[2023-06-01T09:03:47.456+0000] {processor.py:753} INFO - DAG(s) dict_keys(['example_nested_branch_dag']) retrieved from /home/airflow/.local/lib/python3.7/site-packages/airflow/example_dags/example_nested_branch_dag.py
[2023-06-01T09:03:47.493+0000] {logging_mixin.py:137} INFO - [2023-06-01T09:03:47.493+0000] {dag.py:2690} INFO - Sync 1 DAGs
[2023-06-01T09:03:47.528+0000] {logging_mixin.py:137} INFO - [2023-06-01T09:03:47.528+0000] {dag.py:3441} INFO - Setting next_dagrun for example_nested_branch_dag to 2023-05-31T00:00:00+00:00, run_after=2023-06-01T00:00:00+00:00
[2023-06-01T09:03:47.550+0000] {processor.py:175} INFO - Processing /home/airflow/.local/lib/python3.7/site-packages/airflow/example_dags/example_nested_branch_dag.py took 0.169 seconds
[2023-06-01T09:04:17.949+0000] {processor.py:153} INFO - Started process (PID=3215) to work on /home/airflow/.local/lib/python3.7/site-packages/airflow/example_dags/example_nested_branch_dag.py
[2023-06-01T09:04:17.950+0000] {processor.py:743} INFO - Processing file /home/airflow/.local/lib/python3.7/site-packages/airflow/example_dags/example_nested_branch_dag.py for tasks to queue
[2023-06-01T09:04:17.951+0000] {logging_mixin.py:137} INFO - [2023-06-01T09:04:17.951+0000] {dagbag.py:538} INFO - Filling up the DagBag from /home/airflow/.local/lib/python3.7/site-packages/airflow/example_dags/example_nested_branch_dag.py
[2023-06-01T09:04:17.975+0000] {processor.py:753} INFO - DAG(s) dict_keys(['example_nested_branch_dag']) retrieved from /home/airflow/.local/lib/python3.7/site-packages/airflow/example_dags/example_nested_branch_dag.py
[2023-06-01T09:04:18.004+0000] {logging_mixin.py:137} INFO - [2023-06-01T09:04:18.004+0000] {dag.py:2690} INFO - Sync 1 DAGs
[2023-06-01T09:04:18.035+0000] {logging_mixin.py:137} INFO - [2023-06-01T09:04:18.034+0000] {dag.py:3441} INFO - Setting next_dagrun for example_nested_branch_dag to 2023-05-31T00:00:00+00:00, run_after=2023-06-01T00:00:00+00:00
[2023-06-01T09:04:18.059+0000] {processor.py:175} INFO - Processing /home/airflow/.local/lib/python3.7/site-packages/airflow/example_dags/example_nested_branch_dag.py took 0.112 seconds
[2023-06-01T09:04:48.452+0000] {processor.py:153} INFO - Started process (PID=3302) to work on /home/airflow/.local/lib/python3.7/site-packages/airflow/example_dags/example_nested_branch_dag.py
[2023-06-01T09:04:48.453+0000] {processor.py:743} INFO - Processing file /home/airflow/.local/lib/python3.7/site-packages/airflow/example_dags/example_nested_branch_dag.py for tasks to queue
[2023-06-01T09:04:48.453+0000] {logging_mixin.py:137} INFO - [2023-06-01T09:04:48.453+0000] {dagbag.py:538} INFO - Filling up the DagBag from /home/airflow/.local/lib/python3.7/site-packages/airflow/example_dags/example_nested_branch_dag.py
[2023-06-01T09:04:48.479+0000] {processor.py:753} INFO - DAG(s) dict_keys(['example_nested_branch_dag']) retrieved from /home/airflow/.local/lib/python3.7/site-packages/airflow/example_dags/example_nested_branch_dag.py
[2023-06-01T09:04:48.512+0000] {logging_mixin.py:137} INFO - [2023-06-01T09:04:48.512+0000] {dag.py:2690} INFO - Sync 1 DAGs
[2023-06-01T09:04:48.545+0000] {logging_mixin.py:137} INFO - [2023-06-01T09:04:48.544+0000] {dag.py:3441} INFO - Setting next_dagrun for example_nested_branch_dag to 2023-05-31T00:00:00+00:00, run_after=2023-06-01T00:00:00+00:00
[2023-06-01T09:04:48.570+0000] {processor.py:175} INFO - Processing /home/airflow/.local/lib/python3.7/site-packages/airflow/example_dags/example_nested_branch_dag.py took 0.122 seconds
[2023-06-01T09:05:19.640+0000] {processor.py:153} INFO - Started process (PID=3389) to work on /home/airflow/.local/lib/python3.7/site-packages/airflow/example_dags/example_nested_branch_dag.py
[2023-06-01T09:05:19.642+0000] {processor.py:743} INFO - Processing file /home/airflow/.local/lib/python3.7/site-packages/airflow/example_dags/example_nested_branch_dag.py for tasks to queue
[2023-06-01T09:05:19.644+0000] {logging_mixin.py:137} INFO - [2023-06-01T09:05:19.644+0000] {dagbag.py:538} INFO - Filling up the DagBag from /home/airflow/.local/lib/python3.7/site-packages/airflow/example_dags/example_nested_branch_dag.py
[2023-06-01T09:05:19.671+0000] {processor.py:753} INFO - DAG(s) dict_keys(['example_nested_branch_dag']) retrieved from /home/airflow/.local/lib/python3.7/site-packages/airflow/example_dags/example_nested_branch_dag.py
[2023-06-01T09:05:19.714+0000] {logging_mixin.py:137} INFO - [2023-06-01T09:05:19.713+0000] {dag.py:2690} INFO - Sync 1 DAGs
[2023-06-01T09:05:19.753+0000] {logging_mixin.py:137} INFO - [2023-06-01T09:05:19.753+0000] {dag.py:3441} INFO - Setting next_dagrun for example_nested_branch_dag to 2023-05-31T00:00:00+00:00, run_after=2023-06-01T00:00:00+00:00
[2023-06-01T09:05:19.791+0000] {processor.py:175} INFO - Processing /home/airflow/.local/lib/python3.7/site-packages/airflow/example_dags/example_nested_branch_dag.py took 0.155 seconds
[2023-06-01T09:05:50.256+0000] {processor.py:153} INFO - Started process (PID=3483) to work on /home/airflow/.local/lib/python3.7/site-packages/airflow/example_dags/example_nested_branch_dag.py
[2023-06-01T09:05:50.258+0000] {processor.py:743} INFO - Processing file /home/airflow/.local/lib/python3.7/site-packages/airflow/example_dags/example_nested_branch_dag.py for tasks to queue
[2023-06-01T09:05:50.259+0000] {logging_mixin.py:137} INFO - [2023-06-01T09:05:50.259+0000] {dagbag.py:538} INFO - Filling up the DagBag from /home/airflow/.local/lib/python3.7/site-packages/airflow/example_dags/example_nested_branch_dag.py
[2023-06-01T09:05:50.291+0000] {processor.py:753} INFO - DAG(s) dict_keys(['example_nested_branch_dag']) retrieved from /home/airflow/.local/lib/python3.7/site-packages/airflow/example_dags/example_nested_branch_dag.py
[2023-06-01T09:05:50.328+0000] {logging_mixin.py:137} INFO - [2023-06-01T09:05:50.328+0000] {dag.py:2690} INFO - Sync 1 DAGs
[2023-06-01T09:05:50.365+0000] {logging_mixin.py:137} INFO - [2023-06-01T09:05:50.364+0000] {dag.py:3441} INFO - Setting next_dagrun for example_nested_branch_dag to 2023-05-31T00:00:00+00:00, run_after=2023-06-01T00:00:00+00:00
[2023-06-01T09:05:50.397+0000] {processor.py:175} INFO - Processing /home/airflow/.local/lib/python3.7/site-packages/airflow/example_dags/example_nested_branch_dag.py took 0.146 seconds
[2023-06-01T09:06:20.683+0000] {processor.py:153} INFO - Started process (PID=3587) to work on /home/airflow/.local/lib/python3.7/site-packages/airflow/example_dags/example_nested_branch_dag.py
[2023-06-01T09:06:20.684+0000] {processor.py:743} INFO - Processing file /home/airflow/.local/lib/python3.7/site-packages/airflow/example_dags/example_nested_branch_dag.py for tasks to queue
[2023-06-01T09:06:20.684+0000] {logging_mixin.py:137} INFO - [2023-06-01T09:06:20.684+0000] {dagbag.py:538} INFO - Filling up the DagBag from /home/airflow/.local/lib/python3.7/site-packages/airflow/example_dags/example_nested_branch_dag.py
[2023-06-01T09:06:20.717+0000] {processor.py:753} INFO - DAG(s) dict_keys(['example_nested_branch_dag']) retrieved from /home/airflow/.local/lib/python3.7/site-packages/airflow/example_dags/example_nested_branch_dag.py
[2023-06-01T09:06:20.758+0000] {logging_mixin.py:137} INFO - [2023-06-01T09:06:20.758+0000] {dag.py:2690} INFO - Sync 1 DAGs
[2023-06-01T09:06:20.795+0000] {logging_mixin.py:137} INFO - [2023-06-01T09:06:20.795+0000] {dag.py:3441} INFO - Setting next_dagrun for example_nested_branch_dag to 2023-05-31T00:00:00+00:00, run_after=2023-06-01T00:00:00+00:00
[2023-06-01T09:06:20.838+0000] {processor.py:175} INFO - Processing /home/airflow/.local/lib/python3.7/site-packages/airflow/example_dags/example_nested_branch_dag.py took 0.160 seconds
[2023-06-01T09:06:51.118+0000] {processor.py:153} INFO - Started process (PID=3674) to work on /home/airflow/.local/lib/python3.7/site-packages/airflow/example_dags/example_nested_branch_dag.py
[2023-06-01T09:06:51.120+0000] {processor.py:743} INFO - Processing file /home/airflow/.local/lib/python3.7/site-packages/airflow/example_dags/example_nested_branch_dag.py for tasks to queue
[2023-06-01T09:06:51.121+0000] {logging_mixin.py:137} INFO - [2023-06-01T09:06:51.121+0000] {dagbag.py:538} INFO - Filling up the DagBag from /home/airflow/.local/lib/python3.7/site-packages/airflow/example_dags/example_nested_branch_dag.py
[2023-06-01T09:06:51.150+0000] {processor.py:753} INFO - DAG(s) dict_keys(['example_nested_branch_dag']) retrieved from /home/airflow/.local/lib/python3.7/site-packages/airflow/example_dags/example_nested_branch_dag.py
[2023-06-01T09:06:51.184+0000] {logging_mixin.py:137} INFO - [2023-06-01T09:06:51.184+0000] {dag.py:2690} INFO - Sync 1 DAGs
[2023-06-01T09:06:51.226+0000] {logging_mixin.py:137} INFO - [2023-06-01T09:06:51.226+0000] {dag.py:3441} INFO - Setting next_dagrun for example_nested_branch_dag to 2023-05-31T00:00:00+00:00, run_after=2023-06-01T00:00:00+00:00
[2023-06-01T09:06:51.258+0000] {processor.py:175} INFO - Processing /home/airflow/.local/lib/python3.7/site-packages/airflow/example_dags/example_nested_branch_dag.py took 0.144 seconds
[2023-06-01T09:07:22.093+0000] {processor.py:153} INFO - Started process (PID=3761) to work on /home/airflow/.local/lib/python3.7/site-packages/airflow/example_dags/example_nested_branch_dag.py
[2023-06-01T09:07:22.094+0000] {processor.py:743} INFO - Processing file /home/airflow/.local/lib/python3.7/site-packages/airflow/example_dags/example_nested_branch_dag.py for tasks to queue
[2023-06-01T09:07:22.096+0000] {logging_mixin.py:137} INFO - [2023-06-01T09:07:22.095+0000] {dagbag.py:538} INFO - Filling up the DagBag from /home/airflow/.local/lib/python3.7/site-packages/airflow/example_dags/example_nested_branch_dag.py
[2023-06-01T09:07:22.121+0000] {processor.py:753} INFO - DAG(s) dict_keys(['example_nested_branch_dag']) retrieved from /home/airflow/.local/lib/python3.7/site-packages/airflow/example_dags/example_nested_branch_dag.py
[2023-06-01T09:07:22.153+0000] {logging_mixin.py:137} INFO - [2023-06-01T09:07:22.153+0000] {dag.py:2690} INFO - Sync 1 DAGs
[2023-06-01T09:07:22.183+0000] {logging_mixin.py:137} INFO - [2023-06-01T09:07:22.183+0000] {dag.py:3441} INFO - Setting next_dagrun for example_nested_branch_dag to 2023-05-31T00:00:00+00:00, run_after=2023-06-01T00:00:00+00:00
[2023-06-01T09:07:22.206+0000] {processor.py:175} INFO - Processing /home/airflow/.local/lib/python3.7/site-packages/airflow/example_dags/example_nested_branch_dag.py took 0.116 seconds
[2023-06-01T09:07:52.926+0000] {processor.py:153} INFO - Started process (PID=3848) to work on /home/airflow/.local/lib/python3.7/site-packages/airflow/example_dags/example_nested_branch_dag.py
[2023-06-01T09:07:52.929+0000] {processor.py:743} INFO - Processing file /home/airflow/.local/lib/python3.7/site-packages/airflow/example_dags/example_nested_branch_dag.py for tasks to queue
[2023-06-01T09:07:52.930+0000] {logging_mixin.py:137} INFO - [2023-06-01T09:07:52.930+0000] {dagbag.py:538} INFO - Filling up the DagBag from /home/airflow/.local/lib/python3.7/site-packages/airflow/example_dags/example_nested_branch_dag.py
[2023-06-01T09:07:52.957+0000] {processor.py:753} INFO - DAG(s) dict_keys(['example_nested_branch_dag']) retrieved from /home/airflow/.local/lib/python3.7/site-packages/airflow/example_dags/example_nested_branch_dag.py
[2023-06-01T09:07:52.992+0000] {logging_mixin.py:137} INFO - [2023-06-01T09:07:52.992+0000] {dag.py:2690} INFO - Sync 1 DAGs
[2023-06-01T09:07:53.026+0000] {logging_mixin.py:137} INFO - [2023-06-01T09:07:53.026+0000] {dag.py:3441} INFO - Setting next_dagrun for example_nested_branch_dag to 2023-05-31T00:00:00+00:00, run_after=2023-06-01T00:00:00+00:00
[2023-06-01T09:07:53.050+0000] {processor.py:175} INFO - Processing /home/airflow/.local/lib/python3.7/site-packages/airflow/example_dags/example_nested_branch_dag.py took 0.129 seconds
[2023-06-01T09:08:23.838+0000] {processor.py:153} INFO - Started process (PID=3959) to work on /home/airflow/.local/lib/python3.7/site-packages/airflow/example_dags/example_nested_branch_dag.py
[2023-06-01T09:08:23.840+0000] {processor.py:743} INFO - Processing file /home/airflow/.local/lib/python3.7/site-packages/airflow/example_dags/example_nested_branch_dag.py for tasks to queue
[2023-06-01T09:08:23.841+0000] {logging_mixin.py:137} INFO - [2023-06-01T09:08:23.841+0000] {dagbag.py:538} INFO - Filling up the DagBag from /home/airflow/.local/lib/python3.7/site-packages/airflow/example_dags/example_nested_branch_dag.py
[2023-06-01T09:08:23.866+0000] {processor.py:753} INFO - DAG(s) dict_keys(['example_nested_branch_dag']) retrieved from /home/airflow/.local/lib/python3.7/site-packages/airflow/example_dags/example_nested_branch_dag.py
[2023-06-01T09:08:23.896+0000] {logging_mixin.py:137} INFO - [2023-06-01T09:08:23.896+0000] {dag.py:2690} INFO - Sync 1 DAGs
[2023-06-01T09:08:23.929+0000] {logging_mixin.py:137} INFO - [2023-06-01T09:08:23.929+0000] {dag.py:3441} INFO - Setting next_dagrun for example_nested_branch_dag to 2023-05-31T00:00:00+00:00, run_after=2023-06-01T00:00:00+00:00
[2023-06-01T09:08:23.956+0000] {processor.py:175} INFO - Processing /home/airflow/.local/lib/python3.7/site-packages/airflow/example_dags/example_nested_branch_dag.py took 0.121 seconds
[2023-06-01T09:08:54.328+0000] {processor.py:153} INFO - Started process (PID=4046) to work on /home/airflow/.local/lib/python3.7/site-packages/airflow/example_dags/example_nested_branch_dag.py
[2023-06-01T09:08:54.329+0000] {processor.py:743} INFO - Processing file /home/airflow/.local/lib/python3.7/site-packages/airflow/example_dags/example_nested_branch_dag.py for tasks to queue
[2023-06-01T09:08:54.330+0000] {logging_mixin.py:137} INFO - [2023-06-01T09:08:54.330+0000] {dagbag.py:538} INFO - Filling up the DagBag from /home/airflow/.local/lib/python3.7/site-packages/airflow/example_dags/example_nested_branch_dag.py
[2023-06-01T09:08:54.358+0000] {processor.py:753} INFO - DAG(s) dict_keys(['example_nested_branch_dag']) retrieved from /home/airflow/.local/lib/python3.7/site-packages/airflow/example_dags/example_nested_branch_dag.py
[2023-06-01T09:08:54.391+0000] {logging_mixin.py:137} INFO - [2023-06-01T09:08:54.391+0000] {dag.py:2690} INFO - Sync 1 DAGs
[2023-06-01T09:08:54.420+0000] {logging_mixin.py:137} INFO - [2023-06-01T09:08:54.420+0000] {dag.py:3441} INFO - Setting next_dagrun for example_nested_branch_dag to 2023-05-31T00:00:00+00:00, run_after=2023-06-01T00:00:00+00:00
[2023-06-01T09:08:54.448+0000] {processor.py:175} INFO - Processing /home/airflow/.local/lib/python3.7/site-packages/airflow/example_dags/example_nested_branch_dag.py took 0.123 seconds
[2023-06-01T09:09:24.804+0000] {processor.py:153} INFO - Started process (PID=4133) to work on /home/airflow/.local/lib/python3.7/site-packages/airflow/example_dags/example_nested_branch_dag.py
[2023-06-01T09:09:24.806+0000] {processor.py:743} INFO - Processing file /home/airflow/.local/lib/python3.7/site-packages/airflow/example_dags/example_nested_branch_dag.py for tasks to queue
[2023-06-01T09:09:24.808+0000] {logging_mixin.py:137} INFO - [2023-06-01T09:09:24.808+0000] {dagbag.py:538} INFO - Filling up the DagBag from /home/airflow/.local/lib/python3.7/site-packages/airflow/example_dags/example_nested_branch_dag.py
[2023-06-01T09:09:24.835+0000] {processor.py:753} INFO - DAG(s) dict_keys(['example_nested_branch_dag']) retrieved from /home/airflow/.local/lib/python3.7/site-packages/airflow/example_dags/example_nested_branch_dag.py
[2023-06-01T09:09:24.868+0000] {logging_mixin.py:137} INFO - [2023-06-01T09:09:24.867+0000] {dag.py:2690} INFO - Sync 1 DAGs
[2023-06-01T09:09:24.902+0000] {logging_mixin.py:137} INFO - [2023-06-01T09:09:24.902+0000] {dag.py:3441} INFO - Setting next_dagrun for example_nested_branch_dag to 2023-05-31T00:00:00+00:00, run_after=2023-06-01T00:00:00+00:00
[2023-06-01T09:09:24.935+0000] {processor.py:175} INFO - Processing /home/airflow/.local/lib/python3.7/site-packages/airflow/example_dags/example_nested_branch_dag.py took 0.135 seconds
[2023-06-01T09:09:55.550+0000] {processor.py:153} INFO - Started process (PID=4220) to work on /home/airflow/.local/lib/python3.7/site-packages/airflow/example_dags/example_nested_branch_dag.py
[2023-06-01T09:09:55.551+0000] {processor.py:743} INFO - Processing file /home/airflow/.local/lib/python3.7/site-packages/airflow/example_dags/example_nested_branch_dag.py for tasks to queue
[2023-06-01T09:09:55.552+0000] {logging_mixin.py:137} INFO - [2023-06-01T09:09:55.552+0000] {dagbag.py:538} INFO - Filling up the DagBag from /home/airflow/.local/lib/python3.7/site-packages/airflow/example_dags/example_nested_branch_dag.py
[2023-06-01T09:09:55.577+0000] {processor.py:753} INFO - DAG(s) dict_keys(['example_nested_branch_dag']) retrieved from /home/airflow/.local/lib/python3.7/site-packages/airflow/example_dags/example_nested_branch_dag.py
[2023-06-01T09:09:55.611+0000] {logging_mixin.py:137} INFO - [2023-06-01T09:09:55.611+0000] {dag.py:2690} INFO - Sync 1 DAGs
[2023-06-01T09:09:55.640+0000] {logging_mixin.py:137} INFO - [2023-06-01T09:09:55.640+0000] {dag.py:3441} INFO - Setting next_dagrun for example_nested_branch_dag to 2023-05-31T00:00:00+00:00, run_after=2023-06-01T00:00:00+00:00
[2023-06-01T09:09:55.661+0000] {processor.py:175} INFO - Processing /home/airflow/.local/lib/python3.7/site-packages/airflow/example_dags/example_nested_branch_dag.py took 0.114 seconds
[2023-06-01T09:10:26.104+0000] {processor.py:153} INFO - Started process (PID=4331) to work on /home/airflow/.local/lib/python3.7/site-packages/airflow/example_dags/example_nested_branch_dag.py
[2023-06-01T09:10:26.106+0000] {processor.py:743} INFO - Processing file /home/airflow/.local/lib/python3.7/site-packages/airflow/example_dags/example_nested_branch_dag.py for tasks to queue
[2023-06-01T09:10:26.107+0000] {logging_mixin.py:137} INFO - [2023-06-01T09:10:26.107+0000] {dagbag.py:538} INFO - Filling up the DagBag from /home/airflow/.local/lib/python3.7/site-packages/airflow/example_dags/example_nested_branch_dag.py
[2023-06-01T09:10:26.137+0000] {processor.py:753} INFO - DAG(s) dict_keys(['example_nested_branch_dag']) retrieved from /home/airflow/.local/lib/python3.7/site-packages/airflow/example_dags/example_nested_branch_dag.py
[2023-06-01T09:10:26.172+0000] {logging_mixin.py:137} INFO - [2023-06-01T09:10:26.171+0000] {dag.py:2690} INFO - Sync 1 DAGs
[2023-06-01T09:10:26.203+0000] {logging_mixin.py:137} INFO - [2023-06-01T09:10:26.203+0000] {dag.py:3441} INFO - Setting next_dagrun for example_nested_branch_dag to 2023-05-31T00:00:00+00:00, run_after=2023-06-01T00:00:00+00:00
[2023-06-01T09:10:26.227+0000] {processor.py:175} INFO - Processing /home/airflow/.local/lib/python3.7/site-packages/airflow/example_dags/example_nested_branch_dag.py took 0.126 seconds
[2023-06-01T09:10:56.730+0000] {processor.py:153} INFO - Started process (PID=4418) to work on /home/airflow/.local/lib/python3.7/site-packages/airflow/example_dags/example_nested_branch_dag.py
[2023-06-01T09:10:56.731+0000] {processor.py:743} INFO - Processing file /home/airflow/.local/lib/python3.7/site-packages/airflow/example_dags/example_nested_branch_dag.py for tasks to queue
[2023-06-01T09:10:56.732+0000] {logging_mixin.py:137} INFO - [2023-06-01T09:10:56.732+0000] {dagbag.py:538} INFO - Filling up the DagBag from /home/airflow/.local/lib/python3.7/site-packages/airflow/example_dags/example_nested_branch_dag.py
[2023-06-01T09:10:56.763+0000] {processor.py:753} INFO - DAG(s) dict_keys(['example_nested_branch_dag']) retrieved from /home/airflow/.local/lib/python3.7/site-packages/airflow/example_dags/example_nested_branch_dag.py
[2023-06-01T09:10:56.797+0000] {logging_mixin.py:137} INFO - [2023-06-01T09:10:56.797+0000] {dag.py:2690} INFO - Sync 1 DAGs
[2023-06-01T09:10:56.828+0000] {logging_mixin.py:137} INFO - [2023-06-01T09:10:56.828+0000] {dag.py:3441} INFO - Setting next_dagrun for example_nested_branch_dag to 2023-05-31T00:00:00+00:00, run_after=2023-06-01T00:00:00+00:00
[2023-06-01T09:10:56.854+0000] {processor.py:175} INFO - Processing /home/airflow/.local/lib/python3.7/site-packages/airflow/example_dags/example_nested_branch_dag.py took 0.129 seconds
[2023-06-01T09:11:27.003+0000] {processor.py:153} INFO - Started process (PID=4505) to work on /home/airflow/.local/lib/python3.7/site-packages/airflow/example_dags/example_nested_branch_dag.py
[2023-06-01T09:11:27.005+0000] {processor.py:743} INFO - Processing file /home/airflow/.local/lib/python3.7/site-packages/airflow/example_dags/example_nested_branch_dag.py for tasks to queue
[2023-06-01T09:11:27.005+0000] {logging_mixin.py:137} INFO - [2023-06-01T09:11:27.005+0000] {dagbag.py:538} INFO - Filling up the DagBag from /home/airflow/.local/lib/python3.7/site-packages/airflow/example_dags/example_nested_branch_dag.py
[2023-06-01T09:11:27.030+0000] {processor.py:753} INFO - DAG(s) dict_keys(['example_nested_branch_dag']) retrieved from /home/airflow/.local/lib/python3.7/site-packages/airflow/example_dags/example_nested_branch_dag.py
[2023-06-01T09:11:27.060+0000] {logging_mixin.py:137} INFO - [2023-06-01T09:11:27.059+0000] {dag.py:2690} INFO - Sync 1 DAGs
[2023-06-01T09:11:27.087+0000] {logging_mixin.py:137} INFO - [2023-06-01T09:11:27.087+0000] {dag.py:3441} INFO - Setting next_dagrun for example_nested_branch_dag to 2023-05-31T00:00:00+00:00, run_after=2023-06-01T00:00:00+00:00
[2023-06-01T09:11:27.110+0000] {processor.py:175} INFO - Processing /home/airflow/.local/lib/python3.7/site-packages/airflow/example_dags/example_nested_branch_dag.py took 0.110 seconds
[2023-06-01T09:11:57.393+0000] {processor.py:153} INFO - Started process (PID=4598) to work on /home/airflow/.local/lib/python3.7/site-packages/airflow/example_dags/example_nested_branch_dag.py
[2023-06-01T09:11:57.394+0000] {processor.py:743} INFO - Processing file /home/airflow/.local/lib/python3.7/site-packages/airflow/example_dags/example_nested_branch_dag.py for tasks to queue
[2023-06-01T09:11:57.395+0000] {logging_mixin.py:137} INFO - [2023-06-01T09:11:57.394+0000] {dagbag.py:538} INFO - Filling up the DagBag from /home/airflow/.local/lib/python3.7/site-packages/airflow/example_dags/example_nested_branch_dag.py
[2023-06-01T09:11:57.418+0000] {processor.py:753} INFO - DAG(s) dict_keys(['example_nested_branch_dag']) retrieved from /home/airflow/.local/lib/python3.7/site-packages/airflow/example_dags/example_nested_branch_dag.py
[2023-06-01T09:11:57.463+0000] {logging_mixin.py:137} INFO - [2023-06-01T09:11:57.463+0000] {dag.py:2690} INFO - Sync 1 DAGs
[2023-06-01T09:11:57.495+0000] {logging_mixin.py:137} INFO - [2023-06-01T09:11:57.495+0000] {dag.py:3441} INFO - Setting next_dagrun for example_nested_branch_dag to 2023-05-31T00:00:00+00:00, run_after=2023-06-01T00:00:00+00:00
[2023-06-01T09:11:57.516+0000] {processor.py:175} INFO - Processing /home/airflow/.local/lib/python3.7/site-packages/airflow/example_dags/example_nested_branch_dag.py took 0.125 seconds
[2023-06-01T09:12:28.073+0000] {processor.py:153} INFO - Started process (PID=4703) to work on /home/airflow/.local/lib/python3.7/site-packages/airflow/example_dags/example_nested_branch_dag.py
[2023-06-01T09:12:28.075+0000] {processor.py:743} INFO - Processing file /home/airflow/.local/lib/python3.7/site-packages/airflow/example_dags/example_nested_branch_dag.py for tasks to queue
[2023-06-01T09:12:28.076+0000] {logging_mixin.py:137} INFO - [2023-06-01T09:12:28.076+0000] {dagbag.py:538} INFO - Filling up the DagBag from /home/airflow/.local/lib/python3.7/site-packages/airflow/example_dags/example_nested_branch_dag.py
[2023-06-01T09:12:28.106+0000] {processor.py:753} INFO - DAG(s) dict_keys(['example_nested_branch_dag']) retrieved from /home/airflow/.local/lib/python3.7/site-packages/airflow/example_dags/example_nested_branch_dag.py
[2023-06-01T09:12:28.188+0000] {logging_mixin.py:137} INFO - [2023-06-01T09:12:28.188+0000] {dag.py:2690} INFO - Sync 1 DAGs
[2023-06-01T09:12:28.225+0000] {logging_mixin.py:137} INFO - [2023-06-01T09:12:28.225+0000] {dag.py:3441} INFO - Setting next_dagrun for example_nested_branch_dag to 2023-05-31T00:00:00+00:00, run_after=2023-06-01T00:00:00+00:00
[2023-06-01T09:12:28.249+0000] {processor.py:175} INFO - Processing /home/airflow/.local/lib/python3.7/site-packages/airflow/example_dags/example_nested_branch_dag.py took 0.180 seconds
