[2023-06-01T08:47:25.530+0000] {processor.py:153} INFO - Started process (PID=101) to work on /home/airflow/.local/lib/python3.7/site-packages/airflow/example_dags/example_latest_only.py
[2023-06-01T08:47:25.531+0000] {processor.py:743} INFO - Processing file /home/airflow/.local/lib/python3.7/site-packages/airflow/example_dags/example_latest_only.py for tasks to queue
[2023-06-01T08:47:25.532+0000] {logging_mixin.py:137} INFO - [2023-06-01T08:47:25.532+0000] {dagbag.py:538} INFO - Filling up the DagBag from /home/airflow/.local/lib/python3.7/site-packages/airflow/example_dags/example_latest_only.py
[2023-06-01T08:47:25.553+0000] {processor.py:753} INFO - DAG(s) dict_keys(['latest_only']) retrieved from /home/airflow/.local/lib/python3.7/site-packages/airflow/example_dags/example_latest_only.py
[2023-06-01T08:47:25.571+0000] {logging_mixin.py:137} INFO - [2023-06-01T08:47:25.570+0000] {dag.py:2690} INFO - Sync 1 DAGs
[2023-06-01T08:47:25.609+0000] {logging_mixin.py:137} INFO - [2023-06-01T08:47:25.608+0000] {dag.py:3441} INFO - Setting next_dagrun for latest_only to 2023-06-01T04:47:25.608288+00:00, run_after=2023-06-01T08:47:25.608288+00:00
[2023-06-01T08:47:25.634+0000] {processor.py:175} INFO - Processing /home/airflow/.local/lib/python3.7/site-packages/airflow/example_dags/example_latest_only.py took 0.109 seconds
[2023-06-01T08:47:56.244+0000] {processor.py:153} INFO - Started process (PID=188) to work on /home/airflow/.local/lib/python3.7/site-packages/airflow/example_dags/example_latest_only.py
[2023-06-01T08:47:56.245+0000] {processor.py:743} INFO - Processing file /home/airflow/.local/lib/python3.7/site-packages/airflow/example_dags/example_latest_only.py for tasks to queue
[2023-06-01T08:47:56.246+0000] {logging_mixin.py:137} INFO - [2023-06-01T08:47:56.246+0000] {dagbag.py:538} INFO - Filling up the DagBag from /home/airflow/.local/lib/python3.7/site-packages/airflow/example_dags/example_latest_only.py
[2023-06-01T08:47:56.260+0000] {processor.py:753} INFO - DAG(s) dict_keys(['latest_only']) retrieved from /home/airflow/.local/lib/python3.7/site-packages/airflow/example_dags/example_latest_only.py
[2023-06-01T08:47:56.289+0000] {logging_mixin.py:137} INFO - [2023-06-01T08:47:56.289+0000] {dag.py:2690} INFO - Sync 1 DAGs
[2023-06-01T08:47:56.317+0000] {logging_mixin.py:137} INFO - [2023-06-01T08:47:56.317+0000] {dag.py:3441} INFO - Setting next_dagrun for latest_only to 2023-06-01T04:47:56.316754+00:00, run_after=2023-06-01T08:47:56.316754+00:00
[2023-06-01T08:47:56.345+0000] {processor.py:175} INFO - Processing /home/airflow/.local/lib/python3.7/site-packages/airflow/example_dags/example_latest_only.py took 0.104 seconds
[2023-06-01T08:48:27.267+0000] {processor.py:153} INFO - Started process (PID=275) to work on /home/airflow/.local/lib/python3.7/site-packages/airflow/example_dags/example_latest_only.py
[2023-06-01T08:48:27.269+0000] {processor.py:743} INFO - Processing file /home/airflow/.local/lib/python3.7/site-packages/airflow/example_dags/example_latest_only.py for tasks to queue
[2023-06-01T08:48:27.269+0000] {logging_mixin.py:137} INFO - [2023-06-01T08:48:27.269+0000] {dagbag.py:538} INFO - Filling up the DagBag from /home/airflow/.local/lib/python3.7/site-packages/airflow/example_dags/example_latest_only.py
[2023-06-01T08:48:27.283+0000] {processor.py:753} INFO - DAG(s) dict_keys(['latest_only']) retrieved from /home/airflow/.local/lib/python3.7/site-packages/airflow/example_dags/example_latest_only.py
[2023-06-01T08:48:27.312+0000] {logging_mixin.py:137} INFO - [2023-06-01T08:48:27.311+0000] {dag.py:2690} INFO - Sync 1 DAGs
[2023-06-01T08:48:27.338+0000] {logging_mixin.py:137} INFO - [2023-06-01T08:48:27.337+0000] {dag.py:3441} INFO - Setting next_dagrun for latest_only to 2023-06-01T04:48:27.337686+00:00, run_after=2023-06-01T08:48:27.337686+00:00
[2023-06-01T08:48:27.360+0000] {processor.py:175} INFO - Processing /home/airflow/.local/lib/python3.7/site-packages/airflow/example_dags/example_latest_only.py took 0.096 seconds
[2023-06-01T08:48:58.155+0000] {processor.py:153} INFO - Started process (PID=386) to work on /home/airflow/.local/lib/python3.7/site-packages/airflow/example_dags/example_latest_only.py
[2023-06-01T08:48:58.155+0000] {processor.py:743} INFO - Processing file /home/airflow/.local/lib/python3.7/site-packages/airflow/example_dags/example_latest_only.py for tasks to queue
[2023-06-01T08:48:58.156+0000] {logging_mixin.py:137} INFO - [2023-06-01T08:48:58.156+0000] {dagbag.py:538} INFO - Filling up the DagBag from /home/airflow/.local/lib/python3.7/site-packages/airflow/example_dags/example_latest_only.py
[2023-06-01T08:48:58.169+0000] {processor.py:753} INFO - DAG(s) dict_keys(['latest_only']) retrieved from /home/airflow/.local/lib/python3.7/site-packages/airflow/example_dags/example_latest_only.py
[2023-06-01T08:48:58.198+0000] {logging_mixin.py:137} INFO - [2023-06-01T08:48:58.198+0000] {dag.py:2690} INFO - Sync 1 DAGs
[2023-06-01T08:48:58.226+0000] {logging_mixin.py:137} INFO - [2023-06-01T08:48:58.226+0000] {dag.py:3441} INFO - Setting next_dagrun for latest_only to 2023-06-01T04:48:58.226155+00:00, run_after=2023-06-01T08:48:58.226155+00:00
[2023-06-01T08:48:58.245+0000] {processor.py:175} INFO - Processing /home/airflow/.local/lib/python3.7/site-packages/airflow/example_dags/example_latest_only.py took 0.093 seconds
[2023-06-01T08:49:29.239+0000] {processor.py:153} INFO - Started process (PID=473) to work on /home/airflow/.local/lib/python3.7/site-packages/airflow/example_dags/example_latest_only.py
[2023-06-01T08:49:29.240+0000] {processor.py:743} INFO - Processing file /home/airflow/.local/lib/python3.7/site-packages/airflow/example_dags/example_latest_only.py for tasks to queue
[2023-06-01T08:49:29.241+0000] {logging_mixin.py:137} INFO - [2023-06-01T08:49:29.241+0000] {dagbag.py:538} INFO - Filling up the DagBag from /home/airflow/.local/lib/python3.7/site-packages/airflow/example_dags/example_latest_only.py
[2023-06-01T08:49:29.255+0000] {processor.py:753} INFO - DAG(s) dict_keys(['latest_only']) retrieved from /home/airflow/.local/lib/python3.7/site-packages/airflow/example_dags/example_latest_only.py
[2023-06-01T08:49:29.284+0000] {logging_mixin.py:137} INFO - [2023-06-01T08:49:29.283+0000] {dag.py:2690} INFO - Sync 1 DAGs
[2023-06-01T08:49:29.309+0000] {logging_mixin.py:137} INFO - [2023-06-01T08:49:29.308+0000] {dag.py:3441} INFO - Setting next_dagrun for latest_only to 2023-06-01T04:49:29.308671+00:00, run_after=2023-06-01T08:49:29.308671+00:00
[2023-06-01T08:49:29.329+0000] {processor.py:175} INFO - Processing /home/airflow/.local/lib/python3.7/site-packages/airflow/example_dags/example_latest_only.py took 0.092 seconds
[2023-06-01T08:49:59.811+0000] {processor.py:153} INFO - Started process (PID=569) to work on /home/airflow/.local/lib/python3.7/site-packages/airflow/example_dags/example_latest_only.py
[2023-06-01T08:49:59.812+0000] {processor.py:743} INFO - Processing file /home/airflow/.local/lib/python3.7/site-packages/airflow/example_dags/example_latest_only.py for tasks to queue
[2023-06-01T08:49:59.813+0000] {logging_mixin.py:137} INFO - [2023-06-01T08:49:59.813+0000] {dagbag.py:538} INFO - Filling up the DagBag from /home/airflow/.local/lib/python3.7/site-packages/airflow/example_dags/example_latest_only.py
[2023-06-01T08:49:59.828+0000] {processor.py:753} INFO - DAG(s) dict_keys(['latest_only']) retrieved from /home/airflow/.local/lib/python3.7/site-packages/airflow/example_dags/example_latest_only.py
[2023-06-01T08:49:59.856+0000] {logging_mixin.py:137} INFO - [2023-06-01T08:49:59.856+0000] {dag.py:2690} INFO - Sync 1 DAGs
[2023-06-01T08:49:59.883+0000] {logging_mixin.py:137} INFO - [2023-06-01T08:49:59.883+0000] {dag.py:3441} INFO - Setting next_dagrun for latest_only to 2023-06-01T04:49:59.882826+00:00, run_after=2023-06-01T08:49:59.882826+00:00
[2023-06-01T08:49:59.909+0000] {processor.py:175} INFO - Processing /home/airflow/.local/lib/python3.7/site-packages/airflow/example_dags/example_latest_only.py took 0.101 seconds
[2023-06-01T08:50:30.214+0000] {processor.py:153} INFO - Started process (PID=671) to work on /home/airflow/.local/lib/python3.7/site-packages/airflow/example_dags/example_latest_only.py
[2023-06-01T08:50:30.216+0000] {processor.py:743} INFO - Processing file /home/airflow/.local/lib/python3.7/site-packages/airflow/example_dags/example_latest_only.py for tasks to queue
[2023-06-01T08:50:30.217+0000] {logging_mixin.py:137} INFO - [2023-06-01T08:50:30.217+0000] {dagbag.py:538} INFO - Filling up the DagBag from /home/airflow/.local/lib/python3.7/site-packages/airflow/example_dags/example_latest_only.py
[2023-06-01T08:50:30.231+0000] {processor.py:753} INFO - DAG(s) dict_keys(['latest_only']) retrieved from /home/airflow/.local/lib/python3.7/site-packages/airflow/example_dags/example_latest_only.py
[2023-06-01T08:50:30.256+0000] {logging_mixin.py:137} INFO - [2023-06-01T08:50:30.256+0000] {dag.py:2690} INFO - Sync 1 DAGs
[2023-06-01T08:50:30.279+0000] {logging_mixin.py:137} INFO - [2023-06-01T08:50:30.279+0000] {dag.py:3441} INFO - Setting next_dagrun for latest_only to 2023-06-01T04:50:30.279135+00:00, run_after=2023-06-01T08:50:30.279135+00:00
[2023-06-01T08:50:30.301+0000] {processor.py:175} INFO - Processing /home/airflow/.local/lib/python3.7/site-packages/airflow/example_dags/example_latest_only.py took 0.090 seconds
[2023-06-01T08:51:00.810+0000] {processor.py:153} INFO - Started process (PID=758) to work on /home/airflow/.local/lib/python3.7/site-packages/airflow/example_dags/example_latest_only.py
[2023-06-01T08:51:00.811+0000] {processor.py:743} INFO - Processing file /home/airflow/.local/lib/python3.7/site-packages/airflow/example_dags/example_latest_only.py for tasks to queue
[2023-06-01T08:51:00.812+0000] {logging_mixin.py:137} INFO - [2023-06-01T08:51:00.812+0000] {dagbag.py:538} INFO - Filling up the DagBag from /home/airflow/.local/lib/python3.7/site-packages/airflow/example_dags/example_latest_only.py
[2023-06-01T08:51:00.826+0000] {processor.py:753} INFO - DAG(s) dict_keys(['latest_only']) retrieved from /home/airflow/.local/lib/python3.7/site-packages/airflow/example_dags/example_latest_only.py
[2023-06-01T08:51:00.854+0000] {logging_mixin.py:137} INFO - [2023-06-01T08:51:00.854+0000] {dag.py:2690} INFO - Sync 1 DAGs
[2023-06-01T08:51:00.878+0000] {logging_mixin.py:137} INFO - [2023-06-01T08:51:00.878+0000] {dag.py:3441} INFO - Setting next_dagrun for latest_only to 2023-06-01T04:51:00.878580+00:00, run_after=2023-06-01T08:51:00.878580+00:00
[2023-06-01T08:51:00.895+0000] {processor.py:175} INFO - Processing /home/airflow/.local/lib/python3.7/site-packages/airflow/example_dags/example_latest_only.py took 0.089 seconds
[2023-06-01T08:51:31.163+0000] {processor.py:153} INFO - Started process (PID=854) to work on /home/airflow/.local/lib/python3.7/site-packages/airflow/example_dags/example_latest_only.py
[2023-06-01T08:51:31.165+0000] {processor.py:743} INFO - Processing file /home/airflow/.local/lib/python3.7/site-packages/airflow/example_dags/example_latest_only.py for tasks to queue
[2023-06-01T08:51:31.165+0000] {logging_mixin.py:137} INFO - [2023-06-01T08:51:31.165+0000] {dagbag.py:538} INFO - Filling up the DagBag from /home/airflow/.local/lib/python3.7/site-packages/airflow/example_dags/example_latest_only.py
[2023-06-01T08:51:31.180+0000] {processor.py:753} INFO - DAG(s) dict_keys(['latest_only']) retrieved from /home/airflow/.local/lib/python3.7/site-packages/airflow/example_dags/example_latest_only.py
[2023-06-01T08:51:31.210+0000] {logging_mixin.py:137} INFO - [2023-06-01T08:51:31.209+0000] {dag.py:2690} INFO - Sync 1 DAGs
[2023-06-01T08:51:31.238+0000] {logging_mixin.py:137} INFO - [2023-06-01T08:51:31.238+0000] {dag.py:3441} INFO - Setting next_dagrun for latest_only to 2023-06-01T04:51:31.238276+00:00, run_after=2023-06-01T08:51:31.238276+00:00
[2023-06-01T08:51:31.259+0000] {processor.py:175} INFO - Processing /home/airflow/.local/lib/python3.7/site-packages/airflow/example_dags/example_latest_only.py took 0.099 seconds
[2023-06-01T08:52:01.799+0000] {processor.py:153} INFO - Started process (PID=956) to work on /home/airflow/.local/lib/python3.7/site-packages/airflow/example_dags/example_latest_only.py
[2023-06-01T08:52:01.800+0000] {processor.py:743} INFO - Processing file /home/airflow/.local/lib/python3.7/site-packages/airflow/example_dags/example_latest_only.py for tasks to queue
[2023-06-01T08:52:01.800+0000] {logging_mixin.py:137} INFO - [2023-06-01T08:52:01.800+0000] {dagbag.py:538} INFO - Filling up the DagBag from /home/airflow/.local/lib/python3.7/site-packages/airflow/example_dags/example_latest_only.py
[2023-06-01T08:52:01.816+0000] {processor.py:753} INFO - DAG(s) dict_keys(['latest_only']) retrieved from /home/airflow/.local/lib/python3.7/site-packages/airflow/example_dags/example_latest_only.py
[2023-06-01T08:52:01.846+0000] {logging_mixin.py:137} INFO - [2023-06-01T08:52:01.846+0000] {dag.py:2690} INFO - Sync 1 DAGs
[2023-06-01T08:52:01.874+0000] {logging_mixin.py:137} INFO - [2023-06-01T08:52:01.874+0000] {dag.py:3441} INFO - Setting next_dagrun for latest_only to 2023-06-01T04:52:01.874193+00:00, run_after=2023-06-01T08:52:01.874193+00:00
[2023-06-01T08:52:01.897+0000] {processor.py:175} INFO - Processing /home/airflow/.local/lib/python3.7/site-packages/airflow/example_dags/example_latest_only.py took 0.102 seconds
[2023-06-01T08:52:32.390+0000] {processor.py:153} INFO - Started process (PID=1043) to work on /home/airflow/.local/lib/python3.7/site-packages/airflow/example_dags/example_latest_only.py
[2023-06-01T08:52:32.393+0000] {processor.py:743} INFO - Processing file /home/airflow/.local/lib/python3.7/site-packages/airflow/example_dags/example_latest_only.py for tasks to queue
[2023-06-01T08:52:32.393+0000] {logging_mixin.py:137} INFO - [2023-06-01T08:52:32.393+0000] {dagbag.py:538} INFO - Filling up the DagBag from /home/airflow/.local/lib/python3.7/site-packages/airflow/example_dags/example_latest_only.py
[2023-06-01T08:52:32.408+0000] {processor.py:753} INFO - DAG(s) dict_keys(['latest_only']) retrieved from /home/airflow/.local/lib/python3.7/site-packages/airflow/example_dags/example_latest_only.py
[2023-06-01T08:52:32.437+0000] {logging_mixin.py:137} INFO - [2023-06-01T08:52:32.436+0000] {dag.py:2690} INFO - Sync 1 DAGs
[2023-06-01T08:52:32.477+0000] {logging_mixin.py:137} INFO - [2023-06-01T08:52:32.477+0000] {dag.py:3441} INFO - Setting next_dagrun for latest_only to 2023-06-01T04:52:32.476970+00:00, run_after=2023-06-01T08:52:32.476970+00:00
[2023-06-01T08:52:32.507+0000] {processor.py:175} INFO - Processing /home/airflow/.local/lib/python3.7/site-packages/airflow/example_dags/example_latest_only.py took 0.120 seconds
[2023-06-01T08:53:02.676+0000] {processor.py:153} INFO - Started process (PID=1130) to work on /home/airflow/.local/lib/python3.7/site-packages/airflow/example_dags/example_latest_only.py
[2023-06-01T08:53:02.677+0000] {processor.py:743} INFO - Processing file /home/airflow/.local/lib/python3.7/site-packages/airflow/example_dags/example_latest_only.py for tasks to queue
[2023-06-01T08:53:02.678+0000] {logging_mixin.py:137} INFO - [2023-06-01T08:53:02.677+0000] {dagbag.py:538} INFO - Filling up the DagBag from /home/airflow/.local/lib/python3.7/site-packages/airflow/example_dags/example_latest_only.py
[2023-06-01T08:53:02.691+0000] {processor.py:753} INFO - DAG(s) dict_keys(['latest_only']) retrieved from /home/airflow/.local/lib/python3.7/site-packages/airflow/example_dags/example_latest_only.py
[2023-06-01T08:53:02.719+0000] {logging_mixin.py:137} INFO - [2023-06-01T08:53:02.718+0000] {dag.py:2690} INFO - Sync 1 DAGs
[2023-06-01T08:53:02.743+0000] {logging_mixin.py:137} INFO - [2023-06-01T08:53:02.742+0000] {dag.py:3441} INFO - Setting next_dagrun for latest_only to 2023-06-01T04:53:02.742668+00:00, run_after=2023-06-01T08:53:02.742668+00:00
[2023-06-01T08:53:02.762+0000] {processor.py:175} INFO - Processing /home/airflow/.local/lib/python3.7/site-packages/airflow/example_dags/example_latest_only.py took 0.089 seconds
[2023-06-01T08:53:33.626+0000] {processor.py:153} INFO - Started process (PID=1241) to work on /home/airflow/.local/lib/python3.7/site-packages/airflow/example_dags/example_latest_only.py
[2023-06-01T08:53:33.627+0000] {processor.py:743} INFO - Processing file /home/airflow/.local/lib/python3.7/site-packages/airflow/example_dags/example_latest_only.py for tasks to queue
[2023-06-01T08:53:33.628+0000] {logging_mixin.py:137} INFO - [2023-06-01T08:53:33.628+0000] {dagbag.py:538} INFO - Filling up the DagBag from /home/airflow/.local/lib/python3.7/site-packages/airflow/example_dags/example_latest_only.py
[2023-06-01T08:53:33.642+0000] {processor.py:753} INFO - DAG(s) dict_keys(['latest_only']) retrieved from /home/airflow/.local/lib/python3.7/site-packages/airflow/example_dags/example_latest_only.py
[2023-06-01T08:53:33.674+0000] {logging_mixin.py:137} INFO - [2023-06-01T08:53:33.673+0000] {dag.py:2690} INFO - Sync 1 DAGs
[2023-06-01T08:53:33.698+0000] {logging_mixin.py:137} INFO - [2023-06-01T08:53:33.698+0000] {dag.py:3441} INFO - Setting next_dagrun for latest_only to 2023-06-01T04:53:33.698388+00:00, run_after=2023-06-01T08:53:33.698388+00:00
[2023-06-01T08:53:33.722+0000] {processor.py:175} INFO - Processing /home/airflow/.local/lib/python3.7/site-packages/airflow/example_dags/example_latest_only.py took 0.099 seconds
[2023-06-01T08:54:03.806+0000] {processor.py:153} INFO - Started process (PID=1328) to work on /home/airflow/.local/lib/python3.7/site-packages/airflow/example_dags/example_latest_only.py
[2023-06-01T08:54:03.807+0000] {processor.py:743} INFO - Processing file /home/airflow/.local/lib/python3.7/site-packages/airflow/example_dags/example_latest_only.py for tasks to queue
[2023-06-01T08:54:03.808+0000] {logging_mixin.py:137} INFO - [2023-06-01T08:54:03.808+0000] {dagbag.py:538} INFO - Filling up the DagBag from /home/airflow/.local/lib/python3.7/site-packages/airflow/example_dags/example_latest_only.py
[2023-06-01T08:54:03.827+0000] {processor.py:753} INFO - DAG(s) dict_keys(['latest_only']) retrieved from /home/airflow/.local/lib/python3.7/site-packages/airflow/example_dags/example_latest_only.py
[2023-06-01T08:54:03.859+0000] {logging_mixin.py:137} INFO - [2023-06-01T08:54:03.859+0000] {dag.py:2690} INFO - Sync 1 DAGs
[2023-06-01T08:54:03.887+0000] {logging_mixin.py:137} INFO - [2023-06-01T08:54:03.887+0000] {dag.py:3441} INFO - Setting next_dagrun for latest_only to 2023-06-01T04:54:03.887183+00:00, run_after=2023-06-01T08:54:03.887183+00:00
[2023-06-01T08:54:03.905+0000] {processor.py:175} INFO - Processing /home/airflow/.local/lib/python3.7/site-packages/airflow/example_dags/example_latest_only.py took 0.102 seconds
[2023-06-01T08:54:34.222+0000] {processor.py:153} INFO - Started process (PID=1415) to work on /home/airflow/.local/lib/python3.7/site-packages/airflow/example_dags/example_latest_only.py
[2023-06-01T08:54:34.224+0000] {processor.py:743} INFO - Processing file /home/airflow/.local/lib/python3.7/site-packages/airflow/example_dags/example_latest_only.py for tasks to queue
[2023-06-01T08:54:34.225+0000] {logging_mixin.py:137} INFO - [2023-06-01T08:54:34.224+0000] {dagbag.py:538} INFO - Filling up the DagBag from /home/airflow/.local/lib/python3.7/site-packages/airflow/example_dags/example_latest_only.py
[2023-06-01T08:54:34.241+0000] {processor.py:753} INFO - DAG(s) dict_keys(['latest_only']) retrieved from /home/airflow/.local/lib/python3.7/site-packages/airflow/example_dags/example_latest_only.py
[2023-06-01T08:54:34.271+0000] {logging_mixin.py:137} INFO - [2023-06-01T08:54:34.270+0000] {dag.py:2690} INFO - Sync 1 DAGs
[2023-06-01T08:54:34.297+0000] {logging_mixin.py:137} INFO - [2023-06-01T08:54:34.297+0000] {dag.py:3441} INFO - Setting next_dagrun for latest_only to 2023-06-01T04:54:34.297016+00:00, run_after=2023-06-01T08:54:34.297016+00:00
[2023-06-01T08:54:34.315+0000] {processor.py:175} INFO - Processing /home/airflow/.local/lib/python3.7/site-packages/airflow/example_dags/example_latest_only.py took 0.097 seconds
[2023-06-01T08:55:04.641+0000] {processor.py:153} INFO - Started process (PID=1526) to work on /home/airflow/.local/lib/python3.7/site-packages/airflow/example_dags/example_latest_only.py
[2023-06-01T08:55:04.642+0000] {processor.py:743} INFO - Processing file /home/airflow/.local/lib/python3.7/site-packages/airflow/example_dags/example_latest_only.py for tasks to queue
[2023-06-01T08:55:04.642+0000] {logging_mixin.py:137} INFO - [2023-06-01T08:55:04.642+0000] {dagbag.py:538} INFO - Filling up the DagBag from /home/airflow/.local/lib/python3.7/site-packages/airflow/example_dags/example_latest_only.py
[2023-06-01T08:55:04.656+0000] {processor.py:753} INFO - DAG(s) dict_keys(['latest_only']) retrieved from /home/airflow/.local/lib/python3.7/site-packages/airflow/example_dags/example_latest_only.py
[2023-06-01T08:55:04.686+0000] {logging_mixin.py:137} INFO - [2023-06-01T08:55:04.686+0000] {dag.py:2690} INFO - Sync 1 DAGs
[2023-06-01T08:55:04.712+0000] {logging_mixin.py:137} INFO - [2023-06-01T08:55:04.712+0000] {dag.py:3441} INFO - Setting next_dagrun for latest_only to 2023-06-01T04:55:04.712247+00:00, run_after=2023-06-01T08:55:04.712247+00:00
[2023-06-01T08:55:04.740+0000] {processor.py:175} INFO - Processing /home/airflow/.local/lib/python3.7/site-packages/airflow/example_dags/example_latest_only.py took 0.102 seconds
[2023-06-01T08:55:35.637+0000] {processor.py:153} INFO - Started process (PID=1613) to work on /home/airflow/.local/lib/python3.7/site-packages/airflow/example_dags/example_latest_only.py
[2023-06-01T08:55:35.639+0000] {processor.py:743} INFO - Processing file /home/airflow/.local/lib/python3.7/site-packages/airflow/example_dags/example_latest_only.py for tasks to queue
[2023-06-01T08:55:35.640+0000] {logging_mixin.py:137} INFO - [2023-06-01T08:55:35.640+0000] {dagbag.py:538} INFO - Filling up the DagBag from /home/airflow/.local/lib/python3.7/site-packages/airflow/example_dags/example_latest_only.py
[2023-06-01T08:55:35.654+0000] {processor.py:753} INFO - DAG(s) dict_keys(['latest_only']) retrieved from /home/airflow/.local/lib/python3.7/site-packages/airflow/example_dags/example_latest_only.py
[2023-06-01T08:55:35.688+0000] {logging_mixin.py:137} INFO - [2023-06-01T08:55:35.687+0000] {dag.py:2690} INFO - Sync 1 DAGs
[2023-06-01T08:55:35.720+0000] {logging_mixin.py:137} INFO - [2023-06-01T08:55:35.720+0000] {dag.py:3441} INFO - Setting next_dagrun for latest_only to 2023-06-01T04:55:35.720046+00:00, run_after=2023-06-01T08:55:35.720046+00:00
[2023-06-01T08:55:35.754+0000] {processor.py:175} INFO - Processing /home/airflow/.local/lib/python3.7/site-packages/airflow/example_dags/example_latest_only.py took 0.121 seconds
[2023-06-01T08:56:06.968+0000] {processor.py:153} INFO - Started process (PID=1700) to work on /home/airflow/.local/lib/python3.7/site-packages/airflow/example_dags/example_latest_only.py
[2023-06-01T08:56:06.970+0000] {processor.py:743} INFO - Processing file /home/airflow/.local/lib/python3.7/site-packages/airflow/example_dags/example_latest_only.py for tasks to queue
[2023-06-01T08:56:06.970+0000] {logging_mixin.py:137} INFO - [2023-06-01T08:56:06.970+0000] {dagbag.py:538} INFO - Filling up the DagBag from /home/airflow/.local/lib/python3.7/site-packages/airflow/example_dags/example_latest_only.py
[2023-06-01T08:56:06.985+0000] {processor.py:753} INFO - DAG(s) dict_keys(['latest_only']) retrieved from /home/airflow/.local/lib/python3.7/site-packages/airflow/example_dags/example_latest_only.py
[2023-06-01T08:56:07.012+0000] {logging_mixin.py:137} INFO - [2023-06-01T08:56:07.012+0000] {dag.py:2690} INFO - Sync 1 DAGs
[2023-06-01T08:56:07.042+0000] {logging_mixin.py:137} INFO - [2023-06-01T08:56:07.042+0000] {dag.py:3441} INFO - Setting next_dagrun for latest_only to 2023-06-01T04:56:07.042403+00:00, run_after=2023-06-01T08:56:07.042403+00:00
[2023-06-01T08:56:07.064+0000] {processor.py:175} INFO - Processing /home/airflow/.local/lib/python3.7/site-packages/airflow/example_dags/example_latest_only.py took 0.100 seconds
[2023-06-01T08:56:37.569+0000] {processor.py:153} INFO - Started process (PID=1811) to work on /home/airflow/.local/lib/python3.7/site-packages/airflow/example_dags/example_latest_only.py
[2023-06-01T08:56:37.570+0000] {processor.py:743} INFO - Processing file /home/airflow/.local/lib/python3.7/site-packages/airflow/example_dags/example_latest_only.py for tasks to queue
[2023-06-01T08:56:37.571+0000] {logging_mixin.py:137} INFO - [2023-06-01T08:56:37.570+0000] {dagbag.py:538} INFO - Filling up the DagBag from /home/airflow/.local/lib/python3.7/site-packages/airflow/example_dags/example_latest_only.py
[2023-06-01T08:56:37.587+0000] {processor.py:753} INFO - DAG(s) dict_keys(['latest_only']) retrieved from /home/airflow/.local/lib/python3.7/site-packages/airflow/example_dags/example_latest_only.py
[2023-06-01T08:56:37.620+0000] {logging_mixin.py:137} INFO - [2023-06-01T08:56:37.619+0000] {dag.py:2690} INFO - Sync 1 DAGs
[2023-06-01T08:56:37.648+0000] {logging_mixin.py:137} INFO - [2023-06-01T08:56:37.648+0000] {dag.py:3441} INFO - Setting next_dagrun for latest_only to 2023-06-01T04:56:37.648245+00:00, run_after=2023-06-01T08:56:37.648245+00:00
[2023-06-01T08:56:37.675+0000] {processor.py:175} INFO - Processing /home/airflow/.local/lib/python3.7/site-packages/airflow/example_dags/example_latest_only.py took 0.110 seconds
[2023-06-01T08:57:08.143+0000] {processor.py:153} INFO - Started process (PID=1898) to work on /home/airflow/.local/lib/python3.7/site-packages/airflow/example_dags/example_latest_only.py
[2023-06-01T08:57:08.144+0000] {processor.py:743} INFO - Processing file /home/airflow/.local/lib/python3.7/site-packages/airflow/example_dags/example_latest_only.py for tasks to queue
[2023-06-01T08:57:08.145+0000] {logging_mixin.py:137} INFO - [2023-06-01T08:57:08.145+0000] {dagbag.py:538} INFO - Filling up the DagBag from /home/airflow/.local/lib/python3.7/site-packages/airflow/example_dags/example_latest_only.py
[2023-06-01T08:57:08.159+0000] {processor.py:753} INFO - DAG(s) dict_keys(['latest_only']) retrieved from /home/airflow/.local/lib/python3.7/site-packages/airflow/example_dags/example_latest_only.py
[2023-06-01T08:57:08.184+0000] {logging_mixin.py:137} INFO - [2023-06-01T08:57:08.184+0000] {dag.py:2690} INFO - Sync 1 DAGs
[2023-06-01T08:57:08.212+0000] {logging_mixin.py:137} INFO - [2023-06-01T08:57:08.212+0000] {dag.py:3441} INFO - Setting next_dagrun for latest_only to 2023-06-01T04:57:08.212402+00:00, run_after=2023-06-01T08:57:08.212402+00:00
[2023-06-01T08:57:08.238+0000] {processor.py:175} INFO - Processing /home/airflow/.local/lib/python3.7/site-packages/airflow/example_dags/example_latest_only.py took 0.098 seconds
[2023-06-01T08:57:38.667+0000] {processor.py:153} INFO - Started process (PID=1985) to work on /home/airflow/.local/lib/python3.7/site-packages/airflow/example_dags/example_latest_only.py
[2023-06-01T08:57:38.669+0000] {processor.py:743} INFO - Processing file /home/airflow/.local/lib/python3.7/site-packages/airflow/example_dags/example_latest_only.py for tasks to queue
[2023-06-01T08:57:38.669+0000] {logging_mixin.py:137} INFO - [2023-06-01T08:57:38.669+0000] {dagbag.py:538} INFO - Filling up the DagBag from /home/airflow/.local/lib/python3.7/site-packages/airflow/example_dags/example_latest_only.py
[2023-06-01T08:57:38.683+0000] {processor.py:753} INFO - DAG(s) dict_keys(['latest_only']) retrieved from /home/airflow/.local/lib/python3.7/site-packages/airflow/example_dags/example_latest_only.py
[2023-06-01T08:57:38.709+0000] {logging_mixin.py:137} INFO - [2023-06-01T08:57:38.709+0000] {dag.py:2690} INFO - Sync 1 DAGs
[2023-06-01T08:57:38.734+0000] {logging_mixin.py:137} INFO - [2023-06-01T08:57:38.734+0000] {dag.py:3441} INFO - Setting next_dagrun for latest_only to 2023-06-01T04:57:38.733965+00:00, run_after=2023-06-01T08:57:38.733965+00:00
[2023-06-01T08:57:38.759+0000] {processor.py:175} INFO - Processing /home/airflow/.local/lib/python3.7/site-packages/airflow/example_dags/example_latest_only.py took 0.095 seconds
[2023-06-01T08:58:09.977+0000] {processor.py:153} INFO - Started process (PID=2081) to work on /home/airflow/.local/lib/python3.7/site-packages/airflow/example_dags/example_latest_only.py
[2023-06-01T08:58:09.979+0000] {processor.py:743} INFO - Processing file /home/airflow/.local/lib/python3.7/site-packages/airflow/example_dags/example_latest_only.py for tasks to queue
[2023-06-01T08:58:09.980+0000] {logging_mixin.py:137} INFO - [2023-06-01T08:58:09.980+0000] {dagbag.py:538} INFO - Filling up the DagBag from /home/airflow/.local/lib/python3.7/site-packages/airflow/example_dags/example_latest_only.py
[2023-06-01T08:58:09.995+0000] {processor.py:753} INFO - DAG(s) dict_keys(['latest_only']) retrieved from /home/airflow/.local/lib/python3.7/site-packages/airflow/example_dags/example_latest_only.py
[2023-06-01T08:58:10.024+0000] {logging_mixin.py:137} INFO - [2023-06-01T08:58:10.024+0000] {dag.py:2690} INFO - Sync 1 DAGs
[2023-06-01T08:58:10.053+0000] {logging_mixin.py:137} INFO - [2023-06-01T08:58:10.053+0000] {dag.py:3441} INFO - Setting next_dagrun for latest_only to 2023-06-01T04:58:10.052973+00:00, run_after=2023-06-01T08:58:10.052973+00:00
[2023-06-01T08:58:10.071+0000] {processor.py:175} INFO - Processing /home/airflow/.local/lib/python3.7/site-packages/airflow/example_dags/example_latest_only.py took 0.098 seconds
[2023-06-01T08:58:40.295+0000] {processor.py:153} INFO - Started process (PID=2183) to work on /home/airflow/.local/lib/python3.7/site-packages/airflow/example_dags/example_latest_only.py
[2023-06-01T08:58:40.297+0000] {processor.py:743} INFO - Processing file /home/airflow/.local/lib/python3.7/site-packages/airflow/example_dags/example_latest_only.py for tasks to queue
[2023-06-01T08:58:40.299+0000] {logging_mixin.py:137} INFO - [2023-06-01T08:58:40.298+0000] {dagbag.py:538} INFO - Filling up the DagBag from /home/airflow/.local/lib/python3.7/site-packages/airflow/example_dags/example_latest_only.py
[2023-06-01T08:58:40.321+0000] {processor.py:753} INFO - DAG(s) dict_keys(['latest_only']) retrieved from /home/airflow/.local/lib/python3.7/site-packages/airflow/example_dags/example_latest_only.py
[2023-06-01T08:58:40.359+0000] {logging_mixin.py:137} INFO - [2023-06-01T08:58:40.359+0000] {dag.py:2690} INFO - Sync 1 DAGs
[2023-06-01T08:58:40.389+0000] {logging_mixin.py:137} INFO - [2023-06-01T08:58:40.388+0000] {dag.py:3441} INFO - Setting next_dagrun for latest_only to 2023-06-01T04:58:40.388660+00:00, run_after=2023-06-01T08:58:40.388660+00:00
[2023-06-01T08:58:40.411+0000] {processor.py:175} INFO - Processing /home/airflow/.local/lib/python3.7/site-packages/airflow/example_dags/example_latest_only.py took 0.120 seconds
[2023-06-01T08:59:11.157+0000] {processor.py:153} INFO - Started process (PID=2270) to work on /home/airflow/.local/lib/python3.7/site-packages/airflow/example_dags/example_latest_only.py
[2023-06-01T08:59:11.158+0000] {processor.py:743} INFO - Processing file /home/airflow/.local/lib/python3.7/site-packages/airflow/example_dags/example_latest_only.py for tasks to queue
[2023-06-01T08:59:11.159+0000] {logging_mixin.py:137} INFO - [2023-06-01T08:59:11.159+0000] {dagbag.py:538} INFO - Filling up the DagBag from /home/airflow/.local/lib/python3.7/site-packages/airflow/example_dags/example_latest_only.py
[2023-06-01T08:59:11.178+0000] {processor.py:753} INFO - DAG(s) dict_keys(['latest_only']) retrieved from /home/airflow/.local/lib/python3.7/site-packages/airflow/example_dags/example_latest_only.py
[2023-06-01T08:59:11.210+0000] {logging_mixin.py:137} INFO - [2023-06-01T08:59:11.210+0000] {dag.py:2690} INFO - Sync 1 DAGs
[2023-06-01T08:59:11.239+0000] {logging_mixin.py:137} INFO - [2023-06-01T08:59:11.239+0000] {dag.py:3441} INFO - Setting next_dagrun for latest_only to 2023-06-01T04:59:11.239376+00:00, run_after=2023-06-01T08:59:11.239376+00:00
[2023-06-01T08:59:11.268+0000] {processor.py:175} INFO - Processing /home/airflow/.local/lib/python3.7/site-packages/airflow/example_dags/example_latest_only.py took 0.115 seconds
[2023-06-01T08:59:41.680+0000] {processor.py:153} INFO - Started process (PID=2357) to work on /home/airflow/.local/lib/python3.7/site-packages/airflow/example_dags/example_latest_only.py
[2023-06-01T08:59:41.682+0000] {processor.py:743} INFO - Processing file /home/airflow/.local/lib/python3.7/site-packages/airflow/example_dags/example_latest_only.py for tasks to queue
[2023-06-01T08:59:41.684+0000] {logging_mixin.py:137} INFO - [2023-06-01T08:59:41.684+0000] {dagbag.py:538} INFO - Filling up the DagBag from /home/airflow/.local/lib/python3.7/site-packages/airflow/example_dags/example_latest_only.py
[2023-06-01T08:59:41.700+0000] {processor.py:753} INFO - DAG(s) dict_keys(['latest_only']) retrieved from /home/airflow/.local/lib/python3.7/site-packages/airflow/example_dags/example_latest_only.py
[2023-06-01T08:59:41.733+0000] {logging_mixin.py:137} INFO - [2023-06-01T08:59:41.732+0000] {dag.py:2690} INFO - Sync 1 DAGs
[2023-06-01T08:59:41.768+0000] {logging_mixin.py:137} INFO - [2023-06-01T08:59:41.768+0000] {dag.py:3441} INFO - Setting next_dagrun for latest_only to 2023-06-01T04:59:41.767773+00:00, run_after=2023-06-01T08:59:41.767773+00:00
[2023-06-01T08:59:41.796+0000] {processor.py:175} INFO - Processing /home/airflow/.local/lib/python3.7/site-packages/airflow/example_dags/example_latest_only.py took 0.119 seconds
[2023-06-01T09:00:12.702+0000] {processor.py:153} INFO - Started process (PID=2468) to work on /home/airflow/.local/lib/python3.7/site-packages/airflow/example_dags/example_latest_only.py
[2023-06-01T09:00:12.704+0000] {processor.py:743} INFO - Processing file /home/airflow/.local/lib/python3.7/site-packages/airflow/example_dags/example_latest_only.py for tasks to queue
[2023-06-01T09:00:12.704+0000] {logging_mixin.py:137} INFO - [2023-06-01T09:00:12.704+0000] {dagbag.py:538} INFO - Filling up the DagBag from /home/airflow/.local/lib/python3.7/site-packages/airflow/example_dags/example_latest_only.py
[2023-06-01T09:00:12.720+0000] {processor.py:753} INFO - DAG(s) dict_keys(['latest_only']) retrieved from /home/airflow/.local/lib/python3.7/site-packages/airflow/example_dags/example_latest_only.py
[2023-06-01T09:00:12.759+0000] {logging_mixin.py:137} INFO - [2023-06-01T09:00:12.759+0000] {dag.py:2690} INFO - Sync 1 DAGs
[2023-06-01T09:00:12.793+0000] {logging_mixin.py:137} INFO - [2023-06-01T09:00:12.793+0000] {dag.py:3441} INFO - Setting next_dagrun for latest_only to 2023-06-01T05:00:12.792969+00:00, run_after=2023-06-01T09:00:12.792969+00:00
[2023-06-01T09:00:12.822+0000] {processor.py:175} INFO - Processing /home/airflow/.local/lib/python3.7/site-packages/airflow/example_dags/example_latest_only.py took 0.126 seconds
[2023-06-01T09:00:43.580+0000] {processor.py:153} INFO - Started process (PID=2555) to work on /home/airflow/.local/lib/python3.7/site-packages/airflow/example_dags/example_latest_only.py
[2023-06-01T09:00:43.582+0000] {processor.py:743} INFO - Processing file /home/airflow/.local/lib/python3.7/site-packages/airflow/example_dags/example_latest_only.py for tasks to queue
[2023-06-01T09:00:43.583+0000] {logging_mixin.py:137} INFO - [2023-06-01T09:00:43.583+0000] {dagbag.py:538} INFO - Filling up the DagBag from /home/airflow/.local/lib/python3.7/site-packages/airflow/example_dags/example_latest_only.py
[2023-06-01T09:00:43.600+0000] {processor.py:753} INFO - DAG(s) dict_keys(['latest_only']) retrieved from /home/airflow/.local/lib/python3.7/site-packages/airflow/example_dags/example_latest_only.py
[2023-06-01T09:00:43.636+0000] {logging_mixin.py:137} INFO - [2023-06-01T09:00:43.636+0000] {dag.py:2690} INFO - Sync 1 DAGs
[2023-06-01T09:00:43.666+0000] {logging_mixin.py:137} INFO - [2023-06-01T09:00:43.666+0000] {dag.py:3441} INFO - Setting next_dagrun for latest_only to 2023-06-01T05:00:43.665633+00:00, run_after=2023-06-01T09:00:43.665633+00:00
[2023-06-01T09:00:43.693+0000] {processor.py:175} INFO - Processing /home/airflow/.local/lib/python3.7/site-packages/airflow/example_dags/example_latest_only.py took 0.116 seconds
[2023-06-01T09:01:14.479+0000] {processor.py:153} INFO - Started process (PID=2642) to work on /home/airflow/.local/lib/python3.7/site-packages/airflow/example_dags/example_latest_only.py
[2023-06-01T09:01:14.482+0000] {processor.py:743} INFO - Processing file /home/airflow/.local/lib/python3.7/site-packages/airflow/example_dags/example_latest_only.py for tasks to queue
[2023-06-01T09:01:14.483+0000] {logging_mixin.py:137} INFO - [2023-06-01T09:01:14.483+0000] {dagbag.py:538} INFO - Filling up the DagBag from /home/airflow/.local/lib/python3.7/site-packages/airflow/example_dags/example_latest_only.py
[2023-06-01T09:01:14.501+0000] {processor.py:753} INFO - DAG(s) dict_keys(['latest_only']) retrieved from /home/airflow/.local/lib/python3.7/site-packages/airflow/example_dags/example_latest_only.py
[2023-06-01T09:01:14.540+0000] {logging_mixin.py:137} INFO - [2023-06-01T09:01:14.540+0000] {dag.py:2690} INFO - Sync 1 DAGs
[2023-06-01T09:01:14.568+0000] {logging_mixin.py:137} INFO - [2023-06-01T09:01:14.568+0000] {dag.py:3441} INFO - Setting next_dagrun for latest_only to 2023-06-01T05:01:14.567740+00:00, run_after=2023-06-01T09:01:14.567740+00:00
[2023-06-01T09:01:14.597+0000] {processor.py:175} INFO - Processing /home/airflow/.local/lib/python3.7/site-packages/airflow/example_dags/example_latest_only.py took 0.122 seconds
[2023-06-01T09:01:45.036+0000] {processor.py:153} INFO - Started process (PID=2736) to work on /home/airflow/.local/lib/python3.7/site-packages/airflow/example_dags/example_latest_only.py
[2023-06-01T09:01:45.037+0000] {processor.py:743} INFO - Processing file /home/airflow/.local/lib/python3.7/site-packages/airflow/example_dags/example_latest_only.py for tasks to queue
[2023-06-01T09:01:45.038+0000] {logging_mixin.py:137} INFO - [2023-06-01T09:01:45.038+0000] {dagbag.py:538} INFO - Filling up the DagBag from /home/airflow/.local/lib/python3.7/site-packages/airflow/example_dags/example_latest_only.py
[2023-06-01T09:01:45.053+0000] {processor.py:753} INFO - DAG(s) dict_keys(['latest_only']) retrieved from /home/airflow/.local/lib/python3.7/site-packages/airflow/example_dags/example_latest_only.py
[2023-06-01T09:01:45.086+0000] {logging_mixin.py:137} INFO - [2023-06-01T09:01:45.086+0000] {dag.py:2690} INFO - Sync 1 DAGs
[2023-06-01T09:01:45.117+0000] {logging_mixin.py:137} INFO - [2023-06-01T09:01:45.116+0000] {dag.py:3441} INFO - Setting next_dagrun for latest_only to 2023-06-01T05:01:45.116656+00:00, run_after=2023-06-01T09:01:45.116656+00:00
[2023-06-01T09:01:45.138+0000] {processor.py:175} INFO - Processing /home/airflow/.local/lib/python3.7/site-packages/airflow/example_dags/example_latest_only.py took 0.105 seconds
[2023-06-01T09:02:15.558+0000] {processor.py:153} INFO - Started process (PID=2840) to work on /home/airflow/.local/lib/python3.7/site-packages/airflow/example_dags/example_latest_only.py
[2023-06-01T09:02:15.559+0000] {processor.py:743} INFO - Processing file /home/airflow/.local/lib/python3.7/site-packages/airflow/example_dags/example_latest_only.py for tasks to queue
[2023-06-01T09:02:15.559+0000] {logging_mixin.py:137} INFO - [2023-06-01T09:02:15.559+0000] {dagbag.py:538} INFO - Filling up the DagBag from /home/airflow/.local/lib/python3.7/site-packages/airflow/example_dags/example_latest_only.py
[2023-06-01T09:02:15.572+0000] {processor.py:753} INFO - DAG(s) dict_keys(['latest_only']) retrieved from /home/airflow/.local/lib/python3.7/site-packages/airflow/example_dags/example_latest_only.py
[2023-06-01T09:02:15.598+0000] {logging_mixin.py:137} INFO - [2023-06-01T09:02:15.597+0000] {dag.py:2690} INFO - Sync 1 DAGs
[2023-06-01T09:02:15.622+0000] {logging_mixin.py:137} INFO - [2023-06-01T09:02:15.622+0000] {dag.py:3441} INFO - Setting next_dagrun for latest_only to 2023-06-01T05:02:15.622453+00:00, run_after=2023-06-01T09:02:15.622453+00:00
[2023-06-01T09:02:15.639+0000] {processor.py:175} INFO - Processing /home/airflow/.local/lib/python3.7/site-packages/airflow/example_dags/example_latest_only.py took 0.085 seconds
[2023-06-01T09:02:45.981+0000] {processor.py:153} INFO - Started process (PID=2927) to work on /home/airflow/.local/lib/python3.7/site-packages/airflow/example_dags/example_latest_only.py
[2023-06-01T09:02:45.983+0000] {processor.py:743} INFO - Processing file /home/airflow/.local/lib/python3.7/site-packages/airflow/example_dags/example_latest_only.py for tasks to queue
[2023-06-01T09:02:45.983+0000] {logging_mixin.py:137} INFO - [2023-06-01T09:02:45.983+0000] {dagbag.py:538} INFO - Filling up the DagBag from /home/airflow/.local/lib/python3.7/site-packages/airflow/example_dags/example_latest_only.py
[2023-06-01T09:02:45.997+0000] {processor.py:753} INFO - DAG(s) dict_keys(['latest_only']) retrieved from /home/airflow/.local/lib/python3.7/site-packages/airflow/example_dags/example_latest_only.py
[2023-06-01T09:02:46.023+0000] {logging_mixin.py:137} INFO - [2023-06-01T09:02:46.023+0000] {dag.py:2690} INFO - Sync 1 DAGs
[2023-06-01T09:02:46.047+0000] {logging_mixin.py:137} INFO - [2023-06-01T09:02:46.047+0000] {dag.py:3441} INFO - Setting next_dagrun for latest_only to 2023-06-01T05:02:46.047402+00:00, run_after=2023-06-01T09:02:46.047402+00:00
[2023-06-01T09:02:46.074+0000] {processor.py:175} INFO - Processing /home/airflow/.local/lib/python3.7/site-packages/airflow/example_dags/example_latest_only.py took 0.096 seconds
[2023-06-01T09:03:16.331+0000] {processor.py:153} INFO - Started process (PID=3014) to work on /home/airflow/.local/lib/python3.7/site-packages/airflow/example_dags/example_latest_only.py
[2023-06-01T09:03:16.332+0000] {processor.py:743} INFO - Processing file /home/airflow/.local/lib/python3.7/site-packages/airflow/example_dags/example_latest_only.py for tasks to queue
[2023-06-01T09:03:16.332+0000] {logging_mixin.py:137} INFO - [2023-06-01T09:03:16.332+0000] {dagbag.py:538} INFO - Filling up the DagBag from /home/airflow/.local/lib/python3.7/site-packages/airflow/example_dags/example_latest_only.py
[2023-06-01T09:03:16.346+0000] {processor.py:753} INFO - DAG(s) dict_keys(['latest_only']) retrieved from /home/airflow/.local/lib/python3.7/site-packages/airflow/example_dags/example_latest_only.py
[2023-06-01T09:03:16.372+0000] {logging_mixin.py:137} INFO - [2023-06-01T09:03:16.372+0000] {dag.py:2690} INFO - Sync 1 DAGs
[2023-06-01T09:03:16.397+0000] {logging_mixin.py:137} INFO - [2023-06-01T09:03:16.397+0000] {dag.py:3441} INFO - Setting next_dagrun for latest_only to 2023-06-01T05:03:16.397511+00:00, run_after=2023-06-01T09:03:16.397511+00:00
[2023-06-01T09:03:16.419+0000] {processor.py:175} INFO - Processing /home/airflow/.local/lib/python3.7/site-packages/airflow/example_dags/example_latest_only.py took 0.092 seconds
[2023-06-01T09:03:47.078+0000] {processor.py:153} INFO - Started process (PID=3125) to work on /home/airflow/.local/lib/python3.7/site-packages/airflow/example_dags/example_latest_only.py
[2023-06-01T09:03:47.079+0000] {processor.py:743} INFO - Processing file /home/airflow/.local/lib/python3.7/site-packages/airflow/example_dags/example_latest_only.py for tasks to queue
[2023-06-01T09:03:47.080+0000] {logging_mixin.py:137} INFO - [2023-06-01T09:03:47.080+0000] {dagbag.py:538} INFO - Filling up the DagBag from /home/airflow/.local/lib/python3.7/site-packages/airflow/example_dags/example_latest_only.py
[2023-06-01T09:03:47.094+0000] {processor.py:753} INFO - DAG(s) dict_keys(['latest_only']) retrieved from /home/airflow/.local/lib/python3.7/site-packages/airflow/example_dags/example_latest_only.py
[2023-06-01T09:03:47.129+0000] {logging_mixin.py:137} INFO - [2023-06-01T09:03:47.128+0000] {dag.py:2690} INFO - Sync 1 DAGs
[2023-06-01T09:03:47.156+0000] {logging_mixin.py:137} INFO - [2023-06-01T09:03:47.156+0000] {dag.py:3441} INFO - Setting next_dagrun for latest_only to 2023-06-01T05:03:47.155911+00:00, run_after=2023-06-01T09:03:47.155911+00:00
[2023-06-01T09:03:47.177+0000] {processor.py:175} INFO - Processing /home/airflow/.local/lib/python3.7/site-packages/airflow/example_dags/example_latest_only.py took 0.104 seconds
[2023-06-01T09:04:17.784+0000] {processor.py:153} INFO - Started process (PID=3212) to work on /home/airflow/.local/lib/python3.7/site-packages/airflow/example_dags/example_latest_only.py
[2023-06-01T09:04:17.784+0000] {processor.py:743} INFO - Processing file /home/airflow/.local/lib/python3.7/site-packages/airflow/example_dags/example_latest_only.py for tasks to queue
[2023-06-01T09:04:17.785+0000] {logging_mixin.py:137} INFO - [2023-06-01T09:04:17.785+0000] {dagbag.py:538} INFO - Filling up the DagBag from /home/airflow/.local/lib/python3.7/site-packages/airflow/example_dags/example_latest_only.py
[2023-06-01T09:04:17.797+0000] {processor.py:753} INFO - DAG(s) dict_keys(['latest_only']) retrieved from /home/airflow/.local/lib/python3.7/site-packages/airflow/example_dags/example_latest_only.py
[2023-06-01T09:04:17.823+0000] {logging_mixin.py:137} INFO - [2023-06-01T09:04:17.823+0000] {dag.py:2690} INFO - Sync 1 DAGs
[2023-06-01T09:04:17.846+0000] {logging_mixin.py:137} INFO - [2023-06-01T09:04:17.846+0000] {dag.py:3441} INFO - Setting next_dagrun for latest_only to 2023-06-01T05:04:17.846259+00:00, run_after=2023-06-01T09:04:17.846259+00:00
[2023-06-01T09:04:17.864+0000] {processor.py:175} INFO - Processing /home/airflow/.local/lib/python3.7/site-packages/airflow/example_dags/example_latest_only.py took 0.084 seconds
[2023-06-01T09:04:48.176+0000] {processor.py:153} INFO - Started process (PID=3299) to work on /home/airflow/.local/lib/python3.7/site-packages/airflow/example_dags/example_latest_only.py
[2023-06-01T09:04:48.178+0000] {processor.py:743} INFO - Processing file /home/airflow/.local/lib/python3.7/site-packages/airflow/example_dags/example_latest_only.py for tasks to queue
[2023-06-01T09:04:48.179+0000] {logging_mixin.py:137} INFO - [2023-06-01T09:04:48.178+0000] {dagbag.py:538} INFO - Filling up the DagBag from /home/airflow/.local/lib/python3.7/site-packages/airflow/example_dags/example_latest_only.py
[2023-06-01T09:04:48.192+0000] {processor.py:753} INFO - DAG(s) dict_keys(['latest_only']) retrieved from /home/airflow/.local/lib/python3.7/site-packages/airflow/example_dags/example_latest_only.py
[2023-06-01T09:04:48.221+0000] {logging_mixin.py:137} INFO - [2023-06-01T09:04:48.221+0000] {dag.py:2690} INFO - Sync 1 DAGs
[2023-06-01T09:04:48.250+0000] {logging_mixin.py:137} INFO - [2023-06-01T09:04:48.249+0000] {dag.py:3441} INFO - Setting next_dagrun for latest_only to 2023-06-01T05:04:48.249392+00:00, run_after=2023-06-01T09:04:48.249392+00:00
[2023-06-01T09:04:48.272+0000] {processor.py:175} INFO - Processing /home/airflow/.local/lib/python3.7/site-packages/airflow/example_dags/example_latest_only.py took 0.100 seconds
[2023-06-01T09:05:19.246+0000] {processor.py:153} INFO - Started process (PID=3386) to work on /home/airflow/.local/lib/python3.7/site-packages/airflow/example_dags/example_latest_only.py
[2023-06-01T09:05:19.247+0000] {processor.py:743} INFO - Processing file /home/airflow/.local/lib/python3.7/site-packages/airflow/example_dags/example_latest_only.py for tasks to queue
[2023-06-01T09:05:19.248+0000] {logging_mixin.py:137} INFO - [2023-06-01T09:05:19.248+0000] {dagbag.py:538} INFO - Filling up the DagBag from /home/airflow/.local/lib/python3.7/site-packages/airflow/example_dags/example_latest_only.py
[2023-06-01T09:05:19.268+0000] {processor.py:753} INFO - DAG(s) dict_keys(['latest_only']) retrieved from /home/airflow/.local/lib/python3.7/site-packages/airflow/example_dags/example_latest_only.py
[2023-06-01T09:05:19.310+0000] {logging_mixin.py:137} INFO - [2023-06-01T09:05:19.310+0000] {dag.py:2690} INFO - Sync 1 DAGs
[2023-06-01T09:05:19.348+0000] {logging_mixin.py:137} INFO - [2023-06-01T09:05:19.348+0000] {dag.py:3441} INFO - Setting next_dagrun for latest_only to 2023-06-01T05:05:19.347859+00:00, run_after=2023-06-01T09:05:19.347859+00:00
[2023-06-01T09:05:19.385+0000] {processor.py:175} INFO - Processing /home/airflow/.local/lib/python3.7/site-packages/airflow/example_dags/example_latest_only.py took 0.144 seconds
[2023-06-01T09:05:49.898+0000] {processor.py:153} INFO - Started process (PID=3480) to work on /home/airflow/.local/lib/python3.7/site-packages/airflow/example_dags/example_latest_only.py
[2023-06-01T09:05:49.901+0000] {processor.py:743} INFO - Processing file /home/airflow/.local/lib/python3.7/site-packages/airflow/example_dags/example_latest_only.py for tasks to queue
[2023-06-01T09:05:49.903+0000] {logging_mixin.py:137} INFO - [2023-06-01T09:05:49.902+0000] {dagbag.py:538} INFO - Filling up the DagBag from /home/airflow/.local/lib/python3.7/site-packages/airflow/example_dags/example_latest_only.py
[2023-06-01T09:05:49.919+0000] {processor.py:753} INFO - DAG(s) dict_keys(['latest_only']) retrieved from /home/airflow/.local/lib/python3.7/site-packages/airflow/example_dags/example_latest_only.py
[2023-06-01T09:05:49.957+0000] {logging_mixin.py:137} INFO - [2023-06-01T09:05:49.957+0000] {dag.py:2690} INFO - Sync 1 DAGs
[2023-06-01T09:05:50.002+0000] {logging_mixin.py:137} INFO - [2023-06-01T09:05:50.002+0000] {dag.py:3441} INFO - Setting next_dagrun for latest_only to 2023-06-01T05:05:50.001960+00:00, run_after=2023-06-01T09:05:50.001960+00:00
[2023-06-01T09:05:50.040+0000] {processor.py:175} INFO - Processing /home/airflow/.local/lib/python3.7/site-packages/airflow/example_dags/example_latest_only.py took 0.146 seconds
[2023-06-01T09:06:20.411+0000] {processor.py:153} INFO - Started process (PID=3584) to work on /home/airflow/.local/lib/python3.7/site-packages/airflow/example_dags/example_latest_only.py
[2023-06-01T09:06:20.413+0000] {processor.py:743} INFO - Processing file /home/airflow/.local/lib/python3.7/site-packages/airflow/example_dags/example_latest_only.py for tasks to queue
[2023-06-01T09:06:20.414+0000] {logging_mixin.py:137} INFO - [2023-06-01T09:06:20.414+0000] {dagbag.py:538} INFO - Filling up the DagBag from /home/airflow/.local/lib/python3.7/site-packages/airflow/example_dags/example_latest_only.py
[2023-06-01T09:06:20.437+0000] {processor.py:753} INFO - DAG(s) dict_keys(['latest_only']) retrieved from /home/airflow/.local/lib/python3.7/site-packages/airflow/example_dags/example_latest_only.py
[2023-06-01T09:06:20.485+0000] {logging_mixin.py:137} INFO - [2023-06-01T09:06:20.485+0000] {dag.py:2690} INFO - Sync 1 DAGs
[2023-06-01T09:06:20.527+0000] {logging_mixin.py:137} INFO - [2023-06-01T09:06:20.526+0000] {dag.py:3441} INFO - Setting next_dagrun for latest_only to 2023-06-01T05:06:20.526356+00:00, run_after=2023-06-01T09:06:20.526356+00:00
[2023-06-01T09:06:20.569+0000] {processor.py:175} INFO - Processing /home/airflow/.local/lib/python3.7/site-packages/airflow/example_dags/example_latest_only.py took 0.164 seconds
[2023-06-01T09:06:50.884+0000] {processor.py:153} INFO - Started process (PID=3671) to work on /home/airflow/.local/lib/python3.7/site-packages/airflow/example_dags/example_latest_only.py
[2023-06-01T09:06:50.886+0000] {processor.py:743} INFO - Processing file /home/airflow/.local/lib/python3.7/site-packages/airflow/example_dags/example_latest_only.py for tasks to queue
[2023-06-01T09:06:50.886+0000] {logging_mixin.py:137} INFO - [2023-06-01T09:06:50.886+0000] {dagbag.py:538} INFO - Filling up the DagBag from /home/airflow/.local/lib/python3.7/site-packages/airflow/example_dags/example_latest_only.py
[2023-06-01T09:06:50.907+0000] {processor.py:753} INFO - DAG(s) dict_keys(['latest_only']) retrieved from /home/airflow/.local/lib/python3.7/site-packages/airflow/example_dags/example_latest_only.py
[2023-06-01T09:06:50.938+0000] {logging_mixin.py:137} INFO - [2023-06-01T09:06:50.938+0000] {dag.py:2690} INFO - Sync 1 DAGs
[2023-06-01T09:06:50.972+0000] {logging_mixin.py:137} INFO - [2023-06-01T09:06:50.971+0000] {dag.py:3441} INFO - Setting next_dagrun for latest_only to 2023-06-01T05:06:50.971599+00:00, run_after=2023-06-01T09:06:50.971599+00:00
[2023-06-01T09:06:50.995+0000] {processor.py:175} INFO - Processing /home/airflow/.local/lib/python3.7/site-packages/airflow/example_dags/example_latest_only.py took 0.115 seconds
[2023-06-01T09:07:21.861+0000] {processor.py:153} INFO - Started process (PID=3758) to work on /home/airflow/.local/lib/python3.7/site-packages/airflow/example_dags/example_latest_only.py
[2023-06-01T09:07:21.862+0000] {processor.py:743} INFO - Processing file /home/airflow/.local/lib/python3.7/site-packages/airflow/example_dags/example_latest_only.py for tasks to queue
[2023-06-01T09:07:21.863+0000] {logging_mixin.py:137} INFO - [2023-06-01T09:07:21.863+0000] {dagbag.py:538} INFO - Filling up the DagBag from /home/airflow/.local/lib/python3.7/site-packages/airflow/example_dags/example_latest_only.py
[2023-06-01T09:07:21.877+0000] {processor.py:753} INFO - DAG(s) dict_keys(['latest_only']) retrieved from /home/airflow/.local/lib/python3.7/site-packages/airflow/example_dags/example_latest_only.py
[2023-06-01T09:07:21.913+0000] {logging_mixin.py:137} INFO - [2023-06-01T09:07:21.913+0000] {dag.py:2690} INFO - Sync 1 DAGs
[2023-06-01T09:07:21.947+0000] {logging_mixin.py:137} INFO - [2023-06-01T09:07:21.946+0000] {dag.py:3441} INFO - Setting next_dagrun for latest_only to 2023-06-01T05:07:21.946450+00:00, run_after=2023-06-01T09:07:21.946450+00:00
[2023-06-01T09:07:21.988+0000] {processor.py:175} INFO - Processing /home/airflow/.local/lib/python3.7/site-packages/airflow/example_dags/example_latest_only.py took 0.131 seconds
[2023-06-01T09:07:52.719+0000] {processor.py:153} INFO - Started process (PID=3845) to work on /home/airflow/.local/lib/python3.7/site-packages/airflow/example_dags/example_latest_only.py
[2023-06-01T09:07:52.721+0000] {processor.py:743} INFO - Processing file /home/airflow/.local/lib/python3.7/site-packages/airflow/example_dags/example_latest_only.py for tasks to queue
[2023-06-01T09:07:52.722+0000] {logging_mixin.py:137} INFO - [2023-06-01T09:07:52.721+0000] {dagbag.py:538} INFO - Filling up the DagBag from /home/airflow/.local/lib/python3.7/site-packages/airflow/example_dags/example_latest_only.py
[2023-06-01T09:07:52.735+0000] {processor.py:753} INFO - DAG(s) dict_keys(['latest_only']) retrieved from /home/airflow/.local/lib/python3.7/site-packages/airflow/example_dags/example_latest_only.py
[2023-06-01T09:07:52.766+0000] {logging_mixin.py:137} INFO - [2023-06-01T09:07:52.766+0000] {dag.py:2690} INFO - Sync 1 DAGs
[2023-06-01T09:07:52.808+0000] {logging_mixin.py:137} INFO - [2023-06-01T09:07:52.807+0000] {dag.py:3441} INFO - Setting next_dagrun for latest_only to 2023-06-01T05:07:52.807647+00:00, run_after=2023-06-01T09:07:52.807647+00:00
[2023-06-01T09:07:52.841+0000] {processor.py:175} INFO - Processing /home/airflow/.local/lib/python3.7/site-packages/airflow/example_dags/example_latest_only.py took 0.126 seconds
[2023-06-01T09:08:23.612+0000] {processor.py:153} INFO - Started process (PID=3956) to work on /home/airflow/.local/lib/python3.7/site-packages/airflow/example_dags/example_latest_only.py
[2023-06-01T09:08:23.613+0000] {processor.py:743} INFO - Processing file /home/airflow/.local/lib/python3.7/site-packages/airflow/example_dags/example_latest_only.py for tasks to queue
[2023-06-01T09:08:23.614+0000] {logging_mixin.py:137} INFO - [2023-06-01T09:08:23.613+0000] {dagbag.py:538} INFO - Filling up the DagBag from /home/airflow/.local/lib/python3.7/site-packages/airflow/example_dags/example_latest_only.py
[2023-06-01T09:08:23.626+0000] {processor.py:753} INFO - DAG(s) dict_keys(['latest_only']) retrieved from /home/airflow/.local/lib/python3.7/site-packages/airflow/example_dags/example_latest_only.py
[2023-06-01T09:08:23.662+0000] {logging_mixin.py:137} INFO - [2023-06-01T09:08:23.662+0000] {dag.py:2690} INFO - Sync 1 DAGs
[2023-06-01T09:08:23.696+0000] {logging_mixin.py:137} INFO - [2023-06-01T09:08:23.696+0000] {dag.py:3441} INFO - Setting next_dagrun for latest_only to 2023-06-01T05:08:23.696286+00:00, run_after=2023-06-01T09:08:23.696286+00:00
[2023-06-01T09:08:23.726+0000] {processor.py:175} INFO - Processing /home/airflow/.local/lib/python3.7/site-packages/airflow/example_dags/example_latest_only.py took 0.117 seconds
[2023-06-01T09:08:54.118+0000] {processor.py:153} INFO - Started process (PID=4043) to work on /home/airflow/.local/lib/python3.7/site-packages/airflow/example_dags/example_latest_only.py
[2023-06-01T09:08:54.120+0000] {processor.py:743} INFO - Processing file /home/airflow/.local/lib/python3.7/site-packages/airflow/example_dags/example_latest_only.py for tasks to queue
[2023-06-01T09:08:54.122+0000] {logging_mixin.py:137} INFO - [2023-06-01T09:08:54.122+0000] {dagbag.py:538} INFO - Filling up the DagBag from /home/airflow/.local/lib/python3.7/site-packages/airflow/example_dags/example_latest_only.py
[2023-06-01T09:08:54.143+0000] {processor.py:753} INFO - DAG(s) dict_keys(['latest_only']) retrieved from /home/airflow/.local/lib/python3.7/site-packages/airflow/example_dags/example_latest_only.py
[2023-06-01T09:08:54.179+0000] {logging_mixin.py:137} INFO - [2023-06-01T09:08:54.178+0000] {dag.py:2690} INFO - Sync 1 DAGs
[2023-06-01T09:08:54.210+0000] {logging_mixin.py:137} INFO - [2023-06-01T09:08:54.210+0000] {dag.py:3441} INFO - Setting next_dagrun for latest_only to 2023-06-01T05:08:54.209765+00:00, run_after=2023-06-01T09:08:54.209765+00:00
[2023-06-01T09:08:54.234+0000] {processor.py:175} INFO - Processing /home/airflow/.local/lib/python3.7/site-packages/airflow/example_dags/example_latest_only.py took 0.121 seconds
[2023-06-01T09:09:24.622+0000] {processor.py:153} INFO - Started process (PID=4130) to work on /home/airflow/.local/lib/python3.7/site-packages/airflow/example_dags/example_latest_only.py
[2023-06-01T09:09:24.623+0000] {processor.py:743} INFO - Processing file /home/airflow/.local/lib/python3.7/site-packages/airflow/example_dags/example_latest_only.py for tasks to queue
[2023-06-01T09:09:24.623+0000] {logging_mixin.py:137} INFO - [2023-06-01T09:09:24.623+0000] {dagbag.py:538} INFO - Filling up the DagBag from /home/airflow/.local/lib/python3.7/site-packages/airflow/example_dags/example_latest_only.py
[2023-06-01T09:09:24.637+0000] {processor.py:753} INFO - DAG(s) dict_keys(['latest_only']) retrieved from /home/airflow/.local/lib/python3.7/site-packages/airflow/example_dags/example_latest_only.py
[2023-06-01T09:09:24.662+0000] {logging_mixin.py:137} INFO - [2023-06-01T09:09:24.662+0000] {dag.py:2690} INFO - Sync 1 DAGs
[2023-06-01T09:09:24.696+0000] {logging_mixin.py:137} INFO - [2023-06-01T09:09:24.696+0000] {dag.py:3441} INFO - Setting next_dagrun for latest_only to 2023-06-01T05:09:24.696068+00:00, run_after=2023-06-01T09:09:24.696068+00:00
[2023-06-01T09:09:24.721+0000] {processor.py:175} INFO - Processing /home/airflow/.local/lib/python3.7/site-packages/airflow/example_dags/example_latest_only.py took 0.102 seconds
[2023-06-01T09:09:55.196+0000] {processor.py:153} INFO - Started process (PID=4217) to work on /home/airflow/.local/lib/python3.7/site-packages/airflow/example_dags/example_latest_only.py
[2023-06-01T09:09:55.197+0000] {processor.py:743} INFO - Processing file /home/airflow/.local/lib/python3.7/site-packages/airflow/example_dags/example_latest_only.py for tasks to queue
[2023-06-01T09:09:55.198+0000] {logging_mixin.py:137} INFO - [2023-06-01T09:09:55.198+0000] {dagbag.py:538} INFO - Filling up the DagBag from /home/airflow/.local/lib/python3.7/site-packages/airflow/example_dags/example_latest_only.py
[2023-06-01T09:09:55.219+0000] {processor.py:753} INFO - DAG(s) dict_keys(['latest_only']) retrieved from /home/airflow/.local/lib/python3.7/site-packages/airflow/example_dags/example_latest_only.py
[2023-06-01T09:09:55.250+0000] {logging_mixin.py:137} INFO - [2023-06-01T09:09:55.250+0000] {dag.py:2690} INFO - Sync 1 DAGs
[2023-06-01T09:09:55.278+0000] {logging_mixin.py:137} INFO - [2023-06-01T09:09:55.277+0000] {dag.py:3441} INFO - Setting next_dagrun for latest_only to 2023-06-01T05:09:55.277661+00:00, run_after=2023-06-01T09:09:55.277661+00:00
[2023-06-01T09:09:55.300+0000] {processor.py:175} INFO - Processing /home/airflow/.local/lib/python3.7/site-packages/airflow/example_dags/example_latest_only.py took 0.108 seconds
[2023-06-01T09:10:25.918+0000] {processor.py:153} INFO - Started process (PID=4328) to work on /home/airflow/.local/lib/python3.7/site-packages/airflow/example_dags/example_latest_only.py
[2023-06-01T09:10:25.918+0000] {processor.py:743} INFO - Processing file /home/airflow/.local/lib/python3.7/site-packages/airflow/example_dags/example_latest_only.py for tasks to queue
[2023-06-01T09:10:25.919+0000] {logging_mixin.py:137} INFO - [2023-06-01T09:10:25.919+0000] {dagbag.py:538} INFO - Filling up the DagBag from /home/airflow/.local/lib/python3.7/site-packages/airflow/example_dags/example_latest_only.py
[2023-06-01T09:10:25.932+0000] {processor.py:753} INFO - DAG(s) dict_keys(['latest_only']) retrieved from /home/airflow/.local/lib/python3.7/site-packages/airflow/example_dags/example_latest_only.py
[2023-06-01T09:10:25.964+0000] {logging_mixin.py:137} INFO - [2023-06-01T09:10:25.963+0000] {dag.py:2690} INFO - Sync 1 DAGs
[2023-06-01T09:10:25.990+0000] {logging_mixin.py:137} INFO - [2023-06-01T09:10:25.990+0000] {dag.py:3441} INFO - Setting next_dagrun for latest_only to 2023-06-01T05:10:25.990331+00:00, run_after=2023-06-01T09:10:25.990331+00:00
[2023-06-01T09:10:26.011+0000] {processor.py:175} INFO - Processing /home/airflow/.local/lib/python3.7/site-packages/airflow/example_dags/example_latest_only.py took 0.098 seconds
[2023-06-01T09:10:56.551+0000] {processor.py:153} INFO - Started process (PID=4415) to work on /home/airflow/.local/lib/python3.7/site-packages/airflow/example_dags/example_latest_only.py
[2023-06-01T09:10:56.552+0000] {processor.py:743} INFO - Processing file /home/airflow/.local/lib/python3.7/site-packages/airflow/example_dags/example_latest_only.py for tasks to queue
[2023-06-01T09:10:56.553+0000] {logging_mixin.py:137} INFO - [2023-06-01T09:10:56.553+0000] {dagbag.py:538} INFO - Filling up the DagBag from /home/airflow/.local/lib/python3.7/site-packages/airflow/example_dags/example_latest_only.py
[2023-06-01T09:10:56.565+0000] {processor.py:753} INFO - DAG(s) dict_keys(['latest_only']) retrieved from /home/airflow/.local/lib/python3.7/site-packages/airflow/example_dags/example_latest_only.py
[2023-06-01T09:10:56.593+0000] {logging_mixin.py:137} INFO - [2023-06-01T09:10:56.592+0000] {dag.py:2690} INFO - Sync 1 DAGs
[2023-06-01T09:10:56.618+0000] {logging_mixin.py:137} INFO - [2023-06-01T09:10:56.618+0000] {dag.py:3441} INFO - Setting next_dagrun for latest_only to 2023-06-01T05:10:56.618156+00:00, run_after=2023-06-01T09:10:56.618156+00:00
[2023-06-01T09:10:56.640+0000] {processor.py:175} INFO - Processing /home/airflow/.local/lib/python3.7/site-packages/airflow/example_dags/example_latest_only.py took 0.092 seconds
[2023-06-01T09:11:26.834+0000] {processor.py:153} INFO - Started process (PID=4502) to work on /home/airflow/.local/lib/python3.7/site-packages/airflow/example_dags/example_latest_only.py
[2023-06-01T09:11:26.836+0000] {processor.py:743} INFO - Processing file /home/airflow/.local/lib/python3.7/site-packages/airflow/example_dags/example_latest_only.py for tasks to queue
[2023-06-01T09:11:26.838+0000] {logging_mixin.py:137} INFO - [2023-06-01T09:11:26.838+0000] {dagbag.py:538} INFO - Filling up the DagBag from /home/airflow/.local/lib/python3.7/site-packages/airflow/example_dags/example_latest_only.py
[2023-06-01T09:11:26.860+0000] {processor.py:753} INFO - DAG(s) dict_keys(['latest_only']) retrieved from /home/airflow/.local/lib/python3.7/site-packages/airflow/example_dags/example_latest_only.py
[2023-06-01T09:11:26.891+0000] {logging_mixin.py:137} INFO - [2023-06-01T09:11:26.891+0000] {dag.py:2690} INFO - Sync 1 DAGs
[2023-06-01T09:11:26.920+0000] {logging_mixin.py:137} INFO - [2023-06-01T09:11:26.920+0000] {dag.py:3441} INFO - Setting next_dagrun for latest_only to 2023-06-01T05:11:26.919947+00:00, run_after=2023-06-01T09:11:26.919947+00:00
[2023-06-01T09:11:26.939+0000] {processor.py:175} INFO - Processing /home/airflow/.local/lib/python3.7/site-packages/airflow/example_dags/example_latest_only.py took 0.144 seconds
[2023-06-01T09:11:57.122+0000] {processor.py:153} INFO - Started process (PID=4589) to work on /home/airflow/.local/lib/python3.7/site-packages/airflow/example_dags/example_latest_only.py
[2023-06-01T09:11:57.124+0000] {processor.py:743} INFO - Processing file /home/airflow/.local/lib/python3.7/site-packages/airflow/example_dags/example_latest_only.py for tasks to queue
[2023-06-01T09:11:57.124+0000] {logging_mixin.py:137} INFO - [2023-06-01T09:11:57.124+0000] {dagbag.py:538} INFO - Filling up the DagBag from /home/airflow/.local/lib/python3.7/site-packages/airflow/example_dags/example_latest_only.py
[2023-06-01T09:11:57.139+0000] {processor.py:753} INFO - DAG(s) dict_keys(['latest_only']) retrieved from /home/airflow/.local/lib/python3.7/site-packages/airflow/example_dags/example_latest_only.py
[2023-06-01T09:11:57.170+0000] {logging_mixin.py:137} INFO - [2023-06-01T09:11:57.170+0000] {dag.py:2690} INFO - Sync 1 DAGs
[2023-06-01T09:11:57.200+0000] {logging_mixin.py:137} INFO - [2023-06-01T09:11:57.199+0000] {dag.py:3441} INFO - Setting next_dagrun for latest_only to 2023-06-01T05:11:57.199585+00:00, run_after=2023-06-01T09:11:57.199585+00:00
[2023-06-01T09:11:57.221+0000] {processor.py:175} INFO - Processing /home/airflow/.local/lib/python3.7/site-packages/airflow/example_dags/example_latest_only.py took 0.103 seconds
[2023-06-01T09:12:27.756+0000] {processor.py:153} INFO - Started process (PID=4700) to work on /home/airflow/.local/lib/python3.7/site-packages/airflow/example_dags/example_latest_only.py
[2023-06-01T09:12:27.758+0000] {processor.py:743} INFO - Processing file /home/airflow/.local/lib/python3.7/site-packages/airflow/example_dags/example_latest_only.py for tasks to queue
[2023-06-01T09:12:27.759+0000] {logging_mixin.py:137} INFO - [2023-06-01T09:12:27.758+0000] {dagbag.py:538} INFO - Filling up the DagBag from /home/airflow/.local/lib/python3.7/site-packages/airflow/example_dags/example_latest_only.py
[2023-06-01T09:12:27.773+0000] {processor.py:753} INFO - DAG(s) dict_keys(['latest_only']) retrieved from /home/airflow/.local/lib/python3.7/site-packages/airflow/example_dags/example_latest_only.py
[2023-06-01T09:12:27.835+0000] {logging_mixin.py:137} INFO - [2023-06-01T09:12:27.835+0000] {dag.py:2690} INFO - Sync 1 DAGs
[2023-06-01T09:12:27.857+0000] {logging_mixin.py:137} INFO - [2023-06-01T09:12:27.857+0000] {dag.py:3441} INFO - Setting next_dagrun for latest_only to 2023-06-01T05:12:27.857374+00:00, run_after=2023-06-01T09:12:27.857374+00:00
[2023-06-01T09:12:27.878+0000] {processor.py:175} INFO - Processing /home/airflow/.local/lib/python3.7/site-packages/airflow/example_dags/example_latest_only.py took 0.125 seconds
