[2023-06-01T08:47:24.693+0000] {processor.py:153} INFO - Started process (PID=79) to work on /home/airflow/.local/lib/python3.7/site-packages/airflow/example_dags/example_branch_python_dop_operator_3.py
[2023-06-01T08:47:24.694+0000] {processor.py:743} INFO - Processing file /home/airflow/.local/lib/python3.7/site-packages/airflow/example_dags/example_branch_python_dop_operator_3.py for tasks to queue
[2023-06-01T08:47:24.694+0000] {logging_mixin.py:137} INFO - [2023-06-01T08:47:24.694+0000] {dagbag.py:538} INFO - Filling up the DagBag from /home/airflow/.local/lib/python3.7/site-packages/airflow/example_dags/example_branch_python_dop_operator_3.py
[2023-06-01T08:47:24.721+0000] {processor.py:753} INFO - DAG(s) dict_keys(['example_branch_dop_operator_v3']) retrieved from /home/airflow/.local/lib/python3.7/site-packages/airflow/example_dags/example_branch_python_dop_operator_3.py
[2023-06-01T08:47:24.737+0000] {logging_mixin.py:137} INFO - [2023-06-01T08:47:24.737+0000] {dag.py:2690} INFO - Sync 1 DAGs
[2023-06-01T08:47:24.781+0000] {logging_mixin.py:137} INFO - [2023-06-01T08:47:24.780+0000] {dag.py:3441} INFO - Setting next_dagrun for example_branch_dop_operator_v3 to 2023-06-01T08:46:00+00:00, run_after=2023-06-01T08:47:00+00:00
[2023-06-01T08:47:24.809+0000] {processor.py:175} INFO - Processing /home/airflow/.local/lib/python3.7/site-packages/airflow/example_dags/example_branch_python_dop_operator_3.py took 0.119 seconds
[2023-06-01T08:47:55.648+0000] {processor.py:153} INFO - Started process (PID=181) to work on /home/airflow/.local/lib/python3.7/site-packages/airflow/example_dags/example_branch_python_dop_operator_3.py
[2023-06-01T08:47:55.649+0000] {processor.py:743} INFO - Processing file /home/airflow/.local/lib/python3.7/site-packages/airflow/example_dags/example_branch_python_dop_operator_3.py for tasks to queue
[2023-06-01T08:47:55.650+0000] {logging_mixin.py:137} INFO - [2023-06-01T08:47:55.650+0000] {dagbag.py:538} INFO - Filling up the DagBag from /home/airflow/.local/lib/python3.7/site-packages/airflow/example_dags/example_branch_python_dop_operator_3.py
[2023-06-01T08:47:55.675+0000] {processor.py:753} INFO - DAG(s) dict_keys(['example_branch_dop_operator_v3']) retrieved from /home/airflow/.local/lib/python3.7/site-packages/airflow/example_dags/example_branch_python_dop_operator_3.py
[2023-06-01T08:47:55.700+0000] {logging_mixin.py:137} INFO - [2023-06-01T08:47:55.699+0000] {dag.py:2690} INFO - Sync 1 DAGs
[2023-06-01T08:47:55.734+0000] {logging_mixin.py:137} INFO - [2023-06-01T08:47:55.734+0000] {dag.py:3441} INFO - Setting next_dagrun for example_branch_dop_operator_v3 to 2023-06-01T08:46:00+00:00, run_after=2023-06-01T08:47:00+00:00
[2023-06-01T08:47:55.752+0000] {processor.py:175} INFO - Processing /home/airflow/.local/lib/python3.7/site-packages/airflow/example_dags/example_branch_python_dop_operator_3.py took 0.108 seconds
[2023-06-01T08:48:26.689+0000] {processor.py:153} INFO - Started process (PID=268) to work on /home/airflow/.local/lib/python3.7/site-packages/airflow/example_dags/example_branch_python_dop_operator_3.py
[2023-06-01T08:48:26.691+0000] {processor.py:743} INFO - Processing file /home/airflow/.local/lib/python3.7/site-packages/airflow/example_dags/example_branch_python_dop_operator_3.py for tasks to queue
[2023-06-01T08:48:26.691+0000] {logging_mixin.py:137} INFO - [2023-06-01T08:48:26.691+0000] {dagbag.py:538} INFO - Filling up the DagBag from /home/airflow/.local/lib/python3.7/site-packages/airflow/example_dags/example_branch_python_dop_operator_3.py
[2023-06-01T08:48:26.714+0000] {processor.py:753} INFO - DAG(s) dict_keys(['example_branch_dop_operator_v3']) retrieved from /home/airflow/.local/lib/python3.7/site-packages/airflow/example_dags/example_branch_python_dop_operator_3.py
[2023-06-01T08:48:26.746+0000] {logging_mixin.py:137} INFO - [2023-06-01T08:48:26.746+0000] {dag.py:2690} INFO - Sync 1 DAGs
[2023-06-01T08:48:26.780+0000] {logging_mixin.py:137} INFO - [2023-06-01T08:48:26.780+0000] {dag.py:3441} INFO - Setting next_dagrun for example_branch_dop_operator_v3 to 2023-06-01T08:47:00+00:00, run_after=2023-06-01T08:48:00+00:00
[2023-06-01T08:48:26.801+0000] {processor.py:175} INFO - Processing /home/airflow/.local/lib/python3.7/site-packages/airflow/example_dags/example_branch_python_dop_operator_3.py took 0.115 seconds
[2023-06-01T08:48:57.506+0000] {processor.py:153} INFO - Started process (PID=379) to work on /home/airflow/.local/lib/python3.7/site-packages/airflow/example_dags/example_branch_python_dop_operator_3.py
[2023-06-01T08:48:57.507+0000] {processor.py:743} INFO - Processing file /home/airflow/.local/lib/python3.7/site-packages/airflow/example_dags/example_branch_python_dop_operator_3.py for tasks to queue
[2023-06-01T08:48:57.508+0000] {logging_mixin.py:137} INFO - [2023-06-01T08:48:57.508+0000] {dagbag.py:538} INFO - Filling up the DagBag from /home/airflow/.local/lib/python3.7/site-packages/airflow/example_dags/example_branch_python_dop_operator_3.py
[2023-06-01T08:48:57.531+0000] {processor.py:753} INFO - DAG(s) dict_keys(['example_branch_dop_operator_v3']) retrieved from /home/airflow/.local/lib/python3.7/site-packages/airflow/example_dags/example_branch_python_dop_operator_3.py
[2023-06-01T08:48:57.559+0000] {logging_mixin.py:137} INFO - [2023-06-01T08:48:57.558+0000] {dag.py:2690} INFO - Sync 1 DAGs
[2023-06-01T08:48:57.587+0000] {logging_mixin.py:137} INFO - [2023-06-01T08:48:57.587+0000] {dag.py:3441} INFO - Setting next_dagrun for example_branch_dop_operator_v3 to 2023-06-01T08:47:00+00:00, run_after=2023-06-01T08:48:00+00:00
[2023-06-01T08:48:57.606+0000] {processor.py:175} INFO - Processing /home/airflow/.local/lib/python3.7/site-packages/airflow/example_dags/example_branch_python_dop_operator_3.py took 0.103 seconds
[2023-06-01T08:49:28.552+0000] {processor.py:153} INFO - Started process (PID=466) to work on /home/airflow/.local/lib/python3.7/site-packages/airflow/example_dags/example_branch_python_dop_operator_3.py
[2023-06-01T08:49:28.554+0000] {processor.py:743} INFO - Processing file /home/airflow/.local/lib/python3.7/site-packages/airflow/example_dags/example_branch_python_dop_operator_3.py for tasks to queue
[2023-06-01T08:49:28.555+0000] {logging_mixin.py:137} INFO - [2023-06-01T08:49:28.555+0000] {dagbag.py:538} INFO - Filling up the DagBag from /home/airflow/.local/lib/python3.7/site-packages/airflow/example_dags/example_branch_python_dop_operator_3.py
[2023-06-01T08:49:28.580+0000] {processor.py:753} INFO - DAG(s) dict_keys(['example_branch_dop_operator_v3']) retrieved from /home/airflow/.local/lib/python3.7/site-packages/airflow/example_dags/example_branch_python_dop_operator_3.py
[2023-06-01T08:49:28.609+0000] {logging_mixin.py:137} INFO - [2023-06-01T08:49:28.609+0000] {dag.py:2690} INFO - Sync 1 DAGs
[2023-06-01T08:49:28.636+0000] {logging_mixin.py:137} INFO - [2023-06-01T08:49:28.636+0000] {dag.py:3441} INFO - Setting next_dagrun for example_branch_dop_operator_v3 to 2023-06-01T08:48:00+00:00, run_after=2023-06-01T08:49:00+00:00
[2023-06-01T08:49:28.665+0000] {processor.py:175} INFO - Processing /home/airflow/.local/lib/python3.7/site-packages/airflow/example_dags/example_branch_python_dop_operator_3.py took 0.115 seconds
[2023-06-01T08:49:59.159+0000] {processor.py:153} INFO - Started process (PID=553) to work on /home/airflow/.local/lib/python3.7/site-packages/airflow/example_dags/example_branch_python_dop_operator_3.py
[2023-06-01T08:49:59.160+0000] {processor.py:743} INFO - Processing file /home/airflow/.local/lib/python3.7/site-packages/airflow/example_dags/example_branch_python_dop_operator_3.py for tasks to queue
[2023-06-01T08:49:59.161+0000] {logging_mixin.py:137} INFO - [2023-06-01T08:49:59.160+0000] {dagbag.py:538} INFO - Filling up the DagBag from /home/airflow/.local/lib/python3.7/site-packages/airflow/example_dags/example_branch_python_dop_operator_3.py
[2023-06-01T08:49:59.183+0000] {processor.py:753} INFO - DAG(s) dict_keys(['example_branch_dop_operator_v3']) retrieved from /home/airflow/.local/lib/python3.7/site-packages/airflow/example_dags/example_branch_python_dop_operator_3.py
[2023-06-01T08:49:59.210+0000] {logging_mixin.py:137} INFO - [2023-06-01T08:49:59.210+0000] {dag.py:2690} INFO - Sync 1 DAGs
[2023-06-01T08:49:59.239+0000] {logging_mixin.py:137} INFO - [2023-06-01T08:49:59.239+0000] {dag.py:3441} INFO - Setting next_dagrun for example_branch_dop_operator_v3 to 2023-06-01T08:48:00+00:00, run_after=2023-06-01T08:49:00+00:00
[2023-06-01T08:49:59.255+0000] {processor.py:175} INFO - Processing /home/airflow/.local/lib/python3.7/site-packages/airflow/example_dags/example_branch_python_dop_operator_3.py took 0.100 seconds
[2023-06-01T08:50:29.649+0000] {processor.py:153} INFO - Started process (PID=664) to work on /home/airflow/.local/lib/python3.7/site-packages/airflow/example_dags/example_branch_python_dop_operator_3.py
[2023-06-01T08:50:29.651+0000] {processor.py:743} INFO - Processing file /home/airflow/.local/lib/python3.7/site-packages/airflow/example_dags/example_branch_python_dop_operator_3.py for tasks to queue
[2023-06-01T08:50:29.652+0000] {logging_mixin.py:137} INFO - [2023-06-01T08:50:29.652+0000] {dagbag.py:538} INFO - Filling up the DagBag from /home/airflow/.local/lib/python3.7/site-packages/airflow/example_dags/example_branch_python_dop_operator_3.py
[2023-06-01T08:50:29.677+0000] {processor.py:753} INFO - DAG(s) dict_keys(['example_branch_dop_operator_v3']) retrieved from /home/airflow/.local/lib/python3.7/site-packages/airflow/example_dags/example_branch_python_dop_operator_3.py
[2023-06-01T08:50:29.702+0000] {logging_mixin.py:137} INFO - [2023-06-01T08:50:29.702+0000] {dag.py:2690} INFO - Sync 1 DAGs
[2023-06-01T08:50:29.736+0000] {logging_mixin.py:137} INFO - [2023-06-01T08:50:29.736+0000] {dag.py:3441} INFO - Setting next_dagrun for example_branch_dop_operator_v3 to 2023-06-01T08:49:00+00:00, run_after=2023-06-01T08:50:00+00:00
[2023-06-01T08:50:29.758+0000] {processor.py:175} INFO - Processing /home/airflow/.local/lib/python3.7/site-packages/airflow/example_dags/example_branch_python_dop_operator_3.py took 0.113 seconds
[2023-06-01T08:51:00.227+0000] {processor.py:153} INFO - Started process (PID=751) to work on /home/airflow/.local/lib/python3.7/site-packages/airflow/example_dags/example_branch_python_dop_operator_3.py
[2023-06-01T08:51:00.227+0000] {processor.py:743} INFO - Processing file /home/airflow/.local/lib/python3.7/site-packages/airflow/example_dags/example_branch_python_dop_operator_3.py for tasks to queue
[2023-06-01T08:51:00.228+0000] {logging_mixin.py:137} INFO - [2023-06-01T08:51:00.228+0000] {dagbag.py:538} INFO - Filling up the DagBag from /home/airflow/.local/lib/python3.7/site-packages/airflow/example_dags/example_branch_python_dop_operator_3.py
[2023-06-01T08:51:00.252+0000] {processor.py:753} INFO - DAG(s) dict_keys(['example_branch_dop_operator_v3']) retrieved from /home/airflow/.local/lib/python3.7/site-packages/airflow/example_dags/example_branch_python_dop_operator_3.py
[2023-06-01T08:51:00.281+0000] {logging_mixin.py:137} INFO - [2023-06-01T08:51:00.281+0000] {dag.py:2690} INFO - Sync 1 DAGs
[2023-06-01T08:51:00.310+0000] {logging_mixin.py:137} INFO - [2023-06-01T08:51:00.310+0000] {dag.py:3441} INFO - Setting next_dagrun for example_branch_dop_operator_v3 to 2023-06-01T08:50:00+00:00, run_after=2023-06-01T08:51:00+00:00
[2023-06-01T08:51:00.328+0000] {processor.py:175} INFO - Processing /home/airflow/.local/lib/python3.7/site-packages/airflow/example_dags/example_branch_python_dop_operator_3.py took 0.105 seconds
[2023-06-01T08:51:30.516+0000] {processor.py:153} INFO - Started process (PID=838) to work on /home/airflow/.local/lib/python3.7/site-packages/airflow/example_dags/example_branch_python_dop_operator_3.py
[2023-06-01T08:51:30.517+0000] {processor.py:743} INFO - Processing file /home/airflow/.local/lib/python3.7/site-packages/airflow/example_dags/example_branch_python_dop_operator_3.py for tasks to queue
[2023-06-01T08:51:30.518+0000] {logging_mixin.py:137} INFO - [2023-06-01T08:51:30.518+0000] {dagbag.py:538} INFO - Filling up the DagBag from /home/airflow/.local/lib/python3.7/site-packages/airflow/example_dags/example_branch_python_dop_operator_3.py
[2023-06-01T08:51:30.543+0000] {processor.py:753} INFO - DAG(s) dict_keys(['example_branch_dop_operator_v3']) retrieved from /home/airflow/.local/lib/python3.7/site-packages/airflow/example_dags/example_branch_python_dop_operator_3.py
[2023-06-01T08:51:30.575+0000] {logging_mixin.py:137} INFO - [2023-06-01T08:51:30.574+0000] {dag.py:2690} INFO - Sync 1 DAGs
[2023-06-01T08:51:30.608+0000] {logging_mixin.py:137} INFO - [2023-06-01T08:51:30.608+0000] {dag.py:3441} INFO - Setting next_dagrun for example_branch_dop_operator_v3 to 2023-06-01T08:50:00+00:00, run_after=2023-06-01T08:51:00+00:00
[2023-06-01T08:51:30.632+0000] {processor.py:175} INFO - Processing /home/airflow/.local/lib/python3.7/site-packages/airflow/example_dags/example_branch_python_dop_operator_3.py took 0.120 seconds
[2023-06-01T08:52:01.127+0000] {processor.py:153} INFO - Started process (PID=949) to work on /home/airflow/.local/lib/python3.7/site-packages/airflow/example_dags/example_branch_python_dop_operator_3.py
[2023-06-01T08:52:01.129+0000] {processor.py:743} INFO - Processing file /home/airflow/.local/lib/python3.7/site-packages/airflow/example_dags/example_branch_python_dop_operator_3.py for tasks to queue
[2023-06-01T08:52:01.130+0000] {logging_mixin.py:137} INFO - [2023-06-01T08:52:01.130+0000] {dagbag.py:538} INFO - Filling up the DagBag from /home/airflow/.local/lib/python3.7/site-packages/airflow/example_dags/example_branch_python_dop_operator_3.py
[2023-06-01T08:52:01.159+0000] {processor.py:753} INFO - DAG(s) dict_keys(['example_branch_dop_operator_v3']) retrieved from /home/airflow/.local/lib/python3.7/site-packages/airflow/example_dags/example_branch_python_dop_operator_3.py
[2023-06-01T08:52:01.193+0000] {logging_mixin.py:137} INFO - [2023-06-01T08:52:01.193+0000] {dag.py:2690} INFO - Sync 1 DAGs
[2023-06-01T08:52:01.235+0000] {logging_mixin.py:137} INFO - [2023-06-01T08:52:01.235+0000] {dag.py:3441} INFO - Setting next_dagrun for example_branch_dop_operator_v3 to 2023-06-01T08:51:00+00:00, run_after=2023-06-01T08:52:00+00:00
[2023-06-01T08:52:01.264+0000] {processor.py:175} INFO - Processing /home/airflow/.local/lib/python3.7/site-packages/airflow/example_dags/example_branch_python_dop_operator_3.py took 0.141 seconds
[2023-06-01T08:52:31.713+0000] {processor.py:153} INFO - Started process (PID=1036) to work on /home/airflow/.local/lib/python3.7/site-packages/airflow/example_dags/example_branch_python_dop_operator_3.py
[2023-06-01T08:52:31.715+0000] {processor.py:743} INFO - Processing file /home/airflow/.local/lib/python3.7/site-packages/airflow/example_dags/example_branch_python_dop_operator_3.py for tasks to queue
[2023-06-01T08:52:31.716+0000] {logging_mixin.py:137} INFO - [2023-06-01T08:52:31.716+0000] {dagbag.py:538} INFO - Filling up the DagBag from /home/airflow/.local/lib/python3.7/site-packages/airflow/example_dags/example_branch_python_dop_operator_3.py
[2023-06-01T08:52:31.741+0000] {processor.py:753} INFO - DAG(s) dict_keys(['example_branch_dop_operator_v3']) retrieved from /home/airflow/.local/lib/python3.7/site-packages/airflow/example_dags/example_branch_python_dop_operator_3.py
[2023-06-01T08:52:31.772+0000] {logging_mixin.py:137} INFO - [2023-06-01T08:52:31.772+0000] {dag.py:2690} INFO - Sync 1 DAGs
[2023-06-01T08:52:31.802+0000] {logging_mixin.py:137} INFO - [2023-06-01T08:52:31.802+0000] {dag.py:3441} INFO - Setting next_dagrun for example_branch_dop_operator_v3 to 2023-06-01T08:51:00+00:00, run_after=2023-06-01T08:52:00+00:00
[2023-06-01T08:52:31.828+0000] {processor.py:175} INFO - Processing /home/airflow/.local/lib/python3.7/site-packages/airflow/example_dags/example_branch_python_dop_operator_3.py took 0.119 seconds
[2023-06-01T08:53:01.962+0000] {processor.py:153} INFO - Started process (PID=1123) to work on /home/airflow/.local/lib/python3.7/site-packages/airflow/example_dags/example_branch_python_dop_operator_3.py
[2023-06-01T08:53:01.964+0000] {processor.py:743} INFO - Processing file /home/airflow/.local/lib/python3.7/site-packages/airflow/example_dags/example_branch_python_dop_operator_3.py for tasks to queue
[2023-06-01T08:53:01.965+0000] {logging_mixin.py:137} INFO - [2023-06-01T08:53:01.965+0000] {dagbag.py:538} INFO - Filling up the DagBag from /home/airflow/.local/lib/python3.7/site-packages/airflow/example_dags/example_branch_python_dop_operator_3.py
[2023-06-01T08:53:01.991+0000] {processor.py:753} INFO - DAG(s) dict_keys(['example_branch_dop_operator_v3']) retrieved from /home/airflow/.local/lib/python3.7/site-packages/airflow/example_dags/example_branch_python_dop_operator_3.py
[2023-06-01T08:53:02.026+0000] {logging_mixin.py:137} INFO - [2023-06-01T08:53:02.026+0000] {dag.py:2690} INFO - Sync 1 DAGs
[2023-06-01T08:53:02.060+0000] {logging_mixin.py:137} INFO - [2023-06-01T08:53:02.059+0000] {dag.py:3441} INFO - Setting next_dagrun for example_branch_dop_operator_v3 to 2023-06-01T08:52:00+00:00, run_after=2023-06-01T08:53:00+00:00
[2023-06-01T08:53:02.084+0000] {processor.py:175} INFO - Processing /home/airflow/.local/lib/python3.7/site-packages/airflow/example_dags/example_branch_python_dop_operator_3.py took 0.127 seconds
[2023-06-01T08:53:33.089+0000] {processor.py:153} INFO - Started process (PID=1234) to work on /home/airflow/.local/lib/python3.7/site-packages/airflow/example_dags/example_branch_python_dop_operator_3.py
[2023-06-01T08:53:33.092+0000] {processor.py:743} INFO - Processing file /home/airflow/.local/lib/python3.7/site-packages/airflow/example_dags/example_branch_python_dop_operator_3.py for tasks to queue
[2023-06-01T08:53:33.092+0000] {logging_mixin.py:137} INFO - [2023-06-01T08:53:33.092+0000] {dagbag.py:538} INFO - Filling up the DagBag from /home/airflow/.local/lib/python3.7/site-packages/airflow/example_dags/example_branch_python_dop_operator_3.py
[2023-06-01T08:53:33.118+0000] {processor.py:753} INFO - DAG(s) dict_keys(['example_branch_dop_operator_v3']) retrieved from /home/airflow/.local/lib/python3.7/site-packages/airflow/example_dags/example_branch_python_dop_operator_3.py
[2023-06-01T08:53:33.151+0000] {logging_mixin.py:137} INFO - [2023-06-01T08:53:33.151+0000] {dag.py:2690} INFO - Sync 1 DAGs
[2023-06-01T08:53:33.185+0000] {logging_mixin.py:137} INFO - [2023-06-01T08:53:33.184+0000] {dag.py:3441} INFO - Setting next_dagrun for example_branch_dop_operator_v3 to 2023-06-01T08:52:00+00:00, run_after=2023-06-01T08:53:00+00:00
[2023-06-01T08:53:33.209+0000] {processor.py:175} INFO - Processing /home/airflow/.local/lib/python3.7/site-packages/airflow/example_dags/example_branch_python_dop_operator_3.py took 0.123 seconds
[2023-06-01T08:54:03.251+0000] {processor.py:153} INFO - Started process (PID=1321) to work on /home/airflow/.local/lib/python3.7/site-packages/airflow/example_dags/example_branch_python_dop_operator_3.py
[2023-06-01T08:54:03.251+0000] {processor.py:743} INFO - Processing file /home/airflow/.local/lib/python3.7/site-packages/airflow/example_dags/example_branch_python_dop_operator_3.py for tasks to queue
[2023-06-01T08:54:03.252+0000] {logging_mixin.py:137} INFO - [2023-06-01T08:54:03.252+0000] {dagbag.py:538} INFO - Filling up the DagBag from /home/airflow/.local/lib/python3.7/site-packages/airflow/example_dags/example_branch_python_dop_operator_3.py
[2023-06-01T08:54:03.279+0000] {processor.py:753} INFO - DAG(s) dict_keys(['example_branch_dop_operator_v3']) retrieved from /home/airflow/.local/lib/python3.7/site-packages/airflow/example_dags/example_branch_python_dop_operator_3.py
[2023-06-01T08:54:03.312+0000] {logging_mixin.py:137} INFO - [2023-06-01T08:54:03.312+0000] {dag.py:2690} INFO - Sync 1 DAGs
[2023-06-01T08:54:03.344+0000] {logging_mixin.py:137} INFO - [2023-06-01T08:54:03.344+0000] {dag.py:3441} INFO - Setting next_dagrun for example_branch_dop_operator_v3 to 2023-06-01T08:53:00+00:00, run_after=2023-06-01T08:54:00+00:00
[2023-06-01T08:54:03.364+0000] {processor.py:175} INFO - Processing /home/airflow/.local/lib/python3.7/site-packages/airflow/example_dags/example_branch_python_dop_operator_3.py took 0.117 seconds
[2023-06-01T08:54:33.595+0000] {processor.py:153} INFO - Started process (PID=1408) to work on /home/airflow/.local/lib/python3.7/site-packages/airflow/example_dags/example_branch_python_dop_operator_3.py
[2023-06-01T08:54:33.597+0000] {processor.py:743} INFO - Processing file /home/airflow/.local/lib/python3.7/site-packages/airflow/example_dags/example_branch_python_dop_operator_3.py for tasks to queue
[2023-06-01T08:54:33.598+0000] {logging_mixin.py:137} INFO - [2023-06-01T08:54:33.598+0000] {dagbag.py:538} INFO - Filling up the DagBag from /home/airflow/.local/lib/python3.7/site-packages/airflow/example_dags/example_branch_python_dop_operator_3.py
[2023-06-01T08:54:33.624+0000] {processor.py:753} INFO - DAG(s) dict_keys(['example_branch_dop_operator_v3']) retrieved from /home/airflow/.local/lib/python3.7/site-packages/airflow/example_dags/example_branch_python_dop_operator_3.py
[2023-06-01T08:54:33.656+0000] {logging_mixin.py:137} INFO - [2023-06-01T08:54:33.656+0000] {dag.py:2690} INFO - Sync 1 DAGs
[2023-06-01T08:54:33.690+0000] {logging_mixin.py:137} INFO - [2023-06-01T08:54:33.690+0000] {dag.py:3441} INFO - Setting next_dagrun for example_branch_dop_operator_v3 to 2023-06-01T08:53:00+00:00, run_after=2023-06-01T08:54:00+00:00
[2023-06-01T08:54:33.715+0000] {processor.py:175} INFO - Processing /home/airflow/.local/lib/python3.7/site-packages/airflow/example_dags/example_branch_python_dop_operator_3.py took 0.123 seconds
[2023-06-01T08:55:03.956+0000] {processor.py:153} INFO - Started process (PID=1504) to work on /home/airflow/.local/lib/python3.7/site-packages/airflow/example_dags/example_branch_python_dop_operator_3.py
[2023-06-01T08:55:03.957+0000] {processor.py:743} INFO - Processing file /home/airflow/.local/lib/python3.7/site-packages/airflow/example_dags/example_branch_python_dop_operator_3.py for tasks to queue
[2023-06-01T08:55:03.958+0000] {logging_mixin.py:137} INFO - [2023-06-01T08:55:03.957+0000] {dagbag.py:538} INFO - Filling up the DagBag from /home/airflow/.local/lib/python3.7/site-packages/airflow/example_dags/example_branch_python_dop_operator_3.py
[2023-06-01T08:55:03.985+0000] {processor.py:753} INFO - DAG(s) dict_keys(['example_branch_dop_operator_v3']) retrieved from /home/airflow/.local/lib/python3.7/site-packages/airflow/example_dags/example_branch_python_dop_operator_3.py
[2023-06-01T08:55:04.016+0000] {logging_mixin.py:137} INFO - [2023-06-01T08:55:04.016+0000] {dag.py:2690} INFO - Sync 1 DAGs
[2023-06-01T08:55:04.050+0000] {logging_mixin.py:137} INFO - [2023-06-01T08:55:04.050+0000] {dag.py:3441} INFO - Setting next_dagrun for example_branch_dop_operator_v3 to 2023-06-01T08:54:00+00:00, run_after=2023-06-01T08:55:00+00:00
[2023-06-01T08:55:04.070+0000] {processor.py:175} INFO - Processing /home/airflow/.local/lib/python3.7/site-packages/airflow/example_dags/example_branch_python_dop_operator_3.py took 0.118 seconds
[2023-06-01T08:55:35.086+0000] {processor.py:153} INFO - Started process (PID=1606) to work on /home/airflow/.local/lib/python3.7/site-packages/airflow/example_dags/example_branch_python_dop_operator_3.py
[2023-06-01T08:55:35.087+0000] {processor.py:743} INFO - Processing file /home/airflow/.local/lib/python3.7/site-packages/airflow/example_dags/example_branch_python_dop_operator_3.py for tasks to queue
[2023-06-01T08:55:35.088+0000] {logging_mixin.py:137} INFO - [2023-06-01T08:55:35.088+0000] {dagbag.py:538} INFO - Filling up the DagBag from /home/airflow/.local/lib/python3.7/site-packages/airflow/example_dags/example_branch_python_dop_operator_3.py
[2023-06-01T08:55:35.117+0000] {processor.py:753} INFO - DAG(s) dict_keys(['example_branch_dop_operator_v3']) retrieved from /home/airflow/.local/lib/python3.7/site-packages/airflow/example_dags/example_branch_python_dop_operator_3.py
[2023-06-01T08:55:35.147+0000] {logging_mixin.py:137} INFO - [2023-06-01T08:55:35.147+0000] {dag.py:2690} INFO - Sync 1 DAGs
[2023-06-01T08:55:35.182+0000] {logging_mixin.py:137} INFO - [2023-06-01T08:55:35.182+0000] {dag.py:3441} INFO - Setting next_dagrun for example_branch_dop_operator_v3 to 2023-06-01T08:54:00+00:00, run_after=2023-06-01T08:55:00+00:00
[2023-06-01T08:55:35.208+0000] {processor.py:175} INFO - Processing /home/airflow/.local/lib/python3.7/site-packages/airflow/example_dags/example_branch_python_dop_operator_3.py took 0.125 seconds
[2023-06-01T08:56:06.316+0000] {processor.py:153} INFO - Started process (PID=1693) to work on /home/airflow/.local/lib/python3.7/site-packages/airflow/example_dags/example_branch_python_dop_operator_3.py
[2023-06-01T08:56:06.317+0000] {processor.py:743} INFO - Processing file /home/airflow/.local/lib/python3.7/site-packages/airflow/example_dags/example_branch_python_dop_operator_3.py for tasks to queue
[2023-06-01T08:56:06.318+0000] {logging_mixin.py:137} INFO - [2023-06-01T08:56:06.317+0000] {dagbag.py:538} INFO - Filling up the DagBag from /home/airflow/.local/lib/python3.7/site-packages/airflow/example_dags/example_branch_python_dop_operator_3.py
[2023-06-01T08:56:06.347+0000] {processor.py:753} INFO - DAG(s) dict_keys(['example_branch_dop_operator_v3']) retrieved from /home/airflow/.local/lib/python3.7/site-packages/airflow/example_dags/example_branch_python_dop_operator_3.py
[2023-06-01T08:56:06.380+0000] {logging_mixin.py:137} INFO - [2023-06-01T08:56:06.379+0000] {dag.py:2690} INFO - Sync 1 DAGs
[2023-06-01T08:56:06.417+0000] {logging_mixin.py:137} INFO - [2023-06-01T08:56:06.417+0000] {dag.py:3441} INFO - Setting next_dagrun for example_branch_dop_operator_v3 to 2023-06-01T08:55:00+00:00, run_after=2023-06-01T08:56:00+00:00
[2023-06-01T08:56:06.445+0000] {processor.py:175} INFO - Processing /home/airflow/.local/lib/python3.7/site-packages/airflow/example_dags/example_branch_python_dop_operator_3.py took 0.133 seconds
[2023-06-01T08:56:36.741+0000] {processor.py:153} INFO - Started process (PID=1789) to work on /home/airflow/.local/lib/python3.7/site-packages/airflow/example_dags/example_branch_python_dop_operator_3.py
[2023-06-01T08:56:36.743+0000] {processor.py:743} INFO - Processing file /home/airflow/.local/lib/python3.7/site-packages/airflow/example_dags/example_branch_python_dop_operator_3.py for tasks to queue
[2023-06-01T08:56:36.743+0000] {logging_mixin.py:137} INFO - [2023-06-01T08:56:36.743+0000] {dagbag.py:538} INFO - Filling up the DagBag from /home/airflow/.local/lib/python3.7/site-packages/airflow/example_dags/example_branch_python_dop_operator_3.py
[2023-06-01T08:56:36.766+0000] {processor.py:753} INFO - DAG(s) dict_keys(['example_branch_dop_operator_v3']) retrieved from /home/airflow/.local/lib/python3.7/site-packages/airflow/example_dags/example_branch_python_dop_operator_3.py
[2023-06-01T08:56:36.802+0000] {logging_mixin.py:137} INFO - [2023-06-01T08:56:36.801+0000] {dag.py:2690} INFO - Sync 1 DAGs
[2023-06-01T08:56:36.836+0000] {logging_mixin.py:137} INFO - [2023-06-01T08:56:36.836+0000] {dag.py:3441} INFO - Setting next_dagrun for example_branch_dop_operator_v3 to 2023-06-01T08:55:00+00:00, run_after=2023-06-01T08:56:00+00:00
[2023-06-01T08:56:36.866+0000] {processor.py:175} INFO - Processing /home/airflow/.local/lib/python3.7/site-packages/airflow/example_dags/example_branch_python_dop_operator_3.py took 0.129 seconds
[2023-06-01T08:57:07.567+0000] {processor.py:153} INFO - Started process (PID=1891) to work on /home/airflow/.local/lib/python3.7/site-packages/airflow/example_dags/example_branch_python_dop_operator_3.py
[2023-06-01T08:57:07.568+0000] {processor.py:743} INFO - Processing file /home/airflow/.local/lib/python3.7/site-packages/airflow/example_dags/example_branch_python_dop_operator_3.py for tasks to queue
[2023-06-01T08:57:07.569+0000] {logging_mixin.py:137} INFO - [2023-06-01T08:57:07.569+0000] {dagbag.py:538} INFO - Filling up the DagBag from /home/airflow/.local/lib/python3.7/site-packages/airflow/example_dags/example_branch_python_dop_operator_3.py
[2023-06-01T08:57:07.594+0000] {processor.py:753} INFO - DAG(s) dict_keys(['example_branch_dop_operator_v3']) retrieved from /home/airflow/.local/lib/python3.7/site-packages/airflow/example_dags/example_branch_python_dop_operator_3.py
[2023-06-01T08:57:07.622+0000] {logging_mixin.py:137} INFO - [2023-06-01T08:57:07.621+0000] {dag.py:2690} INFO - Sync 1 DAGs
[2023-06-01T08:57:07.651+0000] {logging_mixin.py:137} INFO - [2023-06-01T08:57:07.651+0000] {dag.py:3441} INFO - Setting next_dagrun for example_branch_dop_operator_v3 to 2023-06-01T08:56:00+00:00, run_after=2023-06-01T08:57:00+00:00
[2023-06-01T08:57:07.671+0000] {processor.py:175} INFO - Processing /home/airflow/.local/lib/python3.7/site-packages/airflow/example_dags/example_branch_python_dop_operator_3.py took 0.108 seconds
[2023-06-01T08:57:38.064+0000] {processor.py:153} INFO - Started process (PID=1978) to work on /home/airflow/.local/lib/python3.7/site-packages/airflow/example_dags/example_branch_python_dop_operator_3.py
[2023-06-01T08:57:38.066+0000] {processor.py:743} INFO - Processing file /home/airflow/.local/lib/python3.7/site-packages/airflow/example_dags/example_branch_python_dop_operator_3.py for tasks to queue
[2023-06-01T08:57:38.066+0000] {logging_mixin.py:137} INFO - [2023-06-01T08:57:38.066+0000] {dagbag.py:538} INFO - Filling up the DagBag from /home/airflow/.local/lib/python3.7/site-packages/airflow/example_dags/example_branch_python_dop_operator_3.py
[2023-06-01T08:57:38.090+0000] {processor.py:753} INFO - DAG(s) dict_keys(['example_branch_dop_operator_v3']) retrieved from /home/airflow/.local/lib/python3.7/site-packages/airflow/example_dags/example_branch_python_dop_operator_3.py
[2023-06-01T08:57:38.120+0000] {logging_mixin.py:137} INFO - [2023-06-01T08:57:38.120+0000] {dag.py:2690} INFO - Sync 1 DAGs
[2023-06-01T08:57:38.149+0000] {logging_mixin.py:137} INFO - [2023-06-01T08:57:38.149+0000] {dag.py:3441} INFO - Setting next_dagrun for example_branch_dop_operator_v3 to 2023-06-01T08:56:00+00:00, run_after=2023-06-01T08:57:00+00:00
[2023-06-01T08:57:38.170+0000] {processor.py:175} INFO - Processing /home/airflow/.local/lib/python3.7/site-packages/airflow/example_dags/example_branch_python_dop_operator_3.py took 0.111 seconds
[2023-06-01T08:58:09.294+0000] {processor.py:153} INFO - Started process (PID=2065) to work on /home/airflow/.local/lib/python3.7/site-packages/airflow/example_dags/example_branch_python_dop_operator_3.py
[2023-06-01T08:58:09.295+0000] {processor.py:743} INFO - Processing file /home/airflow/.local/lib/python3.7/site-packages/airflow/example_dags/example_branch_python_dop_operator_3.py for tasks to queue
[2023-06-01T08:58:09.296+0000] {logging_mixin.py:137} INFO - [2023-06-01T08:58:09.295+0000] {dagbag.py:538} INFO - Filling up the DagBag from /home/airflow/.local/lib/python3.7/site-packages/airflow/example_dags/example_branch_python_dop_operator_3.py
[2023-06-01T08:58:09.320+0000] {processor.py:753} INFO - DAG(s) dict_keys(['example_branch_dop_operator_v3']) retrieved from /home/airflow/.local/lib/python3.7/site-packages/airflow/example_dags/example_branch_python_dop_operator_3.py
[2023-06-01T08:58:09.352+0000] {logging_mixin.py:137} INFO - [2023-06-01T08:58:09.352+0000] {dag.py:2690} INFO - Sync 1 DAGs
[2023-06-01T08:58:09.385+0000] {logging_mixin.py:137} INFO - [2023-06-01T08:58:09.384+0000] {dag.py:3441} INFO - Setting next_dagrun for example_branch_dop_operator_v3 to 2023-06-01T08:57:00+00:00, run_after=2023-06-01T08:58:00+00:00
[2023-06-01T08:58:09.409+0000] {processor.py:175} INFO - Processing /home/airflow/.local/lib/python3.7/site-packages/airflow/example_dags/example_branch_python_dop_operator_3.py took 0.118 seconds
[2023-06-01T08:58:39.651+0000] {processor.py:153} INFO - Started process (PID=2176) to work on /home/airflow/.local/lib/python3.7/site-packages/airflow/example_dags/example_branch_python_dop_operator_3.py
[2023-06-01T08:58:39.652+0000] {processor.py:743} INFO - Processing file /home/airflow/.local/lib/python3.7/site-packages/airflow/example_dags/example_branch_python_dop_operator_3.py for tasks to queue
[2023-06-01T08:58:39.652+0000] {logging_mixin.py:137} INFO - [2023-06-01T08:58:39.652+0000] {dagbag.py:538} INFO - Filling up the DagBag from /home/airflow/.local/lib/python3.7/site-packages/airflow/example_dags/example_branch_python_dop_operator_3.py
[2023-06-01T08:58:39.675+0000] {processor.py:753} INFO - DAG(s) dict_keys(['example_branch_dop_operator_v3']) retrieved from /home/airflow/.local/lib/python3.7/site-packages/airflow/example_dags/example_branch_python_dop_operator_3.py
[2023-06-01T08:58:39.702+0000] {logging_mixin.py:137} INFO - [2023-06-01T08:58:39.702+0000] {dag.py:2690} INFO - Sync 1 DAGs
[2023-06-01T08:58:39.729+0000] {logging_mixin.py:137} INFO - [2023-06-01T08:58:39.728+0000] {dag.py:3441} INFO - Setting next_dagrun for example_branch_dop_operator_v3 to 2023-06-01T08:57:00+00:00, run_after=2023-06-01T08:58:00+00:00
[2023-06-01T08:58:39.746+0000] {processor.py:175} INFO - Processing /home/airflow/.local/lib/python3.7/site-packages/airflow/example_dags/example_branch_python_dop_operator_3.py took 0.099 seconds
[2023-06-01T08:59:10.454+0000] {processor.py:153} INFO - Started process (PID=2263) to work on /home/airflow/.local/lib/python3.7/site-packages/airflow/example_dags/example_branch_python_dop_operator_3.py
[2023-06-01T08:59:10.455+0000] {processor.py:743} INFO - Processing file /home/airflow/.local/lib/python3.7/site-packages/airflow/example_dags/example_branch_python_dop_operator_3.py for tasks to queue
[2023-06-01T08:59:10.456+0000] {logging_mixin.py:137} INFO - [2023-06-01T08:59:10.456+0000] {dagbag.py:538} INFO - Filling up the DagBag from /home/airflow/.local/lib/python3.7/site-packages/airflow/example_dags/example_branch_python_dop_operator_3.py
[2023-06-01T08:59:10.481+0000] {processor.py:753} INFO - DAG(s) dict_keys(['example_branch_dop_operator_v3']) retrieved from /home/airflow/.local/lib/python3.7/site-packages/airflow/example_dags/example_branch_python_dop_operator_3.py
[2023-06-01T08:59:10.511+0000] {logging_mixin.py:137} INFO - [2023-06-01T08:59:10.510+0000] {dag.py:2690} INFO - Sync 1 DAGs
[2023-06-01T08:59:10.546+0000] {logging_mixin.py:137} INFO - [2023-06-01T08:59:10.546+0000] {dag.py:3441} INFO - Setting next_dagrun for example_branch_dop_operator_v3 to 2023-06-01T08:58:00+00:00, run_after=2023-06-01T08:59:00+00:00
[2023-06-01T08:59:10.582+0000] {processor.py:175} INFO - Processing /home/airflow/.local/lib/python3.7/site-packages/airflow/example_dags/example_branch_python_dop_operator_3.py took 0.131 seconds
[2023-06-01T08:59:40.872+0000] {processor.py:153} INFO - Started process (PID=2350) to work on /home/airflow/.local/lib/python3.7/site-packages/airflow/example_dags/example_branch_python_dop_operator_3.py
[2023-06-01T08:59:40.872+0000] {processor.py:743} INFO - Processing file /home/airflow/.local/lib/python3.7/site-packages/airflow/example_dags/example_branch_python_dop_operator_3.py for tasks to queue
[2023-06-01T08:59:40.873+0000] {logging_mixin.py:137} INFO - [2023-06-01T08:59:40.873+0000] {dagbag.py:538} INFO - Filling up the DagBag from /home/airflow/.local/lib/python3.7/site-packages/airflow/example_dags/example_branch_python_dop_operator_3.py
[2023-06-01T08:59:40.897+0000] {processor.py:753} INFO - DAG(s) dict_keys(['example_branch_dop_operator_v3']) retrieved from /home/airflow/.local/lib/python3.7/site-packages/airflow/example_dags/example_branch_python_dop_operator_3.py
[2023-06-01T08:59:40.922+0000] {logging_mixin.py:137} INFO - [2023-06-01T08:59:40.922+0000] {dag.py:2690} INFO - Sync 1 DAGs
[2023-06-01T08:59:40.949+0000] {logging_mixin.py:137} INFO - [2023-06-01T08:59:40.949+0000] {dag.py:3441} INFO - Setting next_dagrun for example_branch_dop_operator_v3 to 2023-06-01T08:58:00+00:00, run_after=2023-06-01T08:59:00+00:00
[2023-06-01T08:59:40.969+0000] {processor.py:175} INFO - Processing /home/airflow/.local/lib/python3.7/site-packages/airflow/example_dags/example_branch_python_dop_operator_3.py took 0.101 seconds
[2023-06-01T09:00:11.707+0000] {processor.py:153} INFO - Started process (PID=2446) to work on /home/airflow/.local/lib/python3.7/site-packages/airflow/example_dags/example_branch_python_dop_operator_3.py
[2023-06-01T09:00:11.709+0000] {processor.py:743} INFO - Processing file /home/airflow/.local/lib/python3.7/site-packages/airflow/example_dags/example_branch_python_dop_operator_3.py for tasks to queue
[2023-06-01T09:00:11.710+0000] {logging_mixin.py:137} INFO - [2023-06-01T09:00:11.710+0000] {dagbag.py:538} INFO - Filling up the DagBag from /home/airflow/.local/lib/python3.7/site-packages/airflow/example_dags/example_branch_python_dop_operator_3.py
[2023-06-01T09:00:11.734+0000] {processor.py:753} INFO - DAG(s) dict_keys(['example_branch_dop_operator_v3']) retrieved from /home/airflow/.local/lib/python3.7/site-packages/airflow/example_dags/example_branch_python_dop_operator_3.py
[2023-06-01T09:00:11.771+0000] {logging_mixin.py:137} INFO - [2023-06-01T09:00:11.771+0000] {dag.py:2690} INFO - Sync 1 DAGs
[2023-06-01T09:00:11.811+0000] {logging_mixin.py:137} INFO - [2023-06-01T09:00:11.811+0000] {dag.py:3441} INFO - Setting next_dagrun for example_branch_dop_operator_v3 to 2023-06-01T08:59:00+00:00, run_after=2023-06-01T09:00:00+00:00
[2023-06-01T09:00:11.843+0000] {processor.py:175} INFO - Processing /home/airflow/.local/lib/python3.7/site-packages/airflow/example_dags/example_branch_python_dop_operator_3.py took 0.140 seconds
[2023-06-01T09:00:42.900+0000] {processor.py:153} INFO - Started process (PID=2548) to work on /home/airflow/.local/lib/python3.7/site-packages/airflow/example_dags/example_branch_python_dop_operator_3.py
[2023-06-01T09:00:42.901+0000] {processor.py:743} INFO - Processing file /home/airflow/.local/lib/python3.7/site-packages/airflow/example_dags/example_branch_python_dop_operator_3.py for tasks to queue
[2023-06-01T09:00:42.902+0000] {logging_mixin.py:137} INFO - [2023-06-01T09:00:42.902+0000] {dagbag.py:538} INFO - Filling up the DagBag from /home/airflow/.local/lib/python3.7/site-packages/airflow/example_dags/example_branch_python_dop_operator_3.py
[2023-06-01T09:00:42.930+0000] {processor.py:753} INFO - DAG(s) dict_keys(['example_branch_dop_operator_v3']) retrieved from /home/airflow/.local/lib/python3.7/site-packages/airflow/example_dags/example_branch_python_dop_operator_3.py
[2023-06-01T09:00:42.968+0000] {logging_mixin.py:137} INFO - [2023-06-01T09:00:42.967+0000] {dag.py:2690} INFO - Sync 1 DAGs
[2023-06-01T09:00:43.005+0000] {logging_mixin.py:137} INFO - [2023-06-01T09:00:43.005+0000] {dag.py:3441} INFO - Setting next_dagrun for example_branch_dop_operator_v3 to 2023-06-01T08:59:00+00:00, run_after=2023-06-01T09:00:00+00:00
[2023-06-01T09:00:43.030+0000] {processor.py:175} INFO - Processing /home/airflow/.local/lib/python3.7/site-packages/airflow/example_dags/example_branch_python_dop_operator_3.py took 0.134 seconds
[2023-06-01T09:01:13.633+0000] {processor.py:153} INFO - Started process (PID=2635) to work on /home/airflow/.local/lib/python3.7/site-packages/airflow/example_dags/example_branch_python_dop_operator_3.py
[2023-06-01T09:01:13.634+0000] {processor.py:743} INFO - Processing file /home/airflow/.local/lib/python3.7/site-packages/airflow/example_dags/example_branch_python_dop_operator_3.py for tasks to queue
[2023-06-01T09:01:13.635+0000] {logging_mixin.py:137} INFO - [2023-06-01T09:01:13.635+0000] {dagbag.py:538} INFO - Filling up the DagBag from /home/airflow/.local/lib/python3.7/site-packages/airflow/example_dags/example_branch_python_dop_operator_3.py
[2023-06-01T09:01:13.662+0000] {processor.py:753} INFO - DAG(s) dict_keys(['example_branch_dop_operator_v3']) retrieved from /home/airflow/.local/lib/python3.7/site-packages/airflow/example_dags/example_branch_python_dop_operator_3.py
[2023-06-01T09:01:13.699+0000] {logging_mixin.py:137} INFO - [2023-06-01T09:01:13.699+0000] {dag.py:2690} INFO - Sync 1 DAGs
[2023-06-01T09:01:13.732+0000] {logging_mixin.py:137} INFO - [2023-06-01T09:01:13.732+0000] {dag.py:3441} INFO - Setting next_dagrun for example_branch_dop_operator_v3 to 2023-06-01T09:00:00+00:00, run_after=2023-06-01T09:01:00+00:00
[2023-06-01T09:01:13.762+0000] {processor.py:175} INFO - Processing /home/airflow/.local/lib/python3.7/site-packages/airflow/example_dags/example_branch_python_dop_operator_3.py took 0.134 seconds
[2023-06-01T09:01:44.335+0000] {processor.py:153} INFO - Started process (PID=2722) to work on /home/airflow/.local/lib/python3.7/site-packages/airflow/example_dags/example_branch_python_dop_operator_3.py
[2023-06-01T09:01:44.335+0000] {processor.py:743} INFO - Processing file /home/airflow/.local/lib/python3.7/site-packages/airflow/example_dags/example_branch_python_dop_operator_3.py for tasks to queue
[2023-06-01T09:01:44.336+0000] {logging_mixin.py:137} INFO - [2023-06-01T09:01:44.336+0000] {dagbag.py:538} INFO - Filling up the DagBag from /home/airflow/.local/lib/python3.7/site-packages/airflow/example_dags/example_branch_python_dop_operator_3.py
[2023-06-01T09:01:44.359+0000] {processor.py:753} INFO - DAG(s) dict_keys(['example_branch_dop_operator_v3']) retrieved from /home/airflow/.local/lib/python3.7/site-packages/airflow/example_dags/example_branch_python_dop_operator_3.py
[2023-06-01T09:01:44.389+0000] {logging_mixin.py:137} INFO - [2023-06-01T09:01:44.389+0000] {dag.py:2690} INFO - Sync 1 DAGs
[2023-06-01T09:01:44.435+0000] {logging_mixin.py:137} INFO - [2023-06-01T09:01:44.434+0000] {dag.py:3441} INFO - Setting next_dagrun for example_branch_dop_operator_v3 to 2023-06-01T09:00:00+00:00, run_after=2023-06-01T09:01:00+00:00
[2023-06-01T09:01:44.458+0000] {processor.py:175} INFO - Processing /home/airflow/.local/lib/python3.7/site-packages/airflow/example_dags/example_branch_python_dop_operator_3.py took 0.126 seconds
[2023-06-01T09:02:14.958+0000] {processor.py:153} INFO - Started process (PID=2833) to work on /home/airflow/.local/lib/python3.7/site-packages/airflow/example_dags/example_branch_python_dop_operator_3.py
[2023-06-01T09:02:14.958+0000] {processor.py:743} INFO - Processing file /home/airflow/.local/lib/python3.7/site-packages/airflow/example_dags/example_branch_python_dop_operator_3.py for tasks to queue
[2023-06-01T09:02:14.959+0000] {logging_mixin.py:137} INFO - [2023-06-01T09:02:14.959+0000] {dagbag.py:538} INFO - Filling up the DagBag from /home/airflow/.local/lib/python3.7/site-packages/airflow/example_dags/example_branch_python_dop_operator_3.py
[2023-06-01T09:02:14.988+0000] {processor.py:753} INFO - DAG(s) dict_keys(['example_branch_dop_operator_v3']) retrieved from /home/airflow/.local/lib/python3.7/site-packages/airflow/example_dags/example_branch_python_dop_operator_3.py
[2023-06-01T09:02:15.026+0000] {logging_mixin.py:137} INFO - [2023-06-01T09:02:15.025+0000] {dag.py:2690} INFO - Sync 1 DAGs
[2023-06-01T09:02:15.059+0000] {logging_mixin.py:137} INFO - [2023-06-01T09:02:15.059+0000] {dag.py:3441} INFO - Setting next_dagrun for example_branch_dop_operator_v3 to 2023-06-01T09:01:00+00:00, run_after=2023-06-01T09:02:00+00:00
[2023-06-01T09:02:15.081+0000] {processor.py:175} INFO - Processing /home/airflow/.local/lib/python3.7/site-packages/airflow/example_dags/example_branch_python_dop_operator_3.py took 0.127 seconds
[2023-06-01T09:02:45.404+0000] {processor.py:153} INFO - Started process (PID=2920) to work on /home/airflow/.local/lib/python3.7/site-packages/airflow/example_dags/example_branch_python_dop_operator_3.py
[2023-06-01T09:02:45.405+0000] {processor.py:743} INFO - Processing file /home/airflow/.local/lib/python3.7/site-packages/airflow/example_dags/example_branch_python_dop_operator_3.py for tasks to queue
[2023-06-01T09:02:45.406+0000] {logging_mixin.py:137} INFO - [2023-06-01T09:02:45.405+0000] {dagbag.py:538} INFO - Filling up the DagBag from /home/airflow/.local/lib/python3.7/site-packages/airflow/example_dags/example_branch_python_dop_operator_3.py
[2023-06-01T09:02:45.429+0000] {processor.py:753} INFO - DAG(s) dict_keys(['example_branch_dop_operator_v3']) retrieved from /home/airflow/.local/lib/python3.7/site-packages/airflow/example_dags/example_branch_python_dop_operator_3.py
[2023-06-01T09:02:45.458+0000] {logging_mixin.py:137} INFO - [2023-06-01T09:02:45.458+0000] {dag.py:2690} INFO - Sync 1 DAGs
[2023-06-01T09:02:45.486+0000] {logging_mixin.py:137} INFO - [2023-06-01T09:02:45.486+0000] {dag.py:3441} INFO - Setting next_dagrun for example_branch_dop_operator_v3 to 2023-06-01T09:01:00+00:00, run_after=2023-06-01T09:02:00+00:00
[2023-06-01T09:02:45.503+0000] {processor.py:175} INFO - Processing /home/airflow/.local/lib/python3.7/site-packages/airflow/example_dags/example_branch_python_dop_operator_3.py took 0.102 seconds
[2023-06-01T09:03:15.633+0000] {processor.py:153} INFO - Started process (PID=3007) to work on /home/airflow/.local/lib/python3.7/site-packages/airflow/example_dags/example_branch_python_dop_operator_3.py
[2023-06-01T09:03:15.634+0000] {processor.py:743} INFO - Processing file /home/airflow/.local/lib/python3.7/site-packages/airflow/example_dags/example_branch_python_dop_operator_3.py for tasks to queue
[2023-06-01T09:03:15.634+0000] {logging_mixin.py:137} INFO - [2023-06-01T09:03:15.634+0000] {dagbag.py:538} INFO - Filling up the DagBag from /home/airflow/.local/lib/python3.7/site-packages/airflow/example_dags/example_branch_python_dop_operator_3.py
[2023-06-01T09:03:15.657+0000] {processor.py:753} INFO - DAG(s) dict_keys(['example_branch_dop_operator_v3']) retrieved from /home/airflow/.local/lib/python3.7/site-packages/airflow/example_dags/example_branch_python_dop_operator_3.py
[2023-06-01T09:03:15.685+0000] {logging_mixin.py:137} INFO - [2023-06-01T09:03:15.684+0000] {dag.py:2690} INFO - Sync 1 DAGs
[2023-06-01T09:03:15.712+0000] {logging_mixin.py:137} INFO - [2023-06-01T09:03:15.712+0000] {dag.py:3441} INFO - Setting next_dagrun for example_branch_dop_operator_v3 to 2023-06-01T09:02:00+00:00, run_after=2023-06-01T09:03:00+00:00
[2023-06-01T09:03:15.731+0000] {processor.py:175} INFO - Processing /home/airflow/.local/lib/python3.7/site-packages/airflow/example_dags/example_branch_python_dop_operator_3.py took 0.102 seconds
[2023-06-01T09:03:46.365+0000] {processor.py:153} INFO - Started process (PID=3118) to work on /home/airflow/.local/lib/python3.7/site-packages/airflow/example_dags/example_branch_python_dop_operator_3.py
[2023-06-01T09:03:46.367+0000] {processor.py:743} INFO - Processing file /home/airflow/.local/lib/python3.7/site-packages/airflow/example_dags/example_branch_python_dop_operator_3.py for tasks to queue
[2023-06-01T09:03:46.367+0000] {logging_mixin.py:137} INFO - [2023-06-01T09:03:46.367+0000] {dagbag.py:538} INFO - Filling up the DagBag from /home/airflow/.local/lib/python3.7/site-packages/airflow/example_dags/example_branch_python_dop_operator_3.py
[2023-06-01T09:03:46.391+0000] {processor.py:753} INFO - DAG(s) dict_keys(['example_branch_dop_operator_v3']) retrieved from /home/airflow/.local/lib/python3.7/site-packages/airflow/example_dags/example_branch_python_dop_operator_3.py
[2023-06-01T09:03:46.441+0000] {logging_mixin.py:137} INFO - [2023-06-01T09:03:46.441+0000] {dag.py:2690} INFO - Sync 1 DAGs
[2023-06-01T09:03:46.483+0000] {logging_mixin.py:137} INFO - [2023-06-01T09:03:46.483+0000] {dag.py:3441} INFO - Setting next_dagrun for example_branch_dop_operator_v3 to 2023-06-01T09:02:00+00:00, run_after=2023-06-01T09:03:00+00:00
[2023-06-01T09:03:46.507+0000] {processor.py:175} INFO - Processing /home/airflow/.local/lib/python3.7/site-packages/airflow/example_dags/example_branch_python_dop_operator_3.py took 0.145 seconds
[2023-06-01T09:04:17.174+0000] {processor.py:153} INFO - Started process (PID=3205) to work on /home/airflow/.local/lib/python3.7/site-packages/airflow/example_dags/example_branch_python_dop_operator_3.py
[2023-06-01T09:04:17.175+0000] {processor.py:743} INFO - Processing file /home/airflow/.local/lib/python3.7/site-packages/airflow/example_dags/example_branch_python_dop_operator_3.py for tasks to queue
[2023-06-01T09:04:17.175+0000] {logging_mixin.py:137} INFO - [2023-06-01T09:04:17.175+0000] {dagbag.py:538} INFO - Filling up the DagBag from /home/airflow/.local/lib/python3.7/site-packages/airflow/example_dags/example_branch_python_dop_operator_3.py
[2023-06-01T09:04:17.203+0000] {processor.py:753} INFO - DAG(s) dict_keys(['example_branch_dop_operator_v3']) retrieved from /home/airflow/.local/lib/python3.7/site-packages/airflow/example_dags/example_branch_python_dop_operator_3.py
[2023-06-01T09:04:17.241+0000] {logging_mixin.py:137} INFO - [2023-06-01T09:04:17.241+0000] {dag.py:2690} INFO - Sync 1 DAGs
[2023-06-01T09:04:17.273+0000] {logging_mixin.py:137} INFO - [2023-06-01T09:04:17.272+0000] {dag.py:3441} INFO - Setting next_dagrun for example_branch_dop_operator_v3 to 2023-06-01T09:03:00+00:00, run_after=2023-06-01T09:04:00+00:00
[2023-06-01T09:04:17.292+0000] {processor.py:175} INFO - Processing /home/airflow/.local/lib/python3.7/site-packages/airflow/example_dags/example_branch_python_dop_operator_3.py took 0.123 seconds
[2023-06-01T09:04:47.456+0000] {processor.py:153} INFO - Started process (PID=3292) to work on /home/airflow/.local/lib/python3.7/site-packages/airflow/example_dags/example_branch_python_dop_operator_3.py
[2023-06-01T09:04:47.458+0000] {processor.py:743} INFO - Processing file /home/airflow/.local/lib/python3.7/site-packages/airflow/example_dags/example_branch_python_dop_operator_3.py for tasks to queue
[2023-06-01T09:04:47.459+0000] {logging_mixin.py:137} INFO - [2023-06-01T09:04:47.459+0000] {dagbag.py:538} INFO - Filling up the DagBag from /home/airflow/.local/lib/python3.7/site-packages/airflow/example_dags/example_branch_python_dop_operator_3.py
[2023-06-01T09:04:47.488+0000] {processor.py:753} INFO - DAG(s) dict_keys(['example_branch_dop_operator_v3']) retrieved from /home/airflow/.local/lib/python3.7/site-packages/airflow/example_dags/example_branch_python_dop_operator_3.py
[2023-06-01T09:04:47.522+0000] {logging_mixin.py:137} INFO - [2023-06-01T09:04:47.522+0000] {dag.py:2690} INFO - Sync 1 DAGs
[2023-06-01T09:04:47.555+0000] {logging_mixin.py:137} INFO - [2023-06-01T09:04:47.555+0000] {dag.py:3441} INFO - Setting next_dagrun for example_branch_dop_operator_v3 to 2023-06-01T09:03:00+00:00, run_after=2023-06-01T09:04:00+00:00
[2023-06-01T09:04:47.584+0000] {processor.py:175} INFO - Processing /home/airflow/.local/lib/python3.7/site-packages/airflow/example_dags/example_branch_python_dop_operator_3.py took 0.131 seconds
[2023-06-01T09:05:18.311+0000] {processor.py:153} INFO - Started process (PID=3379) to work on /home/airflow/.local/lib/python3.7/site-packages/airflow/example_dags/example_branch_python_dop_operator_3.py
[2023-06-01T09:05:18.312+0000] {processor.py:743} INFO - Processing file /home/airflow/.local/lib/python3.7/site-packages/airflow/example_dags/example_branch_python_dop_operator_3.py for tasks to queue
[2023-06-01T09:05:18.312+0000] {logging_mixin.py:137} INFO - [2023-06-01T09:05:18.312+0000] {dagbag.py:538} INFO - Filling up the DagBag from /home/airflow/.local/lib/python3.7/site-packages/airflow/example_dags/example_branch_python_dop_operator_3.py
[2023-06-01T09:05:18.340+0000] {processor.py:753} INFO - DAG(s) dict_keys(['example_branch_dop_operator_v3']) retrieved from /home/airflow/.local/lib/python3.7/site-packages/airflow/example_dags/example_branch_python_dop_operator_3.py
[2023-06-01T09:05:18.381+0000] {logging_mixin.py:137} INFO - [2023-06-01T09:05:18.381+0000] {dag.py:2690} INFO - Sync 1 DAGs
[2023-06-01T09:05:18.425+0000] {logging_mixin.py:137} INFO - [2023-06-01T09:05:18.424+0000] {dag.py:3441} INFO - Setting next_dagrun for example_branch_dop_operator_v3 to 2023-06-01T09:04:00+00:00, run_after=2023-06-01T09:05:00+00:00
[2023-06-01T09:05:18.463+0000] {processor.py:175} INFO - Processing /home/airflow/.local/lib/python3.7/site-packages/airflow/example_dags/example_branch_python_dop_operator_3.py took 0.157 seconds
[2023-06-01T09:05:48.993+0000] {processor.py:153} INFO - Started process (PID=3466) to work on /home/airflow/.local/lib/python3.7/site-packages/airflow/example_dags/example_branch_python_dop_operator_3.py
[2023-06-01T09:05:48.996+0000] {processor.py:743} INFO - Processing file /home/airflow/.local/lib/python3.7/site-packages/airflow/example_dags/example_branch_python_dop_operator_3.py for tasks to queue
[2023-06-01T09:05:48.998+0000] {logging_mixin.py:137} INFO - [2023-06-01T09:05:48.998+0000] {dagbag.py:538} INFO - Filling up the DagBag from /home/airflow/.local/lib/python3.7/site-packages/airflow/example_dags/example_branch_python_dop_operator_3.py
[2023-06-01T09:05:49.031+0000] {processor.py:753} INFO - DAG(s) dict_keys(['example_branch_dop_operator_v3']) retrieved from /home/airflow/.local/lib/python3.7/site-packages/airflow/example_dags/example_branch_python_dop_operator_3.py
[2023-06-01T09:05:49.070+0000] {logging_mixin.py:137} INFO - [2023-06-01T09:05:49.069+0000] {dag.py:2690} INFO - Sync 1 DAGs
[2023-06-01T09:05:49.111+0000] {logging_mixin.py:137} INFO - [2023-06-01T09:05:49.111+0000] {dag.py:3441} INFO - Setting next_dagrun for example_branch_dop_operator_v3 to 2023-06-01T09:04:00+00:00, run_after=2023-06-01T09:05:00+00:00
[2023-06-01T09:05:49.142+0000] {processor.py:175} INFO - Processing /home/airflow/.local/lib/python3.7/site-packages/airflow/example_dags/example_branch_python_dop_operator_3.py took 0.152 seconds
[2023-06-01T09:06:19.412+0000] {processor.py:153} INFO - Started process (PID=3562) to work on /home/airflow/.local/lib/python3.7/site-packages/airflow/example_dags/example_branch_python_dop_operator_3.py
[2023-06-01T09:06:19.413+0000] {processor.py:743} INFO - Processing file /home/airflow/.local/lib/python3.7/site-packages/airflow/example_dags/example_branch_python_dop_operator_3.py for tasks to queue
[2023-06-01T09:06:19.414+0000] {logging_mixin.py:137} INFO - [2023-06-01T09:06:19.414+0000] {dagbag.py:538} INFO - Filling up the DagBag from /home/airflow/.local/lib/python3.7/site-packages/airflow/example_dags/example_branch_python_dop_operator_3.py
[2023-06-01T09:06:19.460+0000] {processor.py:753} INFO - DAG(s) dict_keys(['example_branch_dop_operator_v3']) retrieved from /home/airflow/.local/lib/python3.7/site-packages/airflow/example_dags/example_branch_python_dop_operator_3.py
[2023-06-01T09:06:19.514+0000] {logging_mixin.py:137} INFO - [2023-06-01T09:06:19.513+0000] {dag.py:2690} INFO - Sync 1 DAGs
[2023-06-01T09:06:19.555+0000] {logging_mixin.py:137} INFO - [2023-06-01T09:06:19.555+0000] {dag.py:3441} INFO - Setting next_dagrun for example_branch_dop_operator_v3 to 2023-06-01T09:05:00+00:00, run_after=2023-06-01T09:06:00+00:00
[2023-06-01T09:06:19.595+0000] {processor.py:175} INFO - Processing /home/airflow/.local/lib/python3.7/site-packages/airflow/example_dags/example_branch_python_dop_operator_3.py took 0.188 seconds
[2023-06-01T09:06:49.997+0000] {processor.py:153} INFO - Started process (PID=3664) to work on /home/airflow/.local/lib/python3.7/site-packages/airflow/example_dags/example_branch_python_dop_operator_3.py
[2023-06-01T09:06:50.000+0000] {processor.py:743} INFO - Processing file /home/airflow/.local/lib/python3.7/site-packages/airflow/example_dags/example_branch_python_dop_operator_3.py for tasks to queue
[2023-06-01T09:06:50.000+0000] {logging_mixin.py:137} INFO - [2023-06-01T09:06:50.000+0000] {dagbag.py:538} INFO - Filling up the DagBag from /home/airflow/.local/lib/python3.7/site-packages/airflow/example_dags/example_branch_python_dop_operator_3.py
[2023-06-01T09:06:50.037+0000] {processor.py:753} INFO - DAG(s) dict_keys(['example_branch_dop_operator_v3']) retrieved from /home/airflow/.local/lib/python3.7/site-packages/airflow/example_dags/example_branch_python_dop_operator_3.py
[2023-06-01T09:06:50.074+0000] {logging_mixin.py:137} INFO - [2023-06-01T09:06:50.074+0000] {dag.py:2690} INFO - Sync 1 DAGs
[2023-06-01T09:06:50.112+0000] {logging_mixin.py:137} INFO - [2023-06-01T09:06:50.112+0000] {dag.py:3441} INFO - Setting next_dagrun for example_branch_dop_operator_v3 to 2023-06-01T09:05:00+00:00, run_after=2023-06-01T09:06:00+00:00
[2023-06-01T09:06:50.142+0000] {processor.py:175} INFO - Processing /home/airflow/.local/lib/python3.7/site-packages/airflow/example_dags/example_branch_python_dop_operator_3.py took 0.149 seconds
[2023-06-01T09:07:21.053+0000] {processor.py:153} INFO - Started process (PID=3751) to work on /home/airflow/.local/lib/python3.7/site-packages/airflow/example_dags/example_branch_python_dop_operator_3.py
[2023-06-01T09:07:21.054+0000] {processor.py:743} INFO - Processing file /home/airflow/.local/lib/python3.7/site-packages/airflow/example_dags/example_branch_python_dop_operator_3.py for tasks to queue
[2023-06-01T09:07:21.054+0000] {logging_mixin.py:137} INFO - [2023-06-01T09:07:21.054+0000] {dagbag.py:538} INFO - Filling up the DagBag from /home/airflow/.local/lib/python3.7/site-packages/airflow/example_dags/example_branch_python_dop_operator_3.py
[2023-06-01T09:07:21.083+0000] {processor.py:753} INFO - DAG(s) dict_keys(['example_branch_dop_operator_v3']) retrieved from /home/airflow/.local/lib/python3.7/site-packages/airflow/example_dags/example_branch_python_dop_operator_3.py
[2023-06-01T09:07:21.122+0000] {logging_mixin.py:137} INFO - [2023-06-01T09:07:21.122+0000] {dag.py:2690} INFO - Sync 1 DAGs
[2023-06-01T09:07:21.164+0000] {logging_mixin.py:137} INFO - [2023-06-01T09:07:21.163+0000] {dag.py:3441} INFO - Setting next_dagrun for example_branch_dop_operator_v3 to 2023-06-01T09:06:00+00:00, run_after=2023-06-01T09:07:00+00:00
[2023-06-01T09:07:21.190+0000] {processor.py:175} INFO - Processing /home/airflow/.local/lib/python3.7/site-packages/airflow/example_dags/example_branch_python_dop_operator_3.py took 0.140 seconds
[2023-06-01T09:07:51.931+0000] {processor.py:153} INFO - Started process (PID=3838) to work on /home/airflow/.local/lib/python3.7/site-packages/airflow/example_dags/example_branch_python_dop_operator_3.py
[2023-06-01T09:07:51.933+0000] {processor.py:743} INFO - Processing file /home/airflow/.local/lib/python3.7/site-packages/airflow/example_dags/example_branch_python_dop_operator_3.py for tasks to queue
[2023-06-01T09:07:51.933+0000] {logging_mixin.py:137} INFO - [2023-06-01T09:07:51.933+0000] {dagbag.py:538} INFO - Filling up the DagBag from /home/airflow/.local/lib/python3.7/site-packages/airflow/example_dags/example_branch_python_dop_operator_3.py
[2023-06-01T09:07:51.959+0000] {processor.py:753} INFO - DAG(s) dict_keys(['example_branch_dop_operator_v3']) retrieved from /home/airflow/.local/lib/python3.7/site-packages/airflow/example_dags/example_branch_python_dop_operator_3.py
[2023-06-01T09:07:51.995+0000] {logging_mixin.py:137} INFO - [2023-06-01T09:07:51.995+0000] {dag.py:2690} INFO - Sync 1 DAGs
[2023-06-01T09:07:52.029+0000] {logging_mixin.py:137} INFO - [2023-06-01T09:07:52.029+0000] {dag.py:3441} INFO - Setting next_dagrun for example_branch_dop_operator_v3 to 2023-06-01T09:06:00+00:00, run_after=2023-06-01T09:07:00+00:00
[2023-06-01T09:07:52.061+0000] {processor.py:175} INFO - Processing /home/airflow/.local/lib/python3.7/site-packages/airflow/example_dags/example_branch_python_dop_operator_3.py took 0.134 seconds
[2023-06-01T09:08:22.732+0000] {processor.py:153} INFO - Started process (PID=3934) to work on /home/airflow/.local/lib/python3.7/site-packages/airflow/example_dags/example_branch_python_dop_operator_3.py
[2023-06-01T09:08:22.733+0000] {processor.py:743} INFO - Processing file /home/airflow/.local/lib/python3.7/site-packages/airflow/example_dags/example_branch_python_dop_operator_3.py for tasks to queue
[2023-06-01T09:08:22.734+0000] {logging_mixin.py:137} INFO - [2023-06-01T09:08:22.734+0000] {dagbag.py:538} INFO - Filling up the DagBag from /home/airflow/.local/lib/python3.7/site-packages/airflow/example_dags/example_branch_python_dop_operator_3.py
[2023-06-01T09:08:22.761+0000] {processor.py:753} INFO - DAG(s) dict_keys(['example_branch_dop_operator_v3']) retrieved from /home/airflow/.local/lib/python3.7/site-packages/airflow/example_dags/example_branch_python_dop_operator_3.py
[2023-06-01T09:08:22.795+0000] {logging_mixin.py:137} INFO - [2023-06-01T09:08:22.794+0000] {dag.py:2690} INFO - Sync 1 DAGs
[2023-06-01T09:08:22.830+0000] {logging_mixin.py:137} INFO - [2023-06-01T09:08:22.830+0000] {dag.py:3441} INFO - Setting next_dagrun for example_branch_dop_operator_v3 to 2023-06-01T09:07:00+00:00, run_after=2023-06-01T09:08:00+00:00
[2023-06-01T09:08:22.855+0000] {processor.py:175} INFO - Processing /home/airflow/.local/lib/python3.7/site-packages/airflow/example_dags/example_branch_python_dop_operator_3.py took 0.126 seconds
[2023-06-01T09:08:53.458+0000] {processor.py:153} INFO - Started process (PID=4036) to work on /home/airflow/.local/lib/python3.7/site-packages/airflow/example_dags/example_branch_python_dop_operator_3.py
[2023-06-01T09:08:53.460+0000] {processor.py:743} INFO - Processing file /home/airflow/.local/lib/python3.7/site-packages/airflow/example_dags/example_branch_python_dop_operator_3.py for tasks to queue
[2023-06-01T09:08:53.461+0000] {logging_mixin.py:137} INFO - [2023-06-01T09:08:53.461+0000] {dagbag.py:538} INFO - Filling up the DagBag from /home/airflow/.local/lib/python3.7/site-packages/airflow/example_dags/example_branch_python_dop_operator_3.py
[2023-06-01T09:08:53.488+0000] {processor.py:753} INFO - DAG(s) dict_keys(['example_branch_dop_operator_v3']) retrieved from /home/airflow/.local/lib/python3.7/site-packages/airflow/example_dags/example_branch_python_dop_operator_3.py
[2023-06-01T09:08:53.525+0000] {logging_mixin.py:137} INFO - [2023-06-01T09:08:53.525+0000] {dag.py:2690} INFO - Sync 1 DAGs
[2023-06-01T09:08:53.559+0000] {logging_mixin.py:137} INFO - [2023-06-01T09:08:53.559+0000] {dag.py:3441} INFO - Setting next_dagrun for example_branch_dop_operator_v3 to 2023-06-01T09:07:00+00:00, run_after=2023-06-01T09:08:00+00:00
[2023-06-01T09:08:53.585+0000] {processor.py:175} INFO - Processing /home/airflow/.local/lib/python3.7/site-packages/airflow/example_dags/example_branch_python_dop_operator_3.py took 0.130 seconds
[2023-06-01T09:09:23.986+0000] {processor.py:153} INFO - Started process (PID=4123) to work on /home/airflow/.local/lib/python3.7/site-packages/airflow/example_dags/example_branch_python_dop_operator_3.py
[2023-06-01T09:09:23.987+0000] {processor.py:743} INFO - Processing file /home/airflow/.local/lib/python3.7/site-packages/airflow/example_dags/example_branch_python_dop_operator_3.py for tasks to queue
[2023-06-01T09:09:23.988+0000] {logging_mixin.py:137} INFO - [2023-06-01T09:09:23.988+0000] {dagbag.py:538} INFO - Filling up the DagBag from /home/airflow/.local/lib/python3.7/site-packages/airflow/example_dags/example_branch_python_dop_operator_3.py
[2023-06-01T09:09:24.016+0000] {processor.py:753} INFO - DAG(s) dict_keys(['example_branch_dop_operator_v3']) retrieved from /home/airflow/.local/lib/python3.7/site-packages/airflow/example_dags/example_branch_python_dop_operator_3.py
[2023-06-01T09:09:24.051+0000] {logging_mixin.py:137} INFO - [2023-06-01T09:09:24.050+0000] {dag.py:2690} INFO - Sync 1 DAGs
[2023-06-01T09:09:24.081+0000] {logging_mixin.py:137} INFO - [2023-06-01T09:09:24.080+0000] {dag.py:3441} INFO - Setting next_dagrun for example_branch_dop_operator_v3 to 2023-06-01T09:08:00+00:00, run_after=2023-06-01T09:09:00+00:00
[2023-06-01T09:09:24.102+0000] {processor.py:175} INFO - Processing /home/airflow/.local/lib/python3.7/site-packages/airflow/example_dags/example_branch_python_dop_operator_3.py took 0.120 seconds
[2023-06-01T09:09:54.476+0000] {processor.py:153} INFO - Started process (PID=4210) to work on /home/airflow/.local/lib/python3.7/site-packages/airflow/example_dags/example_branch_python_dop_operator_3.py
[2023-06-01T09:09:54.478+0000] {processor.py:743} INFO - Processing file /home/airflow/.local/lib/python3.7/site-packages/airflow/example_dags/example_branch_python_dop_operator_3.py for tasks to queue
[2023-06-01T09:09:54.479+0000] {logging_mixin.py:137} INFO - [2023-06-01T09:09:54.479+0000] {dagbag.py:538} INFO - Filling up the DagBag from /home/airflow/.local/lib/python3.7/site-packages/airflow/example_dags/example_branch_python_dop_operator_3.py
[2023-06-01T09:09:54.508+0000] {processor.py:753} INFO - DAG(s) dict_keys(['example_branch_dop_operator_v3']) retrieved from /home/airflow/.local/lib/python3.7/site-packages/airflow/example_dags/example_branch_python_dop_operator_3.py
[2023-06-01T09:09:54.542+0000] {logging_mixin.py:137} INFO - [2023-06-01T09:09:54.542+0000] {dag.py:2690} INFO - Sync 1 DAGs
[2023-06-01T09:09:54.577+0000] {logging_mixin.py:137} INFO - [2023-06-01T09:09:54.577+0000] {dag.py:3441} INFO - Setting next_dagrun for example_branch_dop_operator_v3 to 2023-06-01T09:08:00+00:00, run_after=2023-06-01T09:09:00+00:00
[2023-06-01T09:09:54.597+0000] {processor.py:175} INFO - Processing /home/airflow/.local/lib/python3.7/site-packages/airflow/example_dags/example_branch_python_dop_operator_3.py took 0.125 seconds
[2023-06-01T09:10:25.266+0000] {processor.py:153} INFO - Started process (PID=4306) to work on /home/airflow/.local/lib/python3.7/site-packages/airflow/example_dags/example_branch_python_dop_operator_3.py
[2023-06-01T09:10:25.267+0000] {processor.py:743} INFO - Processing file /home/airflow/.local/lib/python3.7/site-packages/airflow/example_dags/example_branch_python_dop_operator_3.py for tasks to queue
[2023-06-01T09:10:25.267+0000] {logging_mixin.py:137} INFO - [2023-06-01T09:10:25.267+0000] {dagbag.py:538} INFO - Filling up the DagBag from /home/airflow/.local/lib/python3.7/site-packages/airflow/example_dags/example_branch_python_dop_operator_3.py
[2023-06-01T09:10:25.289+0000] {processor.py:753} INFO - DAG(s) dict_keys(['example_branch_dop_operator_v3']) retrieved from /home/airflow/.local/lib/python3.7/site-packages/airflow/example_dags/example_branch_python_dop_operator_3.py
[2023-06-01T09:10:25.318+0000] {logging_mixin.py:137} INFO - [2023-06-01T09:10:25.318+0000] {dag.py:2690} INFO - Sync 1 DAGs
[2023-06-01T09:10:25.375+0000] {logging_mixin.py:137} INFO - [2023-06-01T09:10:25.375+0000] {dag.py:3441} INFO - Setting next_dagrun for example_branch_dop_operator_v3 to 2023-06-01T09:09:00+00:00, run_after=2023-06-01T09:10:00+00:00
[2023-06-01T09:10:25.453+0000] {processor.py:175} INFO - Processing /home/airflow/.local/lib/python3.7/site-packages/airflow/example_dags/example_branch_python_dop_operator_3.py took 0.190 seconds
[2023-06-01T09:10:55.908+0000] {processor.py:153} INFO - Started process (PID=4408) to work on /home/airflow/.local/lib/python3.7/site-packages/airflow/example_dags/example_branch_python_dop_operator_3.py
[2023-06-01T09:10:55.910+0000] {processor.py:743} INFO - Processing file /home/airflow/.local/lib/python3.7/site-packages/airflow/example_dags/example_branch_python_dop_operator_3.py for tasks to queue
[2023-06-01T09:10:55.910+0000] {logging_mixin.py:137} INFO - [2023-06-01T09:10:55.910+0000] {dagbag.py:538} INFO - Filling up the DagBag from /home/airflow/.local/lib/python3.7/site-packages/airflow/example_dags/example_branch_python_dop_operator_3.py
[2023-06-01T09:10:55.940+0000] {processor.py:753} INFO - DAG(s) dict_keys(['example_branch_dop_operator_v3']) retrieved from /home/airflow/.local/lib/python3.7/site-packages/airflow/example_dags/example_branch_python_dop_operator_3.py
[2023-06-01T09:10:55.973+0000] {logging_mixin.py:137} INFO - [2023-06-01T09:10:55.972+0000] {dag.py:2690} INFO - Sync 1 DAGs
[2023-06-01T09:10:56.005+0000] {logging_mixin.py:137} INFO - [2023-06-01T09:10:56.005+0000] {dag.py:3441} INFO - Setting next_dagrun for example_branch_dop_operator_v3 to 2023-06-01T09:09:00+00:00, run_after=2023-06-01T09:10:00+00:00
[2023-06-01T09:10:56.030+0000] {processor.py:175} INFO - Processing /home/airflow/.local/lib/python3.7/site-packages/airflow/example_dags/example_branch_python_dop_operator_3.py took 0.127 seconds
[2023-06-01T09:11:26.107+0000] {processor.py:153} INFO - Started process (PID=4495) to work on /home/airflow/.local/lib/python3.7/site-packages/airflow/example_dags/example_branch_python_dop_operator_3.py
[2023-06-01T09:11:26.108+0000] {processor.py:743} INFO - Processing file /home/airflow/.local/lib/python3.7/site-packages/airflow/example_dags/example_branch_python_dop_operator_3.py for tasks to queue
[2023-06-01T09:11:26.109+0000] {logging_mixin.py:137} INFO - [2023-06-01T09:11:26.109+0000] {dagbag.py:538} INFO - Filling up the DagBag from /home/airflow/.local/lib/python3.7/site-packages/airflow/example_dags/example_branch_python_dop_operator_3.py
[2023-06-01T09:11:26.134+0000] {processor.py:753} INFO - DAG(s) dict_keys(['example_branch_dop_operator_v3']) retrieved from /home/airflow/.local/lib/python3.7/site-packages/airflow/example_dags/example_branch_python_dop_operator_3.py
[2023-06-01T09:11:26.165+0000] {logging_mixin.py:137} INFO - [2023-06-01T09:11:26.165+0000] {dag.py:2690} INFO - Sync 1 DAGs
[2023-06-01T09:11:26.195+0000] {logging_mixin.py:137} INFO - [2023-06-01T09:11:26.195+0000] {dag.py:3441} INFO - Setting next_dagrun for example_branch_dop_operator_v3 to 2023-06-01T09:10:00+00:00, run_after=2023-06-01T09:11:00+00:00
[2023-06-01T09:11:26.213+0000] {processor.py:175} INFO - Processing /home/airflow/.local/lib/python3.7/site-packages/airflow/example_dags/example_branch_python_dop_operator_3.py took 0.111 seconds
[2023-06-01T09:11:56.493+0000] {processor.py:153} INFO - Started process (PID=4582) to work on /home/airflow/.local/lib/python3.7/site-packages/airflow/example_dags/example_branch_python_dop_operator_3.py
[2023-06-01T09:11:56.494+0000] {processor.py:743} INFO - Processing file /home/airflow/.local/lib/python3.7/site-packages/airflow/example_dags/example_branch_python_dop_operator_3.py for tasks to queue
[2023-06-01T09:11:56.495+0000] {logging_mixin.py:137} INFO - [2023-06-01T09:11:56.495+0000] {dagbag.py:538} INFO - Filling up the DagBag from /home/airflow/.local/lib/python3.7/site-packages/airflow/example_dags/example_branch_python_dop_operator_3.py
[2023-06-01T09:11:56.519+0000] {processor.py:753} INFO - DAG(s) dict_keys(['example_branch_dop_operator_v3']) retrieved from /home/airflow/.local/lib/python3.7/site-packages/airflow/example_dags/example_branch_python_dop_operator_3.py
[2023-06-01T09:11:56.546+0000] {logging_mixin.py:137} INFO - [2023-06-01T09:11:56.546+0000] {dag.py:2690} INFO - Sync 1 DAGs
[2023-06-01T09:11:56.573+0000] {logging_mixin.py:137} INFO - [2023-06-01T09:11:56.573+0000] {dag.py:3441} INFO - Setting next_dagrun for example_branch_dop_operator_v3 to 2023-06-01T09:10:00+00:00, run_after=2023-06-01T09:11:00+00:00
[2023-06-01T09:11:56.590+0000] {processor.py:175} INFO - Processing /home/airflow/.local/lib/python3.7/site-packages/airflow/example_dags/example_branch_python_dop_operator_3.py took 0.101 seconds
[2023-06-01T09:12:26.998+0000] {processor.py:153} INFO - Started process (PID=4693) to work on /home/airflow/.local/lib/python3.7/site-packages/airflow/example_dags/example_branch_python_dop_operator_3.py
[2023-06-01T09:12:27.000+0000] {processor.py:743} INFO - Processing file /home/airflow/.local/lib/python3.7/site-packages/airflow/example_dags/example_branch_python_dop_operator_3.py for tasks to queue
[2023-06-01T09:12:27.000+0000] {logging_mixin.py:137} INFO - [2023-06-01T09:12:27.000+0000] {dagbag.py:538} INFO - Filling up the DagBag from /home/airflow/.local/lib/python3.7/site-packages/airflow/example_dags/example_branch_python_dop_operator_3.py
[2023-06-01T09:12:27.038+0000] {processor.py:753} INFO - DAG(s) dict_keys(['example_branch_dop_operator_v3']) retrieved from /home/airflow/.local/lib/python3.7/site-packages/airflow/example_dags/example_branch_python_dop_operator_3.py
[2023-06-01T09:12:27.113+0000] {logging_mixin.py:137} INFO - [2023-06-01T09:12:27.113+0000] {dag.py:2690} INFO - Sync 1 DAGs
[2023-06-01T09:12:27.147+0000] {logging_mixin.py:137} INFO - [2023-06-01T09:12:27.147+0000] {dag.py:3441} INFO - Setting next_dagrun for example_branch_dop_operator_v3 to 2023-06-01T09:11:00+00:00, run_after=2023-06-01T09:12:00+00:00
[2023-06-01T09:12:27.172+0000] {processor.py:175} INFO - Processing /home/airflow/.local/lib/python3.7/site-packages/airflow/example_dags/example_branch_python_dop_operator_3.py took 0.178 seconds
