[2023-06-01T08:47:25.676+0000] {processor.py:153} INFO - Started process (PID=102) to work on /home/airflow/.local/lib/python3.7/site-packages/airflow/example_dags/example_latest_only_with_trigger.py
[2023-06-01T08:47:25.677+0000] {processor.py:743} INFO - Processing file /home/airflow/.local/lib/python3.7/site-packages/airflow/example_dags/example_latest_only_with_trigger.py for tasks to queue
[2023-06-01T08:47:25.677+0000] {logging_mixin.py:137} INFO - [2023-06-01T08:47:25.677+0000] {dagbag.py:538} INFO - Filling up the DagBag from /home/airflow/.local/lib/python3.7/site-packages/airflow/example_dags/example_latest_only_with_trigger.py
[2023-06-01T08:47:25.762+0000] {processor.py:753} INFO - DAG(s) dict_keys(['latest_only_with_trigger']) retrieved from /home/airflow/.local/lib/python3.7/site-packages/airflow/example_dags/example_latest_only_with_trigger.py
[2023-06-01T08:47:25.780+0000] {logging_mixin.py:137} INFO - [2023-06-01T08:47:25.779+0000] {dag.py:2690} INFO - Sync 1 DAGs
[2023-06-01T08:47:25.842+0000] {logging_mixin.py:137} INFO - [2023-06-01T08:47:25.841+0000] {dag.py:3441} INFO - Setting next_dagrun for latest_only_with_trigger to 2023-06-01T04:47:25.841430+00:00, run_after=2023-06-01T08:47:25.841430+00:00
[2023-06-01T08:47:25.869+0000] {processor.py:175} INFO - Processing /home/airflow/.local/lib/python3.7/site-packages/airflow/example_dags/example_latest_only_with_trigger.py took 0.197 seconds
[2023-06-01T08:47:56.338+0000] {processor.py:153} INFO - Started process (PID=189) to work on /home/airflow/.local/lib/python3.7/site-packages/airflow/example_dags/example_latest_only_with_trigger.py
[2023-06-01T08:47:56.339+0000] {processor.py:743} INFO - Processing file /home/airflow/.local/lib/python3.7/site-packages/airflow/example_dags/example_latest_only_with_trigger.py for tasks to queue
[2023-06-01T08:47:56.339+0000] {logging_mixin.py:137} INFO - [2023-06-01T08:47:56.339+0000] {dagbag.py:538} INFO - Filling up the DagBag from /home/airflow/.local/lib/python3.7/site-packages/airflow/example_dags/example_latest_only_with_trigger.py
[2023-06-01T08:47:56.355+0000] {processor.py:753} INFO - DAG(s) dict_keys(['latest_only_with_trigger']) retrieved from /home/airflow/.local/lib/python3.7/site-packages/airflow/example_dags/example_latest_only_with_trigger.py
[2023-06-01T08:47:56.380+0000] {logging_mixin.py:137} INFO - [2023-06-01T08:47:56.379+0000] {dag.py:2690} INFO - Sync 1 DAGs
[2023-06-01T08:47:56.403+0000] {logging_mixin.py:137} INFO - [2023-06-01T08:47:56.403+0000] {dag.py:3441} INFO - Setting next_dagrun for latest_only_with_trigger to 2023-06-01T04:47:56.403227+00:00, run_after=2023-06-01T08:47:56.403227+00:00
[2023-06-01T08:47:56.424+0000] {processor.py:175} INFO - Processing /home/airflow/.local/lib/python3.7/site-packages/airflow/example_dags/example_latest_only_with_trigger.py took 0.089 seconds
[2023-06-01T08:48:27.332+0000] {processor.py:153} INFO - Started process (PID=276) to work on /home/airflow/.local/lib/python3.7/site-packages/airflow/example_dags/example_latest_only_with_trigger.py
[2023-06-01T08:48:27.334+0000] {processor.py:743} INFO - Processing file /home/airflow/.local/lib/python3.7/site-packages/airflow/example_dags/example_latest_only_with_trigger.py for tasks to queue
[2023-06-01T08:48:27.335+0000] {logging_mixin.py:137} INFO - [2023-06-01T08:48:27.335+0000] {dagbag.py:538} INFO - Filling up the DagBag from /home/airflow/.local/lib/python3.7/site-packages/airflow/example_dags/example_latest_only_with_trigger.py
[2023-06-01T08:48:27.350+0000] {processor.py:753} INFO - DAG(s) dict_keys(['latest_only_with_trigger']) retrieved from /home/airflow/.local/lib/python3.7/site-packages/airflow/example_dags/example_latest_only_with_trigger.py
[2023-06-01T08:48:27.378+0000] {logging_mixin.py:137} INFO - [2023-06-01T08:48:27.378+0000] {dag.py:2690} INFO - Sync 1 DAGs
[2023-06-01T08:48:27.404+0000] {logging_mixin.py:137} INFO - [2023-06-01T08:48:27.404+0000] {dag.py:3441} INFO - Setting next_dagrun for latest_only_with_trigger to 2023-06-01T04:48:27.404521+00:00, run_after=2023-06-01T08:48:27.404521+00:00
[2023-06-01T08:48:27.424+0000] {processor.py:175} INFO - Processing /home/airflow/.local/lib/python3.7/site-packages/airflow/example_dags/example_latest_only_with_trigger.py took 0.095 seconds
[2023-06-01T08:48:58.192+0000] {processor.py:153} INFO - Started process (PID=387) to work on /home/airflow/.local/lib/python3.7/site-packages/airflow/example_dags/example_latest_only_with_trigger.py
[2023-06-01T08:48:58.193+0000] {processor.py:743} INFO - Processing file /home/airflow/.local/lib/python3.7/site-packages/airflow/example_dags/example_latest_only_with_trigger.py for tasks to queue
[2023-06-01T08:48:58.193+0000] {logging_mixin.py:137} INFO - [2023-06-01T08:48:58.193+0000] {dagbag.py:538} INFO - Filling up the DagBag from /home/airflow/.local/lib/python3.7/site-packages/airflow/example_dags/example_latest_only_with_trigger.py
[2023-06-01T08:48:58.206+0000] {processor.py:753} INFO - DAG(s) dict_keys(['latest_only_with_trigger']) retrieved from /home/airflow/.local/lib/python3.7/site-packages/airflow/example_dags/example_latest_only_with_trigger.py
[2023-06-01T08:48:58.236+0000] {logging_mixin.py:137} INFO - [2023-06-01T08:48:58.236+0000] {dag.py:2690} INFO - Sync 1 DAGs
[2023-06-01T08:48:58.260+0000] {logging_mixin.py:137} INFO - [2023-06-01T08:48:58.259+0000] {dag.py:3441} INFO - Setting next_dagrun for latest_only_with_trigger to 2023-06-01T04:48:58.259585+00:00, run_after=2023-06-01T08:48:58.259585+00:00
[2023-06-01T08:48:58.279+0000] {processor.py:175} INFO - Processing /home/airflow/.local/lib/python3.7/site-packages/airflow/example_dags/example_latest_only_with_trigger.py took 0.090 seconds
[2023-06-01T08:49:29.393+0000] {processor.py:153} INFO - Started process (PID=474) to work on /home/airflow/.local/lib/python3.7/site-packages/airflow/example_dags/example_latest_only_with_trigger.py
[2023-06-01T08:49:29.394+0000] {processor.py:743} INFO - Processing file /home/airflow/.local/lib/python3.7/site-packages/airflow/example_dags/example_latest_only_with_trigger.py for tasks to queue
[2023-06-01T08:49:29.395+0000] {logging_mixin.py:137} INFO - [2023-06-01T08:49:29.395+0000] {dagbag.py:538} INFO - Filling up the DagBag from /home/airflow/.local/lib/python3.7/site-packages/airflow/example_dags/example_latest_only_with_trigger.py
[2023-06-01T08:49:29.410+0000] {processor.py:753} INFO - DAG(s) dict_keys(['latest_only_with_trigger']) retrieved from /home/airflow/.local/lib/python3.7/site-packages/airflow/example_dags/example_latest_only_with_trigger.py
[2023-06-01T08:49:29.443+0000] {logging_mixin.py:137} INFO - [2023-06-01T08:49:29.442+0000] {dag.py:2690} INFO - Sync 1 DAGs
[2023-06-01T08:49:29.472+0000] {logging_mixin.py:137} INFO - [2023-06-01T08:49:29.471+0000] {dag.py:3441} INFO - Setting next_dagrun for latest_only_with_trigger to 2023-06-01T04:49:29.471629+00:00, run_after=2023-06-01T08:49:29.471629+00:00
[2023-06-01T08:49:29.496+0000] {processor.py:175} INFO - Processing /home/airflow/.local/lib/python3.7/site-packages/airflow/example_dags/example_latest_only_with_trigger.py took 0.107 seconds
[2023-06-01T08:49:59.937+0000] {processor.py:153} INFO - Started process (PID=570) to work on /home/airflow/.local/lib/python3.7/site-packages/airflow/example_dags/example_latest_only_with_trigger.py
[2023-06-01T08:49:59.938+0000] {processor.py:743} INFO - Processing file /home/airflow/.local/lib/python3.7/site-packages/airflow/example_dags/example_latest_only_with_trigger.py for tasks to queue
[2023-06-01T08:49:59.939+0000] {logging_mixin.py:137} INFO - [2023-06-01T08:49:59.939+0000] {dagbag.py:538} INFO - Filling up the DagBag from /home/airflow/.local/lib/python3.7/site-packages/airflow/example_dags/example_latest_only_with_trigger.py
[2023-06-01T08:49:59.953+0000] {processor.py:753} INFO - DAG(s) dict_keys(['latest_only_with_trigger']) retrieved from /home/airflow/.local/lib/python3.7/site-packages/airflow/example_dags/example_latest_only_with_trigger.py
[2023-06-01T08:49:59.980+0000] {logging_mixin.py:137} INFO - [2023-06-01T08:49:59.980+0000] {dag.py:2690} INFO - Sync 1 DAGs
[2023-06-01T08:50:00.012+0000] {logging_mixin.py:137} INFO - [2023-06-01T08:50:00.012+0000] {dag.py:3441} INFO - Setting next_dagrun for latest_only_with_trigger to 2023-06-01T04:50:00.012270+00:00, run_after=2023-06-01T08:50:00.012270+00:00
[2023-06-01T08:50:00.041+0000] {processor.py:175} INFO - Processing /home/airflow/.local/lib/python3.7/site-packages/airflow/example_dags/example_latest_only_with_trigger.py took 0.106 seconds
[2023-06-01T08:50:30.270+0000] {processor.py:153} INFO - Started process (PID=672) to work on /home/airflow/.local/lib/python3.7/site-packages/airflow/example_dags/example_latest_only_with_trigger.py
[2023-06-01T08:50:30.272+0000] {processor.py:743} INFO - Processing file /home/airflow/.local/lib/python3.7/site-packages/airflow/example_dags/example_latest_only_with_trigger.py for tasks to queue
[2023-06-01T08:50:30.273+0000] {logging_mixin.py:137} INFO - [2023-06-01T08:50:30.272+0000] {dagbag.py:538} INFO - Filling up the DagBag from /home/airflow/.local/lib/python3.7/site-packages/airflow/example_dags/example_latest_only_with_trigger.py
[2023-06-01T08:50:30.287+0000] {processor.py:753} INFO - DAG(s) dict_keys(['latest_only_with_trigger']) retrieved from /home/airflow/.local/lib/python3.7/site-packages/airflow/example_dags/example_latest_only_with_trigger.py
[2023-06-01T08:50:30.316+0000] {logging_mixin.py:137} INFO - [2023-06-01T08:50:30.316+0000] {dag.py:2690} INFO - Sync 1 DAGs
[2023-06-01T08:50:30.342+0000] {logging_mixin.py:137} INFO - [2023-06-01T08:50:30.342+0000] {dag.py:3441} INFO - Setting next_dagrun for latest_only_with_trigger to 2023-06-01T04:50:30.342039+00:00, run_after=2023-06-01T08:50:30.342039+00:00
[2023-06-01T08:50:30.363+0000] {processor.py:175} INFO - Processing /home/airflow/.local/lib/python3.7/site-packages/airflow/example_dags/example_latest_only_with_trigger.py took 0.096 seconds
[2023-06-01T08:51:00.832+0000] {processor.py:153} INFO - Started process (PID=759) to work on /home/airflow/.local/lib/python3.7/site-packages/airflow/example_dags/example_latest_only_with_trigger.py
[2023-06-01T08:51:00.833+0000] {processor.py:743} INFO - Processing file /home/airflow/.local/lib/python3.7/site-packages/airflow/example_dags/example_latest_only_with_trigger.py for tasks to queue
[2023-06-01T08:51:00.833+0000] {logging_mixin.py:137} INFO - [2023-06-01T08:51:00.833+0000] {dagbag.py:538} INFO - Filling up the DagBag from /home/airflow/.local/lib/python3.7/site-packages/airflow/example_dags/example_latest_only_with_trigger.py
[2023-06-01T08:51:00.847+0000] {processor.py:753} INFO - DAG(s) dict_keys(['latest_only_with_trigger']) retrieved from /home/airflow/.local/lib/python3.7/site-packages/airflow/example_dags/example_latest_only_with_trigger.py
[2023-06-01T08:51:00.875+0000] {logging_mixin.py:137} INFO - [2023-06-01T08:51:00.875+0000] {dag.py:2690} INFO - Sync 1 DAGs
[2023-06-01T08:51:00.899+0000] {logging_mixin.py:137} INFO - [2023-06-01T08:51:00.899+0000] {dag.py:3441} INFO - Setting next_dagrun for latest_only_with_trigger to 2023-06-01T04:51:00.899538+00:00, run_after=2023-06-01T08:51:00.899538+00:00
[2023-06-01T08:51:00.918+0000] {processor.py:175} INFO - Processing /home/airflow/.local/lib/python3.7/site-packages/airflow/example_dags/example_latest_only_with_trigger.py took 0.089 seconds
[2023-06-01T08:51:31.202+0000] {processor.py:153} INFO - Started process (PID=855) to work on /home/airflow/.local/lib/python3.7/site-packages/airflow/example_dags/example_latest_only_with_trigger.py
[2023-06-01T08:51:31.203+0000] {processor.py:743} INFO - Processing file /home/airflow/.local/lib/python3.7/site-packages/airflow/example_dags/example_latest_only_with_trigger.py for tasks to queue
[2023-06-01T08:51:31.204+0000] {logging_mixin.py:137} INFO - [2023-06-01T08:51:31.204+0000] {dagbag.py:538} INFO - Filling up the DagBag from /home/airflow/.local/lib/python3.7/site-packages/airflow/example_dags/example_latest_only_with_trigger.py
[2023-06-01T08:51:31.219+0000] {processor.py:753} INFO - DAG(s) dict_keys(['latest_only_with_trigger']) retrieved from /home/airflow/.local/lib/python3.7/site-packages/airflow/example_dags/example_latest_only_with_trigger.py
[2023-06-01T08:51:31.246+0000] {logging_mixin.py:137} INFO - [2023-06-01T08:51:31.246+0000] {dag.py:2690} INFO - Sync 1 DAGs
[2023-06-01T08:51:31.271+0000] {logging_mixin.py:137} INFO - [2023-06-01T08:51:31.271+0000] {dag.py:3441} INFO - Setting next_dagrun for latest_only_with_trigger to 2023-06-01T04:51:31.271405+00:00, run_after=2023-06-01T08:51:31.271405+00:00
[2023-06-01T08:51:31.291+0000] {processor.py:175} INFO - Processing /home/airflow/.local/lib/python3.7/site-packages/airflow/example_dags/example_latest_only_with_trigger.py took 0.092 seconds
[2023-06-01T08:52:01.859+0000] {processor.py:153} INFO - Started process (PID=957) to work on /home/airflow/.local/lib/python3.7/site-packages/airflow/example_dags/example_latest_only_with_trigger.py
[2023-06-01T08:52:01.860+0000] {processor.py:743} INFO - Processing file /home/airflow/.local/lib/python3.7/site-packages/airflow/example_dags/example_latest_only_with_trigger.py for tasks to queue
[2023-06-01T08:52:01.860+0000] {logging_mixin.py:137} INFO - [2023-06-01T08:52:01.860+0000] {dagbag.py:538} INFO - Filling up the DagBag from /home/airflow/.local/lib/python3.7/site-packages/airflow/example_dags/example_latest_only_with_trigger.py
[2023-06-01T08:52:01.874+0000] {processor.py:753} INFO - DAG(s) dict_keys(['latest_only_with_trigger']) retrieved from /home/airflow/.local/lib/python3.7/site-packages/airflow/example_dags/example_latest_only_with_trigger.py
[2023-06-01T08:52:01.901+0000] {logging_mixin.py:137} INFO - [2023-06-01T08:52:01.901+0000] {dag.py:2690} INFO - Sync 1 DAGs
[2023-06-01T08:52:01.932+0000] {logging_mixin.py:137} INFO - [2023-06-01T08:52:01.932+0000] {dag.py:3441} INFO - Setting next_dagrun for latest_only_with_trigger to 2023-06-01T04:52:01.931909+00:00, run_after=2023-06-01T08:52:01.931909+00:00
[2023-06-01T08:52:01.958+0000] {processor.py:175} INFO - Processing /home/airflow/.local/lib/python3.7/site-packages/airflow/example_dags/example_latest_only_with_trigger.py took 0.103 seconds
[2023-06-01T08:52:32.458+0000] {processor.py:153} INFO - Started process (PID=1044) to work on /home/airflow/.local/lib/python3.7/site-packages/airflow/example_dags/example_latest_only_with_trigger.py
[2023-06-01T08:52:32.460+0000] {processor.py:743} INFO - Processing file /home/airflow/.local/lib/python3.7/site-packages/airflow/example_dags/example_latest_only_with_trigger.py for tasks to queue
[2023-06-01T08:52:32.461+0000] {logging_mixin.py:137} INFO - [2023-06-01T08:52:32.461+0000] {dagbag.py:538} INFO - Filling up the DagBag from /home/airflow/.local/lib/python3.7/site-packages/airflow/example_dags/example_latest_only_with_trigger.py
[2023-06-01T08:52:32.476+0000] {processor.py:753} INFO - DAG(s) dict_keys(['latest_only_with_trigger']) retrieved from /home/airflow/.local/lib/python3.7/site-packages/airflow/example_dags/example_latest_only_with_trigger.py
[2023-06-01T08:52:32.513+0000] {logging_mixin.py:137} INFO - [2023-06-01T08:52:32.513+0000] {dag.py:2690} INFO - Sync 1 DAGs
[2023-06-01T08:52:32.548+0000] {logging_mixin.py:137} INFO - [2023-06-01T08:52:32.548+0000] {dag.py:3441} INFO - Setting next_dagrun for latest_only_with_trigger to 2023-06-01T04:52:32.547874+00:00, run_after=2023-06-01T08:52:32.547874+00:00
[2023-06-01T08:52:32.576+0000] {processor.py:175} INFO - Processing /home/airflow/.local/lib/python3.7/site-packages/airflow/example_dags/example_latest_only_with_trigger.py took 0.122 seconds
[2023-06-01T08:53:02.799+0000] {processor.py:153} INFO - Started process (PID=1131) to work on /home/airflow/.local/lib/python3.7/site-packages/airflow/example_dags/example_latest_only_with_trigger.py
[2023-06-01T08:53:02.800+0000] {processor.py:743} INFO - Processing file /home/airflow/.local/lib/python3.7/site-packages/airflow/example_dags/example_latest_only_with_trigger.py for tasks to queue
[2023-06-01T08:53:02.801+0000] {logging_mixin.py:137} INFO - [2023-06-01T08:53:02.800+0000] {dagbag.py:538} INFO - Filling up the DagBag from /home/airflow/.local/lib/python3.7/site-packages/airflow/example_dags/example_latest_only_with_trigger.py
[2023-06-01T08:53:02.816+0000] {processor.py:753} INFO - DAG(s) dict_keys(['latest_only_with_trigger']) retrieved from /home/airflow/.local/lib/python3.7/site-packages/airflow/example_dags/example_latest_only_with_trigger.py
[2023-06-01T08:53:02.849+0000] {logging_mixin.py:137} INFO - [2023-06-01T08:53:02.848+0000] {dag.py:2690} INFO - Sync 1 DAGs
[2023-06-01T08:53:02.876+0000] {logging_mixin.py:137} INFO - [2023-06-01T08:53:02.876+0000] {dag.py:3441} INFO - Setting next_dagrun for latest_only_with_trigger to 2023-06-01T04:53:02.875998+00:00, run_after=2023-06-01T08:53:02.875998+00:00
[2023-06-01T08:53:02.902+0000] {processor.py:175} INFO - Processing /home/airflow/.local/lib/python3.7/site-packages/airflow/example_dags/example_latest_only_with_trigger.py took 0.106 seconds
[2023-06-01T08:53:33.710+0000] {processor.py:153} INFO - Started process (PID=1242) to work on /home/airflow/.local/lib/python3.7/site-packages/airflow/example_dags/example_latest_only_with_trigger.py
[2023-06-01T08:53:33.711+0000] {processor.py:743} INFO - Processing file /home/airflow/.local/lib/python3.7/site-packages/airflow/example_dags/example_latest_only_with_trigger.py for tasks to queue
[2023-06-01T08:53:33.712+0000] {logging_mixin.py:137} INFO - [2023-06-01T08:53:33.712+0000] {dagbag.py:538} INFO - Filling up the DagBag from /home/airflow/.local/lib/python3.7/site-packages/airflow/example_dags/example_latest_only_with_trigger.py
[2023-06-01T08:53:33.728+0000] {processor.py:753} INFO - DAG(s) dict_keys(['latest_only_with_trigger']) retrieved from /home/airflow/.local/lib/python3.7/site-packages/airflow/example_dags/example_latest_only_with_trigger.py
[2023-06-01T08:53:33.754+0000] {logging_mixin.py:137} INFO - [2023-06-01T08:53:33.754+0000] {dag.py:2690} INFO - Sync 1 DAGs
[2023-06-01T08:53:33.780+0000] {logging_mixin.py:137} INFO - [2023-06-01T08:53:33.780+0000] {dag.py:3441} INFO - Setting next_dagrun for latest_only_with_trigger to 2023-06-01T04:53:33.780144+00:00, run_after=2023-06-01T08:53:33.780144+00:00
[2023-06-01T08:53:33.808+0000] {processor.py:175} INFO - Processing /home/airflow/.local/lib/python3.7/site-packages/airflow/example_dags/example_latest_only_with_trigger.py took 0.102 seconds
[2023-06-01T08:54:03.868+0000] {processor.py:153} INFO - Started process (PID=1329) to work on /home/airflow/.local/lib/python3.7/site-packages/airflow/example_dags/example_latest_only_with_trigger.py
[2023-06-01T08:54:03.868+0000] {processor.py:743} INFO - Processing file /home/airflow/.local/lib/python3.7/site-packages/airflow/example_dags/example_latest_only_with_trigger.py for tasks to queue
[2023-06-01T08:54:03.869+0000] {logging_mixin.py:137} INFO - [2023-06-01T08:54:03.869+0000] {dagbag.py:538} INFO - Filling up the DagBag from /home/airflow/.local/lib/python3.7/site-packages/airflow/example_dags/example_latest_only_with_trigger.py
[2023-06-01T08:54:03.883+0000] {processor.py:753} INFO - DAG(s) dict_keys(['latest_only_with_trigger']) retrieved from /home/airflow/.local/lib/python3.7/site-packages/airflow/example_dags/example_latest_only_with_trigger.py
[2023-06-01T08:54:03.909+0000] {logging_mixin.py:137} INFO - [2023-06-01T08:54:03.909+0000] {dag.py:2690} INFO - Sync 1 DAGs
[2023-06-01T08:54:03.934+0000] {logging_mixin.py:137} INFO - [2023-06-01T08:54:03.934+0000] {dag.py:3441} INFO - Setting next_dagrun for latest_only_with_trigger to 2023-06-01T04:54:03.934260+00:00, run_after=2023-06-01T08:54:03.934260+00:00
[2023-06-01T08:54:03.953+0000] {processor.py:175} INFO - Processing /home/airflow/.local/lib/python3.7/site-packages/airflow/example_dags/example_latest_only_with_trigger.py took 0.088 seconds
[2023-06-01T08:54:34.353+0000] {processor.py:153} INFO - Started process (PID=1416) to work on /home/airflow/.local/lib/python3.7/site-packages/airflow/example_dags/example_latest_only_with_trigger.py
[2023-06-01T08:54:34.355+0000] {processor.py:743} INFO - Processing file /home/airflow/.local/lib/python3.7/site-packages/airflow/example_dags/example_latest_only_with_trigger.py for tasks to queue
[2023-06-01T08:54:34.355+0000] {logging_mixin.py:137} INFO - [2023-06-01T08:54:34.355+0000] {dagbag.py:538} INFO - Filling up the DagBag from /home/airflow/.local/lib/python3.7/site-packages/airflow/example_dags/example_latest_only_with_trigger.py
[2023-06-01T08:54:34.371+0000] {processor.py:753} INFO - DAG(s) dict_keys(['latest_only_with_trigger']) retrieved from /home/airflow/.local/lib/python3.7/site-packages/airflow/example_dags/example_latest_only_with_trigger.py
[2023-06-01T08:54:34.400+0000] {logging_mixin.py:137} INFO - [2023-06-01T08:54:34.400+0000] {dag.py:2690} INFO - Sync 1 DAGs
[2023-06-01T08:54:34.431+0000] {logging_mixin.py:137} INFO - [2023-06-01T08:54:34.431+0000] {dag.py:3441} INFO - Setting next_dagrun for latest_only_with_trigger to 2023-06-01T04:54:34.430765+00:00, run_after=2023-06-01T08:54:34.430765+00:00
[2023-06-01T08:54:34.456+0000] {processor.py:175} INFO - Processing /home/airflow/.local/lib/python3.7/site-packages/airflow/example_dags/example_latest_only_with_trigger.py took 0.108 seconds
[2023-06-01T08:55:04.715+0000] {processor.py:153} INFO - Started process (PID=1527) to work on /home/airflow/.local/lib/python3.7/site-packages/airflow/example_dags/example_latest_only_with_trigger.py
[2023-06-01T08:55:04.716+0000] {processor.py:743} INFO - Processing file /home/airflow/.local/lib/python3.7/site-packages/airflow/example_dags/example_latest_only_with_trigger.py for tasks to queue
[2023-06-01T08:55:04.717+0000] {logging_mixin.py:137} INFO - [2023-06-01T08:55:04.717+0000] {dagbag.py:538} INFO - Filling up the DagBag from /home/airflow/.local/lib/python3.7/site-packages/airflow/example_dags/example_latest_only_with_trigger.py
[2023-06-01T08:55:04.730+0000] {processor.py:753} INFO - DAG(s) dict_keys(['latest_only_with_trigger']) retrieved from /home/airflow/.local/lib/python3.7/site-packages/airflow/example_dags/example_latest_only_with_trigger.py
[2023-06-01T08:55:04.764+0000] {logging_mixin.py:137} INFO - [2023-06-01T08:55:04.764+0000] {dag.py:2690} INFO - Sync 1 DAGs
[2023-06-01T08:55:04.789+0000] {logging_mixin.py:137} INFO - [2023-06-01T08:55:04.788+0000] {dag.py:3441} INFO - Setting next_dagrun for latest_only_with_trigger to 2023-06-01T04:55:04.788582+00:00, run_after=2023-06-01T08:55:04.788582+00:00
[2023-06-01T08:55:04.809+0000] {processor.py:175} INFO - Processing /home/airflow/.local/lib/python3.7/site-packages/airflow/example_dags/example_latest_only_with_trigger.py took 0.097 seconds
[2023-06-01T08:55:35.730+0000] {processor.py:153} INFO - Started process (PID=1614) to work on /home/airflow/.local/lib/python3.7/site-packages/airflow/example_dags/example_latest_only_with_trigger.py
[2023-06-01T08:55:35.732+0000] {processor.py:743} INFO - Processing file /home/airflow/.local/lib/python3.7/site-packages/airflow/example_dags/example_latest_only_with_trigger.py for tasks to queue
[2023-06-01T08:55:35.733+0000] {logging_mixin.py:137} INFO - [2023-06-01T08:55:35.732+0000] {dagbag.py:538} INFO - Filling up the DagBag from /home/airflow/.local/lib/python3.7/site-packages/airflow/example_dags/example_latest_only_with_trigger.py
[2023-06-01T08:55:35.751+0000] {processor.py:753} INFO - DAG(s) dict_keys(['latest_only_with_trigger']) retrieved from /home/airflow/.local/lib/python3.7/site-packages/airflow/example_dags/example_latest_only_with_trigger.py
[2023-06-01T08:55:35.783+0000] {logging_mixin.py:137} INFO - [2023-06-01T08:55:35.783+0000] {dag.py:2690} INFO - Sync 1 DAGs
[2023-06-01T08:55:35.814+0000] {logging_mixin.py:137} INFO - [2023-06-01T08:55:35.814+0000] {dag.py:3441} INFO - Setting next_dagrun for latest_only_with_trigger to 2023-06-01T04:55:35.813687+00:00, run_after=2023-06-01T08:55:35.813687+00:00
[2023-06-01T08:55:35.842+0000] {processor.py:175} INFO - Processing /home/airflow/.local/lib/python3.7/site-packages/airflow/example_dags/example_latest_only_with_trigger.py took 0.117 seconds
[2023-06-01T08:56:07.004+0000] {processor.py:153} INFO - Started process (PID=1701) to work on /home/airflow/.local/lib/python3.7/site-packages/airflow/example_dags/example_latest_only_with_trigger.py
[2023-06-01T08:56:07.005+0000] {processor.py:743} INFO - Processing file /home/airflow/.local/lib/python3.7/site-packages/airflow/example_dags/example_latest_only_with_trigger.py for tasks to queue
[2023-06-01T08:56:07.006+0000] {logging_mixin.py:137} INFO - [2023-06-01T08:56:07.006+0000] {dagbag.py:538} INFO - Filling up the DagBag from /home/airflow/.local/lib/python3.7/site-packages/airflow/example_dags/example_latest_only_with_trigger.py
[2023-06-01T08:56:07.022+0000] {processor.py:753} INFO - DAG(s) dict_keys(['latest_only_with_trigger']) retrieved from /home/airflow/.local/lib/python3.7/site-packages/airflow/example_dags/example_latest_only_with_trigger.py
[2023-06-01T08:56:07.049+0000] {logging_mixin.py:137} INFO - [2023-06-01T08:56:07.049+0000] {dag.py:2690} INFO - Sync 1 DAGs
[2023-06-01T08:56:07.075+0000] {logging_mixin.py:137} INFO - [2023-06-01T08:56:07.075+0000] {dag.py:3441} INFO - Setting next_dagrun for latest_only_with_trigger to 2023-06-01T04:56:07.075122+00:00, run_after=2023-06-01T08:56:07.075122+00:00
[2023-06-01T08:56:07.097+0000] {processor.py:175} INFO - Processing /home/airflow/.local/lib/python3.7/site-packages/airflow/example_dags/example_latest_only_with_trigger.py took 0.097 seconds
[2023-06-01T08:56:37.720+0000] {processor.py:153} INFO - Started process (PID=1812) to work on /home/airflow/.local/lib/python3.7/site-packages/airflow/example_dags/example_latest_only_with_trigger.py
[2023-06-01T08:56:37.721+0000] {processor.py:743} INFO - Processing file /home/airflow/.local/lib/python3.7/site-packages/airflow/example_dags/example_latest_only_with_trigger.py for tasks to queue
[2023-06-01T08:56:37.722+0000] {logging_mixin.py:137} INFO - [2023-06-01T08:56:37.722+0000] {dagbag.py:538} INFO - Filling up the DagBag from /home/airflow/.local/lib/python3.7/site-packages/airflow/example_dags/example_latest_only_with_trigger.py
[2023-06-01T08:56:37.738+0000] {processor.py:753} INFO - DAG(s) dict_keys(['latest_only_with_trigger']) retrieved from /home/airflow/.local/lib/python3.7/site-packages/airflow/example_dags/example_latest_only_with_trigger.py
[2023-06-01T08:56:37.767+0000] {logging_mixin.py:137} INFO - [2023-06-01T08:56:37.767+0000] {dag.py:2690} INFO - Sync 1 DAGs
[2023-06-01T08:56:37.794+0000] {logging_mixin.py:137} INFO - [2023-06-01T08:56:37.793+0000] {dag.py:3441} INFO - Setting next_dagrun for latest_only_with_trigger to 2023-06-01T04:56:37.793564+00:00, run_after=2023-06-01T08:56:37.793564+00:00
[2023-06-01T08:56:37.813+0000] {processor.py:175} INFO - Processing /home/airflow/.local/lib/python3.7/site-packages/airflow/example_dags/example_latest_only_with_trigger.py took 0.097 seconds
[2023-06-01T08:57:08.275+0000] {processor.py:153} INFO - Started process (PID=1899) to work on /home/airflow/.local/lib/python3.7/site-packages/airflow/example_dags/example_latest_only_with_trigger.py
[2023-06-01T08:57:08.277+0000] {processor.py:743} INFO - Processing file /home/airflow/.local/lib/python3.7/site-packages/airflow/example_dags/example_latest_only_with_trigger.py for tasks to queue
[2023-06-01T08:57:08.278+0000] {logging_mixin.py:137} INFO - [2023-06-01T08:57:08.278+0000] {dagbag.py:538} INFO - Filling up the DagBag from /home/airflow/.local/lib/python3.7/site-packages/airflow/example_dags/example_latest_only_with_trigger.py
[2023-06-01T08:57:08.295+0000] {processor.py:753} INFO - DAG(s) dict_keys(['latest_only_with_trigger']) retrieved from /home/airflow/.local/lib/python3.7/site-packages/airflow/example_dags/example_latest_only_with_trigger.py
[2023-06-01T08:57:08.338+0000] {logging_mixin.py:137} INFO - [2023-06-01T08:57:08.337+0000] {dag.py:2690} INFO - Sync 1 DAGs
[2023-06-01T08:57:08.363+0000] {logging_mixin.py:137} INFO - [2023-06-01T08:57:08.363+0000] {dag.py:3441} INFO - Setting next_dagrun for latest_only_with_trigger to 2023-06-01T04:57:08.363419+00:00, run_after=2023-06-01T08:57:08.363419+00:00
[2023-06-01T08:57:08.388+0000] {processor.py:175} INFO - Processing /home/airflow/.local/lib/python3.7/site-packages/airflow/example_dags/example_latest_only_with_trigger.py took 0.117 seconds
[2023-06-01T08:57:38.705+0000] {processor.py:153} INFO - Started process (PID=1986) to work on /home/airflow/.local/lib/python3.7/site-packages/airflow/example_dags/example_latest_only_with_trigger.py
[2023-06-01T08:57:38.707+0000] {processor.py:743} INFO - Processing file /home/airflow/.local/lib/python3.7/site-packages/airflow/example_dags/example_latest_only_with_trigger.py for tasks to queue
[2023-06-01T08:57:38.708+0000] {logging_mixin.py:137} INFO - [2023-06-01T08:57:38.708+0000] {dagbag.py:538} INFO - Filling up the DagBag from /home/airflow/.local/lib/python3.7/site-packages/airflow/example_dags/example_latest_only_with_trigger.py
[2023-06-01T08:57:38.722+0000] {processor.py:753} INFO - DAG(s) dict_keys(['latest_only_with_trigger']) retrieved from /home/airflow/.local/lib/python3.7/site-packages/airflow/example_dags/example_latest_only_with_trigger.py
[2023-06-01T08:57:38.750+0000] {logging_mixin.py:137} INFO - [2023-06-01T08:57:38.750+0000] {dag.py:2690} INFO - Sync 1 DAGs
[2023-06-01T08:57:38.780+0000] {logging_mixin.py:137} INFO - [2023-06-01T08:57:38.780+0000] {dag.py:3441} INFO - Setting next_dagrun for latest_only_with_trigger to 2023-06-01T04:57:38.780177+00:00, run_after=2023-06-01T08:57:38.780177+00:00
[2023-06-01T08:57:38.806+0000] {processor.py:175} INFO - Processing /home/airflow/.local/lib/python3.7/site-packages/airflow/example_dags/example_latest_only_with_trigger.py took 0.103 seconds
[2023-06-01T08:58:09.985+0000] {processor.py:153} INFO - Started process (PID=2082) to work on /home/airflow/.local/lib/python3.7/site-packages/airflow/example_dags/example_latest_only_with_trigger.py
[2023-06-01T08:58:09.986+0000] {processor.py:743} INFO - Processing file /home/airflow/.local/lib/python3.7/site-packages/airflow/example_dags/example_latest_only_with_trigger.py for tasks to queue
[2023-06-01T08:58:09.987+0000] {logging_mixin.py:137} INFO - [2023-06-01T08:58:09.987+0000] {dagbag.py:538} INFO - Filling up the DagBag from /home/airflow/.local/lib/python3.7/site-packages/airflow/example_dags/example_latest_only_with_trigger.py
[2023-06-01T08:58:10.002+0000] {processor.py:753} INFO - DAG(s) dict_keys(['latest_only_with_trigger']) retrieved from /home/airflow/.local/lib/python3.7/site-packages/airflow/example_dags/example_latest_only_with_trigger.py
[2023-06-01T08:58:10.029+0000] {logging_mixin.py:137} INFO - [2023-06-01T08:58:10.029+0000] {dag.py:2690} INFO - Sync 1 DAGs
[2023-06-01T08:58:10.059+0000] {logging_mixin.py:137} INFO - [2023-06-01T08:58:10.059+0000] {dag.py:3441} INFO - Setting next_dagrun for latest_only_with_trigger to 2023-06-01T04:58:10.058884+00:00, run_after=2023-06-01T08:58:10.058884+00:00
[2023-06-01T08:58:10.088+0000] {processor.py:175} INFO - Processing /home/airflow/.local/lib/python3.7/site-packages/airflow/example_dags/example_latest_only_with_trigger.py took 0.106 seconds
[2023-06-01T08:58:40.466+0000] {processor.py:153} INFO - Started process (PID=2184) to work on /home/airflow/.local/lib/python3.7/site-packages/airflow/example_dags/example_latest_only_with_trigger.py
[2023-06-01T08:58:40.467+0000] {processor.py:743} INFO - Processing file /home/airflow/.local/lib/python3.7/site-packages/airflow/example_dags/example_latest_only_with_trigger.py for tasks to queue
[2023-06-01T08:58:40.468+0000] {logging_mixin.py:137} INFO - [2023-06-01T08:58:40.468+0000] {dagbag.py:538} INFO - Filling up the DagBag from /home/airflow/.local/lib/python3.7/site-packages/airflow/example_dags/example_latest_only_with_trigger.py
[2023-06-01T08:58:40.485+0000] {processor.py:753} INFO - DAG(s) dict_keys(['latest_only_with_trigger']) retrieved from /home/airflow/.local/lib/python3.7/site-packages/airflow/example_dags/example_latest_only_with_trigger.py
[2023-06-01T08:58:40.515+0000] {logging_mixin.py:137} INFO - [2023-06-01T08:58:40.514+0000] {dag.py:2690} INFO - Sync 1 DAGs
[2023-06-01T08:58:40.540+0000] {logging_mixin.py:137} INFO - [2023-06-01T08:58:40.540+0000] {dag.py:3441} INFO - Setting next_dagrun for latest_only_with_trigger to 2023-06-01T04:58:40.539944+00:00, run_after=2023-06-01T08:58:40.539944+00:00
[2023-06-01T08:58:40.558+0000] {processor.py:175} INFO - Processing /home/airflow/.local/lib/python3.7/site-packages/airflow/example_dags/example_latest_only_with_trigger.py took 0.096 seconds
[2023-06-01T08:59:11.240+0000] {processor.py:153} INFO - Started process (PID=2271) to work on /home/airflow/.local/lib/python3.7/site-packages/airflow/example_dags/example_latest_only_with_trigger.py
[2023-06-01T08:59:11.242+0000] {processor.py:743} INFO - Processing file /home/airflow/.local/lib/python3.7/site-packages/airflow/example_dags/example_latest_only_with_trigger.py for tasks to queue
[2023-06-01T08:59:11.242+0000] {logging_mixin.py:137} INFO - [2023-06-01T08:59:11.242+0000] {dagbag.py:538} INFO - Filling up the DagBag from /home/airflow/.local/lib/python3.7/site-packages/airflow/example_dags/example_latest_only_with_trigger.py
[2023-06-01T08:59:11.257+0000] {processor.py:753} INFO - DAG(s) dict_keys(['latest_only_with_trigger']) retrieved from /home/airflow/.local/lib/python3.7/site-packages/airflow/example_dags/example_latest_only_with_trigger.py
[2023-06-01T08:59:11.291+0000] {logging_mixin.py:137} INFO - [2023-06-01T08:59:11.291+0000] {dag.py:2690} INFO - Sync 1 DAGs
[2023-06-01T08:59:11.327+0000] {logging_mixin.py:137} INFO - [2023-06-01T08:59:11.327+0000] {dag.py:3441} INFO - Setting next_dagrun for latest_only_with_trigger to 2023-06-01T04:59:11.326825+00:00, run_after=2023-06-01T08:59:11.326825+00:00
[2023-06-01T08:59:11.360+0000] {processor.py:175} INFO - Processing /home/airflow/.local/lib/python3.7/site-packages/airflow/example_dags/example_latest_only_with_trigger.py took 0.123 seconds
[2023-06-01T08:59:41.709+0000] {processor.py:153} INFO - Started process (PID=2358) to work on /home/airflow/.local/lib/python3.7/site-packages/airflow/example_dags/example_latest_only_with_trigger.py
[2023-06-01T08:59:41.711+0000] {processor.py:743} INFO - Processing file /home/airflow/.local/lib/python3.7/site-packages/airflow/example_dags/example_latest_only_with_trigger.py for tasks to queue
[2023-06-01T08:59:41.712+0000] {logging_mixin.py:137} INFO - [2023-06-01T08:59:41.712+0000] {dagbag.py:538} INFO - Filling up the DagBag from /home/airflow/.local/lib/python3.7/site-packages/airflow/example_dags/example_latest_only_with_trigger.py
[2023-06-01T08:59:41.727+0000] {processor.py:753} INFO - DAG(s) dict_keys(['latest_only_with_trigger']) retrieved from /home/airflow/.local/lib/python3.7/site-packages/airflow/example_dags/example_latest_only_with_trigger.py
[2023-06-01T08:59:41.759+0000] {logging_mixin.py:137} INFO - [2023-06-01T08:59:41.758+0000] {dag.py:2690} INFO - Sync 1 DAGs
[2023-06-01T08:59:41.787+0000] {logging_mixin.py:137} INFO - [2023-06-01T08:59:41.786+0000] {dag.py:3441} INFO - Setting next_dagrun for latest_only_with_trigger to 2023-06-01T04:59:41.786522+00:00, run_after=2023-06-01T08:59:41.786522+00:00
[2023-06-01T08:59:41.820+0000] {processor.py:175} INFO - Processing /home/airflow/.local/lib/python3.7/site-packages/airflow/example_dags/example_latest_only_with_trigger.py took 0.116 seconds
[2023-06-01T09:00:12.721+0000] {processor.py:153} INFO - Started process (PID=2469) to work on /home/airflow/.local/lib/python3.7/site-packages/airflow/example_dags/example_latest_only_with_trigger.py
[2023-06-01T09:00:12.723+0000] {processor.py:743} INFO - Processing file /home/airflow/.local/lib/python3.7/site-packages/airflow/example_dags/example_latest_only_with_trigger.py for tasks to queue
[2023-06-01T09:00:12.724+0000] {logging_mixin.py:137} INFO - [2023-06-01T09:00:12.724+0000] {dagbag.py:538} INFO - Filling up the DagBag from /home/airflow/.local/lib/python3.7/site-packages/airflow/example_dags/example_latest_only_with_trigger.py
[2023-06-01T09:00:12.740+0000] {processor.py:753} INFO - DAG(s) dict_keys(['latest_only_with_trigger']) retrieved from /home/airflow/.local/lib/python3.7/site-packages/airflow/example_dags/example_latest_only_with_trigger.py
[2023-06-01T09:00:12.777+0000] {logging_mixin.py:137} INFO - [2023-06-01T09:00:12.777+0000] {dag.py:2690} INFO - Sync 1 DAGs
[2023-06-01T09:00:12.813+0000] {logging_mixin.py:137} INFO - [2023-06-01T09:00:12.813+0000] {dag.py:3441} INFO - Setting next_dagrun for latest_only_with_trigger to 2023-06-01T05:00:12.812941+00:00, run_after=2023-06-01T09:00:12.812941+00:00
[2023-06-01T09:00:12.847+0000] {processor.py:175} INFO - Processing /home/airflow/.local/lib/python3.7/site-packages/airflow/example_dags/example_latest_only_with_trigger.py took 0.131 seconds
[2023-06-01T09:00:43.612+0000] {processor.py:153} INFO - Started process (PID=2556) to work on /home/airflow/.local/lib/python3.7/site-packages/airflow/example_dags/example_latest_only_with_trigger.py
[2023-06-01T09:00:43.614+0000] {processor.py:743} INFO - Processing file /home/airflow/.local/lib/python3.7/site-packages/airflow/example_dags/example_latest_only_with_trigger.py for tasks to queue
[2023-06-01T09:00:43.614+0000] {logging_mixin.py:137} INFO - [2023-06-01T09:00:43.614+0000] {dagbag.py:538} INFO - Filling up the DagBag from /home/airflow/.local/lib/python3.7/site-packages/airflow/example_dags/example_latest_only_with_trigger.py
[2023-06-01T09:00:43.629+0000] {processor.py:753} INFO - DAG(s) dict_keys(['latest_only_with_trigger']) retrieved from /home/airflow/.local/lib/python3.7/site-packages/airflow/example_dags/example_latest_only_with_trigger.py
[2023-06-01T09:00:43.663+0000] {logging_mixin.py:137} INFO - [2023-06-01T09:00:43.663+0000] {dag.py:2690} INFO - Sync 1 DAGs
[2023-06-01T09:00:43.692+0000] {logging_mixin.py:137} INFO - [2023-06-01T09:00:43.692+0000] {dag.py:3441} INFO - Setting next_dagrun for latest_only_with_trigger to 2023-06-01T05:00:43.691905+00:00, run_after=2023-06-01T09:00:43.691905+00:00
[2023-06-01T09:00:43.718+0000] {processor.py:175} INFO - Processing /home/airflow/.local/lib/python3.7/site-packages/airflow/example_dags/example_latest_only_with_trigger.py took 0.109 seconds
[2023-06-01T09:01:14.540+0000] {processor.py:153} INFO - Started process (PID=2643) to work on /home/airflow/.local/lib/python3.7/site-packages/airflow/example_dags/example_latest_only_with_trigger.py
[2023-06-01T09:01:14.542+0000] {processor.py:743} INFO - Processing file /home/airflow/.local/lib/python3.7/site-packages/airflow/example_dags/example_latest_only_with_trigger.py for tasks to queue
[2023-06-01T09:01:14.542+0000] {logging_mixin.py:137} INFO - [2023-06-01T09:01:14.542+0000] {dagbag.py:538} INFO - Filling up the DagBag from /home/airflow/.local/lib/python3.7/site-packages/airflow/example_dags/example_latest_only_with_trigger.py
[2023-06-01T09:01:14.558+0000] {processor.py:753} INFO - DAG(s) dict_keys(['latest_only_with_trigger']) retrieved from /home/airflow/.local/lib/python3.7/site-packages/airflow/example_dags/example_latest_only_with_trigger.py
[2023-06-01T09:01:14.587+0000] {logging_mixin.py:137} INFO - [2023-06-01T09:01:14.587+0000] {dag.py:2690} INFO - Sync 1 DAGs
[2023-06-01T09:01:14.620+0000] {logging_mixin.py:137} INFO - [2023-06-01T09:01:14.620+0000] {dag.py:3441} INFO - Setting next_dagrun for latest_only_with_trigger to 2023-06-01T05:01:14.620157+00:00, run_after=2023-06-01T09:01:14.620157+00:00
[2023-06-01T09:01:14.653+0000] {processor.py:175} INFO - Processing /home/airflow/.local/lib/python3.7/site-packages/airflow/example_dags/example_latest_only_with_trigger.py took 0.117 seconds
[2023-06-01T09:01:45.181+0000] {processor.py:153} INFO - Started process (PID=2737) to work on /home/airflow/.local/lib/python3.7/site-packages/airflow/example_dags/example_latest_only_with_trigger.py
[2023-06-01T09:01:45.182+0000] {processor.py:743} INFO - Processing file /home/airflow/.local/lib/python3.7/site-packages/airflow/example_dags/example_latest_only_with_trigger.py for tasks to queue
[2023-06-01T09:01:45.183+0000] {logging_mixin.py:137} INFO - [2023-06-01T09:01:45.183+0000] {dagbag.py:538} INFO - Filling up the DagBag from /home/airflow/.local/lib/python3.7/site-packages/airflow/example_dags/example_latest_only_with_trigger.py
[2023-06-01T09:01:45.198+0000] {processor.py:753} INFO - DAG(s) dict_keys(['latest_only_with_trigger']) retrieved from /home/airflow/.local/lib/python3.7/site-packages/airflow/example_dags/example_latest_only_with_trigger.py
[2023-06-01T09:01:45.235+0000] {logging_mixin.py:137} INFO - [2023-06-01T09:01:45.235+0000] {dag.py:2690} INFO - Sync 1 DAGs
[2023-06-01T09:01:45.269+0000] {logging_mixin.py:137} INFO - [2023-06-01T09:01:45.269+0000] {dag.py:3441} INFO - Setting next_dagrun for latest_only_with_trigger to 2023-06-01T05:01:45.268859+00:00, run_after=2023-06-01T09:01:45.268859+00:00
[2023-06-01T09:01:45.288+0000] {processor.py:175} INFO - Processing /home/airflow/.local/lib/python3.7/site-packages/airflow/example_dags/example_latest_only_with_trigger.py took 0.110 seconds
[2023-06-01T09:02:15.671+0000] {processor.py:153} INFO - Started process (PID=2841) to work on /home/airflow/.local/lib/python3.7/site-packages/airflow/example_dags/example_latest_only_with_trigger.py
[2023-06-01T09:02:15.672+0000] {processor.py:743} INFO - Processing file /home/airflow/.local/lib/python3.7/site-packages/airflow/example_dags/example_latest_only_with_trigger.py for tasks to queue
[2023-06-01T09:02:15.673+0000] {logging_mixin.py:137} INFO - [2023-06-01T09:02:15.673+0000] {dagbag.py:538} INFO - Filling up the DagBag from /home/airflow/.local/lib/python3.7/site-packages/airflow/example_dags/example_latest_only_with_trigger.py
[2023-06-01T09:02:15.686+0000] {processor.py:753} INFO - DAG(s) dict_keys(['latest_only_with_trigger']) retrieved from /home/airflow/.local/lib/python3.7/site-packages/airflow/example_dags/example_latest_only_with_trigger.py
[2023-06-01T09:02:15.709+0000] {logging_mixin.py:137} INFO - [2023-06-01T09:02:15.709+0000] {dag.py:2690} INFO - Sync 1 DAGs
[2023-06-01T09:02:15.732+0000] {logging_mixin.py:137} INFO - [2023-06-01T09:02:15.732+0000] {dag.py:3441} INFO - Setting next_dagrun for latest_only_with_trigger to 2023-06-01T05:02:15.732061+00:00, run_after=2023-06-01T09:02:15.732061+00:00
[2023-06-01T09:02:15.748+0000] {processor.py:175} INFO - Processing /home/airflow/.local/lib/python3.7/site-packages/airflow/example_dags/example_latest_only_with_trigger.py took 0.080 seconds
[2023-06-01T09:02:46.090+0000] {processor.py:153} INFO - Started process (PID=2928) to work on /home/airflow/.local/lib/python3.7/site-packages/airflow/example_dags/example_latest_only_with_trigger.py
[2023-06-01T09:02:46.091+0000] {processor.py:743} INFO - Processing file /home/airflow/.local/lib/python3.7/site-packages/airflow/example_dags/example_latest_only_with_trigger.py for tasks to queue
[2023-06-01T09:02:46.092+0000] {logging_mixin.py:137} INFO - [2023-06-01T09:02:46.092+0000] {dagbag.py:538} INFO - Filling up the DagBag from /home/airflow/.local/lib/python3.7/site-packages/airflow/example_dags/example_latest_only_with_trigger.py
[2023-06-01T09:02:46.106+0000] {processor.py:753} INFO - DAG(s) dict_keys(['latest_only_with_trigger']) retrieved from /home/airflow/.local/lib/python3.7/site-packages/airflow/example_dags/example_latest_only_with_trigger.py
[2023-06-01T09:02:46.134+0000] {logging_mixin.py:137} INFO - [2023-06-01T09:02:46.134+0000] {dag.py:2690} INFO - Sync 1 DAGs
[2023-06-01T09:02:46.163+0000] {logging_mixin.py:137} INFO - [2023-06-01T09:02:46.162+0000] {dag.py:3441} INFO - Setting next_dagrun for latest_only_with_trigger to 2023-06-01T05:02:46.162622+00:00, run_after=2023-06-01T09:02:46.162622+00:00
[2023-06-01T09:02:46.183+0000] {processor.py:175} INFO - Processing /home/airflow/.local/lib/python3.7/site-packages/airflow/example_dags/example_latest_only_with_trigger.py took 0.096 seconds
[2023-06-01T09:03:16.458+0000] {processor.py:153} INFO - Started process (PID=3015) to work on /home/airflow/.local/lib/python3.7/site-packages/airflow/example_dags/example_latest_only_with_trigger.py
[2023-06-01T09:03:16.459+0000] {processor.py:743} INFO - Processing file /home/airflow/.local/lib/python3.7/site-packages/airflow/example_dags/example_latest_only_with_trigger.py for tasks to queue
[2023-06-01T09:03:16.459+0000] {logging_mixin.py:137} INFO - [2023-06-01T09:03:16.459+0000] {dagbag.py:538} INFO - Filling up the DagBag from /home/airflow/.local/lib/python3.7/site-packages/airflow/example_dags/example_latest_only_with_trigger.py
[2023-06-01T09:03:16.474+0000] {processor.py:753} INFO - DAG(s) dict_keys(['latest_only_with_trigger']) retrieved from /home/airflow/.local/lib/python3.7/site-packages/airflow/example_dags/example_latest_only_with_trigger.py
[2023-06-01T09:03:16.508+0000] {logging_mixin.py:137} INFO - [2023-06-01T09:03:16.508+0000] {dag.py:2690} INFO - Sync 1 DAGs
[2023-06-01T09:03:16.534+0000] {logging_mixin.py:137} INFO - [2023-06-01T09:03:16.534+0000] {dag.py:3441} INFO - Setting next_dagrun for latest_only_with_trigger to 2023-06-01T05:03:16.534209+00:00, run_after=2023-06-01T09:03:16.534209+00:00
[2023-06-01T09:03:16.555+0000] {processor.py:175} INFO - Processing /home/airflow/.local/lib/python3.7/site-packages/airflow/example_dags/example_latest_only_with_trigger.py took 0.100 seconds
[2023-06-01T09:03:47.085+0000] {processor.py:153} INFO - Started process (PID=3126) to work on /home/airflow/.local/lib/python3.7/site-packages/airflow/example_dags/example_latest_only_with_trigger.py
[2023-06-01T09:03:47.086+0000] {processor.py:743} INFO - Processing file /home/airflow/.local/lib/python3.7/site-packages/airflow/example_dags/example_latest_only_with_trigger.py for tasks to queue
[2023-06-01T09:03:47.087+0000] {logging_mixin.py:137} INFO - [2023-06-01T09:03:47.087+0000] {dagbag.py:538} INFO - Filling up the DagBag from /home/airflow/.local/lib/python3.7/site-packages/airflow/example_dags/example_latest_only_with_trigger.py
[2023-06-01T09:03:47.101+0000] {processor.py:753} INFO - DAG(s) dict_keys(['latest_only_with_trigger']) retrieved from /home/airflow/.local/lib/python3.7/site-packages/airflow/example_dags/example_latest_only_with_trigger.py
[2023-06-01T09:03:47.128+0000] {logging_mixin.py:137} INFO - [2023-06-01T09:03:47.127+0000] {dag.py:2690} INFO - Sync 1 DAGs
[2023-06-01T09:03:47.155+0000] {logging_mixin.py:137} INFO - [2023-06-01T09:03:47.154+0000] {dag.py:3441} INFO - Setting next_dagrun for latest_only_with_trigger to 2023-06-01T05:03:47.154582+00:00, run_after=2023-06-01T09:03:47.154582+00:00
[2023-06-01T09:03:47.177+0000] {processor.py:175} INFO - Processing /home/airflow/.local/lib/python3.7/site-packages/airflow/example_dags/example_latest_only_with_trigger.py took 0.095 seconds
[2023-06-01T09:04:17.817+0000] {processor.py:153} INFO - Started process (PID=3213) to work on /home/airflow/.local/lib/python3.7/site-packages/airflow/example_dags/example_latest_only_with_trigger.py
[2023-06-01T09:04:17.818+0000] {processor.py:743} INFO - Processing file /home/airflow/.local/lib/python3.7/site-packages/airflow/example_dags/example_latest_only_with_trigger.py for tasks to queue
[2023-06-01T09:04:17.819+0000] {logging_mixin.py:137} INFO - [2023-06-01T09:04:17.819+0000] {dagbag.py:538} INFO - Filling up the DagBag from /home/airflow/.local/lib/python3.7/site-packages/airflow/example_dags/example_latest_only_with_trigger.py
[2023-06-01T09:04:17.836+0000] {processor.py:753} INFO - DAG(s) dict_keys(['latest_only_with_trigger']) retrieved from /home/airflow/.local/lib/python3.7/site-packages/airflow/example_dags/example_latest_only_with_trigger.py
[2023-06-01T09:04:17.868+0000] {logging_mixin.py:137} INFO - [2023-06-01T09:04:17.868+0000] {dag.py:2690} INFO - Sync 1 DAGs
[2023-06-01T09:04:17.898+0000] {logging_mixin.py:137} INFO - [2023-06-01T09:04:17.898+0000] {dag.py:3441} INFO - Setting next_dagrun for latest_only_with_trigger to 2023-06-01T05:04:17.898086+00:00, run_after=2023-06-01T09:04:17.898086+00:00
[2023-06-01T09:04:17.915+0000] {processor.py:175} INFO - Processing /home/airflow/.local/lib/python3.7/site-packages/airflow/example_dags/example_latest_only_with_trigger.py took 0.102 seconds
[2023-06-01T09:04:48.305+0000] {processor.py:153} INFO - Started process (PID=3300) to work on /home/airflow/.local/lib/python3.7/site-packages/airflow/example_dags/example_latest_only_with_trigger.py
[2023-06-01T09:04:48.308+0000] {processor.py:743} INFO - Processing file /home/airflow/.local/lib/python3.7/site-packages/airflow/example_dags/example_latest_only_with_trigger.py for tasks to queue
[2023-06-01T09:04:48.308+0000] {logging_mixin.py:137} INFO - [2023-06-01T09:04:48.308+0000] {dagbag.py:538} INFO - Filling up the DagBag from /home/airflow/.local/lib/python3.7/site-packages/airflow/example_dags/example_latest_only_with_trigger.py
[2023-06-01T09:04:48.324+0000] {processor.py:753} INFO - DAG(s) dict_keys(['latest_only_with_trigger']) retrieved from /home/airflow/.local/lib/python3.7/site-packages/airflow/example_dags/example_latest_only_with_trigger.py
[2023-06-01T09:04:48.352+0000] {logging_mixin.py:137} INFO - [2023-06-01T09:04:48.352+0000] {dag.py:2690} INFO - Sync 1 DAGs
[2023-06-01T09:04:48.379+0000] {logging_mixin.py:137} INFO - [2023-06-01T09:04:48.379+0000] {dag.py:3441} INFO - Setting next_dagrun for latest_only_with_trigger to 2023-06-01T05:04:48.379082+00:00, run_after=2023-06-01T09:04:48.379082+00:00
[2023-06-01T09:04:48.411+0000] {processor.py:175} INFO - Processing /home/airflow/.local/lib/python3.7/site-packages/airflow/example_dags/example_latest_only_with_trigger.py took 0.109 seconds
[2023-06-01T09:05:19.437+0000] {processor.py:153} INFO - Started process (PID=3387) to work on /home/airflow/.local/lib/python3.7/site-packages/airflow/example_dags/example_latest_only_with_trigger.py
[2023-06-01T09:05:19.438+0000] {processor.py:743} INFO - Processing file /home/airflow/.local/lib/python3.7/site-packages/airflow/example_dags/example_latest_only_with_trigger.py for tasks to queue
[2023-06-01T09:05:19.439+0000] {logging_mixin.py:137} INFO - [2023-06-01T09:05:19.439+0000] {dagbag.py:538} INFO - Filling up the DagBag from /home/airflow/.local/lib/python3.7/site-packages/airflow/example_dags/example_latest_only_with_trigger.py
[2023-06-01T09:05:19.459+0000] {processor.py:753} INFO - DAG(s) dict_keys(['latest_only_with_trigger']) retrieved from /home/airflow/.local/lib/python3.7/site-packages/airflow/example_dags/example_latest_only_with_trigger.py
[2023-06-01T09:05:19.503+0000] {logging_mixin.py:137} INFO - [2023-06-01T09:05:19.502+0000] {dag.py:2690} INFO - Sync 1 DAGs
[2023-06-01T09:05:19.545+0000] {logging_mixin.py:137} INFO - [2023-06-01T09:05:19.545+0000] {dag.py:3441} INFO - Setting next_dagrun for latest_only_with_trigger to 2023-06-01T05:05:19.544904+00:00, run_after=2023-06-01T09:05:19.544904+00:00
[2023-06-01T09:05:19.583+0000] {processor.py:175} INFO - Processing /home/airflow/.local/lib/python3.7/site-packages/airflow/example_dags/example_latest_only_with_trigger.py took 0.151 seconds
[2023-06-01T09:05:50.080+0000] {processor.py:153} INFO - Started process (PID=3481) to work on /home/airflow/.local/lib/python3.7/site-packages/airflow/example_dags/example_latest_only_with_trigger.py
[2023-06-01T09:05:50.082+0000] {processor.py:743} INFO - Processing file /home/airflow/.local/lib/python3.7/site-packages/airflow/example_dags/example_latest_only_with_trigger.py for tasks to queue
[2023-06-01T09:05:50.083+0000] {logging_mixin.py:137} INFO - [2023-06-01T09:05:50.082+0000] {dagbag.py:538} INFO - Filling up the DagBag from /home/airflow/.local/lib/python3.7/site-packages/airflow/example_dags/example_latest_only_with_trigger.py
[2023-06-01T09:05:50.101+0000] {processor.py:753} INFO - DAG(s) dict_keys(['latest_only_with_trigger']) retrieved from /home/airflow/.local/lib/python3.7/site-packages/airflow/example_dags/example_latest_only_with_trigger.py
[2023-06-01T09:05:50.140+0000] {logging_mixin.py:137} INFO - [2023-06-01T09:05:50.140+0000] {dag.py:2690} INFO - Sync 1 DAGs
[2023-06-01T09:05:50.177+0000] {logging_mixin.py:137} INFO - [2023-06-01T09:05:50.177+0000] {dag.py:3441} INFO - Setting next_dagrun for latest_only_with_trigger to 2023-06-01T05:05:50.177028+00:00, run_after=2023-06-01T09:05:50.177028+00:00
[2023-06-01T09:05:50.209+0000] {processor.py:175} INFO - Processing /home/airflow/.local/lib/python3.7/site-packages/airflow/example_dags/example_latest_only_with_trigger.py took 0.134 seconds
[2023-06-01T09:06:20.499+0000] {processor.py:153} INFO - Started process (PID=3585) to work on /home/airflow/.local/lib/python3.7/site-packages/airflow/example_dags/example_latest_only_with_trigger.py
[2023-06-01T09:06:20.500+0000] {processor.py:743} INFO - Processing file /home/airflow/.local/lib/python3.7/site-packages/airflow/example_dags/example_latest_only_with_trigger.py for tasks to queue
[2023-06-01T09:06:20.500+0000] {logging_mixin.py:137} INFO - [2023-06-01T09:06:20.500+0000] {dagbag.py:538} INFO - Filling up the DagBag from /home/airflow/.local/lib/python3.7/site-packages/airflow/example_dags/example_latest_only_with_trigger.py
[2023-06-01T09:06:20.516+0000] {processor.py:753} INFO - DAG(s) dict_keys(['latest_only_with_trigger']) retrieved from /home/airflow/.local/lib/python3.7/site-packages/airflow/example_dags/example_latest_only_with_trigger.py
[2023-06-01T09:06:20.563+0000] {logging_mixin.py:137} INFO - [2023-06-01T09:06:20.563+0000] {dag.py:2690} INFO - Sync 1 DAGs
[2023-06-01T09:06:20.598+0000] {logging_mixin.py:137} INFO - [2023-06-01T09:06:20.598+0000] {dag.py:3441} INFO - Setting next_dagrun for latest_only_with_trigger to 2023-06-01T05:06:20.597980+00:00, run_after=2023-06-01T09:06:20.597980+00:00
[2023-06-01T09:06:20.633+0000] {processor.py:175} INFO - Processing /home/airflow/.local/lib/python3.7/site-packages/airflow/example_dags/example_latest_only_with_trigger.py took 0.140 seconds
[2023-06-01T09:06:50.943+0000] {processor.py:153} INFO - Started process (PID=3672) to work on /home/airflow/.local/lib/python3.7/site-packages/airflow/example_dags/example_latest_only_with_trigger.py
[2023-06-01T09:06:50.945+0000] {processor.py:743} INFO - Processing file /home/airflow/.local/lib/python3.7/site-packages/airflow/example_dags/example_latest_only_with_trigger.py for tasks to queue
[2023-06-01T09:06:50.946+0000] {logging_mixin.py:137} INFO - [2023-06-01T09:06:50.946+0000] {dagbag.py:538} INFO - Filling up the DagBag from /home/airflow/.local/lib/python3.7/site-packages/airflow/example_dags/example_latest_only_with_trigger.py
[2023-06-01T09:06:50.965+0000] {processor.py:753} INFO - DAG(s) dict_keys(['latest_only_with_trigger']) retrieved from /home/airflow/.local/lib/python3.7/site-packages/airflow/example_dags/example_latest_only_with_trigger.py
[2023-06-01T09:06:51.004+0000] {logging_mixin.py:137} INFO - [2023-06-01T09:06:51.004+0000] {dag.py:2690} INFO - Sync 1 DAGs
[2023-06-01T09:06:51.040+0000] {logging_mixin.py:137} INFO - [2023-06-01T09:06:51.040+0000] {dag.py:3441} INFO - Setting next_dagrun for latest_only_with_trigger to 2023-06-01T05:06:51.039729+00:00, run_after=2023-06-01T09:06:51.039729+00:00
[2023-06-01T09:06:51.074+0000] {processor.py:175} INFO - Processing /home/airflow/.local/lib/python3.7/site-packages/airflow/example_dags/example_latest_only_with_trigger.py took 0.135 seconds
[2023-06-01T09:07:21.926+0000] {processor.py:153} INFO - Started process (PID=3759) to work on /home/airflow/.local/lib/python3.7/site-packages/airflow/example_dags/example_latest_only_with_trigger.py
[2023-06-01T09:07:21.927+0000] {processor.py:743} INFO - Processing file /home/airflow/.local/lib/python3.7/site-packages/airflow/example_dags/example_latest_only_with_trigger.py for tasks to queue
[2023-06-01T09:07:21.928+0000] {logging_mixin.py:137} INFO - [2023-06-01T09:07:21.927+0000] {dagbag.py:538} INFO - Filling up the DagBag from /home/airflow/.local/lib/python3.7/site-packages/airflow/example_dags/example_latest_only_with_trigger.py
[2023-06-01T09:07:21.945+0000] {processor.py:753} INFO - DAG(s) dict_keys(['latest_only_with_trigger']) retrieved from /home/airflow/.local/lib/python3.7/site-packages/airflow/example_dags/example_latest_only_with_trigger.py
[2023-06-01T09:07:21.985+0000] {logging_mixin.py:137} INFO - [2023-06-01T09:07:21.984+0000] {dag.py:2690} INFO - Sync 1 DAGs
[2023-06-01T09:07:22.016+0000] {logging_mixin.py:137} INFO - [2023-06-01T09:07:22.016+0000] {dag.py:3441} INFO - Setting next_dagrun for latest_only_with_trigger to 2023-06-01T05:07:22.016260+00:00, run_after=2023-06-01T09:07:22.016260+00:00
[2023-06-01T09:07:22.050+0000] {processor.py:175} INFO - Processing /home/airflow/.local/lib/python3.7/site-packages/airflow/example_dags/example_latest_only_with_trigger.py took 0.129 seconds
[2023-06-01T09:07:52.763+0000] {processor.py:153} INFO - Started process (PID=3846) to work on /home/airflow/.local/lib/python3.7/site-packages/airflow/example_dags/example_latest_only_with_trigger.py
[2023-06-01T09:07:52.765+0000] {processor.py:743} INFO - Processing file /home/airflow/.local/lib/python3.7/site-packages/airflow/example_dags/example_latest_only_with_trigger.py for tasks to queue
[2023-06-01T09:07:52.766+0000] {logging_mixin.py:137} INFO - [2023-06-01T09:07:52.765+0000] {dagbag.py:538} INFO - Filling up the DagBag from /home/airflow/.local/lib/python3.7/site-packages/airflow/example_dags/example_latest_only_with_trigger.py
[2023-06-01T09:07:52.781+0000] {processor.py:753} INFO - DAG(s) dict_keys(['latest_only_with_trigger']) retrieved from /home/airflow/.local/lib/python3.7/site-packages/airflow/example_dags/example_latest_only_with_trigger.py
[2023-06-01T09:07:52.815+0000] {logging_mixin.py:137} INFO - [2023-06-01T09:07:52.814+0000] {dag.py:2690} INFO - Sync 1 DAGs
[2023-06-01T09:07:52.850+0000] {logging_mixin.py:137} INFO - [2023-06-01T09:07:52.850+0000] {dag.py:3441} INFO - Setting next_dagrun for latest_only_with_trigger to 2023-06-01T05:07:52.849640+00:00, run_after=2023-06-01T09:07:52.849640+00:00
[2023-06-01T09:07:52.880+0000] {processor.py:175} INFO - Processing /home/airflow/.local/lib/python3.7/site-packages/airflow/example_dags/example_latest_only_with_trigger.py took 0.120 seconds
[2023-06-01T09:08:23.675+0000] {processor.py:153} INFO - Started process (PID=3957) to work on /home/airflow/.local/lib/python3.7/site-packages/airflow/example_dags/example_latest_only_with_trigger.py
[2023-06-01T09:08:23.676+0000] {processor.py:743} INFO - Processing file /home/airflow/.local/lib/python3.7/site-packages/airflow/example_dags/example_latest_only_with_trigger.py for tasks to queue
[2023-06-01T09:08:23.677+0000] {logging_mixin.py:137} INFO - [2023-06-01T09:08:23.677+0000] {dagbag.py:538} INFO - Filling up the DagBag from /home/airflow/.local/lib/python3.7/site-packages/airflow/example_dags/example_latest_only_with_trigger.py
[2023-06-01T09:08:23.697+0000] {processor.py:753} INFO - DAG(s) dict_keys(['latest_only_with_trigger']) retrieved from /home/airflow/.local/lib/python3.7/site-packages/airflow/example_dags/example_latest_only_with_trigger.py
[2023-06-01T09:08:23.733+0000] {logging_mixin.py:137} INFO - [2023-06-01T09:08:23.733+0000] {dag.py:2690} INFO - Sync 1 DAGs
[2023-06-01T09:08:23.764+0000] {logging_mixin.py:137} INFO - [2023-06-01T09:08:23.763+0000] {dag.py:3441} INFO - Setting next_dagrun for latest_only_with_trigger to 2023-06-01T05:08:23.763553+00:00, run_after=2023-06-01T09:08:23.763553+00:00
[2023-06-01T09:08:23.797+0000] {processor.py:175} INFO - Processing /home/airflow/.local/lib/python3.7/site-packages/airflow/example_dags/example_latest_only_with_trigger.py took 0.128 seconds
[2023-06-01T09:08:54.188+0000] {processor.py:153} INFO - Started process (PID=4044) to work on /home/airflow/.local/lib/python3.7/site-packages/airflow/example_dags/example_latest_only_with_trigger.py
[2023-06-01T09:08:54.188+0000] {processor.py:743} INFO - Processing file /home/airflow/.local/lib/python3.7/site-packages/airflow/example_dags/example_latest_only_with_trigger.py for tasks to queue
[2023-06-01T09:08:54.189+0000] {logging_mixin.py:137} INFO - [2023-06-01T09:08:54.189+0000] {dagbag.py:538} INFO - Filling up the DagBag from /home/airflow/.local/lib/python3.7/site-packages/airflow/example_dags/example_latest_only_with_trigger.py
[2023-06-01T09:08:54.203+0000] {processor.py:753} INFO - DAG(s) dict_keys(['latest_only_with_trigger']) retrieved from /home/airflow/.local/lib/python3.7/site-packages/airflow/example_dags/example_latest_only_with_trigger.py
[2023-06-01T09:08:54.233+0000] {logging_mixin.py:137} INFO - [2023-06-01T09:08:54.233+0000] {dag.py:2690} INFO - Sync 1 DAGs
[2023-06-01T09:08:54.265+0000] {logging_mixin.py:137} INFO - [2023-06-01T09:08:54.265+0000] {dag.py:3441} INFO - Setting next_dagrun for latest_only_with_trigger to 2023-06-01T05:08:54.265262+00:00, run_after=2023-06-01T09:08:54.265262+00:00
[2023-06-01T09:08:54.291+0000] {processor.py:175} INFO - Processing /home/airflow/.local/lib/python3.7/site-packages/airflow/example_dags/example_latest_only_with_trigger.py took 0.107 seconds
[2023-06-01T09:09:24.655+0000] {processor.py:153} INFO - Started process (PID=4131) to work on /home/airflow/.local/lib/python3.7/site-packages/airflow/example_dags/example_latest_only_with_trigger.py
[2023-06-01T09:09:24.657+0000] {processor.py:743} INFO - Processing file /home/airflow/.local/lib/python3.7/site-packages/airflow/example_dags/example_latest_only_with_trigger.py for tasks to queue
[2023-06-01T09:09:24.658+0000] {logging_mixin.py:137} INFO - [2023-06-01T09:09:24.657+0000] {dagbag.py:538} INFO - Filling up the DagBag from /home/airflow/.local/lib/python3.7/site-packages/airflow/example_dags/example_latest_only_with_trigger.py
[2023-06-01T09:09:24.672+0000] {processor.py:753} INFO - DAG(s) dict_keys(['latest_only_with_trigger']) retrieved from /home/airflow/.local/lib/python3.7/site-packages/airflow/example_dags/example_latest_only_with_trigger.py
[2023-06-01T09:09:24.703+0000] {logging_mixin.py:137} INFO - [2023-06-01T09:09:24.703+0000] {dag.py:2690} INFO - Sync 1 DAGs
[2023-06-01T09:09:24.737+0000] {logging_mixin.py:137} INFO - [2023-06-01T09:09:24.736+0000] {dag.py:3441} INFO - Setting next_dagrun for latest_only_with_trigger to 2023-06-01T05:09:24.736678+00:00, run_after=2023-06-01T09:09:24.736678+00:00
[2023-06-01T09:09:24.763+0000] {processor.py:175} INFO - Processing /home/airflow/.local/lib/python3.7/site-packages/airflow/example_dags/example_latest_only_with_trigger.py took 0.112 seconds
[2023-06-01T09:09:55.352+0000] {processor.py:153} INFO - Started process (PID=4218) to work on /home/airflow/.local/lib/python3.7/site-packages/airflow/example_dags/example_latest_only_with_trigger.py
[2023-06-01T09:09:55.353+0000] {processor.py:743} INFO - Processing file /home/airflow/.local/lib/python3.7/site-packages/airflow/example_dags/example_latest_only_with_trigger.py for tasks to queue
[2023-06-01T09:09:55.353+0000] {logging_mixin.py:137} INFO - [2023-06-01T09:09:55.353+0000] {dagbag.py:538} INFO - Filling up the DagBag from /home/airflow/.local/lib/python3.7/site-packages/airflow/example_dags/example_latest_only_with_trigger.py
[2023-06-01T09:09:55.367+0000] {processor.py:753} INFO - DAG(s) dict_keys(['latest_only_with_trigger']) retrieved from /home/airflow/.local/lib/python3.7/site-packages/airflow/example_dags/example_latest_only_with_trigger.py
[2023-06-01T09:09:55.406+0000] {logging_mixin.py:137} INFO - [2023-06-01T09:09:55.406+0000] {dag.py:2690} INFO - Sync 1 DAGs
[2023-06-01T09:09:55.447+0000] {logging_mixin.py:137} INFO - [2023-06-01T09:09:55.447+0000] {dag.py:3441} INFO - Setting next_dagrun for latest_only_with_trigger to 2023-06-01T05:09:55.446648+00:00, run_after=2023-06-01T09:09:55.446648+00:00
[2023-06-01T09:09:55.479+0000] {processor.py:175} INFO - Processing /home/airflow/.local/lib/python3.7/site-packages/airflow/example_dags/example_latest_only_with_trigger.py took 0.133 seconds
[2023-06-01T09:10:25.976+0000] {processor.py:153} INFO - Started process (PID=4329) to work on /home/airflow/.local/lib/python3.7/site-packages/airflow/example_dags/example_latest_only_with_trigger.py
[2023-06-01T09:10:25.978+0000] {processor.py:743} INFO - Processing file /home/airflow/.local/lib/python3.7/site-packages/airflow/example_dags/example_latest_only_with_trigger.py for tasks to queue
[2023-06-01T09:10:25.978+0000] {logging_mixin.py:137} INFO - [2023-06-01T09:10:25.978+0000] {dagbag.py:538} INFO - Filling up the DagBag from /home/airflow/.local/lib/python3.7/site-packages/airflow/example_dags/example_latest_only_with_trigger.py
[2023-06-01T09:10:25.992+0000] {processor.py:753} INFO - DAG(s) dict_keys(['latest_only_with_trigger']) retrieved from /home/airflow/.local/lib/python3.7/site-packages/airflow/example_dags/example_latest_only_with_trigger.py
[2023-06-01T09:10:26.022+0000] {logging_mixin.py:137} INFO - [2023-06-01T09:10:26.021+0000] {dag.py:2690} INFO - Sync 1 DAGs
[2023-06-01T09:10:26.049+0000] {logging_mixin.py:137} INFO - [2023-06-01T09:10:26.049+0000] {dag.py:3441} INFO - Setting next_dagrun for latest_only_with_trigger to 2023-06-01T05:10:26.049376+00:00, run_after=2023-06-01T09:10:26.049376+00:00
[2023-06-01T09:10:26.068+0000] {processor.py:175} INFO - Processing /home/airflow/.local/lib/python3.7/site-packages/airflow/example_dags/example_latest_only_with_trigger.py took 0.094 seconds
[2023-06-01T09:10:56.593+0000] {processor.py:153} INFO - Started process (PID=4416) to work on /home/airflow/.local/lib/python3.7/site-packages/airflow/example_dags/example_latest_only_with_trigger.py
[2023-06-01T09:10:56.594+0000] {processor.py:743} INFO - Processing file /home/airflow/.local/lib/python3.7/site-packages/airflow/example_dags/example_latest_only_with_trigger.py for tasks to queue
[2023-06-01T09:10:56.595+0000] {logging_mixin.py:137} INFO - [2023-06-01T09:10:56.595+0000] {dagbag.py:538} INFO - Filling up the DagBag from /home/airflow/.local/lib/python3.7/site-packages/airflow/example_dags/example_latest_only_with_trigger.py
[2023-06-01T09:10:56.612+0000] {processor.py:753} INFO - DAG(s) dict_keys(['latest_only_with_trigger']) retrieved from /home/airflow/.local/lib/python3.7/site-packages/airflow/example_dags/example_latest_only_with_trigger.py
[2023-06-01T09:10:56.643+0000] {logging_mixin.py:137} INFO - [2023-06-01T09:10:56.642+0000] {dag.py:2690} INFO - Sync 1 DAGs
[2023-06-01T09:10:56.668+0000] {logging_mixin.py:137} INFO - [2023-06-01T09:10:56.668+0000] {dag.py:3441} INFO - Setting next_dagrun for latest_only_with_trigger to 2023-06-01T05:10:56.668325+00:00, run_after=2023-06-01T09:10:56.668325+00:00
[2023-06-01T09:10:56.687+0000] {processor.py:175} INFO - Processing /home/airflow/.local/lib/python3.7/site-packages/airflow/example_dags/example_latest_only_with_trigger.py took 0.096 seconds
[2023-06-01T09:11:26.881+0000] {processor.py:153} INFO - Started process (PID=4503) to work on /home/airflow/.local/lib/python3.7/site-packages/airflow/example_dags/example_latest_only_with_trigger.py
[2023-06-01T09:11:26.883+0000] {processor.py:743} INFO - Processing file /home/airflow/.local/lib/python3.7/site-packages/airflow/example_dags/example_latest_only_with_trigger.py for tasks to queue
[2023-06-01T09:11:26.884+0000] {logging_mixin.py:137} INFO - [2023-06-01T09:11:26.883+0000] {dagbag.py:538} INFO - Filling up the DagBag from /home/airflow/.local/lib/python3.7/site-packages/airflow/example_dags/example_latest_only_with_trigger.py
[2023-06-01T09:11:26.899+0000] {processor.py:753} INFO - DAG(s) dict_keys(['latest_only_with_trigger']) retrieved from /home/airflow/.local/lib/python3.7/site-packages/airflow/example_dags/example_latest_only_with_trigger.py
[2023-06-01T09:11:26.928+0000] {logging_mixin.py:137} INFO - [2023-06-01T09:11:26.928+0000] {dag.py:2690} INFO - Sync 1 DAGs
[2023-06-01T09:11:26.953+0000] {logging_mixin.py:137} INFO - [2023-06-01T09:11:26.953+0000] {dag.py:3441} INFO - Setting next_dagrun for latest_only_with_trigger to 2023-06-01T05:11:26.953130+00:00, run_after=2023-06-01T09:11:26.953130+00:00
[2023-06-01T09:11:26.971+0000] {processor.py:175} INFO - Processing /home/airflow/.local/lib/python3.7/site-packages/airflow/example_dags/example_latest_only_with_trigger.py took 0.094 seconds
[2023-06-01T09:11:57.130+0000] {processor.py:153} INFO - Started process (PID=4590) to work on /home/airflow/.local/lib/python3.7/site-packages/airflow/example_dags/example_latest_only_with_trigger.py
[2023-06-01T09:11:57.131+0000] {processor.py:743} INFO - Processing file /home/airflow/.local/lib/python3.7/site-packages/airflow/example_dags/example_latest_only_with_trigger.py for tasks to queue
[2023-06-01T09:11:57.131+0000] {logging_mixin.py:137} INFO - [2023-06-01T09:11:57.131+0000] {dagbag.py:538} INFO - Filling up the DagBag from /home/airflow/.local/lib/python3.7/site-packages/airflow/example_dags/example_latest_only_with_trigger.py
[2023-06-01T09:11:57.145+0000] {processor.py:753} INFO - DAG(s) dict_keys(['latest_only_with_trigger']) retrieved from /home/airflow/.local/lib/python3.7/site-packages/airflow/example_dags/example_latest_only_with_trigger.py
[2023-06-01T09:11:57.172+0000] {logging_mixin.py:137} INFO - [2023-06-01T09:11:57.172+0000] {dag.py:2690} INFO - Sync 1 DAGs
[2023-06-01T09:11:57.199+0000] {logging_mixin.py:137} INFO - [2023-06-01T09:11:57.199+0000] {dag.py:3441} INFO - Setting next_dagrun for latest_only_with_trigger to 2023-06-01T05:11:57.198801+00:00, run_after=2023-06-01T09:11:57.198801+00:00
[2023-06-01T09:11:57.219+0000] {processor.py:175} INFO - Processing /home/airflow/.local/lib/python3.7/site-packages/airflow/example_dags/example_latest_only_with_trigger.py took 0.092 seconds
[2023-06-01T09:12:27.892+0000] {processor.py:153} INFO - Started process (PID=4701) to work on /home/airflow/.local/lib/python3.7/site-packages/airflow/example_dags/example_latest_only_with_trigger.py
[2023-06-01T09:12:27.894+0000] {processor.py:743} INFO - Processing file /home/airflow/.local/lib/python3.7/site-packages/airflow/example_dags/example_latest_only_with_trigger.py for tasks to queue
[2023-06-01T09:12:27.894+0000] {logging_mixin.py:137} INFO - [2023-06-01T09:12:27.894+0000] {dagbag.py:538} INFO - Filling up the DagBag from /home/airflow/.local/lib/python3.7/site-packages/airflow/example_dags/example_latest_only_with_trigger.py
[2023-06-01T09:12:27.911+0000] {processor.py:753} INFO - DAG(s) dict_keys(['latest_only_with_trigger']) retrieved from /home/airflow/.local/lib/python3.7/site-packages/airflow/example_dags/example_latest_only_with_trigger.py
[2023-06-01T09:12:27.977+0000] {logging_mixin.py:137} INFO - [2023-06-01T09:12:27.977+0000] {dag.py:2690} INFO - Sync 1 DAGs
[2023-06-01T09:12:28.001+0000] {logging_mixin.py:137} INFO - [2023-06-01T09:12:28.000+0000] {dag.py:3441} INFO - Setting next_dagrun for latest_only_with_trigger to 2023-06-01T05:12:28.000649+00:00, run_after=2023-06-01T09:12:28.000649+00:00
[2023-06-01T09:12:28.028+0000] {processor.py:175} INFO - Processing /home/airflow/.local/lib/python3.7/site-packages/airflow/example_dags/example_latest_only_with_trigger.py took 0.139 seconds
