[2023-06-01T08:47:26.727+0000] {processor.py:153} INFO - Started process (PID=112) to work on /home/airflow/.local/lib/python3.7/site-packages/airflow/example_dags/example_sla_dag.py
[2023-06-01T08:47:26.728+0000] {processor.py:743} INFO - Processing file /home/airflow/.local/lib/python3.7/site-packages/airflow/example_dags/example_sla_dag.py for tasks to queue
[2023-06-01T08:47:26.729+0000] {logging_mixin.py:137} INFO - [2023-06-01T08:47:26.729+0000] {dagbag.py:538} INFO - Filling up the DagBag from /home/airflow/.local/lib/python3.7/site-packages/airflow/example_dags/example_sla_dag.py
[2023-06-01T08:47:26.759+0000] {processor.py:753} INFO - DAG(s) dict_keys(['example_sla_dag']) retrieved from /home/airflow/.local/lib/python3.7/site-packages/airflow/example_dags/example_sla_dag.py
[2023-06-01T08:47:26.778+0000] {logging_mixin.py:137} INFO - [2023-06-01T08:47:26.778+0000] {dag.py:2690} INFO - Sync 1 DAGs
[2023-06-01T08:47:26.817+0000] {logging_mixin.py:137} INFO - [2023-06-01T08:47:26.817+0000] {dag.py:3441} INFO - Setting next_dagrun for example_sla_dag to 2023-06-01T08:44:00+00:00, run_after=2023-06-01T08:46:00+00:00
[2023-06-01T08:47:26.847+0000] {processor.py:175} INFO - Processing /home/airflow/.local/lib/python3.7/site-packages/airflow/example_dags/example_sla_dag.py took 0.124 seconds
[2023-06-01T08:47:56.998+0000] {processor.py:153} INFO - Started process (PID=199) to work on /home/airflow/.local/lib/python3.7/site-packages/airflow/example_dags/example_sla_dag.py
[2023-06-01T08:47:56.998+0000] {processor.py:743} INFO - Processing file /home/airflow/.local/lib/python3.7/site-packages/airflow/example_dags/example_sla_dag.py for tasks to queue
[2023-06-01T08:47:56.999+0000] {logging_mixin.py:137} INFO - [2023-06-01T08:47:56.999+0000] {dagbag.py:538} INFO - Filling up the DagBag from /home/airflow/.local/lib/python3.7/site-packages/airflow/example_dags/example_sla_dag.py
[2023-06-01T08:47:57.022+0000] {processor.py:753} INFO - DAG(s) dict_keys(['example_sla_dag']) retrieved from /home/airflow/.local/lib/python3.7/site-packages/airflow/example_dags/example_sla_dag.py
[2023-06-01T08:47:57.049+0000] {logging_mixin.py:137} INFO - [2023-06-01T08:47:57.049+0000] {dag.py:2690} INFO - Sync 1 DAGs
[2023-06-01T08:47:57.076+0000] {logging_mixin.py:137} INFO - [2023-06-01T08:47:57.076+0000] {dag.py:3441} INFO - Setting next_dagrun for example_sla_dag to 2023-06-01T08:44:00+00:00, run_after=2023-06-01T08:46:00+00:00
[2023-06-01T08:47:57.098+0000] {processor.py:175} INFO - Processing /home/airflow/.local/lib/python3.7/site-packages/airflow/example_dags/example_sla_dag.py took 0.103 seconds
[2023-06-01T08:48:28.005+0000] {processor.py:153} INFO - Started process (PID=286) to work on /home/airflow/.local/lib/python3.7/site-packages/airflow/example_dags/example_sla_dag.py
[2023-06-01T08:48:28.007+0000] {processor.py:743} INFO - Processing file /home/airflow/.local/lib/python3.7/site-packages/airflow/example_dags/example_sla_dag.py for tasks to queue
[2023-06-01T08:48:28.008+0000] {logging_mixin.py:137} INFO - [2023-06-01T08:48:28.007+0000] {dagbag.py:538} INFO - Filling up the DagBag from /home/airflow/.local/lib/python3.7/site-packages/airflow/example_dags/example_sla_dag.py
[2023-06-01T08:48:28.032+0000] {processor.py:753} INFO - DAG(s) dict_keys(['example_sla_dag']) retrieved from /home/airflow/.local/lib/python3.7/site-packages/airflow/example_dags/example_sla_dag.py
[2023-06-01T08:48:28.060+0000] {logging_mixin.py:137} INFO - [2023-06-01T08:48:28.059+0000] {dag.py:2690} INFO - Sync 1 DAGs
[2023-06-01T08:48:28.092+0000] {logging_mixin.py:137} INFO - [2023-06-01T08:48:28.091+0000] {dag.py:3441} INFO - Setting next_dagrun for example_sla_dag to 2023-06-01T08:46:00+00:00, run_after=2023-06-01T08:48:00+00:00
[2023-06-01T08:48:28.114+0000] {processor.py:175} INFO - Processing /home/airflow/.local/lib/python3.7/site-packages/airflow/example_dags/example_sla_dag.py took 0.113 seconds
[2023-06-01T08:48:58.829+0000] {processor.py:153} INFO - Started process (PID=397) to work on /home/airflow/.local/lib/python3.7/site-packages/airflow/example_dags/example_sla_dag.py
[2023-06-01T08:48:58.830+0000] {processor.py:743} INFO - Processing file /home/airflow/.local/lib/python3.7/site-packages/airflow/example_dags/example_sla_dag.py for tasks to queue
[2023-06-01T08:48:58.830+0000] {logging_mixin.py:137} INFO - [2023-06-01T08:48:58.830+0000] {dagbag.py:538} INFO - Filling up the DagBag from /home/airflow/.local/lib/python3.7/site-packages/airflow/example_dags/example_sla_dag.py
[2023-06-01T08:48:58.852+0000] {processor.py:753} INFO - DAG(s) dict_keys(['example_sla_dag']) retrieved from /home/airflow/.local/lib/python3.7/site-packages/airflow/example_dags/example_sla_dag.py
[2023-06-01T08:48:58.876+0000] {logging_mixin.py:137} INFO - [2023-06-01T08:48:58.875+0000] {dag.py:2690} INFO - Sync 1 DAGs
[2023-06-01T08:48:58.900+0000] {logging_mixin.py:137} INFO - [2023-06-01T08:48:58.900+0000] {dag.py:3441} INFO - Setting next_dagrun for example_sla_dag to 2023-06-01T08:46:00+00:00, run_after=2023-06-01T08:48:00+00:00
[2023-06-01T08:48:58.922+0000] {processor.py:175} INFO - Processing /home/airflow/.local/lib/python3.7/site-packages/airflow/example_dags/example_sla_dag.py took 0.096 seconds
[2023-06-01T08:49:30.309+0000] {processor.py:153} INFO - Started process (PID=484) to work on /home/airflow/.local/lib/python3.7/site-packages/airflow/example_dags/example_sla_dag.py
[2023-06-01T08:49:30.311+0000] {processor.py:743} INFO - Processing file /home/airflow/.local/lib/python3.7/site-packages/airflow/example_dags/example_sla_dag.py for tasks to queue
[2023-06-01T08:49:30.311+0000] {logging_mixin.py:137} INFO - [2023-06-01T08:49:30.311+0000] {dagbag.py:538} INFO - Filling up the DagBag from /home/airflow/.local/lib/python3.7/site-packages/airflow/example_dags/example_sla_dag.py
[2023-06-01T08:49:30.332+0000] {processor.py:753} INFO - DAG(s) dict_keys(['example_sla_dag']) retrieved from /home/airflow/.local/lib/python3.7/site-packages/airflow/example_dags/example_sla_dag.py
[2023-06-01T08:49:30.361+0000] {logging_mixin.py:137} INFO - [2023-06-01T08:49:30.361+0000] {dag.py:2690} INFO - Sync 1 DAGs
[2023-06-01T08:49:30.390+0000] {logging_mixin.py:137} INFO - [2023-06-01T08:49:30.390+0000] {dag.py:3441} INFO - Setting next_dagrun for example_sla_dag to 2023-06-01T08:46:00+00:00, run_after=2023-06-01T08:48:00+00:00
[2023-06-01T08:49:30.408+0000] {processor.py:175} INFO - Processing /home/airflow/.local/lib/python3.7/site-packages/airflow/example_dags/example_sla_dag.py took 0.101 seconds
[2023-06-01T08:50:01.005+0000] {processor.py:153} INFO - Started process (PID=595) to work on /home/airflow/.local/lib/python3.7/site-packages/airflow/example_dags/example_sla_dag.py
[2023-06-01T08:50:01.006+0000] {processor.py:743} INFO - Processing file /home/airflow/.local/lib/python3.7/site-packages/airflow/example_dags/example_sla_dag.py for tasks to queue
[2023-06-01T08:50:01.006+0000] {logging_mixin.py:137} INFO - [2023-06-01T08:50:01.006+0000] {dagbag.py:538} INFO - Filling up the DagBag from /home/airflow/.local/lib/python3.7/site-packages/airflow/example_dags/example_sla_dag.py
[2023-06-01T08:50:01.031+0000] {processor.py:753} INFO - DAG(s) dict_keys(['example_sla_dag']) retrieved from /home/airflow/.local/lib/python3.7/site-packages/airflow/example_dags/example_sla_dag.py
[2023-06-01T08:50:01.077+0000] {logging_mixin.py:137} INFO - [2023-06-01T08:50:01.077+0000] {dag.py:2690} INFO - Sync 1 DAGs
[2023-06-01T08:50:01.112+0000] {logging_mixin.py:137} INFO - [2023-06-01T08:50:01.112+0000] {dag.py:3441} INFO - Setting next_dagrun for example_sla_dag to 2023-06-01T08:48:00+00:00, run_after=2023-06-01T08:50:00+00:00
[2023-06-01T08:50:01.134+0000] {processor.py:175} INFO - Processing /home/airflow/.local/lib/python3.7/site-packages/airflow/example_dags/example_sla_dag.py took 0.133 seconds
[2023-06-01T08:50:31.179+0000] {processor.py:153} INFO - Started process (PID=682) to work on /home/airflow/.local/lib/python3.7/site-packages/airflow/example_dags/example_sla_dag.py
[2023-06-01T08:50:31.181+0000] {processor.py:743} INFO - Processing file /home/airflow/.local/lib/python3.7/site-packages/airflow/example_dags/example_sla_dag.py for tasks to queue
[2023-06-01T08:50:31.181+0000] {logging_mixin.py:137} INFO - [2023-06-01T08:50:31.181+0000] {dagbag.py:538} INFO - Filling up the DagBag from /home/airflow/.local/lib/python3.7/site-packages/airflow/example_dags/example_sla_dag.py
[2023-06-01T08:50:31.203+0000] {processor.py:753} INFO - DAG(s) dict_keys(['example_sla_dag']) retrieved from /home/airflow/.local/lib/python3.7/site-packages/airflow/example_dags/example_sla_dag.py
[2023-06-01T08:50:31.228+0000] {logging_mixin.py:137} INFO - [2023-06-01T08:50:31.228+0000] {dag.py:2690} INFO - Sync 1 DAGs
[2023-06-01T08:50:31.257+0000] {logging_mixin.py:137} INFO - [2023-06-01T08:50:31.256+0000] {dag.py:3441} INFO - Setting next_dagrun for example_sla_dag to 2023-06-01T08:48:00+00:00, run_after=2023-06-01T08:50:00+00:00
[2023-06-01T08:50:31.274+0000] {processor.py:175} INFO - Processing /home/airflow/.local/lib/python3.7/site-packages/airflow/example_dags/example_sla_dag.py took 0.098 seconds
[2023-06-01T08:51:01.632+0000] {processor.py:153} INFO - Started process (PID=769) to work on /home/airflow/.local/lib/python3.7/site-packages/airflow/example_dags/example_sla_dag.py
[2023-06-01T08:51:01.632+0000] {processor.py:743} INFO - Processing file /home/airflow/.local/lib/python3.7/site-packages/airflow/example_dags/example_sla_dag.py for tasks to queue
[2023-06-01T08:51:01.633+0000] {logging_mixin.py:137} INFO - [2023-06-01T08:51:01.633+0000] {dagbag.py:538} INFO - Filling up the DagBag from /home/airflow/.local/lib/python3.7/site-packages/airflow/example_dags/example_sla_dag.py
[2023-06-01T08:51:01.657+0000] {processor.py:753} INFO - DAG(s) dict_keys(['example_sla_dag']) retrieved from /home/airflow/.local/lib/python3.7/site-packages/airflow/example_dags/example_sla_dag.py
[2023-06-01T08:51:01.683+0000] {logging_mixin.py:137} INFO - [2023-06-01T08:51:01.683+0000] {dag.py:2690} INFO - Sync 1 DAGs
[2023-06-01T08:51:01.710+0000] {logging_mixin.py:137} INFO - [2023-06-01T08:51:01.710+0000] {dag.py:3441} INFO - Setting next_dagrun for example_sla_dag to 2023-06-01T08:48:00+00:00, run_after=2023-06-01T08:50:00+00:00
[2023-06-01T08:51:01.729+0000] {processor.py:175} INFO - Processing /home/airflow/.local/lib/python3.7/site-packages/airflow/example_dags/example_sla_dag.py took 0.100 seconds
[2023-06-01T08:51:32.173+0000] {processor.py:153} INFO - Started process (PID=880) to work on /home/airflow/.local/lib/python3.7/site-packages/airflow/example_dags/example_sla_dag.py
[2023-06-01T08:51:32.174+0000] {processor.py:743} INFO - Processing file /home/airflow/.local/lib/python3.7/site-packages/airflow/example_dags/example_sla_dag.py for tasks to queue
[2023-06-01T08:51:32.175+0000] {logging_mixin.py:137} INFO - [2023-06-01T08:51:32.175+0000] {dagbag.py:538} INFO - Filling up the DagBag from /home/airflow/.local/lib/python3.7/site-packages/airflow/example_dags/example_sla_dag.py
[2023-06-01T08:51:32.199+0000] {processor.py:753} INFO - DAG(s) dict_keys(['example_sla_dag']) retrieved from /home/airflow/.local/lib/python3.7/site-packages/airflow/example_dags/example_sla_dag.py
[2023-06-01T08:51:32.226+0000] {logging_mixin.py:137} INFO - [2023-06-01T08:51:32.226+0000] {dag.py:2690} INFO - Sync 1 DAGs
[2023-06-01T08:51:32.262+0000] {logging_mixin.py:137} INFO - [2023-06-01T08:51:32.262+0000] {dag.py:3441} INFO - Setting next_dagrun for example_sla_dag to 2023-06-01T08:48:00+00:00, run_after=2023-06-01T08:50:00+00:00
[2023-06-01T08:51:32.286+0000] {processor.py:175} INFO - Processing /home/airflow/.local/lib/python3.7/site-packages/airflow/example_dags/example_sla_dag.py took 0.117 seconds
[2023-06-01T08:52:02.667+0000] {processor.py:153} INFO - Started process (PID=967) to work on /home/airflow/.local/lib/python3.7/site-packages/airflow/example_dags/example_sla_dag.py
[2023-06-01T08:52:02.667+0000] {processor.py:743} INFO - Processing file /home/airflow/.local/lib/python3.7/site-packages/airflow/example_dags/example_sla_dag.py for tasks to queue
[2023-06-01T08:52:02.668+0000] {logging_mixin.py:137} INFO - [2023-06-01T08:52:02.668+0000] {dagbag.py:538} INFO - Filling up the DagBag from /home/airflow/.local/lib/python3.7/site-packages/airflow/example_dags/example_sla_dag.py
[2023-06-01T08:52:02.691+0000] {processor.py:753} INFO - DAG(s) dict_keys(['example_sla_dag']) retrieved from /home/airflow/.local/lib/python3.7/site-packages/airflow/example_dags/example_sla_dag.py
[2023-06-01T08:52:02.724+0000] {logging_mixin.py:137} INFO - [2023-06-01T08:52:02.724+0000] {dag.py:2690} INFO - Sync 1 DAGs
[2023-06-01T08:52:02.756+0000] {logging_mixin.py:137} INFO - [2023-06-01T08:52:02.756+0000] {dag.py:3441} INFO - Setting next_dagrun for example_sla_dag to 2023-06-01T08:50:00+00:00, run_after=2023-06-01T08:52:00+00:00
[2023-06-01T08:52:02.779+0000] {processor.py:175} INFO - Processing /home/airflow/.local/lib/python3.7/site-packages/airflow/example_dags/example_sla_dag.py took 0.115 seconds
[2023-06-01T08:52:33.259+0000] {processor.py:153} INFO - Started process (PID=1054) to work on /home/airflow/.local/lib/python3.7/site-packages/airflow/example_dags/example_sla_dag.py
[2023-06-01T08:52:33.260+0000] {processor.py:743} INFO - Processing file /home/airflow/.local/lib/python3.7/site-packages/airflow/example_dags/example_sla_dag.py for tasks to queue
[2023-06-01T08:52:33.261+0000] {logging_mixin.py:137} INFO - [2023-06-01T08:52:33.261+0000] {dagbag.py:538} INFO - Filling up the DagBag from /home/airflow/.local/lib/python3.7/site-packages/airflow/example_dags/example_sla_dag.py
[2023-06-01T08:52:33.289+0000] {processor.py:753} INFO - DAG(s) dict_keys(['example_sla_dag']) retrieved from /home/airflow/.local/lib/python3.7/site-packages/airflow/example_dags/example_sla_dag.py
[2023-06-01T08:52:33.323+0000] {logging_mixin.py:137} INFO - [2023-06-01T08:52:33.323+0000] {dag.py:2690} INFO - Sync 1 DAGs
[2023-06-01T08:52:33.353+0000] {logging_mixin.py:137} INFO - [2023-06-01T08:52:33.352+0000] {dag.py:3441} INFO - Setting next_dagrun for example_sla_dag to 2023-06-01T08:50:00+00:00, run_after=2023-06-01T08:52:00+00:00
[2023-06-01T08:52:33.374+0000] {processor.py:175} INFO - Processing /home/airflow/.local/lib/python3.7/site-packages/airflow/example_dags/example_sla_dag.py took 0.118 seconds
[2023-06-01T08:53:03.880+0000] {processor.py:153} INFO - Started process (PID=1148) to work on /home/airflow/.local/lib/python3.7/site-packages/airflow/example_dags/example_sla_dag.py
[2023-06-01T08:53:03.881+0000] {processor.py:743} INFO - Processing file /home/airflow/.local/lib/python3.7/site-packages/airflow/example_dags/example_sla_dag.py for tasks to queue
[2023-06-01T08:53:03.882+0000] {logging_mixin.py:137} INFO - [2023-06-01T08:53:03.882+0000] {dagbag.py:538} INFO - Filling up the DagBag from /home/airflow/.local/lib/python3.7/site-packages/airflow/example_dags/example_sla_dag.py
[2023-06-01T08:53:03.913+0000] {processor.py:753} INFO - DAG(s) dict_keys(['example_sla_dag']) retrieved from /home/airflow/.local/lib/python3.7/site-packages/airflow/example_dags/example_sla_dag.py
[2023-06-01T08:53:03.949+0000] {logging_mixin.py:137} INFO - [2023-06-01T08:53:03.948+0000] {dag.py:2690} INFO - Sync 1 DAGs
[2023-06-01T08:53:03.985+0000] {logging_mixin.py:137} INFO - [2023-06-01T08:53:03.984+0000] {dag.py:3441} INFO - Setting next_dagrun for example_sla_dag to 2023-06-01T08:50:00+00:00, run_after=2023-06-01T08:52:00+00:00
[2023-06-01T08:53:04.008+0000] {processor.py:175} INFO - Processing /home/airflow/.local/lib/python3.7/site-packages/airflow/example_dags/example_sla_dag.py took 0.132 seconds
[2023-06-01T08:53:34.445+0000] {processor.py:153} INFO - Started process (PID=1252) to work on /home/airflow/.local/lib/python3.7/site-packages/airflow/example_dags/example_sla_dag.py
[2023-06-01T08:53:34.447+0000] {processor.py:743} INFO - Processing file /home/airflow/.local/lib/python3.7/site-packages/airflow/example_dags/example_sla_dag.py for tasks to queue
[2023-06-01T08:53:34.448+0000] {logging_mixin.py:137} INFO - [2023-06-01T08:53:34.448+0000] {dagbag.py:538} INFO - Filling up the DagBag from /home/airflow/.local/lib/python3.7/site-packages/airflow/example_dags/example_sla_dag.py
[2023-06-01T08:53:34.476+0000] {processor.py:753} INFO - DAG(s) dict_keys(['example_sla_dag']) retrieved from /home/airflow/.local/lib/python3.7/site-packages/airflow/example_dags/example_sla_dag.py
[2023-06-01T08:53:34.511+0000] {logging_mixin.py:137} INFO - [2023-06-01T08:53:34.511+0000] {dag.py:2690} INFO - Sync 1 DAGs
[2023-06-01T08:53:34.541+0000] {logging_mixin.py:137} INFO - [2023-06-01T08:53:34.541+0000] {dag.py:3441} INFO - Setting next_dagrun for example_sla_dag to 2023-06-01T08:50:00+00:00, run_after=2023-06-01T08:52:00+00:00
[2023-06-01T08:53:34.568+0000] {processor.py:175} INFO - Processing /home/airflow/.local/lib/python3.7/site-packages/airflow/example_dags/example_sla_dag.py took 0.127 seconds
[2023-06-01T08:54:04.723+0000] {processor.py:153} INFO - Started process (PID=1339) to work on /home/airflow/.local/lib/python3.7/site-packages/airflow/example_dags/example_sla_dag.py
[2023-06-01T08:54:04.723+0000] {processor.py:743} INFO - Processing file /home/airflow/.local/lib/python3.7/site-packages/airflow/example_dags/example_sla_dag.py for tasks to queue
[2023-06-01T08:54:04.724+0000] {logging_mixin.py:137} INFO - [2023-06-01T08:54:04.724+0000] {dagbag.py:538} INFO - Filling up the DagBag from /home/airflow/.local/lib/python3.7/site-packages/airflow/example_dags/example_sla_dag.py
[2023-06-01T08:54:04.745+0000] {processor.py:753} INFO - DAG(s) dict_keys(['example_sla_dag']) retrieved from /home/airflow/.local/lib/python3.7/site-packages/airflow/example_dags/example_sla_dag.py
[2023-06-01T08:54:04.768+0000] {logging_mixin.py:137} INFO - [2023-06-01T08:54:04.768+0000] {dag.py:2690} INFO - Sync 1 DAGs
[2023-06-01T08:54:04.794+0000] {logging_mixin.py:137} INFO - [2023-06-01T08:54:04.794+0000] {dag.py:3441} INFO - Setting next_dagrun for example_sla_dag to 2023-06-01T08:52:00+00:00, run_after=2023-06-01T08:54:00+00:00
[2023-06-01T08:54:04.811+0000] {processor.py:175} INFO - Processing /home/airflow/.local/lib/python3.7/site-packages/airflow/example_dags/example_sla_dag.py took 0.091 seconds
[2023-06-01T08:54:35.385+0000] {processor.py:153} INFO - Started process (PID=1426) to work on /home/airflow/.local/lib/python3.7/site-packages/airflow/example_dags/example_sla_dag.py
[2023-06-01T08:54:35.387+0000] {processor.py:743} INFO - Processing file /home/airflow/.local/lib/python3.7/site-packages/airflow/example_dags/example_sla_dag.py for tasks to queue
[2023-06-01T08:54:35.388+0000] {logging_mixin.py:137} INFO - [2023-06-01T08:54:35.388+0000] {dagbag.py:538} INFO - Filling up the DagBag from /home/airflow/.local/lib/python3.7/site-packages/airflow/example_dags/example_sla_dag.py
[2023-06-01T08:54:35.409+0000] {processor.py:753} INFO - DAG(s) dict_keys(['example_sla_dag']) retrieved from /home/airflow/.local/lib/python3.7/site-packages/airflow/example_dags/example_sla_dag.py
[2023-06-01T08:54:35.437+0000] {logging_mixin.py:137} INFO - [2023-06-01T08:54:35.437+0000] {dag.py:2690} INFO - Sync 1 DAGs
[2023-06-01T08:54:35.465+0000] {logging_mixin.py:137} INFO - [2023-06-01T08:54:35.465+0000] {dag.py:3441} INFO - Setting next_dagrun for example_sla_dag to 2023-06-01T08:52:00+00:00, run_after=2023-06-01T08:54:00+00:00
[2023-06-01T08:54:35.484+0000] {processor.py:175} INFO - Processing /home/airflow/.local/lib/python3.7/site-packages/airflow/example_dags/example_sla_dag.py took 0.102 seconds
[2023-06-01T08:55:06.515+0000] {processor.py:153} INFO - Started process (PID=1537) to work on /home/airflow/.local/lib/python3.7/site-packages/airflow/example_dags/example_sla_dag.py
[2023-06-01T08:55:06.516+0000] {processor.py:743} INFO - Processing file /home/airflow/.local/lib/python3.7/site-packages/airflow/example_dags/example_sla_dag.py for tasks to queue
[2023-06-01T08:55:06.516+0000] {logging_mixin.py:137} INFO - [2023-06-01T08:55:06.516+0000] {dagbag.py:538} INFO - Filling up the DagBag from /home/airflow/.local/lib/python3.7/site-packages/airflow/example_dags/example_sla_dag.py
[2023-06-01T08:55:06.541+0000] {processor.py:753} INFO - DAG(s) dict_keys(['example_sla_dag']) retrieved from /home/airflow/.local/lib/python3.7/site-packages/airflow/example_dags/example_sla_dag.py
[2023-06-01T08:55:06.568+0000] {logging_mixin.py:137} INFO - [2023-06-01T08:55:06.568+0000] {dag.py:2690} INFO - Sync 1 DAGs
[2023-06-01T08:55:06.595+0000] {logging_mixin.py:137} INFO - [2023-06-01T08:55:06.595+0000] {dag.py:3441} INFO - Setting next_dagrun for example_sla_dag to 2023-06-01T08:52:00+00:00, run_after=2023-06-01T08:54:00+00:00
[2023-06-01T08:55:06.614+0000] {processor.py:175} INFO - Processing /home/airflow/.local/lib/python3.7/site-packages/airflow/example_dags/example_sla_dag.py took 0.102 seconds
[2023-06-01T08:55:37.562+0000] {processor.py:153} INFO - Started process (PID=1624) to work on /home/airflow/.local/lib/python3.7/site-packages/airflow/example_dags/example_sla_dag.py
[2023-06-01T08:55:37.564+0000] {processor.py:743} INFO - Processing file /home/airflow/.local/lib/python3.7/site-packages/airflow/example_dags/example_sla_dag.py for tasks to queue
[2023-06-01T08:55:37.565+0000] {logging_mixin.py:137} INFO - [2023-06-01T08:55:37.565+0000] {dagbag.py:538} INFO - Filling up the DagBag from /home/airflow/.local/lib/python3.7/site-packages/airflow/example_dags/example_sla_dag.py
[2023-06-01T08:55:37.588+0000] {processor.py:753} INFO - DAG(s) dict_keys(['example_sla_dag']) retrieved from /home/airflow/.local/lib/python3.7/site-packages/airflow/example_dags/example_sla_dag.py
[2023-06-01T08:55:37.619+0000] {logging_mixin.py:137} INFO - [2023-06-01T08:55:37.619+0000] {dag.py:2690} INFO - Sync 1 DAGs
[2023-06-01T08:55:37.649+0000] {logging_mixin.py:137} INFO - [2023-06-01T08:55:37.648+0000] {dag.py:3441} INFO - Setting next_dagrun for example_sla_dag to 2023-06-01T08:52:00+00:00, run_after=2023-06-01T08:54:00+00:00
[2023-06-01T08:55:37.671+0000] {processor.py:175} INFO - Processing /home/airflow/.local/lib/python3.7/site-packages/airflow/example_dags/example_sla_dag.py took 0.112 seconds
[2023-06-01T08:56:07.732+0000] {processor.py:153} INFO - Started process (PID=1711) to work on /home/airflow/.local/lib/python3.7/site-packages/airflow/example_dags/example_sla_dag.py
[2023-06-01T08:56:07.732+0000] {processor.py:743} INFO - Processing file /home/airflow/.local/lib/python3.7/site-packages/airflow/example_dags/example_sla_dag.py for tasks to queue
[2023-06-01T08:56:07.733+0000] {logging_mixin.py:137} INFO - [2023-06-01T08:56:07.733+0000] {dagbag.py:538} INFO - Filling up the DagBag from /home/airflow/.local/lib/python3.7/site-packages/airflow/example_dags/example_sla_dag.py
[2023-06-01T08:56:07.758+0000] {processor.py:753} INFO - DAG(s) dict_keys(['example_sla_dag']) retrieved from /home/airflow/.local/lib/python3.7/site-packages/airflow/example_dags/example_sla_dag.py
[2023-06-01T08:56:07.788+0000] {logging_mixin.py:137} INFO - [2023-06-01T08:56:07.788+0000] {dag.py:2690} INFO - Sync 1 DAGs
[2023-06-01T08:56:07.822+0000] {logging_mixin.py:137} INFO - [2023-06-01T08:56:07.822+0000] {dag.py:3441} INFO - Setting next_dagrun for example_sla_dag to 2023-06-01T08:54:00+00:00, run_after=2023-06-01T08:56:00+00:00
[2023-06-01T08:56:07.844+0000] {processor.py:175} INFO - Processing /home/airflow/.local/lib/python3.7/site-packages/airflow/example_dags/example_sla_dag.py took 0.115 seconds
[2023-06-01T08:56:38.736+0000] {processor.py:153} INFO - Started process (PID=1822) to work on /home/airflow/.local/lib/python3.7/site-packages/airflow/example_dags/example_sla_dag.py
[2023-06-01T08:56:38.738+0000] {processor.py:743} INFO - Processing file /home/airflow/.local/lib/python3.7/site-packages/airflow/example_dags/example_sla_dag.py for tasks to queue
[2023-06-01T08:56:38.738+0000] {logging_mixin.py:137} INFO - [2023-06-01T08:56:38.738+0000] {dagbag.py:538} INFO - Filling up the DagBag from /home/airflow/.local/lib/python3.7/site-packages/airflow/example_dags/example_sla_dag.py
[2023-06-01T08:56:38.765+0000] {processor.py:753} INFO - DAG(s) dict_keys(['example_sla_dag']) retrieved from /home/airflow/.local/lib/python3.7/site-packages/airflow/example_dags/example_sla_dag.py
[2023-06-01T08:56:38.797+0000] {logging_mixin.py:137} INFO - [2023-06-01T08:56:38.797+0000] {dag.py:2690} INFO - Sync 1 DAGs
[2023-06-01T08:56:38.827+0000] {logging_mixin.py:137} INFO - [2023-06-01T08:56:38.827+0000] {dag.py:3441} INFO - Setting next_dagrun for example_sla_dag to 2023-06-01T08:54:00+00:00, run_after=2023-06-01T08:56:00+00:00
[2023-06-01T08:56:38.846+0000] {processor.py:175} INFO - Processing /home/airflow/.local/lib/python3.7/site-packages/airflow/example_dags/example_sla_dag.py took 0.113 seconds
[2023-06-01T08:57:09.178+0000] {processor.py:153} INFO - Started process (PID=1909) to work on /home/airflow/.local/lib/python3.7/site-packages/airflow/example_dags/example_sla_dag.py
[2023-06-01T08:57:09.179+0000] {processor.py:743} INFO - Processing file /home/airflow/.local/lib/python3.7/site-packages/airflow/example_dags/example_sla_dag.py for tasks to queue
[2023-06-01T08:57:09.179+0000] {logging_mixin.py:137} INFO - [2023-06-01T08:57:09.179+0000] {dagbag.py:538} INFO - Filling up the DagBag from /home/airflow/.local/lib/python3.7/site-packages/airflow/example_dags/example_sla_dag.py
[2023-06-01T08:57:09.205+0000] {processor.py:753} INFO - DAG(s) dict_keys(['example_sla_dag']) retrieved from /home/airflow/.local/lib/python3.7/site-packages/airflow/example_dags/example_sla_dag.py
[2023-06-01T08:57:09.237+0000] {logging_mixin.py:137} INFO - [2023-06-01T08:57:09.237+0000] {dag.py:2690} INFO - Sync 1 DAGs
[2023-06-01T08:57:09.270+0000] {logging_mixin.py:137} INFO - [2023-06-01T08:57:09.270+0000] {dag.py:3441} INFO - Setting next_dagrun for example_sla_dag to 2023-06-01T08:54:00+00:00, run_after=2023-06-01T08:56:00+00:00
[2023-06-01T08:57:09.293+0000] {processor.py:175} INFO - Processing /home/airflow/.local/lib/python3.7/site-packages/airflow/example_dags/example_sla_dag.py took 0.118 seconds
[2023-06-01T08:57:39.556+0000] {processor.py:153} INFO - Started process (PID=1996) to work on /home/airflow/.local/lib/python3.7/site-packages/airflow/example_dags/example_sla_dag.py
[2023-06-01T08:57:39.558+0000] {processor.py:743} INFO - Processing file /home/airflow/.local/lib/python3.7/site-packages/airflow/example_dags/example_sla_dag.py for tasks to queue
[2023-06-01T08:57:39.559+0000] {logging_mixin.py:137} INFO - [2023-06-01T08:57:39.558+0000] {dagbag.py:538} INFO - Filling up the DagBag from /home/airflow/.local/lib/python3.7/site-packages/airflow/example_dags/example_sla_dag.py
[2023-06-01T08:57:39.585+0000] {processor.py:753} INFO - DAG(s) dict_keys(['example_sla_dag']) retrieved from /home/airflow/.local/lib/python3.7/site-packages/airflow/example_dags/example_sla_dag.py
[2023-06-01T08:57:39.614+0000] {logging_mixin.py:137} INFO - [2023-06-01T08:57:39.614+0000] {dag.py:2690} INFO - Sync 1 DAGs
[2023-06-01T08:57:39.646+0000] {logging_mixin.py:137} INFO - [2023-06-01T08:57:39.646+0000] {dag.py:3441} INFO - Setting next_dagrun for example_sla_dag to 2023-06-01T08:54:00+00:00, run_after=2023-06-01T08:56:00+00:00
[2023-06-01T08:57:39.671+0000] {processor.py:175} INFO - Processing /home/airflow/.local/lib/python3.7/site-packages/airflow/example_dags/example_sla_dag.py took 0.118 seconds
[2023-06-01T08:58:10.728+0000] {processor.py:153} INFO - Started process (PID=2092) to work on /home/airflow/.local/lib/python3.7/site-packages/airflow/example_dags/example_sla_dag.py
[2023-06-01T08:58:10.728+0000] {processor.py:743} INFO - Processing file /home/airflow/.local/lib/python3.7/site-packages/airflow/example_dags/example_sla_dag.py for tasks to queue
[2023-06-01T08:58:10.729+0000] {logging_mixin.py:137} INFO - [2023-06-01T08:58:10.729+0000] {dagbag.py:538} INFO - Filling up the DagBag from /home/airflow/.local/lib/python3.7/site-packages/airflow/example_dags/example_sla_dag.py
[2023-06-01T08:58:10.755+0000] {processor.py:753} INFO - DAG(s) dict_keys(['example_sla_dag']) retrieved from /home/airflow/.local/lib/python3.7/site-packages/airflow/example_dags/example_sla_dag.py
[2023-06-01T08:58:10.794+0000] {logging_mixin.py:137} INFO - [2023-06-01T08:58:10.793+0000] {dag.py:2690} INFO - Sync 1 DAGs
[2023-06-01T08:58:10.938+0000] {logging_mixin.py:137} INFO - [2023-06-01T08:58:10.938+0000] {dag.py:3441} INFO - Setting next_dagrun for example_sla_dag to 2023-06-01T08:56:00+00:00, run_after=2023-06-01T08:58:00+00:00
[2023-06-01T08:58:10.964+0000] {processor.py:175} INFO - Processing /home/airflow/.local/lib/python3.7/site-packages/airflow/example_dags/example_sla_dag.py took 0.241 seconds
[2023-06-01T08:58:41.493+0000] {processor.py:153} INFO - Started process (PID=2194) to work on /home/airflow/.local/lib/python3.7/site-packages/airflow/example_dags/example_sla_dag.py
[2023-06-01T08:58:41.495+0000] {processor.py:743} INFO - Processing file /home/airflow/.local/lib/python3.7/site-packages/airflow/example_dags/example_sla_dag.py for tasks to queue
[2023-06-01T08:58:41.496+0000] {logging_mixin.py:137} INFO - [2023-06-01T08:58:41.496+0000] {dagbag.py:538} INFO - Filling up the DagBag from /home/airflow/.local/lib/python3.7/site-packages/airflow/example_dags/example_sla_dag.py
[2023-06-01T08:58:41.525+0000] {processor.py:753} INFO - DAG(s) dict_keys(['example_sla_dag']) retrieved from /home/airflow/.local/lib/python3.7/site-packages/airflow/example_dags/example_sla_dag.py
[2023-06-01T08:58:41.559+0000] {logging_mixin.py:137} INFO - [2023-06-01T08:58:41.559+0000] {dag.py:2690} INFO - Sync 1 DAGs
[2023-06-01T08:58:41.596+0000] {logging_mixin.py:137} INFO - [2023-06-01T08:58:41.596+0000] {dag.py:3441} INFO - Setting next_dagrun for example_sla_dag to 2023-06-01T08:56:00+00:00, run_after=2023-06-01T08:58:00+00:00
[2023-06-01T08:58:41.625+0000] {processor.py:175} INFO - Processing /home/airflow/.local/lib/python3.7/site-packages/airflow/example_dags/example_sla_dag.py took 0.136 seconds
[2023-06-01T08:59:12.103+0000] {processor.py:153} INFO - Started process (PID=2281) to work on /home/airflow/.local/lib/python3.7/site-packages/airflow/example_dags/example_sla_dag.py
[2023-06-01T08:59:12.104+0000] {processor.py:743} INFO - Processing file /home/airflow/.local/lib/python3.7/site-packages/airflow/example_dags/example_sla_dag.py for tasks to queue
[2023-06-01T08:59:12.105+0000] {logging_mixin.py:137} INFO - [2023-06-01T08:59:12.105+0000] {dagbag.py:538} INFO - Filling up the DagBag from /home/airflow/.local/lib/python3.7/site-packages/airflow/example_dags/example_sla_dag.py
[2023-06-01T08:59:12.128+0000] {processor.py:753} INFO - DAG(s) dict_keys(['example_sla_dag']) retrieved from /home/airflow/.local/lib/python3.7/site-packages/airflow/example_dags/example_sla_dag.py
[2023-06-01T08:59:12.159+0000] {logging_mixin.py:137} INFO - [2023-06-01T08:59:12.158+0000] {dag.py:2690} INFO - Sync 1 DAGs
[2023-06-01T08:59:12.197+0000] {logging_mixin.py:137} INFO - [2023-06-01T08:59:12.197+0000] {dag.py:3441} INFO - Setting next_dagrun for example_sla_dag to 2023-06-01T08:56:00+00:00, run_after=2023-06-01T08:58:00+00:00
[2023-06-01T08:59:12.231+0000] {processor.py:175} INFO - Processing /home/airflow/.local/lib/python3.7/site-packages/airflow/example_dags/example_sla_dag.py took 0.132 seconds
[2023-06-01T08:59:42.822+0000] {processor.py:153} INFO - Started process (PID=2368) to work on /home/airflow/.local/lib/python3.7/site-packages/airflow/example_dags/example_sla_dag.py
[2023-06-01T08:59:42.824+0000] {processor.py:743} INFO - Processing file /home/airflow/.local/lib/python3.7/site-packages/airflow/example_dags/example_sla_dag.py for tasks to queue
[2023-06-01T08:59:42.825+0000] {logging_mixin.py:137} INFO - [2023-06-01T08:59:42.825+0000] {dagbag.py:538} INFO - Filling up the DagBag from /home/airflow/.local/lib/python3.7/site-packages/airflow/example_dags/example_sla_dag.py
[2023-06-01T08:59:42.849+0000] {processor.py:753} INFO - DAG(s) dict_keys(['example_sla_dag']) retrieved from /home/airflow/.local/lib/python3.7/site-packages/airflow/example_dags/example_sla_dag.py
[2023-06-01T08:59:42.881+0000] {logging_mixin.py:137} INFO - [2023-06-01T08:59:42.881+0000] {dag.py:2690} INFO - Sync 1 DAGs
[2023-06-01T08:59:42.927+0000] {logging_mixin.py:137} INFO - [2023-06-01T08:59:42.927+0000] {dag.py:3441} INFO - Setting next_dagrun for example_sla_dag to 2023-06-01T08:56:00+00:00, run_after=2023-06-01T08:58:00+00:00
[2023-06-01T08:59:42.953+0000] {processor.py:175} INFO - Processing /home/airflow/.local/lib/python3.7/site-packages/airflow/example_dags/example_sla_dag.py took 0.135 seconds
[2023-06-01T09:00:13.784+0000] {processor.py:153} INFO - Started process (PID=2479) to work on /home/airflow/.local/lib/python3.7/site-packages/airflow/example_dags/example_sla_dag.py
[2023-06-01T09:00:13.785+0000] {processor.py:743} INFO - Processing file /home/airflow/.local/lib/python3.7/site-packages/airflow/example_dags/example_sla_dag.py for tasks to queue
[2023-06-01T09:00:13.786+0000] {logging_mixin.py:137} INFO - [2023-06-01T09:00:13.786+0000] {dagbag.py:538} INFO - Filling up the DagBag from /home/airflow/.local/lib/python3.7/site-packages/airflow/example_dags/example_sla_dag.py
[2023-06-01T09:00:13.812+0000] {processor.py:753} INFO - DAG(s) dict_keys(['example_sla_dag']) retrieved from /home/airflow/.local/lib/python3.7/site-packages/airflow/example_dags/example_sla_dag.py
[2023-06-01T09:00:13.851+0000] {logging_mixin.py:137} INFO - [2023-06-01T09:00:13.851+0000] {dag.py:2690} INFO - Sync 1 DAGs
[2023-06-01T09:00:13.885+0000] {logging_mixin.py:137} INFO - [2023-06-01T09:00:13.885+0000] {dag.py:3441} INFO - Setting next_dagrun for example_sla_dag to 2023-06-01T08:58:00+00:00, run_after=2023-06-01T09:00:00+00:00
[2023-06-01T09:00:13.918+0000] {processor.py:175} INFO - Processing /home/airflow/.local/lib/python3.7/site-packages/airflow/example_dags/example_sla_dag.py took 0.138 seconds
[2023-06-01T09:00:44.672+0000] {processor.py:153} INFO - Started process (PID=2566) to work on /home/airflow/.local/lib/python3.7/site-packages/airflow/example_dags/example_sla_dag.py
[2023-06-01T09:00:44.674+0000] {processor.py:743} INFO - Processing file /home/airflow/.local/lib/python3.7/site-packages/airflow/example_dags/example_sla_dag.py for tasks to queue
[2023-06-01T09:00:44.675+0000] {logging_mixin.py:137} INFO - [2023-06-01T09:00:44.675+0000] {dagbag.py:538} INFO - Filling up the DagBag from /home/airflow/.local/lib/python3.7/site-packages/airflow/example_dags/example_sla_dag.py
[2023-06-01T09:00:44.698+0000] {processor.py:753} INFO - DAG(s) dict_keys(['example_sla_dag']) retrieved from /home/airflow/.local/lib/python3.7/site-packages/airflow/example_dags/example_sla_dag.py
[2023-06-01T09:00:44.725+0000] {logging_mixin.py:137} INFO - [2023-06-01T09:00:44.724+0000] {dag.py:2690} INFO - Sync 1 DAGs
[2023-06-01T09:00:44.753+0000] {logging_mixin.py:137} INFO - [2023-06-01T09:00:44.753+0000] {dag.py:3441} INFO - Setting next_dagrun for example_sla_dag to 2023-06-01T08:58:00+00:00, run_after=2023-06-01T09:00:00+00:00
[2023-06-01T09:00:44.779+0000] {processor.py:175} INFO - Processing /home/airflow/.local/lib/python3.7/site-packages/airflow/example_dags/example_sla_dag.py took 0.109 seconds
[2023-06-01T09:01:15.384+0000] {processor.py:153} INFO - Started process (PID=2653) to work on /home/airflow/.local/lib/python3.7/site-packages/airflow/example_dags/example_sla_dag.py
[2023-06-01T09:01:15.385+0000] {processor.py:743} INFO - Processing file /home/airflow/.local/lib/python3.7/site-packages/airflow/example_dags/example_sla_dag.py for tasks to queue
[2023-06-01T09:01:15.385+0000] {logging_mixin.py:137} INFO - [2023-06-01T09:01:15.385+0000] {dagbag.py:538} INFO - Filling up the DagBag from /home/airflow/.local/lib/python3.7/site-packages/airflow/example_dags/example_sla_dag.py
[2023-06-01T09:01:15.411+0000] {processor.py:753} INFO - DAG(s) dict_keys(['example_sla_dag']) retrieved from /home/airflow/.local/lib/python3.7/site-packages/airflow/example_dags/example_sla_dag.py
[2023-06-01T09:01:15.443+0000] {logging_mixin.py:137} INFO - [2023-06-01T09:01:15.443+0000] {dag.py:2690} INFO - Sync 1 DAGs
[2023-06-01T09:01:15.476+0000] {logging_mixin.py:137} INFO - [2023-06-01T09:01:15.476+0000] {dag.py:3441} INFO - Setting next_dagrun for example_sla_dag to 2023-06-01T08:58:00+00:00, run_after=2023-06-01T09:00:00+00:00
[2023-06-01T09:01:15.505+0000] {processor.py:175} INFO - Processing /home/airflow/.local/lib/python3.7/site-packages/airflow/example_dags/example_sla_dag.py took 0.124 seconds
[2023-06-01T09:01:46.088+0000] {processor.py:153} INFO - Started process (PID=2749) to work on /home/airflow/.local/lib/python3.7/site-packages/airflow/example_dags/example_sla_dag.py
[2023-06-01T09:01:46.089+0000] {processor.py:743} INFO - Processing file /home/airflow/.local/lib/python3.7/site-packages/airflow/example_dags/example_sla_dag.py for tasks to queue
[2023-06-01T09:01:46.090+0000] {logging_mixin.py:137} INFO - [2023-06-01T09:01:46.090+0000] {dagbag.py:538} INFO - Filling up the DagBag from /home/airflow/.local/lib/python3.7/site-packages/airflow/example_dags/example_sla_dag.py
[2023-06-01T09:01:46.116+0000] {processor.py:753} INFO - DAG(s) dict_keys(['example_sla_dag']) retrieved from /home/airflow/.local/lib/python3.7/site-packages/airflow/example_dags/example_sla_dag.py
[2023-06-01T09:01:46.148+0000] {logging_mixin.py:137} INFO - [2023-06-01T09:01:46.147+0000] {dag.py:2690} INFO - Sync 1 DAGs
[2023-06-01T09:01:46.197+0000] {logging_mixin.py:137} INFO - [2023-06-01T09:01:46.197+0000] {dag.py:3441} INFO - Setting next_dagrun for example_sla_dag to 2023-06-01T08:58:00+00:00, run_after=2023-06-01T09:00:00+00:00
[2023-06-01T09:01:46.340+0000] {processor.py:175} INFO - Processing /home/airflow/.local/lib/python3.7/site-packages/airflow/example_dags/example_sla_dag.py took 0.256 seconds
[2023-06-01T09:02:16.407+0000] {processor.py:153} INFO - Started process (PID=2851) to work on /home/airflow/.local/lib/python3.7/site-packages/airflow/example_dags/example_sla_dag.py
[2023-06-01T09:02:16.408+0000] {processor.py:743} INFO - Processing file /home/airflow/.local/lib/python3.7/site-packages/airflow/example_dags/example_sla_dag.py for tasks to queue
[2023-06-01T09:02:16.408+0000] {logging_mixin.py:137} INFO - [2023-06-01T09:02:16.408+0000] {dagbag.py:538} INFO - Filling up the DagBag from /home/airflow/.local/lib/python3.7/site-packages/airflow/example_dags/example_sla_dag.py
[2023-06-01T09:02:16.434+0000] {processor.py:753} INFO - DAG(s) dict_keys(['example_sla_dag']) retrieved from /home/airflow/.local/lib/python3.7/site-packages/airflow/example_dags/example_sla_dag.py
[2023-06-01T09:02:16.467+0000] {logging_mixin.py:137} INFO - [2023-06-01T09:02:16.467+0000] {dag.py:2690} INFO - Sync 1 DAGs
[2023-06-01T09:02:16.496+0000] {logging_mixin.py:137} INFO - [2023-06-01T09:02:16.496+0000] {dag.py:3441} INFO - Setting next_dagrun for example_sla_dag to 2023-06-01T09:00:00+00:00, run_after=2023-06-01T09:02:00+00:00
[2023-06-01T09:02:16.513+0000] {processor.py:175} INFO - Processing /home/airflow/.local/lib/python3.7/site-packages/airflow/example_dags/example_sla_dag.py took 0.110 seconds
[2023-06-01T09:02:46.945+0000] {processor.py:153} INFO - Started process (PID=2938) to work on /home/airflow/.local/lib/python3.7/site-packages/airflow/example_dags/example_sla_dag.py
[2023-06-01T09:02:46.946+0000] {processor.py:743} INFO - Processing file /home/airflow/.local/lib/python3.7/site-packages/airflow/example_dags/example_sla_dag.py for tasks to queue
[2023-06-01T09:02:46.947+0000] {logging_mixin.py:137} INFO - [2023-06-01T09:02:46.947+0000] {dagbag.py:538} INFO - Filling up the DagBag from /home/airflow/.local/lib/python3.7/site-packages/airflow/example_dags/example_sla_dag.py
[2023-06-01T09:02:46.975+0000] {processor.py:753} INFO - DAG(s) dict_keys(['example_sla_dag']) retrieved from /home/airflow/.local/lib/python3.7/site-packages/airflow/example_dags/example_sla_dag.py
[2023-06-01T09:02:47.004+0000] {logging_mixin.py:137} INFO - [2023-06-01T09:02:47.003+0000] {dag.py:2690} INFO - Sync 1 DAGs
[2023-06-01T09:02:47.032+0000] {logging_mixin.py:137} INFO - [2023-06-01T09:02:47.032+0000] {dag.py:3441} INFO - Setting next_dagrun for example_sla_dag to 2023-06-01T09:00:00+00:00, run_after=2023-06-01T09:02:00+00:00
[2023-06-01T09:02:47.048+0000] {processor.py:175} INFO - Processing /home/airflow/.local/lib/python3.7/site-packages/airflow/example_dags/example_sla_dag.py took 0.107 seconds
[2023-06-01T09:03:17.410+0000] {processor.py:153} INFO - Started process (PID=3025) to work on /home/airflow/.local/lib/python3.7/site-packages/airflow/example_dags/example_sla_dag.py
[2023-06-01T09:03:17.411+0000] {processor.py:743} INFO - Processing file /home/airflow/.local/lib/python3.7/site-packages/airflow/example_dags/example_sla_dag.py for tasks to queue
[2023-06-01T09:03:17.412+0000] {logging_mixin.py:137} INFO - [2023-06-01T09:03:17.412+0000] {dagbag.py:538} INFO - Filling up the DagBag from /home/airflow/.local/lib/python3.7/site-packages/airflow/example_dags/example_sla_dag.py
[2023-06-01T09:03:17.435+0000] {processor.py:753} INFO - DAG(s) dict_keys(['example_sla_dag']) retrieved from /home/airflow/.local/lib/python3.7/site-packages/airflow/example_dags/example_sla_dag.py
[2023-06-01T09:03:17.462+0000] {logging_mixin.py:137} INFO - [2023-06-01T09:03:17.462+0000] {dag.py:2690} INFO - Sync 1 DAGs
[2023-06-01T09:03:17.492+0000] {logging_mixin.py:137} INFO - [2023-06-01T09:03:17.492+0000] {dag.py:3441} INFO - Setting next_dagrun for example_sla_dag to 2023-06-01T09:00:00+00:00, run_after=2023-06-01T09:02:00+00:00
[2023-06-01T09:03:17.515+0000] {processor.py:175} INFO - Processing /home/airflow/.local/lib/python3.7/site-packages/airflow/example_dags/example_sla_dag.py took 0.108 seconds
[2023-06-01T09:03:48.133+0000] {processor.py:153} INFO - Started process (PID=3136) to work on /home/airflow/.local/lib/python3.7/site-packages/airflow/example_dags/example_sla_dag.py
[2023-06-01T09:03:48.135+0000] {processor.py:743} INFO - Processing file /home/airflow/.local/lib/python3.7/site-packages/airflow/example_dags/example_sla_dag.py for tasks to queue
[2023-06-01T09:03:48.135+0000] {logging_mixin.py:137} INFO - [2023-06-01T09:03:48.135+0000] {dagbag.py:538} INFO - Filling up the DagBag from /home/airflow/.local/lib/python3.7/site-packages/airflow/example_dags/example_sla_dag.py
[2023-06-01T09:03:48.161+0000] {processor.py:753} INFO - DAG(s) dict_keys(['example_sla_dag']) retrieved from /home/airflow/.local/lib/python3.7/site-packages/airflow/example_dags/example_sla_dag.py
[2023-06-01T09:03:48.194+0000] {logging_mixin.py:137} INFO - [2023-06-01T09:03:48.194+0000] {dag.py:2690} INFO - Sync 1 DAGs
[2023-06-01T09:03:48.226+0000] {logging_mixin.py:137} INFO - [2023-06-01T09:03:48.226+0000] {dag.py:3441} INFO - Setting next_dagrun for example_sla_dag to 2023-06-01T09:00:00+00:00, run_after=2023-06-01T09:02:00+00:00
[2023-06-01T09:03:48.243+0000] {processor.py:175} INFO - Processing /home/airflow/.local/lib/python3.7/site-packages/airflow/example_dags/example_sla_dag.py took 0.114 seconds
[2023-06-01T09:04:18.558+0000] {processor.py:153} INFO - Started process (PID=3223) to work on /home/airflow/.local/lib/python3.7/site-packages/airflow/example_dags/example_sla_dag.py
[2023-06-01T09:04:18.559+0000] {processor.py:743} INFO - Processing file /home/airflow/.local/lib/python3.7/site-packages/airflow/example_dags/example_sla_dag.py for tasks to queue
[2023-06-01T09:04:18.559+0000] {logging_mixin.py:137} INFO - [2023-06-01T09:04:18.559+0000] {dagbag.py:538} INFO - Filling up the DagBag from /home/airflow/.local/lib/python3.7/site-packages/airflow/example_dags/example_sla_dag.py
[2023-06-01T09:04:18.584+0000] {processor.py:753} INFO - DAG(s) dict_keys(['example_sla_dag']) retrieved from /home/airflow/.local/lib/python3.7/site-packages/airflow/example_dags/example_sla_dag.py
[2023-06-01T09:04:18.612+0000] {logging_mixin.py:137} INFO - [2023-06-01T09:04:18.612+0000] {dag.py:2690} INFO - Sync 1 DAGs
[2023-06-01T09:04:18.640+0000] {logging_mixin.py:137} INFO - [2023-06-01T09:04:18.640+0000] {dag.py:3441} INFO - Setting next_dagrun for example_sla_dag to 2023-06-01T09:02:00+00:00, run_after=2023-06-01T09:04:00+00:00
[2023-06-01T09:04:18.662+0000] {processor.py:175} INFO - Processing /home/airflow/.local/lib/python3.7/site-packages/airflow/example_dags/example_sla_dag.py took 0.108 seconds
[2023-06-01T09:04:49.246+0000] {processor.py:153} INFO - Started process (PID=3310) to work on /home/airflow/.local/lib/python3.7/site-packages/airflow/example_dags/example_sla_dag.py
[2023-06-01T09:04:49.247+0000] {processor.py:743} INFO - Processing file /home/airflow/.local/lib/python3.7/site-packages/airflow/example_dags/example_sla_dag.py for tasks to queue
[2023-06-01T09:04:49.248+0000] {logging_mixin.py:137} INFO - [2023-06-01T09:04:49.248+0000] {dagbag.py:538} INFO - Filling up the DagBag from /home/airflow/.local/lib/python3.7/site-packages/airflow/example_dags/example_sla_dag.py
[2023-06-01T09:04:49.272+0000] {processor.py:753} INFO - DAG(s) dict_keys(['example_sla_dag']) retrieved from /home/airflow/.local/lib/python3.7/site-packages/airflow/example_dags/example_sla_dag.py
[2023-06-01T09:04:49.302+0000] {logging_mixin.py:137} INFO - [2023-06-01T09:04:49.302+0000] {dag.py:2690} INFO - Sync 1 DAGs
[2023-06-01T09:04:49.336+0000] {logging_mixin.py:137} INFO - [2023-06-01T09:04:49.336+0000] {dag.py:3441} INFO - Setting next_dagrun for example_sla_dag to 2023-06-01T09:02:00+00:00, run_after=2023-06-01T09:04:00+00:00
[2023-06-01T09:04:49.360+0000] {processor.py:175} INFO - Processing /home/airflow/.local/lib/python3.7/site-packages/airflow/example_dags/example_sla_dag.py took 0.118 seconds
[2023-06-01T09:05:20.669+0000] {processor.py:153} INFO - Started process (PID=3397) to work on /home/airflow/.local/lib/python3.7/site-packages/airflow/example_dags/example_sla_dag.py
[2023-06-01T09:05:20.672+0000] {processor.py:743} INFO - Processing file /home/airflow/.local/lib/python3.7/site-packages/airflow/example_dags/example_sla_dag.py for tasks to queue
[2023-06-01T09:05:20.673+0000] {logging_mixin.py:137} INFO - [2023-06-01T09:05:20.673+0000] {dagbag.py:538} INFO - Filling up the DagBag from /home/airflow/.local/lib/python3.7/site-packages/airflow/example_dags/example_sla_dag.py
[2023-06-01T09:05:20.704+0000] {processor.py:753} INFO - DAG(s) dict_keys(['example_sla_dag']) retrieved from /home/airflow/.local/lib/python3.7/site-packages/airflow/example_dags/example_sla_dag.py
[2023-06-01T09:05:20.743+0000] {logging_mixin.py:137} INFO - [2023-06-01T09:05:20.743+0000] {dag.py:2690} INFO - Sync 1 DAGs
[2023-06-01T09:05:20.788+0000] {logging_mixin.py:137} INFO - [2023-06-01T09:05:20.788+0000] {dag.py:3441} INFO - Setting next_dagrun for example_sla_dag to 2023-06-01T09:02:00+00:00, run_after=2023-06-01T09:04:00+00:00
[2023-06-01T09:05:20.828+0000] {processor.py:175} INFO - Processing /home/airflow/.local/lib/python3.7/site-packages/airflow/example_dags/example_sla_dag.py took 0.164 seconds
[2023-06-01T09:05:51.033+0000] {processor.py:153} INFO - Started process (PID=3493) to work on /home/airflow/.local/lib/python3.7/site-packages/airflow/example_dags/example_sla_dag.py
[2023-06-01T09:05:51.035+0000] {processor.py:743} INFO - Processing file /home/airflow/.local/lib/python3.7/site-packages/airflow/example_dags/example_sla_dag.py for tasks to queue
[2023-06-01T09:05:51.035+0000] {logging_mixin.py:137} INFO - [2023-06-01T09:05:51.035+0000] {dagbag.py:538} INFO - Filling up the DagBag from /home/airflow/.local/lib/python3.7/site-packages/airflow/example_dags/example_sla_dag.py
[2023-06-01T09:05:51.075+0000] {processor.py:753} INFO - DAG(s) dict_keys(['example_sla_dag']) retrieved from /home/airflow/.local/lib/python3.7/site-packages/airflow/example_dags/example_sla_dag.py
[2023-06-01T09:05:51.119+0000] {logging_mixin.py:137} INFO - [2023-06-01T09:05:51.119+0000] {dag.py:2690} INFO - Sync 1 DAGs
[2023-06-01T09:05:51.168+0000] {logging_mixin.py:137} INFO - [2023-06-01T09:05:51.168+0000] {dag.py:3441} INFO - Setting next_dagrun for example_sla_dag to 2023-06-01T09:02:00+00:00, run_after=2023-06-01T09:04:00+00:00
[2023-06-01T09:05:51.206+0000] {processor.py:175} INFO - Processing /home/airflow/.local/lib/python3.7/site-packages/airflow/example_dags/example_sla_dag.py took 0.178 seconds
[2023-06-01T09:06:21.535+0000] {processor.py:153} INFO - Started process (PID=3595) to work on /home/airflow/.local/lib/python3.7/site-packages/airflow/example_dags/example_sla_dag.py
[2023-06-01T09:06:21.539+0000] {processor.py:743} INFO - Processing file /home/airflow/.local/lib/python3.7/site-packages/airflow/example_dags/example_sla_dag.py for tasks to queue
[2023-06-01T09:06:21.539+0000] {logging_mixin.py:137} INFO - [2023-06-01T09:06:21.539+0000] {dagbag.py:538} INFO - Filling up the DagBag from /home/airflow/.local/lib/python3.7/site-packages/airflow/example_dags/example_sla_dag.py
[2023-06-01T09:06:21.567+0000] {processor.py:753} INFO - DAG(s) dict_keys(['example_sla_dag']) retrieved from /home/airflow/.local/lib/python3.7/site-packages/airflow/example_dags/example_sla_dag.py
[2023-06-01T09:06:21.609+0000] {logging_mixin.py:137} INFO - [2023-06-01T09:06:21.608+0000] {dag.py:2690} INFO - Sync 1 DAGs
[2023-06-01T09:06:21.650+0000] {logging_mixin.py:137} INFO - [2023-06-01T09:06:21.649+0000] {dag.py:3441} INFO - Setting next_dagrun for example_sla_dag to 2023-06-01T09:04:00+00:00, run_after=2023-06-01T09:06:00+00:00
[2023-06-01T09:06:21.687+0000] {processor.py:175} INFO - Processing /home/airflow/.local/lib/python3.7/site-packages/airflow/example_dags/example_sla_dag.py took 0.156 seconds
[2023-06-01T09:06:51.852+0000] {processor.py:153} INFO - Started process (PID=3682) to work on /home/airflow/.local/lib/python3.7/site-packages/airflow/example_dags/example_sla_dag.py
[2023-06-01T09:06:51.854+0000] {processor.py:743} INFO - Processing file /home/airflow/.local/lib/python3.7/site-packages/airflow/example_dags/example_sla_dag.py for tasks to queue
[2023-06-01T09:06:51.855+0000] {logging_mixin.py:137} INFO - [2023-06-01T09:06:51.855+0000] {dagbag.py:538} INFO - Filling up the DagBag from /home/airflow/.local/lib/python3.7/site-packages/airflow/example_dags/example_sla_dag.py
[2023-06-01T09:06:51.887+0000] {processor.py:753} INFO - DAG(s) dict_keys(['example_sla_dag']) retrieved from /home/airflow/.local/lib/python3.7/site-packages/airflow/example_dags/example_sla_dag.py
[2023-06-01T09:06:51.926+0000] {logging_mixin.py:137} INFO - [2023-06-01T09:06:51.926+0000] {dag.py:2690} INFO - Sync 1 DAGs
[2023-06-01T09:06:51.966+0000] {logging_mixin.py:137} INFO - [2023-06-01T09:06:51.965+0000] {dag.py:3441} INFO - Setting next_dagrun for example_sla_dag to 2023-06-01T09:04:00+00:00, run_after=2023-06-01T09:06:00+00:00
[2023-06-01T09:06:52.001+0000] {processor.py:175} INFO - Processing /home/airflow/.local/lib/python3.7/site-packages/airflow/example_dags/example_sla_dag.py took 0.153 seconds
[2023-06-01T09:07:22.797+0000] {processor.py:153} INFO - Started process (PID=3769) to work on /home/airflow/.local/lib/python3.7/site-packages/airflow/example_dags/example_sla_dag.py
[2023-06-01T09:07:22.799+0000] {processor.py:743} INFO - Processing file /home/airflow/.local/lib/python3.7/site-packages/airflow/example_dags/example_sla_dag.py for tasks to queue
[2023-06-01T09:07:22.800+0000] {logging_mixin.py:137} INFO - [2023-06-01T09:07:22.800+0000] {dagbag.py:538} INFO - Filling up the DagBag from /home/airflow/.local/lib/python3.7/site-packages/airflow/example_dags/example_sla_dag.py
[2023-06-01T09:07:22.827+0000] {processor.py:753} INFO - DAG(s) dict_keys(['example_sla_dag']) retrieved from /home/airflow/.local/lib/python3.7/site-packages/airflow/example_dags/example_sla_dag.py
[2023-06-01T09:07:22.861+0000] {logging_mixin.py:137} INFO - [2023-06-01T09:07:22.860+0000] {dag.py:2690} INFO - Sync 1 DAGs
[2023-06-01T09:07:22.896+0000] {logging_mixin.py:137} INFO - [2023-06-01T09:07:22.895+0000] {dag.py:3441} INFO - Setting next_dagrun for example_sla_dag to 2023-06-01T09:04:00+00:00, run_after=2023-06-01T09:06:00+00:00
[2023-06-01T09:07:22.930+0000] {processor.py:175} INFO - Processing /home/airflow/.local/lib/python3.7/site-packages/airflow/example_dags/example_sla_dag.py took 0.137 seconds
[2023-06-01T09:07:53.657+0000] {processor.py:153} INFO - Started process (PID=3856) to work on /home/airflow/.local/lib/python3.7/site-packages/airflow/example_dags/example_sla_dag.py
[2023-06-01T09:07:53.659+0000] {processor.py:743} INFO - Processing file /home/airflow/.local/lib/python3.7/site-packages/airflow/example_dags/example_sla_dag.py for tasks to queue
[2023-06-01T09:07:53.660+0000] {logging_mixin.py:137} INFO - [2023-06-01T09:07:53.660+0000] {dagbag.py:538} INFO - Filling up the DagBag from /home/airflow/.local/lib/python3.7/site-packages/airflow/example_dags/example_sla_dag.py
[2023-06-01T09:07:53.685+0000] {processor.py:753} INFO - DAG(s) dict_keys(['example_sla_dag']) retrieved from /home/airflow/.local/lib/python3.7/site-packages/airflow/example_dags/example_sla_dag.py
[2023-06-01T09:07:53.730+0000] {logging_mixin.py:137} INFO - [2023-06-01T09:07:53.729+0000] {dag.py:2690} INFO - Sync 1 DAGs
[2023-06-01T09:07:53.763+0000] {logging_mixin.py:137} INFO - [2023-06-01T09:07:53.763+0000] {dag.py:3441} INFO - Setting next_dagrun for example_sla_dag to 2023-06-01T09:04:00+00:00, run_after=2023-06-01T09:06:00+00:00
[2023-06-01T09:07:53.787+0000] {processor.py:175} INFO - Processing /home/airflow/.local/lib/python3.7/site-packages/airflow/example_dags/example_sla_dag.py took 0.134 seconds
[2023-06-01T09:08:24.490+0000] {processor.py:153} INFO - Started process (PID=3967) to work on /home/airflow/.local/lib/python3.7/site-packages/airflow/example_dags/example_sla_dag.py
[2023-06-01T09:08:24.492+0000] {processor.py:743} INFO - Processing file /home/airflow/.local/lib/python3.7/site-packages/airflow/example_dags/example_sla_dag.py for tasks to queue
[2023-06-01T09:08:24.493+0000] {logging_mixin.py:137} INFO - [2023-06-01T09:08:24.493+0000] {dagbag.py:538} INFO - Filling up the DagBag from /home/airflow/.local/lib/python3.7/site-packages/airflow/example_dags/example_sla_dag.py
[2023-06-01T09:08:24.519+0000] {processor.py:753} INFO - DAG(s) dict_keys(['example_sla_dag']) retrieved from /home/airflow/.local/lib/python3.7/site-packages/airflow/example_dags/example_sla_dag.py
[2023-06-01T09:08:24.554+0000] {logging_mixin.py:137} INFO - [2023-06-01T09:08:24.554+0000] {dag.py:2690} INFO - Sync 1 DAGs
[2023-06-01T09:08:24.591+0000] {logging_mixin.py:137} INFO - [2023-06-01T09:08:24.590+0000] {dag.py:3441} INFO - Setting next_dagrun for example_sla_dag to 2023-06-01T09:06:00+00:00, run_after=2023-06-01T09:08:00+00:00
[2023-06-01T09:08:24.626+0000] {processor.py:175} INFO - Processing /home/airflow/.local/lib/python3.7/site-packages/airflow/example_dags/example_sla_dag.py took 0.139 seconds
[2023-06-01T09:08:54.978+0000] {processor.py:153} INFO - Started process (PID=4054) to work on /home/airflow/.local/lib/python3.7/site-packages/airflow/example_dags/example_sla_dag.py
[2023-06-01T09:08:54.980+0000] {processor.py:743} INFO - Processing file /home/airflow/.local/lib/python3.7/site-packages/airflow/example_dags/example_sla_dag.py for tasks to queue
[2023-06-01T09:08:54.980+0000] {logging_mixin.py:137} INFO - [2023-06-01T09:08:54.980+0000] {dagbag.py:538} INFO - Filling up the DagBag from /home/airflow/.local/lib/python3.7/site-packages/airflow/example_dags/example_sla_dag.py
[2023-06-01T09:08:55.008+0000] {processor.py:753} INFO - DAG(s) dict_keys(['example_sla_dag']) retrieved from /home/airflow/.local/lib/python3.7/site-packages/airflow/example_dags/example_sla_dag.py
[2023-06-01T09:08:55.040+0000] {logging_mixin.py:137} INFO - [2023-06-01T09:08:55.040+0000] {dag.py:2690} INFO - Sync 1 DAGs
[2023-06-01T09:08:55.070+0000] {logging_mixin.py:137} INFO - [2023-06-01T09:08:55.070+0000] {dag.py:3441} INFO - Setting next_dagrun for example_sla_dag to 2023-06-01T09:06:00+00:00, run_after=2023-06-01T09:08:00+00:00
[2023-06-01T09:08:55.095+0000] {processor.py:175} INFO - Processing /home/airflow/.local/lib/python3.7/site-packages/airflow/example_dags/example_sla_dag.py took 0.120 seconds
[2023-06-01T09:09:25.489+0000] {processor.py:153} INFO - Started process (PID=4141) to work on /home/airflow/.local/lib/python3.7/site-packages/airflow/example_dags/example_sla_dag.py
[2023-06-01T09:09:25.491+0000] {processor.py:743} INFO - Processing file /home/airflow/.local/lib/python3.7/site-packages/airflow/example_dags/example_sla_dag.py for tasks to queue
[2023-06-01T09:09:25.492+0000] {logging_mixin.py:137} INFO - [2023-06-01T09:09:25.492+0000] {dagbag.py:538} INFO - Filling up the DagBag from /home/airflow/.local/lib/python3.7/site-packages/airflow/example_dags/example_sla_dag.py
[2023-06-01T09:09:25.519+0000] {processor.py:753} INFO - DAG(s) dict_keys(['example_sla_dag']) retrieved from /home/airflow/.local/lib/python3.7/site-packages/airflow/example_dags/example_sla_dag.py
[2023-06-01T09:09:25.548+0000] {logging_mixin.py:137} INFO - [2023-06-01T09:09:25.548+0000] {dag.py:2690} INFO - Sync 1 DAGs
[2023-06-01T09:09:25.583+0000] {logging_mixin.py:137} INFO - [2023-06-01T09:09:25.582+0000] {dag.py:3441} INFO - Setting next_dagrun for example_sla_dag to 2023-06-01T09:06:00+00:00, run_after=2023-06-01T09:08:00+00:00
[2023-06-01T09:09:25.611+0000] {processor.py:175} INFO - Processing /home/airflow/.local/lib/python3.7/site-packages/airflow/example_dags/example_sla_dag.py took 0.126 seconds
[2023-06-01T09:09:56.471+0000] {processor.py:153} INFO - Started process (PID=4228) to work on /home/airflow/.local/lib/python3.7/site-packages/airflow/example_dags/example_sla_dag.py
[2023-06-01T09:09:56.473+0000] {processor.py:743} INFO - Processing file /home/airflow/.local/lib/python3.7/site-packages/airflow/example_dags/example_sla_dag.py for tasks to queue
[2023-06-01T09:09:56.473+0000] {logging_mixin.py:137} INFO - [2023-06-01T09:09:56.473+0000] {dagbag.py:538} INFO - Filling up the DagBag from /home/airflow/.local/lib/python3.7/site-packages/airflow/example_dags/example_sla_dag.py
[2023-06-01T09:09:56.498+0000] {processor.py:753} INFO - DAG(s) dict_keys(['example_sla_dag']) retrieved from /home/airflow/.local/lib/python3.7/site-packages/airflow/example_dags/example_sla_dag.py
[2023-06-01T09:09:56.533+0000] {logging_mixin.py:137} INFO - [2023-06-01T09:09:56.532+0000] {dag.py:2690} INFO - Sync 1 DAGs
[2023-06-01T09:09:56.566+0000] {logging_mixin.py:137} INFO - [2023-06-01T09:09:56.566+0000] {dag.py:3441} INFO - Setting next_dagrun for example_sla_dag to 2023-06-01T09:06:00+00:00, run_after=2023-06-01T09:08:00+00:00
[2023-06-01T09:09:56.588+0000] {processor.py:175} INFO - Processing /home/airflow/.local/lib/python3.7/site-packages/airflow/example_dags/example_sla_dag.py took 0.120 seconds
[2023-06-01T09:10:26.749+0000] {processor.py:153} INFO - Started process (PID=4339) to work on /home/airflow/.local/lib/python3.7/site-packages/airflow/example_dags/example_sla_dag.py
[2023-06-01T09:10:26.751+0000] {processor.py:743} INFO - Processing file /home/airflow/.local/lib/python3.7/site-packages/airflow/example_dags/example_sla_dag.py for tasks to queue
[2023-06-01T09:10:26.752+0000] {logging_mixin.py:137} INFO - [2023-06-01T09:10:26.751+0000] {dagbag.py:538} INFO - Filling up the DagBag from /home/airflow/.local/lib/python3.7/site-packages/airflow/example_dags/example_sla_dag.py
[2023-06-01T09:10:26.779+0000] {processor.py:753} INFO - DAG(s) dict_keys(['example_sla_dag']) retrieved from /home/airflow/.local/lib/python3.7/site-packages/airflow/example_dags/example_sla_dag.py
[2023-06-01T09:10:26.815+0000] {logging_mixin.py:137} INFO - [2023-06-01T09:10:26.815+0000] {dag.py:2690} INFO - Sync 1 DAGs
[2023-06-01T09:10:26.847+0000] {logging_mixin.py:137} INFO - [2023-06-01T09:10:26.847+0000] {dag.py:3441} INFO - Setting next_dagrun for example_sla_dag to 2023-06-01T09:08:00+00:00, run_after=2023-06-01T09:10:00+00:00
[2023-06-01T09:10:26.868+0000] {processor.py:175} INFO - Processing /home/airflow/.local/lib/python3.7/site-packages/airflow/example_dags/example_sla_dag.py took 0.122 seconds
[2023-06-01T09:10:57.309+0000] {processor.py:153} INFO - Started process (PID=4426) to work on /home/airflow/.local/lib/python3.7/site-packages/airflow/example_dags/example_sla_dag.py
[2023-06-01T09:10:57.310+0000] {processor.py:743} INFO - Processing file /home/airflow/.local/lib/python3.7/site-packages/airflow/example_dags/example_sla_dag.py for tasks to queue
[2023-06-01T09:10:57.311+0000] {logging_mixin.py:137} INFO - [2023-06-01T09:10:57.311+0000] {dagbag.py:538} INFO - Filling up the DagBag from /home/airflow/.local/lib/python3.7/site-packages/airflow/example_dags/example_sla_dag.py
[2023-06-01T09:10:57.340+0000] {processor.py:753} INFO - DAG(s) dict_keys(['example_sla_dag']) retrieved from /home/airflow/.local/lib/python3.7/site-packages/airflow/example_dags/example_sla_dag.py
[2023-06-01T09:10:57.373+0000] {logging_mixin.py:137} INFO - [2023-06-01T09:10:57.372+0000] {dag.py:2690} INFO - Sync 1 DAGs
[2023-06-01T09:10:57.402+0000] {logging_mixin.py:137} INFO - [2023-06-01T09:10:57.401+0000] {dag.py:3441} INFO - Setting next_dagrun for example_sla_dag to 2023-06-01T09:08:00+00:00, run_after=2023-06-01T09:10:00+00:00
[2023-06-01T09:10:57.422+0000] {processor.py:175} INFO - Processing /home/airflow/.local/lib/python3.7/site-packages/airflow/example_dags/example_sla_dag.py took 0.118 seconds
[2023-06-01T09:11:27.644+0000] {processor.py:153} INFO - Started process (PID=4513) to work on /home/airflow/.local/lib/python3.7/site-packages/airflow/example_dags/example_sla_dag.py
[2023-06-01T09:11:27.645+0000] {processor.py:743} INFO - Processing file /home/airflow/.local/lib/python3.7/site-packages/airflow/example_dags/example_sla_dag.py for tasks to queue
[2023-06-01T09:11:27.645+0000] {logging_mixin.py:137} INFO - [2023-06-01T09:11:27.645+0000] {dagbag.py:538} INFO - Filling up the DagBag from /home/airflow/.local/lib/python3.7/site-packages/airflow/example_dags/example_sla_dag.py
[2023-06-01T09:11:27.668+0000] {processor.py:753} INFO - DAG(s) dict_keys(['example_sla_dag']) retrieved from /home/airflow/.local/lib/python3.7/site-packages/airflow/example_dags/example_sla_dag.py
[2023-06-01T09:11:27.698+0000] {logging_mixin.py:137} INFO - [2023-06-01T09:11:27.698+0000] {dag.py:2690} INFO - Sync 1 DAGs
[2023-06-01T09:11:27.727+0000] {logging_mixin.py:137} INFO - [2023-06-01T09:11:27.727+0000] {dag.py:3441} INFO - Setting next_dagrun for example_sla_dag to 2023-06-01T09:08:00+00:00, run_after=2023-06-01T09:10:00+00:00
[2023-06-01T09:11:27.745+0000] {processor.py:175} INFO - Processing /home/airflow/.local/lib/python3.7/site-packages/airflow/example_dags/example_sla_dag.py took 0.104 seconds
[2023-06-01T09:11:58.072+0000] {processor.py:153} INFO - Started process (PID=4609) to work on /home/airflow/.local/lib/python3.7/site-packages/airflow/example_dags/example_sla_dag.py
[2023-06-01T09:11:58.074+0000] {processor.py:743} INFO - Processing file /home/airflow/.local/lib/python3.7/site-packages/airflow/example_dags/example_sla_dag.py for tasks to queue
[2023-06-01T09:11:58.074+0000] {logging_mixin.py:137} INFO - [2023-06-01T09:11:58.074+0000] {dagbag.py:538} INFO - Filling up the DagBag from /home/airflow/.local/lib/python3.7/site-packages/airflow/example_dags/example_sla_dag.py
[2023-06-01T09:11:58.096+0000] {processor.py:753} INFO - DAG(s) dict_keys(['example_sla_dag']) retrieved from /home/airflow/.local/lib/python3.7/site-packages/airflow/example_dags/example_sla_dag.py
[2023-06-01T09:11:58.122+0000] {logging_mixin.py:137} INFO - [2023-06-01T09:11:58.122+0000] {dag.py:2690} INFO - Sync 1 DAGs
[2023-06-01T09:11:58.149+0000] {logging_mixin.py:137} INFO - [2023-06-01T09:11:58.149+0000] {dag.py:3441} INFO - Setting next_dagrun for example_sla_dag to 2023-06-01T09:08:00+00:00, run_after=2023-06-01T09:10:00+00:00
[2023-06-01T09:11:58.167+0000] {processor.py:175} INFO - Processing /home/airflow/.local/lib/python3.7/site-packages/airflow/example_dags/example_sla_dag.py took 0.097 seconds
[2023-06-01T09:12:28.833+0000] {processor.py:153} INFO - Started process (PID=4711) to work on /home/airflow/.local/lib/python3.7/site-packages/airflow/example_dags/example_sla_dag.py
[2023-06-01T09:12:28.835+0000] {processor.py:743} INFO - Processing file /home/airflow/.local/lib/python3.7/site-packages/airflow/example_dags/example_sla_dag.py for tasks to queue
[2023-06-01T09:12:28.835+0000] {logging_mixin.py:137} INFO - [2023-06-01T09:12:28.835+0000] {dagbag.py:538} INFO - Filling up the DagBag from /home/airflow/.local/lib/python3.7/site-packages/airflow/example_dags/example_sla_dag.py
[2023-06-01T09:12:28.858+0000] {processor.py:753} INFO - DAG(s) dict_keys(['example_sla_dag']) retrieved from /home/airflow/.local/lib/python3.7/site-packages/airflow/example_dags/example_sla_dag.py
[2023-06-01T09:12:28.970+0000] {logging_mixin.py:137} INFO - [2023-06-01T09:12:28.969+0000] {dag.py:2690} INFO - Sync 1 DAGs
[2023-06-01T09:12:29.002+0000] {logging_mixin.py:137} INFO - [2023-06-01T09:12:29.001+0000] {dag.py:3441} INFO - Setting next_dagrun for example_sla_dag to 2023-06-01T09:10:00+00:00, run_after=2023-06-01T09:12:00+00:00
[2023-06-01T09:12:29.027+0000] {processor.py:175} INFO - Processing /home/airflow/.local/lib/python3.7/site-packages/airflow/example_dags/example_sla_dag.py took 0.197 seconds
