[2023-06-01T08:47:26.406+0000] {processor.py:153} INFO - Started process (PID=109) to work on /home/airflow/.local/lib/python3.7/site-packages/airflow/example_dags/example_short_circuit_decorator.py
[2023-06-01T08:47:26.407+0000] {processor.py:743} INFO - Processing file /home/airflow/.local/lib/python3.7/site-packages/airflow/example_dags/example_short_circuit_decorator.py for tasks to queue
[2023-06-01T08:47:26.408+0000] {logging_mixin.py:137} INFO - [2023-06-01T08:47:26.408+0000] {dagbag.py:538} INFO - Filling up the DagBag from /home/airflow/.local/lib/python3.7/site-packages/airflow/example_dags/example_short_circuit_decorator.py
[2023-06-01T08:47:26.444+0000] {processor.py:753} INFO - DAG(s) dict_keys(['example_short_circuit_decorator']) retrieved from /home/airflow/.local/lib/python3.7/site-packages/airflow/example_dags/example_short_circuit_decorator.py
[2023-06-01T08:47:26.460+0000] {logging_mixin.py:137} INFO - [2023-06-01T08:47:26.460+0000] {dag.py:2690} INFO - Sync 1 DAGs
[2023-06-01T08:47:26.490+0000] {logging_mixin.py:137} INFO - [2023-06-01T08:47:26.490+0000] {dag.py:3441} INFO - Setting next_dagrun for example_short_circuit_decorator to 2023-05-31T08:47:26.489696+00:00, run_after=2023-06-01T08:47:26.489696+00:00
[2023-06-01T08:47:26.523+0000] {processor.py:175} INFO - Processing /home/airflow/.local/lib/python3.7/site-packages/airflow/example_dags/example_short_circuit_decorator.py took 0.120 seconds
[2023-06-01T08:47:56.786+0000] {processor.py:153} INFO - Started process (PID=196) to work on /home/airflow/.local/lib/python3.7/site-packages/airflow/example_dags/example_short_circuit_decorator.py
[2023-06-01T08:47:56.787+0000] {processor.py:743} INFO - Processing file /home/airflow/.local/lib/python3.7/site-packages/airflow/example_dags/example_short_circuit_decorator.py for tasks to queue
[2023-06-01T08:47:56.788+0000] {logging_mixin.py:137} INFO - [2023-06-01T08:47:56.788+0000] {dagbag.py:538} INFO - Filling up the DagBag from /home/airflow/.local/lib/python3.7/site-packages/airflow/example_dags/example_short_circuit_decorator.py
[2023-06-01T08:47:56.812+0000] {processor.py:753} INFO - DAG(s) dict_keys(['example_short_circuit_decorator']) retrieved from /home/airflow/.local/lib/python3.7/site-packages/airflow/example_dags/example_short_circuit_decorator.py
[2023-06-01T08:47:56.842+0000] {logging_mixin.py:137} INFO - [2023-06-01T08:47:56.842+0000] {dag.py:2690} INFO - Sync 1 DAGs
[2023-06-01T08:47:56.872+0000] {logging_mixin.py:137} INFO - [2023-06-01T08:47:56.871+0000] {dag.py:3441} INFO - Setting next_dagrun for example_short_circuit_decorator to 2023-05-31T08:47:56.871739+00:00, run_after=2023-06-01T08:47:56.871739+00:00
[2023-06-01T08:47:56.888+0000] {processor.py:175} INFO - Processing /home/airflow/.local/lib/python3.7/site-packages/airflow/example_dags/example_short_circuit_decorator.py took 0.105 seconds
[2023-06-01T08:48:27.798+0000] {processor.py:153} INFO - Started process (PID=283) to work on /home/airflow/.local/lib/python3.7/site-packages/airflow/example_dags/example_short_circuit_decorator.py
[2023-06-01T08:48:27.800+0000] {processor.py:743} INFO - Processing file /home/airflow/.local/lib/python3.7/site-packages/airflow/example_dags/example_short_circuit_decorator.py for tasks to queue
[2023-06-01T08:48:27.801+0000] {logging_mixin.py:137} INFO - [2023-06-01T08:48:27.800+0000] {dagbag.py:538} INFO - Filling up the DagBag from /home/airflow/.local/lib/python3.7/site-packages/airflow/example_dags/example_short_circuit_decorator.py
[2023-06-01T08:48:27.824+0000] {processor.py:753} INFO - DAG(s) dict_keys(['example_short_circuit_decorator']) retrieved from /home/airflow/.local/lib/python3.7/site-packages/airflow/example_dags/example_short_circuit_decorator.py
[2023-06-01T08:48:27.856+0000] {logging_mixin.py:137} INFO - [2023-06-01T08:48:27.855+0000] {dag.py:2690} INFO - Sync 1 DAGs
[2023-06-01T08:48:27.883+0000] {logging_mixin.py:137} INFO - [2023-06-01T08:48:27.883+0000] {dag.py:3441} INFO - Setting next_dagrun for example_short_circuit_decorator to 2023-05-31T08:48:27.883290+00:00, run_after=2023-06-01T08:48:27.883290+00:00
[2023-06-01T08:48:27.901+0000] {processor.py:175} INFO - Processing /home/airflow/.local/lib/python3.7/site-packages/airflow/example_dags/example_short_circuit_decorator.py took 0.106 seconds
[2023-06-01T08:48:58.675+0000] {processor.py:153} INFO - Started process (PID=394) to work on /home/airflow/.local/lib/python3.7/site-packages/airflow/example_dags/example_short_circuit_decorator.py
[2023-06-01T08:48:58.676+0000] {processor.py:743} INFO - Processing file /home/airflow/.local/lib/python3.7/site-packages/airflow/example_dags/example_short_circuit_decorator.py for tasks to queue
[2023-06-01T08:48:58.676+0000] {logging_mixin.py:137} INFO - [2023-06-01T08:48:58.676+0000] {dagbag.py:538} INFO - Filling up the DagBag from /home/airflow/.local/lib/python3.7/site-packages/airflow/example_dags/example_short_circuit_decorator.py
[2023-06-01T08:48:58.698+0000] {processor.py:753} INFO - DAG(s) dict_keys(['example_short_circuit_decorator']) retrieved from /home/airflow/.local/lib/python3.7/site-packages/airflow/example_dags/example_short_circuit_decorator.py
[2023-06-01T08:48:58.725+0000] {logging_mixin.py:137} INFO - [2023-06-01T08:48:58.725+0000] {dag.py:2690} INFO - Sync 1 DAGs
[2023-06-01T08:48:58.749+0000] {logging_mixin.py:137} INFO - [2023-06-01T08:48:58.749+0000] {dag.py:3441} INFO - Setting next_dagrun for example_short_circuit_decorator to 2023-05-31T08:48:58.749462+00:00, run_after=2023-06-01T08:48:58.749462+00:00
[2023-06-01T08:48:58.768+0000] {processor.py:175} INFO - Processing /home/airflow/.local/lib/python3.7/site-packages/airflow/example_dags/example_short_circuit_decorator.py took 0.096 seconds
[2023-06-01T08:49:30.072+0000] {processor.py:153} INFO - Started process (PID=481) to work on /home/airflow/.local/lib/python3.7/site-packages/airflow/example_dags/example_short_circuit_decorator.py
[2023-06-01T08:49:30.073+0000] {processor.py:743} INFO - Processing file /home/airflow/.local/lib/python3.7/site-packages/airflow/example_dags/example_short_circuit_decorator.py for tasks to queue
[2023-06-01T08:49:30.074+0000] {logging_mixin.py:137} INFO - [2023-06-01T08:49:30.074+0000] {dagbag.py:538} INFO - Filling up the DagBag from /home/airflow/.local/lib/python3.7/site-packages/airflow/example_dags/example_short_circuit_decorator.py
[2023-06-01T08:49:30.095+0000] {processor.py:753} INFO - DAG(s) dict_keys(['example_short_circuit_decorator']) retrieved from /home/airflow/.local/lib/python3.7/site-packages/airflow/example_dags/example_short_circuit_decorator.py
[2023-06-01T08:49:30.120+0000] {logging_mixin.py:137} INFO - [2023-06-01T08:49:30.120+0000] {dag.py:2690} INFO - Sync 1 DAGs
[2023-06-01T08:49:30.143+0000] {logging_mixin.py:137} INFO - [2023-06-01T08:49:30.143+0000] {dag.py:3441} INFO - Setting next_dagrun for example_short_circuit_decorator to 2023-05-31T08:49:30.142819+00:00, run_after=2023-06-01T08:49:30.142819+00:00
[2023-06-01T08:49:30.161+0000] {processor.py:175} INFO - Processing /home/airflow/.local/lib/python3.7/site-packages/airflow/example_dags/example_short_circuit_decorator.py took 0.092 seconds
[2023-06-01T08:50:00.748+0000] {processor.py:153} INFO - Started process (PID=592) to work on /home/airflow/.local/lib/python3.7/site-packages/airflow/example_dags/example_short_circuit_decorator.py
[2023-06-01T08:50:00.749+0000] {processor.py:743} INFO - Processing file /home/airflow/.local/lib/python3.7/site-packages/airflow/example_dags/example_short_circuit_decorator.py for tasks to queue
[2023-06-01T08:50:00.749+0000] {logging_mixin.py:137} INFO - [2023-06-01T08:50:00.749+0000] {dagbag.py:538} INFO - Filling up the DagBag from /home/airflow/.local/lib/python3.7/site-packages/airflow/example_dags/example_short_circuit_decorator.py
[2023-06-01T08:50:00.773+0000] {processor.py:753} INFO - DAG(s) dict_keys(['example_short_circuit_decorator']) retrieved from /home/airflow/.local/lib/python3.7/site-packages/airflow/example_dags/example_short_circuit_decorator.py
[2023-06-01T08:50:00.799+0000] {logging_mixin.py:137} INFO - [2023-06-01T08:50:00.799+0000] {dag.py:2690} INFO - Sync 1 DAGs
[2023-06-01T08:50:00.824+0000] {logging_mixin.py:137} INFO - [2023-06-01T08:50:00.823+0000] {dag.py:3441} INFO - Setting next_dagrun for example_short_circuit_decorator to 2023-05-31T08:50:00.823688+00:00, run_after=2023-06-01T08:50:00.823688+00:00
[2023-06-01T08:50:00.842+0000] {processor.py:175} INFO - Processing /home/airflow/.local/lib/python3.7/site-packages/airflow/example_dags/example_short_circuit_decorator.py took 0.097 seconds
[2023-06-01T08:50:30.874+0000] {processor.py:153} INFO - Started process (PID=679) to work on /home/airflow/.local/lib/python3.7/site-packages/airflow/example_dags/example_short_circuit_decorator.py
[2023-06-01T08:50:30.876+0000] {processor.py:743} INFO - Processing file /home/airflow/.local/lib/python3.7/site-packages/airflow/example_dags/example_short_circuit_decorator.py for tasks to queue
[2023-06-01T08:50:30.876+0000] {logging_mixin.py:137} INFO - [2023-06-01T08:50:30.876+0000] {dagbag.py:538} INFO - Filling up the DagBag from /home/airflow/.local/lib/python3.7/site-packages/airflow/example_dags/example_short_circuit_decorator.py
[2023-06-01T08:50:30.900+0000] {processor.py:753} INFO - DAG(s) dict_keys(['example_short_circuit_decorator']) retrieved from /home/airflow/.local/lib/python3.7/site-packages/airflow/example_dags/example_short_circuit_decorator.py
[2023-06-01T08:50:30.929+0000] {logging_mixin.py:137} INFO - [2023-06-01T08:50:30.929+0000] {dag.py:2690} INFO - Sync 1 DAGs
[2023-06-01T08:50:30.957+0000] {logging_mixin.py:137} INFO - [2023-06-01T08:50:30.957+0000] {dag.py:3441} INFO - Setting next_dagrun for example_short_circuit_decorator to 2023-05-31T08:50:30.956980+00:00, run_after=2023-06-01T08:50:30.956980+00:00
[2023-06-01T08:50:30.978+0000] {processor.py:175} INFO - Processing /home/airflow/.local/lib/python3.7/site-packages/airflow/example_dags/example_short_circuit_decorator.py took 0.107 seconds
[2023-06-01T08:51:01.353+0000] {processor.py:153} INFO - Started process (PID=766) to work on /home/airflow/.local/lib/python3.7/site-packages/airflow/example_dags/example_short_circuit_decorator.py
[2023-06-01T08:51:01.354+0000] {processor.py:743} INFO - Processing file /home/airflow/.local/lib/python3.7/site-packages/airflow/example_dags/example_short_circuit_decorator.py for tasks to queue
[2023-06-01T08:51:01.354+0000] {logging_mixin.py:137} INFO - [2023-06-01T08:51:01.354+0000] {dagbag.py:538} INFO - Filling up the DagBag from /home/airflow/.local/lib/python3.7/site-packages/airflow/example_dags/example_short_circuit_decorator.py
[2023-06-01T08:51:01.379+0000] {processor.py:753} INFO - DAG(s) dict_keys(['example_short_circuit_decorator']) retrieved from /home/airflow/.local/lib/python3.7/site-packages/airflow/example_dags/example_short_circuit_decorator.py
[2023-06-01T08:51:01.407+0000] {logging_mixin.py:137} INFO - [2023-06-01T08:51:01.406+0000] {dag.py:2690} INFO - Sync 1 DAGs
[2023-06-01T08:51:01.431+0000] {logging_mixin.py:137} INFO - [2023-06-01T08:51:01.431+0000] {dag.py:3441} INFO - Setting next_dagrun for example_short_circuit_decorator to 2023-05-31T08:51:01.430905+00:00, run_after=2023-06-01T08:51:01.430905+00:00
[2023-06-01T08:51:01.460+0000] {processor.py:175} INFO - Processing /home/airflow/.local/lib/python3.7/site-packages/airflow/example_dags/example_short_circuit_decorator.py took 0.112 seconds
[2023-06-01T08:51:31.818+0000] {processor.py:153} INFO - Started process (PID=877) to work on /home/airflow/.local/lib/python3.7/site-packages/airflow/example_dags/example_short_circuit_decorator.py
[2023-06-01T08:51:31.820+0000] {processor.py:743} INFO - Processing file /home/airflow/.local/lib/python3.7/site-packages/airflow/example_dags/example_short_circuit_decorator.py for tasks to queue
[2023-06-01T08:51:31.821+0000] {logging_mixin.py:137} INFO - [2023-06-01T08:51:31.821+0000] {dagbag.py:538} INFO - Filling up the DagBag from /home/airflow/.local/lib/python3.7/site-packages/airflow/example_dags/example_short_circuit_decorator.py
[2023-06-01T08:51:31.857+0000] {processor.py:753} INFO - DAG(s) dict_keys(['example_short_circuit_decorator']) retrieved from /home/airflow/.local/lib/python3.7/site-packages/airflow/example_dags/example_short_circuit_decorator.py
[2023-06-01T08:51:31.941+0000] {logging_mixin.py:137} INFO - [2023-06-01T08:51:31.940+0000] {dag.py:2690} INFO - Sync 1 DAGs
[2023-06-01T08:51:31.970+0000] {logging_mixin.py:137} INFO - [2023-06-01T08:51:31.970+0000] {dag.py:3441} INFO - Setting next_dagrun for example_short_circuit_decorator to 2023-05-31T08:51:31.969963+00:00, run_after=2023-06-01T08:51:31.969963+00:00
[2023-06-01T08:51:31.998+0000] {processor.py:175} INFO - Processing /home/airflow/.local/lib/python3.7/site-packages/airflow/example_dags/example_short_circuit_decorator.py took 0.185 seconds
[2023-06-01T08:52:02.439+0000] {processor.py:153} INFO - Started process (PID=964) to work on /home/airflow/.local/lib/python3.7/site-packages/airflow/example_dags/example_short_circuit_decorator.py
[2023-06-01T08:52:02.440+0000] {processor.py:743} INFO - Processing file /home/airflow/.local/lib/python3.7/site-packages/airflow/example_dags/example_short_circuit_decorator.py for tasks to queue
[2023-06-01T08:52:02.441+0000] {logging_mixin.py:137} INFO - [2023-06-01T08:52:02.441+0000] {dagbag.py:538} INFO - Filling up the DagBag from /home/airflow/.local/lib/python3.7/site-packages/airflow/example_dags/example_short_circuit_decorator.py
[2023-06-01T08:52:02.473+0000] {processor.py:753} INFO - DAG(s) dict_keys(['example_short_circuit_decorator']) retrieved from /home/airflow/.local/lib/python3.7/site-packages/airflow/example_dags/example_short_circuit_decorator.py
[2023-06-01T08:52:02.509+0000] {logging_mixin.py:137} INFO - [2023-06-01T08:52:02.508+0000] {dag.py:2690} INFO - Sync 1 DAGs
[2023-06-01T08:52:02.541+0000] {logging_mixin.py:137} INFO - [2023-06-01T08:52:02.541+0000] {dag.py:3441} INFO - Setting next_dagrun for example_short_circuit_decorator to 2023-05-31T08:52:02.541009+00:00, run_after=2023-06-01T08:52:02.541009+00:00
[2023-06-01T08:52:02.565+0000] {processor.py:175} INFO - Processing /home/airflow/.local/lib/python3.7/site-packages/airflow/example_dags/example_short_circuit_decorator.py took 0.130 seconds
[2023-06-01T08:52:33.054+0000] {processor.py:153} INFO - Started process (PID=1051) to work on /home/airflow/.local/lib/python3.7/site-packages/airflow/example_dags/example_short_circuit_decorator.py
[2023-06-01T08:52:33.056+0000] {processor.py:743} INFO - Processing file /home/airflow/.local/lib/python3.7/site-packages/airflow/example_dags/example_short_circuit_decorator.py for tasks to queue
[2023-06-01T08:52:33.056+0000] {logging_mixin.py:137} INFO - [2023-06-01T08:52:33.056+0000] {dagbag.py:538} INFO - Filling up the DagBag from /home/airflow/.local/lib/python3.7/site-packages/airflow/example_dags/example_short_circuit_decorator.py
[2023-06-01T08:52:33.083+0000] {processor.py:753} INFO - DAG(s) dict_keys(['example_short_circuit_decorator']) retrieved from /home/airflow/.local/lib/python3.7/site-packages/airflow/example_dags/example_short_circuit_decorator.py
[2023-06-01T08:52:33.118+0000] {logging_mixin.py:137} INFO - [2023-06-01T08:52:33.117+0000] {dag.py:2690} INFO - Sync 1 DAGs
[2023-06-01T08:52:33.152+0000] {logging_mixin.py:137} INFO - [2023-06-01T08:52:33.152+0000] {dag.py:3441} INFO - Setting next_dagrun for example_short_circuit_decorator to 2023-05-31T08:52:33.152300+00:00, run_after=2023-06-01T08:52:33.152300+00:00
[2023-06-01T08:52:33.178+0000] {processor.py:175} INFO - Processing /home/airflow/.local/lib/python3.7/site-packages/airflow/example_dags/example_short_circuit_decorator.py took 0.128 seconds
[2023-06-01T08:53:03.544+0000] {processor.py:153} INFO - Started process (PID=1144) to work on /home/airflow/.local/lib/python3.7/site-packages/airflow/example_dags/example_short_circuit_decorator.py
[2023-06-01T08:53:03.545+0000] {processor.py:743} INFO - Processing file /home/airflow/.local/lib/python3.7/site-packages/airflow/example_dags/example_short_circuit_decorator.py for tasks to queue
[2023-06-01T08:53:03.546+0000] {logging_mixin.py:137} INFO - [2023-06-01T08:53:03.546+0000] {dagbag.py:538} INFO - Filling up the DagBag from /home/airflow/.local/lib/python3.7/site-packages/airflow/example_dags/example_short_circuit_decorator.py
[2023-06-01T08:53:03.579+0000] {processor.py:753} INFO - DAG(s) dict_keys(['example_short_circuit_decorator']) retrieved from /home/airflow/.local/lib/python3.7/site-packages/airflow/example_dags/example_short_circuit_decorator.py
[2023-06-01T08:53:03.634+0000] {logging_mixin.py:137} INFO - [2023-06-01T08:53:03.634+0000] {dag.py:2690} INFO - Sync 1 DAGs
[2023-06-01T08:53:03.662+0000] {logging_mixin.py:137} INFO - [2023-06-01T08:53:03.662+0000] {dag.py:3441} INFO - Setting next_dagrun for example_short_circuit_decorator to 2023-05-31T08:53:03.661700+00:00, run_after=2023-06-01T08:53:03.661700+00:00
[2023-06-01T08:53:03.690+0000] {processor.py:175} INFO - Processing /home/airflow/.local/lib/python3.7/site-packages/airflow/example_dags/example_short_circuit_decorator.py took 0.151 seconds
[2023-06-01T08:53:34.225+0000] {processor.py:153} INFO - Started process (PID=1249) to work on /home/airflow/.local/lib/python3.7/site-packages/airflow/example_dags/example_short_circuit_decorator.py
[2023-06-01T08:53:34.227+0000] {processor.py:743} INFO - Processing file /home/airflow/.local/lib/python3.7/site-packages/airflow/example_dags/example_short_circuit_decorator.py for tasks to queue
[2023-06-01T08:53:34.228+0000] {logging_mixin.py:137} INFO - [2023-06-01T08:53:34.227+0000] {dagbag.py:538} INFO - Filling up the DagBag from /home/airflow/.local/lib/python3.7/site-packages/airflow/example_dags/example_short_circuit_decorator.py
[2023-06-01T08:53:34.254+0000] {processor.py:753} INFO - DAG(s) dict_keys(['example_short_circuit_decorator']) retrieved from /home/airflow/.local/lib/python3.7/site-packages/airflow/example_dags/example_short_circuit_decorator.py
[2023-06-01T08:53:34.288+0000] {logging_mixin.py:137} INFO - [2023-06-01T08:53:34.287+0000] {dag.py:2690} INFO - Sync 1 DAGs
[2023-06-01T08:53:34.319+0000] {logging_mixin.py:137} INFO - [2023-06-01T08:53:34.319+0000] {dag.py:3441} INFO - Setting next_dagrun for example_short_circuit_decorator to 2023-05-31T08:53:34.318671+00:00, run_after=2023-06-01T08:53:34.318671+00:00
[2023-06-01T08:53:34.347+0000] {processor.py:175} INFO - Processing /home/airflow/.local/lib/python3.7/site-packages/airflow/example_dags/example_short_circuit_decorator.py took 0.125 seconds
[2023-06-01T08:54:04.449+0000] {processor.py:153} INFO - Started process (PID=1336) to work on /home/airflow/.local/lib/python3.7/site-packages/airflow/example_dags/example_short_circuit_decorator.py
[2023-06-01T08:54:04.450+0000] {processor.py:743} INFO - Processing file /home/airflow/.local/lib/python3.7/site-packages/airflow/example_dags/example_short_circuit_decorator.py for tasks to queue
[2023-06-01T08:54:04.451+0000] {logging_mixin.py:137} INFO - [2023-06-01T08:54:04.451+0000] {dagbag.py:538} INFO - Filling up the DagBag from /home/airflow/.local/lib/python3.7/site-packages/airflow/example_dags/example_short_circuit_decorator.py
[2023-06-01T08:54:04.477+0000] {processor.py:753} INFO - DAG(s) dict_keys(['example_short_circuit_decorator']) retrieved from /home/airflow/.local/lib/python3.7/site-packages/airflow/example_dags/example_short_circuit_decorator.py
[2023-06-01T08:54:04.506+0000] {logging_mixin.py:137} INFO - [2023-06-01T08:54:04.506+0000] {dag.py:2690} INFO - Sync 1 DAGs
[2023-06-01T08:54:04.536+0000] {logging_mixin.py:137} INFO - [2023-06-01T08:54:04.535+0000] {dag.py:3441} INFO - Setting next_dagrun for example_short_circuit_decorator to 2023-05-31T08:54:04.535653+00:00, run_after=2023-06-01T08:54:04.535653+00:00
[2023-06-01T08:54:04.554+0000] {processor.py:175} INFO - Processing /home/airflow/.local/lib/python3.7/site-packages/airflow/example_dags/example_short_circuit_decorator.py took 0.108 seconds
[2023-06-01T08:54:35.128+0000] {processor.py:153} INFO - Started process (PID=1423) to work on /home/airflow/.local/lib/python3.7/site-packages/airflow/example_dags/example_short_circuit_decorator.py
[2023-06-01T08:54:35.130+0000] {processor.py:743} INFO - Processing file /home/airflow/.local/lib/python3.7/site-packages/airflow/example_dags/example_short_circuit_decorator.py for tasks to queue
[2023-06-01T08:54:35.131+0000] {logging_mixin.py:137} INFO - [2023-06-01T08:54:35.131+0000] {dagbag.py:538} INFO - Filling up the DagBag from /home/airflow/.local/lib/python3.7/site-packages/airflow/example_dags/example_short_circuit_decorator.py
[2023-06-01T08:54:35.160+0000] {processor.py:753} INFO - DAG(s) dict_keys(['example_short_circuit_decorator']) retrieved from /home/airflow/.local/lib/python3.7/site-packages/airflow/example_dags/example_short_circuit_decorator.py
[2023-06-01T08:54:35.199+0000] {logging_mixin.py:137} INFO - [2023-06-01T08:54:35.199+0000] {dag.py:2690} INFO - Sync 1 DAGs
[2023-06-01T08:54:35.269+0000] {logging_mixin.py:137} INFO - [2023-06-01T08:54:35.268+0000] {dag.py:3441} INFO - Setting next_dagrun for example_short_circuit_decorator to 2023-05-31T08:54:35.268443+00:00, run_after=2023-06-01T08:54:35.268443+00:00
[2023-06-01T08:54:35.345+0000] {processor.py:175} INFO - Processing /home/airflow/.local/lib/python3.7/site-packages/airflow/example_dags/example_short_circuit_decorator.py took 0.223 seconds
[2023-06-01T08:55:06.240+0000] {processor.py:153} INFO - Started process (PID=1534) to work on /home/airflow/.local/lib/python3.7/site-packages/airflow/example_dags/example_short_circuit_decorator.py
[2023-06-01T08:55:06.240+0000] {processor.py:743} INFO - Processing file /home/airflow/.local/lib/python3.7/site-packages/airflow/example_dags/example_short_circuit_decorator.py for tasks to queue
[2023-06-01T08:55:06.241+0000] {logging_mixin.py:137} INFO - [2023-06-01T08:55:06.241+0000] {dagbag.py:538} INFO - Filling up the DagBag from /home/airflow/.local/lib/python3.7/site-packages/airflow/example_dags/example_short_circuit_decorator.py
[2023-06-01T08:55:06.266+0000] {processor.py:753} INFO - DAG(s) dict_keys(['example_short_circuit_decorator']) retrieved from /home/airflow/.local/lib/python3.7/site-packages/airflow/example_dags/example_short_circuit_decorator.py
[2023-06-01T08:55:06.293+0000] {logging_mixin.py:137} INFO - [2023-06-01T08:55:06.293+0000] {dag.py:2690} INFO - Sync 1 DAGs
[2023-06-01T08:55:06.321+0000] {logging_mixin.py:137} INFO - [2023-06-01T08:55:06.321+0000] {dag.py:3441} INFO - Setting next_dagrun for example_short_circuit_decorator to 2023-05-31T08:55:06.320999+00:00, run_after=2023-06-01T08:55:06.320999+00:00
[2023-06-01T08:55:06.344+0000] {processor.py:175} INFO - Processing /home/airflow/.local/lib/python3.7/site-packages/airflow/example_dags/example_short_circuit_decorator.py took 0.108 seconds
[2023-06-01T08:55:37.293+0000] {processor.py:153} INFO - Started process (PID=1621) to work on /home/airflow/.local/lib/python3.7/site-packages/airflow/example_dags/example_short_circuit_decorator.py
[2023-06-01T08:55:37.295+0000] {processor.py:743} INFO - Processing file /home/airflow/.local/lib/python3.7/site-packages/airflow/example_dags/example_short_circuit_decorator.py for tasks to queue
[2023-06-01T08:55:37.296+0000] {logging_mixin.py:137} INFO - [2023-06-01T08:55:37.295+0000] {dagbag.py:538} INFO - Filling up the DagBag from /home/airflow/.local/lib/python3.7/site-packages/airflow/example_dags/example_short_circuit_decorator.py
[2023-06-01T08:55:37.320+0000] {processor.py:753} INFO - DAG(s) dict_keys(['example_short_circuit_decorator']) retrieved from /home/airflow/.local/lib/python3.7/site-packages/airflow/example_dags/example_short_circuit_decorator.py
[2023-06-01T08:55:37.351+0000] {logging_mixin.py:137} INFO - [2023-06-01T08:55:37.351+0000] {dag.py:2690} INFO - Sync 1 DAGs
[2023-06-01T08:55:37.379+0000] {logging_mixin.py:137} INFO - [2023-06-01T08:55:37.379+0000] {dag.py:3441} INFO - Setting next_dagrun for example_short_circuit_decorator to 2023-05-31T08:55:37.379432+00:00, run_after=2023-06-01T08:55:37.379432+00:00
[2023-06-01T08:55:37.401+0000] {processor.py:175} INFO - Processing /home/airflow/.local/lib/python3.7/site-packages/airflow/example_dags/example_short_circuit_decorator.py took 0.112 seconds
[2023-06-01T08:56:07.533+0000] {processor.py:153} INFO - Started process (PID=1708) to work on /home/airflow/.local/lib/python3.7/site-packages/airflow/example_dags/example_short_circuit_decorator.py
[2023-06-01T08:56:07.534+0000] {processor.py:743} INFO - Processing file /home/airflow/.local/lib/python3.7/site-packages/airflow/example_dags/example_short_circuit_decorator.py for tasks to queue
[2023-06-01T08:56:07.534+0000] {logging_mixin.py:137} INFO - [2023-06-01T08:56:07.534+0000] {dagbag.py:538} INFO - Filling up the DagBag from /home/airflow/.local/lib/python3.7/site-packages/airflow/example_dags/example_short_circuit_decorator.py
[2023-06-01T08:56:07.562+0000] {processor.py:753} INFO - DAG(s) dict_keys(['example_short_circuit_decorator']) retrieved from /home/airflow/.local/lib/python3.7/site-packages/airflow/example_dags/example_short_circuit_decorator.py
[2023-06-01T08:56:07.594+0000] {logging_mixin.py:137} INFO - [2023-06-01T08:56:07.593+0000] {dag.py:2690} INFO - Sync 1 DAGs
[2023-06-01T08:56:07.627+0000] {logging_mixin.py:137} INFO - [2023-06-01T08:56:07.627+0000] {dag.py:3441} INFO - Setting next_dagrun for example_short_circuit_decorator to 2023-05-31T08:56:07.627227+00:00, run_after=2023-06-01T08:56:07.627227+00:00
[2023-06-01T08:56:07.652+0000] {processor.py:175} INFO - Processing /home/airflow/.local/lib/python3.7/site-packages/airflow/example_dags/example_short_circuit_decorator.py took 0.123 seconds
[2023-06-01T08:56:38.447+0000] {processor.py:153} INFO - Started process (PID=1819) to work on /home/airflow/.local/lib/python3.7/site-packages/airflow/example_dags/example_short_circuit_decorator.py
[2023-06-01T08:56:38.449+0000] {processor.py:743} INFO - Processing file /home/airflow/.local/lib/python3.7/site-packages/airflow/example_dags/example_short_circuit_decorator.py for tasks to queue
[2023-06-01T08:56:38.450+0000] {logging_mixin.py:137} INFO - [2023-06-01T08:56:38.450+0000] {dagbag.py:538} INFO - Filling up the DagBag from /home/airflow/.local/lib/python3.7/site-packages/airflow/example_dags/example_short_circuit_decorator.py
[2023-06-01T08:56:38.483+0000] {processor.py:753} INFO - DAG(s) dict_keys(['example_short_circuit_decorator']) retrieved from /home/airflow/.local/lib/python3.7/site-packages/airflow/example_dags/example_short_circuit_decorator.py
[2023-06-01T08:56:38.519+0000] {logging_mixin.py:137} INFO - [2023-06-01T08:56:38.519+0000] {dag.py:2690} INFO - Sync 1 DAGs
[2023-06-01T08:56:38.547+0000] {logging_mixin.py:137} INFO - [2023-06-01T08:56:38.546+0000] {dag.py:3441} INFO - Setting next_dagrun for example_short_circuit_decorator to 2023-05-31T08:56:38.546506+00:00, run_after=2023-06-01T08:56:38.546506+00:00
[2023-06-01T08:56:38.566+0000] {processor.py:175} INFO - Processing /home/airflow/.local/lib/python3.7/site-packages/airflow/example_dags/example_short_circuit_decorator.py took 0.123 seconds
[2023-06-01T08:57:08.905+0000] {processor.py:153} INFO - Started process (PID=1906) to work on /home/airflow/.local/lib/python3.7/site-packages/airflow/example_dags/example_short_circuit_decorator.py
[2023-06-01T08:57:08.905+0000] {processor.py:743} INFO - Processing file /home/airflow/.local/lib/python3.7/site-packages/airflow/example_dags/example_short_circuit_decorator.py for tasks to queue
[2023-06-01T08:57:08.906+0000] {logging_mixin.py:137} INFO - [2023-06-01T08:57:08.906+0000] {dagbag.py:538} INFO - Filling up the DagBag from /home/airflow/.local/lib/python3.7/site-packages/airflow/example_dags/example_short_circuit_decorator.py
[2023-06-01T08:57:08.932+0000] {processor.py:753} INFO - DAG(s) dict_keys(['example_short_circuit_decorator']) retrieved from /home/airflow/.local/lib/python3.7/site-packages/airflow/example_dags/example_short_circuit_decorator.py
[2023-06-01T08:57:08.963+0000] {logging_mixin.py:137} INFO - [2023-06-01T08:57:08.963+0000] {dag.py:2690} INFO - Sync 1 DAGs
[2023-06-01T08:57:08.989+0000] {logging_mixin.py:137} INFO - [2023-06-01T08:57:08.989+0000] {dag.py:3441} INFO - Setting next_dagrun for example_short_circuit_decorator to 2023-05-31T08:57:08.989304+00:00, run_after=2023-06-01T08:57:08.989304+00:00
[2023-06-01T08:57:09.009+0000] {processor.py:175} INFO - Processing /home/airflow/.local/lib/python3.7/site-packages/airflow/example_dags/example_short_circuit_decorator.py took 0.107 seconds
[2023-06-01T08:57:39.319+0000] {processor.py:153} INFO - Started process (PID=1993) to work on /home/airflow/.local/lib/python3.7/site-packages/airflow/example_dags/example_short_circuit_decorator.py
[2023-06-01T08:57:39.321+0000] {processor.py:743} INFO - Processing file /home/airflow/.local/lib/python3.7/site-packages/airflow/example_dags/example_short_circuit_decorator.py for tasks to queue
[2023-06-01T08:57:39.322+0000] {logging_mixin.py:137} INFO - [2023-06-01T08:57:39.321+0000] {dagbag.py:538} INFO - Filling up the DagBag from /home/airflow/.local/lib/python3.7/site-packages/airflow/example_dags/example_short_circuit_decorator.py
[2023-06-01T08:57:39.355+0000] {processor.py:753} INFO - DAG(s) dict_keys(['example_short_circuit_decorator']) retrieved from /home/airflow/.local/lib/python3.7/site-packages/airflow/example_dags/example_short_circuit_decorator.py
[2023-06-01T08:57:39.395+0000] {logging_mixin.py:137} INFO - [2023-06-01T08:57:39.395+0000] {dag.py:2690} INFO - Sync 1 DAGs
[2023-06-01T08:57:39.429+0000] {logging_mixin.py:137} INFO - [2023-06-01T08:57:39.428+0000] {dag.py:3441} INFO - Setting next_dagrun for example_short_circuit_decorator to 2023-05-31T08:57:39.428424+00:00, run_after=2023-06-01T08:57:39.428424+00:00
[2023-06-01T08:57:39.451+0000] {processor.py:175} INFO - Processing /home/airflow/.local/lib/python3.7/site-packages/airflow/example_dags/example_short_circuit_decorator.py took 0.136 seconds
[2023-06-01T08:58:10.527+0000] {processor.py:153} INFO - Started process (PID=2089) to work on /home/airflow/.local/lib/python3.7/site-packages/airflow/example_dags/example_short_circuit_decorator.py
[2023-06-01T08:58:10.529+0000] {processor.py:743} INFO - Processing file /home/airflow/.local/lib/python3.7/site-packages/airflow/example_dags/example_short_circuit_decorator.py for tasks to queue
[2023-06-01T08:58:10.530+0000] {logging_mixin.py:137} INFO - [2023-06-01T08:58:10.530+0000] {dagbag.py:538} INFO - Filling up the DagBag from /home/airflow/.local/lib/python3.7/site-packages/airflow/example_dags/example_short_circuit_decorator.py
[2023-06-01T08:58:10.563+0000] {processor.py:753} INFO - DAG(s) dict_keys(['example_short_circuit_decorator']) retrieved from /home/airflow/.local/lib/python3.7/site-packages/airflow/example_dags/example_short_circuit_decorator.py
[2023-06-01T08:58:10.598+0000] {logging_mixin.py:137} INFO - [2023-06-01T08:58:10.598+0000] {dag.py:2690} INFO - Sync 1 DAGs
[2023-06-01T08:58:10.633+0000] {logging_mixin.py:137} INFO - [2023-06-01T08:58:10.633+0000] {dag.py:3441} INFO - Setting next_dagrun for example_short_circuit_decorator to 2023-05-31T08:58:10.632901+00:00, run_after=2023-06-01T08:58:10.632901+00:00
[2023-06-01T08:58:10.657+0000] {processor.py:175} INFO - Processing /home/airflow/.local/lib/python3.7/site-packages/airflow/example_dags/example_short_circuit_decorator.py took 0.133 seconds
[2023-06-01T08:58:41.204+0000] {processor.py:153} INFO - Started process (PID=2191) to work on /home/airflow/.local/lib/python3.7/site-packages/airflow/example_dags/example_short_circuit_decorator.py
[2023-06-01T08:58:41.205+0000] {processor.py:743} INFO - Processing file /home/airflow/.local/lib/python3.7/site-packages/airflow/example_dags/example_short_circuit_decorator.py for tasks to queue
[2023-06-01T08:58:41.206+0000] {logging_mixin.py:137} INFO - [2023-06-01T08:58:41.206+0000] {dagbag.py:538} INFO - Filling up the DagBag from /home/airflow/.local/lib/python3.7/site-packages/airflow/example_dags/example_short_circuit_decorator.py
[2023-06-01T08:58:41.233+0000] {processor.py:753} INFO - DAG(s) dict_keys(['example_short_circuit_decorator']) retrieved from /home/airflow/.local/lib/python3.7/site-packages/airflow/example_dags/example_short_circuit_decorator.py
[2023-06-01T08:58:41.266+0000] {logging_mixin.py:137} INFO - [2023-06-01T08:58:41.266+0000] {dag.py:2690} INFO - Sync 1 DAGs
[2023-06-01T08:58:41.294+0000] {logging_mixin.py:137} INFO - [2023-06-01T08:58:41.294+0000] {dag.py:3441} INFO - Setting next_dagrun for example_short_circuit_decorator to 2023-05-31T08:58:41.294284+00:00, run_after=2023-06-01T08:58:41.294284+00:00
[2023-06-01T08:58:41.317+0000] {processor.py:175} INFO - Processing /home/airflow/.local/lib/python3.7/site-packages/airflow/example_dags/example_short_circuit_decorator.py took 0.118 seconds
[2023-06-01T08:59:11.860+0000] {processor.py:153} INFO - Started process (PID=2278) to work on /home/airflow/.local/lib/python3.7/site-packages/airflow/example_dags/example_short_circuit_decorator.py
[2023-06-01T08:59:11.862+0000] {processor.py:743} INFO - Processing file /home/airflow/.local/lib/python3.7/site-packages/airflow/example_dags/example_short_circuit_decorator.py for tasks to queue
[2023-06-01T08:59:11.863+0000] {logging_mixin.py:137} INFO - [2023-06-01T08:59:11.862+0000] {dagbag.py:538} INFO - Filling up the DagBag from /home/airflow/.local/lib/python3.7/site-packages/airflow/example_dags/example_short_circuit_decorator.py
[2023-06-01T08:59:11.889+0000] {processor.py:753} INFO - DAG(s) dict_keys(['example_short_circuit_decorator']) retrieved from /home/airflow/.local/lib/python3.7/site-packages/airflow/example_dags/example_short_circuit_decorator.py
[2023-06-01T08:59:11.922+0000] {logging_mixin.py:137} INFO - [2023-06-01T08:59:11.922+0000] {dag.py:2690} INFO - Sync 1 DAGs
[2023-06-01T08:59:11.952+0000] {logging_mixin.py:137} INFO - [2023-06-01T08:59:11.952+0000] {dag.py:3441} INFO - Setting next_dagrun for example_short_circuit_decorator to 2023-05-31T08:59:11.951744+00:00, run_after=2023-06-01T08:59:11.951744+00:00
[2023-06-01T08:59:11.978+0000] {processor.py:175} INFO - Processing /home/airflow/.local/lib/python3.7/site-packages/airflow/example_dags/example_short_circuit_decorator.py took 0.121 seconds
[2023-06-01T08:59:42.522+0000] {processor.py:153} INFO - Started process (PID=2365) to work on /home/airflow/.local/lib/python3.7/site-packages/airflow/example_dags/example_short_circuit_decorator.py
[2023-06-01T08:59:42.523+0000] {processor.py:743} INFO - Processing file /home/airflow/.local/lib/python3.7/site-packages/airflow/example_dags/example_short_circuit_decorator.py for tasks to queue
[2023-06-01T08:59:42.523+0000] {logging_mixin.py:137} INFO - [2023-06-01T08:59:42.523+0000] {dagbag.py:538} INFO - Filling up the DagBag from /home/airflow/.local/lib/python3.7/site-packages/airflow/example_dags/example_short_circuit_decorator.py
[2023-06-01T08:59:42.553+0000] {processor.py:753} INFO - DAG(s) dict_keys(['example_short_circuit_decorator']) retrieved from /home/airflow/.local/lib/python3.7/site-packages/airflow/example_dags/example_short_circuit_decorator.py
[2023-06-01T08:59:42.587+0000] {logging_mixin.py:137} INFO - [2023-06-01T08:59:42.587+0000] {dag.py:2690} INFO - Sync 1 DAGs
[2023-06-01T08:59:42.616+0000] {logging_mixin.py:137} INFO - [2023-06-01T08:59:42.616+0000] {dag.py:3441} INFO - Setting next_dagrun for example_short_circuit_decorator to 2023-05-31T08:59:42.616104+00:00, run_after=2023-06-01T08:59:42.616104+00:00
[2023-06-01T08:59:42.636+0000] {processor.py:175} INFO - Processing /home/airflow/.local/lib/python3.7/site-packages/airflow/example_dags/example_short_circuit_decorator.py took 0.119 seconds
[2023-06-01T09:00:13.439+0000] {processor.py:153} INFO - Started process (PID=2476) to work on /home/airflow/.local/lib/python3.7/site-packages/airflow/example_dags/example_short_circuit_decorator.py
[2023-06-01T09:00:13.440+0000] {processor.py:743} INFO - Processing file /home/airflow/.local/lib/python3.7/site-packages/airflow/example_dags/example_short_circuit_decorator.py for tasks to queue
[2023-06-01T09:00:13.441+0000] {logging_mixin.py:137} INFO - [2023-06-01T09:00:13.441+0000] {dagbag.py:538} INFO - Filling up the DagBag from /home/airflow/.local/lib/python3.7/site-packages/airflow/example_dags/example_short_circuit_decorator.py
[2023-06-01T09:00:13.475+0000] {processor.py:753} INFO - DAG(s) dict_keys(['example_short_circuit_decorator']) retrieved from /home/airflow/.local/lib/python3.7/site-packages/airflow/example_dags/example_short_circuit_decorator.py
[2023-06-01T09:00:13.514+0000] {logging_mixin.py:137} INFO - [2023-06-01T09:00:13.514+0000] {dag.py:2690} INFO - Sync 1 DAGs
[2023-06-01T09:00:13.542+0000] {logging_mixin.py:137} INFO - [2023-06-01T09:00:13.542+0000] {dag.py:3441} INFO - Setting next_dagrun for example_short_circuit_decorator to 2023-05-31T09:00:13.541798+00:00, run_after=2023-06-01T09:00:13.541798+00:00
[2023-06-01T09:00:13.570+0000] {processor.py:175} INFO - Processing /home/airflow/.local/lib/python3.7/site-packages/airflow/example_dags/example_short_circuit_decorator.py took 0.136 seconds
[2023-06-01T09:00:44.390+0000] {processor.py:153} INFO - Started process (PID=2563) to work on /home/airflow/.local/lib/python3.7/site-packages/airflow/example_dags/example_short_circuit_decorator.py
[2023-06-01T09:00:44.391+0000] {processor.py:743} INFO - Processing file /home/airflow/.local/lib/python3.7/site-packages/airflow/example_dags/example_short_circuit_decorator.py for tasks to queue
[2023-06-01T09:00:44.391+0000] {logging_mixin.py:137} INFO - [2023-06-01T09:00:44.391+0000] {dagbag.py:538} INFO - Filling up the DagBag from /home/airflow/.local/lib/python3.7/site-packages/airflow/example_dags/example_short_circuit_decorator.py
[2023-06-01T09:00:44.417+0000] {processor.py:753} INFO - DAG(s) dict_keys(['example_short_circuit_decorator']) retrieved from /home/airflow/.local/lib/python3.7/site-packages/airflow/example_dags/example_short_circuit_decorator.py
[2023-06-01T09:00:44.448+0000] {logging_mixin.py:137} INFO - [2023-06-01T09:00:44.447+0000] {dag.py:2690} INFO - Sync 1 DAGs
[2023-06-01T09:00:44.472+0000] {logging_mixin.py:137} INFO - [2023-06-01T09:00:44.472+0000] {dag.py:3441} INFO - Setting next_dagrun for example_short_circuit_decorator to 2023-05-31T09:00:44.472358+00:00, run_after=2023-06-01T09:00:44.472358+00:00
[2023-06-01T09:00:44.497+0000] {processor.py:175} INFO - Processing /home/airflow/.local/lib/python3.7/site-packages/airflow/example_dags/example_short_circuit_decorator.py took 0.110 seconds
[2023-06-01T09:01:15.163+0000] {processor.py:153} INFO - Started process (PID=2650) to work on /home/airflow/.local/lib/python3.7/site-packages/airflow/example_dags/example_short_circuit_decorator.py
[2023-06-01T09:01:15.165+0000] {processor.py:743} INFO - Processing file /home/airflow/.local/lib/python3.7/site-packages/airflow/example_dags/example_short_circuit_decorator.py for tasks to queue
[2023-06-01T09:01:15.165+0000] {logging_mixin.py:137} INFO - [2023-06-01T09:01:15.165+0000] {dagbag.py:538} INFO - Filling up the DagBag from /home/airflow/.local/lib/python3.7/site-packages/airflow/example_dags/example_short_circuit_decorator.py
[2023-06-01T09:01:15.190+0000] {processor.py:753} INFO - DAG(s) dict_keys(['example_short_circuit_decorator']) retrieved from /home/airflow/.local/lib/python3.7/site-packages/airflow/example_dags/example_short_circuit_decorator.py
[2023-06-01T09:01:15.224+0000] {logging_mixin.py:137} INFO - [2023-06-01T09:01:15.224+0000] {dag.py:2690} INFO - Sync 1 DAGs
[2023-06-01T09:01:15.262+0000] {logging_mixin.py:137} INFO - [2023-06-01T09:01:15.262+0000] {dag.py:3441} INFO - Setting next_dagrun for example_short_circuit_decorator to 2023-05-31T09:01:15.261726+00:00, run_after=2023-06-01T09:01:15.261726+00:00
[2023-06-01T09:01:15.293+0000] {processor.py:175} INFO - Processing /home/airflow/.local/lib/python3.7/site-packages/airflow/example_dags/example_short_circuit_decorator.py took 0.133 seconds
[2023-06-01T09:01:45.787+0000] {processor.py:153} INFO - Started process (PID=2746) to work on /home/airflow/.local/lib/python3.7/site-packages/airflow/example_dags/example_short_circuit_decorator.py
[2023-06-01T09:01:45.788+0000] {processor.py:743} INFO - Processing file /home/airflow/.local/lib/python3.7/site-packages/airflow/example_dags/example_short_circuit_decorator.py for tasks to queue
[2023-06-01T09:01:45.789+0000] {logging_mixin.py:137} INFO - [2023-06-01T09:01:45.789+0000] {dagbag.py:538} INFO - Filling up the DagBag from /home/airflow/.local/lib/python3.7/site-packages/airflow/example_dags/example_short_circuit_decorator.py
[2023-06-01T09:01:45.822+0000] {processor.py:753} INFO - DAG(s) dict_keys(['example_short_circuit_decorator']) retrieved from /home/airflow/.local/lib/python3.7/site-packages/airflow/example_dags/example_short_circuit_decorator.py
[2023-06-01T09:01:45.856+0000] {logging_mixin.py:137} INFO - [2023-06-01T09:01:45.856+0000] {dag.py:2690} INFO - Sync 1 DAGs
[2023-06-01T09:01:45.886+0000] {logging_mixin.py:137} INFO - [2023-06-01T09:01:45.886+0000] {dag.py:3441} INFO - Setting next_dagrun for example_short_circuit_decorator to 2023-05-31T09:01:45.886345+00:00, run_after=2023-06-01T09:01:45.886345+00:00
[2023-06-01T09:01:45.910+0000] {processor.py:175} INFO - Processing /home/airflow/.local/lib/python3.7/site-packages/airflow/example_dags/example_short_circuit_decorator.py took 0.128 seconds
[2023-06-01T09:02:16.121+0000] {processor.py:153} INFO - Started process (PID=2848) to work on /home/airflow/.local/lib/python3.7/site-packages/airflow/example_dags/example_short_circuit_decorator.py
[2023-06-01T09:02:16.123+0000] {processor.py:743} INFO - Processing file /home/airflow/.local/lib/python3.7/site-packages/airflow/example_dags/example_short_circuit_decorator.py for tasks to queue
[2023-06-01T09:02:16.123+0000] {logging_mixin.py:137} INFO - [2023-06-01T09:02:16.123+0000] {dagbag.py:538} INFO - Filling up the DagBag from /home/airflow/.local/lib/python3.7/site-packages/airflow/example_dags/example_short_circuit_decorator.py
[2023-06-01T09:02:16.148+0000] {processor.py:753} INFO - DAG(s) dict_keys(['example_short_circuit_decorator']) retrieved from /home/airflow/.local/lib/python3.7/site-packages/airflow/example_dags/example_short_circuit_decorator.py
[2023-06-01T09:02:16.177+0000] {logging_mixin.py:137} INFO - [2023-06-01T09:02:16.176+0000] {dag.py:2690} INFO - Sync 1 DAGs
[2023-06-01T09:02:16.202+0000] {logging_mixin.py:137} INFO - [2023-06-01T09:02:16.201+0000] {dag.py:3441} INFO - Setting next_dagrun for example_short_circuit_decorator to 2023-05-31T09:02:16.201653+00:00, run_after=2023-06-01T09:02:16.201653+00:00
[2023-06-01T09:02:16.223+0000] {processor.py:175} INFO - Processing /home/airflow/.local/lib/python3.7/site-packages/airflow/example_dags/example_short_circuit_decorator.py took 0.105 seconds
[2023-06-01T09:02:46.668+0000] {processor.py:153} INFO - Started process (PID=2935) to work on /home/airflow/.local/lib/python3.7/site-packages/airflow/example_dags/example_short_circuit_decorator.py
[2023-06-01T09:02:46.669+0000] {processor.py:743} INFO - Processing file /home/airflow/.local/lib/python3.7/site-packages/airflow/example_dags/example_short_circuit_decorator.py for tasks to queue
[2023-06-01T09:02:46.670+0000] {logging_mixin.py:137} INFO - [2023-06-01T09:02:46.669+0000] {dagbag.py:538} INFO - Filling up the DagBag from /home/airflow/.local/lib/python3.7/site-packages/airflow/example_dags/example_short_circuit_decorator.py
[2023-06-01T09:02:46.695+0000] {processor.py:753} INFO - DAG(s) dict_keys(['example_short_circuit_decorator']) retrieved from /home/airflow/.local/lib/python3.7/site-packages/airflow/example_dags/example_short_circuit_decorator.py
[2023-06-01T09:02:46.727+0000] {logging_mixin.py:137} INFO - [2023-06-01T09:02:46.727+0000] {dag.py:2690} INFO - Sync 1 DAGs
[2023-06-01T09:02:46.755+0000] {logging_mixin.py:137} INFO - [2023-06-01T09:02:46.755+0000] {dag.py:3441} INFO - Setting next_dagrun for example_short_circuit_decorator to 2023-05-31T09:02:46.755272+00:00, run_after=2023-06-01T09:02:46.755272+00:00
[2023-06-01T09:02:46.776+0000] {processor.py:175} INFO - Processing /home/airflow/.local/lib/python3.7/site-packages/airflow/example_dags/example_short_circuit_decorator.py took 0.112 seconds
[2023-06-01T09:03:17.144+0000] {processor.py:153} INFO - Started process (PID=3022) to work on /home/airflow/.local/lib/python3.7/site-packages/airflow/example_dags/example_short_circuit_decorator.py
[2023-06-01T09:03:17.145+0000] {processor.py:743} INFO - Processing file /home/airflow/.local/lib/python3.7/site-packages/airflow/example_dags/example_short_circuit_decorator.py for tasks to queue
[2023-06-01T09:03:17.146+0000] {logging_mixin.py:137} INFO - [2023-06-01T09:03:17.146+0000] {dagbag.py:538} INFO - Filling up the DagBag from /home/airflow/.local/lib/python3.7/site-packages/airflow/example_dags/example_short_circuit_decorator.py
[2023-06-01T09:03:17.176+0000] {processor.py:753} INFO - DAG(s) dict_keys(['example_short_circuit_decorator']) retrieved from /home/airflow/.local/lib/python3.7/site-packages/airflow/example_dags/example_short_circuit_decorator.py
[2023-06-01T09:03:17.204+0000] {logging_mixin.py:137} INFO - [2023-06-01T09:03:17.204+0000] {dag.py:2690} INFO - Sync 1 DAGs
[2023-06-01T09:03:17.234+0000] {logging_mixin.py:137} INFO - [2023-06-01T09:03:17.234+0000] {dag.py:3441} INFO - Setting next_dagrun for example_short_circuit_decorator to 2023-05-31T09:03:17.234198+00:00, run_after=2023-06-01T09:03:17.234198+00:00
[2023-06-01T09:03:17.257+0000] {processor.py:175} INFO - Processing /home/airflow/.local/lib/python3.7/site-packages/airflow/example_dags/example_short_circuit_decorator.py took 0.117 seconds
[2023-06-01T09:03:47.887+0000] {processor.py:153} INFO - Started process (PID=3133) to work on /home/airflow/.local/lib/python3.7/site-packages/airflow/example_dags/example_short_circuit_decorator.py
[2023-06-01T09:03:47.888+0000] {processor.py:743} INFO - Processing file /home/airflow/.local/lib/python3.7/site-packages/airflow/example_dags/example_short_circuit_decorator.py for tasks to queue
[2023-06-01T09:03:47.888+0000] {logging_mixin.py:137} INFO - [2023-06-01T09:03:47.888+0000] {dagbag.py:538} INFO - Filling up the DagBag from /home/airflow/.local/lib/python3.7/site-packages/airflow/example_dags/example_short_circuit_decorator.py
[2023-06-01T09:03:47.911+0000] {processor.py:753} INFO - DAG(s) dict_keys(['example_short_circuit_decorator']) retrieved from /home/airflow/.local/lib/python3.7/site-packages/airflow/example_dags/example_short_circuit_decorator.py
[2023-06-01T09:03:47.941+0000] {logging_mixin.py:137} INFO - [2023-06-01T09:03:47.940+0000] {dag.py:2690} INFO - Sync 1 DAGs
[2023-06-01T09:03:47.964+0000] {logging_mixin.py:137} INFO - [2023-06-01T09:03:47.964+0000] {dag.py:3441} INFO - Setting next_dagrun for example_short_circuit_decorator to 2023-05-31T09:03:47.964063+00:00, run_after=2023-06-01T09:03:47.964063+00:00
[2023-06-01T09:03:47.981+0000] {processor.py:175} INFO - Processing /home/airflow/.local/lib/python3.7/site-packages/airflow/example_dags/example_short_circuit_decorator.py took 0.097 seconds
[2023-06-01T09:04:18.358+0000] {processor.py:153} INFO - Started process (PID=3220) to work on /home/airflow/.local/lib/python3.7/site-packages/airflow/example_dags/example_short_circuit_decorator.py
[2023-06-01T09:04:18.360+0000] {processor.py:743} INFO - Processing file /home/airflow/.local/lib/python3.7/site-packages/airflow/example_dags/example_short_circuit_decorator.py for tasks to queue
[2023-06-01T09:04:18.360+0000] {logging_mixin.py:137} INFO - [2023-06-01T09:04:18.360+0000] {dagbag.py:538} INFO - Filling up the DagBag from /home/airflow/.local/lib/python3.7/site-packages/airflow/example_dags/example_short_circuit_decorator.py
[2023-06-01T09:04:18.385+0000] {processor.py:753} INFO - DAG(s) dict_keys(['example_short_circuit_decorator']) retrieved from /home/airflow/.local/lib/python3.7/site-packages/airflow/example_dags/example_short_circuit_decorator.py
[2023-06-01T09:04:18.415+0000] {logging_mixin.py:137} INFO - [2023-06-01T09:04:18.415+0000] {dag.py:2690} INFO - Sync 1 DAGs
[2023-06-01T09:04:18.439+0000] {logging_mixin.py:137} INFO - [2023-06-01T09:04:18.439+0000] {dag.py:3441} INFO - Setting next_dagrun for example_short_circuit_decorator to 2023-05-31T09:04:18.439506+00:00, run_after=2023-06-01T09:04:18.439506+00:00
[2023-06-01T09:04:18.457+0000] {processor.py:175} INFO - Processing /home/airflow/.local/lib/python3.7/site-packages/airflow/example_dags/example_short_circuit_decorator.py took 0.102 seconds
[2023-06-01T09:04:48.937+0000] {processor.py:153} INFO - Started process (PID=3307) to work on /home/airflow/.local/lib/python3.7/site-packages/airflow/example_dags/example_short_circuit_decorator.py
[2023-06-01T09:04:48.939+0000] {processor.py:743} INFO - Processing file /home/airflow/.local/lib/python3.7/site-packages/airflow/example_dags/example_short_circuit_decorator.py for tasks to queue
[2023-06-01T09:04:48.940+0000] {logging_mixin.py:137} INFO - [2023-06-01T09:04:48.940+0000] {dagbag.py:538} INFO - Filling up the DagBag from /home/airflow/.local/lib/python3.7/site-packages/airflow/example_dags/example_short_circuit_decorator.py
[2023-06-01T09:04:48.966+0000] {processor.py:753} INFO - DAG(s) dict_keys(['example_short_circuit_decorator']) retrieved from /home/airflow/.local/lib/python3.7/site-packages/airflow/example_dags/example_short_circuit_decorator.py
[2023-06-01T09:04:48.999+0000] {logging_mixin.py:137} INFO - [2023-06-01T09:04:48.999+0000] {dag.py:2690} INFO - Sync 1 DAGs
[2023-06-01T09:04:49.035+0000] {logging_mixin.py:137} INFO - [2023-06-01T09:04:49.034+0000] {dag.py:3441} INFO - Setting next_dagrun for example_short_circuit_decorator to 2023-05-31T09:04:49.034417+00:00, run_after=2023-06-01T09:04:49.034417+00:00
[2023-06-01T09:04:49.063+0000] {processor.py:175} INFO - Processing /home/airflow/.local/lib/python3.7/site-packages/airflow/example_dags/example_short_circuit_decorator.py took 0.129 seconds
[2023-06-01T09:05:20.249+0000] {processor.py:153} INFO - Started process (PID=3394) to work on /home/airflow/.local/lib/python3.7/site-packages/airflow/example_dags/example_short_circuit_decorator.py
[2023-06-01T09:05:20.251+0000] {processor.py:743} INFO - Processing file /home/airflow/.local/lib/python3.7/site-packages/airflow/example_dags/example_short_circuit_decorator.py for tasks to queue
[2023-06-01T09:05:20.253+0000] {logging_mixin.py:137} INFO - [2023-06-01T09:05:20.252+0000] {dagbag.py:538} INFO - Filling up the DagBag from /home/airflow/.local/lib/python3.7/site-packages/airflow/example_dags/example_short_circuit_decorator.py
[2023-06-01T09:05:20.287+0000] {processor.py:753} INFO - DAG(s) dict_keys(['example_short_circuit_decorator']) retrieved from /home/airflow/.local/lib/python3.7/site-packages/airflow/example_dags/example_short_circuit_decorator.py
[2023-06-01T09:05:20.327+0000] {logging_mixin.py:137} INFO - [2023-06-01T09:05:20.326+0000] {dag.py:2690} INFO - Sync 1 DAGs
[2023-06-01T09:05:20.373+0000] {logging_mixin.py:137} INFO - [2023-06-01T09:05:20.373+0000] {dag.py:3441} INFO - Setting next_dagrun for example_short_circuit_decorator to 2023-05-31T09:05:20.373022+00:00, run_after=2023-06-01T09:05:20.373022+00:00
[2023-06-01T09:05:20.457+0000] {processor.py:175} INFO - Processing /home/airflow/.local/lib/python3.7/site-packages/airflow/example_dags/example_short_circuit_decorator.py took 0.212 seconds
[2023-06-01T09:05:50.727+0000] {processor.py:153} INFO - Started process (PID=3490) to work on /home/airflow/.local/lib/python3.7/site-packages/airflow/example_dags/example_short_circuit_decorator.py
[2023-06-01T09:05:50.728+0000] {processor.py:743} INFO - Processing file /home/airflow/.local/lib/python3.7/site-packages/airflow/example_dags/example_short_circuit_decorator.py for tasks to queue
[2023-06-01T09:05:50.728+0000] {logging_mixin.py:137} INFO - [2023-06-01T09:05:50.728+0000] {dagbag.py:538} INFO - Filling up the DagBag from /home/airflow/.local/lib/python3.7/site-packages/airflow/example_dags/example_short_circuit_decorator.py
[2023-06-01T09:05:50.757+0000] {processor.py:753} INFO - DAG(s) dict_keys(['example_short_circuit_decorator']) retrieved from /home/airflow/.local/lib/python3.7/site-packages/airflow/example_dags/example_short_circuit_decorator.py
[2023-06-01T09:05:50.790+0000] {logging_mixin.py:137} INFO - [2023-06-01T09:05:50.790+0000] {dag.py:2690} INFO - Sync 1 DAGs
[2023-06-01T09:05:50.824+0000] {logging_mixin.py:137} INFO - [2023-06-01T09:05:50.823+0000] {dag.py:3441} INFO - Setting next_dagrun for example_short_circuit_decorator to 2023-05-31T09:05:50.823451+00:00, run_after=2023-06-01T09:05:50.823451+00:00
[2023-06-01T09:05:50.855+0000] {processor.py:175} INFO - Processing /home/airflow/.local/lib/python3.7/site-packages/airflow/example_dags/example_short_circuit_decorator.py took 0.132 seconds
[2023-06-01T09:06:21.290+0000] {processor.py:153} INFO - Started process (PID=3592) to work on /home/airflow/.local/lib/python3.7/site-packages/airflow/example_dags/example_short_circuit_decorator.py
[2023-06-01T09:06:21.292+0000] {processor.py:743} INFO - Processing file /home/airflow/.local/lib/python3.7/site-packages/airflow/example_dags/example_short_circuit_decorator.py for tasks to queue
[2023-06-01T09:06:21.293+0000] {logging_mixin.py:137} INFO - [2023-06-01T09:06:21.293+0000] {dagbag.py:538} INFO - Filling up the DagBag from /home/airflow/.local/lib/python3.7/site-packages/airflow/example_dags/example_short_circuit_decorator.py
[2023-06-01T09:06:21.327+0000] {processor.py:753} INFO - DAG(s) dict_keys(['example_short_circuit_decorator']) retrieved from /home/airflow/.local/lib/python3.7/site-packages/airflow/example_dags/example_short_circuit_decorator.py
[2023-06-01T09:06:21.369+0000] {logging_mixin.py:137} INFO - [2023-06-01T09:06:21.369+0000] {dag.py:2690} INFO - Sync 1 DAGs
[2023-06-01T09:06:21.409+0000] {logging_mixin.py:137} INFO - [2023-06-01T09:06:21.409+0000] {dag.py:3441} INFO - Setting next_dagrun for example_short_circuit_decorator to 2023-05-31T09:06:21.409152+00:00, run_after=2023-06-01T09:06:21.409152+00:00
[2023-06-01T09:06:21.460+0000] {processor.py:175} INFO - Processing /home/airflow/.local/lib/python3.7/site-packages/airflow/example_dags/example_short_circuit_decorator.py took 0.173 seconds
[2023-06-01T09:06:51.567+0000] {processor.py:153} INFO - Started process (PID=3679) to work on /home/airflow/.local/lib/python3.7/site-packages/airflow/example_dags/example_short_circuit_decorator.py
[2023-06-01T09:06:51.568+0000] {processor.py:743} INFO - Processing file /home/airflow/.local/lib/python3.7/site-packages/airflow/example_dags/example_short_circuit_decorator.py for tasks to queue
[2023-06-01T09:06:51.569+0000] {logging_mixin.py:137} INFO - [2023-06-01T09:06:51.569+0000] {dagbag.py:538} INFO - Filling up the DagBag from /home/airflow/.local/lib/python3.7/site-packages/airflow/example_dags/example_short_circuit_decorator.py
[2023-06-01T09:06:51.598+0000] {processor.py:753} INFO - DAG(s) dict_keys(['example_short_circuit_decorator']) retrieved from /home/airflow/.local/lib/python3.7/site-packages/airflow/example_dags/example_short_circuit_decorator.py
[2023-06-01T09:06:51.638+0000] {logging_mixin.py:137} INFO - [2023-06-01T09:06:51.638+0000] {dag.py:2690} INFO - Sync 1 DAGs
[2023-06-01T09:06:51.669+0000] {logging_mixin.py:137} INFO - [2023-06-01T09:06:51.669+0000] {dag.py:3441} INFO - Setting next_dagrun for example_short_circuit_decorator to 2023-05-31T09:06:51.669210+00:00, run_after=2023-06-01T09:06:51.669210+00:00
[2023-06-01T09:06:51.695+0000] {processor.py:175} INFO - Processing /home/airflow/.local/lib/python3.7/site-packages/airflow/example_dags/example_short_circuit_decorator.py took 0.134 seconds
[2023-06-01T09:07:22.580+0000] {processor.py:153} INFO - Started process (PID=3766) to work on /home/airflow/.local/lib/python3.7/site-packages/airflow/example_dags/example_short_circuit_decorator.py
[2023-06-01T09:07:22.582+0000] {processor.py:743} INFO - Processing file /home/airflow/.local/lib/python3.7/site-packages/airflow/example_dags/example_short_circuit_decorator.py for tasks to queue
[2023-06-01T09:07:22.583+0000] {logging_mixin.py:137} INFO - [2023-06-01T09:07:22.583+0000] {dagbag.py:538} INFO - Filling up the DagBag from /home/airflow/.local/lib/python3.7/site-packages/airflow/example_dags/example_short_circuit_decorator.py
[2023-06-01T09:07:22.611+0000] {processor.py:753} INFO - DAG(s) dict_keys(['example_short_circuit_decorator']) retrieved from /home/airflow/.local/lib/python3.7/site-packages/airflow/example_dags/example_short_circuit_decorator.py
[2023-06-01T09:07:22.653+0000] {logging_mixin.py:137} INFO - [2023-06-01T09:07:22.652+0000] {dag.py:2690} INFO - Sync 1 DAGs
[2023-06-01T09:07:22.694+0000] {logging_mixin.py:137} INFO - [2023-06-01T09:07:22.693+0000] {dag.py:3441} INFO - Setting next_dagrun for example_short_circuit_decorator to 2023-05-31T09:07:22.693506+00:00, run_after=2023-06-01T09:07:22.693506+00:00
[2023-06-01T09:07:22.731+0000] {processor.py:175} INFO - Processing /home/airflow/.local/lib/python3.7/site-packages/airflow/example_dags/example_short_circuit_decorator.py took 0.154 seconds
[2023-06-01T09:07:53.419+0000] {processor.py:153} INFO - Started process (PID=3853) to work on /home/airflow/.local/lib/python3.7/site-packages/airflow/example_dags/example_short_circuit_decorator.py
[2023-06-01T09:07:53.421+0000] {processor.py:743} INFO - Processing file /home/airflow/.local/lib/python3.7/site-packages/airflow/example_dags/example_short_circuit_decorator.py for tasks to queue
[2023-06-01T09:07:53.423+0000] {logging_mixin.py:137} INFO - [2023-06-01T09:07:53.423+0000] {dagbag.py:538} INFO - Filling up the DagBag from /home/airflow/.local/lib/python3.7/site-packages/airflow/example_dags/example_short_circuit_decorator.py
[2023-06-01T09:07:53.458+0000] {processor.py:753} INFO - DAG(s) dict_keys(['example_short_circuit_decorator']) retrieved from /home/airflow/.local/lib/python3.7/site-packages/airflow/example_dags/example_short_circuit_decorator.py
[2023-06-01T09:07:53.497+0000] {logging_mixin.py:137} INFO - [2023-06-01T09:07:53.496+0000] {dag.py:2690} INFO - Sync 1 DAGs
[2023-06-01T09:07:53.528+0000] {logging_mixin.py:137} INFO - [2023-06-01T09:07:53.527+0000] {dag.py:3441} INFO - Setting next_dagrun for example_short_circuit_decorator to 2023-05-31T09:07:53.527431+00:00, run_after=2023-06-01T09:07:53.527431+00:00
[2023-06-01T09:07:53.554+0000] {processor.py:175} INFO - Processing /home/airflow/.local/lib/python3.7/site-packages/airflow/example_dags/example_short_circuit_decorator.py took 0.138 seconds
[2023-06-01T09:08:24.274+0000] {processor.py:153} INFO - Started process (PID=3964) to work on /home/airflow/.local/lib/python3.7/site-packages/airflow/example_dags/example_short_circuit_decorator.py
[2023-06-01T09:08:24.276+0000] {processor.py:743} INFO - Processing file /home/airflow/.local/lib/python3.7/site-packages/airflow/example_dags/example_short_circuit_decorator.py for tasks to queue
[2023-06-01T09:08:24.277+0000] {logging_mixin.py:137} INFO - [2023-06-01T09:08:24.277+0000] {dagbag.py:538} INFO - Filling up the DagBag from /home/airflow/.local/lib/python3.7/site-packages/airflow/example_dags/example_short_circuit_decorator.py
[2023-06-01T09:08:24.305+0000] {processor.py:753} INFO - DAG(s) dict_keys(['example_short_circuit_decorator']) retrieved from /home/airflow/.local/lib/python3.7/site-packages/airflow/example_dags/example_short_circuit_decorator.py
[2023-06-01T09:08:24.335+0000] {logging_mixin.py:137} INFO - [2023-06-01T09:08:24.335+0000] {dag.py:2690} INFO - Sync 1 DAGs
[2023-06-01T09:08:24.363+0000] {logging_mixin.py:137} INFO - [2023-06-01T09:08:24.363+0000] {dag.py:3441} INFO - Setting next_dagrun for example_short_circuit_decorator to 2023-05-31T09:08:24.363029+00:00, run_after=2023-06-01T09:08:24.363029+00:00
[2023-06-01T09:08:24.383+0000] {processor.py:175} INFO - Processing /home/airflow/.local/lib/python3.7/site-packages/airflow/example_dags/example_short_circuit_decorator.py took 0.112 seconds
[2023-06-01T09:08:54.809+0000] {processor.py:153} INFO - Started process (PID=4051) to work on /home/airflow/.local/lib/python3.7/site-packages/airflow/example_dags/example_short_circuit_decorator.py
[2023-06-01T09:08:54.811+0000] {processor.py:743} INFO - Processing file /home/airflow/.local/lib/python3.7/site-packages/airflow/example_dags/example_short_circuit_decorator.py for tasks to queue
[2023-06-01T09:08:54.812+0000] {logging_mixin.py:137} INFO - [2023-06-01T09:08:54.812+0000] {dagbag.py:538} INFO - Filling up the DagBag from /home/airflow/.local/lib/python3.7/site-packages/airflow/example_dags/example_short_circuit_decorator.py
[2023-06-01T09:08:54.839+0000] {processor.py:753} INFO - DAG(s) dict_keys(['example_short_circuit_decorator']) retrieved from /home/airflow/.local/lib/python3.7/site-packages/airflow/example_dags/example_short_circuit_decorator.py
[2023-06-01T09:08:54.870+0000] {logging_mixin.py:137} INFO - [2023-06-01T09:08:54.870+0000] {dag.py:2690} INFO - Sync 1 DAGs
[2023-06-01T09:08:54.898+0000] {logging_mixin.py:137} INFO - [2023-06-01T09:08:54.898+0000] {dag.py:3441} INFO - Setting next_dagrun for example_short_circuit_decorator to 2023-05-31T09:08:54.898011+00:00, run_after=2023-06-01T09:08:54.898011+00:00
[2023-06-01T09:08:54.922+0000] {processor.py:175} INFO - Processing /home/airflow/.local/lib/python3.7/site-packages/airflow/example_dags/example_short_circuit_decorator.py took 0.118 seconds
[2023-06-01T09:09:25.290+0000] {processor.py:153} INFO - Started process (PID=4138) to work on /home/airflow/.local/lib/python3.7/site-packages/airflow/example_dags/example_short_circuit_decorator.py
[2023-06-01T09:09:25.291+0000] {processor.py:743} INFO - Processing file /home/airflow/.local/lib/python3.7/site-packages/airflow/example_dags/example_short_circuit_decorator.py for tasks to queue
[2023-06-01T09:09:25.292+0000] {logging_mixin.py:137} INFO - [2023-06-01T09:09:25.292+0000] {dagbag.py:538} INFO - Filling up the DagBag from /home/airflow/.local/lib/python3.7/site-packages/airflow/example_dags/example_short_circuit_decorator.py
[2023-06-01T09:09:25.323+0000] {processor.py:753} INFO - DAG(s) dict_keys(['example_short_circuit_decorator']) retrieved from /home/airflow/.local/lib/python3.7/site-packages/airflow/example_dags/example_short_circuit_decorator.py
[2023-06-01T09:09:25.354+0000] {logging_mixin.py:137} INFO - [2023-06-01T09:09:25.354+0000] {dag.py:2690} INFO - Sync 1 DAGs
[2023-06-01T09:09:25.389+0000] {logging_mixin.py:137} INFO - [2023-06-01T09:09:25.388+0000] {dag.py:3441} INFO - Setting next_dagrun for example_short_circuit_decorator to 2023-05-31T09:09:25.388607+00:00, run_after=2023-06-01T09:09:25.388607+00:00
[2023-06-01T09:09:25.410+0000] {processor.py:175} INFO - Processing /home/airflow/.local/lib/python3.7/site-packages/airflow/example_dags/example_short_circuit_decorator.py took 0.124 seconds
[2023-06-01T09:09:56.160+0000] {processor.py:153} INFO - Started process (PID=4225) to work on /home/airflow/.local/lib/python3.7/site-packages/airflow/example_dags/example_short_circuit_decorator.py
[2023-06-01T09:09:56.162+0000] {processor.py:743} INFO - Processing file /home/airflow/.local/lib/python3.7/site-packages/airflow/example_dags/example_short_circuit_decorator.py for tasks to queue
[2023-06-01T09:09:56.163+0000] {logging_mixin.py:137} INFO - [2023-06-01T09:09:56.162+0000] {dagbag.py:538} INFO - Filling up the DagBag from /home/airflow/.local/lib/python3.7/site-packages/airflow/example_dags/example_short_circuit_decorator.py
[2023-06-01T09:09:56.189+0000] {processor.py:753} INFO - DAG(s) dict_keys(['example_short_circuit_decorator']) retrieved from /home/airflow/.local/lib/python3.7/site-packages/airflow/example_dags/example_short_circuit_decorator.py
[2023-06-01T09:09:56.220+0000] {logging_mixin.py:137} INFO - [2023-06-01T09:09:56.220+0000] {dag.py:2690} INFO - Sync 1 DAGs
[2023-06-01T09:09:56.250+0000] {logging_mixin.py:137} INFO - [2023-06-01T09:09:56.250+0000] {dag.py:3441} INFO - Setting next_dagrun for example_short_circuit_decorator to 2023-05-31T09:09:56.249989+00:00, run_after=2023-06-01T09:09:56.249989+00:00
[2023-06-01T09:09:56.278+0000] {processor.py:175} INFO - Processing /home/airflow/.local/lib/python3.7/site-packages/airflow/example_dags/example_short_circuit_decorator.py took 0.122 seconds
[2023-06-01T09:10:26.525+0000] {processor.py:153} INFO - Started process (PID=4336) to work on /home/airflow/.local/lib/python3.7/site-packages/airflow/example_dags/example_short_circuit_decorator.py
[2023-06-01T09:10:26.526+0000] {processor.py:743} INFO - Processing file /home/airflow/.local/lib/python3.7/site-packages/airflow/example_dags/example_short_circuit_decorator.py for tasks to queue
[2023-06-01T09:10:26.527+0000] {logging_mixin.py:137} INFO - [2023-06-01T09:10:26.527+0000] {dagbag.py:538} INFO - Filling up the DagBag from /home/airflow/.local/lib/python3.7/site-packages/airflow/example_dags/example_short_circuit_decorator.py
[2023-06-01T09:10:26.552+0000] {processor.py:753} INFO - DAG(s) dict_keys(['example_short_circuit_decorator']) retrieved from /home/airflow/.local/lib/python3.7/site-packages/airflow/example_dags/example_short_circuit_decorator.py
[2023-06-01T09:10:26.592+0000] {logging_mixin.py:137} INFO - [2023-06-01T09:10:26.592+0000] {dag.py:2690} INFO - Sync 1 DAGs
[2023-06-01T09:10:26.627+0000] {logging_mixin.py:137} INFO - [2023-06-01T09:10:26.627+0000] {dag.py:3441} INFO - Setting next_dagrun for example_short_circuit_decorator to 2023-05-31T09:10:26.627086+00:00, run_after=2023-06-01T09:10:26.627086+00:00
[2023-06-01T09:10:26.658+0000] {processor.py:175} INFO - Processing /home/airflow/.local/lib/python3.7/site-packages/airflow/example_dags/example_short_circuit_decorator.py took 0.136 seconds
[2023-06-01T09:10:57.096+0000] {processor.py:153} INFO - Started process (PID=4423) to work on /home/airflow/.local/lib/python3.7/site-packages/airflow/example_dags/example_short_circuit_decorator.py
[2023-06-01T09:10:57.096+0000] {processor.py:743} INFO - Processing file /home/airflow/.local/lib/python3.7/site-packages/airflow/example_dags/example_short_circuit_decorator.py for tasks to queue
[2023-06-01T09:10:57.097+0000] {logging_mixin.py:137} INFO - [2023-06-01T09:10:57.097+0000] {dagbag.py:538} INFO - Filling up the DagBag from /home/airflow/.local/lib/python3.7/site-packages/airflow/example_dags/example_short_circuit_decorator.py
[2023-06-01T09:10:57.124+0000] {processor.py:753} INFO - DAG(s) dict_keys(['example_short_circuit_decorator']) retrieved from /home/airflow/.local/lib/python3.7/site-packages/airflow/example_dags/example_short_circuit_decorator.py
[2023-06-01T09:10:57.158+0000] {logging_mixin.py:137} INFO - [2023-06-01T09:10:57.158+0000] {dag.py:2690} INFO - Sync 1 DAGs
[2023-06-01T09:10:57.185+0000] {logging_mixin.py:137} INFO - [2023-06-01T09:10:57.185+0000] {dag.py:3441} INFO - Setting next_dagrun for example_short_circuit_decorator to 2023-05-31T09:10:57.185166+00:00, run_after=2023-06-01T09:10:57.185166+00:00
[2023-06-01T09:10:57.207+0000] {processor.py:175} INFO - Processing /home/airflow/.local/lib/python3.7/site-packages/airflow/example_dags/example_short_circuit_decorator.py took 0.115 seconds
[2023-06-01T09:11:27.398+0000] {processor.py:153} INFO - Started process (PID=4510) to work on /home/airflow/.local/lib/python3.7/site-packages/airflow/example_dags/example_short_circuit_decorator.py
[2023-06-01T09:11:27.400+0000] {processor.py:743} INFO - Processing file /home/airflow/.local/lib/python3.7/site-packages/airflow/example_dags/example_short_circuit_decorator.py for tasks to queue
[2023-06-01T09:11:27.401+0000] {logging_mixin.py:137} INFO - [2023-06-01T09:11:27.401+0000] {dagbag.py:538} INFO - Filling up the DagBag from /home/airflow/.local/lib/python3.7/site-packages/airflow/example_dags/example_short_circuit_decorator.py
[2023-06-01T09:11:27.427+0000] {processor.py:753} INFO - DAG(s) dict_keys(['example_short_circuit_decorator']) retrieved from /home/airflow/.local/lib/python3.7/site-packages/airflow/example_dags/example_short_circuit_decorator.py
[2023-06-01T09:11:27.453+0000] {logging_mixin.py:137} INFO - [2023-06-01T09:11:27.452+0000] {dag.py:2690} INFO - Sync 1 DAGs
[2023-06-01T09:11:27.480+0000] {logging_mixin.py:137} INFO - [2023-06-01T09:11:27.480+0000] {dag.py:3441} INFO - Setting next_dagrun for example_short_circuit_decorator to 2023-05-31T09:11:27.480170+00:00, run_after=2023-06-01T09:11:27.480170+00:00
[2023-06-01T09:11:27.502+0000] {processor.py:175} INFO - Processing /home/airflow/.local/lib/python3.7/site-packages/airflow/example_dags/example_short_circuit_decorator.py took 0.107 seconds
[2023-06-01T09:11:57.738+0000] {processor.py:153} INFO - Started process (PID=4606) to work on /home/airflow/.local/lib/python3.7/site-packages/airflow/example_dags/example_short_circuit_decorator.py
[2023-06-01T09:11:57.739+0000] {processor.py:743} INFO - Processing file /home/airflow/.local/lib/python3.7/site-packages/airflow/example_dags/example_short_circuit_decorator.py for tasks to queue
[2023-06-01T09:11:57.739+0000] {logging_mixin.py:137} INFO - [2023-06-01T09:11:57.739+0000] {dagbag.py:538} INFO - Filling up the DagBag from /home/airflow/.local/lib/python3.7/site-packages/airflow/example_dags/example_short_circuit_decorator.py
[2023-06-01T09:11:57.762+0000] {processor.py:753} INFO - DAG(s) dict_keys(['example_short_circuit_decorator']) retrieved from /home/airflow/.local/lib/python3.7/site-packages/airflow/example_dags/example_short_circuit_decorator.py
[2023-06-01T09:11:57.792+0000] {logging_mixin.py:137} INFO - [2023-06-01T09:11:57.791+0000] {dag.py:2690} INFO - Sync 1 DAGs
[2023-06-01T09:11:57.838+0000] {logging_mixin.py:137} INFO - [2023-06-01T09:11:57.838+0000] {dag.py:3441} INFO - Setting next_dagrun for example_short_circuit_decorator to 2023-05-31T09:11:57.837849+00:00, run_after=2023-06-01T09:11:57.837849+00:00
[2023-06-01T09:11:57.861+0000] {processor.py:175} INFO - Processing /home/airflow/.local/lib/python3.7/site-packages/airflow/example_dags/example_short_circuit_decorator.py took 0.127 seconds
[2023-06-01T09:12:28.637+0000] {processor.py:153} INFO - Started process (PID=4708) to work on /home/airflow/.local/lib/python3.7/site-packages/airflow/example_dags/example_short_circuit_decorator.py
[2023-06-01T09:12:28.639+0000] {processor.py:743} INFO - Processing file /home/airflow/.local/lib/python3.7/site-packages/airflow/example_dags/example_short_circuit_decorator.py for tasks to queue
[2023-06-01T09:12:28.639+0000] {logging_mixin.py:137} INFO - [2023-06-01T09:12:28.639+0000] {dagbag.py:538} INFO - Filling up the DagBag from /home/airflow/.local/lib/python3.7/site-packages/airflow/example_dags/example_short_circuit_decorator.py
[2023-06-01T09:12:28.665+0000] {processor.py:753} INFO - DAG(s) dict_keys(['example_short_circuit_decorator']) retrieved from /home/airflow/.local/lib/python3.7/site-packages/airflow/example_dags/example_short_circuit_decorator.py
[2023-06-01T09:12:28.731+0000] {logging_mixin.py:137} INFO - [2023-06-01T09:12:28.730+0000] {dag.py:2690} INFO - Sync 1 DAGs
[2023-06-01T09:12:28.755+0000] {logging_mixin.py:137} INFO - [2023-06-01T09:12:28.754+0000] {dag.py:3441} INFO - Setting next_dagrun for example_short_circuit_decorator to 2023-05-31T09:12:28.754578+00:00, run_after=2023-06-01T09:12:28.754578+00:00
[2023-06-01T09:12:28.773+0000] {processor.py:175} INFO - Processing /home/airflow/.local/lib/python3.7/site-packages/airflow/example_dags/example_short_circuit_decorator.py took 0.140 seconds
