[2023-06-01T08:47:24.533+0000] {processor.py:153} INFO - Started process (PID=77) to work on /home/airflow/.local/lib/python3.7/site-packages/airflow/example_dags/example_branch_operator.py
[2023-06-01T08:47:24.534+0000] {processor.py:743} INFO - Processing file /home/airflow/.local/lib/python3.7/site-packages/airflow/example_dags/example_branch_operator.py for tasks to queue
[2023-06-01T08:47:24.534+0000] {logging_mixin.py:137} INFO - [2023-06-01T08:47:24.534+0000] {dagbag.py:538} INFO - Filling up the DagBag from /home/airflow/.local/lib/python3.7/site-packages/airflow/example_dags/example_branch_operator.py
[2023-06-01T08:47:24.559+0000] {processor.py:753} INFO - DAG(s) dict_keys(['example_branch_operator']) retrieved from /home/airflow/.local/lib/python3.7/site-packages/airflow/example_dags/example_branch_operator.py
[2023-06-01T08:47:24.577+0000] {logging_mixin.py:137} INFO - [2023-06-01T08:47:24.577+0000] {dag.py:2690} INFO - Sync 1 DAGs
[2023-06-01T08:47:24.613+0000] {logging_mixin.py:137} INFO - [2023-06-01T08:47:24.613+0000] {dag.py:3441} INFO - Setting next_dagrun for example_branch_operator to 2023-05-31T00:00:00+00:00, run_after=2023-06-01T00:00:00+00:00
[2023-06-01T08:47:24.646+0000] {processor.py:175} INFO - Processing /home/airflow/.local/lib/python3.7/site-packages/airflow/example_dags/example_branch_operator.py took 0.116 seconds
[2023-06-01T08:47:55.404+0000] {processor.py:153} INFO - Started process (PID=179) to work on /home/airflow/.local/lib/python3.7/site-packages/airflow/example_dags/example_branch_operator.py
[2023-06-01T08:47:55.405+0000] {processor.py:743} INFO - Processing file /home/airflow/.local/lib/python3.7/site-packages/airflow/example_dags/example_branch_operator.py for tasks to queue
[2023-06-01T08:47:55.406+0000] {logging_mixin.py:137} INFO - [2023-06-01T08:47:55.406+0000] {dagbag.py:538} INFO - Filling up the DagBag from /home/airflow/.local/lib/python3.7/site-packages/airflow/example_dags/example_branch_operator.py
[2023-06-01T08:47:55.422+0000] {processor.py:753} INFO - DAG(s) dict_keys(['example_branch_operator']) retrieved from /home/airflow/.local/lib/python3.7/site-packages/airflow/example_dags/example_branch_operator.py
[2023-06-01T08:47:55.446+0000] {logging_mixin.py:137} INFO - [2023-06-01T08:47:55.446+0000] {dag.py:2690} INFO - Sync 1 DAGs
[2023-06-01T08:47:55.470+0000] {logging_mixin.py:137} INFO - [2023-06-01T08:47:55.470+0000] {dag.py:3441} INFO - Setting next_dagrun for example_branch_operator to 2023-05-31T00:00:00+00:00, run_after=2023-06-01T00:00:00+00:00
[2023-06-01T08:47:55.489+0000] {processor.py:175} INFO - Processing /home/airflow/.local/lib/python3.7/site-packages/airflow/example_dags/example_branch_operator.py took 0.088 seconds
[2023-06-01T08:48:26.449+0000] {processor.py:153} INFO - Started process (PID=266) to work on /home/airflow/.local/lib/python3.7/site-packages/airflow/example_dags/example_branch_operator.py
[2023-06-01T08:48:26.451+0000] {processor.py:743} INFO - Processing file /home/airflow/.local/lib/python3.7/site-packages/airflow/example_dags/example_branch_operator.py for tasks to queue
[2023-06-01T08:48:26.451+0000] {logging_mixin.py:137} INFO - [2023-06-01T08:48:26.451+0000] {dagbag.py:538} INFO - Filling up the DagBag from /home/airflow/.local/lib/python3.7/site-packages/airflow/example_dags/example_branch_operator.py
[2023-06-01T08:48:26.468+0000] {processor.py:753} INFO - DAG(s) dict_keys(['example_branch_operator']) retrieved from /home/airflow/.local/lib/python3.7/site-packages/airflow/example_dags/example_branch_operator.py
[2023-06-01T08:48:26.493+0000] {logging_mixin.py:137} INFO - [2023-06-01T08:48:26.493+0000] {dag.py:2690} INFO - Sync 1 DAGs
[2023-06-01T08:48:26.521+0000] {logging_mixin.py:137} INFO - [2023-06-01T08:48:26.521+0000] {dag.py:3441} INFO - Setting next_dagrun for example_branch_operator to 2023-05-31T00:00:00+00:00, run_after=2023-06-01T00:00:00+00:00
[2023-06-01T08:48:26.538+0000] {processor.py:175} INFO - Processing /home/airflow/.local/lib/python3.7/site-packages/airflow/example_dags/example_branch_operator.py took 0.092 seconds
[2023-06-01T08:48:57.368+0000] {processor.py:153} INFO - Started process (PID=377) to work on /home/airflow/.local/lib/python3.7/site-packages/airflow/example_dags/example_branch_operator.py
[2023-06-01T08:48:57.368+0000] {processor.py:743} INFO - Processing file /home/airflow/.local/lib/python3.7/site-packages/airflow/example_dags/example_branch_operator.py for tasks to queue
[2023-06-01T08:48:57.369+0000] {logging_mixin.py:137} INFO - [2023-06-01T08:48:57.369+0000] {dagbag.py:538} INFO - Filling up the DagBag from /home/airflow/.local/lib/python3.7/site-packages/airflow/example_dags/example_branch_operator.py
[2023-06-01T08:48:57.387+0000] {processor.py:753} INFO - DAG(s) dict_keys(['example_branch_operator']) retrieved from /home/airflow/.local/lib/python3.7/site-packages/airflow/example_dags/example_branch_operator.py
[2023-06-01T08:48:57.419+0000] {logging_mixin.py:137} INFO - [2023-06-01T08:48:57.419+0000] {dag.py:2690} INFO - Sync 1 DAGs
[2023-06-01T08:48:57.447+0000] {logging_mixin.py:137} INFO - [2023-06-01T08:48:57.446+0000] {dag.py:3441} INFO - Setting next_dagrun for example_branch_operator to 2023-05-31T00:00:00+00:00, run_after=2023-06-01T00:00:00+00:00
[2023-06-01T08:48:57.469+0000] {processor.py:175} INFO - Processing /home/airflow/.local/lib/python3.7/site-packages/airflow/example_dags/example_branch_operator.py took 0.104 seconds
[2023-06-01T08:49:28.417+0000] {processor.py:153} INFO - Started process (PID=464) to work on /home/airflow/.local/lib/python3.7/site-packages/airflow/example_dags/example_branch_operator.py
[2023-06-01T08:49:28.419+0000] {processor.py:743} INFO - Processing file /home/airflow/.local/lib/python3.7/site-packages/airflow/example_dags/example_branch_operator.py for tasks to queue
[2023-06-01T08:49:28.419+0000] {logging_mixin.py:137} INFO - [2023-06-01T08:49:28.419+0000] {dagbag.py:538} INFO - Filling up the DagBag from /home/airflow/.local/lib/python3.7/site-packages/airflow/example_dags/example_branch_operator.py
[2023-06-01T08:49:28.436+0000] {processor.py:753} INFO - DAG(s) dict_keys(['example_branch_operator']) retrieved from /home/airflow/.local/lib/python3.7/site-packages/airflow/example_dags/example_branch_operator.py
[2023-06-01T08:49:28.464+0000] {logging_mixin.py:137} INFO - [2023-06-01T08:49:28.464+0000] {dag.py:2690} INFO - Sync 1 DAGs
[2023-06-01T08:49:28.490+0000] {logging_mixin.py:137} INFO - [2023-06-01T08:49:28.490+0000] {dag.py:3441} INFO - Setting next_dagrun for example_branch_operator to 2023-05-31T00:00:00+00:00, run_after=2023-06-01T00:00:00+00:00
[2023-06-01T08:49:28.513+0000] {processor.py:175} INFO - Processing /home/airflow/.local/lib/python3.7/site-packages/airflow/example_dags/example_branch_operator.py took 0.099 seconds
[2023-06-01T08:49:58.916+0000] {processor.py:153} INFO - Started process (PID=551) to work on /home/airflow/.local/lib/python3.7/site-packages/airflow/example_dags/example_branch_operator.py
[2023-06-01T08:49:58.916+0000] {processor.py:743} INFO - Processing file /home/airflow/.local/lib/python3.7/site-packages/airflow/example_dags/example_branch_operator.py for tasks to queue
[2023-06-01T08:49:58.917+0000] {logging_mixin.py:137} INFO - [2023-06-01T08:49:58.917+0000] {dagbag.py:538} INFO - Filling up the DagBag from /home/airflow/.local/lib/python3.7/site-packages/airflow/example_dags/example_branch_operator.py
[2023-06-01T08:49:58.933+0000] {processor.py:753} INFO - DAG(s) dict_keys(['example_branch_operator']) retrieved from /home/airflow/.local/lib/python3.7/site-packages/airflow/example_dags/example_branch_operator.py
[2023-06-01T08:49:58.959+0000] {logging_mixin.py:137} INFO - [2023-06-01T08:49:58.959+0000] {dag.py:2690} INFO - Sync 1 DAGs
[2023-06-01T08:49:58.989+0000] {logging_mixin.py:137} INFO - [2023-06-01T08:49:58.989+0000] {dag.py:3441} INFO - Setting next_dagrun for example_branch_operator to 2023-05-31T00:00:00+00:00, run_after=2023-06-01T00:00:00+00:00
[2023-06-01T08:49:59.013+0000] {processor.py:175} INFO - Processing /home/airflow/.local/lib/python3.7/site-packages/airflow/example_dags/example_branch_operator.py took 0.100 seconds
[2023-06-01T08:50:29.395+0000] {processor.py:153} INFO - Started process (PID=662) to work on /home/airflow/.local/lib/python3.7/site-packages/airflow/example_dags/example_branch_operator.py
[2023-06-01T08:50:29.396+0000] {processor.py:743} INFO - Processing file /home/airflow/.local/lib/python3.7/site-packages/airflow/example_dags/example_branch_operator.py for tasks to queue
[2023-06-01T08:50:29.397+0000] {logging_mixin.py:137} INFO - [2023-06-01T08:50:29.397+0000] {dagbag.py:538} INFO - Filling up the DagBag from /home/airflow/.local/lib/python3.7/site-packages/airflow/example_dags/example_branch_operator.py
[2023-06-01T08:50:29.412+0000] {processor.py:753} INFO - DAG(s) dict_keys(['example_branch_operator']) retrieved from /home/airflow/.local/lib/python3.7/site-packages/airflow/example_dags/example_branch_operator.py
[2023-06-01T08:50:29.437+0000] {logging_mixin.py:137} INFO - [2023-06-01T08:50:29.437+0000] {dag.py:2690} INFO - Sync 1 DAGs
[2023-06-01T08:50:29.461+0000] {logging_mixin.py:137} INFO - [2023-06-01T08:50:29.461+0000] {dag.py:3441} INFO - Setting next_dagrun for example_branch_operator to 2023-05-31T00:00:00+00:00, run_after=2023-06-01T00:00:00+00:00
[2023-06-01T08:50:29.477+0000] {processor.py:175} INFO - Processing /home/airflow/.local/lib/python3.7/site-packages/airflow/example_dags/example_branch_operator.py took 0.086 seconds
[2023-06-01T08:50:59.958+0000] {processor.py:153} INFO - Started process (PID=749) to work on /home/airflow/.local/lib/python3.7/site-packages/airflow/example_dags/example_branch_operator.py
[2023-06-01T08:50:59.959+0000] {processor.py:743} INFO - Processing file /home/airflow/.local/lib/python3.7/site-packages/airflow/example_dags/example_branch_operator.py for tasks to queue
[2023-06-01T08:50:59.960+0000] {logging_mixin.py:137} INFO - [2023-06-01T08:50:59.960+0000] {dagbag.py:538} INFO - Filling up the DagBag from /home/airflow/.local/lib/python3.7/site-packages/airflow/example_dags/example_branch_operator.py
[2023-06-01T08:50:59.979+0000] {processor.py:753} INFO - DAG(s) dict_keys(['example_branch_operator']) retrieved from /home/airflow/.local/lib/python3.7/site-packages/airflow/example_dags/example_branch_operator.py
[2023-06-01T08:51:00.008+0000] {logging_mixin.py:137} INFO - [2023-06-01T08:51:00.007+0000] {dag.py:2690} INFO - Sync 1 DAGs
[2023-06-01T08:51:00.036+0000] {logging_mixin.py:137} INFO - [2023-06-01T08:51:00.035+0000] {dag.py:3441} INFO - Setting next_dagrun for example_branch_operator to 2023-05-31T00:00:00+00:00, run_after=2023-06-01T00:00:00+00:00
[2023-06-01T08:51:00.053+0000] {processor.py:175} INFO - Processing /home/airflow/.local/lib/python3.7/site-packages/airflow/example_dags/example_branch_operator.py took 0.098 seconds
[2023-06-01T08:51:30.255+0000] {processor.py:153} INFO - Started process (PID=836) to work on /home/airflow/.local/lib/python3.7/site-packages/airflow/example_dags/example_branch_operator.py
[2023-06-01T08:51:30.257+0000] {processor.py:743} INFO - Processing file /home/airflow/.local/lib/python3.7/site-packages/airflow/example_dags/example_branch_operator.py for tasks to queue
[2023-06-01T08:51:30.257+0000] {logging_mixin.py:137} INFO - [2023-06-01T08:51:30.257+0000] {dagbag.py:538} INFO - Filling up the DagBag from /home/airflow/.local/lib/python3.7/site-packages/airflow/example_dags/example_branch_operator.py
[2023-06-01T08:51:30.275+0000] {processor.py:753} INFO - DAG(s) dict_keys(['example_branch_operator']) retrieved from /home/airflow/.local/lib/python3.7/site-packages/airflow/example_dags/example_branch_operator.py
[2023-06-01T08:51:30.309+0000] {logging_mixin.py:137} INFO - [2023-06-01T08:51:30.308+0000] {dag.py:2690} INFO - Sync 1 DAGs
[2023-06-01T08:51:30.341+0000] {logging_mixin.py:137} INFO - [2023-06-01T08:51:30.340+0000] {dag.py:3441} INFO - Setting next_dagrun for example_branch_operator to 2023-05-31T00:00:00+00:00, run_after=2023-06-01T00:00:00+00:00
[2023-06-01T08:51:30.363+0000] {processor.py:175} INFO - Processing /home/airflow/.local/lib/python3.7/site-packages/airflow/example_dags/example_branch_operator.py took 0.111 seconds
[2023-06-01T08:52:00.830+0000] {processor.py:153} INFO - Started process (PID=947) to work on /home/airflow/.local/lib/python3.7/site-packages/airflow/example_dags/example_branch_operator.py
[2023-06-01T08:52:00.831+0000] {processor.py:743} INFO - Processing file /home/airflow/.local/lib/python3.7/site-packages/airflow/example_dags/example_branch_operator.py for tasks to queue
[2023-06-01T08:52:00.832+0000] {logging_mixin.py:137} INFO - [2023-06-01T08:52:00.832+0000] {dagbag.py:538} INFO - Filling up the DagBag from /home/airflow/.local/lib/python3.7/site-packages/airflow/example_dags/example_branch_operator.py
[2023-06-01T08:52:00.849+0000] {processor.py:753} INFO - DAG(s) dict_keys(['example_branch_operator']) retrieved from /home/airflow/.local/lib/python3.7/site-packages/airflow/example_dags/example_branch_operator.py
[2023-06-01T08:52:00.875+0000] {logging_mixin.py:137} INFO - [2023-06-01T08:52:00.875+0000] {dag.py:2690} INFO - Sync 1 DAGs
[2023-06-01T08:52:00.900+0000] {logging_mixin.py:137} INFO - [2023-06-01T08:52:00.900+0000] {dag.py:3441} INFO - Setting next_dagrun for example_branch_operator to 2023-05-31T00:00:00+00:00, run_after=2023-06-01T00:00:00+00:00
[2023-06-01T08:52:00.920+0000] {processor.py:175} INFO - Processing /home/airflow/.local/lib/python3.7/site-packages/airflow/example_dags/example_branch_operator.py took 0.093 seconds
[2023-06-01T08:52:31.435+0000] {processor.py:153} INFO - Started process (PID=1034) to work on /home/airflow/.local/lib/python3.7/site-packages/airflow/example_dags/example_branch_operator.py
[2023-06-01T08:52:31.436+0000] {processor.py:743} INFO - Processing file /home/airflow/.local/lib/python3.7/site-packages/airflow/example_dags/example_branch_operator.py for tasks to queue
[2023-06-01T08:52:31.437+0000] {logging_mixin.py:137} INFO - [2023-06-01T08:52:31.437+0000] {dagbag.py:538} INFO - Filling up the DagBag from /home/airflow/.local/lib/python3.7/site-packages/airflow/example_dags/example_branch_operator.py
[2023-06-01T08:52:31.455+0000] {processor.py:753} INFO - DAG(s) dict_keys(['example_branch_operator']) retrieved from /home/airflow/.local/lib/python3.7/site-packages/airflow/example_dags/example_branch_operator.py
[2023-06-01T08:52:31.484+0000] {logging_mixin.py:137} INFO - [2023-06-01T08:52:31.483+0000] {dag.py:2690} INFO - Sync 1 DAGs
[2023-06-01T08:52:31.510+0000] {logging_mixin.py:137} INFO - [2023-06-01T08:52:31.510+0000] {dag.py:3441} INFO - Setting next_dagrun for example_branch_operator to 2023-05-31T00:00:00+00:00, run_after=2023-06-01T00:00:00+00:00
[2023-06-01T08:52:31.529+0000] {processor.py:175} INFO - Processing /home/airflow/.local/lib/python3.7/site-packages/airflow/example_dags/example_branch_operator.py took 0.099 seconds
[2023-06-01T08:53:01.805+0000] {processor.py:153} INFO - Started process (PID=1121) to work on /home/airflow/.local/lib/python3.7/site-packages/airflow/example_dags/example_branch_operator.py
[2023-06-01T08:53:01.806+0000] {processor.py:743} INFO - Processing file /home/airflow/.local/lib/python3.7/site-packages/airflow/example_dags/example_branch_operator.py for tasks to queue
[2023-06-01T08:53:01.806+0000] {logging_mixin.py:137} INFO - [2023-06-01T08:53:01.806+0000] {dagbag.py:538} INFO - Filling up the DagBag from /home/airflow/.local/lib/python3.7/site-packages/airflow/example_dags/example_branch_operator.py
[2023-06-01T08:53:01.829+0000] {processor.py:753} INFO - DAG(s) dict_keys(['example_branch_operator']) retrieved from /home/airflow/.local/lib/python3.7/site-packages/airflow/example_dags/example_branch_operator.py
[2023-06-01T08:53:01.860+0000] {logging_mixin.py:137} INFO - [2023-06-01T08:53:01.860+0000] {dag.py:2690} INFO - Sync 1 DAGs
[2023-06-01T08:53:01.892+0000] {logging_mixin.py:137} INFO - [2023-06-01T08:53:01.892+0000] {dag.py:3441} INFO - Setting next_dagrun for example_branch_operator to 2023-05-31T00:00:00+00:00, run_after=2023-06-01T00:00:00+00:00
[2023-06-01T08:53:01.918+0000] {processor.py:175} INFO - Processing /home/airflow/.local/lib/python3.7/site-packages/airflow/example_dags/example_branch_operator.py took 0.116 seconds
[2023-06-01T08:53:32.939+0000] {processor.py:153} INFO - Started process (PID=1232) to work on /home/airflow/.local/lib/python3.7/site-packages/airflow/example_dags/example_branch_operator.py
[2023-06-01T08:53:32.940+0000] {processor.py:743} INFO - Processing file /home/airflow/.local/lib/python3.7/site-packages/airflow/example_dags/example_branch_operator.py for tasks to queue
[2023-06-01T08:53:32.941+0000] {logging_mixin.py:137} INFO - [2023-06-01T08:53:32.941+0000] {dagbag.py:538} INFO - Filling up the DagBag from /home/airflow/.local/lib/python3.7/site-packages/airflow/example_dags/example_branch_operator.py
[2023-06-01T08:53:32.960+0000] {processor.py:753} INFO - DAG(s) dict_keys(['example_branch_operator']) retrieved from /home/airflow/.local/lib/python3.7/site-packages/airflow/example_dags/example_branch_operator.py
[2023-06-01T08:53:32.993+0000] {logging_mixin.py:137} INFO - [2023-06-01T08:53:32.993+0000] {dag.py:2690} INFO - Sync 1 DAGs
[2023-06-01T08:53:33.022+0000] {logging_mixin.py:137} INFO - [2023-06-01T08:53:33.022+0000] {dag.py:3441} INFO - Setting next_dagrun for example_branch_operator to 2023-05-31T00:00:00+00:00, run_after=2023-06-01T00:00:00+00:00
[2023-06-01T08:53:33.044+0000] {processor.py:175} INFO - Processing /home/airflow/.local/lib/python3.7/site-packages/airflow/example_dags/example_branch_operator.py took 0.108 seconds
[2023-06-01T08:54:03.111+0000] {processor.py:153} INFO - Started process (PID=1319) to work on /home/airflow/.local/lib/python3.7/site-packages/airflow/example_dags/example_branch_operator.py
[2023-06-01T08:54:03.112+0000] {processor.py:743} INFO - Processing file /home/airflow/.local/lib/python3.7/site-packages/airflow/example_dags/example_branch_operator.py for tasks to queue
[2023-06-01T08:54:03.113+0000] {logging_mixin.py:137} INFO - [2023-06-01T08:54:03.113+0000] {dagbag.py:538} INFO - Filling up the DagBag from /home/airflow/.local/lib/python3.7/site-packages/airflow/example_dags/example_branch_operator.py
[2023-06-01T08:54:03.131+0000] {processor.py:753} INFO - DAG(s) dict_keys(['example_branch_operator']) retrieved from /home/airflow/.local/lib/python3.7/site-packages/airflow/example_dags/example_branch_operator.py
[2023-06-01T08:54:03.160+0000] {logging_mixin.py:137} INFO - [2023-06-01T08:54:03.160+0000] {dag.py:2690} INFO - Sync 1 DAGs
[2023-06-01T08:54:03.190+0000] {logging_mixin.py:137} INFO - [2023-06-01T08:54:03.190+0000] {dag.py:3441} INFO - Setting next_dagrun for example_branch_operator to 2023-05-31T00:00:00+00:00, run_after=2023-06-01T00:00:00+00:00
[2023-06-01T08:54:03.209+0000] {processor.py:175} INFO - Processing /home/airflow/.local/lib/python3.7/site-packages/airflow/example_dags/example_branch_operator.py took 0.102 seconds
[2023-06-01T08:54:33.306+0000] {processor.py:153} INFO - Started process (PID=1406) to work on /home/airflow/.local/lib/python3.7/site-packages/airflow/example_dags/example_branch_operator.py
[2023-06-01T08:54:33.308+0000] {processor.py:743} INFO - Processing file /home/airflow/.local/lib/python3.7/site-packages/airflow/example_dags/example_branch_operator.py for tasks to queue
[2023-06-01T08:54:33.308+0000] {logging_mixin.py:137} INFO - [2023-06-01T08:54:33.308+0000] {dagbag.py:538} INFO - Filling up the DagBag from /home/airflow/.local/lib/python3.7/site-packages/airflow/example_dags/example_branch_operator.py
[2023-06-01T08:54:33.325+0000] {processor.py:753} INFO - DAG(s) dict_keys(['example_branch_operator']) retrieved from /home/airflow/.local/lib/python3.7/site-packages/airflow/example_dags/example_branch_operator.py
[2023-06-01T08:54:33.357+0000] {logging_mixin.py:137} INFO - [2023-06-01T08:54:33.357+0000] {dag.py:2690} INFO - Sync 1 DAGs
[2023-06-01T08:54:33.387+0000] {logging_mixin.py:137} INFO - [2023-06-01T08:54:33.387+0000] {dag.py:3441} INFO - Setting next_dagrun for example_branch_operator to 2023-05-31T00:00:00+00:00, run_after=2023-06-01T00:00:00+00:00
[2023-06-01T08:54:33.406+0000] {processor.py:175} INFO - Processing /home/airflow/.local/lib/python3.7/site-packages/airflow/example_dags/example_branch_operator.py took 0.102 seconds
[2023-06-01T08:55:03.797+0000] {processor.py:153} INFO - Started process (PID=1502) to work on /home/airflow/.local/lib/python3.7/site-packages/airflow/example_dags/example_branch_operator.py
[2023-06-01T08:55:03.798+0000] {processor.py:743} INFO - Processing file /home/airflow/.local/lib/python3.7/site-packages/airflow/example_dags/example_branch_operator.py for tasks to queue
[2023-06-01T08:55:03.798+0000] {logging_mixin.py:137} INFO - [2023-06-01T08:55:03.798+0000] {dagbag.py:538} INFO - Filling up the DagBag from /home/airflow/.local/lib/python3.7/site-packages/airflow/example_dags/example_branch_operator.py
[2023-06-01T08:55:03.815+0000] {processor.py:753} INFO - DAG(s) dict_keys(['example_branch_operator']) retrieved from /home/airflow/.local/lib/python3.7/site-packages/airflow/example_dags/example_branch_operator.py
[2023-06-01T08:55:03.851+0000] {logging_mixin.py:137} INFO - [2023-06-01T08:55:03.851+0000] {dag.py:2690} INFO - Sync 1 DAGs
[2023-06-01T08:55:03.880+0000] {logging_mixin.py:137} INFO - [2023-06-01T08:55:03.880+0000] {dag.py:3441} INFO - Setting next_dagrun for example_branch_operator to 2023-05-31T00:00:00+00:00, run_after=2023-06-01T00:00:00+00:00
[2023-06-01T08:55:03.904+0000] {processor.py:175} INFO - Processing /home/airflow/.local/lib/python3.7/site-packages/airflow/example_dags/example_branch_operator.py took 0.110 seconds
[2023-06-01T08:55:34.938+0000] {processor.py:153} INFO - Started process (PID=1604) to work on /home/airflow/.local/lib/python3.7/site-packages/airflow/example_dags/example_branch_operator.py
[2023-06-01T08:55:34.939+0000] {processor.py:743} INFO - Processing file /home/airflow/.local/lib/python3.7/site-packages/airflow/example_dags/example_branch_operator.py for tasks to queue
[2023-06-01T08:55:34.940+0000] {logging_mixin.py:137} INFO - [2023-06-01T08:55:34.940+0000] {dagbag.py:538} INFO - Filling up the DagBag from /home/airflow/.local/lib/python3.7/site-packages/airflow/example_dags/example_branch_operator.py
[2023-06-01T08:55:34.958+0000] {processor.py:753} INFO - DAG(s) dict_keys(['example_branch_operator']) retrieved from /home/airflow/.local/lib/python3.7/site-packages/airflow/example_dags/example_branch_operator.py
[2023-06-01T08:55:34.994+0000] {logging_mixin.py:137} INFO - [2023-06-01T08:55:34.993+0000] {dag.py:2690} INFO - Sync 1 DAGs
[2023-06-01T08:55:35.023+0000] {logging_mixin.py:137} INFO - [2023-06-01T08:55:35.023+0000] {dag.py:3441} INFO - Setting next_dagrun for example_branch_operator to 2023-05-31T00:00:00+00:00, run_after=2023-06-01T00:00:00+00:00
[2023-06-01T08:55:35.047+0000] {processor.py:175} INFO - Processing /home/airflow/.local/lib/python3.7/site-packages/airflow/example_dags/example_branch_operator.py took 0.113 seconds
[2023-06-01T08:56:06.010+0000] {processor.py:153} INFO - Started process (PID=1691) to work on /home/airflow/.local/lib/python3.7/site-packages/airflow/example_dags/example_branch_operator.py
[2023-06-01T08:56:06.010+0000] {processor.py:743} INFO - Processing file /home/airflow/.local/lib/python3.7/site-packages/airflow/example_dags/example_branch_operator.py for tasks to queue
[2023-06-01T08:56:06.011+0000] {logging_mixin.py:137} INFO - [2023-06-01T08:56:06.011+0000] {dagbag.py:538} INFO - Filling up the DagBag from /home/airflow/.local/lib/python3.7/site-packages/airflow/example_dags/example_branch_operator.py
[2023-06-01T08:56:06.027+0000] {processor.py:753} INFO - DAG(s) dict_keys(['example_branch_operator']) retrieved from /home/airflow/.local/lib/python3.7/site-packages/airflow/example_dags/example_branch_operator.py
[2023-06-01T08:56:06.060+0000] {logging_mixin.py:137} INFO - [2023-06-01T08:56:06.060+0000] {dag.py:2690} INFO - Sync 1 DAGs
[2023-06-01T08:56:06.087+0000] {logging_mixin.py:137} INFO - [2023-06-01T08:56:06.087+0000] {dag.py:3441} INFO - Setting next_dagrun for example_branch_operator to 2023-05-31T00:00:00+00:00, run_after=2023-06-01T00:00:00+00:00
[2023-06-01T08:56:06.114+0000] {processor.py:175} INFO - Processing /home/airflow/.local/lib/python3.7/site-packages/airflow/example_dags/example_branch_operator.py took 0.107 seconds
[2023-06-01T08:56:36.436+0000] {processor.py:153} INFO - Started process (PID=1787) to work on /home/airflow/.local/lib/python3.7/site-packages/airflow/example_dags/example_branch_operator.py
[2023-06-01T08:56:36.437+0000] {processor.py:743} INFO - Processing file /home/airflow/.local/lib/python3.7/site-packages/airflow/example_dags/example_branch_operator.py for tasks to queue
[2023-06-01T08:56:36.438+0000] {logging_mixin.py:137} INFO - [2023-06-01T08:56:36.438+0000] {dagbag.py:538} INFO - Filling up the DagBag from /home/airflow/.local/lib/python3.7/site-packages/airflow/example_dags/example_branch_operator.py
[2023-06-01T08:56:36.457+0000] {processor.py:753} INFO - DAG(s) dict_keys(['example_branch_operator']) retrieved from /home/airflow/.local/lib/python3.7/site-packages/airflow/example_dags/example_branch_operator.py
[2023-06-01T08:56:36.497+0000] {logging_mixin.py:137} INFO - [2023-06-01T08:56:36.497+0000] {dag.py:2690} INFO - Sync 1 DAGs
[2023-06-01T08:56:36.536+0000] {logging_mixin.py:137} INFO - [2023-06-01T08:56:36.536+0000] {dag.py:3441} INFO - Setting next_dagrun for example_branch_operator to 2023-05-31T00:00:00+00:00, run_after=2023-06-01T00:00:00+00:00
[2023-06-01T08:56:36.561+0000] {processor.py:175} INFO - Processing /home/airflow/.local/lib/python3.7/site-packages/airflow/example_dags/example_branch_operator.py took 0.128 seconds
[2023-06-01T08:57:07.428+0000] {processor.py:153} INFO - Started process (PID=1889) to work on /home/airflow/.local/lib/python3.7/site-packages/airflow/example_dags/example_branch_operator.py
[2023-06-01T08:57:07.429+0000] {processor.py:743} INFO - Processing file /home/airflow/.local/lib/python3.7/site-packages/airflow/example_dags/example_branch_operator.py for tasks to queue
[2023-06-01T08:57:07.430+0000] {logging_mixin.py:137} INFO - [2023-06-01T08:57:07.430+0000] {dagbag.py:538} INFO - Filling up the DagBag from /home/airflow/.local/lib/python3.7/site-packages/airflow/example_dags/example_branch_operator.py
[2023-06-01T08:57:07.450+0000] {processor.py:753} INFO - DAG(s) dict_keys(['example_branch_operator']) retrieved from /home/airflow/.local/lib/python3.7/site-packages/airflow/example_dags/example_branch_operator.py
[2023-06-01T08:57:07.478+0000] {logging_mixin.py:137} INFO - [2023-06-01T08:57:07.478+0000] {dag.py:2690} INFO - Sync 1 DAGs
[2023-06-01T08:57:07.508+0000] {logging_mixin.py:137} INFO - [2023-06-01T08:57:07.508+0000] {dag.py:3441} INFO - Setting next_dagrun for example_branch_operator to 2023-05-31T00:00:00+00:00, run_after=2023-06-01T00:00:00+00:00
[2023-06-01T08:57:07.530+0000] {processor.py:175} INFO - Processing /home/airflow/.local/lib/python3.7/site-packages/airflow/example_dags/example_branch_operator.py took 0.105 seconds
[2023-06-01T08:57:37.910+0000] {processor.py:153} INFO - Started process (PID=1976) to work on /home/airflow/.local/lib/python3.7/site-packages/airflow/example_dags/example_branch_operator.py
[2023-06-01T08:57:37.912+0000] {processor.py:743} INFO - Processing file /home/airflow/.local/lib/python3.7/site-packages/airflow/example_dags/example_branch_operator.py for tasks to queue
[2023-06-01T08:57:37.912+0000] {logging_mixin.py:137} INFO - [2023-06-01T08:57:37.912+0000] {dagbag.py:538} INFO - Filling up the DagBag from /home/airflow/.local/lib/python3.7/site-packages/airflow/example_dags/example_branch_operator.py
[2023-06-01T08:57:37.932+0000] {processor.py:753} INFO - DAG(s) dict_keys(['example_branch_operator']) retrieved from /home/airflow/.local/lib/python3.7/site-packages/airflow/example_dags/example_branch_operator.py
[2023-06-01T08:57:37.966+0000] {logging_mixin.py:137} INFO - [2023-06-01T08:57:37.966+0000] {dag.py:2690} INFO - Sync 1 DAGs
[2023-06-01T08:57:37.993+0000] {logging_mixin.py:137} INFO - [2023-06-01T08:57:37.992+0000] {dag.py:3441} INFO - Setting next_dagrun for example_branch_operator to 2023-05-31T00:00:00+00:00, run_after=2023-06-01T00:00:00+00:00
[2023-06-01T08:57:38.019+0000] {processor.py:175} INFO - Processing /home/airflow/.local/lib/python3.7/site-packages/airflow/example_dags/example_branch_operator.py took 0.114 seconds
[2023-06-01T08:58:09.053+0000] {processor.py:153} INFO - Started process (PID=2063) to work on /home/airflow/.local/lib/python3.7/site-packages/airflow/example_dags/example_branch_operator.py
[2023-06-01T08:58:09.054+0000] {processor.py:743} INFO - Processing file /home/airflow/.local/lib/python3.7/site-packages/airflow/example_dags/example_branch_operator.py for tasks to queue
[2023-06-01T08:58:09.055+0000] {logging_mixin.py:137} INFO - [2023-06-01T08:58:09.055+0000] {dagbag.py:538} INFO - Filling up the DagBag from /home/airflow/.local/lib/python3.7/site-packages/airflow/example_dags/example_branch_operator.py
[2023-06-01T08:58:09.074+0000] {processor.py:753} INFO - DAG(s) dict_keys(['example_branch_operator']) retrieved from /home/airflow/.local/lib/python3.7/site-packages/airflow/example_dags/example_branch_operator.py
[2023-06-01T08:58:09.103+0000] {logging_mixin.py:137} INFO - [2023-06-01T08:58:09.103+0000] {dag.py:2690} INFO - Sync 1 DAGs
[2023-06-01T08:58:09.131+0000] {logging_mixin.py:137} INFO - [2023-06-01T08:58:09.130+0000] {dag.py:3441} INFO - Setting next_dagrun for example_branch_operator to 2023-05-31T00:00:00+00:00, run_after=2023-06-01T00:00:00+00:00
[2023-06-01T08:58:09.151+0000] {processor.py:175} INFO - Processing /home/airflow/.local/lib/python3.7/site-packages/airflow/example_dags/example_branch_operator.py took 0.102 seconds
[2023-06-01T08:58:39.352+0000] {processor.py:153} INFO - Started process (PID=2174) to work on /home/airflow/.local/lib/python3.7/site-packages/airflow/example_dags/example_branch_operator.py
[2023-06-01T08:58:39.353+0000] {processor.py:743} INFO - Processing file /home/airflow/.local/lib/python3.7/site-packages/airflow/example_dags/example_branch_operator.py for tasks to queue
[2023-06-01T08:58:39.354+0000] {logging_mixin.py:137} INFO - [2023-06-01T08:58:39.354+0000] {dagbag.py:538} INFO - Filling up the DagBag from /home/airflow/.local/lib/python3.7/site-packages/airflow/example_dags/example_branch_operator.py
[2023-06-01T08:58:39.369+0000] {processor.py:753} INFO - DAG(s) dict_keys(['example_branch_operator']) retrieved from /home/airflow/.local/lib/python3.7/site-packages/airflow/example_dags/example_branch_operator.py
[2023-06-01T08:58:39.403+0000] {logging_mixin.py:137} INFO - [2023-06-01T08:58:39.403+0000] {dag.py:2690} INFO - Sync 1 DAGs
[2023-06-01T08:58:39.434+0000] {logging_mixin.py:137} INFO - [2023-06-01T08:58:39.434+0000] {dag.py:3441} INFO - Setting next_dagrun for example_branch_operator to 2023-05-31T00:00:00+00:00, run_after=2023-06-01T00:00:00+00:00
[2023-06-01T08:58:39.456+0000] {processor.py:175} INFO - Processing /home/airflow/.local/lib/python3.7/site-packages/airflow/example_dags/example_branch_operator.py took 0.107 seconds
[2023-06-01T08:59:10.168+0000] {processor.py:153} INFO - Started process (PID=2261) to work on /home/airflow/.local/lib/python3.7/site-packages/airflow/example_dags/example_branch_operator.py
[2023-06-01T08:59:10.169+0000] {processor.py:743} INFO - Processing file /home/airflow/.local/lib/python3.7/site-packages/airflow/example_dags/example_branch_operator.py for tasks to queue
[2023-06-01T08:59:10.170+0000] {logging_mixin.py:137} INFO - [2023-06-01T08:59:10.170+0000] {dagbag.py:538} INFO - Filling up the DagBag from /home/airflow/.local/lib/python3.7/site-packages/airflow/example_dags/example_branch_operator.py
[2023-06-01T08:59:10.186+0000] {processor.py:753} INFO - DAG(s) dict_keys(['example_branch_operator']) retrieved from /home/airflow/.local/lib/python3.7/site-packages/airflow/example_dags/example_branch_operator.py
[2023-06-01T08:59:10.218+0000] {logging_mixin.py:137} INFO - [2023-06-01T08:59:10.218+0000] {dag.py:2690} INFO - Sync 1 DAGs
[2023-06-01T08:59:10.248+0000] {logging_mixin.py:137} INFO - [2023-06-01T08:59:10.247+0000] {dag.py:3441} INFO - Setting next_dagrun for example_branch_operator to 2023-05-31T00:00:00+00:00, run_after=2023-06-01T00:00:00+00:00
[2023-06-01T08:59:10.274+0000] {processor.py:175} INFO - Processing /home/airflow/.local/lib/python3.7/site-packages/airflow/example_dags/example_branch_operator.py took 0.109 seconds
[2023-06-01T08:59:40.724+0000] {processor.py:153} INFO - Started process (PID=2348) to work on /home/airflow/.local/lib/python3.7/site-packages/airflow/example_dags/example_branch_operator.py
[2023-06-01T08:59:40.725+0000] {processor.py:743} INFO - Processing file /home/airflow/.local/lib/python3.7/site-packages/airflow/example_dags/example_branch_operator.py for tasks to queue
[2023-06-01T08:59:40.726+0000] {logging_mixin.py:137} INFO - [2023-06-01T08:59:40.726+0000] {dagbag.py:538} INFO - Filling up the DagBag from /home/airflow/.local/lib/python3.7/site-packages/airflow/example_dags/example_branch_operator.py
[2023-06-01T08:59:40.746+0000] {processor.py:753} INFO - DAG(s) dict_keys(['example_branch_operator']) retrieved from /home/airflow/.local/lib/python3.7/site-packages/airflow/example_dags/example_branch_operator.py
[2023-06-01T08:59:40.778+0000] {logging_mixin.py:137} INFO - [2023-06-01T08:59:40.777+0000] {dag.py:2690} INFO - Sync 1 DAGs
[2023-06-01T08:59:40.812+0000] {logging_mixin.py:137} INFO - [2023-06-01T08:59:40.811+0000] {dag.py:3441} INFO - Setting next_dagrun for example_branch_operator to 2023-05-31T00:00:00+00:00, run_after=2023-06-01T00:00:00+00:00
[2023-06-01T08:59:40.833+0000] {processor.py:175} INFO - Processing /home/airflow/.local/lib/python3.7/site-packages/airflow/example_dags/example_branch_operator.py took 0.113 seconds
[2023-06-01T09:00:11.535+0000] {processor.py:153} INFO - Started process (PID=2444) to work on /home/airflow/.local/lib/python3.7/site-packages/airflow/example_dags/example_branch_operator.py
[2023-06-01T09:00:11.536+0000] {processor.py:743} INFO - Processing file /home/airflow/.local/lib/python3.7/site-packages/airflow/example_dags/example_branch_operator.py for tasks to queue
[2023-06-01T09:00:11.536+0000] {logging_mixin.py:137} INFO - [2023-06-01T09:00:11.536+0000] {dagbag.py:538} INFO - Filling up the DagBag from /home/airflow/.local/lib/python3.7/site-packages/airflow/example_dags/example_branch_operator.py
[2023-06-01T09:00:11.559+0000] {processor.py:753} INFO - DAG(s) dict_keys(['example_branch_operator']) retrieved from /home/airflow/.local/lib/python3.7/site-packages/airflow/example_dags/example_branch_operator.py
[2023-06-01T09:00:11.601+0000] {logging_mixin.py:137} INFO - [2023-06-01T09:00:11.601+0000] {dag.py:2690} INFO - Sync 1 DAGs
[2023-06-01T09:00:11.645+0000] {logging_mixin.py:137} INFO - [2023-06-01T09:00:11.644+0000] {dag.py:3441} INFO - Setting next_dagrun for example_branch_operator to 2023-05-31T00:00:00+00:00, run_after=2023-06-01T00:00:00+00:00
[2023-06-01T09:00:11.669+0000] {processor.py:175} INFO - Processing /home/airflow/.local/lib/python3.7/site-packages/airflow/example_dags/example_branch_operator.py took 0.139 seconds
[2023-06-01T09:00:42.719+0000] {processor.py:153} INFO - Started process (PID=2546) to work on /home/airflow/.local/lib/python3.7/site-packages/airflow/example_dags/example_branch_operator.py
[2023-06-01T09:00:42.721+0000] {processor.py:743} INFO - Processing file /home/airflow/.local/lib/python3.7/site-packages/airflow/example_dags/example_branch_operator.py for tasks to queue
[2023-06-01T09:00:42.722+0000] {logging_mixin.py:137} INFO - [2023-06-01T09:00:42.722+0000] {dagbag.py:538} INFO - Filling up the DagBag from /home/airflow/.local/lib/python3.7/site-packages/airflow/example_dags/example_branch_operator.py
[2023-06-01T09:00:42.743+0000] {processor.py:753} INFO - DAG(s) dict_keys(['example_branch_operator']) retrieved from /home/airflow/.local/lib/python3.7/site-packages/airflow/example_dags/example_branch_operator.py
[2023-06-01T09:00:42.779+0000] {logging_mixin.py:137} INFO - [2023-06-01T09:00:42.779+0000] {dag.py:2690} INFO - Sync 1 DAGs
[2023-06-01T09:00:42.815+0000] {logging_mixin.py:137} INFO - [2023-06-01T09:00:42.815+0000] {dag.py:3441} INFO - Setting next_dagrun for example_branch_operator to 2023-05-31T00:00:00+00:00, run_after=2023-06-01T00:00:00+00:00
[2023-06-01T09:00:42.850+0000] {processor.py:175} INFO - Processing /home/airflow/.local/lib/python3.7/site-packages/airflow/example_dags/example_branch_operator.py took 0.135 seconds
[2023-06-01T09:01:13.299+0000] {processor.py:153} INFO - Started process (PID=2633) to work on /home/airflow/.local/lib/python3.7/site-packages/airflow/example_dags/example_branch_operator.py
[2023-06-01T09:01:13.300+0000] {processor.py:743} INFO - Processing file /home/airflow/.local/lib/python3.7/site-packages/airflow/example_dags/example_branch_operator.py for tasks to queue
[2023-06-01T09:01:13.300+0000] {logging_mixin.py:137} INFO - [2023-06-01T09:01:13.300+0000] {dagbag.py:538} INFO - Filling up the DagBag from /home/airflow/.local/lib/python3.7/site-packages/airflow/example_dags/example_branch_operator.py
[2023-06-01T09:01:13.320+0000] {processor.py:753} INFO - DAG(s) dict_keys(['example_branch_operator']) retrieved from /home/airflow/.local/lib/python3.7/site-packages/airflow/example_dags/example_branch_operator.py
[2023-06-01T09:01:13.358+0000] {logging_mixin.py:137} INFO - [2023-06-01T09:01:13.358+0000] {dag.py:2690} INFO - Sync 1 DAGs
[2023-06-01T09:01:13.389+0000] {logging_mixin.py:137} INFO - [2023-06-01T09:01:13.389+0000] {dag.py:3441} INFO - Setting next_dagrun for example_branch_operator to 2023-05-31T00:00:00+00:00, run_after=2023-06-01T00:00:00+00:00
[2023-06-01T09:01:13.409+0000] {processor.py:175} INFO - Processing /home/airflow/.local/lib/python3.7/site-packages/airflow/example_dags/example_branch_operator.py took 0.114 seconds
[2023-06-01T09:01:44.166+0000] {processor.py:153} INFO - Started process (PID=2720) to work on /home/airflow/.local/lib/python3.7/site-packages/airflow/example_dags/example_branch_operator.py
[2023-06-01T09:01:44.167+0000] {processor.py:743} INFO - Processing file /home/airflow/.local/lib/python3.7/site-packages/airflow/example_dags/example_branch_operator.py for tasks to queue
[2023-06-01T09:01:44.168+0000] {logging_mixin.py:137} INFO - [2023-06-01T09:01:44.168+0000] {dagbag.py:538} INFO - Filling up the DagBag from /home/airflow/.local/lib/python3.7/site-packages/airflow/example_dags/example_branch_operator.py
[2023-06-01T09:01:44.191+0000] {processor.py:753} INFO - DAG(s) dict_keys(['example_branch_operator']) retrieved from /home/airflow/.local/lib/python3.7/site-packages/airflow/example_dags/example_branch_operator.py
[2023-06-01T09:01:44.229+0000] {logging_mixin.py:137} INFO - [2023-06-01T09:01:44.229+0000] {dag.py:2690} INFO - Sync 1 DAGs
[2023-06-01T09:01:44.266+0000] {logging_mixin.py:137} INFO - [2023-06-01T09:01:44.266+0000] {dag.py:3441} INFO - Setting next_dagrun for example_branch_operator to 2023-05-31T00:00:00+00:00, run_after=2023-06-01T00:00:00+00:00
[2023-06-01T09:01:44.291+0000] {processor.py:175} INFO - Processing /home/airflow/.local/lib/python3.7/site-packages/airflow/example_dags/example_branch_operator.py took 0.129 seconds
[2023-06-01T09:02:14.811+0000] {processor.py:153} INFO - Started process (PID=2831) to work on /home/airflow/.local/lib/python3.7/site-packages/airflow/example_dags/example_branch_operator.py
[2023-06-01T09:02:14.812+0000] {processor.py:743} INFO - Processing file /home/airflow/.local/lib/python3.7/site-packages/airflow/example_dags/example_branch_operator.py for tasks to queue
[2023-06-01T09:02:14.812+0000] {logging_mixin.py:137} INFO - [2023-06-01T09:02:14.812+0000] {dagbag.py:538} INFO - Filling up the DagBag from /home/airflow/.local/lib/python3.7/site-packages/airflow/example_dags/example_branch_operator.py
[2023-06-01T09:02:14.832+0000] {processor.py:753} INFO - DAG(s) dict_keys(['example_branch_operator']) retrieved from /home/airflow/.local/lib/python3.7/site-packages/airflow/example_dags/example_branch_operator.py
[2023-06-01T09:02:14.867+0000] {logging_mixin.py:137} INFO - [2023-06-01T09:02:14.867+0000] {dag.py:2690} INFO - Sync 1 DAGs
[2023-06-01T09:02:14.901+0000] {logging_mixin.py:137} INFO - [2023-06-01T09:02:14.901+0000] {dag.py:3441} INFO - Setting next_dagrun for example_branch_operator to 2023-05-31T00:00:00+00:00, run_after=2023-06-01T00:00:00+00:00
[2023-06-01T09:02:14.923+0000] {processor.py:175} INFO - Processing /home/airflow/.local/lib/python3.7/site-packages/airflow/example_dags/example_branch_operator.py took 0.115 seconds
[2023-06-01T09:02:45.145+0000] {processor.py:153} INFO - Started process (PID=2918) to work on /home/airflow/.local/lib/python3.7/site-packages/airflow/example_dags/example_branch_operator.py
[2023-06-01T09:02:45.147+0000] {processor.py:743} INFO - Processing file /home/airflow/.local/lib/python3.7/site-packages/airflow/example_dags/example_branch_operator.py for tasks to queue
[2023-06-01T09:02:45.147+0000] {logging_mixin.py:137} INFO - [2023-06-01T09:02:45.147+0000] {dagbag.py:538} INFO - Filling up the DagBag from /home/airflow/.local/lib/python3.7/site-packages/airflow/example_dags/example_branch_operator.py
[2023-06-01T09:02:45.166+0000] {processor.py:753} INFO - DAG(s) dict_keys(['example_branch_operator']) retrieved from /home/airflow/.local/lib/python3.7/site-packages/airflow/example_dags/example_branch_operator.py
[2023-06-01T09:02:45.195+0000] {logging_mixin.py:137} INFO - [2023-06-01T09:02:45.195+0000] {dag.py:2690} INFO - Sync 1 DAGs
[2023-06-01T09:02:45.221+0000] {logging_mixin.py:137} INFO - [2023-06-01T09:02:45.221+0000] {dag.py:3441} INFO - Setting next_dagrun for example_branch_operator to 2023-05-31T00:00:00+00:00, run_after=2023-06-01T00:00:00+00:00
[2023-06-01T09:02:45.239+0000] {processor.py:175} INFO - Processing /home/airflow/.local/lib/python3.7/site-packages/airflow/example_dags/example_branch_operator.py took 0.098 seconds
[2023-06-01T09:03:15.387+0000] {processor.py:153} INFO - Started process (PID=3005) to work on /home/airflow/.local/lib/python3.7/site-packages/airflow/example_dags/example_branch_operator.py
[2023-06-01T09:03:15.388+0000] {processor.py:743} INFO - Processing file /home/airflow/.local/lib/python3.7/site-packages/airflow/example_dags/example_branch_operator.py for tasks to queue
[2023-06-01T09:03:15.389+0000] {logging_mixin.py:137} INFO - [2023-06-01T09:03:15.389+0000] {dagbag.py:538} INFO - Filling up the DagBag from /home/airflow/.local/lib/python3.7/site-packages/airflow/example_dags/example_branch_operator.py
[2023-06-01T09:03:15.407+0000] {processor.py:753} INFO - DAG(s) dict_keys(['example_branch_operator']) retrieved from /home/airflow/.local/lib/python3.7/site-packages/airflow/example_dags/example_branch_operator.py
[2023-06-01T09:03:15.436+0000] {logging_mixin.py:137} INFO - [2023-06-01T09:03:15.436+0000] {dag.py:2690} INFO - Sync 1 DAGs
[2023-06-01T09:03:15.461+0000] {logging_mixin.py:137} INFO - [2023-06-01T09:03:15.461+0000] {dag.py:3441} INFO - Setting next_dagrun for example_branch_operator to 2023-05-31T00:00:00+00:00, run_after=2023-06-01T00:00:00+00:00
[2023-06-01T09:03:15.485+0000] {processor.py:175} INFO - Processing /home/airflow/.local/lib/python3.7/site-packages/airflow/example_dags/example_branch_operator.py took 0.101 seconds
[2023-06-01T09:03:46.099+0000] {processor.py:153} INFO - Started process (PID=3101) to work on /home/airflow/.local/lib/python3.7/site-packages/airflow/example_dags/example_branch_operator.py
[2023-06-01T09:03:46.101+0000] {processor.py:743} INFO - Processing file /home/airflow/.local/lib/python3.7/site-packages/airflow/example_dags/example_branch_operator.py for tasks to queue
[2023-06-01T09:03:46.101+0000] {logging_mixin.py:137} INFO - [2023-06-01T09:03:46.101+0000] {dagbag.py:538} INFO - Filling up the DagBag from /home/airflow/.local/lib/python3.7/site-packages/airflow/example_dags/example_branch_operator.py
[2023-06-01T09:03:46.120+0000] {processor.py:753} INFO - DAG(s) dict_keys(['example_branch_operator']) retrieved from /home/airflow/.local/lib/python3.7/site-packages/airflow/example_dags/example_branch_operator.py
[2023-06-01T09:03:46.176+0000] {logging_mixin.py:137} INFO - [2023-06-01T09:03:46.176+0000] {dag.py:2690} INFO - Sync 1 DAGs
[2023-06-01T09:03:46.219+0000] {logging_mixin.py:137} INFO - [2023-06-01T09:03:46.218+0000] {dag.py:3441} INFO - Setting next_dagrun for example_branch_operator to 2023-05-31T00:00:00+00:00, run_after=2023-06-01T00:00:00+00:00
[2023-06-01T09:03:46.261+0000] {processor.py:175} INFO - Processing /home/airflow/.local/lib/python3.7/site-packages/airflow/example_dags/example_branch_operator.py took 0.165 seconds
[2023-06-01T09:04:16.852+0000] {processor.py:153} INFO - Started process (PID=3203) to work on /home/airflow/.local/lib/python3.7/site-packages/airflow/example_dags/example_branch_operator.py
[2023-06-01T09:04:16.853+0000] {processor.py:743} INFO - Processing file /home/airflow/.local/lib/python3.7/site-packages/airflow/example_dags/example_branch_operator.py for tasks to queue
[2023-06-01T09:04:16.854+0000] {logging_mixin.py:137} INFO - [2023-06-01T09:04:16.854+0000] {dagbag.py:538} INFO - Filling up the DagBag from /home/airflow/.local/lib/python3.7/site-packages/airflow/example_dags/example_branch_operator.py
[2023-06-01T09:04:16.871+0000] {processor.py:753} INFO - DAG(s) dict_keys(['example_branch_operator']) retrieved from /home/airflow/.local/lib/python3.7/site-packages/airflow/example_dags/example_branch_operator.py
[2023-06-01T09:04:16.903+0000] {logging_mixin.py:137} INFO - [2023-06-01T09:04:16.903+0000] {dag.py:2690} INFO - Sync 1 DAGs
[2023-06-01T09:04:16.928+0000] {logging_mixin.py:137} INFO - [2023-06-01T09:04:16.927+0000] {dag.py:3441} INFO - Setting next_dagrun for example_branch_operator to 2023-05-31T00:00:00+00:00, run_after=2023-06-01T00:00:00+00:00
[2023-06-01T09:04:16.944+0000] {processor.py:175} INFO - Processing /home/airflow/.local/lib/python3.7/site-packages/airflow/example_dags/example_branch_operator.py took 0.095 seconds
[2023-06-01T09:04:47.107+0000] {processor.py:153} INFO - Started process (PID=3290) to work on /home/airflow/.local/lib/python3.7/site-packages/airflow/example_dags/example_branch_operator.py
[2023-06-01T09:04:47.109+0000] {processor.py:743} INFO - Processing file /home/airflow/.local/lib/python3.7/site-packages/airflow/example_dags/example_branch_operator.py for tasks to queue
[2023-06-01T09:04:47.110+0000] {logging_mixin.py:137} INFO - [2023-06-01T09:04:47.110+0000] {dagbag.py:538} INFO - Filling up the DagBag from /home/airflow/.local/lib/python3.7/site-packages/airflow/example_dags/example_branch_operator.py
[2023-06-01T09:04:47.129+0000] {processor.py:753} INFO - DAG(s) dict_keys(['example_branch_operator']) retrieved from /home/airflow/.local/lib/python3.7/site-packages/airflow/example_dags/example_branch_operator.py
[2023-06-01T09:04:47.159+0000] {logging_mixin.py:137} INFO - [2023-06-01T09:04:47.159+0000] {dag.py:2690} INFO - Sync 1 DAGs
[2023-06-01T09:04:47.186+0000] {logging_mixin.py:137} INFO - [2023-06-01T09:04:47.186+0000] {dag.py:3441} INFO - Setting next_dagrun for example_branch_operator to 2023-05-31T00:00:00+00:00, run_after=2023-06-01T00:00:00+00:00
[2023-06-01T09:04:47.212+0000] {processor.py:175} INFO - Processing /home/airflow/.local/lib/python3.7/site-packages/airflow/example_dags/example_branch_operator.py took 0.109 seconds
[2023-06-01T09:05:18.120+0000] {processor.py:153} INFO - Started process (PID=3377) to work on /home/airflow/.local/lib/python3.7/site-packages/airflow/example_dags/example_branch_operator.py
[2023-06-01T09:05:18.121+0000] {processor.py:743} INFO - Processing file /home/airflow/.local/lib/python3.7/site-packages/airflow/example_dags/example_branch_operator.py for tasks to queue
[2023-06-01T09:05:18.122+0000] {logging_mixin.py:137} INFO - [2023-06-01T09:05:18.122+0000] {dagbag.py:538} INFO - Filling up the DagBag from /home/airflow/.local/lib/python3.7/site-packages/airflow/example_dags/example_branch_operator.py
[2023-06-01T09:05:18.145+0000] {processor.py:753} INFO - DAG(s) dict_keys(['example_branch_operator']) retrieved from /home/airflow/.local/lib/python3.7/site-packages/airflow/example_dags/example_branch_operator.py
[2023-06-01T09:05:18.191+0000] {logging_mixin.py:137} INFO - [2023-06-01T09:05:18.190+0000] {dag.py:2690} INFO - Sync 1 DAGs
[2023-06-01T09:05:18.227+0000] {logging_mixin.py:137} INFO - [2023-06-01T09:05:18.227+0000] {dag.py:3441} INFO - Setting next_dagrun for example_branch_operator to 2023-05-31T00:00:00+00:00, run_after=2023-06-01T00:00:00+00:00
[2023-06-01T09:05:18.265+0000] {processor.py:175} INFO - Processing /home/airflow/.local/lib/python3.7/site-packages/airflow/example_dags/example_branch_operator.py took 0.152 seconds
[2023-06-01T09:05:48.795+0000] {processor.py:153} INFO - Started process (PID=3464) to work on /home/airflow/.local/lib/python3.7/site-packages/airflow/example_dags/example_branch_operator.py
[2023-06-01T09:05:48.798+0000] {processor.py:743} INFO - Processing file /home/airflow/.local/lib/python3.7/site-packages/airflow/example_dags/example_branch_operator.py for tasks to queue
[2023-06-01T09:05:48.799+0000] {logging_mixin.py:137} INFO - [2023-06-01T09:05:48.799+0000] {dagbag.py:538} INFO - Filling up the DagBag from /home/airflow/.local/lib/python3.7/site-packages/airflow/example_dags/example_branch_operator.py
[2023-06-01T09:05:48.822+0000] {processor.py:753} INFO - DAG(s) dict_keys(['example_branch_operator']) retrieved from /home/airflow/.local/lib/python3.7/site-packages/airflow/example_dags/example_branch_operator.py
[2023-06-01T09:05:48.861+0000] {logging_mixin.py:137} INFO - [2023-06-01T09:05:48.860+0000] {dag.py:2690} INFO - Sync 1 DAGs
[2023-06-01T09:05:48.907+0000] {logging_mixin.py:137} INFO - [2023-06-01T09:05:48.906+0000] {dag.py:3441} INFO - Setting next_dagrun for example_branch_operator to 2023-05-31T00:00:00+00:00, run_after=2023-06-01T00:00:00+00:00
[2023-06-01T09:05:48.943+0000] {processor.py:175} INFO - Processing /home/airflow/.local/lib/python3.7/site-packages/airflow/example_dags/example_branch_operator.py took 0.151 seconds
[2023-06-01T09:06:19.190+0000] {processor.py:153} INFO - Started process (PID=3560) to work on /home/airflow/.local/lib/python3.7/site-packages/airflow/example_dags/example_branch_operator.py
[2023-06-01T09:06:19.191+0000] {processor.py:743} INFO - Processing file /home/airflow/.local/lib/python3.7/site-packages/airflow/example_dags/example_branch_operator.py for tasks to queue
[2023-06-01T09:06:19.192+0000] {logging_mixin.py:137} INFO - [2023-06-01T09:06:19.191+0000] {dagbag.py:538} INFO - Filling up the DagBag from /home/airflow/.local/lib/python3.7/site-packages/airflow/example_dags/example_branch_operator.py
[2023-06-01T09:06:19.210+0000] {processor.py:753} INFO - DAG(s) dict_keys(['example_branch_operator']) retrieved from /home/airflow/.local/lib/python3.7/site-packages/airflow/example_dags/example_branch_operator.py
[2023-06-01T09:06:19.263+0000] {logging_mixin.py:137} INFO - [2023-06-01T09:06:19.262+0000] {dag.py:2690} INFO - Sync 1 DAGs
[2023-06-01T09:06:19.303+0000] {logging_mixin.py:137} INFO - [2023-06-01T09:06:19.303+0000] {dag.py:3441} INFO - Setting next_dagrun for example_branch_operator to 2023-05-31T00:00:00+00:00, run_after=2023-06-01T00:00:00+00:00
[2023-06-01T09:06:19.346+0000] {processor.py:175} INFO - Processing /home/airflow/.local/lib/python3.7/site-packages/airflow/example_dags/example_branch_operator.py took 0.159 seconds
[2023-06-01T09:06:49.788+0000] {processor.py:153} INFO - Started process (PID=3662) to work on /home/airflow/.local/lib/python3.7/site-packages/airflow/example_dags/example_branch_operator.py
[2023-06-01T09:06:49.790+0000] {processor.py:743} INFO - Processing file /home/airflow/.local/lib/python3.7/site-packages/airflow/example_dags/example_branch_operator.py for tasks to queue
[2023-06-01T09:06:49.791+0000] {logging_mixin.py:137} INFO - [2023-06-01T09:06:49.791+0000] {dagbag.py:538} INFO - Filling up the DagBag from /home/airflow/.local/lib/python3.7/site-packages/airflow/example_dags/example_branch_operator.py
[2023-06-01T09:06:49.815+0000] {processor.py:753} INFO - DAG(s) dict_keys(['example_branch_operator']) retrieved from /home/airflow/.local/lib/python3.7/site-packages/airflow/example_dags/example_branch_operator.py
[2023-06-01T09:06:49.856+0000] {logging_mixin.py:137} INFO - [2023-06-01T09:06:49.856+0000] {dag.py:2690} INFO - Sync 1 DAGs
[2023-06-01T09:06:49.891+0000] {logging_mixin.py:137} INFO - [2023-06-01T09:06:49.891+0000] {dag.py:3441} INFO - Setting next_dagrun for example_branch_operator to 2023-05-31T00:00:00+00:00, run_after=2023-06-01T00:00:00+00:00
[2023-06-01T09:06:49.925+0000] {processor.py:175} INFO - Processing /home/airflow/.local/lib/python3.7/site-packages/airflow/example_dags/example_branch_operator.py took 0.142 seconds
[2023-06-01T09:07:20.671+0000] {processor.py:153} INFO - Started process (PID=3749) to work on /home/airflow/.local/lib/python3.7/site-packages/airflow/example_dags/example_branch_operator.py
[2023-06-01T09:07:20.672+0000] {processor.py:743} INFO - Processing file /home/airflow/.local/lib/python3.7/site-packages/airflow/example_dags/example_branch_operator.py for tasks to queue
[2023-06-01T09:07:20.673+0000] {logging_mixin.py:137} INFO - [2023-06-01T09:07:20.672+0000] {dagbag.py:538} INFO - Filling up the DagBag from /home/airflow/.local/lib/python3.7/site-packages/airflow/example_dags/example_branch_operator.py
[2023-06-01T09:07:20.691+0000] {processor.py:753} INFO - DAG(s) dict_keys(['example_branch_operator']) retrieved from /home/airflow/.local/lib/python3.7/site-packages/airflow/example_dags/example_branch_operator.py
[2023-06-01T09:07:20.734+0000] {logging_mixin.py:137} INFO - [2023-06-01T09:07:20.733+0000] {dag.py:2690} INFO - Sync 1 DAGs
[2023-06-01T09:07:20.767+0000] {logging_mixin.py:137} INFO - [2023-06-01T09:07:20.766+0000] {dag.py:3441} INFO - Setting next_dagrun for example_branch_operator to 2023-05-31T00:00:00+00:00, run_after=2023-06-01T00:00:00+00:00
[2023-06-01T09:07:20.803+0000] {processor.py:175} INFO - Processing /home/airflow/.local/lib/python3.7/site-packages/airflow/example_dags/example_branch_operator.py took 0.136 seconds
[2023-06-01T09:07:51.611+0000] {processor.py:153} INFO - Started process (PID=3836) to work on /home/airflow/.local/lib/python3.7/site-packages/airflow/example_dags/example_branch_operator.py
[2023-06-01T09:07:51.613+0000] {processor.py:743} INFO - Processing file /home/airflow/.local/lib/python3.7/site-packages/airflow/example_dags/example_branch_operator.py for tasks to queue
[2023-06-01T09:07:51.616+0000] {logging_mixin.py:137} INFO - [2023-06-01T09:07:51.615+0000] {dagbag.py:538} INFO - Filling up the DagBag from /home/airflow/.local/lib/python3.7/site-packages/airflow/example_dags/example_branch_operator.py
[2023-06-01T09:07:51.633+0000] {processor.py:753} INFO - DAG(s) dict_keys(['example_branch_operator']) retrieved from /home/airflow/.local/lib/python3.7/site-packages/airflow/example_dags/example_branch_operator.py
[2023-06-01T09:07:51.664+0000] {logging_mixin.py:137} INFO - [2023-06-01T09:07:51.664+0000] {dag.py:2690} INFO - Sync 1 DAGs
[2023-06-01T09:07:51.699+0000] {logging_mixin.py:137} INFO - [2023-06-01T09:07:51.699+0000] {dag.py:3441} INFO - Setting next_dagrun for example_branch_operator to 2023-05-31T00:00:00+00:00, run_after=2023-06-01T00:00:00+00:00
[2023-06-01T09:07:51.725+0000] {processor.py:175} INFO - Processing /home/airflow/.local/lib/python3.7/site-packages/airflow/example_dags/example_branch_operator.py took 0.119 seconds
[2023-06-01T09:08:22.418+0000] {processor.py:153} INFO - Started process (PID=3932) to work on /home/airflow/.local/lib/python3.7/site-packages/airflow/example_dags/example_branch_operator.py
[2023-06-01T09:08:22.419+0000] {processor.py:743} INFO - Processing file /home/airflow/.local/lib/python3.7/site-packages/airflow/example_dags/example_branch_operator.py for tasks to queue
[2023-06-01T09:08:22.420+0000] {logging_mixin.py:137} INFO - [2023-06-01T09:08:22.420+0000] {dagbag.py:538} INFO - Filling up the DagBag from /home/airflow/.local/lib/python3.7/site-packages/airflow/example_dags/example_branch_operator.py
[2023-06-01T09:08:22.438+0000] {processor.py:753} INFO - DAG(s) dict_keys(['example_branch_operator']) retrieved from /home/airflow/.local/lib/python3.7/site-packages/airflow/example_dags/example_branch_operator.py
[2023-06-01T09:08:22.472+0000] {logging_mixin.py:137} INFO - [2023-06-01T09:08:22.472+0000] {dag.py:2690} INFO - Sync 1 DAGs
[2023-06-01T09:08:22.500+0000] {logging_mixin.py:137} INFO - [2023-06-01T09:08:22.500+0000] {dag.py:3441} INFO - Setting next_dagrun for example_branch_operator to 2023-05-31T00:00:00+00:00, run_after=2023-06-01T00:00:00+00:00
[2023-06-01T09:08:22.526+0000] {processor.py:175} INFO - Processing /home/airflow/.local/lib/python3.7/site-packages/airflow/example_dags/example_branch_operator.py took 0.111 seconds
[2023-06-01T09:08:53.264+0000] {processor.py:153} INFO - Started process (PID=4034) to work on /home/airflow/.local/lib/python3.7/site-packages/airflow/example_dags/example_branch_operator.py
[2023-06-01T09:08:53.266+0000] {processor.py:743} INFO - Processing file /home/airflow/.local/lib/python3.7/site-packages/airflow/example_dags/example_branch_operator.py for tasks to queue
[2023-06-01T09:08:53.267+0000] {logging_mixin.py:137} INFO - [2023-06-01T09:08:53.267+0000] {dagbag.py:538} INFO - Filling up the DagBag from /home/airflow/.local/lib/python3.7/site-packages/airflow/example_dags/example_branch_operator.py
[2023-06-01T09:08:53.290+0000] {processor.py:753} INFO - DAG(s) dict_keys(['example_branch_operator']) retrieved from /home/airflow/.local/lib/python3.7/site-packages/airflow/example_dags/example_branch_operator.py
[2023-06-01T09:08:53.324+0000] {logging_mixin.py:137} INFO - [2023-06-01T09:08:53.323+0000] {dag.py:2690} INFO - Sync 1 DAGs
[2023-06-01T09:08:53.357+0000] {logging_mixin.py:137} INFO - [2023-06-01T09:08:53.357+0000] {dag.py:3441} INFO - Setting next_dagrun for example_branch_operator to 2023-05-31T00:00:00+00:00, run_after=2023-06-01T00:00:00+00:00
[2023-06-01T09:08:53.384+0000] {processor.py:175} INFO - Processing /home/airflow/.local/lib/python3.7/site-packages/airflow/example_dags/example_branch_operator.py took 0.124 seconds
[2023-06-01T09:09:23.674+0000] {processor.py:153} INFO - Started process (PID=4121) to work on /home/airflow/.local/lib/python3.7/site-packages/airflow/example_dags/example_branch_operator.py
[2023-06-01T09:09:23.675+0000] {processor.py:743} INFO - Processing file /home/airflow/.local/lib/python3.7/site-packages/airflow/example_dags/example_branch_operator.py for tasks to queue
[2023-06-01T09:09:23.676+0000] {logging_mixin.py:137} INFO - [2023-06-01T09:09:23.676+0000] {dagbag.py:538} INFO - Filling up the DagBag from /home/airflow/.local/lib/python3.7/site-packages/airflow/example_dags/example_branch_operator.py
[2023-06-01T09:09:23.697+0000] {processor.py:753} INFO - DAG(s) dict_keys(['example_branch_operator']) retrieved from /home/airflow/.local/lib/python3.7/site-packages/airflow/example_dags/example_branch_operator.py
[2023-06-01T09:09:23.731+0000] {logging_mixin.py:137} INFO - [2023-06-01T09:09:23.730+0000] {dag.py:2690} INFO - Sync 1 DAGs
[2023-06-01T09:09:23.762+0000] {logging_mixin.py:137} INFO - [2023-06-01T09:09:23.762+0000] {dag.py:3441} INFO - Setting next_dagrun for example_branch_operator to 2023-05-31T00:00:00+00:00, run_after=2023-06-01T00:00:00+00:00
[2023-06-01T09:09:23.790+0000] {processor.py:175} INFO - Processing /home/airflow/.local/lib/python3.7/site-packages/airflow/example_dags/example_branch_operator.py took 0.120 seconds
[2023-06-01T09:09:54.318+0000] {processor.py:153} INFO - Started process (PID=4208) to work on /home/airflow/.local/lib/python3.7/site-packages/airflow/example_dags/example_branch_operator.py
[2023-06-01T09:09:54.320+0000] {processor.py:743} INFO - Processing file /home/airflow/.local/lib/python3.7/site-packages/airflow/example_dags/example_branch_operator.py for tasks to queue
[2023-06-01T09:09:54.320+0000] {logging_mixin.py:137} INFO - [2023-06-01T09:09:54.320+0000] {dagbag.py:538} INFO - Filling up the DagBag from /home/airflow/.local/lib/python3.7/site-packages/airflow/example_dags/example_branch_operator.py
[2023-06-01T09:09:54.341+0000] {processor.py:753} INFO - DAG(s) dict_keys(['example_branch_operator']) retrieved from /home/airflow/.local/lib/python3.7/site-packages/airflow/example_dags/example_branch_operator.py
[2023-06-01T09:09:54.375+0000] {logging_mixin.py:137} INFO - [2023-06-01T09:09:54.375+0000] {dag.py:2690} INFO - Sync 1 DAGs
[2023-06-01T09:09:54.410+0000] {logging_mixin.py:137} INFO - [2023-06-01T09:09:54.410+0000] {dag.py:3441} INFO - Setting next_dagrun for example_branch_operator to 2023-05-31T00:00:00+00:00, run_after=2023-06-01T00:00:00+00:00
[2023-06-01T09:09:54.432+0000] {processor.py:175} INFO - Processing /home/airflow/.local/lib/python3.7/site-packages/airflow/example_dags/example_branch_operator.py took 0.117 seconds
[2023-06-01T09:10:25.125+0000] {processor.py:153} INFO - Started process (PID=4304) to work on /home/airflow/.local/lib/python3.7/site-packages/airflow/example_dags/example_branch_operator.py
[2023-06-01T09:10:25.126+0000] {processor.py:743} INFO - Processing file /home/airflow/.local/lib/python3.7/site-packages/airflow/example_dags/example_branch_operator.py for tasks to queue
[2023-06-01T09:10:25.127+0000] {logging_mixin.py:137} INFO - [2023-06-01T09:10:25.126+0000] {dagbag.py:538} INFO - Filling up the DagBag from /home/airflow/.local/lib/python3.7/site-packages/airflow/example_dags/example_branch_operator.py
[2023-06-01T09:10:25.145+0000] {processor.py:753} INFO - DAG(s) dict_keys(['example_branch_operator']) retrieved from /home/airflow/.local/lib/python3.7/site-packages/airflow/example_dags/example_branch_operator.py
[2023-06-01T09:10:25.173+0000] {logging_mixin.py:137} INFO - [2023-06-01T09:10:25.173+0000] {dag.py:2690} INFO - Sync 1 DAGs
[2023-06-01T09:10:25.205+0000] {logging_mixin.py:137} INFO - [2023-06-01T09:10:25.205+0000] {dag.py:3441} INFO - Setting next_dagrun for example_branch_operator to 2023-05-31T00:00:00+00:00, run_after=2023-06-01T00:00:00+00:00
[2023-06-01T09:10:25.229+0000] {processor.py:175} INFO - Processing /home/airflow/.local/lib/python3.7/site-packages/airflow/example_dags/example_branch_operator.py took 0.107 seconds
[2023-06-01T09:10:55.614+0000] {processor.py:153} INFO - Started process (PID=4406) to work on /home/airflow/.local/lib/python3.7/site-packages/airflow/example_dags/example_branch_operator.py
[2023-06-01T09:10:55.616+0000] {processor.py:743} INFO - Processing file /home/airflow/.local/lib/python3.7/site-packages/airflow/example_dags/example_branch_operator.py for tasks to queue
[2023-06-01T09:10:55.617+0000] {logging_mixin.py:137} INFO - [2023-06-01T09:10:55.616+0000] {dagbag.py:538} INFO - Filling up the DagBag from /home/airflow/.local/lib/python3.7/site-packages/airflow/example_dags/example_branch_operator.py
[2023-06-01T09:10:55.635+0000] {processor.py:753} INFO - DAG(s) dict_keys(['example_branch_operator']) retrieved from /home/airflow/.local/lib/python3.7/site-packages/airflow/example_dags/example_branch_operator.py
[2023-06-01T09:10:55.667+0000] {logging_mixin.py:137} INFO - [2023-06-01T09:10:55.667+0000] {dag.py:2690} INFO - Sync 1 DAGs
[2023-06-01T09:10:55.699+0000] {logging_mixin.py:137} INFO - [2023-06-01T09:10:55.699+0000] {dag.py:3441} INFO - Setting next_dagrun for example_branch_operator to 2023-05-31T00:00:00+00:00, run_after=2023-06-01T00:00:00+00:00
[2023-06-01T09:10:55.721+0000] {processor.py:175} INFO - Processing /home/airflow/.local/lib/python3.7/site-packages/airflow/example_dags/example_branch_operator.py took 0.111 seconds
[2023-06-01T09:11:25.830+0000] {processor.py:153} INFO - Started process (PID=4493) to work on /home/airflow/.local/lib/python3.7/site-packages/airflow/example_dags/example_branch_operator.py
[2023-06-01T09:11:25.831+0000] {processor.py:743} INFO - Processing file /home/airflow/.local/lib/python3.7/site-packages/airflow/example_dags/example_branch_operator.py for tasks to queue
[2023-06-01T09:11:25.832+0000] {logging_mixin.py:137} INFO - [2023-06-01T09:11:25.832+0000] {dagbag.py:538} INFO - Filling up the DagBag from /home/airflow/.local/lib/python3.7/site-packages/airflow/example_dags/example_branch_operator.py
[2023-06-01T09:11:25.850+0000] {processor.py:753} INFO - DAG(s) dict_keys(['example_branch_operator']) retrieved from /home/airflow/.local/lib/python3.7/site-packages/airflow/example_dags/example_branch_operator.py
[2023-06-01T09:11:25.878+0000] {logging_mixin.py:137} INFO - [2023-06-01T09:11:25.878+0000] {dag.py:2690} INFO - Sync 1 DAGs
[2023-06-01T09:11:25.906+0000] {logging_mixin.py:137} INFO - [2023-06-01T09:11:25.906+0000] {dag.py:3441} INFO - Setting next_dagrun for example_branch_operator to 2023-05-31T00:00:00+00:00, run_after=2023-06-01T00:00:00+00:00
[2023-06-01T09:11:25.924+0000] {processor.py:175} INFO - Processing /home/airflow/.local/lib/python3.7/site-packages/airflow/example_dags/example_branch_operator.py took 0.098 seconds
[2023-06-01T09:11:56.225+0000] {processor.py:153} INFO - Started process (PID=4580) to work on /home/airflow/.local/lib/python3.7/site-packages/airflow/example_dags/example_branch_operator.py
[2023-06-01T09:11:56.226+0000] {processor.py:743} INFO - Processing file /home/airflow/.local/lib/python3.7/site-packages/airflow/example_dags/example_branch_operator.py for tasks to queue
[2023-06-01T09:11:56.227+0000] {logging_mixin.py:137} INFO - [2023-06-01T09:11:56.227+0000] {dagbag.py:538} INFO - Filling up the DagBag from /home/airflow/.local/lib/python3.7/site-packages/airflow/example_dags/example_branch_operator.py
[2023-06-01T09:11:56.247+0000] {processor.py:753} INFO - DAG(s) dict_keys(['example_branch_operator']) retrieved from /home/airflow/.local/lib/python3.7/site-packages/airflow/example_dags/example_branch_operator.py
[2023-06-01T09:11:56.276+0000] {logging_mixin.py:137} INFO - [2023-06-01T09:11:56.276+0000] {dag.py:2690} INFO - Sync 1 DAGs
[2023-06-01T09:11:56.304+0000] {logging_mixin.py:137} INFO - [2023-06-01T09:11:56.304+0000] {dag.py:3441} INFO - Setting next_dagrun for example_branch_operator to 2023-05-31T00:00:00+00:00, run_after=2023-06-01T00:00:00+00:00
[2023-06-01T09:11:56.321+0000] {processor.py:175} INFO - Processing /home/airflow/.local/lib/python3.7/site-packages/airflow/example_dags/example_branch_operator.py took 0.100 seconds
[2023-06-01T09:12:26.787+0000] {processor.py:153} INFO - Started process (PID=4691) to work on /home/airflow/.local/lib/python3.7/site-packages/airflow/example_dags/example_branch_operator.py
[2023-06-01T09:12:26.789+0000] {processor.py:743} INFO - Processing file /home/airflow/.local/lib/python3.7/site-packages/airflow/example_dags/example_branch_operator.py for tasks to queue
[2023-06-01T09:12:26.789+0000] {logging_mixin.py:137} INFO - [2023-06-01T09:12:26.789+0000] {dagbag.py:538} INFO - Filling up the DagBag from /home/airflow/.local/lib/python3.7/site-packages/airflow/example_dags/example_branch_operator.py
[2023-06-01T09:12:26.808+0000] {processor.py:753} INFO - DAG(s) dict_keys(['example_branch_operator']) retrieved from /home/airflow/.local/lib/python3.7/site-packages/airflow/example_dags/example_branch_operator.py
[2023-06-01T09:12:26.884+0000] {logging_mixin.py:137} INFO - [2023-06-01T09:12:26.884+0000] {dag.py:2690} INFO - Sync 1 DAGs
[2023-06-01T09:12:26.911+0000] {logging_mixin.py:137} INFO - [2023-06-01T09:12:26.911+0000] {dag.py:3441} INFO - Setting next_dagrun for example_branch_operator to 2023-05-31T00:00:00+00:00, run_after=2023-06-01T00:00:00+00:00
[2023-06-01T09:12:26.939+0000] {processor.py:175} INFO - Processing /home/airflow/.local/lib/python3.7/site-packages/airflow/example_dags/example_branch_operator.py took 0.156 seconds
