[2023-06-01T08:47:27.726+0000] {processor.py:153} INFO - Started process (PID=123) to work on /home/airflow/.local/lib/python3.7/site-packages/airflow/example_dags/tutorial_taskflow_api.py
[2023-06-01T08:47:27.727+0000] {processor.py:743} INFO - Processing file /home/airflow/.local/lib/python3.7/site-packages/airflow/example_dags/tutorial_taskflow_api.py for tasks to queue
[2023-06-01T08:47:27.728+0000] {logging_mixin.py:137} INFO - [2023-06-01T08:47:27.727+0000] {dagbag.py:538} INFO - Filling up the DagBag from /home/airflow/.local/lib/python3.7/site-packages/airflow/example_dags/tutorial_taskflow_api.py
[2023-06-01T08:47:27.754+0000] {processor.py:753} INFO - DAG(s) dict_keys(['tutorial_taskflow_api']) retrieved from /home/airflow/.local/lib/python3.7/site-packages/airflow/example_dags/tutorial_taskflow_api.py
[2023-06-01T08:47:27.770+0000] {logging_mixin.py:137} INFO - [2023-06-01T08:47:27.770+0000] {dag.py:2690} INFO - Sync 1 DAGs
[2023-06-01T08:47:27.800+0000] {logging_mixin.py:137} INFO - [2023-06-01T08:47:27.800+0000] {dag.py:3441} INFO - Setting next_dagrun for tutorial_taskflow_api to None, run_after=None
[2023-06-01T08:47:27.823+0000] {processor.py:175} INFO - Processing /home/airflow/.local/lib/python3.7/site-packages/airflow/example_dags/tutorial_taskflow_api.py took 0.102 seconds
[2023-06-01T08:47:57.858+0000] {processor.py:153} INFO - Started process (PID=210) to work on /home/airflow/.local/lib/python3.7/site-packages/airflow/example_dags/tutorial_taskflow_api.py
[2023-06-01T08:47:57.858+0000] {processor.py:743} INFO - Processing file /home/airflow/.local/lib/python3.7/site-packages/airflow/example_dags/tutorial_taskflow_api.py for tasks to queue
[2023-06-01T08:47:57.859+0000] {logging_mixin.py:137} INFO - [2023-06-01T08:47:57.858+0000] {dagbag.py:538} INFO - Filling up the DagBag from /home/airflow/.local/lib/python3.7/site-packages/airflow/example_dags/tutorial_taskflow_api.py
[2023-06-01T08:47:57.876+0000] {processor.py:753} INFO - DAG(s) dict_keys(['tutorial_taskflow_api']) retrieved from /home/airflow/.local/lib/python3.7/site-packages/airflow/example_dags/tutorial_taskflow_api.py
[2023-06-01T08:47:57.900+0000] {logging_mixin.py:137} INFO - [2023-06-01T08:47:57.900+0000] {dag.py:2690} INFO - Sync 1 DAGs
[2023-06-01T08:47:57.923+0000] {logging_mixin.py:137} INFO - [2023-06-01T08:47:57.923+0000] {dag.py:3441} INFO - Setting next_dagrun for tutorial_taskflow_api to None, run_after=None
[2023-06-01T08:47:57.940+0000] {processor.py:175} INFO - Processing /home/airflow/.local/lib/python3.7/site-packages/airflow/example_dags/tutorial_taskflow_api.py took 0.085 seconds
[2023-06-01T08:48:28.751+0000] {processor.py:153} INFO - Started process (PID=297) to work on /home/airflow/.local/lib/python3.7/site-packages/airflow/example_dags/tutorial_taskflow_api.py
[2023-06-01T08:48:28.752+0000] {processor.py:743} INFO - Processing file /home/airflow/.local/lib/python3.7/site-packages/airflow/example_dags/tutorial_taskflow_api.py for tasks to queue
[2023-06-01T08:48:28.753+0000] {logging_mixin.py:137} INFO - [2023-06-01T08:48:28.752+0000] {dagbag.py:538} INFO - Filling up the DagBag from /home/airflow/.local/lib/python3.7/site-packages/airflow/example_dags/tutorial_taskflow_api.py
[2023-06-01T08:48:28.774+0000] {processor.py:753} INFO - DAG(s) dict_keys(['tutorial_taskflow_api']) retrieved from /home/airflow/.local/lib/python3.7/site-packages/airflow/example_dags/tutorial_taskflow_api.py
[2023-06-01T08:48:28.804+0000] {logging_mixin.py:137} INFO - [2023-06-01T08:48:28.804+0000] {dag.py:2690} INFO - Sync 1 DAGs
[2023-06-01T08:48:28.832+0000] {logging_mixin.py:137} INFO - [2023-06-01T08:48:28.832+0000] {dag.py:3441} INFO - Setting next_dagrun for tutorial_taskflow_api to None, run_after=None
[2023-06-01T08:48:28.851+0000] {processor.py:175} INFO - Processing /home/airflow/.local/lib/python3.7/site-packages/airflow/example_dags/tutorial_taskflow_api.py took 0.104 seconds
[2023-06-01T08:48:59.823+0000] {processor.py:153} INFO - Started process (PID=408) to work on /home/airflow/.local/lib/python3.7/site-packages/airflow/example_dags/tutorial_taskflow_api.py
[2023-06-01T08:48:59.824+0000] {processor.py:743} INFO - Processing file /home/airflow/.local/lib/python3.7/site-packages/airflow/example_dags/tutorial_taskflow_api.py for tasks to queue
[2023-06-01T08:48:59.824+0000] {logging_mixin.py:137} INFO - [2023-06-01T08:48:59.824+0000] {dagbag.py:538} INFO - Filling up the DagBag from /home/airflow/.local/lib/python3.7/site-packages/airflow/example_dags/tutorial_taskflow_api.py
[2023-06-01T08:48:59.846+0000] {processor.py:753} INFO - DAG(s) dict_keys(['tutorial_taskflow_api']) retrieved from /home/airflow/.local/lib/python3.7/site-packages/airflow/example_dags/tutorial_taskflow_api.py
[2023-06-01T08:48:59.872+0000] {logging_mixin.py:137} INFO - [2023-06-01T08:48:59.871+0000] {dag.py:2690} INFO - Sync 1 DAGs
[2023-06-01T08:48:59.895+0000] {logging_mixin.py:137} INFO - [2023-06-01T08:48:59.895+0000] {dag.py:3441} INFO - Setting next_dagrun for tutorial_taskflow_api to None, run_after=None
[2023-06-01T08:48:59.912+0000] {processor.py:175} INFO - Processing /home/airflow/.local/lib/python3.7/site-packages/airflow/example_dags/tutorial_taskflow_api.py took 0.092 seconds
[2023-06-01T08:49:31.226+0000] {processor.py:153} INFO - Started process (PID=495) to work on /home/airflow/.local/lib/python3.7/site-packages/airflow/example_dags/tutorial_taskflow_api.py
[2023-06-01T08:49:31.227+0000] {processor.py:743} INFO - Processing file /home/airflow/.local/lib/python3.7/site-packages/airflow/example_dags/tutorial_taskflow_api.py for tasks to queue
[2023-06-01T08:49:31.228+0000] {logging_mixin.py:137} INFO - [2023-06-01T08:49:31.228+0000] {dagbag.py:538} INFO - Filling up the DagBag from /home/airflow/.local/lib/python3.7/site-packages/airflow/example_dags/tutorial_taskflow_api.py
[2023-06-01T08:49:31.250+0000] {processor.py:753} INFO - DAG(s) dict_keys(['tutorial_taskflow_api']) retrieved from /home/airflow/.local/lib/python3.7/site-packages/airflow/example_dags/tutorial_taskflow_api.py
[2023-06-01T08:49:31.276+0000] {logging_mixin.py:137} INFO - [2023-06-01T08:49:31.275+0000] {dag.py:2690} INFO - Sync 1 DAGs
[2023-06-01T08:49:31.305+0000] {logging_mixin.py:137} INFO - [2023-06-01T08:49:31.304+0000] {dag.py:3441} INFO - Setting next_dagrun for tutorial_taskflow_api to None, run_after=None
[2023-06-01T08:49:31.331+0000] {processor.py:175} INFO - Processing /home/airflow/.local/lib/python3.7/site-packages/airflow/example_dags/tutorial_taskflow_api.py took 0.109 seconds
[2023-06-01T08:50:01.746+0000] {processor.py:153} INFO - Started process (PID=606) to work on /home/airflow/.local/lib/python3.7/site-packages/airflow/example_dags/tutorial_taskflow_api.py
[2023-06-01T08:50:01.747+0000] {processor.py:743} INFO - Processing file /home/airflow/.local/lib/python3.7/site-packages/airflow/example_dags/tutorial_taskflow_api.py for tasks to queue
[2023-06-01T08:50:01.747+0000] {logging_mixin.py:137} INFO - [2023-06-01T08:50:01.747+0000] {dagbag.py:538} INFO - Filling up the DagBag from /home/airflow/.local/lib/python3.7/site-packages/airflow/example_dags/tutorial_taskflow_api.py
[2023-06-01T08:50:01.769+0000] {processor.py:753} INFO - DAG(s) dict_keys(['tutorial_taskflow_api']) retrieved from /home/airflow/.local/lib/python3.7/site-packages/airflow/example_dags/tutorial_taskflow_api.py
[2023-06-01T08:50:01.797+0000] {logging_mixin.py:137} INFO - [2023-06-01T08:50:01.797+0000] {dag.py:2690} INFO - Sync 1 DAGs
[2023-06-01T08:50:01.825+0000] {logging_mixin.py:137} INFO - [2023-06-01T08:50:01.825+0000] {dag.py:3441} INFO - Setting next_dagrun for tutorial_taskflow_api to None, run_after=None
[2023-06-01T08:50:01.848+0000] {processor.py:175} INFO - Processing /home/airflow/.local/lib/python3.7/site-packages/airflow/example_dags/tutorial_taskflow_api.py took 0.105 seconds
[2023-06-01T08:50:32.232+0000] {processor.py:153} INFO - Started process (PID=693) to work on /home/airflow/.local/lib/python3.7/site-packages/airflow/example_dags/tutorial_taskflow_api.py
[2023-06-01T08:50:32.234+0000] {processor.py:743} INFO - Processing file /home/airflow/.local/lib/python3.7/site-packages/airflow/example_dags/tutorial_taskflow_api.py for tasks to queue
[2023-06-01T08:50:32.234+0000] {logging_mixin.py:137} INFO - [2023-06-01T08:50:32.234+0000] {dagbag.py:538} INFO - Filling up the DagBag from /home/airflow/.local/lib/python3.7/site-packages/airflow/example_dags/tutorial_taskflow_api.py
[2023-06-01T08:50:32.255+0000] {processor.py:753} INFO - DAG(s) dict_keys(['tutorial_taskflow_api']) retrieved from /home/airflow/.local/lib/python3.7/site-packages/airflow/example_dags/tutorial_taskflow_api.py
[2023-06-01T08:50:32.285+0000] {logging_mixin.py:137} INFO - [2023-06-01T08:50:32.285+0000] {dag.py:2690} INFO - Sync 1 DAGs
[2023-06-01T08:50:32.314+0000] {logging_mixin.py:137} INFO - [2023-06-01T08:50:32.314+0000] {dag.py:3441} INFO - Setting next_dagrun for tutorial_taskflow_api to None, run_after=None
[2023-06-01T08:50:32.336+0000] {processor.py:175} INFO - Processing /home/airflow/.local/lib/python3.7/site-packages/airflow/example_dags/tutorial_taskflow_api.py took 0.107 seconds
[2023-06-01T08:51:02.536+0000] {processor.py:153} INFO - Started process (PID=780) to work on /home/airflow/.local/lib/python3.7/site-packages/airflow/example_dags/tutorial_taskflow_api.py
[2023-06-01T08:51:02.537+0000] {processor.py:743} INFO - Processing file /home/airflow/.local/lib/python3.7/site-packages/airflow/example_dags/tutorial_taskflow_api.py for tasks to queue
[2023-06-01T08:51:02.538+0000] {logging_mixin.py:137} INFO - [2023-06-01T08:51:02.538+0000] {dagbag.py:538} INFO - Filling up the DagBag from /home/airflow/.local/lib/python3.7/site-packages/airflow/example_dags/tutorial_taskflow_api.py
[2023-06-01T08:51:02.558+0000] {processor.py:753} INFO - DAG(s) dict_keys(['tutorial_taskflow_api']) retrieved from /home/airflow/.local/lib/python3.7/site-packages/airflow/example_dags/tutorial_taskflow_api.py
[2023-06-01T08:51:02.586+0000] {logging_mixin.py:137} INFO - [2023-06-01T08:51:02.586+0000] {dag.py:2690} INFO - Sync 1 DAGs
[2023-06-01T08:51:02.612+0000] {logging_mixin.py:137} INFO - [2023-06-01T08:51:02.612+0000] {dag.py:3441} INFO - Setting next_dagrun for tutorial_taskflow_api to None, run_after=None
[2023-06-01T08:51:02.632+0000] {processor.py:175} INFO - Processing /home/airflow/.local/lib/python3.7/site-packages/airflow/example_dags/tutorial_taskflow_api.py took 0.099 seconds
[2023-06-01T08:51:33.162+0000] {processor.py:153} INFO - Started process (PID=891) to work on /home/airflow/.local/lib/python3.7/site-packages/airflow/example_dags/tutorial_taskflow_api.py
[2023-06-01T08:51:33.163+0000] {processor.py:743} INFO - Processing file /home/airflow/.local/lib/python3.7/site-packages/airflow/example_dags/tutorial_taskflow_api.py for tasks to queue
[2023-06-01T08:51:33.164+0000] {logging_mixin.py:137} INFO - [2023-06-01T08:51:33.164+0000] {dagbag.py:538} INFO - Filling up the DagBag from /home/airflow/.local/lib/python3.7/site-packages/airflow/example_dags/tutorial_taskflow_api.py
[2023-06-01T08:51:33.186+0000] {processor.py:753} INFO - DAG(s) dict_keys(['tutorial_taskflow_api']) retrieved from /home/airflow/.local/lib/python3.7/site-packages/airflow/example_dags/tutorial_taskflow_api.py
[2023-06-01T08:51:33.219+0000] {logging_mixin.py:137} INFO - [2023-06-01T08:51:33.218+0000] {dag.py:2690} INFO - Sync 1 DAGs
[2023-06-01T08:51:33.248+0000] {logging_mixin.py:137} INFO - [2023-06-01T08:51:33.248+0000] {dag.py:3441} INFO - Setting next_dagrun for tutorial_taskflow_api to None, run_after=None
[2023-06-01T08:51:33.281+0000] {processor.py:175} INFO - Processing /home/airflow/.local/lib/python3.7/site-packages/airflow/example_dags/tutorial_taskflow_api.py took 0.122 seconds
[2023-06-01T08:52:03.686+0000] {processor.py:153} INFO - Started process (PID=978) to work on /home/airflow/.local/lib/python3.7/site-packages/airflow/example_dags/tutorial_taskflow_api.py
[2023-06-01T08:52:03.687+0000] {processor.py:743} INFO - Processing file /home/airflow/.local/lib/python3.7/site-packages/airflow/example_dags/tutorial_taskflow_api.py for tasks to queue
[2023-06-01T08:52:03.688+0000] {logging_mixin.py:137} INFO - [2023-06-01T08:52:03.688+0000] {dagbag.py:538} INFO - Filling up the DagBag from /home/airflow/.local/lib/python3.7/site-packages/airflow/example_dags/tutorial_taskflow_api.py
[2023-06-01T08:52:03.709+0000] {processor.py:753} INFO - DAG(s) dict_keys(['tutorial_taskflow_api']) retrieved from /home/airflow/.local/lib/python3.7/site-packages/airflow/example_dags/tutorial_taskflow_api.py
[2023-06-01T08:52:03.740+0000] {logging_mixin.py:137} INFO - [2023-06-01T08:52:03.740+0000] {dag.py:2690} INFO - Sync 1 DAGs
[2023-06-01T08:52:03.768+0000] {logging_mixin.py:137} INFO - [2023-06-01T08:52:03.768+0000] {dag.py:3441} INFO - Setting next_dagrun for tutorial_taskflow_api to None, run_after=None
[2023-06-01T08:52:03.788+0000] {processor.py:175} INFO - Processing /home/airflow/.local/lib/python3.7/site-packages/airflow/example_dags/tutorial_taskflow_api.py took 0.105 seconds
[2023-06-01T08:52:34.127+0000] {processor.py:153} INFO - Started process (PID=1065) to work on /home/airflow/.local/lib/python3.7/site-packages/airflow/example_dags/tutorial_taskflow_api.py
[2023-06-01T08:52:34.129+0000] {processor.py:743} INFO - Processing file /home/airflow/.local/lib/python3.7/site-packages/airflow/example_dags/tutorial_taskflow_api.py for tasks to queue
[2023-06-01T08:52:34.129+0000] {logging_mixin.py:137} INFO - [2023-06-01T08:52:34.129+0000] {dagbag.py:538} INFO - Filling up the DagBag from /home/airflow/.local/lib/python3.7/site-packages/airflow/example_dags/tutorial_taskflow_api.py
[2023-06-01T08:52:34.150+0000] {processor.py:753} INFO - DAG(s) dict_keys(['tutorial_taskflow_api']) retrieved from /home/airflow/.local/lib/python3.7/site-packages/airflow/example_dags/tutorial_taskflow_api.py
[2023-06-01T08:52:34.178+0000] {logging_mixin.py:137} INFO - [2023-06-01T08:52:34.178+0000] {dag.py:2690} INFO - Sync 1 DAGs
[2023-06-01T08:52:34.208+0000] {logging_mixin.py:137} INFO - [2023-06-01T08:52:34.208+0000] {dag.py:3441} INFO - Setting next_dagrun for tutorial_taskflow_api to None, run_after=None
[2023-06-01T08:52:34.230+0000] {processor.py:175} INFO - Processing /home/airflow/.local/lib/python3.7/site-packages/airflow/example_dags/tutorial_taskflow_api.py took 0.107 seconds
[2023-06-01T08:53:05.138+0000] {processor.py:153} INFO - Started process (PID=1176) to work on /home/airflow/.local/lib/python3.7/site-packages/airflow/example_dags/tutorial_taskflow_api.py
[2023-06-01T08:53:05.139+0000] {processor.py:743} INFO - Processing file /home/airflow/.local/lib/python3.7/site-packages/airflow/example_dags/tutorial_taskflow_api.py for tasks to queue
[2023-06-01T08:53:05.140+0000] {logging_mixin.py:137} INFO - [2023-06-01T08:53:05.139+0000] {dagbag.py:538} INFO - Filling up the DagBag from /home/airflow/.local/lib/python3.7/site-packages/airflow/example_dags/tutorial_taskflow_api.py
[2023-06-01T08:53:05.163+0000] {processor.py:753} INFO - DAG(s) dict_keys(['tutorial_taskflow_api']) retrieved from /home/airflow/.local/lib/python3.7/site-packages/airflow/example_dags/tutorial_taskflow_api.py
[2023-06-01T08:53:05.198+0000] {logging_mixin.py:137} INFO - [2023-06-01T08:53:05.197+0000] {dag.py:2690} INFO - Sync 1 DAGs
[2023-06-01T08:53:05.231+0000] {logging_mixin.py:137} INFO - [2023-06-01T08:53:05.231+0000] {dag.py:3441} INFO - Setting next_dagrun for tutorial_taskflow_api to None, run_after=None
[2023-06-01T08:53:05.257+0000] {processor.py:175} INFO - Processing /home/airflow/.local/lib/python3.7/site-packages/airflow/example_dags/tutorial_taskflow_api.py took 0.123 seconds
[2023-06-01T08:53:35.399+0000] {processor.py:153} INFO - Started process (PID=1263) to work on /home/airflow/.local/lib/python3.7/site-packages/airflow/example_dags/tutorial_taskflow_api.py
[2023-06-01T08:53:35.400+0000] {processor.py:743} INFO - Processing file /home/airflow/.local/lib/python3.7/site-packages/airflow/example_dags/tutorial_taskflow_api.py for tasks to queue
[2023-06-01T08:53:35.401+0000] {logging_mixin.py:137} INFO - [2023-06-01T08:53:35.401+0000] {dagbag.py:538} INFO - Filling up the DagBag from /home/airflow/.local/lib/python3.7/site-packages/airflow/example_dags/tutorial_taskflow_api.py
[2023-06-01T08:53:35.422+0000] {processor.py:753} INFO - DAG(s) dict_keys(['tutorial_taskflow_api']) retrieved from /home/airflow/.local/lib/python3.7/site-packages/airflow/example_dags/tutorial_taskflow_api.py
[2023-06-01T08:53:35.451+0000] {logging_mixin.py:137} INFO - [2023-06-01T08:53:35.451+0000] {dag.py:2690} INFO - Sync 1 DAGs
[2023-06-01T08:53:35.475+0000] {logging_mixin.py:137} INFO - [2023-06-01T08:53:35.475+0000] {dag.py:3441} INFO - Setting next_dagrun for tutorial_taskflow_api to None, run_after=None
[2023-06-01T08:53:35.493+0000] {processor.py:175} INFO - Processing /home/airflow/.local/lib/python3.7/site-packages/airflow/example_dags/tutorial_taskflow_api.py took 0.098 seconds
[2023-06-01T08:54:05.644+0000] {processor.py:153} INFO - Started process (PID=1350) to work on /home/airflow/.local/lib/python3.7/site-packages/airflow/example_dags/tutorial_taskflow_api.py
[2023-06-01T08:54:05.644+0000] {processor.py:743} INFO - Processing file /home/airflow/.local/lib/python3.7/site-packages/airflow/example_dags/tutorial_taskflow_api.py for tasks to queue
[2023-06-01T08:54:05.645+0000] {logging_mixin.py:137} INFO - [2023-06-01T08:54:05.645+0000] {dagbag.py:538} INFO - Filling up the DagBag from /home/airflow/.local/lib/python3.7/site-packages/airflow/example_dags/tutorial_taskflow_api.py
[2023-06-01T08:54:05.667+0000] {processor.py:753} INFO - DAG(s) dict_keys(['tutorial_taskflow_api']) retrieved from /home/airflow/.local/lib/python3.7/site-packages/airflow/example_dags/tutorial_taskflow_api.py
[2023-06-01T08:54:05.699+0000] {logging_mixin.py:137} INFO - [2023-06-01T08:54:05.699+0000] {dag.py:2690} INFO - Sync 1 DAGs
[2023-06-01T08:54:05.723+0000] {logging_mixin.py:137} INFO - [2023-06-01T08:54:05.723+0000] {dag.py:3441} INFO - Setting next_dagrun for tutorial_taskflow_api to None, run_after=None
[2023-06-01T08:54:05.743+0000] {processor.py:175} INFO - Processing /home/airflow/.local/lib/python3.7/site-packages/airflow/example_dags/tutorial_taskflow_api.py took 0.102 seconds
[2023-06-01T08:54:36.139+0000] {processor.py:153} INFO - Started process (PID=1437) to work on /home/airflow/.local/lib/python3.7/site-packages/airflow/example_dags/tutorial_taskflow_api.py
[2023-06-01T08:54:36.141+0000] {processor.py:743} INFO - Processing file /home/airflow/.local/lib/python3.7/site-packages/airflow/example_dags/tutorial_taskflow_api.py for tasks to queue
[2023-06-01T08:54:36.141+0000] {logging_mixin.py:137} INFO - [2023-06-01T08:54:36.141+0000] {dagbag.py:538} INFO - Filling up the DagBag from /home/airflow/.local/lib/python3.7/site-packages/airflow/example_dags/tutorial_taskflow_api.py
[2023-06-01T08:54:36.165+0000] {processor.py:753} INFO - DAG(s) dict_keys(['tutorial_taskflow_api']) retrieved from /home/airflow/.local/lib/python3.7/site-packages/airflow/example_dags/tutorial_taskflow_api.py
[2023-06-01T08:54:36.199+0000] {logging_mixin.py:137} INFO - [2023-06-01T08:54:36.199+0000] {dag.py:2690} INFO - Sync 1 DAGs
[2023-06-01T08:54:36.226+0000] {logging_mixin.py:137} INFO - [2023-06-01T08:54:36.226+0000] {dag.py:3441} INFO - Setting next_dagrun for tutorial_taskflow_api to None, run_after=None
[2023-06-01T08:54:36.246+0000] {processor.py:175} INFO - Processing /home/airflow/.local/lib/python3.7/site-packages/airflow/example_dags/tutorial_taskflow_api.py took 0.111 seconds
[2023-06-01T08:55:07.204+0000] {processor.py:153} INFO - Started process (PID=1548) to work on /home/airflow/.local/lib/python3.7/site-packages/airflow/example_dags/tutorial_taskflow_api.py
[2023-06-01T08:55:07.205+0000] {processor.py:743} INFO - Processing file /home/airflow/.local/lib/python3.7/site-packages/airflow/example_dags/tutorial_taskflow_api.py for tasks to queue
[2023-06-01T08:55:07.206+0000] {logging_mixin.py:137} INFO - [2023-06-01T08:55:07.206+0000] {dagbag.py:538} INFO - Filling up the DagBag from /home/airflow/.local/lib/python3.7/site-packages/airflow/example_dags/tutorial_taskflow_api.py
[2023-06-01T08:55:07.233+0000] {processor.py:753} INFO - DAG(s) dict_keys(['tutorial_taskflow_api']) retrieved from /home/airflow/.local/lib/python3.7/site-packages/airflow/example_dags/tutorial_taskflow_api.py
[2023-06-01T08:55:07.264+0000] {logging_mixin.py:137} INFO - [2023-06-01T08:55:07.264+0000] {dag.py:2690} INFO - Sync 1 DAGs
[2023-06-01T08:55:07.293+0000] {logging_mixin.py:137} INFO - [2023-06-01T08:55:07.293+0000] {dag.py:3441} INFO - Setting next_dagrun for tutorial_taskflow_api to None, run_after=None
[2023-06-01T08:55:07.314+0000] {processor.py:175} INFO - Processing /home/airflow/.local/lib/python3.7/site-packages/airflow/example_dags/tutorial_taskflow_api.py took 0.113 seconds
[2023-06-01T08:55:38.287+0000] {processor.py:153} INFO - Started process (PID=1635) to work on /home/airflow/.local/lib/python3.7/site-packages/airflow/example_dags/tutorial_taskflow_api.py
[2023-06-01T08:55:38.289+0000] {processor.py:743} INFO - Processing file /home/airflow/.local/lib/python3.7/site-packages/airflow/example_dags/tutorial_taskflow_api.py for tasks to queue
[2023-06-01T08:55:38.290+0000] {logging_mixin.py:137} INFO - [2023-06-01T08:55:38.290+0000] {dagbag.py:538} INFO - Filling up the DagBag from /home/airflow/.local/lib/python3.7/site-packages/airflow/example_dags/tutorial_taskflow_api.py
[2023-06-01T08:55:38.314+0000] {processor.py:753} INFO - DAG(s) dict_keys(['tutorial_taskflow_api']) retrieved from /home/airflow/.local/lib/python3.7/site-packages/airflow/example_dags/tutorial_taskflow_api.py
[2023-06-01T08:55:38.342+0000] {logging_mixin.py:137} INFO - [2023-06-01T08:55:38.342+0000] {dag.py:2690} INFO - Sync 1 DAGs
[2023-06-01T08:55:38.376+0000] {logging_mixin.py:137} INFO - [2023-06-01T08:55:38.375+0000] {dag.py:3441} INFO - Setting next_dagrun for tutorial_taskflow_api to None, run_after=None
[2023-06-01T08:55:38.398+0000] {processor.py:175} INFO - Processing /home/airflow/.local/lib/python3.7/site-packages/airflow/example_dags/tutorial_taskflow_api.py took 0.115 seconds
[2023-06-01T08:56:08.719+0000] {processor.py:153} INFO - Started process (PID=1722) to work on /home/airflow/.local/lib/python3.7/site-packages/airflow/example_dags/tutorial_taskflow_api.py
[2023-06-01T08:56:08.720+0000] {processor.py:743} INFO - Processing file /home/airflow/.local/lib/python3.7/site-packages/airflow/example_dags/tutorial_taskflow_api.py for tasks to queue
[2023-06-01T08:56:08.722+0000] {logging_mixin.py:137} INFO - [2023-06-01T08:56:08.721+0000] {dagbag.py:538} INFO - Filling up the DagBag from /home/airflow/.local/lib/python3.7/site-packages/airflow/example_dags/tutorial_taskflow_api.py
[2023-06-01T08:56:08.745+0000] {processor.py:753} INFO - DAG(s) dict_keys(['tutorial_taskflow_api']) retrieved from /home/airflow/.local/lib/python3.7/site-packages/airflow/example_dags/tutorial_taskflow_api.py
[2023-06-01T08:56:08.775+0000] {logging_mixin.py:137} INFO - [2023-06-01T08:56:08.775+0000] {dag.py:2690} INFO - Sync 1 DAGs
[2023-06-01T08:56:08.805+0000] {logging_mixin.py:137} INFO - [2023-06-01T08:56:08.805+0000] {dag.py:3441} INFO - Setting next_dagrun for tutorial_taskflow_api to None, run_after=None
[2023-06-01T08:56:08.829+0000] {processor.py:175} INFO - Processing /home/airflow/.local/lib/python3.7/site-packages/airflow/example_dags/tutorial_taskflow_api.py took 0.114 seconds
[2023-06-01T08:56:39.734+0000] {processor.py:153} INFO - Started process (PID=1833) to work on /home/airflow/.local/lib/python3.7/site-packages/airflow/example_dags/tutorial_taskflow_api.py
[2023-06-01T08:56:39.735+0000] {processor.py:743} INFO - Processing file /home/airflow/.local/lib/python3.7/site-packages/airflow/example_dags/tutorial_taskflow_api.py for tasks to queue
[2023-06-01T08:56:39.736+0000] {logging_mixin.py:137} INFO - [2023-06-01T08:56:39.736+0000] {dagbag.py:538} INFO - Filling up the DagBag from /home/airflow/.local/lib/python3.7/site-packages/airflow/example_dags/tutorial_taskflow_api.py
[2023-06-01T08:56:39.757+0000] {processor.py:753} INFO - DAG(s) dict_keys(['tutorial_taskflow_api']) retrieved from /home/airflow/.local/lib/python3.7/site-packages/airflow/example_dags/tutorial_taskflow_api.py
[2023-06-01T08:56:39.782+0000] {logging_mixin.py:137} INFO - [2023-06-01T08:56:39.782+0000] {dag.py:2690} INFO - Sync 1 DAGs
[2023-06-01T08:56:39.806+0000] {logging_mixin.py:137} INFO - [2023-06-01T08:56:39.806+0000] {dag.py:3441} INFO - Setting next_dagrun for tutorial_taskflow_api to None, run_after=None
[2023-06-01T08:56:39.829+0000] {processor.py:175} INFO - Processing /home/airflow/.local/lib/python3.7/site-packages/airflow/example_dags/tutorial_taskflow_api.py took 0.098 seconds
[2023-06-01T08:57:10.160+0000] {processor.py:153} INFO - Started process (PID=1920) to work on /home/airflow/.local/lib/python3.7/site-packages/airflow/example_dags/tutorial_taskflow_api.py
[2023-06-01T08:57:10.160+0000] {processor.py:743} INFO - Processing file /home/airflow/.local/lib/python3.7/site-packages/airflow/example_dags/tutorial_taskflow_api.py for tasks to queue
[2023-06-01T08:57:10.161+0000] {logging_mixin.py:137} INFO - [2023-06-01T08:57:10.161+0000] {dagbag.py:538} INFO - Filling up the DagBag from /home/airflow/.local/lib/python3.7/site-packages/airflow/example_dags/tutorial_taskflow_api.py
[2023-06-01T08:57:10.181+0000] {processor.py:753} INFO - DAG(s) dict_keys(['tutorial_taskflow_api']) retrieved from /home/airflow/.local/lib/python3.7/site-packages/airflow/example_dags/tutorial_taskflow_api.py
[2023-06-01T08:57:10.210+0000] {logging_mixin.py:137} INFO - [2023-06-01T08:57:10.210+0000] {dag.py:2690} INFO - Sync 1 DAGs
[2023-06-01T08:57:10.240+0000] {logging_mixin.py:137} INFO - [2023-06-01T08:57:10.240+0000] {dag.py:3441} INFO - Setting next_dagrun for tutorial_taskflow_api to None, run_after=None
[2023-06-01T08:57:10.260+0000] {processor.py:175} INFO - Processing /home/airflow/.local/lib/python3.7/site-packages/airflow/example_dags/tutorial_taskflow_api.py took 0.104 seconds
[2023-06-01T08:57:40.352+0000] {processor.py:153} INFO - Started process (PID=2007) to work on /home/airflow/.local/lib/python3.7/site-packages/airflow/example_dags/tutorial_taskflow_api.py
[2023-06-01T08:57:40.353+0000] {processor.py:743} INFO - Processing file /home/airflow/.local/lib/python3.7/site-packages/airflow/example_dags/tutorial_taskflow_api.py for tasks to queue
[2023-06-01T08:57:40.354+0000] {logging_mixin.py:137} INFO - [2023-06-01T08:57:40.353+0000] {dagbag.py:538} INFO - Filling up the DagBag from /home/airflow/.local/lib/python3.7/site-packages/airflow/example_dags/tutorial_taskflow_api.py
[2023-06-01T08:57:40.377+0000] {processor.py:753} INFO - DAG(s) dict_keys(['tutorial_taskflow_api']) retrieved from /home/airflow/.local/lib/python3.7/site-packages/airflow/example_dags/tutorial_taskflow_api.py
[2023-06-01T08:57:40.407+0000] {logging_mixin.py:137} INFO - [2023-06-01T08:57:40.407+0000] {dag.py:2690} INFO - Sync 1 DAGs
[2023-06-01T08:57:40.439+0000] {logging_mixin.py:137} INFO - [2023-06-01T08:57:40.439+0000] {dag.py:3441} INFO - Setting next_dagrun for tutorial_taskflow_api to None, run_after=None
[2023-06-01T08:57:40.460+0000] {processor.py:175} INFO - Processing /home/airflow/.local/lib/python3.7/site-packages/airflow/example_dags/tutorial_taskflow_api.py took 0.111 seconds
[2023-06-01T08:58:11.664+0000] {processor.py:153} INFO - Started process (PID=2118) to work on /home/airflow/.local/lib/python3.7/site-packages/airflow/example_dags/tutorial_taskflow_api.py
[2023-06-01T08:58:11.665+0000] {processor.py:743} INFO - Processing file /home/airflow/.local/lib/python3.7/site-packages/airflow/example_dags/tutorial_taskflow_api.py for tasks to queue
[2023-06-01T08:58:11.666+0000] {logging_mixin.py:137} INFO - [2023-06-01T08:58:11.666+0000] {dagbag.py:538} INFO - Filling up the DagBag from /home/airflow/.local/lib/python3.7/site-packages/airflow/example_dags/tutorial_taskflow_api.py
[2023-06-01T08:58:11.690+0000] {processor.py:753} INFO - DAG(s) dict_keys(['tutorial_taskflow_api']) retrieved from /home/airflow/.local/lib/python3.7/site-packages/airflow/example_dags/tutorial_taskflow_api.py
[2023-06-01T08:58:11.721+0000] {logging_mixin.py:137} INFO - [2023-06-01T08:58:11.720+0000] {dag.py:2690} INFO - Sync 1 DAGs
[2023-06-01T08:58:11.750+0000] {logging_mixin.py:137} INFO - [2023-06-01T08:58:11.750+0000] {dag.py:3441} INFO - Setting next_dagrun for tutorial_taskflow_api to None, run_after=None
[2023-06-01T08:58:11.770+0000] {processor.py:175} INFO - Processing /home/airflow/.local/lib/python3.7/site-packages/airflow/example_dags/tutorial_taskflow_api.py took 0.109 seconds
[2023-06-01T08:58:42.274+0000] {processor.py:153} INFO - Started process (PID=2205) to work on /home/airflow/.local/lib/python3.7/site-packages/airflow/example_dags/tutorial_taskflow_api.py
[2023-06-01T08:58:42.275+0000] {processor.py:743} INFO - Processing file /home/airflow/.local/lib/python3.7/site-packages/airflow/example_dags/tutorial_taskflow_api.py for tasks to queue
[2023-06-01T08:58:42.276+0000] {logging_mixin.py:137} INFO - [2023-06-01T08:58:42.276+0000] {dagbag.py:538} INFO - Filling up the DagBag from /home/airflow/.local/lib/python3.7/site-packages/airflow/example_dags/tutorial_taskflow_api.py
[2023-06-01T08:58:42.299+0000] {processor.py:753} INFO - DAG(s) dict_keys(['tutorial_taskflow_api']) retrieved from /home/airflow/.local/lib/python3.7/site-packages/airflow/example_dags/tutorial_taskflow_api.py
[2023-06-01T08:58:42.373+0000] {logging_mixin.py:137} INFO - [2023-06-01T08:58:42.373+0000] {dag.py:2690} INFO - Sync 1 DAGs
[2023-06-01T08:58:42.405+0000] {logging_mixin.py:137} INFO - [2023-06-01T08:58:42.404+0000] {dag.py:3441} INFO - Setting next_dagrun for tutorial_taskflow_api to None, run_after=None
[2023-06-01T08:58:42.434+0000] {processor.py:175} INFO - Processing /home/airflow/.local/lib/python3.7/site-packages/airflow/example_dags/tutorial_taskflow_api.py took 0.164 seconds
[2023-06-01T08:59:12.913+0000] {processor.py:153} INFO - Started process (PID=2292) to work on /home/airflow/.local/lib/python3.7/site-packages/airflow/example_dags/tutorial_taskflow_api.py
[2023-06-01T08:59:12.914+0000] {processor.py:743} INFO - Processing file /home/airflow/.local/lib/python3.7/site-packages/airflow/example_dags/tutorial_taskflow_api.py for tasks to queue
[2023-06-01T08:59:12.914+0000] {logging_mixin.py:137} INFO - [2023-06-01T08:59:12.914+0000] {dagbag.py:538} INFO - Filling up the DagBag from /home/airflow/.local/lib/python3.7/site-packages/airflow/example_dags/tutorial_taskflow_api.py
[2023-06-01T08:59:12.938+0000] {processor.py:753} INFO - DAG(s) dict_keys(['tutorial_taskflow_api']) retrieved from /home/airflow/.local/lib/python3.7/site-packages/airflow/example_dags/tutorial_taskflow_api.py
[2023-06-01T08:59:12.969+0000] {logging_mixin.py:137} INFO - [2023-06-01T08:59:12.968+0000] {dag.py:2690} INFO - Sync 1 DAGs
[2023-06-01T08:59:12.994+0000] {logging_mixin.py:137} INFO - [2023-06-01T08:59:12.994+0000] {dag.py:3441} INFO - Setting next_dagrun for tutorial_taskflow_api to None, run_after=None
[2023-06-01T08:59:13.020+0000] {processor.py:175} INFO - Processing /home/airflow/.local/lib/python3.7/site-packages/airflow/example_dags/tutorial_taskflow_api.py took 0.111 seconds
[2023-06-01T08:59:43.760+0000] {processor.py:153} INFO - Started process (PID=2379) to work on /home/airflow/.local/lib/python3.7/site-packages/airflow/example_dags/tutorial_taskflow_api.py
[2023-06-01T08:59:43.762+0000] {processor.py:743} INFO - Processing file /home/airflow/.local/lib/python3.7/site-packages/airflow/example_dags/tutorial_taskflow_api.py for tasks to queue
[2023-06-01T08:59:43.762+0000] {logging_mixin.py:137} INFO - [2023-06-01T08:59:43.762+0000] {dagbag.py:538} INFO - Filling up the DagBag from /home/airflow/.local/lib/python3.7/site-packages/airflow/example_dags/tutorial_taskflow_api.py
[2023-06-01T08:59:43.784+0000] {processor.py:753} INFO - DAG(s) dict_keys(['tutorial_taskflow_api']) retrieved from /home/airflow/.local/lib/python3.7/site-packages/airflow/example_dags/tutorial_taskflow_api.py
[2023-06-01T08:59:43.820+0000] {logging_mixin.py:137} INFO - [2023-06-01T08:59:43.819+0000] {dag.py:2690} INFO - Sync 1 DAGs
[2023-06-01T08:59:43.858+0000] {logging_mixin.py:137} INFO - [2023-06-01T08:59:43.858+0000] {dag.py:3441} INFO - Setting next_dagrun for tutorial_taskflow_api to None, run_after=None
[2023-06-01T08:59:43.888+0000] {processor.py:175} INFO - Processing /home/airflow/.local/lib/python3.7/site-packages/airflow/example_dags/tutorial_taskflow_api.py took 0.131 seconds
[2023-06-01T09:00:14.907+0000] {processor.py:153} INFO - Started process (PID=2490) to work on /home/airflow/.local/lib/python3.7/site-packages/airflow/example_dags/tutorial_taskflow_api.py
[2023-06-01T09:00:14.907+0000] {processor.py:743} INFO - Processing file /home/airflow/.local/lib/python3.7/site-packages/airflow/example_dags/tutorial_taskflow_api.py for tasks to queue
[2023-06-01T09:00:14.908+0000] {logging_mixin.py:137} INFO - [2023-06-01T09:00:14.908+0000] {dagbag.py:538} INFO - Filling up the DagBag from /home/airflow/.local/lib/python3.7/site-packages/airflow/example_dags/tutorial_taskflow_api.py
[2023-06-01T09:00:14.932+0000] {processor.py:753} INFO - DAG(s) dict_keys(['tutorial_taskflow_api']) retrieved from /home/airflow/.local/lib/python3.7/site-packages/airflow/example_dags/tutorial_taskflow_api.py
[2023-06-01T09:00:14.969+0000] {logging_mixin.py:137} INFO - [2023-06-01T09:00:14.969+0000] {dag.py:2690} INFO - Sync 1 DAGs
[2023-06-01T09:00:14.992+0000] {logging_mixin.py:137} INFO - [2023-06-01T09:00:14.992+0000] {dag.py:3441} INFO - Setting next_dagrun for tutorial_taskflow_api to None, run_after=None
[2023-06-01T09:00:15.019+0000] {processor.py:175} INFO - Processing /home/airflow/.local/lib/python3.7/site-packages/airflow/example_dags/tutorial_taskflow_api.py took 0.115 seconds
[2023-06-01T09:00:45.448+0000] {processor.py:153} INFO - Started process (PID=2577) to work on /home/airflow/.local/lib/python3.7/site-packages/airflow/example_dags/tutorial_taskflow_api.py
[2023-06-01T09:00:45.449+0000] {processor.py:743} INFO - Processing file /home/airflow/.local/lib/python3.7/site-packages/airflow/example_dags/tutorial_taskflow_api.py for tasks to queue
[2023-06-01T09:00:45.450+0000] {logging_mixin.py:137} INFO - [2023-06-01T09:00:45.450+0000] {dagbag.py:538} INFO - Filling up the DagBag from /home/airflow/.local/lib/python3.7/site-packages/airflow/example_dags/tutorial_taskflow_api.py
[2023-06-01T09:00:45.473+0000] {processor.py:753} INFO - DAG(s) dict_keys(['tutorial_taskflow_api']) retrieved from /home/airflow/.local/lib/python3.7/site-packages/airflow/example_dags/tutorial_taskflow_api.py
[2023-06-01T09:00:45.503+0000] {logging_mixin.py:137} INFO - [2023-06-01T09:00:45.503+0000] {dag.py:2690} INFO - Sync 1 DAGs
[2023-06-01T09:00:45.534+0000] {logging_mixin.py:137} INFO - [2023-06-01T09:00:45.534+0000] {dag.py:3441} INFO - Setting next_dagrun for tutorial_taskflow_api to None, run_after=None
[2023-06-01T09:00:45.557+0000] {processor.py:175} INFO - Processing /home/airflow/.local/lib/python3.7/site-packages/airflow/example_dags/tutorial_taskflow_api.py took 0.114 seconds
[2023-06-01T09:01:16.355+0000] {processor.py:153} INFO - Started process (PID=2664) to work on /home/airflow/.local/lib/python3.7/site-packages/airflow/example_dags/tutorial_taskflow_api.py
[2023-06-01T09:01:16.356+0000] {processor.py:743} INFO - Processing file /home/airflow/.local/lib/python3.7/site-packages/airflow/example_dags/tutorial_taskflow_api.py for tasks to queue
[2023-06-01T09:01:16.357+0000] {logging_mixin.py:137} INFO - [2023-06-01T09:01:16.357+0000] {dagbag.py:538} INFO - Filling up the DagBag from /home/airflow/.local/lib/python3.7/site-packages/airflow/example_dags/tutorial_taskflow_api.py
[2023-06-01T09:01:16.382+0000] {processor.py:753} INFO - DAG(s) dict_keys(['tutorial_taskflow_api']) retrieved from /home/airflow/.local/lib/python3.7/site-packages/airflow/example_dags/tutorial_taskflow_api.py
[2023-06-01T09:01:16.415+0000] {logging_mixin.py:137} INFO - [2023-06-01T09:01:16.414+0000] {dag.py:2690} INFO - Sync 1 DAGs
[2023-06-01T09:01:16.442+0000] {logging_mixin.py:137} INFO - [2023-06-01T09:01:16.441+0000] {dag.py:3441} INFO - Setting next_dagrun for tutorial_taskflow_api to None, run_after=None
[2023-06-01T09:01:16.461+0000] {processor.py:175} INFO - Processing /home/airflow/.local/lib/python3.7/site-packages/airflow/example_dags/tutorial_taskflow_api.py took 0.110 seconds
[2023-06-01T09:01:47.180+0000] {processor.py:153} INFO - Started process (PID=2775) to work on /home/airflow/.local/lib/python3.7/site-packages/airflow/example_dags/tutorial_taskflow_api.py
[2023-06-01T09:01:47.181+0000] {processor.py:743} INFO - Processing file /home/airflow/.local/lib/python3.7/site-packages/airflow/example_dags/tutorial_taskflow_api.py for tasks to queue
[2023-06-01T09:01:47.182+0000] {logging_mixin.py:137} INFO - [2023-06-01T09:01:47.182+0000] {dagbag.py:538} INFO - Filling up the DagBag from /home/airflow/.local/lib/python3.7/site-packages/airflow/example_dags/tutorial_taskflow_api.py
[2023-06-01T09:01:47.204+0000] {processor.py:753} INFO - DAG(s) dict_keys(['tutorial_taskflow_api']) retrieved from /home/airflow/.local/lib/python3.7/site-packages/airflow/example_dags/tutorial_taskflow_api.py
[2023-06-01T09:01:47.234+0000] {logging_mixin.py:137} INFO - [2023-06-01T09:01:47.234+0000] {dag.py:2690} INFO - Sync 1 DAGs
[2023-06-01T09:01:47.261+0000] {logging_mixin.py:137} INFO - [2023-06-01T09:01:47.260+0000] {dag.py:3441} INFO - Setting next_dagrun for tutorial_taskflow_api to None, run_after=None
[2023-06-01T09:01:47.283+0000] {processor.py:175} INFO - Processing /home/airflow/.local/lib/python3.7/site-packages/airflow/example_dags/tutorial_taskflow_api.py took 0.106 seconds
[2023-06-01T09:02:17.493+0000] {processor.py:153} INFO - Started process (PID=2862) to work on /home/airflow/.local/lib/python3.7/site-packages/airflow/example_dags/tutorial_taskflow_api.py
[2023-06-01T09:02:17.494+0000] {processor.py:743} INFO - Processing file /home/airflow/.local/lib/python3.7/site-packages/airflow/example_dags/tutorial_taskflow_api.py for tasks to queue
[2023-06-01T09:02:17.495+0000] {logging_mixin.py:137} INFO - [2023-06-01T09:02:17.495+0000] {dagbag.py:538} INFO - Filling up the DagBag from /home/airflow/.local/lib/python3.7/site-packages/airflow/example_dags/tutorial_taskflow_api.py
[2023-06-01T09:02:17.516+0000] {processor.py:753} INFO - DAG(s) dict_keys(['tutorial_taskflow_api']) retrieved from /home/airflow/.local/lib/python3.7/site-packages/airflow/example_dags/tutorial_taskflow_api.py
[2023-06-01T09:02:17.542+0000] {logging_mixin.py:137} INFO - [2023-06-01T09:02:17.541+0000] {dag.py:2690} INFO - Sync 1 DAGs
[2023-06-01T09:02:17.565+0000] {logging_mixin.py:137} INFO - [2023-06-01T09:02:17.565+0000] {dag.py:3441} INFO - Setting next_dagrun for tutorial_taskflow_api to None, run_after=None
[2023-06-01T09:02:17.582+0000] {processor.py:175} INFO - Processing /home/airflow/.local/lib/python3.7/site-packages/airflow/example_dags/tutorial_taskflow_api.py took 0.092 seconds
[2023-06-01T09:02:47.730+0000] {processor.py:153} INFO - Started process (PID=2949) to work on /home/airflow/.local/lib/python3.7/site-packages/airflow/example_dags/tutorial_taskflow_api.py
[2023-06-01T09:02:47.732+0000] {processor.py:743} INFO - Processing file /home/airflow/.local/lib/python3.7/site-packages/airflow/example_dags/tutorial_taskflow_api.py for tasks to queue
[2023-06-01T09:02:47.732+0000] {logging_mixin.py:137} INFO - [2023-06-01T09:02:47.732+0000] {dagbag.py:538} INFO - Filling up the DagBag from /home/airflow/.local/lib/python3.7/site-packages/airflow/example_dags/tutorial_taskflow_api.py
[2023-06-01T09:02:47.753+0000] {processor.py:753} INFO - DAG(s) dict_keys(['tutorial_taskflow_api']) retrieved from /home/airflow/.local/lib/python3.7/site-packages/airflow/example_dags/tutorial_taskflow_api.py
[2023-06-01T09:02:47.785+0000] {logging_mixin.py:137} INFO - [2023-06-01T09:02:47.784+0000] {dag.py:2690} INFO - Sync 1 DAGs
[2023-06-01T09:02:47.812+0000] {logging_mixin.py:137} INFO - [2023-06-01T09:02:47.811+0000] {dag.py:3441} INFO - Setting next_dagrun for tutorial_taskflow_api to None, run_after=None
[2023-06-01T09:02:47.832+0000] {processor.py:175} INFO - Processing /home/airflow/.local/lib/python3.7/site-packages/airflow/example_dags/tutorial_taskflow_api.py took 0.105 seconds
[2023-06-01T09:03:18.346+0000] {processor.py:153} INFO - Started process (PID=3043) to work on /home/airflow/.local/lib/python3.7/site-packages/airflow/example_dags/tutorial_taskflow_api.py
[2023-06-01T09:03:18.347+0000] {processor.py:743} INFO - Processing file /home/airflow/.local/lib/python3.7/site-packages/airflow/example_dags/tutorial_taskflow_api.py for tasks to queue
[2023-06-01T09:03:18.347+0000] {logging_mixin.py:137} INFO - [2023-06-01T09:03:18.347+0000] {dagbag.py:538} INFO - Filling up the DagBag from /home/airflow/.local/lib/python3.7/site-packages/airflow/example_dags/tutorial_taskflow_api.py
[2023-06-01T09:03:18.369+0000] {processor.py:753} INFO - DAG(s) dict_keys(['tutorial_taskflow_api']) retrieved from /home/airflow/.local/lib/python3.7/site-packages/airflow/example_dags/tutorial_taskflow_api.py
[2023-06-01T09:03:18.399+0000] {logging_mixin.py:137} INFO - [2023-06-01T09:03:18.399+0000] {dag.py:2690} INFO - Sync 1 DAGs
[2023-06-01T09:03:18.427+0000] {logging_mixin.py:137} INFO - [2023-06-01T09:03:18.427+0000] {dag.py:3441} INFO - Setting next_dagrun for tutorial_taskflow_api to None, run_after=None
[2023-06-01T09:03:18.444+0000] {processor.py:175} INFO - Processing /home/airflow/.local/lib/python3.7/site-packages/airflow/example_dags/tutorial_taskflow_api.py took 0.102 seconds
[2023-06-01T09:03:49.186+0000] {processor.py:153} INFO - Started process (PID=3147) to work on /home/airflow/.local/lib/python3.7/site-packages/airflow/example_dags/tutorial_taskflow_api.py
[2023-06-01T09:03:49.187+0000] {processor.py:743} INFO - Processing file /home/airflow/.local/lib/python3.7/site-packages/airflow/example_dags/tutorial_taskflow_api.py for tasks to queue
[2023-06-01T09:03:49.188+0000] {logging_mixin.py:137} INFO - [2023-06-01T09:03:49.188+0000] {dagbag.py:538} INFO - Filling up the DagBag from /home/airflow/.local/lib/python3.7/site-packages/airflow/example_dags/tutorial_taskflow_api.py
[2023-06-01T09:03:49.208+0000] {processor.py:753} INFO - DAG(s) dict_keys(['tutorial_taskflow_api']) retrieved from /home/airflow/.local/lib/python3.7/site-packages/airflow/example_dags/tutorial_taskflow_api.py
[2023-06-01T09:03:49.234+0000] {logging_mixin.py:137} INFO - [2023-06-01T09:03:49.234+0000] {dag.py:2690} INFO - Sync 1 DAGs
[2023-06-01T09:03:49.259+0000] {logging_mixin.py:137} INFO - [2023-06-01T09:03:49.258+0000] {dag.py:3441} INFO - Setting next_dagrun for tutorial_taskflow_api to None, run_after=None
[2023-06-01T09:03:49.276+0000] {processor.py:175} INFO - Processing /home/airflow/.local/lib/python3.7/site-packages/airflow/example_dags/tutorial_taskflow_api.py took 0.093 seconds
[2023-06-01T09:04:19.348+0000] {processor.py:153} INFO - Started process (PID=3234) to work on /home/airflow/.local/lib/python3.7/site-packages/airflow/example_dags/tutorial_taskflow_api.py
[2023-06-01T09:04:19.349+0000] {processor.py:743} INFO - Processing file /home/airflow/.local/lib/python3.7/site-packages/airflow/example_dags/tutorial_taskflow_api.py for tasks to queue
[2023-06-01T09:04:19.350+0000] {logging_mixin.py:137} INFO - [2023-06-01T09:04:19.349+0000] {dagbag.py:538} INFO - Filling up the DagBag from /home/airflow/.local/lib/python3.7/site-packages/airflow/example_dags/tutorial_taskflow_api.py
[2023-06-01T09:04:19.373+0000] {processor.py:753} INFO - DAG(s) dict_keys(['tutorial_taskflow_api']) retrieved from /home/airflow/.local/lib/python3.7/site-packages/airflow/example_dags/tutorial_taskflow_api.py
[2023-06-01T09:04:19.435+0000] {logging_mixin.py:137} INFO - [2023-06-01T09:04:19.435+0000] {dag.py:2690} INFO - Sync 1 DAGs
[2023-06-01T09:04:19.470+0000] {logging_mixin.py:137} INFO - [2023-06-01T09:04:19.469+0000] {dag.py:3441} INFO - Setting next_dagrun for tutorial_taskflow_api to None, run_after=None
[2023-06-01T09:04:19.491+0000] {processor.py:175} INFO - Processing /home/airflow/.local/lib/python3.7/site-packages/airflow/example_dags/tutorial_taskflow_api.py took 0.146 seconds
[2023-06-01T09:04:50.160+0000] {processor.py:153} INFO - Started process (PID=3321) to work on /home/airflow/.local/lib/python3.7/site-packages/airflow/example_dags/tutorial_taskflow_api.py
[2023-06-01T09:04:50.162+0000] {processor.py:743} INFO - Processing file /home/airflow/.local/lib/python3.7/site-packages/airflow/example_dags/tutorial_taskflow_api.py for tasks to queue
[2023-06-01T09:04:50.163+0000] {logging_mixin.py:137} INFO - [2023-06-01T09:04:50.163+0000] {dagbag.py:538} INFO - Filling up the DagBag from /home/airflow/.local/lib/python3.7/site-packages/airflow/example_dags/tutorial_taskflow_api.py
[2023-06-01T09:04:50.188+0000] {processor.py:753} INFO - DAG(s) dict_keys(['tutorial_taskflow_api']) retrieved from /home/airflow/.local/lib/python3.7/site-packages/airflow/example_dags/tutorial_taskflow_api.py
[2023-06-01T09:04:50.221+0000] {logging_mixin.py:137} INFO - [2023-06-01T09:04:50.221+0000] {dag.py:2690} INFO - Sync 1 DAGs
[2023-06-01T09:04:50.252+0000] {logging_mixin.py:137} INFO - [2023-06-01T09:04:50.252+0000] {dag.py:3441} INFO - Setting next_dagrun for tutorial_taskflow_api to None, run_after=None
[2023-06-01T09:04:50.284+0000] {processor.py:175} INFO - Processing /home/airflow/.local/lib/python3.7/site-packages/airflow/example_dags/tutorial_taskflow_api.py took 0.129 seconds
[2023-06-01T09:05:21.827+0000] {processor.py:153} INFO - Started process (PID=3417) to work on /home/airflow/.local/lib/python3.7/site-packages/airflow/example_dags/tutorial_taskflow_api.py
[2023-06-01T09:05:21.828+0000] {processor.py:743} INFO - Processing file /home/airflow/.local/lib/python3.7/site-packages/airflow/example_dags/tutorial_taskflow_api.py for tasks to queue
[2023-06-01T09:05:21.829+0000] {logging_mixin.py:137} INFO - [2023-06-01T09:05:21.829+0000] {dagbag.py:538} INFO - Filling up the DagBag from /home/airflow/.local/lib/python3.7/site-packages/airflow/example_dags/tutorial_taskflow_api.py
[2023-06-01T09:05:21.858+0000] {processor.py:753} INFO - DAG(s) dict_keys(['tutorial_taskflow_api']) retrieved from /home/airflow/.local/lib/python3.7/site-packages/airflow/example_dags/tutorial_taskflow_api.py
[2023-06-01T09:05:21.898+0000] {logging_mixin.py:137} INFO - [2023-06-01T09:05:21.898+0000] {dag.py:2690} INFO - Sync 1 DAGs
[2023-06-01T09:05:21.934+0000] {logging_mixin.py:137} INFO - [2023-06-01T09:05:21.933+0000] {dag.py:3441} INFO - Setting next_dagrun for tutorial_taskflow_api to None, run_after=None
[2023-06-01T09:05:21.962+0000] {processor.py:175} INFO - Processing /home/airflow/.local/lib/python3.7/site-packages/airflow/example_dags/tutorial_taskflow_api.py took 0.140 seconds
[2023-06-01T09:05:52.189+0000] {processor.py:153} INFO - Started process (PID=3519) to work on /home/airflow/.local/lib/python3.7/site-packages/airflow/example_dags/tutorial_taskflow_api.py
[2023-06-01T09:05:52.192+0000] {processor.py:743} INFO - Processing file /home/airflow/.local/lib/python3.7/site-packages/airflow/example_dags/tutorial_taskflow_api.py for tasks to queue
[2023-06-01T09:05:52.194+0000] {logging_mixin.py:137} INFO - [2023-06-01T09:05:52.194+0000] {dagbag.py:538} INFO - Filling up the DagBag from /home/airflow/.local/lib/python3.7/site-packages/airflow/example_dags/tutorial_taskflow_api.py
[2023-06-01T09:05:52.224+0000] {processor.py:753} INFO - DAG(s) dict_keys(['tutorial_taskflow_api']) retrieved from /home/airflow/.local/lib/python3.7/site-packages/airflow/example_dags/tutorial_taskflow_api.py
[2023-06-01T09:05:52.269+0000] {logging_mixin.py:137} INFO - [2023-06-01T09:05:52.268+0000] {dag.py:2690} INFO - Sync 1 DAGs
[2023-06-01T09:05:52.310+0000] {logging_mixin.py:137} INFO - [2023-06-01T09:05:52.309+0000] {dag.py:3441} INFO - Setting next_dagrun for tutorial_taskflow_api to None, run_after=None
[2023-06-01T09:05:52.349+0000] {processor.py:175} INFO - Processing /home/airflow/.local/lib/python3.7/site-packages/airflow/example_dags/tutorial_taskflow_api.py took 0.164 seconds
[2023-06-01T09:06:22.919+0000] {processor.py:153} INFO - Started process (PID=3606) to work on /home/airflow/.local/lib/python3.7/site-packages/airflow/example_dags/tutorial_taskflow_api.py
[2023-06-01T09:06:22.920+0000] {processor.py:743} INFO - Processing file /home/airflow/.local/lib/python3.7/site-packages/airflow/example_dags/tutorial_taskflow_api.py for tasks to queue
[2023-06-01T09:06:22.921+0000] {logging_mixin.py:137} INFO - [2023-06-01T09:06:22.921+0000] {dagbag.py:538} INFO - Filling up the DagBag from /home/airflow/.local/lib/python3.7/site-packages/airflow/example_dags/tutorial_taskflow_api.py
[2023-06-01T09:06:22.948+0000] {processor.py:753} INFO - DAG(s) dict_keys(['tutorial_taskflow_api']) retrieved from /home/airflow/.local/lib/python3.7/site-packages/airflow/example_dags/tutorial_taskflow_api.py
[2023-06-01T09:06:22.994+0000] {logging_mixin.py:137} INFO - [2023-06-01T09:06:22.994+0000] {dag.py:2690} INFO - Sync 1 DAGs
[2023-06-01T09:06:23.026+0000] {logging_mixin.py:137} INFO - [2023-06-01T09:06:23.026+0000] {dag.py:3441} INFO - Setting next_dagrun for tutorial_taskflow_api to None, run_after=None
[2023-06-01T09:06:23.061+0000] {processor.py:175} INFO - Processing /home/airflow/.local/lib/python3.7/site-packages/airflow/example_dags/tutorial_taskflow_api.py took 0.146 seconds
[2023-06-01T09:06:53.892+0000] {processor.py:153} INFO - Started process (PID=3693) to work on /home/airflow/.local/lib/python3.7/site-packages/airflow/example_dags/tutorial_taskflow_api.py
[2023-06-01T09:06:53.894+0000] {processor.py:743} INFO - Processing file /home/airflow/.local/lib/python3.7/site-packages/airflow/example_dags/tutorial_taskflow_api.py for tasks to queue
[2023-06-01T09:06:53.896+0000] {logging_mixin.py:137} INFO - [2023-06-01T09:06:53.895+0000] {dagbag.py:538} INFO - Filling up the DagBag from /home/airflow/.local/lib/python3.7/site-packages/airflow/example_dags/tutorial_taskflow_api.py
[2023-06-01T09:06:53.922+0000] {processor.py:753} INFO - DAG(s) dict_keys(['tutorial_taskflow_api']) retrieved from /home/airflow/.local/lib/python3.7/site-packages/airflow/example_dags/tutorial_taskflow_api.py
[2023-06-01T09:06:53.958+0000] {logging_mixin.py:137} INFO - [2023-06-01T09:06:53.958+0000] {dag.py:2690} INFO - Sync 1 DAGs
[2023-06-01T09:06:53.997+0000] {logging_mixin.py:137} INFO - [2023-06-01T09:06:53.997+0000] {dag.py:3441} INFO - Setting next_dagrun for tutorial_taskflow_api to None, run_after=None
[2023-06-01T09:06:54.035+0000] {processor.py:175} INFO - Processing /home/airflow/.local/lib/python3.7/site-packages/airflow/example_dags/tutorial_taskflow_api.py took 0.147 seconds
[2023-06-01T09:07:24.827+0000] {processor.py:153} INFO - Started process (PID=3780) to work on /home/airflow/.local/lib/python3.7/site-packages/airflow/example_dags/tutorial_taskflow_api.py
[2023-06-01T09:07:24.828+0000] {processor.py:743} INFO - Processing file /home/airflow/.local/lib/python3.7/site-packages/airflow/example_dags/tutorial_taskflow_api.py for tasks to queue
[2023-06-01T09:07:24.829+0000] {logging_mixin.py:137} INFO - [2023-06-01T09:07:24.828+0000] {dagbag.py:538} INFO - Filling up the DagBag from /home/airflow/.local/lib/python3.7/site-packages/airflow/example_dags/tutorial_taskflow_api.py
[2023-06-01T09:07:24.852+0000] {processor.py:753} INFO - DAG(s) dict_keys(['tutorial_taskflow_api']) retrieved from /home/airflow/.local/lib/python3.7/site-packages/airflow/example_dags/tutorial_taskflow_api.py
[2023-06-01T09:07:24.880+0000] {logging_mixin.py:137} INFO - [2023-06-01T09:07:24.880+0000] {dag.py:2690} INFO - Sync 1 DAGs
[2023-06-01T09:07:24.907+0000] {logging_mixin.py:137} INFO - [2023-06-01T09:07:24.907+0000] {dag.py:3441} INFO - Setting next_dagrun for tutorial_taskflow_api to None, run_after=None
[2023-06-01T09:07:24.935+0000] {processor.py:175} INFO - Processing /home/airflow/.local/lib/python3.7/site-packages/airflow/example_dags/tutorial_taskflow_api.py took 0.112 seconds
[2023-06-01T09:07:55.670+0000] {processor.py:153} INFO - Started process (PID=3876) to work on /home/airflow/.local/lib/python3.7/site-packages/airflow/example_dags/tutorial_taskflow_api.py
[2023-06-01T09:07:55.672+0000] {processor.py:743} INFO - Processing file /home/airflow/.local/lib/python3.7/site-packages/airflow/example_dags/tutorial_taskflow_api.py for tasks to queue
[2023-06-01T09:07:55.673+0000] {logging_mixin.py:137} INFO - [2023-06-01T09:07:55.673+0000] {dagbag.py:538} INFO - Filling up the DagBag from /home/airflow/.local/lib/python3.7/site-packages/airflow/example_dags/tutorial_taskflow_api.py
[2023-06-01T09:07:55.697+0000] {processor.py:753} INFO - DAG(s) dict_keys(['tutorial_taskflow_api']) retrieved from /home/airflow/.local/lib/python3.7/site-packages/airflow/example_dags/tutorial_taskflow_api.py
[2023-06-01T09:07:55.733+0000] {logging_mixin.py:137} INFO - [2023-06-01T09:07:55.732+0000] {dag.py:2690} INFO - Sync 1 DAGs
[2023-06-01T09:07:55.760+0000] {logging_mixin.py:137} INFO - [2023-06-01T09:07:55.759+0000] {dag.py:3441} INFO - Setting next_dagrun for tutorial_taskflow_api to None, run_after=None
[2023-06-01T09:07:55.789+0000] {processor.py:175} INFO - Processing /home/airflow/.local/lib/python3.7/site-packages/airflow/example_dags/tutorial_taskflow_api.py took 0.123 seconds
[2023-06-01T09:08:26.512+0000] {processor.py:153} INFO - Started process (PID=3978) to work on /home/airflow/.local/lib/python3.7/site-packages/airflow/example_dags/tutorial_taskflow_api.py
[2023-06-01T09:08:26.513+0000] {processor.py:743} INFO - Processing file /home/airflow/.local/lib/python3.7/site-packages/airflow/example_dags/tutorial_taskflow_api.py for tasks to queue
[2023-06-01T09:08:26.514+0000] {logging_mixin.py:137} INFO - [2023-06-01T09:08:26.514+0000] {dagbag.py:538} INFO - Filling up the DagBag from /home/airflow/.local/lib/python3.7/site-packages/airflow/example_dags/tutorial_taskflow_api.py
[2023-06-01T09:08:26.543+0000] {processor.py:753} INFO - DAG(s) dict_keys(['tutorial_taskflow_api']) retrieved from /home/airflow/.local/lib/python3.7/site-packages/airflow/example_dags/tutorial_taskflow_api.py
[2023-06-01T09:08:26.586+0000] {logging_mixin.py:137} INFO - [2023-06-01T09:08:26.586+0000] {dag.py:2690} INFO - Sync 1 DAGs
[2023-06-01T09:08:26.621+0000] {logging_mixin.py:137} INFO - [2023-06-01T09:08:26.621+0000] {dag.py:3441} INFO - Setting next_dagrun for tutorial_taskflow_api to None, run_after=None
[2023-06-01T09:08:26.643+0000] {processor.py:175} INFO - Processing /home/airflow/.local/lib/python3.7/site-packages/airflow/example_dags/tutorial_taskflow_api.py took 0.135 seconds
[2023-06-01T09:08:56.911+0000] {processor.py:153} INFO - Started process (PID=4065) to work on /home/airflow/.local/lib/python3.7/site-packages/airflow/example_dags/tutorial_taskflow_api.py
[2023-06-01T09:08:56.913+0000] {processor.py:743} INFO - Processing file /home/airflow/.local/lib/python3.7/site-packages/airflow/example_dags/tutorial_taskflow_api.py for tasks to queue
[2023-06-01T09:08:56.913+0000] {logging_mixin.py:137} INFO - [2023-06-01T09:08:56.913+0000] {dagbag.py:538} INFO - Filling up the DagBag from /home/airflow/.local/lib/python3.7/site-packages/airflow/example_dags/tutorial_taskflow_api.py
[2023-06-01T09:08:56.935+0000] {processor.py:753} INFO - DAG(s) dict_keys(['tutorial_taskflow_api']) retrieved from /home/airflow/.local/lib/python3.7/site-packages/airflow/example_dags/tutorial_taskflow_api.py
[2023-06-01T09:08:56.970+0000] {logging_mixin.py:137} INFO - [2023-06-01T09:08:56.970+0000] {dag.py:2690} INFO - Sync 1 DAGs
[2023-06-01T09:08:57.003+0000] {logging_mixin.py:137} INFO - [2023-06-01T09:08:57.003+0000] {dag.py:3441} INFO - Setting next_dagrun for tutorial_taskflow_api to None, run_after=None
[2023-06-01T09:08:57.034+0000] {processor.py:175} INFO - Processing /home/airflow/.local/lib/python3.7/site-packages/airflow/example_dags/tutorial_taskflow_api.py took 0.128 seconds
[2023-06-01T09:09:27.433+0000] {processor.py:153} INFO - Started process (PID=4152) to work on /home/airflow/.local/lib/python3.7/site-packages/airflow/example_dags/tutorial_taskflow_api.py
[2023-06-01T09:09:27.433+0000] {processor.py:743} INFO - Processing file /home/airflow/.local/lib/python3.7/site-packages/airflow/example_dags/tutorial_taskflow_api.py for tasks to queue
[2023-06-01T09:09:27.434+0000] {logging_mixin.py:137} INFO - [2023-06-01T09:09:27.434+0000] {dagbag.py:538} INFO - Filling up the DagBag from /home/airflow/.local/lib/python3.7/site-packages/airflow/example_dags/tutorial_taskflow_api.py
[2023-06-01T09:09:27.455+0000] {processor.py:753} INFO - DAG(s) dict_keys(['tutorial_taskflow_api']) retrieved from /home/airflow/.local/lib/python3.7/site-packages/airflow/example_dags/tutorial_taskflow_api.py
[2023-06-01T09:09:27.488+0000] {logging_mixin.py:137} INFO - [2023-06-01T09:09:27.488+0000] {dag.py:2690} INFO - Sync 1 DAGs
[2023-06-01T09:09:27.520+0000] {logging_mixin.py:137} INFO - [2023-06-01T09:09:27.520+0000] {dag.py:3441} INFO - Setting next_dagrun for tutorial_taskflow_api to None, run_after=None
[2023-06-01T09:09:27.541+0000] {processor.py:175} INFO - Processing /home/airflow/.local/lib/python3.7/site-packages/airflow/example_dags/tutorial_taskflow_api.py took 0.111 seconds
[2023-06-01T09:09:58.474+0000] {processor.py:153} INFO - Started process (PID=4263) to work on /home/airflow/.local/lib/python3.7/site-packages/airflow/example_dags/tutorial_taskflow_api.py
[2023-06-01T09:09:58.476+0000] {processor.py:743} INFO - Processing file /home/airflow/.local/lib/python3.7/site-packages/airflow/example_dags/tutorial_taskflow_api.py for tasks to queue
[2023-06-01T09:09:58.477+0000] {logging_mixin.py:137} INFO - [2023-06-01T09:09:58.477+0000] {dagbag.py:538} INFO - Filling up the DagBag from /home/airflow/.local/lib/python3.7/site-packages/airflow/example_dags/tutorial_taskflow_api.py
[2023-06-01T09:09:58.500+0000] {processor.py:753} INFO - DAG(s) dict_keys(['tutorial_taskflow_api']) retrieved from /home/airflow/.local/lib/python3.7/site-packages/airflow/example_dags/tutorial_taskflow_api.py
[2023-06-01T09:09:58.539+0000] {logging_mixin.py:137} INFO - [2023-06-01T09:09:58.539+0000] {dag.py:2690} INFO - Sync 1 DAGs
[2023-06-01T09:09:58.570+0000] {logging_mixin.py:137} INFO - [2023-06-01T09:09:58.570+0000] {dag.py:3441} INFO - Setting next_dagrun for tutorial_taskflow_api to None, run_after=None
[2023-06-01T09:09:58.594+0000] {processor.py:175} INFO - Processing /home/airflow/.local/lib/python3.7/site-packages/airflow/example_dags/tutorial_taskflow_api.py took 0.124 seconds
[2023-06-01T09:10:28.929+0000] {processor.py:153} INFO - Started process (PID=4350) to work on /home/airflow/.local/lib/python3.7/site-packages/airflow/example_dags/tutorial_taskflow_api.py
[2023-06-01T09:10:28.930+0000] {processor.py:743} INFO - Processing file /home/airflow/.local/lib/python3.7/site-packages/airflow/example_dags/tutorial_taskflow_api.py for tasks to queue
[2023-06-01T09:10:28.931+0000] {logging_mixin.py:137} INFO - [2023-06-01T09:10:28.931+0000] {dagbag.py:538} INFO - Filling up the DagBag from /home/airflow/.local/lib/python3.7/site-packages/airflow/example_dags/tutorial_taskflow_api.py
[2023-06-01T09:10:28.957+0000] {processor.py:753} INFO - DAG(s) dict_keys(['tutorial_taskflow_api']) retrieved from /home/airflow/.local/lib/python3.7/site-packages/airflow/example_dags/tutorial_taskflow_api.py
[2023-06-01T09:10:28.987+0000] {logging_mixin.py:137} INFO - [2023-06-01T09:10:28.987+0000] {dag.py:2690} INFO - Sync 1 DAGs
[2023-06-01T09:10:29.014+0000] {logging_mixin.py:137} INFO - [2023-06-01T09:10:29.014+0000] {dag.py:3441} INFO - Setting next_dagrun for tutorial_taskflow_api to None, run_after=None
[2023-06-01T09:10:29.035+0000] {processor.py:175} INFO - Processing /home/airflow/.local/lib/python3.7/site-packages/airflow/example_dags/tutorial_taskflow_api.py took 0.111 seconds
[2023-06-01T09:10:59.151+0000] {processor.py:153} INFO - Started process (PID=4437) to work on /home/airflow/.local/lib/python3.7/site-packages/airflow/example_dags/tutorial_taskflow_api.py
[2023-06-01T09:10:59.153+0000] {processor.py:743} INFO - Processing file /home/airflow/.local/lib/python3.7/site-packages/airflow/example_dags/tutorial_taskflow_api.py for tasks to queue
[2023-06-01T09:10:59.154+0000] {logging_mixin.py:137} INFO - [2023-06-01T09:10:59.154+0000] {dagbag.py:538} INFO - Filling up the DagBag from /home/airflow/.local/lib/python3.7/site-packages/airflow/example_dags/tutorial_taskflow_api.py
[2023-06-01T09:10:59.178+0000] {processor.py:753} INFO - DAG(s) dict_keys(['tutorial_taskflow_api']) retrieved from /home/airflow/.local/lib/python3.7/site-packages/airflow/example_dags/tutorial_taskflow_api.py
[2023-06-01T09:10:59.210+0000] {logging_mixin.py:137} INFO - [2023-06-01T09:10:59.210+0000] {dag.py:2690} INFO - Sync 1 DAGs
[2023-06-01T09:10:59.238+0000] {logging_mixin.py:137} INFO - [2023-06-01T09:10:59.237+0000] {dag.py:3441} INFO - Setting next_dagrun for tutorial_taskflow_api to None, run_after=None
[2023-06-01T09:10:59.259+0000] {processor.py:175} INFO - Processing /home/airflow/.local/lib/python3.7/site-packages/airflow/example_dags/tutorial_taskflow_api.py took 0.113 seconds
[2023-06-01T09:11:29.524+0000] {processor.py:153} INFO - Started process (PID=4524) to work on /home/airflow/.local/lib/python3.7/site-packages/airflow/example_dags/tutorial_taskflow_api.py
[2023-06-01T09:11:29.525+0000] {processor.py:743} INFO - Processing file /home/airflow/.local/lib/python3.7/site-packages/airflow/example_dags/tutorial_taskflow_api.py for tasks to queue
[2023-06-01T09:11:29.526+0000] {logging_mixin.py:137} INFO - [2023-06-01T09:11:29.526+0000] {dagbag.py:538} INFO - Filling up the DagBag from /home/airflow/.local/lib/python3.7/site-packages/airflow/example_dags/tutorial_taskflow_api.py
[2023-06-01T09:11:29.547+0000] {processor.py:753} INFO - DAG(s) dict_keys(['tutorial_taskflow_api']) retrieved from /home/airflow/.local/lib/python3.7/site-packages/airflow/example_dags/tutorial_taskflow_api.py
[2023-06-01T09:11:29.582+0000] {logging_mixin.py:137} INFO - [2023-06-01T09:11:29.582+0000] {dag.py:2690} INFO - Sync 1 DAGs
[2023-06-01T09:11:29.612+0000] {logging_mixin.py:137} INFO - [2023-06-01T09:11:29.611+0000] {dag.py:3441} INFO - Setting next_dagrun for tutorial_taskflow_api to None, run_after=None
[2023-06-01T09:11:29.632+0000] {processor.py:175} INFO - Processing /home/airflow/.local/lib/python3.7/site-packages/airflow/example_dags/tutorial_taskflow_api.py took 0.111 seconds
[2023-06-01T09:12:00.031+0000] {processor.py:153} INFO - Started process (PID=4635) to work on /home/airflow/.local/lib/python3.7/site-packages/airflow/example_dags/tutorial_taskflow_api.py
[2023-06-01T09:12:00.033+0000] {processor.py:743} INFO - Processing file /home/airflow/.local/lib/python3.7/site-packages/airflow/example_dags/tutorial_taskflow_api.py for tasks to queue
[2023-06-01T09:12:00.034+0000] {logging_mixin.py:137} INFO - [2023-06-01T09:12:00.033+0000] {dagbag.py:538} INFO - Filling up the DagBag from /home/airflow/.local/lib/python3.7/site-packages/airflow/example_dags/tutorial_taskflow_api.py
[2023-06-01T09:12:00.055+0000] {processor.py:753} INFO - DAG(s) dict_keys(['tutorial_taskflow_api']) retrieved from /home/airflow/.local/lib/python3.7/site-packages/airflow/example_dags/tutorial_taskflow_api.py
[2023-06-01T09:12:00.088+0000] {logging_mixin.py:137} INFO - [2023-06-01T09:12:00.088+0000] {dag.py:2690} INFO - Sync 1 DAGs
[2023-06-01T09:12:00.113+0000] {logging_mixin.py:137} INFO - [2023-06-01T09:12:00.113+0000] {dag.py:3441} INFO - Setting next_dagrun for tutorial_taskflow_api to None, run_after=None
[2023-06-01T09:12:00.133+0000] {processor.py:175} INFO - Processing /home/airflow/.local/lib/python3.7/site-packages/airflow/example_dags/tutorial_taskflow_api.py took 0.105 seconds
[2023-06-01T09:12:30.933+0000] {processor.py:153} INFO - Started process (PID=4722) to work on /home/airflow/.local/lib/python3.7/site-packages/airflow/example_dags/tutorial_taskflow_api.py
[2023-06-01T09:12:30.934+0000] {processor.py:743} INFO - Processing file /home/airflow/.local/lib/python3.7/site-packages/airflow/example_dags/tutorial_taskflow_api.py for tasks to queue
[2023-06-01T09:12:30.935+0000] {logging_mixin.py:137} INFO - [2023-06-01T09:12:30.935+0000] {dagbag.py:538} INFO - Filling up the DagBag from /home/airflow/.local/lib/python3.7/site-packages/airflow/example_dags/tutorial_taskflow_api.py
[2023-06-01T09:12:30.958+0000] {processor.py:753} INFO - DAG(s) dict_keys(['tutorial_taskflow_api']) retrieved from /home/airflow/.local/lib/python3.7/site-packages/airflow/example_dags/tutorial_taskflow_api.py
[2023-06-01T09:12:31.032+0000] {logging_mixin.py:137} INFO - [2023-06-01T09:12:31.031+0000] {dag.py:2690} INFO - Sync 1 DAGs
[2023-06-01T09:12:31.056+0000] {logging_mixin.py:137} INFO - [2023-06-01T09:12:31.056+0000] {dag.py:3441} INFO - Setting next_dagrun for tutorial_taskflow_api to None, run_after=None
[2023-06-01T09:12:31.078+0000] {processor.py:175} INFO - Processing /home/airflow/.local/lib/python3.7/site-packages/airflow/example_dags/tutorial_taskflow_api.py took 0.149 seconds
