[2023-06-01T08:47:27.600+0000] {processor.py:153} INFO - Started process (PID=122) to work on /home/airflow/.local/lib/python3.7/site-packages/airflow/example_dags/tutorial_dag.py
[2023-06-01T08:47:27.601+0000] {processor.py:743} INFO - Processing file /home/airflow/.local/lib/python3.7/site-packages/airflow/example_dags/tutorial_dag.py for tasks to queue
[2023-06-01T08:47:27.602+0000] {logging_mixin.py:137} INFO - [2023-06-01T08:47:27.601+0000] {dagbag.py:538} INFO - Filling up the DagBag from /home/airflow/.local/lib/python3.7/site-packages/airflow/example_dags/tutorial_dag.py
[2023-06-01T08:47:27.618+0000] {processor.py:753} INFO - DAG(s) dict_keys(['tutorial_dag']) retrieved from /home/airflow/.local/lib/python3.7/site-packages/airflow/example_dags/tutorial_dag.py
[2023-06-01T08:47:27.635+0000] {logging_mixin.py:137} INFO - [2023-06-01T08:47:27.635+0000] {dag.py:2690} INFO - Sync 1 DAGs
[2023-06-01T08:47:27.666+0000] {logging_mixin.py:137} INFO - [2023-06-01T08:47:27.666+0000] {dag.py:3441} INFO - Setting next_dagrun for tutorial_dag to None, run_after=None
[2023-06-01T08:47:27.690+0000] {processor.py:175} INFO - Processing /home/airflow/.local/lib/python3.7/site-packages/airflow/example_dags/tutorial_dag.py took 0.093 seconds
[2023-06-01T08:47:57.761+0000] {processor.py:153} INFO - Started process (PID=209) to work on /home/airflow/.local/lib/python3.7/site-packages/airflow/example_dags/tutorial_dag.py
[2023-06-01T08:47:57.762+0000] {processor.py:743} INFO - Processing file /home/airflow/.local/lib/python3.7/site-packages/airflow/example_dags/tutorial_dag.py for tasks to queue
[2023-06-01T08:47:57.763+0000] {logging_mixin.py:137} INFO - [2023-06-01T08:47:57.763+0000] {dagbag.py:538} INFO - Filling up the DagBag from /home/airflow/.local/lib/python3.7/site-packages/airflow/example_dags/tutorial_dag.py
[2023-06-01T08:47:57.774+0000] {processor.py:753} INFO - DAG(s) dict_keys(['tutorial_dag']) retrieved from /home/airflow/.local/lib/python3.7/site-packages/airflow/example_dags/tutorial_dag.py
[2023-06-01T08:47:57.797+0000] {logging_mixin.py:137} INFO - [2023-06-01T08:47:57.797+0000] {dag.py:2690} INFO - Sync 1 DAGs
[2023-06-01T08:47:57.822+0000] {logging_mixin.py:137} INFO - [2023-06-01T08:47:57.821+0000] {dag.py:3441} INFO - Setting next_dagrun for tutorial_dag to None, run_after=None
[2023-06-01T08:47:57.838+0000] {processor.py:175} INFO - Processing /home/airflow/.local/lib/python3.7/site-packages/airflow/example_dags/tutorial_dag.py took 0.079 seconds
[2023-06-01T08:48:28.683+0000] {processor.py:153} INFO - Started process (PID=296) to work on /home/airflow/.local/lib/python3.7/site-packages/airflow/example_dags/tutorial_dag.py
[2023-06-01T08:48:28.684+0000] {processor.py:743} INFO - Processing file /home/airflow/.local/lib/python3.7/site-packages/airflow/example_dags/tutorial_dag.py for tasks to queue
[2023-06-01T08:48:28.685+0000] {logging_mixin.py:137} INFO - [2023-06-01T08:48:28.685+0000] {dagbag.py:538} INFO - Filling up the DagBag from /home/airflow/.local/lib/python3.7/site-packages/airflow/example_dags/tutorial_dag.py
[2023-06-01T08:48:28.698+0000] {processor.py:753} INFO - DAG(s) dict_keys(['tutorial_dag']) retrieved from /home/airflow/.local/lib/python3.7/site-packages/airflow/example_dags/tutorial_dag.py
[2023-06-01T08:48:28.725+0000] {logging_mixin.py:137} INFO - [2023-06-01T08:48:28.725+0000] {dag.py:2690} INFO - Sync 1 DAGs
[2023-06-01T08:48:28.759+0000] {logging_mixin.py:137} INFO - [2023-06-01T08:48:28.759+0000] {dag.py:3441} INFO - Setting next_dagrun for tutorial_dag to None, run_after=None
[2023-06-01T08:48:28.779+0000] {processor.py:175} INFO - Processing /home/airflow/.local/lib/python3.7/site-packages/airflow/example_dags/tutorial_dag.py took 0.099 seconds
[2023-06-01T08:48:59.703+0000] {processor.py:153} INFO - Started process (PID=407) to work on /home/airflow/.local/lib/python3.7/site-packages/airflow/example_dags/tutorial_dag.py
[2023-06-01T08:48:59.703+0000] {processor.py:743} INFO - Processing file /home/airflow/.local/lib/python3.7/site-packages/airflow/example_dags/tutorial_dag.py for tasks to queue
[2023-06-01T08:48:59.704+0000] {logging_mixin.py:137} INFO - [2023-06-01T08:48:59.704+0000] {dagbag.py:538} INFO - Filling up the DagBag from /home/airflow/.local/lib/python3.7/site-packages/airflow/example_dags/tutorial_dag.py
[2023-06-01T08:48:59.717+0000] {processor.py:753} INFO - DAG(s) dict_keys(['tutorial_dag']) retrieved from /home/airflow/.local/lib/python3.7/site-packages/airflow/example_dags/tutorial_dag.py
[2023-06-01T08:48:59.746+0000] {logging_mixin.py:137} INFO - [2023-06-01T08:48:59.746+0000] {dag.py:2690} INFO - Sync 1 DAGs
[2023-06-01T08:48:59.770+0000] {logging_mixin.py:137} INFO - [2023-06-01T08:48:59.770+0000] {dag.py:3441} INFO - Setting next_dagrun for tutorial_dag to None, run_after=None
[2023-06-01T08:48:59.788+0000] {processor.py:175} INFO - Processing /home/airflow/.local/lib/python3.7/site-packages/airflow/example_dags/tutorial_dag.py took 0.088 seconds
[2023-06-01T08:49:31.220+0000] {processor.py:153} INFO - Started process (PID=494) to work on /home/airflow/.local/lib/python3.7/site-packages/airflow/example_dags/tutorial_dag.py
[2023-06-01T08:49:31.222+0000] {processor.py:743} INFO - Processing file /home/airflow/.local/lib/python3.7/site-packages/airflow/example_dags/tutorial_dag.py for tasks to queue
[2023-06-01T08:49:31.222+0000] {logging_mixin.py:137} INFO - [2023-06-01T08:49:31.222+0000] {dagbag.py:538} INFO - Filling up the DagBag from /home/airflow/.local/lib/python3.7/site-packages/airflow/example_dags/tutorial_dag.py
[2023-06-01T08:49:31.236+0000] {processor.py:753} INFO - DAG(s) dict_keys(['tutorial_dag']) retrieved from /home/airflow/.local/lib/python3.7/site-packages/airflow/example_dags/tutorial_dag.py
[2023-06-01T08:49:31.261+0000] {logging_mixin.py:137} INFO - [2023-06-01T08:49:31.260+0000] {dag.py:2690} INFO - Sync 1 DAGs
[2023-06-01T08:49:31.283+0000] {logging_mixin.py:137} INFO - [2023-06-01T08:49:31.283+0000] {dag.py:3441} INFO - Setting next_dagrun for tutorial_dag to None, run_after=None
[2023-06-01T08:49:31.302+0000] {processor.py:175} INFO - Processing /home/airflow/.local/lib/python3.7/site-packages/airflow/example_dags/tutorial_dag.py took 0.086 seconds
[2023-06-01T08:50:01.693+0000] {processor.py:153} INFO - Started process (PID=605) to work on /home/airflow/.local/lib/python3.7/site-packages/airflow/example_dags/tutorial_dag.py
[2023-06-01T08:50:01.694+0000] {processor.py:743} INFO - Processing file /home/airflow/.local/lib/python3.7/site-packages/airflow/example_dags/tutorial_dag.py for tasks to queue
[2023-06-01T08:50:01.695+0000] {logging_mixin.py:137} INFO - [2023-06-01T08:50:01.694+0000] {dagbag.py:538} INFO - Filling up the DagBag from /home/airflow/.local/lib/python3.7/site-packages/airflow/example_dags/tutorial_dag.py
[2023-06-01T08:50:01.710+0000] {processor.py:753} INFO - DAG(s) dict_keys(['tutorial_dag']) retrieved from /home/airflow/.local/lib/python3.7/site-packages/airflow/example_dags/tutorial_dag.py
[2023-06-01T08:50:01.739+0000] {logging_mixin.py:137} INFO - [2023-06-01T08:50:01.739+0000] {dag.py:2690} INFO - Sync 1 DAGs
[2023-06-01T08:50:01.766+0000] {logging_mixin.py:137} INFO - [2023-06-01T08:50:01.766+0000] {dag.py:3441} INFO - Setting next_dagrun for tutorial_dag to None, run_after=None
[2023-06-01T08:50:01.788+0000] {processor.py:175} INFO - Processing /home/airflow/.local/lib/python3.7/site-packages/airflow/example_dags/tutorial_dag.py took 0.098 seconds
[2023-06-01T08:50:32.124+0000] {processor.py:153} INFO - Started process (PID=692) to work on /home/airflow/.local/lib/python3.7/site-packages/airflow/example_dags/tutorial_dag.py
[2023-06-01T08:50:32.126+0000] {processor.py:743} INFO - Processing file /home/airflow/.local/lib/python3.7/site-packages/airflow/example_dags/tutorial_dag.py for tasks to queue
[2023-06-01T08:50:32.127+0000] {logging_mixin.py:137} INFO - [2023-06-01T08:50:32.126+0000] {dagbag.py:538} INFO - Filling up the DagBag from /home/airflow/.local/lib/python3.7/site-packages/airflow/example_dags/tutorial_dag.py
[2023-06-01T08:50:32.140+0000] {processor.py:753} INFO - DAG(s) dict_keys(['tutorial_dag']) retrieved from /home/airflow/.local/lib/python3.7/site-packages/airflow/example_dags/tutorial_dag.py
[2023-06-01T08:50:32.165+0000] {logging_mixin.py:137} INFO - [2023-06-01T08:50:32.164+0000] {dag.py:2690} INFO - Sync 1 DAGs
[2023-06-01T08:50:32.188+0000] {logging_mixin.py:137} INFO - [2023-06-01T08:50:32.188+0000] {dag.py:3441} INFO - Setting next_dagrun for tutorial_dag to None, run_after=None
[2023-06-01T08:50:32.204+0000] {processor.py:175} INFO - Processing /home/airflow/.local/lib/python3.7/site-packages/airflow/example_dags/tutorial_dag.py took 0.084 seconds
[2023-06-01T08:51:02.432+0000] {processor.py:153} INFO - Started process (PID=779) to work on /home/airflow/.local/lib/python3.7/site-packages/airflow/example_dags/tutorial_dag.py
[2023-06-01T08:51:02.432+0000] {processor.py:743} INFO - Processing file /home/airflow/.local/lib/python3.7/site-packages/airflow/example_dags/tutorial_dag.py for tasks to queue
[2023-06-01T08:51:02.433+0000] {logging_mixin.py:137} INFO - [2023-06-01T08:51:02.433+0000] {dagbag.py:538} INFO - Filling up the DagBag from /home/airflow/.local/lib/python3.7/site-packages/airflow/example_dags/tutorial_dag.py
[2023-06-01T08:51:02.446+0000] {processor.py:753} INFO - DAG(s) dict_keys(['tutorial_dag']) retrieved from /home/airflow/.local/lib/python3.7/site-packages/airflow/example_dags/tutorial_dag.py
[2023-06-01T08:51:02.473+0000] {logging_mixin.py:137} INFO - [2023-06-01T08:51:02.473+0000] {dag.py:2690} INFO - Sync 1 DAGs
[2023-06-01T08:51:02.497+0000] {logging_mixin.py:137} INFO - [2023-06-01T08:51:02.497+0000] {dag.py:3441} INFO - Setting next_dagrun for tutorial_dag to None, run_after=None
[2023-06-01T08:51:02.517+0000] {processor.py:175} INFO - Processing /home/airflow/.local/lib/python3.7/site-packages/airflow/example_dags/tutorial_dag.py took 0.089 seconds
[2023-06-01T08:51:33.155+0000] {processor.py:153} INFO - Started process (PID=890) to work on /home/airflow/.local/lib/python3.7/site-packages/airflow/example_dags/tutorial_dag.py
[2023-06-01T08:51:33.156+0000] {processor.py:743} INFO - Processing file /home/airflow/.local/lib/python3.7/site-packages/airflow/example_dags/tutorial_dag.py for tasks to queue
[2023-06-01T08:51:33.157+0000] {logging_mixin.py:137} INFO - [2023-06-01T08:51:33.157+0000] {dagbag.py:538} INFO - Filling up the DagBag from /home/airflow/.local/lib/python3.7/site-packages/airflow/example_dags/tutorial_dag.py
[2023-06-01T08:51:33.172+0000] {processor.py:753} INFO - DAG(s) dict_keys(['tutorial_dag']) retrieved from /home/airflow/.local/lib/python3.7/site-packages/airflow/example_dags/tutorial_dag.py
[2023-06-01T08:51:33.201+0000] {logging_mixin.py:137} INFO - [2023-06-01T08:51:33.201+0000] {dag.py:2690} INFO - Sync 1 DAGs
[2023-06-01T08:51:33.231+0000] {logging_mixin.py:137} INFO - [2023-06-01T08:51:33.231+0000] {dag.py:3441} INFO - Setting next_dagrun for tutorial_dag to None, run_after=None
[2023-06-01T08:51:33.259+0000] {processor.py:175} INFO - Processing /home/airflow/.local/lib/python3.7/site-packages/airflow/example_dags/tutorial_dag.py took 0.109 seconds
[2023-06-01T08:52:03.675+0000] {processor.py:153} INFO - Started process (PID=977) to work on /home/airflow/.local/lib/python3.7/site-packages/airflow/example_dags/tutorial_dag.py
[2023-06-01T08:52:03.676+0000] {processor.py:743} INFO - Processing file /home/airflow/.local/lib/python3.7/site-packages/airflow/example_dags/tutorial_dag.py for tasks to queue
[2023-06-01T08:52:03.676+0000] {logging_mixin.py:137} INFO - [2023-06-01T08:52:03.676+0000] {dagbag.py:538} INFO - Filling up the DagBag from /home/airflow/.local/lib/python3.7/site-packages/airflow/example_dags/tutorial_dag.py
[2023-06-01T08:52:03.690+0000] {processor.py:753} INFO - DAG(s) dict_keys(['tutorial_dag']) retrieved from /home/airflow/.local/lib/python3.7/site-packages/airflow/example_dags/tutorial_dag.py
[2023-06-01T08:52:03.721+0000] {logging_mixin.py:137} INFO - [2023-06-01T08:52:03.720+0000] {dag.py:2690} INFO - Sync 1 DAGs
[2023-06-01T08:52:03.746+0000] {logging_mixin.py:137} INFO - [2023-06-01T08:52:03.746+0000] {dag.py:3441} INFO - Setting next_dagrun for tutorial_dag to None, run_after=None
[2023-06-01T08:52:03.766+0000] {processor.py:175} INFO - Processing /home/airflow/.local/lib/python3.7/site-packages/airflow/example_dags/tutorial_dag.py took 0.095 seconds
[2023-06-01T08:52:34.039+0000] {processor.py:153} INFO - Started process (PID=1064) to work on /home/airflow/.local/lib/python3.7/site-packages/airflow/example_dags/tutorial_dag.py
[2023-06-01T08:52:34.041+0000] {processor.py:743} INFO - Processing file /home/airflow/.local/lib/python3.7/site-packages/airflow/example_dags/tutorial_dag.py for tasks to queue
[2023-06-01T08:52:34.042+0000] {logging_mixin.py:137} INFO - [2023-06-01T08:52:34.042+0000] {dagbag.py:538} INFO - Filling up the DagBag from /home/airflow/.local/lib/python3.7/site-packages/airflow/example_dags/tutorial_dag.py
[2023-06-01T08:52:34.056+0000] {processor.py:753} INFO - DAG(s) dict_keys(['tutorial_dag']) retrieved from /home/airflow/.local/lib/python3.7/site-packages/airflow/example_dags/tutorial_dag.py
[2023-06-01T08:52:34.090+0000] {logging_mixin.py:137} INFO - [2023-06-01T08:52:34.089+0000] {dag.py:2690} INFO - Sync 1 DAGs
[2023-06-01T08:52:34.120+0000] {logging_mixin.py:137} INFO - [2023-06-01T08:52:34.119+0000] {dag.py:3441} INFO - Setting next_dagrun for tutorial_dag to None, run_after=None
[2023-06-01T08:52:34.144+0000] {processor.py:175} INFO - Processing /home/airflow/.local/lib/python3.7/site-packages/airflow/example_dags/tutorial_dag.py took 0.108 seconds
[2023-06-01T08:53:04.916+0000] {processor.py:153} INFO - Started process (PID=1160) to work on /home/airflow/.local/lib/python3.7/site-packages/airflow/example_dags/tutorial_dag.py
[2023-06-01T08:53:04.917+0000] {processor.py:743} INFO - Processing file /home/airflow/.local/lib/python3.7/site-packages/airflow/example_dags/tutorial_dag.py for tasks to queue
[2023-06-01T08:53:04.917+0000] {logging_mixin.py:137} INFO - [2023-06-01T08:53:04.917+0000] {dagbag.py:538} INFO - Filling up the DagBag from /home/airflow/.local/lib/python3.7/site-packages/airflow/example_dags/tutorial_dag.py
[2023-06-01T08:53:04.930+0000] {processor.py:753} INFO - DAG(s) dict_keys(['tutorial_dag']) retrieved from /home/airflow/.local/lib/python3.7/site-packages/airflow/example_dags/tutorial_dag.py
[2023-06-01T08:53:04.961+0000] {logging_mixin.py:137} INFO - [2023-06-01T08:53:04.960+0000] {dag.py:2690} INFO - Sync 1 DAGs
[2023-06-01T08:53:04.991+0000] {logging_mixin.py:137} INFO - [2023-06-01T08:53:04.990+0000] {dag.py:3441} INFO - Setting next_dagrun for tutorial_dag to None, run_after=None
[2023-06-01T08:53:05.035+0000] {processor.py:175} INFO - Processing /home/airflow/.local/lib/python3.7/site-packages/airflow/example_dags/tutorial_dag.py took 0.122 seconds
[2023-06-01T08:53:35.281+0000] {processor.py:153} INFO - Started process (PID=1262) to work on /home/airflow/.local/lib/python3.7/site-packages/airflow/example_dags/tutorial_dag.py
[2023-06-01T08:53:35.283+0000] {processor.py:743} INFO - Processing file /home/airflow/.local/lib/python3.7/site-packages/airflow/example_dags/tutorial_dag.py for tasks to queue
[2023-06-01T08:53:35.284+0000] {logging_mixin.py:137} INFO - [2023-06-01T08:53:35.284+0000] {dagbag.py:538} INFO - Filling up the DagBag from /home/airflow/.local/lib/python3.7/site-packages/airflow/example_dags/tutorial_dag.py
[2023-06-01T08:53:35.298+0000] {processor.py:753} INFO - DAG(s) dict_keys(['tutorial_dag']) retrieved from /home/airflow/.local/lib/python3.7/site-packages/airflow/example_dags/tutorial_dag.py
[2023-06-01T08:53:35.331+0000] {logging_mixin.py:137} INFO - [2023-06-01T08:53:35.331+0000] {dag.py:2690} INFO - Sync 1 DAGs
[2023-06-01T08:53:35.355+0000] {logging_mixin.py:137} INFO - [2023-06-01T08:53:35.355+0000] {dag.py:3441} INFO - Setting next_dagrun for tutorial_dag to None, run_after=None
[2023-06-01T08:53:35.374+0000] {processor.py:175} INFO - Processing /home/airflow/.local/lib/python3.7/site-packages/airflow/example_dags/tutorial_dag.py took 0.098 seconds
[2023-06-01T08:54:05.521+0000] {processor.py:153} INFO - Started process (PID=1349) to work on /home/airflow/.local/lib/python3.7/site-packages/airflow/example_dags/tutorial_dag.py
[2023-06-01T08:54:05.522+0000] {processor.py:743} INFO - Processing file /home/airflow/.local/lib/python3.7/site-packages/airflow/example_dags/tutorial_dag.py for tasks to queue
[2023-06-01T08:54:05.522+0000] {logging_mixin.py:137} INFO - [2023-06-01T08:54:05.522+0000] {dagbag.py:538} INFO - Filling up the DagBag from /home/airflow/.local/lib/python3.7/site-packages/airflow/example_dags/tutorial_dag.py
[2023-06-01T08:54:05.537+0000] {processor.py:753} INFO - DAG(s) dict_keys(['tutorial_dag']) retrieved from /home/airflow/.local/lib/python3.7/site-packages/airflow/example_dags/tutorial_dag.py
[2023-06-01T08:54:05.569+0000] {logging_mixin.py:137} INFO - [2023-06-01T08:54:05.569+0000] {dag.py:2690} INFO - Sync 1 DAGs
[2023-06-01T08:54:05.601+0000] {logging_mixin.py:137} INFO - [2023-06-01T08:54:05.600+0000] {dag.py:3441} INFO - Setting next_dagrun for tutorial_dag to None, run_after=None
[2023-06-01T08:54:05.623+0000] {processor.py:175} INFO - Processing /home/airflow/.local/lib/python3.7/site-packages/airflow/example_dags/tutorial_dag.py took 0.106 seconds
[2023-06-01T08:54:36.039+0000] {processor.py:153} INFO - Started process (PID=1436) to work on /home/airflow/.local/lib/python3.7/site-packages/airflow/example_dags/tutorial_dag.py
[2023-06-01T08:54:36.040+0000] {processor.py:743} INFO - Processing file /home/airflow/.local/lib/python3.7/site-packages/airflow/example_dags/tutorial_dag.py for tasks to queue
[2023-06-01T08:54:36.041+0000] {logging_mixin.py:137} INFO - [2023-06-01T08:54:36.041+0000] {dagbag.py:538} INFO - Filling up the DagBag from /home/airflow/.local/lib/python3.7/site-packages/airflow/example_dags/tutorial_dag.py
[2023-06-01T08:54:36.055+0000] {processor.py:753} INFO - DAG(s) dict_keys(['tutorial_dag']) retrieved from /home/airflow/.local/lib/python3.7/site-packages/airflow/example_dags/tutorial_dag.py
[2023-06-01T08:54:36.085+0000] {logging_mixin.py:137} INFO - [2023-06-01T08:54:36.085+0000] {dag.py:2690} INFO - Sync 1 DAGs
[2023-06-01T08:54:36.112+0000] {logging_mixin.py:137} INFO - [2023-06-01T08:54:36.111+0000] {dag.py:3441} INFO - Setting next_dagrun for tutorial_dag to None, run_after=None
[2023-06-01T08:54:36.131+0000] {processor.py:175} INFO - Processing /home/airflow/.local/lib/python3.7/site-packages/airflow/example_dags/tutorial_dag.py took 0.096 seconds
[2023-06-01T08:55:07.177+0000] {processor.py:153} INFO - Started process (PID=1547) to work on /home/airflow/.local/lib/python3.7/site-packages/airflow/example_dags/tutorial_dag.py
[2023-06-01T08:55:07.178+0000] {processor.py:743} INFO - Processing file /home/airflow/.local/lib/python3.7/site-packages/airflow/example_dags/tutorial_dag.py for tasks to queue
[2023-06-01T08:55:07.178+0000] {logging_mixin.py:137} INFO - [2023-06-01T08:55:07.178+0000] {dagbag.py:538} INFO - Filling up the DagBag from /home/airflow/.local/lib/python3.7/site-packages/airflow/example_dags/tutorial_dag.py
[2023-06-01T08:55:07.191+0000] {processor.py:753} INFO - DAG(s) dict_keys(['tutorial_dag']) retrieved from /home/airflow/.local/lib/python3.7/site-packages/airflow/example_dags/tutorial_dag.py
[2023-06-01T08:55:07.220+0000] {logging_mixin.py:137} INFO - [2023-06-01T08:55:07.219+0000] {dag.py:2690} INFO - Sync 1 DAGs
[2023-06-01T08:55:07.245+0000] {logging_mixin.py:137} INFO - [2023-06-01T08:55:07.245+0000] {dag.py:3441} INFO - Setting next_dagrun for tutorial_dag to None, run_after=None
[2023-06-01T08:55:07.262+0000] {processor.py:175} INFO - Processing /home/airflow/.local/lib/python3.7/site-packages/airflow/example_dags/tutorial_dag.py took 0.089 seconds
[2023-06-01T08:55:38.261+0000] {processor.py:153} INFO - Started process (PID=1634) to work on /home/airflow/.local/lib/python3.7/site-packages/airflow/example_dags/tutorial_dag.py
[2023-06-01T08:55:38.263+0000] {processor.py:743} INFO - Processing file /home/airflow/.local/lib/python3.7/site-packages/airflow/example_dags/tutorial_dag.py for tasks to queue
[2023-06-01T08:55:38.264+0000] {logging_mixin.py:137} INFO - [2023-06-01T08:55:38.264+0000] {dagbag.py:538} INFO - Filling up the DagBag from /home/airflow/.local/lib/python3.7/site-packages/airflow/example_dags/tutorial_dag.py
[2023-06-01T08:55:38.279+0000] {processor.py:753} INFO - DAG(s) dict_keys(['tutorial_dag']) retrieved from /home/airflow/.local/lib/python3.7/site-packages/airflow/example_dags/tutorial_dag.py
[2023-06-01T08:55:38.310+0000] {logging_mixin.py:137} INFO - [2023-06-01T08:55:38.309+0000] {dag.py:2690} INFO - Sync 1 DAGs
[2023-06-01T08:55:38.338+0000] {logging_mixin.py:137} INFO - [2023-06-01T08:55:38.338+0000] {dag.py:3441} INFO - Setting next_dagrun for tutorial_dag to None, run_after=None
[2023-06-01T08:55:38.361+0000] {processor.py:175} INFO - Processing /home/airflow/.local/lib/python3.7/site-packages/airflow/example_dags/tutorial_dag.py took 0.104 seconds
[2023-06-01T08:56:08.710+0000] {processor.py:153} INFO - Started process (PID=1721) to work on /home/airflow/.local/lib/python3.7/site-packages/airflow/example_dags/tutorial_dag.py
[2023-06-01T08:56:08.711+0000] {processor.py:743} INFO - Processing file /home/airflow/.local/lib/python3.7/site-packages/airflow/example_dags/tutorial_dag.py for tasks to queue
[2023-06-01T08:56:08.712+0000] {logging_mixin.py:137} INFO - [2023-06-01T08:56:08.712+0000] {dagbag.py:538} INFO - Filling up the DagBag from /home/airflow/.local/lib/python3.7/site-packages/airflow/example_dags/tutorial_dag.py
[2023-06-01T08:56:08.726+0000] {processor.py:753} INFO - DAG(s) dict_keys(['tutorial_dag']) retrieved from /home/airflow/.local/lib/python3.7/site-packages/airflow/example_dags/tutorial_dag.py
[2023-06-01T08:56:08.757+0000] {logging_mixin.py:137} INFO - [2023-06-01T08:56:08.757+0000] {dag.py:2690} INFO - Sync 1 DAGs
[2023-06-01T08:56:08.784+0000] {logging_mixin.py:137} INFO - [2023-06-01T08:56:08.784+0000] {dag.py:3441} INFO - Setting next_dagrun for tutorial_dag to None, run_after=None
[2023-06-01T08:56:08.807+0000] {processor.py:175} INFO - Processing /home/airflow/.local/lib/python3.7/site-packages/airflow/example_dags/tutorial_dag.py took 0.100 seconds
[2023-06-01T08:56:39.727+0000] {processor.py:153} INFO - Started process (PID=1832) to work on /home/airflow/.local/lib/python3.7/site-packages/airflow/example_dags/tutorial_dag.py
[2023-06-01T08:56:39.729+0000] {processor.py:743} INFO - Processing file /home/airflow/.local/lib/python3.7/site-packages/airflow/example_dags/tutorial_dag.py for tasks to queue
[2023-06-01T08:56:39.729+0000] {logging_mixin.py:137} INFO - [2023-06-01T08:56:39.729+0000] {dagbag.py:538} INFO - Filling up the DagBag from /home/airflow/.local/lib/python3.7/site-packages/airflow/example_dags/tutorial_dag.py
[2023-06-01T08:56:39.742+0000] {processor.py:753} INFO - DAG(s) dict_keys(['tutorial_dag']) retrieved from /home/airflow/.local/lib/python3.7/site-packages/airflow/example_dags/tutorial_dag.py
[2023-06-01T08:56:39.768+0000] {logging_mixin.py:137} INFO - [2023-06-01T08:56:39.768+0000] {dag.py:2690} INFO - Sync 1 DAGs
[2023-06-01T08:56:39.792+0000] {logging_mixin.py:137} INFO - [2023-06-01T08:56:39.791+0000] {dag.py:3441} INFO - Setting next_dagrun for tutorial_dag to None, run_after=None
[2023-06-01T08:56:39.809+0000] {processor.py:175} INFO - Processing /home/airflow/.local/lib/python3.7/site-packages/airflow/example_dags/tutorial_dag.py took 0.085 seconds
[2023-06-01T08:57:10.039+0000] {processor.py:153} INFO - Started process (PID=1919) to work on /home/airflow/.local/lib/python3.7/site-packages/airflow/example_dags/tutorial_dag.py
[2023-06-01T08:57:10.040+0000] {processor.py:743} INFO - Processing file /home/airflow/.local/lib/python3.7/site-packages/airflow/example_dags/tutorial_dag.py for tasks to queue
[2023-06-01T08:57:10.041+0000] {logging_mixin.py:137} INFO - [2023-06-01T08:57:10.041+0000] {dagbag.py:538} INFO - Filling up the DagBag from /home/airflow/.local/lib/python3.7/site-packages/airflow/example_dags/tutorial_dag.py
[2023-06-01T08:57:10.053+0000] {processor.py:753} INFO - DAG(s) dict_keys(['tutorial_dag']) retrieved from /home/airflow/.local/lib/python3.7/site-packages/airflow/example_dags/tutorial_dag.py
[2023-06-01T08:57:10.084+0000] {logging_mixin.py:137} INFO - [2023-06-01T08:57:10.084+0000] {dag.py:2690} INFO - Sync 1 DAGs
[2023-06-01T08:57:10.111+0000] {logging_mixin.py:137} INFO - [2023-06-01T08:57:10.111+0000] {dag.py:3441} INFO - Setting next_dagrun for tutorial_dag to None, run_after=None
[2023-06-01T08:57:10.129+0000] {processor.py:175} INFO - Processing /home/airflow/.local/lib/python3.7/site-packages/airflow/example_dags/tutorial_dag.py took 0.093 seconds
[2023-06-01T08:57:40.276+0000] {processor.py:153} INFO - Started process (PID=2006) to work on /home/airflow/.local/lib/python3.7/site-packages/airflow/example_dags/tutorial_dag.py
[2023-06-01T08:57:40.278+0000] {processor.py:743} INFO - Processing file /home/airflow/.local/lib/python3.7/site-packages/airflow/example_dags/tutorial_dag.py for tasks to queue
[2023-06-01T08:57:40.278+0000] {logging_mixin.py:137} INFO - [2023-06-01T08:57:40.278+0000] {dagbag.py:538} INFO - Filling up the DagBag from /home/airflow/.local/lib/python3.7/site-packages/airflow/example_dags/tutorial_dag.py
[2023-06-01T08:57:40.295+0000] {processor.py:753} INFO - DAG(s) dict_keys(['tutorial_dag']) retrieved from /home/airflow/.local/lib/python3.7/site-packages/airflow/example_dags/tutorial_dag.py
[2023-06-01T08:57:40.323+0000] {logging_mixin.py:137} INFO - [2023-06-01T08:57:40.323+0000] {dag.py:2690} INFO - Sync 1 DAGs
[2023-06-01T08:57:40.349+0000] {logging_mixin.py:137} INFO - [2023-06-01T08:57:40.349+0000] {dag.py:3441} INFO - Setting next_dagrun for tutorial_dag to None, run_after=None
[2023-06-01T08:57:40.367+0000] {processor.py:175} INFO - Processing /home/airflow/.local/lib/python3.7/site-packages/airflow/example_dags/tutorial_dag.py took 0.095 seconds
[2023-06-01T08:58:11.635+0000] {processor.py:153} INFO - Started process (PID=2117) to work on /home/airflow/.local/lib/python3.7/site-packages/airflow/example_dags/tutorial_dag.py
[2023-06-01T08:58:11.636+0000] {processor.py:743} INFO - Processing file /home/airflow/.local/lib/python3.7/site-packages/airflow/example_dags/tutorial_dag.py for tasks to queue
[2023-06-01T08:58:11.636+0000] {logging_mixin.py:137} INFO - [2023-06-01T08:58:11.636+0000] {dagbag.py:538} INFO - Filling up the DagBag from /home/airflow/.local/lib/python3.7/site-packages/airflow/example_dags/tutorial_dag.py
[2023-06-01T08:58:11.651+0000] {processor.py:753} INFO - DAG(s) dict_keys(['tutorial_dag']) retrieved from /home/airflow/.local/lib/python3.7/site-packages/airflow/example_dags/tutorial_dag.py
[2023-06-01T08:58:11.681+0000] {logging_mixin.py:137} INFO - [2023-06-01T08:58:11.680+0000] {dag.py:2690} INFO - Sync 1 DAGs
[2023-06-01T08:58:11.709+0000] {logging_mixin.py:137} INFO - [2023-06-01T08:58:11.708+0000] {dag.py:3441} INFO - Setting next_dagrun for tutorial_dag to None, run_after=None
[2023-06-01T08:58:11.732+0000] {processor.py:175} INFO - Processing /home/airflow/.local/lib/python3.7/site-packages/airflow/example_dags/tutorial_dag.py took 0.102 seconds
[2023-06-01T08:58:42.249+0000] {processor.py:153} INFO - Started process (PID=2204) to work on /home/airflow/.local/lib/python3.7/site-packages/airflow/example_dags/tutorial_dag.py
[2023-06-01T08:58:42.251+0000] {processor.py:743} INFO - Processing file /home/airflow/.local/lib/python3.7/site-packages/airflow/example_dags/tutorial_dag.py for tasks to queue
[2023-06-01T08:58:42.251+0000] {logging_mixin.py:137} INFO - [2023-06-01T08:58:42.251+0000] {dagbag.py:538} INFO - Filling up the DagBag from /home/airflow/.local/lib/python3.7/site-packages/airflow/example_dags/tutorial_dag.py
[2023-06-01T08:58:42.267+0000] {processor.py:753} INFO - DAG(s) dict_keys(['tutorial_dag']) retrieved from /home/airflow/.local/lib/python3.7/site-packages/airflow/example_dags/tutorial_dag.py
[2023-06-01T08:58:42.310+0000] {logging_mixin.py:137} INFO - [2023-06-01T08:58:42.310+0000] {dag.py:2690} INFO - Sync 1 DAGs
[2023-06-01T08:58:42.341+0000] {logging_mixin.py:137} INFO - [2023-06-01T08:58:42.341+0000] {dag.py:3441} INFO - Setting next_dagrun for tutorial_dag to None, run_after=None
[2023-06-01T08:58:42.366+0000] {processor.py:175} INFO - Processing /home/airflow/.local/lib/python3.7/site-packages/airflow/example_dags/tutorial_dag.py took 0.122 seconds
[2023-06-01T08:59:12.854+0000] {processor.py:153} INFO - Started process (PID=2291) to work on /home/airflow/.local/lib/python3.7/site-packages/airflow/example_dags/tutorial_dag.py
[2023-06-01T08:59:12.855+0000] {processor.py:743} INFO - Processing file /home/airflow/.local/lib/python3.7/site-packages/airflow/example_dags/tutorial_dag.py for tasks to queue
[2023-06-01T08:59:12.855+0000] {logging_mixin.py:137} INFO - [2023-06-01T08:59:12.855+0000] {dagbag.py:538} INFO - Filling up the DagBag from /home/airflow/.local/lib/python3.7/site-packages/airflow/example_dags/tutorial_dag.py
[2023-06-01T08:59:12.867+0000] {processor.py:753} INFO - DAG(s) dict_keys(['tutorial_dag']) retrieved from /home/airflow/.local/lib/python3.7/site-packages/airflow/example_dags/tutorial_dag.py
[2023-06-01T08:59:12.891+0000] {logging_mixin.py:137} INFO - [2023-06-01T08:59:12.891+0000] {dag.py:2690} INFO - Sync 1 DAGs
[2023-06-01T08:59:12.915+0000] {logging_mixin.py:137} INFO - [2023-06-01T08:59:12.915+0000] {dag.py:3441} INFO - Setting next_dagrun for tutorial_dag to None, run_after=None
[2023-06-01T08:59:12.936+0000] {processor.py:175} INFO - Processing /home/airflow/.local/lib/python3.7/site-packages/airflow/example_dags/tutorial_dag.py took 0.085 seconds
[2023-06-01T08:59:43.693+0000] {processor.py:153} INFO - Started process (PID=2378) to work on /home/airflow/.local/lib/python3.7/site-packages/airflow/example_dags/tutorial_dag.py
[2023-06-01T08:59:43.695+0000] {processor.py:743} INFO - Processing file /home/airflow/.local/lib/python3.7/site-packages/airflow/example_dags/tutorial_dag.py for tasks to queue
[2023-06-01T08:59:43.695+0000] {logging_mixin.py:137} INFO - [2023-06-01T08:59:43.695+0000] {dagbag.py:538} INFO - Filling up the DagBag from /home/airflow/.local/lib/python3.7/site-packages/airflow/example_dags/tutorial_dag.py
[2023-06-01T08:59:43.707+0000] {processor.py:753} INFO - DAG(s) dict_keys(['tutorial_dag']) retrieved from /home/airflow/.local/lib/python3.7/site-packages/airflow/example_dags/tutorial_dag.py
[2023-06-01T08:59:43.736+0000] {logging_mixin.py:137} INFO - [2023-06-01T08:59:43.736+0000] {dag.py:2690} INFO - Sync 1 DAGs
[2023-06-01T08:59:43.764+0000] {logging_mixin.py:137} INFO - [2023-06-01T08:59:43.764+0000] {dag.py:3441} INFO - Setting next_dagrun for tutorial_dag to None, run_after=None
[2023-06-01T08:59:43.793+0000] {processor.py:175} INFO - Processing /home/airflow/.local/lib/python3.7/site-packages/airflow/example_dags/tutorial_dag.py took 0.103 seconds
[2023-06-01T09:00:14.796+0000] {processor.py:153} INFO - Started process (PID=2489) to work on /home/airflow/.local/lib/python3.7/site-packages/airflow/example_dags/tutorial_dag.py
[2023-06-01T09:00:14.797+0000] {processor.py:743} INFO - Processing file /home/airflow/.local/lib/python3.7/site-packages/airflow/example_dags/tutorial_dag.py for tasks to queue
[2023-06-01T09:00:14.797+0000] {logging_mixin.py:137} INFO - [2023-06-01T09:00:14.797+0000] {dagbag.py:538} INFO - Filling up the DagBag from /home/airflow/.local/lib/python3.7/site-packages/airflow/example_dags/tutorial_dag.py
[2023-06-01T09:00:14.811+0000] {processor.py:753} INFO - DAG(s) dict_keys(['tutorial_dag']) retrieved from /home/airflow/.local/lib/python3.7/site-packages/airflow/example_dags/tutorial_dag.py
[2023-06-01T09:00:14.847+0000] {logging_mixin.py:137} INFO - [2023-06-01T09:00:14.846+0000] {dag.py:2690} INFO - Sync 1 DAGs
[2023-06-01T09:00:14.880+0000] {logging_mixin.py:137} INFO - [2023-06-01T09:00:14.879+0000] {dag.py:3441} INFO - Setting next_dagrun for tutorial_dag to None, run_after=None
[2023-06-01T09:00:14.905+0000] {processor.py:175} INFO - Processing /home/airflow/.local/lib/python3.7/site-packages/airflow/example_dags/tutorial_dag.py took 0.113 seconds
[2023-06-01T09:00:45.416+0000] {processor.py:153} INFO - Started process (PID=2576) to work on /home/airflow/.local/lib/python3.7/site-packages/airflow/example_dags/tutorial_dag.py
[2023-06-01T09:00:45.418+0000] {processor.py:743} INFO - Processing file /home/airflow/.local/lib/python3.7/site-packages/airflow/example_dags/tutorial_dag.py for tasks to queue
[2023-06-01T09:00:45.419+0000] {logging_mixin.py:137} INFO - [2023-06-01T09:00:45.418+0000] {dagbag.py:538} INFO - Filling up the DagBag from /home/airflow/.local/lib/python3.7/site-packages/airflow/example_dags/tutorial_dag.py
[2023-06-01T09:00:45.431+0000] {processor.py:753} INFO - DAG(s) dict_keys(['tutorial_dag']) retrieved from /home/airflow/.local/lib/python3.7/site-packages/airflow/example_dags/tutorial_dag.py
[2023-06-01T09:00:45.464+0000] {logging_mixin.py:137} INFO - [2023-06-01T09:00:45.464+0000] {dag.py:2690} INFO - Sync 1 DAGs
[2023-06-01T09:00:45.491+0000] {logging_mixin.py:137} INFO - [2023-06-01T09:00:45.490+0000] {dag.py:3441} INFO - Setting next_dagrun for tutorial_dag to None, run_after=None
[2023-06-01T09:00:45.512+0000] {processor.py:175} INFO - Processing /home/airflow/.local/lib/python3.7/site-packages/airflow/example_dags/tutorial_dag.py took 0.100 seconds
[2023-06-01T09:01:16.212+0000] {processor.py:153} INFO - Started process (PID=2663) to work on /home/airflow/.local/lib/python3.7/site-packages/airflow/example_dags/tutorial_dag.py
[2023-06-01T09:01:16.213+0000] {processor.py:743} INFO - Processing file /home/airflow/.local/lib/python3.7/site-packages/airflow/example_dags/tutorial_dag.py for tasks to queue
[2023-06-01T09:01:16.213+0000] {logging_mixin.py:137} INFO - [2023-06-01T09:01:16.213+0000] {dagbag.py:538} INFO - Filling up the DagBag from /home/airflow/.local/lib/python3.7/site-packages/airflow/example_dags/tutorial_dag.py
[2023-06-01T09:01:16.226+0000] {processor.py:753} INFO - DAG(s) dict_keys(['tutorial_dag']) retrieved from /home/airflow/.local/lib/python3.7/site-packages/airflow/example_dags/tutorial_dag.py
[2023-06-01T09:01:16.261+0000] {logging_mixin.py:137} INFO - [2023-06-01T09:01:16.260+0000] {dag.py:2690} INFO - Sync 1 DAGs
[2023-06-01T09:01:16.291+0000] {logging_mixin.py:137} INFO - [2023-06-01T09:01:16.291+0000] {dag.py:3441} INFO - Setting next_dagrun for tutorial_dag to None, run_after=None
[2023-06-01T09:01:16.313+0000] {processor.py:175} INFO - Processing /home/airflow/.local/lib/python3.7/site-packages/airflow/example_dags/tutorial_dag.py took 0.107 seconds
[2023-06-01T09:01:47.065+0000] {processor.py:153} INFO - Started process (PID=2774) to work on /home/airflow/.local/lib/python3.7/site-packages/airflow/example_dags/tutorial_dag.py
[2023-06-01T09:01:47.066+0000] {processor.py:743} INFO - Processing file /home/airflow/.local/lib/python3.7/site-packages/airflow/example_dags/tutorial_dag.py for tasks to queue
[2023-06-01T09:01:47.067+0000] {logging_mixin.py:137} INFO - [2023-06-01T09:01:47.067+0000] {dagbag.py:538} INFO - Filling up the DagBag from /home/airflow/.local/lib/python3.7/site-packages/airflow/example_dags/tutorial_dag.py
[2023-06-01T09:01:47.079+0000] {processor.py:753} INFO - DAG(s) dict_keys(['tutorial_dag']) retrieved from /home/airflow/.local/lib/python3.7/site-packages/airflow/example_dags/tutorial_dag.py
[2023-06-01T09:01:47.106+0000] {logging_mixin.py:137} INFO - [2023-06-01T09:01:47.106+0000] {dag.py:2690} INFO - Sync 1 DAGs
[2023-06-01T09:01:47.131+0000] {logging_mixin.py:137} INFO - [2023-06-01T09:01:47.131+0000] {dag.py:3441} INFO - Setting next_dagrun for tutorial_dag to None, run_after=None
[2023-06-01T09:01:47.148+0000] {processor.py:175} INFO - Processing /home/airflow/.local/lib/python3.7/site-packages/airflow/example_dags/tutorial_dag.py took 0.086 seconds
[2023-06-01T09:02:17.364+0000] {processor.py:153} INFO - Started process (PID=2861) to work on /home/airflow/.local/lib/python3.7/site-packages/airflow/example_dags/tutorial_dag.py
[2023-06-01T09:02:17.365+0000] {processor.py:743} INFO - Processing file /home/airflow/.local/lib/python3.7/site-packages/airflow/example_dags/tutorial_dag.py for tasks to queue
[2023-06-01T09:02:17.366+0000] {logging_mixin.py:137} INFO - [2023-06-01T09:02:17.365+0000] {dagbag.py:538} INFO - Filling up the DagBag from /home/airflow/.local/lib/python3.7/site-packages/airflow/example_dags/tutorial_dag.py
[2023-06-01T09:02:17.380+0000] {processor.py:753} INFO - DAG(s) dict_keys(['tutorial_dag']) retrieved from /home/airflow/.local/lib/python3.7/site-packages/airflow/example_dags/tutorial_dag.py
[2023-06-01T09:02:17.413+0000] {logging_mixin.py:137} INFO - [2023-06-01T09:02:17.412+0000] {dag.py:2690} INFO - Sync 1 DAGs
[2023-06-01T09:02:17.442+0000] {logging_mixin.py:137} INFO - [2023-06-01T09:02:17.441+0000] {dag.py:3441} INFO - Setting next_dagrun for tutorial_dag to None, run_after=None
[2023-06-01T09:02:17.462+0000] {processor.py:175} INFO - Processing /home/airflow/.local/lib/python3.7/site-packages/airflow/example_dags/tutorial_dag.py took 0.101 seconds
[2023-06-01T09:02:47.620+0000] {processor.py:153} INFO - Started process (PID=2948) to work on /home/airflow/.local/lib/python3.7/site-packages/airflow/example_dags/tutorial_dag.py
[2023-06-01T09:02:47.621+0000] {processor.py:743} INFO - Processing file /home/airflow/.local/lib/python3.7/site-packages/airflow/example_dags/tutorial_dag.py for tasks to queue
[2023-06-01T09:02:47.622+0000] {logging_mixin.py:137} INFO - [2023-06-01T09:02:47.621+0000] {dagbag.py:538} INFO - Filling up the DagBag from /home/airflow/.local/lib/python3.7/site-packages/airflow/example_dags/tutorial_dag.py
[2023-06-01T09:02:47.633+0000] {processor.py:753} INFO - DAG(s) dict_keys(['tutorial_dag']) retrieved from /home/airflow/.local/lib/python3.7/site-packages/airflow/example_dags/tutorial_dag.py
[2023-06-01T09:02:47.657+0000] {logging_mixin.py:137} INFO - [2023-06-01T09:02:47.657+0000] {dag.py:2690} INFO - Sync 1 DAGs
[2023-06-01T09:02:47.679+0000] {logging_mixin.py:137} INFO - [2023-06-01T09:02:47.679+0000] {dag.py:3441} INFO - Setting next_dagrun for tutorial_dag to None, run_after=None
[2023-06-01T09:02:47.696+0000] {processor.py:175} INFO - Processing /home/airflow/.local/lib/python3.7/site-packages/airflow/example_dags/tutorial_dag.py took 0.079 seconds
[2023-06-01T09:03:18.195+0000] {processor.py:153} INFO - Started process (PID=3042) to work on /home/airflow/.local/lib/python3.7/site-packages/airflow/example_dags/tutorial_dag.py
[2023-06-01T09:03:18.196+0000] {processor.py:743} INFO - Processing file /home/airflow/.local/lib/python3.7/site-packages/airflow/example_dags/tutorial_dag.py for tasks to queue
[2023-06-01T09:03:18.196+0000] {logging_mixin.py:137} INFO - [2023-06-01T09:03:18.196+0000] {dagbag.py:538} INFO - Filling up the DagBag from /home/airflow/.local/lib/python3.7/site-packages/airflow/example_dags/tutorial_dag.py
[2023-06-01T09:03:18.211+0000] {processor.py:753} INFO - DAG(s) dict_keys(['tutorial_dag']) retrieved from /home/airflow/.local/lib/python3.7/site-packages/airflow/example_dags/tutorial_dag.py
[2023-06-01T09:03:18.242+0000] {logging_mixin.py:137} INFO - [2023-06-01T09:03:18.242+0000] {dag.py:2690} INFO - Sync 1 DAGs
[2023-06-01T09:03:18.269+0000] {logging_mixin.py:137} INFO - [2023-06-01T09:03:18.269+0000] {dag.py:3441} INFO - Setting next_dagrun for tutorial_dag to None, run_after=None
[2023-06-01T09:03:18.299+0000] {processor.py:175} INFO - Processing /home/airflow/.local/lib/python3.7/site-packages/airflow/example_dags/tutorial_dag.py took 0.107 seconds
[2023-06-01T09:03:49.080+0000] {processor.py:153} INFO - Started process (PID=3146) to work on /home/airflow/.local/lib/python3.7/site-packages/airflow/example_dags/tutorial_dag.py
[2023-06-01T09:03:49.081+0000] {processor.py:743} INFO - Processing file /home/airflow/.local/lib/python3.7/site-packages/airflow/example_dags/tutorial_dag.py for tasks to queue
[2023-06-01T09:03:49.081+0000] {logging_mixin.py:137} INFO - [2023-06-01T09:03:49.081+0000] {dagbag.py:538} INFO - Filling up the DagBag from /home/airflow/.local/lib/python3.7/site-packages/airflow/example_dags/tutorial_dag.py
[2023-06-01T09:03:49.093+0000] {processor.py:753} INFO - DAG(s) dict_keys(['tutorial_dag']) retrieved from /home/airflow/.local/lib/python3.7/site-packages/airflow/example_dags/tutorial_dag.py
[2023-06-01T09:03:49.118+0000] {logging_mixin.py:137} INFO - [2023-06-01T09:03:49.118+0000] {dag.py:2690} INFO - Sync 1 DAGs
[2023-06-01T09:03:49.141+0000] {logging_mixin.py:137} INFO - [2023-06-01T09:03:49.141+0000] {dag.py:3441} INFO - Setting next_dagrun for tutorial_dag to None, run_after=None
[2023-06-01T09:03:49.157+0000] {processor.py:175} INFO - Processing /home/airflow/.local/lib/python3.7/site-packages/airflow/example_dags/tutorial_dag.py took 0.080 seconds
[2023-06-01T09:04:19.297+0000] {processor.py:153} INFO - Started process (PID=3233) to work on /home/airflow/.local/lib/python3.7/site-packages/airflow/example_dags/tutorial_dag.py
[2023-06-01T09:04:19.298+0000] {processor.py:743} INFO - Processing file /home/airflow/.local/lib/python3.7/site-packages/airflow/example_dags/tutorial_dag.py for tasks to queue
[2023-06-01T09:04:19.299+0000] {logging_mixin.py:137} INFO - [2023-06-01T09:04:19.298+0000] {dagbag.py:538} INFO - Filling up the DagBag from /home/airflow/.local/lib/python3.7/site-packages/airflow/example_dags/tutorial_dag.py
[2023-06-01T09:04:19.312+0000] {processor.py:753} INFO - DAG(s) dict_keys(['tutorial_dag']) retrieved from /home/airflow/.local/lib/python3.7/site-packages/airflow/example_dags/tutorial_dag.py
[2023-06-01T09:04:19.342+0000] {logging_mixin.py:137} INFO - [2023-06-01T09:04:19.342+0000] {dag.py:2690} INFO - Sync 1 DAGs
[2023-06-01T09:04:19.367+0000] {logging_mixin.py:137} INFO - [2023-06-01T09:04:19.367+0000] {dag.py:3441} INFO - Setting next_dagrun for tutorial_dag to None, run_after=None
[2023-06-01T09:04:19.384+0000] {processor.py:175} INFO - Processing /home/airflow/.local/lib/python3.7/site-packages/airflow/example_dags/tutorial_dag.py took 0.091 seconds
[2023-06-01T09:04:50.004+0000] {processor.py:153} INFO - Started process (PID=3320) to work on /home/airflow/.local/lib/python3.7/site-packages/airflow/example_dags/tutorial_dag.py
[2023-06-01T09:04:50.006+0000] {processor.py:743} INFO - Processing file /home/airflow/.local/lib/python3.7/site-packages/airflow/example_dags/tutorial_dag.py for tasks to queue
[2023-06-01T09:04:50.009+0000] {logging_mixin.py:137} INFO - [2023-06-01T09:04:50.009+0000] {dagbag.py:538} INFO - Filling up the DagBag from /home/airflow/.local/lib/python3.7/site-packages/airflow/example_dags/tutorial_dag.py
[2023-06-01T09:04:50.025+0000] {processor.py:753} INFO - DAG(s) dict_keys(['tutorial_dag']) retrieved from /home/airflow/.local/lib/python3.7/site-packages/airflow/example_dags/tutorial_dag.py
[2023-06-01T09:04:50.060+0000] {logging_mixin.py:137} INFO - [2023-06-01T09:04:50.059+0000] {dag.py:2690} INFO - Sync 1 DAGs
[2023-06-01T09:04:50.091+0000] {logging_mixin.py:137} INFO - [2023-06-01T09:04:50.091+0000] {dag.py:3441} INFO - Setting next_dagrun for tutorial_dag to None, run_after=None
[2023-06-01T09:04:50.114+0000] {processor.py:175} INFO - Processing /home/airflow/.local/lib/python3.7/site-packages/airflow/example_dags/tutorial_dag.py took 0.114 seconds
[2023-06-01T09:05:21.767+0000] {processor.py:153} INFO - Started process (PID=3414) to work on /home/airflow/.local/lib/python3.7/site-packages/airflow/example_dags/tutorial_dag.py
[2023-06-01T09:05:21.768+0000] {processor.py:743} INFO - Processing file /home/airflow/.local/lib/python3.7/site-packages/airflow/example_dags/tutorial_dag.py for tasks to queue
[2023-06-01T09:05:21.769+0000] {logging_mixin.py:137} INFO - [2023-06-01T09:05:21.769+0000] {dagbag.py:538} INFO - Filling up the DagBag from /home/airflow/.local/lib/python3.7/site-packages/airflow/example_dags/tutorial_dag.py
[2023-06-01T09:05:21.786+0000] {processor.py:753} INFO - DAG(s) dict_keys(['tutorial_dag']) retrieved from /home/airflow/.local/lib/python3.7/site-packages/airflow/example_dags/tutorial_dag.py
[2023-06-01T09:05:21.833+0000] {logging_mixin.py:137} INFO - [2023-06-01T09:05:21.833+0000] {dag.py:2690} INFO - Sync 1 DAGs
[2023-06-01T09:05:21.881+0000] {logging_mixin.py:137} INFO - [2023-06-01T09:05:21.881+0000] {dag.py:3441} INFO - Setting next_dagrun for tutorial_dag to None, run_after=None
[2023-06-01T09:05:21.923+0000] {processor.py:175} INFO - Processing /home/airflow/.local/lib/python3.7/site-packages/airflow/example_dags/tutorial_dag.py took 0.161 seconds
[2023-06-01T09:05:52.109+0000] {processor.py:153} INFO - Started process (PID=3518) to work on /home/airflow/.local/lib/python3.7/site-packages/airflow/example_dags/tutorial_dag.py
[2023-06-01T09:05:52.112+0000] {processor.py:743} INFO - Processing file /home/airflow/.local/lib/python3.7/site-packages/airflow/example_dags/tutorial_dag.py for tasks to queue
[2023-06-01T09:05:52.113+0000] {logging_mixin.py:137} INFO - [2023-06-01T09:05:52.113+0000] {dagbag.py:538} INFO - Filling up the DagBag from /home/airflow/.local/lib/python3.7/site-packages/airflow/example_dags/tutorial_dag.py
[2023-06-01T09:05:52.130+0000] {processor.py:753} INFO - DAG(s) dict_keys(['tutorial_dag']) retrieved from /home/airflow/.local/lib/python3.7/site-packages/airflow/example_dags/tutorial_dag.py
[2023-06-01T09:05:52.175+0000] {logging_mixin.py:137} INFO - [2023-06-01T09:05:52.174+0000] {dag.py:2690} INFO - Sync 1 DAGs
[2023-06-01T09:05:52.215+0000] {logging_mixin.py:137} INFO - [2023-06-01T09:05:52.215+0000] {dag.py:3441} INFO - Setting next_dagrun for tutorial_dag to None, run_after=None
[2023-06-01T09:05:52.258+0000] {processor.py:175} INFO - Processing /home/airflow/.local/lib/python3.7/site-packages/airflow/example_dags/tutorial_dag.py took 0.153 seconds
[2023-06-01T09:06:22.908+0000] {processor.py:153} INFO - Started process (PID=3605) to work on /home/airflow/.local/lib/python3.7/site-packages/airflow/example_dags/tutorial_dag.py
[2023-06-01T09:06:22.908+0000] {processor.py:743} INFO - Processing file /home/airflow/.local/lib/python3.7/site-packages/airflow/example_dags/tutorial_dag.py for tasks to queue
[2023-06-01T09:06:22.909+0000] {logging_mixin.py:137} INFO - [2023-06-01T09:06:22.909+0000] {dagbag.py:538} INFO - Filling up the DagBag from /home/airflow/.local/lib/python3.7/site-packages/airflow/example_dags/tutorial_dag.py
[2023-06-01T09:06:22.925+0000] {processor.py:753} INFO - DAG(s) dict_keys(['tutorial_dag']) retrieved from /home/airflow/.local/lib/python3.7/site-packages/airflow/example_dags/tutorial_dag.py
[2023-06-01T09:06:22.971+0000] {logging_mixin.py:137} INFO - [2023-06-01T09:06:22.971+0000] {dag.py:2690} INFO - Sync 1 DAGs
[2023-06-01T09:06:23.008+0000] {logging_mixin.py:137} INFO - [2023-06-01T09:06:23.008+0000] {dag.py:3441} INFO - Setting next_dagrun for tutorial_dag to None, run_after=None
[2023-06-01T09:06:23.042+0000] {processor.py:175} INFO - Processing /home/airflow/.local/lib/python3.7/site-packages/airflow/example_dags/tutorial_dag.py took 0.138 seconds
[2023-06-01T09:06:53.771+0000] {processor.py:153} INFO - Started process (PID=3692) to work on /home/airflow/.local/lib/python3.7/site-packages/airflow/example_dags/tutorial_dag.py
[2023-06-01T09:06:53.773+0000] {processor.py:743} INFO - Processing file /home/airflow/.local/lib/python3.7/site-packages/airflow/example_dags/tutorial_dag.py for tasks to queue
[2023-06-01T09:06:53.774+0000] {logging_mixin.py:137} INFO - [2023-06-01T09:06:53.774+0000] {dagbag.py:538} INFO - Filling up the DagBag from /home/airflow/.local/lib/python3.7/site-packages/airflow/example_dags/tutorial_dag.py
[2023-06-01T09:06:53.791+0000] {processor.py:753} INFO - DAG(s) dict_keys(['tutorial_dag']) retrieved from /home/airflow/.local/lib/python3.7/site-packages/airflow/example_dags/tutorial_dag.py
[2023-06-01T09:06:53.825+0000] {logging_mixin.py:137} INFO - [2023-06-01T09:06:53.825+0000] {dag.py:2690} INFO - Sync 1 DAGs
[2023-06-01T09:06:53.856+0000] {logging_mixin.py:137} INFO - [2023-06-01T09:06:53.856+0000] {dag.py:3441} INFO - Setting next_dagrun for tutorial_dag to None, run_after=None
[2023-06-01T09:06:53.887+0000] {processor.py:175} INFO - Processing /home/airflow/.local/lib/python3.7/site-packages/airflow/example_dags/tutorial_dag.py took 0.119 seconds
[2023-06-01T09:07:24.682+0000] {processor.py:153} INFO - Started process (PID=3779) to work on /home/airflow/.local/lib/python3.7/site-packages/airflow/example_dags/tutorial_dag.py
[2023-06-01T09:07:24.683+0000] {processor.py:743} INFO - Processing file /home/airflow/.local/lib/python3.7/site-packages/airflow/example_dags/tutorial_dag.py for tasks to queue
[2023-06-01T09:07:24.684+0000] {logging_mixin.py:137} INFO - [2023-06-01T09:07:24.683+0000] {dagbag.py:538} INFO - Filling up the DagBag from /home/airflow/.local/lib/python3.7/site-packages/airflow/example_dags/tutorial_dag.py
[2023-06-01T09:07:24.700+0000] {processor.py:753} INFO - DAG(s) dict_keys(['tutorial_dag']) retrieved from /home/airflow/.local/lib/python3.7/site-packages/airflow/example_dags/tutorial_dag.py
[2023-06-01T09:07:24.740+0000] {logging_mixin.py:137} INFO - [2023-06-01T09:07:24.740+0000] {dag.py:2690} INFO - Sync 1 DAGs
[2023-06-01T09:07:24.774+0000] {logging_mixin.py:137} INFO - [2023-06-01T09:07:24.773+0000] {dag.py:3441} INFO - Setting next_dagrun for tutorial_dag to None, run_after=None
[2023-06-01T09:07:24.805+0000] {processor.py:175} INFO - Processing /home/airflow/.local/lib/python3.7/site-packages/airflow/example_dags/tutorial_dag.py took 0.127 seconds
[2023-06-01T09:07:55.657+0000] {processor.py:153} INFO - Started process (PID=3875) to work on /home/airflow/.local/lib/python3.7/site-packages/airflow/example_dags/tutorial_dag.py
[2023-06-01T09:07:55.659+0000] {processor.py:743} INFO - Processing file /home/airflow/.local/lib/python3.7/site-packages/airflow/example_dags/tutorial_dag.py for tasks to queue
[2023-06-01T09:07:55.660+0000] {logging_mixin.py:137} INFO - [2023-06-01T09:07:55.659+0000] {dagbag.py:538} INFO - Filling up the DagBag from /home/airflow/.local/lib/python3.7/site-packages/airflow/example_dags/tutorial_dag.py
[2023-06-01T09:07:55.674+0000] {processor.py:753} INFO - DAG(s) dict_keys(['tutorial_dag']) retrieved from /home/airflow/.local/lib/python3.7/site-packages/airflow/example_dags/tutorial_dag.py
[2023-06-01T09:07:55.706+0000] {logging_mixin.py:137} INFO - [2023-06-01T09:07:55.706+0000] {dag.py:2690} INFO - Sync 1 DAGs
[2023-06-01T09:07:55.741+0000] {logging_mixin.py:137} INFO - [2023-06-01T09:07:55.741+0000] {dag.py:3441} INFO - Setting next_dagrun for tutorial_dag to None, run_after=None
[2023-06-01T09:07:55.766+0000] {processor.py:175} INFO - Processing /home/airflow/.local/lib/python3.7/site-packages/airflow/example_dags/tutorial_dag.py took 0.113 seconds
[2023-06-01T09:08:26.376+0000] {processor.py:153} INFO - Started process (PID=3977) to work on /home/airflow/.local/lib/python3.7/site-packages/airflow/example_dags/tutorial_dag.py
[2023-06-01T09:08:26.377+0000] {processor.py:743} INFO - Processing file /home/airflow/.local/lib/python3.7/site-packages/airflow/example_dags/tutorial_dag.py for tasks to queue
[2023-06-01T09:08:26.378+0000] {logging_mixin.py:137} INFO - [2023-06-01T09:08:26.378+0000] {dagbag.py:538} INFO - Filling up the DagBag from /home/airflow/.local/lib/python3.7/site-packages/airflow/example_dags/tutorial_dag.py
[2023-06-01T09:08:26.394+0000] {processor.py:753} INFO - DAG(s) dict_keys(['tutorial_dag']) retrieved from /home/airflow/.local/lib/python3.7/site-packages/airflow/example_dags/tutorial_dag.py
[2023-06-01T09:08:26.435+0000] {logging_mixin.py:137} INFO - [2023-06-01T09:08:26.435+0000] {dag.py:2690} INFO - Sync 1 DAGs
[2023-06-01T09:08:26.468+0000] {logging_mixin.py:137} INFO - [2023-06-01T09:08:26.467+0000] {dag.py:3441} INFO - Setting next_dagrun for tutorial_dag to None, run_after=None
[2023-06-01T09:08:26.497+0000] {processor.py:175} INFO - Processing /home/airflow/.local/lib/python3.7/site-packages/airflow/example_dags/tutorial_dag.py took 0.127 seconds
[2023-06-01T09:08:56.805+0000] {processor.py:153} INFO - Started process (PID=4064) to work on /home/airflow/.local/lib/python3.7/site-packages/airflow/example_dags/tutorial_dag.py
[2023-06-01T09:08:56.807+0000] {processor.py:743} INFO - Processing file /home/airflow/.local/lib/python3.7/site-packages/airflow/example_dags/tutorial_dag.py for tasks to queue
[2023-06-01T09:08:56.808+0000] {logging_mixin.py:137} INFO - [2023-06-01T09:08:56.808+0000] {dagbag.py:538} INFO - Filling up the DagBag from /home/airflow/.local/lib/python3.7/site-packages/airflow/example_dags/tutorial_dag.py
[2023-06-01T09:08:56.825+0000] {processor.py:753} INFO - DAG(s) dict_keys(['tutorial_dag']) retrieved from /home/airflow/.local/lib/python3.7/site-packages/airflow/example_dags/tutorial_dag.py
[2023-06-01T09:08:56.856+0000] {logging_mixin.py:137} INFO - [2023-06-01T09:08:56.856+0000] {dag.py:2690} INFO - Sync 1 DAGs
[2023-06-01T09:08:56.885+0000] {logging_mixin.py:137} INFO - [2023-06-01T09:08:56.885+0000] {dag.py:3441} INFO - Setting next_dagrun for tutorial_dag to None, run_after=None
[2023-06-01T09:08:56.907+0000] {processor.py:175} INFO - Processing /home/airflow/.local/lib/python3.7/site-packages/airflow/example_dags/tutorial_dag.py took 0.107 seconds
[2023-06-01T09:09:27.327+0000] {processor.py:153} INFO - Started process (PID=4151) to work on /home/airflow/.local/lib/python3.7/site-packages/airflow/example_dags/tutorial_dag.py
[2023-06-01T09:09:27.328+0000] {processor.py:743} INFO - Processing file /home/airflow/.local/lib/python3.7/site-packages/airflow/example_dags/tutorial_dag.py for tasks to queue
[2023-06-01T09:09:27.329+0000] {logging_mixin.py:137} INFO - [2023-06-01T09:09:27.328+0000] {dagbag.py:538} INFO - Filling up the DagBag from /home/airflow/.local/lib/python3.7/site-packages/airflow/example_dags/tutorial_dag.py
[2023-06-01T09:09:27.344+0000] {processor.py:753} INFO - DAG(s) dict_keys(['tutorial_dag']) retrieved from /home/airflow/.local/lib/python3.7/site-packages/airflow/example_dags/tutorial_dag.py
[2023-06-01T09:09:27.376+0000] {logging_mixin.py:137} INFO - [2023-06-01T09:09:27.376+0000] {dag.py:2690} INFO - Sync 1 DAGs
[2023-06-01T09:09:27.403+0000] {logging_mixin.py:137} INFO - [2023-06-01T09:09:27.402+0000] {dag.py:3441} INFO - Setting next_dagrun for tutorial_dag to None, run_after=None
[2023-06-01T09:09:27.429+0000] {processor.py:175} INFO - Processing /home/airflow/.local/lib/python3.7/site-packages/airflow/example_dags/tutorial_dag.py took 0.106 seconds
[2023-06-01T09:09:58.353+0000] {processor.py:153} INFO - Started process (PID=4262) to work on /home/airflow/.local/lib/python3.7/site-packages/airflow/example_dags/tutorial_dag.py
[2023-06-01T09:09:58.355+0000] {processor.py:743} INFO - Processing file /home/airflow/.local/lib/python3.7/site-packages/airflow/example_dags/tutorial_dag.py for tasks to queue
[2023-06-01T09:09:58.355+0000] {logging_mixin.py:137} INFO - [2023-06-01T09:09:58.355+0000] {dagbag.py:538} INFO - Filling up the DagBag from /home/airflow/.local/lib/python3.7/site-packages/airflow/example_dags/tutorial_dag.py
[2023-06-01T09:09:58.371+0000] {processor.py:753} INFO - DAG(s) dict_keys(['tutorial_dag']) retrieved from /home/airflow/.local/lib/python3.7/site-packages/airflow/example_dags/tutorial_dag.py
[2023-06-01T09:09:58.404+0000] {logging_mixin.py:137} INFO - [2023-06-01T09:09:58.404+0000] {dag.py:2690} INFO - Sync 1 DAGs
[2023-06-01T09:09:58.435+0000] {logging_mixin.py:137} INFO - [2023-06-01T09:09:58.435+0000] {dag.py:3441} INFO - Setting next_dagrun for tutorial_dag to None, run_after=None
[2023-06-01T09:09:58.462+0000] {processor.py:175} INFO - Processing /home/airflow/.local/lib/python3.7/site-packages/airflow/example_dags/tutorial_dag.py took 0.113 seconds
[2023-06-01T09:10:28.762+0000] {processor.py:153} INFO - Started process (PID=4349) to work on /home/airflow/.local/lib/python3.7/site-packages/airflow/example_dags/tutorial_dag.py
[2023-06-01T09:10:28.763+0000] {processor.py:743} INFO - Processing file /home/airflow/.local/lib/python3.7/site-packages/airflow/example_dags/tutorial_dag.py for tasks to queue
[2023-06-01T09:10:28.764+0000] {logging_mixin.py:137} INFO - [2023-06-01T09:10:28.763+0000] {dagbag.py:538} INFO - Filling up the DagBag from /home/airflow/.local/lib/python3.7/site-packages/airflow/example_dags/tutorial_dag.py
[2023-06-01T09:10:28.779+0000] {processor.py:753} INFO - DAG(s) dict_keys(['tutorial_dag']) retrieved from /home/airflow/.local/lib/python3.7/site-packages/airflow/example_dags/tutorial_dag.py
[2023-06-01T09:10:28.823+0000] {logging_mixin.py:137} INFO - [2023-06-01T09:10:28.822+0000] {dag.py:2690} INFO - Sync 1 DAGs
[2023-06-01T09:10:28.854+0000] {logging_mixin.py:137} INFO - [2023-06-01T09:10:28.853+0000] {dag.py:3441} INFO - Setting next_dagrun for tutorial_dag to None, run_after=None
[2023-06-01T09:10:28.879+0000] {processor.py:175} INFO - Processing /home/airflow/.local/lib/python3.7/site-packages/airflow/example_dags/tutorial_dag.py took 0.121 seconds
[2023-06-01T09:10:59.020+0000] {processor.py:153} INFO - Started process (PID=4436) to work on /home/airflow/.local/lib/python3.7/site-packages/airflow/example_dags/tutorial_dag.py
[2023-06-01T09:10:59.022+0000] {processor.py:743} INFO - Processing file /home/airflow/.local/lib/python3.7/site-packages/airflow/example_dags/tutorial_dag.py for tasks to queue
[2023-06-01T09:10:59.022+0000] {logging_mixin.py:137} INFO - [2023-06-01T09:10:59.022+0000] {dagbag.py:538} INFO - Filling up the DagBag from /home/airflow/.local/lib/python3.7/site-packages/airflow/example_dags/tutorial_dag.py
[2023-06-01T09:10:59.036+0000] {processor.py:753} INFO - DAG(s) dict_keys(['tutorial_dag']) retrieved from /home/airflow/.local/lib/python3.7/site-packages/airflow/example_dags/tutorial_dag.py
[2023-06-01T09:10:59.068+0000] {logging_mixin.py:137} INFO - [2023-06-01T09:10:59.068+0000] {dag.py:2690} INFO - Sync 1 DAGs
[2023-06-01T09:10:59.097+0000] {logging_mixin.py:137} INFO - [2023-06-01T09:10:59.096+0000] {dag.py:3441} INFO - Setting next_dagrun for tutorial_dag to None, run_after=None
[2023-06-01T09:10:59.123+0000] {processor.py:175} INFO - Processing /home/airflow/.local/lib/python3.7/site-packages/airflow/example_dags/tutorial_dag.py took 0.108 seconds
[2023-06-01T09:11:29.400+0000] {processor.py:153} INFO - Started process (PID=4523) to work on /home/airflow/.local/lib/python3.7/site-packages/airflow/example_dags/tutorial_dag.py
[2023-06-01T09:11:29.401+0000] {processor.py:743} INFO - Processing file /home/airflow/.local/lib/python3.7/site-packages/airflow/example_dags/tutorial_dag.py for tasks to queue
[2023-06-01T09:11:29.402+0000] {logging_mixin.py:137} INFO - [2023-06-01T09:11:29.401+0000] {dagbag.py:538} INFO - Filling up the DagBag from /home/airflow/.local/lib/python3.7/site-packages/airflow/example_dags/tutorial_dag.py
[2023-06-01T09:11:29.415+0000] {processor.py:753} INFO - DAG(s) dict_keys(['tutorial_dag']) retrieved from /home/airflow/.local/lib/python3.7/site-packages/airflow/example_dags/tutorial_dag.py
[2023-06-01T09:11:29.443+0000] {logging_mixin.py:137} INFO - [2023-06-01T09:11:29.443+0000] {dag.py:2690} INFO - Sync 1 DAGs
[2023-06-01T09:11:29.468+0000] {logging_mixin.py:137} INFO - [2023-06-01T09:11:29.468+0000] {dag.py:3441} INFO - Setting next_dagrun for tutorial_dag to None, run_after=None
[2023-06-01T09:11:29.485+0000] {processor.py:175} INFO - Processing /home/airflow/.local/lib/python3.7/site-packages/airflow/example_dags/tutorial_dag.py took 0.088 seconds
[2023-06-01T09:11:59.902+0000] {processor.py:153} INFO - Started process (PID=4634) to work on /home/airflow/.local/lib/python3.7/site-packages/airflow/example_dags/tutorial_dag.py
[2023-06-01T09:11:59.904+0000] {processor.py:743} INFO - Processing file /home/airflow/.local/lib/python3.7/site-packages/airflow/example_dags/tutorial_dag.py for tasks to queue
[2023-06-01T09:11:59.905+0000] {logging_mixin.py:137} INFO - [2023-06-01T09:11:59.905+0000] {dagbag.py:538} INFO - Filling up the DagBag from /home/airflow/.local/lib/python3.7/site-packages/airflow/example_dags/tutorial_dag.py
[2023-06-01T09:11:59.920+0000] {processor.py:753} INFO - DAG(s) dict_keys(['tutorial_dag']) retrieved from /home/airflow/.local/lib/python3.7/site-packages/airflow/example_dags/tutorial_dag.py
[2023-06-01T09:11:59.950+0000] {logging_mixin.py:137} INFO - [2023-06-01T09:11:59.950+0000] {dag.py:2690} INFO - Sync 1 DAGs
[2023-06-01T09:11:59.976+0000] {logging_mixin.py:137} INFO - [2023-06-01T09:11:59.976+0000] {dag.py:3441} INFO - Setting next_dagrun for tutorial_dag to None, run_after=None
[2023-06-01T09:11:59.998+0000] {processor.py:175} INFO - Processing /home/airflow/.local/lib/python3.7/site-packages/airflow/example_dags/tutorial_dag.py took 0.099 seconds
[2023-06-01T09:12:30.786+0000] {processor.py:153} INFO - Started process (PID=4721) to work on /home/airflow/.local/lib/python3.7/site-packages/airflow/example_dags/tutorial_dag.py
[2023-06-01T09:12:30.788+0000] {processor.py:743} INFO - Processing file /home/airflow/.local/lib/python3.7/site-packages/airflow/example_dags/tutorial_dag.py for tasks to queue
[2023-06-01T09:12:30.788+0000] {logging_mixin.py:137} INFO - [2023-06-01T09:12:30.788+0000] {dagbag.py:538} INFO - Filling up the DagBag from /home/airflow/.local/lib/python3.7/site-packages/airflow/example_dags/tutorial_dag.py
[2023-06-01T09:12:30.801+0000] {processor.py:753} INFO - DAG(s) dict_keys(['tutorial_dag']) retrieved from /home/airflow/.local/lib/python3.7/site-packages/airflow/example_dags/tutorial_dag.py
[2023-06-01T09:12:30.865+0000] {logging_mixin.py:137} INFO - [2023-06-01T09:12:30.865+0000] {dag.py:2690} INFO - Sync 1 DAGs
[2023-06-01T09:12:30.891+0000] {logging_mixin.py:137} INFO - [2023-06-01T09:12:30.890+0000] {dag.py:3441} INFO - Setting next_dagrun for tutorial_dag to None, run_after=None
[2023-06-01T09:12:30.913+0000] {processor.py:175} INFO - Processing /home/airflow/.local/lib/python3.7/site-packages/airflow/example_dags/tutorial_dag.py took 0.131 seconds
