[2023-06-01T08:47:27.591+0000] {processor.py:153} INFO - Started process (PID=121) to work on /home/airflow/.local/lib/python3.7/site-packages/airflow/example_dags/tutorial.py
[2023-06-01T08:47:27.592+0000] {processor.py:743} INFO - Processing file /home/airflow/.local/lib/python3.7/site-packages/airflow/example_dags/tutorial.py for tasks to queue
[2023-06-01T08:47:27.593+0000] {logging_mixin.py:137} INFO - [2023-06-01T08:47:27.593+0000] {dagbag.py:538} INFO - Filling up the DagBag from /home/airflow/.local/lib/python3.7/site-packages/airflow/example_dags/tutorial.py
[2023-06-01T08:47:27.610+0000] {processor.py:753} INFO - DAG(s) dict_keys(['tutorial']) retrieved from /home/airflow/.local/lib/python3.7/site-packages/airflow/example_dags/tutorial.py
[2023-06-01T08:47:27.627+0000] {logging_mixin.py:137} INFO - [2023-06-01T08:47:27.627+0000] {dag.py:2690} INFO - Sync 1 DAGs
[2023-06-01T08:47:27.660+0000] {logging_mixin.py:137} INFO - [2023-06-01T08:47:27.659+0000] {dag.py:3441} INFO - Setting next_dagrun for tutorial to 2023-05-31T08:47:27.659590+00:00, run_after=2023-06-01T08:47:27.659590+00:00
[2023-06-01T08:47:27.687+0000] {processor.py:175} INFO - Processing /home/airflow/.local/lib/python3.7/site-packages/airflow/example_dags/tutorial.py took 0.099 seconds
[2023-06-01T08:47:57.753+0000] {processor.py:153} INFO - Started process (PID=208) to work on /home/airflow/.local/lib/python3.7/site-packages/airflow/example_dags/tutorial.py
[2023-06-01T08:47:57.753+0000] {processor.py:743} INFO - Processing file /home/airflow/.local/lib/python3.7/site-packages/airflow/example_dags/tutorial.py for tasks to queue
[2023-06-01T08:47:57.754+0000] {logging_mixin.py:137} INFO - [2023-06-01T08:47:57.754+0000] {dagbag.py:538} INFO - Filling up the DagBag from /home/airflow/.local/lib/python3.7/site-packages/airflow/example_dags/tutorial.py
[2023-06-01T08:47:57.766+0000] {processor.py:753} INFO - DAG(s) dict_keys(['tutorial']) retrieved from /home/airflow/.local/lib/python3.7/site-packages/airflow/example_dags/tutorial.py
[2023-06-01T08:47:57.789+0000] {logging_mixin.py:137} INFO - [2023-06-01T08:47:57.789+0000] {dag.py:2690} INFO - Sync 1 DAGs
[2023-06-01T08:47:57.813+0000] {logging_mixin.py:137} INFO - [2023-06-01T08:47:57.812+0000] {dag.py:3441} INFO - Setting next_dagrun for tutorial to 2023-05-31T08:47:57.812733+00:00, run_after=2023-06-01T08:47:57.812733+00:00
[2023-06-01T08:47:57.829+0000] {processor.py:175} INFO - Processing /home/airflow/.local/lib/python3.7/site-packages/airflow/example_dags/tutorial.py took 0.079 seconds
[2023-06-01T08:48:28.628+0000] {processor.py:153} INFO - Started process (PID=295) to work on /home/airflow/.local/lib/python3.7/site-packages/airflow/example_dags/tutorial.py
[2023-06-01T08:48:28.630+0000] {processor.py:743} INFO - Processing file /home/airflow/.local/lib/python3.7/site-packages/airflow/example_dags/tutorial.py for tasks to queue
[2023-06-01T08:48:28.631+0000] {logging_mixin.py:137} INFO - [2023-06-01T08:48:28.631+0000] {dagbag.py:538} INFO - Filling up the DagBag from /home/airflow/.local/lib/python3.7/site-packages/airflow/example_dags/tutorial.py
[2023-06-01T08:48:28.646+0000] {processor.py:753} INFO - DAG(s) dict_keys(['tutorial']) retrieved from /home/airflow/.local/lib/python3.7/site-packages/airflow/example_dags/tutorial.py
[2023-06-01T08:48:28.674+0000] {logging_mixin.py:137} INFO - [2023-06-01T08:48:28.674+0000] {dag.py:2690} INFO - Sync 1 DAGs
[2023-06-01T08:48:28.699+0000] {logging_mixin.py:137} INFO - [2023-06-01T08:48:28.699+0000] {dag.py:3441} INFO - Setting next_dagrun for tutorial to 2023-05-31T08:48:28.699222+00:00, run_after=2023-06-01T08:48:28.699222+00:00
[2023-06-01T08:48:28.718+0000] {processor.py:175} INFO - Processing /home/airflow/.local/lib/python3.7/site-packages/airflow/example_dags/tutorial.py took 0.093 seconds
[2023-06-01T08:48:59.585+0000] {processor.py:153} INFO - Started process (PID=406) to work on /home/airflow/.local/lib/python3.7/site-packages/airflow/example_dags/tutorial.py
[2023-06-01T08:48:59.586+0000] {processor.py:743} INFO - Processing file /home/airflow/.local/lib/python3.7/site-packages/airflow/example_dags/tutorial.py for tasks to queue
[2023-06-01T08:48:59.586+0000] {logging_mixin.py:137} INFO - [2023-06-01T08:48:59.586+0000] {dagbag.py:538} INFO - Filling up the DagBag from /home/airflow/.local/lib/python3.7/site-packages/airflow/example_dags/tutorial.py
[2023-06-01T08:48:59.600+0000] {processor.py:753} INFO - DAG(s) dict_keys(['tutorial']) retrieved from /home/airflow/.local/lib/python3.7/site-packages/airflow/example_dags/tutorial.py
[2023-06-01T08:48:59.627+0000] {logging_mixin.py:137} INFO - [2023-06-01T08:48:59.627+0000] {dag.py:2690} INFO - Sync 1 DAGs
[2023-06-01T08:48:59.652+0000] {logging_mixin.py:137} INFO - [2023-06-01T08:48:59.652+0000] {dag.py:3441} INFO - Setting next_dagrun for tutorial to 2023-05-31T08:48:59.652002+00:00, run_after=2023-06-01T08:48:59.652002+00:00
[2023-06-01T08:48:59.671+0000] {processor.py:175} INFO - Processing /home/airflow/.local/lib/python3.7/site-packages/airflow/example_dags/tutorial.py took 0.088 seconds
[2023-06-01T08:49:31.100+0000] {processor.py:153} INFO - Started process (PID=493) to work on /home/airflow/.local/lib/python3.7/site-packages/airflow/example_dags/tutorial.py
[2023-06-01T08:49:31.102+0000] {processor.py:743} INFO - Processing file /home/airflow/.local/lib/python3.7/site-packages/airflow/example_dags/tutorial.py for tasks to queue
[2023-06-01T08:49:31.103+0000] {logging_mixin.py:137} INFO - [2023-06-01T08:49:31.103+0000] {dagbag.py:538} INFO - Filling up the DagBag from /home/airflow/.local/lib/python3.7/site-packages/airflow/example_dags/tutorial.py
[2023-06-01T08:49:31.118+0000] {processor.py:753} INFO - DAG(s) dict_keys(['tutorial']) retrieved from /home/airflow/.local/lib/python3.7/site-packages/airflow/example_dags/tutorial.py
[2023-06-01T08:49:31.147+0000] {logging_mixin.py:137} INFO - [2023-06-01T08:49:31.147+0000] {dag.py:2690} INFO - Sync 1 DAGs
[2023-06-01T08:49:31.171+0000] {logging_mixin.py:137} INFO - [2023-06-01T08:49:31.171+0000] {dag.py:3441} INFO - Setting next_dagrun for tutorial to 2023-05-31T08:49:31.171290+00:00, run_after=2023-06-01T08:49:31.171290+00:00
[2023-06-01T08:49:31.189+0000] {processor.py:175} INFO - Processing /home/airflow/.local/lib/python3.7/site-packages/airflow/example_dags/tutorial.py took 0.093 seconds
[2023-06-01T08:50:01.609+0000] {processor.py:153} INFO - Started process (PID=604) to work on /home/airflow/.local/lib/python3.7/site-packages/airflow/example_dags/tutorial.py
[2023-06-01T08:50:01.609+0000] {processor.py:743} INFO - Processing file /home/airflow/.local/lib/python3.7/site-packages/airflow/example_dags/tutorial.py for tasks to queue
[2023-06-01T08:50:01.610+0000] {logging_mixin.py:137} INFO - [2023-06-01T08:50:01.610+0000] {dagbag.py:538} INFO - Filling up the DagBag from /home/airflow/.local/lib/python3.7/site-packages/airflow/example_dags/tutorial.py
[2023-06-01T08:50:01.624+0000] {processor.py:753} INFO - DAG(s) dict_keys(['tutorial']) retrieved from /home/airflow/.local/lib/python3.7/site-packages/airflow/example_dags/tutorial.py
[2023-06-01T08:50:01.656+0000] {logging_mixin.py:137} INFO - [2023-06-01T08:50:01.655+0000] {dag.py:2690} INFO - Sync 1 DAGs
[2023-06-01T08:50:01.688+0000] {logging_mixin.py:137} INFO - [2023-06-01T08:50:01.688+0000] {dag.py:3441} INFO - Setting next_dagrun for tutorial to 2023-05-31T08:50:01.688171+00:00, run_after=2023-06-01T08:50:01.688171+00:00
[2023-06-01T08:50:01.712+0000] {processor.py:175} INFO - Processing /home/airflow/.local/lib/python3.7/site-packages/airflow/example_dags/tutorial.py took 0.106 seconds
[2023-06-01T08:50:32.114+0000] {processor.py:153} INFO - Started process (PID=691) to work on /home/airflow/.local/lib/python3.7/site-packages/airflow/example_dags/tutorial.py
[2023-06-01T08:50:32.115+0000] {processor.py:743} INFO - Processing file /home/airflow/.local/lib/python3.7/site-packages/airflow/example_dags/tutorial.py for tasks to queue
[2023-06-01T08:50:32.116+0000] {logging_mixin.py:137} INFO - [2023-06-01T08:50:32.116+0000] {dagbag.py:538} INFO - Filling up the DagBag from /home/airflow/.local/lib/python3.7/site-packages/airflow/example_dags/tutorial.py
[2023-06-01T08:50:32.130+0000] {processor.py:753} INFO - DAG(s) dict_keys(['tutorial']) retrieved from /home/airflow/.local/lib/python3.7/site-packages/airflow/example_dags/tutorial.py
[2023-06-01T08:50:32.159+0000] {logging_mixin.py:137} INFO - [2023-06-01T08:50:32.159+0000] {dag.py:2690} INFO - Sync 1 DAGs
[2023-06-01T08:50:32.184+0000] {logging_mixin.py:137} INFO - [2023-06-01T08:50:32.183+0000] {dag.py:3441} INFO - Setting next_dagrun for tutorial to 2023-05-31T08:50:32.183613+00:00, run_after=2023-06-01T08:50:32.183613+00:00
[2023-06-01T08:50:32.200+0000] {processor.py:175} INFO - Processing /home/airflow/.local/lib/python3.7/site-packages/airflow/example_dags/tutorial.py took 0.089 seconds
[2023-06-01T08:51:02.416+0000] {processor.py:153} INFO - Started process (PID=778) to work on /home/airflow/.local/lib/python3.7/site-packages/airflow/example_dags/tutorial.py
[2023-06-01T08:51:02.417+0000] {processor.py:743} INFO - Processing file /home/airflow/.local/lib/python3.7/site-packages/airflow/example_dags/tutorial.py for tasks to queue
[2023-06-01T08:51:02.417+0000] {logging_mixin.py:137} INFO - [2023-06-01T08:51:02.417+0000] {dagbag.py:538} INFO - Filling up the DagBag from /home/airflow/.local/lib/python3.7/site-packages/airflow/example_dags/tutorial.py
[2023-06-01T08:51:02.432+0000] {processor.py:753} INFO - DAG(s) dict_keys(['tutorial']) retrieved from /home/airflow/.local/lib/python3.7/site-packages/airflow/example_dags/tutorial.py
[2023-06-01T08:51:02.459+0000] {logging_mixin.py:137} INFO - [2023-06-01T08:51:02.459+0000] {dag.py:2690} INFO - Sync 1 DAGs
[2023-06-01T08:51:02.483+0000] {logging_mixin.py:137} INFO - [2023-06-01T08:51:02.483+0000] {dag.py:3441} INFO - Setting next_dagrun for tutorial to 2023-05-31T08:51:02.483096+00:00, run_after=2023-06-01T08:51:02.483096+00:00
[2023-06-01T08:51:02.500+0000] {processor.py:175} INFO - Processing /home/airflow/.local/lib/python3.7/site-packages/airflow/example_dags/tutorial.py took 0.088 seconds
[2023-06-01T08:51:33.024+0000] {processor.py:153} INFO - Started process (PID=889) to work on /home/airflow/.local/lib/python3.7/site-packages/airflow/example_dags/tutorial.py
[2023-06-01T08:51:33.025+0000] {processor.py:743} INFO - Processing file /home/airflow/.local/lib/python3.7/site-packages/airflow/example_dags/tutorial.py for tasks to queue
[2023-06-01T08:51:33.026+0000] {logging_mixin.py:137} INFO - [2023-06-01T08:51:33.025+0000] {dagbag.py:538} INFO - Filling up the DagBag from /home/airflow/.local/lib/python3.7/site-packages/airflow/example_dags/tutorial.py
[2023-06-01T08:51:33.041+0000] {processor.py:753} INFO - DAG(s) dict_keys(['tutorial']) retrieved from /home/airflow/.local/lib/python3.7/site-packages/airflow/example_dags/tutorial.py
[2023-06-01T08:51:33.076+0000] {logging_mixin.py:137} INFO - [2023-06-01T08:51:33.076+0000] {dag.py:2690} INFO - Sync 1 DAGs
[2023-06-01T08:51:33.102+0000] {logging_mixin.py:137} INFO - [2023-06-01T08:51:33.102+0000] {dag.py:3441} INFO - Setting next_dagrun for tutorial to 2023-05-31T08:51:33.102282+00:00, run_after=2023-06-01T08:51:33.102282+00:00
[2023-06-01T08:51:33.122+0000] {processor.py:175} INFO - Processing /home/airflow/.local/lib/python3.7/site-packages/airflow/example_dags/tutorial.py took 0.102 seconds
[2023-06-01T08:52:03.533+0000] {processor.py:153} INFO - Started process (PID=976) to work on /home/airflow/.local/lib/python3.7/site-packages/airflow/example_dags/tutorial.py
[2023-06-01T08:52:03.534+0000] {processor.py:743} INFO - Processing file /home/airflow/.local/lib/python3.7/site-packages/airflow/example_dags/tutorial.py for tasks to queue
[2023-06-01T08:52:03.535+0000] {logging_mixin.py:137} INFO - [2023-06-01T08:52:03.535+0000] {dagbag.py:538} INFO - Filling up the DagBag from /home/airflow/.local/lib/python3.7/site-packages/airflow/example_dags/tutorial.py
[2023-06-01T08:52:03.550+0000] {processor.py:753} INFO - DAG(s) dict_keys(['tutorial']) retrieved from /home/airflow/.local/lib/python3.7/site-packages/airflow/example_dags/tutorial.py
[2023-06-01T08:52:03.583+0000] {logging_mixin.py:137} INFO - [2023-06-01T08:52:03.583+0000] {dag.py:2690} INFO - Sync 1 DAGs
[2023-06-01T08:52:03.614+0000] {logging_mixin.py:137} INFO - [2023-06-01T08:52:03.614+0000] {dag.py:3441} INFO - Setting next_dagrun for tutorial to 2023-05-31T08:52:03.614189+00:00, run_after=2023-06-01T08:52:03.614189+00:00
[2023-06-01T08:52:03.637+0000] {processor.py:175} INFO - Processing /home/airflow/.local/lib/python3.7/site-packages/airflow/example_dags/tutorial.py took 0.108 seconds
[2023-06-01T08:52:33.984+0000] {processor.py:153} INFO - Started process (PID=1063) to work on /home/airflow/.local/lib/python3.7/site-packages/airflow/example_dags/tutorial.py
[2023-06-01T08:52:33.986+0000] {processor.py:743} INFO - Processing file /home/airflow/.local/lib/python3.7/site-packages/airflow/example_dags/tutorial.py for tasks to queue
[2023-06-01T08:52:33.986+0000] {logging_mixin.py:137} INFO - [2023-06-01T08:52:33.986+0000] {dagbag.py:538} INFO - Filling up the DagBag from /home/airflow/.local/lib/python3.7/site-packages/airflow/example_dags/tutorial.py
[2023-06-01T08:52:34.003+0000] {processor.py:753} INFO - DAG(s) dict_keys(['tutorial']) retrieved from /home/airflow/.local/lib/python3.7/site-packages/airflow/example_dags/tutorial.py
[2023-06-01T08:52:34.036+0000] {logging_mixin.py:137} INFO - [2023-06-01T08:52:34.035+0000] {dag.py:2690} INFO - Sync 1 DAGs
[2023-06-01T08:52:34.066+0000] {logging_mixin.py:137} INFO - [2023-06-01T08:52:34.066+0000] {dag.py:3441} INFO - Setting next_dagrun for tutorial to 2023-05-31T08:52:34.065644+00:00, run_after=2023-06-01T08:52:34.065644+00:00
[2023-06-01T08:52:34.090+0000] {processor.py:175} INFO - Processing /home/airflow/.local/lib/python3.7/site-packages/airflow/example_dags/tutorial.py took 0.110 seconds
[2023-06-01T08:53:04.904+0000] {processor.py:153} INFO - Started process (PID=1159) to work on /home/airflow/.local/lib/python3.7/site-packages/airflow/example_dags/tutorial.py
[2023-06-01T08:53:04.905+0000] {processor.py:743} INFO - Processing file /home/airflow/.local/lib/python3.7/site-packages/airflow/example_dags/tutorial.py for tasks to queue
[2023-06-01T08:53:04.905+0000] {logging_mixin.py:137} INFO - [2023-06-01T08:53:04.905+0000] {dagbag.py:538} INFO - Filling up the DagBag from /home/airflow/.local/lib/python3.7/site-packages/airflow/example_dags/tutorial.py
[2023-06-01T08:53:04.918+0000] {processor.py:753} INFO - DAG(s) dict_keys(['tutorial']) retrieved from /home/airflow/.local/lib/python3.7/site-packages/airflow/example_dags/tutorial.py
[2023-06-01T08:53:04.952+0000] {logging_mixin.py:137} INFO - [2023-06-01T08:53:04.952+0000] {dag.py:2690} INFO - Sync 1 DAGs
[2023-06-01T08:53:04.993+0000] {logging_mixin.py:137} INFO - [2023-06-01T08:53:04.992+0000] {dag.py:3441} INFO - Setting next_dagrun for tutorial to 2023-05-31T08:53:04.992445+00:00, run_after=2023-06-01T08:53:04.992445+00:00
[2023-06-01T08:53:05.040+0000] {processor.py:175} INFO - Processing /home/airflow/.local/lib/python3.7/site-packages/airflow/example_dags/tutorial.py took 0.139 seconds
[2023-06-01T08:53:35.272+0000] {processor.py:153} INFO - Started process (PID=1261) to work on /home/airflow/.local/lib/python3.7/site-packages/airflow/example_dags/tutorial.py
[2023-06-01T08:53:35.273+0000] {processor.py:743} INFO - Processing file /home/airflow/.local/lib/python3.7/site-packages/airflow/example_dags/tutorial.py for tasks to queue
[2023-06-01T08:53:35.274+0000] {logging_mixin.py:137} INFO - [2023-06-01T08:53:35.274+0000] {dagbag.py:538} INFO - Filling up the DagBag from /home/airflow/.local/lib/python3.7/site-packages/airflow/example_dags/tutorial.py
[2023-06-01T08:53:35.287+0000] {processor.py:753} INFO - DAG(s) dict_keys(['tutorial']) retrieved from /home/airflow/.local/lib/python3.7/site-packages/airflow/example_dags/tutorial.py
[2023-06-01T08:53:35.316+0000] {logging_mixin.py:137} INFO - [2023-06-01T08:53:35.315+0000] {dag.py:2690} INFO - Sync 1 DAGs
[2023-06-01T08:53:35.340+0000] {logging_mixin.py:137} INFO - [2023-06-01T08:53:35.340+0000] {dag.py:3441} INFO - Setting next_dagrun for tutorial to 2023-05-31T08:53:35.339763+00:00, run_after=2023-06-01T08:53:35.339763+00:00
[2023-06-01T08:53:35.362+0000] {processor.py:175} INFO - Processing /home/airflow/.local/lib/python3.7/site-packages/airflow/example_dags/tutorial.py took 0.094 seconds
[2023-06-01T08:54:05.510+0000] {processor.py:153} INFO - Started process (PID=1348) to work on /home/airflow/.local/lib/python3.7/site-packages/airflow/example_dags/tutorial.py
[2023-06-01T08:54:05.511+0000] {processor.py:743} INFO - Processing file /home/airflow/.local/lib/python3.7/site-packages/airflow/example_dags/tutorial.py for tasks to queue
[2023-06-01T08:54:05.512+0000] {logging_mixin.py:137} INFO - [2023-06-01T08:54:05.512+0000] {dagbag.py:538} INFO - Filling up the DagBag from /home/airflow/.local/lib/python3.7/site-packages/airflow/example_dags/tutorial.py
[2023-06-01T08:54:05.528+0000] {processor.py:753} INFO - DAG(s) dict_keys(['tutorial']) retrieved from /home/airflow/.local/lib/python3.7/site-packages/airflow/example_dags/tutorial.py
[2023-06-01T08:54:05.555+0000] {logging_mixin.py:137} INFO - [2023-06-01T08:54:05.555+0000] {dag.py:2690} INFO - Sync 1 DAGs
[2023-06-01T08:54:05.586+0000] {logging_mixin.py:137} INFO - [2023-06-01T08:54:05.586+0000] {dag.py:3441} INFO - Setting next_dagrun for tutorial to 2023-05-31T08:54:05.585820+00:00, run_after=2023-06-01T08:54:05.585820+00:00
[2023-06-01T08:54:05.608+0000] {processor.py:175} INFO - Processing /home/airflow/.local/lib/python3.7/site-packages/airflow/example_dags/tutorial.py took 0.101 seconds
[2023-06-01T08:54:36.015+0000] {processor.py:153} INFO - Started process (PID=1435) to work on /home/airflow/.local/lib/python3.7/site-packages/airflow/example_dags/tutorial.py
[2023-06-01T08:54:36.016+0000] {processor.py:743} INFO - Processing file /home/airflow/.local/lib/python3.7/site-packages/airflow/example_dags/tutorial.py for tasks to queue
[2023-06-01T08:54:36.017+0000] {logging_mixin.py:137} INFO - [2023-06-01T08:54:36.017+0000] {dagbag.py:538} INFO - Filling up the DagBag from /home/airflow/.local/lib/python3.7/site-packages/airflow/example_dags/tutorial.py
[2023-06-01T08:54:36.030+0000] {processor.py:753} INFO - DAG(s) dict_keys(['tutorial']) retrieved from /home/airflow/.local/lib/python3.7/site-packages/airflow/example_dags/tutorial.py
[2023-06-01T08:54:36.056+0000] {logging_mixin.py:137} INFO - [2023-06-01T08:54:36.056+0000] {dag.py:2690} INFO - Sync 1 DAGs
[2023-06-01T08:54:36.080+0000] {logging_mixin.py:137} INFO - [2023-06-01T08:54:36.080+0000] {dag.py:3441} INFO - Setting next_dagrun for tutorial to 2023-05-31T08:54:36.080182+00:00, run_after=2023-06-01T08:54:36.080182+00:00
[2023-06-01T08:54:36.100+0000] {processor.py:175} INFO - Processing /home/airflow/.local/lib/python3.7/site-packages/airflow/example_dags/tutorial.py took 0.089 seconds
[2023-06-01T08:55:07.075+0000] {processor.py:153} INFO - Started process (PID=1546) to work on /home/airflow/.local/lib/python3.7/site-packages/airflow/example_dags/tutorial.py
[2023-06-01T08:55:07.076+0000] {processor.py:743} INFO - Processing file /home/airflow/.local/lib/python3.7/site-packages/airflow/example_dags/tutorial.py for tasks to queue
[2023-06-01T08:55:07.077+0000] {logging_mixin.py:137} INFO - [2023-06-01T08:55:07.077+0000] {dagbag.py:538} INFO - Filling up the DagBag from /home/airflow/.local/lib/python3.7/site-packages/airflow/example_dags/tutorial.py
[2023-06-01T08:55:07.090+0000] {processor.py:753} INFO - DAG(s) dict_keys(['tutorial']) retrieved from /home/airflow/.local/lib/python3.7/site-packages/airflow/example_dags/tutorial.py
[2023-06-01T08:55:07.118+0000] {logging_mixin.py:137} INFO - [2023-06-01T08:55:07.118+0000] {dag.py:2690} INFO - Sync 1 DAGs
[2023-06-01T08:55:07.144+0000] {logging_mixin.py:137} INFO - [2023-06-01T08:55:07.144+0000] {dag.py:3441} INFO - Setting next_dagrun for tutorial to 2023-05-31T08:55:07.144346+00:00, run_after=2023-06-01T08:55:07.144346+00:00
[2023-06-01T08:55:07.164+0000] {processor.py:175} INFO - Processing /home/airflow/.local/lib/python3.7/site-packages/airflow/example_dags/tutorial.py took 0.092 seconds
[2023-06-01T08:55:38.133+0000] {processor.py:153} INFO - Started process (PID=1633) to work on /home/airflow/.local/lib/python3.7/site-packages/airflow/example_dags/tutorial.py
[2023-06-01T08:55:38.135+0000] {processor.py:743} INFO - Processing file /home/airflow/.local/lib/python3.7/site-packages/airflow/example_dags/tutorial.py for tasks to queue
[2023-06-01T08:55:38.136+0000] {logging_mixin.py:137} INFO - [2023-06-01T08:55:38.136+0000] {dagbag.py:538} INFO - Filling up the DagBag from /home/airflow/.local/lib/python3.7/site-packages/airflow/example_dags/tutorial.py
[2023-06-01T08:55:38.156+0000] {processor.py:753} INFO - DAG(s) dict_keys(['tutorial']) retrieved from /home/airflow/.local/lib/python3.7/site-packages/airflow/example_dags/tutorial.py
[2023-06-01T08:55:38.189+0000] {logging_mixin.py:137} INFO - [2023-06-01T08:55:38.189+0000] {dag.py:2690} INFO - Sync 1 DAGs
[2023-06-01T08:55:38.219+0000] {logging_mixin.py:137} INFO - [2023-06-01T08:55:38.219+0000] {dag.py:3441} INFO - Setting next_dagrun for tutorial to 2023-05-31T08:55:38.218857+00:00, run_after=2023-06-01T08:55:38.218857+00:00
[2023-06-01T08:55:38.242+0000] {processor.py:175} INFO - Processing /home/airflow/.local/lib/python3.7/site-packages/airflow/example_dags/tutorial.py took 0.113 seconds
[2023-06-01T08:56:08.584+0000] {processor.py:153} INFO - Started process (PID=1720) to work on /home/airflow/.local/lib/python3.7/site-packages/airflow/example_dags/tutorial.py
[2023-06-01T08:56:08.585+0000] {processor.py:743} INFO - Processing file /home/airflow/.local/lib/python3.7/site-packages/airflow/example_dags/tutorial.py for tasks to queue
[2023-06-01T08:56:08.585+0000] {logging_mixin.py:137} INFO - [2023-06-01T08:56:08.585+0000] {dagbag.py:538} INFO - Filling up the DagBag from /home/airflow/.local/lib/python3.7/site-packages/airflow/example_dags/tutorial.py
[2023-06-01T08:56:08.601+0000] {processor.py:753} INFO - DAG(s) dict_keys(['tutorial']) retrieved from /home/airflow/.local/lib/python3.7/site-packages/airflow/example_dags/tutorial.py
[2023-06-01T08:56:08.629+0000] {logging_mixin.py:137} INFO - [2023-06-01T08:56:08.629+0000] {dag.py:2690} INFO - Sync 1 DAGs
[2023-06-01T08:56:08.656+0000] {logging_mixin.py:137} INFO - [2023-06-01T08:56:08.656+0000] {dag.py:3441} INFO - Setting next_dagrun for tutorial to 2023-05-31T08:56:08.656512+00:00, run_after=2023-06-01T08:56:08.656512+00:00
[2023-06-01T08:56:08.677+0000] {processor.py:175} INFO - Processing /home/airflow/.local/lib/python3.7/site-packages/airflow/example_dags/tutorial.py took 0.097 seconds
[2023-06-01T08:56:39.588+0000] {processor.py:153} INFO - Started process (PID=1831) to work on /home/airflow/.local/lib/python3.7/site-packages/airflow/example_dags/tutorial.py
[2023-06-01T08:56:39.589+0000] {processor.py:743} INFO - Processing file /home/airflow/.local/lib/python3.7/site-packages/airflow/example_dags/tutorial.py for tasks to queue
[2023-06-01T08:56:39.590+0000] {logging_mixin.py:137} INFO - [2023-06-01T08:56:39.590+0000] {dagbag.py:538} INFO - Filling up the DagBag from /home/airflow/.local/lib/python3.7/site-packages/airflow/example_dags/tutorial.py
[2023-06-01T08:56:39.608+0000] {processor.py:753} INFO - DAG(s) dict_keys(['tutorial']) retrieved from /home/airflow/.local/lib/python3.7/site-packages/airflow/example_dags/tutorial.py
[2023-06-01T08:56:39.642+0000] {logging_mixin.py:137} INFO - [2023-06-01T08:56:39.642+0000] {dag.py:2690} INFO - Sync 1 DAGs
[2023-06-01T08:56:39.672+0000] {logging_mixin.py:137} INFO - [2023-06-01T08:56:39.671+0000] {dag.py:3441} INFO - Setting next_dagrun for tutorial to 2023-05-31T08:56:39.671450+00:00, run_after=2023-06-01T08:56:39.671450+00:00
[2023-06-01T08:56:39.695+0000] {processor.py:175} INFO - Processing /home/airflow/.local/lib/python3.7/site-packages/airflow/example_dags/tutorial.py took 0.112 seconds
[2023-06-01T08:57:09.910+0000] {processor.py:153} INFO - Started process (PID=1918) to work on /home/airflow/.local/lib/python3.7/site-packages/airflow/example_dags/tutorial.py
[2023-06-01T08:57:09.910+0000] {processor.py:743} INFO - Processing file /home/airflow/.local/lib/python3.7/site-packages/airflow/example_dags/tutorial.py for tasks to queue
[2023-06-01T08:57:09.911+0000] {logging_mixin.py:137} INFO - [2023-06-01T08:57:09.911+0000] {dagbag.py:538} INFO - Filling up the DagBag from /home/airflow/.local/lib/python3.7/site-packages/airflow/example_dags/tutorial.py
[2023-06-01T08:57:09.925+0000] {processor.py:753} INFO - DAG(s) dict_keys(['tutorial']) retrieved from /home/airflow/.local/lib/python3.7/site-packages/airflow/example_dags/tutorial.py
[2023-06-01T08:57:09.954+0000] {logging_mixin.py:137} INFO - [2023-06-01T08:57:09.953+0000] {dag.py:2690} INFO - Sync 1 DAGs
[2023-06-01T08:57:09.981+0000] {logging_mixin.py:137} INFO - [2023-06-01T08:57:09.980+0000] {dag.py:3441} INFO - Setting next_dagrun for tutorial to 2023-05-31T08:57:09.980640+00:00, run_after=2023-06-01T08:57:09.980640+00:00
[2023-06-01T08:57:10.001+0000] {processor.py:175} INFO - Processing /home/airflow/.local/lib/python3.7/site-packages/airflow/example_dags/tutorial.py took 0.096 seconds
[2023-06-01T08:57:40.214+0000] {processor.py:153} INFO - Started process (PID=2005) to work on /home/airflow/.local/lib/python3.7/site-packages/airflow/example_dags/tutorial.py
[2023-06-01T08:57:40.216+0000] {processor.py:743} INFO - Processing file /home/airflow/.local/lib/python3.7/site-packages/airflow/example_dags/tutorial.py for tasks to queue
[2023-06-01T08:57:40.216+0000] {logging_mixin.py:137} INFO - [2023-06-01T08:57:40.216+0000] {dagbag.py:538} INFO - Filling up the DagBag from /home/airflow/.local/lib/python3.7/site-packages/airflow/example_dags/tutorial.py
[2023-06-01T08:57:40.235+0000] {processor.py:753} INFO - DAG(s) dict_keys(['tutorial']) retrieved from /home/airflow/.local/lib/python3.7/site-packages/airflow/example_dags/tutorial.py
[2023-06-01T08:57:40.272+0000] {logging_mixin.py:137} INFO - [2023-06-01T08:57:40.272+0000] {dag.py:2690} INFO - Sync 1 DAGs
[2023-06-01T08:57:40.301+0000] {logging_mixin.py:137} INFO - [2023-06-01T08:57:40.301+0000] {dag.py:3441} INFO - Setting next_dagrun for tutorial to 2023-05-31T08:57:40.301440+00:00, run_after=2023-06-01T08:57:40.301440+00:00
[2023-06-01T08:57:40.322+0000] {processor.py:175} INFO - Processing /home/airflow/.local/lib/python3.7/site-packages/airflow/example_dags/tutorial.py took 0.111 seconds
[2023-06-01T08:58:11.526+0000] {processor.py:153} INFO - Started process (PID=2116) to work on /home/airflow/.local/lib/python3.7/site-packages/airflow/example_dags/tutorial.py
[2023-06-01T08:58:11.527+0000] {processor.py:743} INFO - Processing file /home/airflow/.local/lib/python3.7/site-packages/airflow/example_dags/tutorial.py for tasks to queue
[2023-06-01T08:58:11.528+0000] {logging_mixin.py:137} INFO - [2023-06-01T08:58:11.528+0000] {dagbag.py:538} INFO - Filling up the DagBag from /home/airflow/.local/lib/python3.7/site-packages/airflow/example_dags/tutorial.py
[2023-06-01T08:58:11.545+0000] {processor.py:753} INFO - DAG(s) dict_keys(['tutorial']) retrieved from /home/airflow/.local/lib/python3.7/site-packages/airflow/example_dags/tutorial.py
[2023-06-01T08:58:11.576+0000] {logging_mixin.py:137} INFO - [2023-06-01T08:58:11.576+0000] {dag.py:2690} INFO - Sync 1 DAGs
[2023-06-01T08:58:11.602+0000] {logging_mixin.py:137} INFO - [2023-06-01T08:58:11.602+0000] {dag.py:3441} INFO - Setting next_dagrun for tutorial to 2023-05-31T08:58:11.602347+00:00, run_after=2023-06-01T08:58:11.602347+00:00
[2023-06-01T08:58:11.627+0000] {processor.py:175} INFO - Processing /home/airflow/.local/lib/python3.7/site-packages/airflow/example_dags/tutorial.py took 0.104 seconds
[2023-06-01T08:58:42.132+0000] {processor.py:153} INFO - Started process (PID=2203) to work on /home/airflow/.local/lib/python3.7/site-packages/airflow/example_dags/tutorial.py
[2023-06-01T08:58:42.133+0000] {processor.py:743} INFO - Processing file /home/airflow/.local/lib/python3.7/site-packages/airflow/example_dags/tutorial.py for tasks to queue
[2023-06-01T08:58:42.134+0000] {logging_mixin.py:137} INFO - [2023-06-01T08:58:42.134+0000] {dagbag.py:538} INFO - Filling up the DagBag from /home/airflow/.local/lib/python3.7/site-packages/airflow/example_dags/tutorial.py
[2023-06-01T08:58:42.148+0000] {processor.py:753} INFO - DAG(s) dict_keys(['tutorial']) retrieved from /home/airflow/.local/lib/python3.7/site-packages/airflow/example_dags/tutorial.py
[2023-06-01T08:58:42.174+0000] {logging_mixin.py:137} INFO - [2023-06-01T08:58:42.174+0000] {dag.py:2690} INFO - Sync 1 DAGs
[2023-06-01T08:58:42.201+0000] {logging_mixin.py:137} INFO - [2023-06-01T08:58:42.201+0000] {dag.py:3441} INFO - Setting next_dagrun for tutorial to 2023-05-31T08:58:42.200792+00:00, run_after=2023-06-01T08:58:42.200792+00:00
[2023-06-01T08:58:42.228+0000] {processor.py:175} INFO - Processing /home/airflow/.local/lib/python3.7/site-packages/airflow/example_dags/tutorial.py took 0.100 seconds
[2023-06-01T08:59:12.769+0000] {processor.py:153} INFO - Started process (PID=2290) to work on /home/airflow/.local/lib/python3.7/site-packages/airflow/example_dags/tutorial.py
[2023-06-01T08:59:12.770+0000] {processor.py:743} INFO - Processing file /home/airflow/.local/lib/python3.7/site-packages/airflow/example_dags/tutorial.py for tasks to queue
[2023-06-01T08:59:12.771+0000] {logging_mixin.py:137} INFO - [2023-06-01T08:59:12.770+0000] {dagbag.py:538} INFO - Filling up the DagBag from /home/airflow/.local/lib/python3.7/site-packages/airflow/example_dags/tutorial.py
[2023-06-01T08:59:12.787+0000] {processor.py:753} INFO - DAG(s) dict_keys(['tutorial']) retrieved from /home/airflow/.local/lib/python3.7/site-packages/airflow/example_dags/tutorial.py
[2023-06-01T08:59:12.815+0000] {logging_mixin.py:137} INFO - [2023-06-01T08:59:12.814+0000] {dag.py:2690} INFO - Sync 1 DAGs
[2023-06-01T08:59:12.844+0000] {logging_mixin.py:137} INFO - [2023-06-01T08:59:12.844+0000] {dag.py:3441} INFO - Setting next_dagrun for tutorial to 2023-05-31T08:59:12.844060+00:00, run_after=2023-06-01T08:59:12.844060+00:00
[2023-06-01T08:59:12.864+0000] {processor.py:175} INFO - Processing /home/airflow/.local/lib/python3.7/site-packages/airflow/example_dags/tutorial.py took 0.098 seconds
[2023-06-01T08:59:43.609+0000] {processor.py:153} INFO - Started process (PID=2377) to work on /home/airflow/.local/lib/python3.7/site-packages/airflow/example_dags/tutorial.py
[2023-06-01T08:59:43.611+0000] {processor.py:743} INFO - Processing file /home/airflow/.local/lib/python3.7/site-packages/airflow/example_dags/tutorial.py for tasks to queue
[2023-06-01T08:59:43.612+0000] {logging_mixin.py:137} INFO - [2023-06-01T08:59:43.612+0000] {dagbag.py:538} INFO - Filling up the DagBag from /home/airflow/.local/lib/python3.7/site-packages/airflow/example_dags/tutorial.py
[2023-06-01T08:59:43.628+0000] {processor.py:753} INFO - DAG(s) dict_keys(['tutorial']) retrieved from /home/airflow/.local/lib/python3.7/site-packages/airflow/example_dags/tutorial.py
[2023-06-01T08:59:43.659+0000] {logging_mixin.py:137} INFO - [2023-06-01T08:59:43.659+0000] {dag.py:2690} INFO - Sync 1 DAGs
[2023-06-01T08:59:43.697+0000] {logging_mixin.py:137} INFO - [2023-06-01T08:59:43.697+0000] {dag.py:3441} INFO - Setting next_dagrun for tutorial to 2023-05-31T08:59:43.697089+00:00, run_after=2023-06-01T08:59:43.697089+00:00
[2023-06-01T08:59:43.723+0000] {processor.py:175} INFO - Processing /home/airflow/.local/lib/python3.7/site-packages/airflow/example_dags/tutorial.py took 0.118 seconds
[2023-06-01T09:00:14.758+0000] {processor.py:153} INFO - Started process (PID=2488) to work on /home/airflow/.local/lib/python3.7/site-packages/airflow/example_dags/tutorial.py
[2023-06-01T09:00:14.759+0000] {processor.py:743} INFO - Processing file /home/airflow/.local/lib/python3.7/site-packages/airflow/example_dags/tutorial.py for tasks to queue
[2023-06-01T09:00:14.760+0000] {logging_mixin.py:137} INFO - [2023-06-01T09:00:14.760+0000] {dagbag.py:538} INFO - Filling up the DagBag from /home/airflow/.local/lib/python3.7/site-packages/airflow/example_dags/tutorial.py
[2023-06-01T09:00:14.778+0000] {processor.py:753} INFO - DAG(s) dict_keys(['tutorial']) retrieved from /home/airflow/.local/lib/python3.7/site-packages/airflow/example_dags/tutorial.py
[2023-06-01T09:00:14.815+0000] {logging_mixin.py:137} INFO - [2023-06-01T09:00:14.815+0000] {dag.py:2690} INFO - Sync 1 DAGs
[2023-06-01T09:00:14.848+0000] {logging_mixin.py:137} INFO - [2023-06-01T09:00:14.848+0000] {dag.py:3441} INFO - Setting next_dagrun for tutorial to 2023-05-31T09:00:14.848067+00:00, run_after=2023-06-01T09:00:14.848067+00:00
[2023-06-01T09:00:14.870+0000] {processor.py:175} INFO - Processing /home/airflow/.local/lib/python3.7/site-packages/airflow/example_dags/tutorial.py took 0.116 seconds
[2023-06-01T09:00:45.309+0000] {processor.py:153} INFO - Started process (PID=2575) to work on /home/airflow/.local/lib/python3.7/site-packages/airflow/example_dags/tutorial.py
[2023-06-01T09:00:45.311+0000] {processor.py:743} INFO - Processing file /home/airflow/.local/lib/python3.7/site-packages/airflow/example_dags/tutorial.py for tasks to queue
[2023-06-01T09:00:45.312+0000] {logging_mixin.py:137} INFO - [2023-06-01T09:00:45.312+0000] {dagbag.py:538} INFO - Filling up the DagBag from /home/airflow/.local/lib/python3.7/site-packages/airflow/example_dags/tutorial.py
[2023-06-01T09:00:45.329+0000] {processor.py:753} INFO - DAG(s) dict_keys(['tutorial']) retrieved from /home/airflow/.local/lib/python3.7/site-packages/airflow/example_dags/tutorial.py
[2023-06-01T09:00:45.360+0000] {logging_mixin.py:137} INFO - [2023-06-01T09:00:45.360+0000] {dag.py:2690} INFO - Sync 1 DAGs
[2023-06-01T09:00:45.389+0000] {logging_mixin.py:137} INFO - [2023-06-01T09:00:45.388+0000] {dag.py:3441} INFO - Setting next_dagrun for tutorial to 2023-05-31T09:00:45.388464+00:00, run_after=2023-06-01T09:00:45.388464+00:00
[2023-06-01T09:00:45.409+0000] {processor.py:175} INFO - Processing /home/airflow/.local/lib/python3.7/site-packages/airflow/example_dags/tutorial.py took 0.103 seconds
[2023-06-01T09:01:16.204+0000] {processor.py:153} INFO - Started process (PID=2662) to work on /home/airflow/.local/lib/python3.7/site-packages/airflow/example_dags/tutorial.py
[2023-06-01T09:01:16.205+0000] {processor.py:743} INFO - Processing file /home/airflow/.local/lib/python3.7/site-packages/airflow/example_dags/tutorial.py for tasks to queue
[2023-06-01T09:01:16.206+0000] {logging_mixin.py:137} INFO - [2023-06-01T09:01:16.206+0000] {dagbag.py:538} INFO - Filling up the DagBag from /home/airflow/.local/lib/python3.7/site-packages/airflow/example_dags/tutorial.py
[2023-06-01T09:01:16.222+0000] {processor.py:753} INFO - DAG(s) dict_keys(['tutorial']) retrieved from /home/airflow/.local/lib/python3.7/site-packages/airflow/example_dags/tutorial.py
[2023-06-01T09:01:16.257+0000] {logging_mixin.py:137} INFO - [2023-06-01T09:01:16.256+0000] {dag.py:2690} INFO - Sync 1 DAGs
[2023-06-01T09:01:16.285+0000] {logging_mixin.py:137} INFO - [2023-06-01T09:01:16.285+0000] {dag.py:3441} INFO - Setting next_dagrun for tutorial to 2023-05-31T09:01:16.285065+00:00, run_after=2023-06-01T09:01:16.285065+00:00
[2023-06-01T09:01:16.311+0000] {processor.py:175} INFO - Processing /home/airflow/.local/lib/python3.7/site-packages/airflow/example_dags/tutorial.py took 0.111 seconds
[2023-06-01T09:01:46.947+0000] {processor.py:153} INFO - Started process (PID=2773) to work on /home/airflow/.local/lib/python3.7/site-packages/airflow/example_dags/tutorial.py
[2023-06-01T09:01:46.948+0000] {processor.py:743} INFO - Processing file /home/airflow/.local/lib/python3.7/site-packages/airflow/example_dags/tutorial.py for tasks to queue
[2023-06-01T09:01:46.949+0000] {logging_mixin.py:137} INFO - [2023-06-01T09:01:46.949+0000] {dagbag.py:538} INFO - Filling up the DagBag from /home/airflow/.local/lib/python3.7/site-packages/airflow/example_dags/tutorial.py
[2023-06-01T09:01:46.961+0000] {processor.py:753} INFO - DAG(s) dict_keys(['tutorial']) retrieved from /home/airflow/.local/lib/python3.7/site-packages/airflow/example_dags/tutorial.py
[2023-06-01T09:01:46.985+0000] {logging_mixin.py:137} INFO - [2023-06-01T09:01:46.985+0000] {dag.py:2690} INFO - Sync 1 DAGs
[2023-06-01T09:01:47.010+0000] {logging_mixin.py:137} INFO - [2023-06-01T09:01:47.010+0000] {dag.py:3441} INFO - Setting next_dagrun for tutorial to 2023-05-31T09:01:47.010466+00:00, run_after=2023-06-01T09:01:47.010466+00:00
[2023-06-01T09:01:47.030+0000] {processor.py:175} INFO - Processing /home/airflow/.local/lib/python3.7/site-packages/airflow/example_dags/tutorial.py took 0.086 seconds
[2023-06-01T09:02:17.218+0000] {processor.py:153} INFO - Started process (PID=2860) to work on /home/airflow/.local/lib/python3.7/site-packages/airflow/example_dags/tutorial.py
[2023-06-01T09:02:17.219+0000] {processor.py:743} INFO - Processing file /home/airflow/.local/lib/python3.7/site-packages/airflow/example_dags/tutorial.py for tasks to queue
[2023-06-01T09:02:17.219+0000] {logging_mixin.py:137} INFO - [2023-06-01T09:02:17.219+0000] {dagbag.py:538} INFO - Filling up the DagBag from /home/airflow/.local/lib/python3.7/site-packages/airflow/example_dags/tutorial.py
[2023-06-01T09:02:17.238+0000] {processor.py:753} INFO - DAG(s) dict_keys(['tutorial']) retrieved from /home/airflow/.local/lib/python3.7/site-packages/airflow/example_dags/tutorial.py
[2023-06-01T09:02:17.272+0000] {logging_mixin.py:137} INFO - [2023-06-01T09:02:17.272+0000] {dag.py:2690} INFO - Sync 1 DAGs
[2023-06-01T09:02:17.302+0000] {logging_mixin.py:137} INFO - [2023-06-01T09:02:17.302+0000] {dag.py:3441} INFO - Setting next_dagrun for tutorial to 2023-05-31T09:02:17.302102+00:00, run_after=2023-06-01T09:02:17.302102+00:00
[2023-06-01T09:02:17.324+0000] {processor.py:175} INFO - Processing /home/airflow/.local/lib/python3.7/site-packages/airflow/example_dags/tutorial.py took 0.110 seconds
[2023-06-01T09:02:47.506+0000] {processor.py:153} INFO - Started process (PID=2947) to work on /home/airflow/.local/lib/python3.7/site-packages/airflow/example_dags/tutorial.py
[2023-06-01T09:02:47.508+0000] {processor.py:743} INFO - Processing file /home/airflow/.local/lib/python3.7/site-packages/airflow/example_dags/tutorial.py for tasks to queue
[2023-06-01T09:02:47.508+0000] {logging_mixin.py:137} INFO - [2023-06-01T09:02:47.508+0000] {dagbag.py:538} INFO - Filling up the DagBag from /home/airflow/.local/lib/python3.7/site-packages/airflow/example_dags/tutorial.py
[2023-06-01T09:02:47.525+0000] {processor.py:753} INFO - DAG(s) dict_keys(['tutorial']) retrieved from /home/airflow/.local/lib/python3.7/site-packages/airflow/example_dags/tutorial.py
[2023-06-01T09:02:47.552+0000] {logging_mixin.py:137} INFO - [2023-06-01T09:02:47.552+0000] {dag.py:2690} INFO - Sync 1 DAGs
[2023-06-01T09:02:47.579+0000] {logging_mixin.py:137} INFO - [2023-06-01T09:02:47.579+0000] {dag.py:3441} INFO - Setting next_dagrun for tutorial to 2023-05-31T09:02:47.578612+00:00, run_after=2023-06-01T09:02:47.578612+00:00
[2023-06-01T09:02:47.600+0000] {processor.py:175} INFO - Processing /home/airflow/.local/lib/python3.7/site-packages/airflow/example_dags/tutorial.py took 0.097 seconds
[2023-06-01T09:03:18.071+0000] {processor.py:153} INFO - Started process (PID=3034) to work on /home/airflow/.local/lib/python3.7/site-packages/airflow/example_dags/tutorial.py
[2023-06-01T09:03:18.072+0000] {processor.py:743} INFO - Processing file /home/airflow/.local/lib/python3.7/site-packages/airflow/example_dags/tutorial.py for tasks to queue
[2023-06-01T09:03:18.072+0000] {logging_mixin.py:137} INFO - [2023-06-01T09:03:18.072+0000] {dagbag.py:538} INFO - Filling up the DagBag from /home/airflow/.local/lib/python3.7/site-packages/airflow/example_dags/tutorial.py
[2023-06-01T09:03:18.088+0000] {processor.py:753} INFO - DAG(s) dict_keys(['tutorial']) retrieved from /home/airflow/.local/lib/python3.7/site-packages/airflow/example_dags/tutorial.py
[2023-06-01T09:03:18.114+0000] {logging_mixin.py:137} INFO - [2023-06-01T09:03:18.114+0000] {dag.py:2690} INFO - Sync 1 DAGs
[2023-06-01T09:03:18.138+0000] {logging_mixin.py:137} INFO - [2023-06-01T09:03:18.138+0000] {dag.py:3441} INFO - Setting next_dagrun for tutorial to 2023-05-31T09:03:18.137874+00:00, run_after=2023-06-01T09:03:18.137874+00:00
[2023-06-01T09:03:18.157+0000] {processor.py:175} INFO - Processing /home/airflow/.local/lib/python3.7/site-packages/airflow/example_dags/tutorial.py took 0.090 seconds
[2023-06-01T09:03:48.960+0000] {processor.py:153} INFO - Started process (PID=3145) to work on /home/airflow/.local/lib/python3.7/site-packages/airflow/example_dags/tutorial.py
[2023-06-01T09:03:48.961+0000] {processor.py:743} INFO - Processing file /home/airflow/.local/lib/python3.7/site-packages/airflow/example_dags/tutorial.py for tasks to queue
[2023-06-01T09:03:48.961+0000] {logging_mixin.py:137} INFO - [2023-06-01T09:03:48.961+0000] {dagbag.py:538} INFO - Filling up the DagBag from /home/airflow/.local/lib/python3.7/site-packages/airflow/example_dags/tutorial.py
[2023-06-01T09:03:48.978+0000] {processor.py:753} INFO - DAG(s) dict_keys(['tutorial']) retrieved from /home/airflow/.local/lib/python3.7/site-packages/airflow/example_dags/tutorial.py
[2023-06-01T09:03:49.003+0000] {logging_mixin.py:137} INFO - [2023-06-01T09:03:49.003+0000] {dag.py:2690} INFO - Sync 1 DAGs
[2023-06-01T09:03:49.036+0000] {logging_mixin.py:137} INFO - [2023-06-01T09:03:49.036+0000] {dag.py:3441} INFO - Setting next_dagrun for tutorial to 2023-05-31T09:03:49.036140+00:00, run_after=2023-06-01T09:03:49.036140+00:00
[2023-06-01T09:03:49.055+0000] {processor.py:175} INFO - Processing /home/airflow/.local/lib/python3.7/site-packages/airflow/example_dags/tutorial.py took 0.099 seconds
[2023-06-01T09:04:19.210+0000] {processor.py:153} INFO - Started process (PID=3232) to work on /home/airflow/.local/lib/python3.7/site-packages/airflow/example_dags/tutorial.py
[2023-06-01T09:04:19.211+0000] {processor.py:743} INFO - Processing file /home/airflow/.local/lib/python3.7/site-packages/airflow/example_dags/tutorial.py for tasks to queue
[2023-06-01T09:04:19.211+0000] {logging_mixin.py:137} INFO - [2023-06-01T09:04:19.211+0000] {dagbag.py:538} INFO - Filling up the DagBag from /home/airflow/.local/lib/python3.7/site-packages/airflow/example_dags/tutorial.py
[2023-06-01T09:04:19.229+0000] {processor.py:753} INFO - DAG(s) dict_keys(['tutorial']) retrieved from /home/airflow/.local/lib/python3.7/site-packages/airflow/example_dags/tutorial.py
[2023-06-01T09:04:19.266+0000] {logging_mixin.py:137} INFO - [2023-06-01T09:04:19.265+0000] {dag.py:2690} INFO - Sync 1 DAGs
[2023-06-01T09:04:19.293+0000] {logging_mixin.py:137} INFO - [2023-06-01T09:04:19.293+0000] {dag.py:3441} INFO - Setting next_dagrun for tutorial to 2023-05-31T09:04:19.292954+00:00, run_after=2023-06-01T09:04:19.292954+00:00
[2023-06-01T09:04:19.312+0000] {processor.py:175} INFO - Processing /home/airflow/.local/lib/python3.7/site-packages/airflow/example_dags/tutorial.py took 0.106 seconds
[2023-06-01T09:04:49.876+0000] {processor.py:153} INFO - Started process (PID=3319) to work on /home/airflow/.local/lib/python3.7/site-packages/airflow/example_dags/tutorial.py
[2023-06-01T09:04:49.878+0000] {processor.py:743} INFO - Processing file /home/airflow/.local/lib/python3.7/site-packages/airflow/example_dags/tutorial.py for tasks to queue
[2023-06-01T09:04:49.879+0000] {logging_mixin.py:137} INFO - [2023-06-01T09:04:49.879+0000] {dagbag.py:538} INFO - Filling up the DagBag from /home/airflow/.local/lib/python3.7/site-packages/airflow/example_dags/tutorial.py
[2023-06-01T09:04:49.895+0000] {processor.py:753} INFO - DAG(s) dict_keys(['tutorial']) retrieved from /home/airflow/.local/lib/python3.7/site-packages/airflow/example_dags/tutorial.py
[2023-06-01T09:04:49.927+0000] {logging_mixin.py:137} INFO - [2023-06-01T09:04:49.927+0000] {dag.py:2690} INFO - Sync 1 DAGs
[2023-06-01T09:04:49.954+0000] {logging_mixin.py:137} INFO - [2023-06-01T09:04:49.954+0000] {dag.py:3441} INFO - Setting next_dagrun for tutorial to 2023-05-31T09:04:49.953820+00:00, run_after=2023-06-01T09:04:49.953820+00:00
[2023-06-01T09:04:49.978+0000] {processor.py:175} INFO - Processing /home/airflow/.local/lib/python3.7/site-packages/airflow/example_dags/tutorial.py took 0.107 seconds
[2023-06-01T09:05:21.651+0000] {processor.py:153} INFO - Started process (PID=3413) to work on /home/airflow/.local/lib/python3.7/site-packages/airflow/example_dags/tutorial.py
[2023-06-01T09:05:21.651+0000] {processor.py:743} INFO - Processing file /home/airflow/.local/lib/python3.7/site-packages/airflow/example_dags/tutorial.py for tasks to queue
[2023-06-01T09:05:21.652+0000] {logging_mixin.py:137} INFO - [2023-06-01T09:05:21.652+0000] {dagbag.py:538} INFO - Filling up the DagBag from /home/airflow/.local/lib/python3.7/site-packages/airflow/example_dags/tutorial.py
[2023-06-01T09:05:21.669+0000] {processor.py:753} INFO - DAG(s) dict_keys(['tutorial']) retrieved from /home/airflow/.local/lib/python3.7/site-packages/airflow/example_dags/tutorial.py
[2023-06-01T09:05:21.706+0000] {logging_mixin.py:137} INFO - [2023-06-01T09:05:21.706+0000] {dag.py:2690} INFO - Sync 1 DAGs
[2023-06-01T09:05:21.740+0000] {logging_mixin.py:137} INFO - [2023-06-01T09:05:21.740+0000] {dag.py:3441} INFO - Setting next_dagrun for tutorial to 2023-05-31T09:05:21.739789+00:00, run_after=2023-06-01T09:05:21.739789+00:00
[2023-06-01T09:05:21.777+0000] {processor.py:175} INFO - Processing /home/airflow/.local/lib/python3.7/site-packages/airflow/example_dags/tutorial.py took 0.130 seconds
[2023-06-01T09:05:52.006+0000] {processor.py:153} INFO - Started process (PID=3517) to work on /home/airflow/.local/lib/python3.7/site-packages/airflow/example_dags/tutorial.py
[2023-06-01T09:05:52.010+0000] {processor.py:743} INFO - Processing file /home/airflow/.local/lib/python3.7/site-packages/airflow/example_dags/tutorial.py for tasks to queue
[2023-06-01T09:05:52.012+0000] {logging_mixin.py:137} INFO - [2023-06-01T09:05:52.011+0000] {dagbag.py:538} INFO - Filling up the DagBag from /home/airflow/.local/lib/python3.7/site-packages/airflow/example_dags/tutorial.py
[2023-06-01T09:05:52.031+0000] {processor.py:753} INFO - DAG(s) dict_keys(['tutorial']) retrieved from /home/airflow/.local/lib/python3.7/site-packages/airflow/example_dags/tutorial.py
[2023-06-01T09:05:52.075+0000] {logging_mixin.py:137} INFO - [2023-06-01T09:05:52.075+0000] {dag.py:2690} INFO - Sync 1 DAGs
[2023-06-01T09:05:52.111+0000] {logging_mixin.py:137} INFO - [2023-06-01T09:05:52.111+0000] {dag.py:3441} INFO - Setting next_dagrun for tutorial to 2023-05-31T09:05:52.111268+00:00, run_after=2023-06-01T09:05:52.111268+00:00
[2023-06-01T09:05:52.140+0000] {processor.py:175} INFO - Processing /home/airflow/.local/lib/python3.7/site-packages/airflow/example_dags/tutorial.py took 0.138 seconds
[2023-06-01T09:06:22.746+0000] {processor.py:153} INFO - Started process (PID=3604) to work on /home/airflow/.local/lib/python3.7/site-packages/airflow/example_dags/tutorial.py
[2023-06-01T09:06:22.747+0000] {processor.py:743} INFO - Processing file /home/airflow/.local/lib/python3.7/site-packages/airflow/example_dags/tutorial.py for tasks to queue
[2023-06-01T09:06:22.747+0000] {logging_mixin.py:137} INFO - [2023-06-01T09:06:22.747+0000] {dagbag.py:538} INFO - Filling up the DagBag from /home/airflow/.local/lib/python3.7/site-packages/airflow/example_dags/tutorial.py
[2023-06-01T09:06:22.763+0000] {processor.py:753} INFO - DAG(s) dict_keys(['tutorial']) retrieved from /home/airflow/.local/lib/python3.7/site-packages/airflow/example_dags/tutorial.py
[2023-06-01T09:06:22.808+0000] {logging_mixin.py:137} INFO - [2023-06-01T09:06:22.808+0000] {dag.py:2690} INFO - Sync 1 DAGs
[2023-06-01T09:06:22.839+0000] {logging_mixin.py:137} INFO - [2023-06-01T09:06:22.839+0000] {dag.py:3441} INFO - Setting next_dagrun for tutorial to 2023-05-31T09:06:22.838902+00:00, run_after=2023-06-01T09:06:22.838902+00:00
[2023-06-01T09:06:22.864+0000] {processor.py:175} INFO - Processing /home/airflow/.local/lib/python3.7/site-packages/airflow/example_dags/tutorial.py took 0.122 seconds
[2023-06-01T09:06:53.737+0000] {processor.py:153} INFO - Started process (PID=3691) to work on /home/airflow/.local/lib/python3.7/site-packages/airflow/example_dags/tutorial.py
[2023-06-01T09:06:53.739+0000] {processor.py:743} INFO - Processing file /home/airflow/.local/lib/python3.7/site-packages/airflow/example_dags/tutorial.py for tasks to queue
[2023-06-01T09:06:53.740+0000] {logging_mixin.py:137} INFO - [2023-06-01T09:06:53.740+0000] {dagbag.py:538} INFO - Filling up the DagBag from /home/airflow/.local/lib/python3.7/site-packages/airflow/example_dags/tutorial.py
[2023-06-01T09:06:53.759+0000] {processor.py:753} INFO - DAG(s) dict_keys(['tutorial']) retrieved from /home/airflow/.local/lib/python3.7/site-packages/airflow/example_dags/tutorial.py
[2023-06-01T09:06:53.797+0000] {logging_mixin.py:137} INFO - [2023-06-01T09:06:53.797+0000] {dag.py:2690} INFO - Sync 1 DAGs
[2023-06-01T09:06:53.826+0000] {logging_mixin.py:137} INFO - [2023-06-01T09:06:53.825+0000] {dag.py:3441} INFO - Setting next_dagrun for tutorial to 2023-05-31T09:06:53.825629+00:00, run_after=2023-06-01T09:06:53.825629+00:00
[2023-06-01T09:06:53.850+0000] {processor.py:175} INFO - Processing /home/airflow/.local/lib/python3.7/site-packages/airflow/example_dags/tutorial.py took 0.117 seconds
[2023-06-01T09:07:24.653+0000] {processor.py:153} INFO - Started process (PID=3778) to work on /home/airflow/.local/lib/python3.7/site-packages/airflow/example_dags/tutorial.py
[2023-06-01T09:07:24.654+0000] {processor.py:743} INFO - Processing file /home/airflow/.local/lib/python3.7/site-packages/airflow/example_dags/tutorial.py for tasks to queue
[2023-06-01T09:07:24.655+0000] {logging_mixin.py:137} INFO - [2023-06-01T09:07:24.655+0000] {dagbag.py:538} INFO - Filling up the DagBag from /home/airflow/.local/lib/python3.7/site-packages/airflow/example_dags/tutorial.py
[2023-06-01T09:07:24.673+0000] {processor.py:753} INFO - DAG(s) dict_keys(['tutorial']) retrieved from /home/airflow/.local/lib/python3.7/site-packages/airflow/example_dags/tutorial.py
[2023-06-01T09:07:24.713+0000] {logging_mixin.py:137} INFO - [2023-06-01T09:07:24.712+0000] {dag.py:2690} INFO - Sync 1 DAGs
[2023-06-01T09:07:24.751+0000] {logging_mixin.py:137} INFO - [2023-06-01T09:07:24.751+0000] {dag.py:3441} INFO - Setting next_dagrun for tutorial to 2023-05-31T09:07:24.750679+00:00, run_after=2023-06-01T09:07:24.750679+00:00
[2023-06-01T09:07:24.784+0000] {processor.py:175} INFO - Processing /home/airflow/.local/lib/python3.7/site-packages/airflow/example_dags/tutorial.py took 0.134 seconds
[2023-06-01T09:07:55.505+0000] {processor.py:153} INFO - Started process (PID=3874) to work on /home/airflow/.local/lib/python3.7/site-packages/airflow/example_dags/tutorial.py
[2023-06-01T09:07:55.507+0000] {processor.py:743} INFO - Processing file /home/airflow/.local/lib/python3.7/site-packages/airflow/example_dags/tutorial.py for tasks to queue
[2023-06-01T09:07:55.507+0000] {logging_mixin.py:137} INFO - [2023-06-01T09:07:55.507+0000] {dagbag.py:538} INFO - Filling up the DagBag from /home/airflow/.local/lib/python3.7/site-packages/airflow/example_dags/tutorial.py
[2023-06-01T09:07:55.523+0000] {processor.py:753} INFO - DAG(s) dict_keys(['tutorial']) retrieved from /home/airflow/.local/lib/python3.7/site-packages/airflow/example_dags/tutorial.py
[2023-06-01T09:07:55.555+0000] {logging_mixin.py:137} INFO - [2023-06-01T09:07:55.555+0000] {dag.py:2690} INFO - Sync 1 DAGs
[2023-06-01T09:07:55.589+0000] {logging_mixin.py:137} INFO - [2023-06-01T09:07:55.589+0000] {dag.py:3441} INFO - Setting next_dagrun for tutorial to 2023-05-31T09:07:55.588959+00:00, run_after=2023-06-01T09:07:55.588959+00:00
[2023-06-01T09:07:55.616+0000] {processor.py:175} INFO - Processing /home/airflow/.local/lib/python3.7/site-packages/airflow/example_dags/tutorial.py took 0.114 seconds
[2023-06-01T09:08:26.354+0000] {processor.py:153} INFO - Started process (PID=3976) to work on /home/airflow/.local/lib/python3.7/site-packages/airflow/example_dags/tutorial.py
[2023-06-01T09:08:26.354+0000] {processor.py:743} INFO - Processing file /home/airflow/.local/lib/python3.7/site-packages/airflow/example_dags/tutorial.py for tasks to queue
[2023-06-01T09:08:26.355+0000] {logging_mixin.py:137} INFO - [2023-06-01T09:08:26.355+0000] {dagbag.py:538} INFO - Filling up the DagBag from /home/airflow/.local/lib/python3.7/site-packages/airflow/example_dags/tutorial.py
[2023-06-01T09:08:26.369+0000] {processor.py:753} INFO - DAG(s) dict_keys(['tutorial']) retrieved from /home/airflow/.local/lib/python3.7/site-packages/airflow/example_dags/tutorial.py
[2023-06-01T09:08:26.410+0000] {logging_mixin.py:137} INFO - [2023-06-01T09:08:26.410+0000] {dag.py:2690} INFO - Sync 1 DAGs
[2023-06-01T09:08:26.442+0000] {logging_mixin.py:137} INFO - [2023-06-01T09:08:26.442+0000] {dag.py:3441} INFO - Setting next_dagrun for tutorial to 2023-05-31T09:08:26.441804+00:00, run_after=2023-06-01T09:08:26.441804+00:00
[2023-06-01T09:08:26.470+0000] {processor.py:175} INFO - Processing /home/airflow/.local/lib/python3.7/site-packages/airflow/example_dags/tutorial.py took 0.119 seconds
[2023-06-01T09:08:56.762+0000] {processor.py:153} INFO - Started process (PID=4063) to work on /home/airflow/.local/lib/python3.7/site-packages/airflow/example_dags/tutorial.py
[2023-06-01T09:08:56.764+0000] {processor.py:743} INFO - Processing file /home/airflow/.local/lib/python3.7/site-packages/airflow/example_dags/tutorial.py for tasks to queue
[2023-06-01T09:08:56.765+0000] {logging_mixin.py:137} INFO - [2023-06-01T09:08:56.765+0000] {dagbag.py:538} INFO - Filling up the DagBag from /home/airflow/.local/lib/python3.7/site-packages/airflow/example_dags/tutorial.py
[2023-06-01T09:08:56.781+0000] {processor.py:753} INFO - DAG(s) dict_keys(['tutorial']) retrieved from /home/airflow/.local/lib/python3.7/site-packages/airflow/example_dags/tutorial.py
[2023-06-01T09:08:56.812+0000] {logging_mixin.py:137} INFO - [2023-06-01T09:08:56.812+0000] {dag.py:2690} INFO - Sync 1 DAGs
[2023-06-01T09:08:56.842+0000] {logging_mixin.py:137} INFO - [2023-06-01T09:08:56.842+0000] {dag.py:3441} INFO - Setting next_dagrun for tutorial to 2023-05-31T09:08:56.842059+00:00, run_after=2023-06-01T09:08:56.842059+00:00
[2023-06-01T09:08:56.865+0000] {processor.py:175} INFO - Processing /home/airflow/.local/lib/python3.7/site-packages/airflow/example_dags/tutorial.py took 0.107 seconds
[2023-06-01T09:09:27.302+0000] {processor.py:153} INFO - Started process (PID=4150) to work on /home/airflow/.local/lib/python3.7/site-packages/airflow/example_dags/tutorial.py
[2023-06-01T09:09:27.302+0000] {processor.py:743} INFO - Processing file /home/airflow/.local/lib/python3.7/site-packages/airflow/example_dags/tutorial.py for tasks to queue
[2023-06-01T09:09:27.303+0000] {logging_mixin.py:137} INFO - [2023-06-01T09:09:27.303+0000] {dagbag.py:538} INFO - Filling up the DagBag from /home/airflow/.local/lib/python3.7/site-packages/airflow/example_dags/tutorial.py
[2023-06-01T09:09:27.320+0000] {processor.py:753} INFO - DAG(s) dict_keys(['tutorial']) retrieved from /home/airflow/.local/lib/python3.7/site-packages/airflow/example_dags/tutorial.py
[2023-06-01T09:09:27.353+0000] {logging_mixin.py:137} INFO - [2023-06-01T09:09:27.353+0000] {dag.py:2690} INFO - Sync 1 DAGs
[2023-06-01T09:09:27.381+0000] {logging_mixin.py:137} INFO - [2023-06-01T09:09:27.381+0000] {dag.py:3441} INFO - Setting next_dagrun for tutorial to 2023-05-31T09:09:27.380937+00:00, run_after=2023-06-01T09:09:27.380937+00:00
[2023-06-01T09:09:27.401+0000] {processor.py:175} INFO - Processing /home/airflow/.local/lib/python3.7/site-packages/airflow/example_dags/tutorial.py took 0.104 seconds
[2023-06-01T09:09:58.334+0000] {processor.py:153} INFO - Started process (PID=4261) to work on /home/airflow/.local/lib/python3.7/site-packages/airflow/example_dags/tutorial.py
[2023-06-01T09:09:58.336+0000] {processor.py:743} INFO - Processing file /home/airflow/.local/lib/python3.7/site-packages/airflow/example_dags/tutorial.py for tasks to queue
[2023-06-01T09:09:58.337+0000] {logging_mixin.py:137} INFO - [2023-06-01T09:09:58.337+0000] {dagbag.py:538} INFO - Filling up the DagBag from /home/airflow/.local/lib/python3.7/site-packages/airflow/example_dags/tutorial.py
[2023-06-01T09:09:58.354+0000] {processor.py:753} INFO - DAG(s) dict_keys(['tutorial']) retrieved from /home/airflow/.local/lib/python3.7/site-packages/airflow/example_dags/tutorial.py
[2023-06-01T09:09:58.386+0000] {logging_mixin.py:137} INFO - [2023-06-01T09:09:58.386+0000] {dag.py:2690} INFO - Sync 1 DAGs
[2023-06-01T09:09:58.414+0000] {logging_mixin.py:137} INFO - [2023-06-01T09:09:58.413+0000] {dag.py:3441} INFO - Setting next_dagrun for tutorial to 2023-05-31T09:09:58.413550+00:00, run_after=2023-06-01T09:09:58.413550+00:00
[2023-06-01T09:09:58.434+0000] {processor.py:175} INFO - Processing /home/airflow/.local/lib/python3.7/site-packages/airflow/example_dags/tutorial.py took 0.145 seconds
[2023-06-01T09:10:28.599+0000] {processor.py:153} INFO - Started process (PID=4348) to work on /home/airflow/.local/lib/python3.7/site-packages/airflow/example_dags/tutorial.py
[2023-06-01T09:10:28.600+0000] {processor.py:743} INFO - Processing file /home/airflow/.local/lib/python3.7/site-packages/airflow/example_dags/tutorial.py for tasks to queue
[2023-06-01T09:10:28.600+0000] {logging_mixin.py:137} INFO - [2023-06-01T09:10:28.600+0000] {dagbag.py:538} INFO - Filling up the DagBag from /home/airflow/.local/lib/python3.7/site-packages/airflow/example_dags/tutorial.py
[2023-06-01T09:10:28.621+0000] {processor.py:753} INFO - DAG(s) dict_keys(['tutorial']) retrieved from /home/airflow/.local/lib/python3.7/site-packages/airflow/example_dags/tutorial.py
[2023-06-01T09:10:28.659+0000] {logging_mixin.py:137} INFO - [2023-06-01T09:10:28.658+0000] {dag.py:2690} INFO - Sync 1 DAGs
[2023-06-01T09:10:28.690+0000] {logging_mixin.py:137} INFO - [2023-06-01T09:10:28.690+0000] {dag.py:3441} INFO - Setting next_dagrun for tutorial to 2023-05-31T09:10:28.689817+00:00, run_after=2023-06-01T09:10:28.689817+00:00
[2023-06-01T09:10:28.716+0000] {processor.py:175} INFO - Processing /home/airflow/.local/lib/python3.7/site-packages/airflow/example_dags/tutorial.py took 0.122 seconds
[2023-06-01T09:10:59.004+0000] {processor.py:153} INFO - Started process (PID=4435) to work on /home/airflow/.local/lib/python3.7/site-packages/airflow/example_dags/tutorial.py
[2023-06-01T09:10:59.006+0000] {processor.py:743} INFO - Processing file /home/airflow/.local/lib/python3.7/site-packages/airflow/example_dags/tutorial.py for tasks to queue
[2023-06-01T09:10:59.007+0000] {logging_mixin.py:137} INFO - [2023-06-01T09:10:59.007+0000] {dagbag.py:538} INFO - Filling up the DagBag from /home/airflow/.local/lib/python3.7/site-packages/airflow/example_dags/tutorial.py
[2023-06-01T09:10:59.022+0000] {processor.py:753} INFO - DAG(s) dict_keys(['tutorial']) retrieved from /home/airflow/.local/lib/python3.7/site-packages/airflow/example_dags/tutorial.py
[2023-06-01T09:10:59.056+0000] {logging_mixin.py:137} INFO - [2023-06-01T09:10:59.056+0000] {dag.py:2690} INFO - Sync 1 DAGs
[2023-06-01T09:10:59.082+0000] {logging_mixin.py:137} INFO - [2023-06-01T09:10:59.082+0000] {dag.py:3441} INFO - Setting next_dagrun for tutorial to 2023-05-31T09:10:59.082026+00:00, run_after=2023-06-01T09:10:59.082026+00:00
[2023-06-01T09:10:59.105+0000] {processor.py:175} INFO - Processing /home/airflow/.local/lib/python3.7/site-packages/airflow/example_dags/tutorial.py took 0.105 seconds
[2023-06-01T09:11:29.270+0000] {processor.py:153} INFO - Started process (PID=4522) to work on /home/airflow/.local/lib/python3.7/site-packages/airflow/example_dags/tutorial.py
[2023-06-01T09:11:29.270+0000] {processor.py:743} INFO - Processing file /home/airflow/.local/lib/python3.7/site-packages/airflow/example_dags/tutorial.py for tasks to queue
[2023-06-01T09:11:29.271+0000] {logging_mixin.py:137} INFO - [2023-06-01T09:11:29.271+0000] {dagbag.py:538} INFO - Filling up the DagBag from /home/airflow/.local/lib/python3.7/site-packages/airflow/example_dags/tutorial.py
[2023-06-01T09:11:29.285+0000] {processor.py:753} INFO - DAG(s) dict_keys(['tutorial']) retrieved from /home/airflow/.local/lib/python3.7/site-packages/airflow/example_dags/tutorial.py
[2023-06-01T09:11:29.314+0000] {logging_mixin.py:137} INFO - [2023-06-01T09:11:29.314+0000] {dag.py:2690} INFO - Sync 1 DAGs
[2023-06-01T09:11:29.340+0000] {logging_mixin.py:137} INFO - [2023-06-01T09:11:29.339+0000] {dag.py:3441} INFO - Setting next_dagrun for tutorial to 2023-05-31T09:11:29.339664+00:00, run_after=2023-06-01T09:11:29.339664+00:00
[2023-06-01T09:11:29.357+0000] {processor.py:175} INFO - Processing /home/airflow/.local/lib/python3.7/site-packages/airflow/example_dags/tutorial.py took 0.091 seconds
[2023-06-01T09:11:59.764+0000] {processor.py:153} INFO - Started process (PID=4633) to work on /home/airflow/.local/lib/python3.7/site-packages/airflow/example_dags/tutorial.py
[2023-06-01T09:11:59.766+0000] {processor.py:743} INFO - Processing file /home/airflow/.local/lib/python3.7/site-packages/airflow/example_dags/tutorial.py for tasks to queue
[2023-06-01T09:11:59.767+0000] {logging_mixin.py:137} INFO - [2023-06-01T09:11:59.767+0000] {dagbag.py:538} INFO - Filling up the DagBag from /home/airflow/.local/lib/python3.7/site-packages/airflow/example_dags/tutorial.py
[2023-06-01T09:11:59.784+0000] {processor.py:753} INFO - DAG(s) dict_keys(['tutorial']) retrieved from /home/airflow/.local/lib/python3.7/site-packages/airflow/example_dags/tutorial.py
[2023-06-01T09:11:59.819+0000] {logging_mixin.py:137} INFO - [2023-06-01T09:11:59.818+0000] {dag.py:2690} INFO - Sync 1 DAGs
[2023-06-01T09:11:59.847+0000] {logging_mixin.py:137} INFO - [2023-06-01T09:11:59.847+0000] {dag.py:3441} INFO - Setting next_dagrun for tutorial to 2023-05-31T09:11:59.847335+00:00, run_after=2023-06-01T09:11:59.847335+00:00
[2023-06-01T09:11:59.868+0000] {processor.py:175} INFO - Processing /home/airflow/.local/lib/python3.7/site-packages/airflow/example_dags/tutorial.py took 0.107 seconds
[2023-06-01T09:12:30.736+0000] {processor.py:153} INFO - Started process (PID=4720) to work on /home/airflow/.local/lib/python3.7/site-packages/airflow/example_dags/tutorial.py
[2023-06-01T09:12:30.738+0000] {processor.py:743} INFO - Processing file /home/airflow/.local/lib/python3.7/site-packages/airflow/example_dags/tutorial.py for tasks to queue
[2023-06-01T09:12:30.739+0000] {logging_mixin.py:137} INFO - [2023-06-01T09:12:30.739+0000] {dagbag.py:538} INFO - Filling up the DagBag from /home/airflow/.local/lib/python3.7/site-packages/airflow/example_dags/tutorial.py
[2023-06-01T09:12:30.757+0000] {processor.py:753} INFO - DAG(s) dict_keys(['tutorial']) retrieved from /home/airflow/.local/lib/python3.7/site-packages/airflow/example_dags/tutorial.py
[2023-06-01T09:12:30.835+0000] {logging_mixin.py:137} INFO - [2023-06-01T09:12:30.834+0000] {dag.py:2690} INFO - Sync 1 DAGs
[2023-06-01T09:12:30.865+0000] {logging_mixin.py:137} INFO - [2023-06-01T09:12:30.865+0000] {dag.py:3441} INFO - Setting next_dagrun for tutorial to 2023-05-31T09:12:30.865256+00:00, run_after=2023-06-01T09:12:30.865256+00:00
[2023-06-01T09:12:30.889+0000] {processor.py:175} INFO - Processing /home/airflow/.local/lib/python3.7/site-packages/airflow/example_dags/tutorial.py took 0.156 seconds
