[2023-06-01T10:04:33.506+0000] {taskinstance.py:1083} INFO - Dependencies all met for <TaskInstance: hello_world_AB.hello_task_B scheduled__2023-06-01T10:04:16.472210+00:00 [queued]>
[2023-06-01T10:04:33.515+0000] {taskinstance.py:1083} INFO - Dependencies all met for <TaskInstance: hello_world_AB.hello_task_B scheduled__2023-06-01T10:04:16.472210+00:00 [queued]>
[2023-06-01T10:04:33.515+0000] {taskinstance.py:1279} INFO - 
--------------------------------------------------------------------------------
[2023-06-01T10:04:33.515+0000] {taskinstance.py:1280} INFO - Starting attempt 1 of 1
[2023-06-01T10:04:33.515+0000] {taskinstance.py:1281} INFO - 
--------------------------------------------------------------------------------
[2023-06-01T10:04:33.526+0000] {taskinstance.py:1300} INFO - Executing <Task(PythonOperator): hello_task_B> on 2023-06-01 10:04:16.472210+00:00
[2023-06-01T10:04:33.532+0000] {standard_task_runner.py:55} INFO - Started process 6238 to run task
[2023-06-01T10:04:33.535+0000] {standard_task_runner.py:82} INFO - Running: ['***', 'tasks', 'run', 'hello_world_AB', 'hello_task_B', 'scheduled__2023-06-01T10:04:16.472210+00:00', '--job-id', '45', '--raw', '--subdir', 'DAGS_FOLDER/dag1.py', '--cfg-path', '/tmp/tmpl_75d56g']
[2023-06-01T10:04:33.535+0000] {standard_task_runner.py:83} INFO - Job 45: Subtask hello_task_B
[2023-06-01T10:04:33.585+0000] {task_command.py:388} INFO - Running <TaskInstance: hello_world_AB.hello_task_B scheduled__2023-06-01T10:04:16.472210+00:00 [running]> on host 9c598fb2a1ba
[2023-06-01T10:04:33.644+0000] {taskinstance.py:1509} INFO - Exporting the following env vars:
AIRFLOW_CTX_DAG_OWNER=***
AIRFLOW_CTX_DAG_ID=hello_world_AB
AIRFLOW_CTX_TASK_ID=hello_task_B
AIRFLOW_CTX_EXECUTION_DATE=2023-06-01T10:04:16.472210+00:00
AIRFLOW_CTX_TRY_NUMBER=1
AIRFLOW_CTX_DAG_RUN_ID=scheduled__2023-06-01T10:04:16.472210+00:00
[2023-06-01T10:04:33.645+0000] {logging_mixin.py:137} INFO - #############################################
[2023-06-01T10:04:33.645+0000] {logging_mixin.py:137} INFO -   Hello from TASK : hello_task_B
[2023-06-01T10:04:33.645+0000] {logging_mixin.py:137} INFO - 23-06-01 12:04:33
[2023-06-01T10:04:33.645+0000] {logging_mixin.py:137} INFO - #############################################
[2023-06-01T10:04:38.649+0000] {python.py:177} INFO - Done. Returned value was: None
[2023-06-01T10:04:38.659+0000] {taskinstance.py:1323} INFO - Marking task as SUCCESS. dag_id=hello_world_AB, task_id=hello_task_B, execution_date=20230601T100416, start_date=20230601T100433, end_date=20230601T100438
[2023-06-01T10:04:38.710+0000] {local_task_job.py:208} INFO - Task exited with return code 0
[2023-06-01T10:04:38.726+0000] {taskinstance.py:2578} INFO - 0 downstream tasks scheduled from follow-on schedule check
