[2023-06-01T10:28:04.347+0000] {taskinstance.py:1083} INFO - Dependencies all met for <TaskInstance: hello_world_dag.hello_task scheduled__2023-05-30T10:28:00+00:00 [queued]>
[2023-06-01T10:28:04.355+0000] {taskinstance.py:1083} INFO - Dependencies all met for <TaskInstance: hello_world_dag.hello_task scheduled__2023-05-30T10:28:00+00:00 [queued]>
[2023-06-01T10:28:04.355+0000] {taskinstance.py:1279} INFO - 
--------------------------------------------------------------------------------
[2023-06-01T10:28:04.355+0000] {taskinstance.py:1280} INFO - Starting attempt 1 of 1
[2023-06-01T10:28:04.355+0000] {taskinstance.py:1281} INFO - 
--------------------------------------------------------------------------------
[2023-06-01T10:28:04.367+0000] {taskinstance.py:1300} INFO - Executing <Task(PythonOperator): hello_task> on 2023-05-30 10:28:00+00:00
[2023-06-01T10:28:04.373+0000] {standard_task_runner.py:55} INFO - Started process 9166 to run task
[2023-06-01T10:28:04.375+0000] {standard_task_runner.py:82} INFO - Running: ['***', 'tasks', 'run', 'hello_world_dag', 'hello_task', 'scheduled__2023-05-30T10:28:00+00:00', '--job-id', '88', '--raw', '--subdir', 'DAGS_FOLDER/hello_world_dag.py', '--cfg-path', '/tmp/tmponh_9_zi']
[2023-06-01T10:28:04.375+0000] {standard_task_runner.py:83} INFO - Job 88: Subtask hello_task
[2023-06-01T10:28:04.427+0000] {task_command.py:388} INFO - Running <TaskInstance: hello_world_dag.hello_task scheduled__2023-05-30T10:28:00+00:00 [running]> on host 9c598fb2a1ba
[2023-06-01T10:28:04.490+0000] {taskinstance.py:1509} INFO - Exporting the following env vars:
AIRFLOW_CTX_DAG_OWNER=***
AIRFLOW_CTX_DAG_ID=hello_world_dag
AIRFLOW_CTX_TASK_ID=hello_task
AIRFLOW_CTX_EXECUTION_DATE=2023-05-30T10:28:00+00:00
AIRFLOW_CTX_TRY_NUMBER=1
AIRFLOW_CTX_DAG_RUN_ID=scheduled__2023-05-30T10:28:00+00:00
[2023-06-01T10:28:04.491+0000] {logging_mixin.py:137} INFO - #############################################
[2023-06-01T10:28:04.491+0000] {logging_mixin.py:137} INFO -   Hello, World!
[2023-06-01T10:28:04.491+0000] {logging_mixin.py:137} INFO - 23-06-01 12:28:04
[2023-06-01T10:28:04.491+0000] {logging_mixin.py:137} INFO - #############################################
[2023-06-01T10:28:04.491+0000] {python.py:177} INFO - Done. Returned value was: None
[2023-06-01T10:28:04.501+0000] {taskinstance.py:1323} INFO - Marking task as SUCCESS. dag_id=hello_world_dag, task_id=hello_task, execution_date=20230530T102800, start_date=20230601T102804, end_date=20230601T102804
[2023-06-01T10:28:04.547+0000] {local_task_job.py:208} INFO - Task exited with return code 0
[2023-06-01T10:28:04.562+0000] {taskinstance.py:2578} INFO - 0 downstream tasks scheduled from follow-on schedule check
