[2023-06-01T09:29:00.248+0000] {taskinstance.py:1083} INFO - Dependencies all met for <TaskInstance: hello_world_dag.hello_task scheduled__2023-05-01T00:00:00+00:00 [queued]>
[2023-06-01T09:29:00.256+0000] {taskinstance.py:1083} INFO - Dependencies all met for <TaskInstance: hello_world_dag.hello_task scheduled__2023-05-01T00:00:00+00:00 [queued]>
[2023-06-01T09:29:00.256+0000] {taskinstance.py:1279} INFO - 
--------------------------------------------------------------------------------
[2023-06-01T09:29:00.257+0000] {taskinstance.py:1280} INFO - Starting attempt 1 of 1
[2023-06-01T09:29:00.257+0000] {taskinstance.py:1281} INFO - 
--------------------------------------------------------------------------------
[2023-06-01T09:29:00.270+0000] {taskinstance.py:1300} INFO - Executing <Task(PythonOperator): hello_task> on 2023-05-01 00:00:00+00:00
[2023-06-01T09:29:00.278+0000] {standard_task_runner.py:55} INFO - Started process 1885 to run task
[2023-06-01T09:29:00.280+0000] {standard_task_runner.py:82} INFO - Running: ['***', 'tasks', 'run', 'hello_world_dag', 'hello_task', 'scheduled__2023-05-01T00:00:00+00:00', '--job-id', '5', '--raw', '--subdir', 'DAGS_FOLDER/hello_world_dag.py', '--cfg-path', '/tmp/tmpgmstm09v']
[2023-06-01T09:29:00.281+0000] {standard_task_runner.py:83} INFO - Job 5: Subtask hello_task
[2023-06-01T09:29:00.333+0000] {task_command.py:388} INFO - Running <TaskInstance: hello_world_dag.hello_task scheduled__2023-05-01T00:00:00+00:00 [running]> on host 9c598fb2a1ba
[2023-06-01T09:29:00.396+0000] {taskinstance.py:1509} INFO - Exporting the following env vars:
AIRFLOW_CTX_DAG_OWNER=***
AIRFLOW_CTX_DAG_ID=hello_world_dag
AIRFLOW_CTX_TASK_ID=hello_task
AIRFLOW_CTX_EXECUTION_DATE=2023-05-01T00:00:00+00:00
AIRFLOW_CTX_TRY_NUMBER=1
AIRFLOW_CTX_DAG_RUN_ID=scheduled__2023-05-01T00:00:00+00:00
[2023-06-01T09:29:00.396+0000] {logging_mixin.py:137} INFO - #############################################
[2023-06-01T09:29:00.396+0000] {logging_mixin.py:137} INFO -   Hello, World!
[2023-06-01T09:29:00.396+0000] {logging_mixin.py:137} INFO - 23-06-01 11:29:00
[2023-06-01T09:29:00.396+0000] {logging_mixin.py:137} INFO - #############################################
[2023-06-01T09:29:00.397+0000] {python.py:177} INFO - Done. Returned value was: None
[2023-06-01T09:29:00.405+0000] {taskinstance.py:1323} INFO - Marking task as SUCCESS. dag_id=hello_world_dag, task_id=hello_task, execution_date=20230501T000000, start_date=20230601T092900, end_date=20230601T092900
[2023-06-01T09:29:00.452+0000] {local_task_job.py:208} INFO - Task exited with return code 0
[2023-06-01T09:29:00.468+0000] {taskinstance.py:2578} INFO - 0 downstream tasks scheduled from follow-on schedule check
