[2023-06-01T09:29:00.283+0000] {taskinstance.py:1083} INFO - Dependencies all met for <TaskInstance: hello_world_dag.hello_task manual__2023-06-01T09:28:59.406702+00:00 [queued]>
[2023-06-01T09:29:00.291+0000] {taskinstance.py:1083} INFO - Dependencies all met for <TaskInstance: hello_world_dag.hello_task manual__2023-06-01T09:28:59.406702+00:00 [queued]>
[2023-06-01T09:29:00.292+0000] {taskinstance.py:1279} INFO - 
--------------------------------------------------------------------------------
[2023-06-01T09:29:00.292+0000] {taskinstance.py:1280} INFO - Starting attempt 1 of 1
[2023-06-01T09:29:00.292+0000] {taskinstance.py:1281} INFO - 
--------------------------------------------------------------------------------
[2023-06-01T09:29:00.304+0000] {taskinstance.py:1300} INFO - Executing <Task(PythonOperator): hello_task> on 2023-06-01 09:28:59.406702+00:00
[2023-06-01T09:29:00.312+0000] {standard_task_runner.py:55} INFO - Started process 1886 to run task
[2023-06-01T09:29:00.314+0000] {standard_task_runner.py:82} INFO - Running: ['***', 'tasks', 'run', 'hello_world_dag', 'hello_task', 'manual__2023-06-01T09:28:59.406702+00:00', '--job-id', '6', '--raw', '--subdir', 'DAGS_FOLDER/hello_world_dag.py', '--cfg-path', '/tmp/tmpjlhtbifk']
[2023-06-01T09:29:00.315+0000] {standard_task_runner.py:83} INFO - Job 6: Subtask hello_task
[2023-06-01T09:29:00.363+0000] {task_command.py:388} INFO - Running <TaskInstance: hello_world_dag.hello_task manual__2023-06-01T09:28:59.406702+00:00 [running]> on host 9c598fb2a1ba
[2023-06-01T09:29:00.425+0000] {taskinstance.py:1509} INFO - Exporting the following env vars:
AIRFLOW_CTX_DAG_OWNER=***
AIRFLOW_CTX_DAG_ID=hello_world_dag
AIRFLOW_CTX_TASK_ID=hello_task
AIRFLOW_CTX_EXECUTION_DATE=2023-06-01T09:28:59.406702+00:00
AIRFLOW_CTX_TRY_NUMBER=1
AIRFLOW_CTX_DAG_RUN_ID=manual__2023-06-01T09:28:59.406702+00:00
[2023-06-01T09:29:00.426+0000] {logging_mixin.py:137} INFO - #############################################
[2023-06-01T09:29:00.426+0000] {logging_mixin.py:137} INFO -   Hello, World!
[2023-06-01T09:29:00.426+0000] {logging_mixin.py:137} INFO - 23-06-01 11:29:00
[2023-06-01T09:29:00.426+0000] {logging_mixin.py:137} INFO - #############################################
[2023-06-01T09:29:00.426+0000] {python.py:177} INFO - Done. Returned value was: None
[2023-06-01T09:29:00.435+0000] {taskinstance.py:1323} INFO - Marking task as SUCCESS. dag_id=hello_world_dag, task_id=hello_task, execution_date=20230601T092859, start_date=20230601T092900, end_date=20230601T092900
[2023-06-01T09:29:00.486+0000] {local_task_job.py:208} INFO - Task exited with return code 0
[2023-06-01T09:29:00.502+0000] {taskinstance.py:2578} INFO - 0 downstream tasks scheduled from follow-on schedule check
