[2023-06-01T10:02:59.384+0000] {taskinstance.py:1083} INFO - Dependencies all met for <TaskInstance: hello_world_AB.hello_task_B scheduled__2023-06-01T10:02:42.842014+00:00 [queued]>
[2023-06-01T10:02:59.398+0000] {taskinstance.py:1083} INFO - Dependencies all met for <TaskInstance: hello_world_AB.hello_task_B scheduled__2023-06-01T10:02:42.842014+00:00 [queued]>
[2023-06-01T10:02:59.398+0000] {taskinstance.py:1279} INFO - 
--------------------------------------------------------------------------------
[2023-06-01T10:02:59.398+0000] {taskinstance.py:1280} INFO - Starting attempt 1 of 1
[2023-06-01T10:02:59.398+0000] {taskinstance.py:1281} INFO - 
--------------------------------------------------------------------------------
[2023-06-01T10:02:59.413+0000] {taskinstance.py:1300} INFO - Executing <Task(PythonOperator): hello_task_B> on 2023-06-01 10:02:42.842014+00:00
[2023-06-01T10:02:59.419+0000] {standard_task_runner.py:55} INFO - Started process 5973 to run task
[2023-06-01T10:02:59.422+0000] {standard_task_runner.py:82} INFO - Running: ['***', 'tasks', 'run', 'hello_world_AB', 'hello_task_B', 'scheduled__2023-06-01T10:02:42.842014+00:00', '--job-id', '9', '--raw', '--subdir', 'DAGS_FOLDER/dag1.py', '--cfg-path', '/tmp/tmppdp7hs0z']
[2023-06-01T10:02:59.422+0000] {standard_task_runner.py:83} INFO - Job 9: Subtask hello_task_B
[2023-06-01T10:02:59.476+0000] {task_command.py:388} INFO - Running <TaskInstance: hello_world_AB.hello_task_B scheduled__2023-06-01T10:02:42.842014+00:00 [running]> on host 9c598fb2a1ba
[2023-06-01T10:02:59.556+0000] {taskinstance.py:1509} INFO - Exporting the following env vars:
AIRFLOW_CTX_DAG_OWNER=***
AIRFLOW_CTX_DAG_ID=hello_world_AB
AIRFLOW_CTX_TASK_ID=hello_task_B
AIRFLOW_CTX_EXECUTION_DATE=2023-06-01T10:02:42.842014+00:00
AIRFLOW_CTX_TRY_NUMBER=1
AIRFLOW_CTX_DAG_RUN_ID=scheduled__2023-06-01T10:02:42.842014+00:00
[2023-06-01T10:02:59.557+0000] {logging_mixin.py:137} INFO - #############################################
[2023-06-01T10:02:59.557+0000] {logging_mixin.py:137} INFO -   Hello from TASK : hello_task_B
[2023-06-01T10:02:59.557+0000] {logging_mixin.py:137} INFO - 23-06-01 12:02:59
[2023-06-01T10:02:59.557+0000] {logging_mixin.py:137} INFO - #############################################
[2023-06-01T10:03:04.562+0000] {python.py:177} INFO - Done. Returned value was: None
[2023-06-01T10:03:04.572+0000] {taskinstance.py:1323} INFO - Marking task as SUCCESS. dag_id=hello_world_AB, task_id=hello_task_B, execution_date=20230601T100242, start_date=20230601T100259, end_date=20230601T100304
[2023-06-01T10:03:04.600+0000] {local_task_job.py:208} INFO - Task exited with return code 0
[2023-06-01T10:03:04.614+0000] {taskinstance.py:2578} INFO - 0 downstream tasks scheduled from follow-on schedule check
