[2023-06-01T10:05:06.125+0000] {taskinstance.py:1083} INFO - Dependencies all met for <TaskInstance: hello_world_AB.hello_task_A scheduled__2023-06-01T10:04:54.798057+00:00 [queued]>
[2023-06-01T10:05:06.132+0000] {taskinstance.py:1083} INFO - Dependencies all met for <TaskInstance: hello_world_AB.hello_task_A scheduled__2023-06-01T10:04:54.798057+00:00 [queued]>
[2023-06-01T10:05:06.132+0000] {taskinstance.py:1279} INFO - 
--------------------------------------------------------------------------------
[2023-06-01T10:05:06.132+0000] {taskinstance.py:1280} INFO - Starting attempt 1 of 1
[2023-06-01T10:05:06.132+0000] {taskinstance.py:1281} INFO - 
--------------------------------------------------------------------------------
[2023-06-01T10:05:06.143+0000] {taskinstance.py:1300} INFO - Executing <Task(PythonOperator): hello_task_A> on 2023-06-01 10:04:54.798057+00:00
[2023-06-01T10:05:06.151+0000] {standard_task_runner.py:55} INFO - Started process 6306 to run task
[2023-06-01T10:05:06.153+0000] {standard_task_runner.py:82} INFO - Running: ['***', 'tasks', 'run', 'hello_world_AB', 'hello_task_A', 'scheduled__2023-06-01T10:04:54.798057+00:00', '--job-id', '55', '--raw', '--subdir', 'DAGS_FOLDER/dag1.py', '--cfg-path', '/tmp/tmp8tbkypdu']
[2023-06-01T10:05:06.154+0000] {standard_task_runner.py:83} INFO - Job 55: Subtask hello_task_A
[2023-06-01T10:05:06.202+0000] {task_command.py:388} INFO - Running <TaskInstance: hello_world_AB.hello_task_A scheduled__2023-06-01T10:04:54.798057+00:00 [running]> on host 9c598fb2a1ba
[2023-06-01T10:05:06.258+0000] {taskinstance.py:1509} INFO - Exporting the following env vars:
AIRFLOW_CTX_DAG_OWNER=***
AIRFLOW_CTX_DAG_ID=hello_world_AB
AIRFLOW_CTX_TASK_ID=hello_task_A
AIRFLOW_CTX_EXECUTION_DATE=2023-06-01T10:04:54.798057+00:00
AIRFLOW_CTX_TRY_NUMBER=1
AIRFLOW_CTX_DAG_RUN_ID=scheduled__2023-06-01T10:04:54.798057+00:00
[2023-06-01T10:05:06.259+0000] {logging_mixin.py:137} INFO - #############################################
[2023-06-01T10:05:06.259+0000] {logging_mixin.py:137} INFO -   Hello from TASK : hello_task_A
[2023-06-01T10:05:06.259+0000] {logging_mixin.py:137} INFO - 23-06-01 12:05:06
[2023-06-01T10:05:06.259+0000] {logging_mixin.py:137} INFO - #############################################
[2023-06-01T10:05:11.261+0000] {python.py:177} INFO - Done. Returned value was: None
[2023-06-01T10:05:11.271+0000] {taskinstance.py:1323} INFO - Marking task as SUCCESS. dag_id=hello_world_AB, task_id=hello_task_A, execution_date=20230601T100454, start_date=20230601T100506, end_date=20230601T100511
[2023-06-01T10:05:11.313+0000] {local_task_job.py:208} INFO - Task exited with return code 0
[2023-06-01T10:05:11.333+0000] {taskinstance.py:2578} INFO - 1 downstream tasks scheduled from follow-on schedule check
