[2023-06-01T10:03:33.965+0000] {taskinstance.py:1083} INFO - Dependencies all met for <TaskInstance: hello_world_AB.hello_task_B scheduled__2023-06-01T10:03:17.493824+00:00 [queued]>
[2023-06-01T10:03:33.973+0000] {taskinstance.py:1083} INFO - Dependencies all met for <TaskInstance: hello_world_AB.hello_task_B scheduled__2023-06-01T10:03:17.493824+00:00 [queued]>
[2023-06-01T10:03:33.973+0000] {taskinstance.py:1279} INFO - 
--------------------------------------------------------------------------------
[2023-06-01T10:03:33.974+0000] {taskinstance.py:1280} INFO - Starting attempt 1 of 1
[2023-06-01T10:03:33.974+0000] {taskinstance.py:1281} INFO - 
--------------------------------------------------------------------------------
[2023-06-01T10:03:33.986+0000] {taskinstance.py:1300} INFO - Executing <Task(PythonOperator): hello_task_B> on 2023-06-01 10:03:17.493824+00:00
[2023-06-01T10:03:34.022+0000] {standard_task_runner.py:55} INFO - Started process 6068 to run task
[2023-06-01T10:03:34.025+0000] {standard_task_runner.py:82} INFO - Running: ['***', 'tasks', 'run', 'hello_world_AB', 'hello_task_B', 'scheduled__2023-06-01T10:03:17.493824+00:00', '--job-id', '20', '--raw', '--subdir', 'DAGS_FOLDER/dag1.py', '--cfg-path', '/tmp/tmpcjagikfs']
[2023-06-01T10:03:34.025+0000] {standard_task_runner.py:83} INFO - Job 20: Subtask hello_task_B
[2023-06-01T10:03:34.083+0000] {task_command.py:388} INFO - Running <TaskInstance: hello_world_AB.hello_task_B scheduled__2023-06-01T10:03:17.493824+00:00 [running]> on host 9c598fb2a1ba
[2023-06-01T10:03:34.176+0000] {taskinstance.py:1509} INFO - Exporting the following env vars:
AIRFLOW_CTX_DAG_OWNER=***
AIRFLOW_CTX_DAG_ID=hello_world_AB
AIRFLOW_CTX_TASK_ID=hello_task_B
AIRFLOW_CTX_EXECUTION_DATE=2023-06-01T10:03:17.493824+00:00
AIRFLOW_CTX_TRY_NUMBER=1
AIRFLOW_CTX_DAG_RUN_ID=scheduled__2023-06-01T10:03:17.493824+00:00
[2023-06-01T10:03:34.177+0000] {logging_mixin.py:137} INFO - #############################################
[2023-06-01T10:03:34.177+0000] {logging_mixin.py:137} INFO -   Hello from TASK : hello_task_B
[2023-06-01T10:03:34.177+0000] {logging_mixin.py:137} INFO - 23-06-01 12:03:34
[2023-06-01T10:03:34.177+0000] {logging_mixin.py:137} INFO - #############################################
[2023-06-01T10:03:39.181+0000] {python.py:177} INFO - Done. Returned value was: None
[2023-06-01T10:03:39.191+0000] {taskinstance.py:1323} INFO - Marking task as SUCCESS. dag_id=hello_world_AB, task_id=hello_task_B, execution_date=20230601T100317, start_date=20230601T100333, end_date=20230601T100339
[2023-06-01T10:03:39.214+0000] {local_task_job.py:208} INFO - Task exited with return code 0
[2023-06-01T10:03:39.229+0000] {taskinstance.py:2578} INFO - 0 downstream tasks scheduled from follow-on schedule check
