[2023-06-01T10:50:59.779+0000] {taskinstance.py:1083} INFO - Dependencies all met for <TaskInstance: hello_world_schedule_dag_pendulum.hello_task scheduled__2023-06-01T10:50:59+00:00 [queued]>
[2023-06-01T10:50:59.839+0000] {taskinstance.py:1083} INFO - Dependencies all met for <TaskInstance: hello_world_schedule_dag_pendulum.hello_task scheduled__2023-06-01T10:50:59+00:00 [queued]>
[2023-06-01T10:50:59.839+0000] {taskinstance.py:1279} INFO - 
--------------------------------------------------------------------------------
[2023-06-01T10:50:59.839+0000] {taskinstance.py:1280} INFO - Starting attempt 1 of 1
[2023-06-01T10:50:59.839+0000] {taskinstance.py:1281} INFO - 
--------------------------------------------------------------------------------
[2023-06-01T10:50:59.850+0000] {taskinstance.py:1300} INFO - Executing <Task(PythonOperator): hello_task> on 2023-06-01 10:50:59+00:00
[2023-06-01T10:50:59.856+0000] {standard_task_runner.py:55} INFO - Started process 11978 to run task
[2023-06-01T10:50:59.858+0000] {standard_task_runner.py:82} INFO - Running: ['***', 'tasks', 'run', 'hello_world_schedule_dag_pendulum', 'hello_task', 'scheduled__2023-06-01T10:50:59+00:00', '--job-id', '95', '--raw', '--subdir', 'DAGS_FOLDER/dag2.py', '--cfg-path', '/tmp/tmppr1mv7gu']
[2023-06-01T10:50:59.859+0000] {standard_task_runner.py:83} INFO - Job 95: Subtask hello_task
[2023-06-01T10:50:59.907+0000] {task_command.py:388} INFO - Running <TaskInstance: hello_world_schedule_dag_pendulum.hello_task scheduled__2023-06-01T10:50:59+00:00 [running]> on host 9c598fb2a1ba
[2023-06-01T10:50:59.965+0000] {taskinstance.py:1509} INFO - Exporting the following env vars:
AIRFLOW_CTX_DAG_OWNER=***
AIRFLOW_CTX_DAG_ID=hello_world_schedule_dag_pendulum
AIRFLOW_CTX_TASK_ID=hello_task
AIRFLOW_CTX_EXECUTION_DATE=2023-06-01T10:50:59+00:00
AIRFLOW_CTX_TRY_NUMBER=1
AIRFLOW_CTX_DAG_RUN_ID=scheduled__2023-06-01T10:50:59+00:00
[2023-06-01T10:50:59.965+0000] {logging_mixin.py:137} INFO - #############################################
[2023-06-01T10:50:59.965+0000] {logging_mixin.py:137} INFO -   Hello, MYSELF!
[2023-06-01T10:50:59.965+0000] {logging_mixin.py:137} INFO - 23-06-01 12:50:59
[2023-06-01T10:50:59.966+0000] {logging_mixin.py:137} INFO - #############################################
[2023-06-01T10:51:04.969+0000] {python.py:177} INFO - Done. Returned value was: None
[2023-06-01T10:51:04.978+0000] {taskinstance.py:1323} INFO - Marking task as SUCCESS. dag_id=hello_world_schedule_dag_pendulum, task_id=hello_task, execution_date=20230601T105059, start_date=20230601T105059, end_date=20230601T105104
[2023-06-01T10:51:05.033+0000] {local_task_job.py:208} INFO - Task exited with return code 0
[2023-06-01T10:51:05.065+0000] {taskinstance.py:2578} INFO - 0 downstream tasks scheduled from follow-on schedule check
